# ["--attributes=3", "--values=4", "--game_size=10", "--vocab_size_factor=3", "--n_epochs=60", "--batch_size=32", "--learning_rate=0.0005", "--hidden_size=128", "--temp_update=0.97", "--temperature=1"]
Creating train_ds and val_ds...

Creating test_ds...
{"loss": 0.697185218334198, "acc": 0.5084190964698792, "length": 3.4618592262268066, "mode": "train", "epoch": 1}
{"loss": 0.6902672648429871, "acc": 0.5400168299674988, "length": 1.0167784690856934, "mode": "test", "epoch": 1}
{"loss": 0.6819590330123901, "acc": 0.5612545609474182, "length": 2.7745931148529053, "mode": "train", "epoch": 2}
{"loss": 0.6418435573577881, "acc": 0.7232162356376648, "length": 2.570469856262207, "mode": "test", "epoch": 2}
{"loss": 0.5958297848701477, "acc": 0.7317820191383362, "length": 2.9647085666656494, "mode": "train", "epoch": 3}
{"loss": 0.5346229672431946, "acc": 0.7575628757476807, "length": 3.1510066986083984, "mode": "test", "epoch": 3}
{"loss": 0.48771747946739197, "acc": 0.7839489579200745, "length": 3.204991340637207, "mode": "train", "epoch": 4}
{"loss": 0.4864669740200043, "acc": 0.7846015095710754, "length": 3.345637559890747, "mode": "test", "epoch": 4}
{"loss": 0.45927438139915466, "acc": 0.7987344264984131, "length": 3.3082964420318604, "mode": "train", "epoch": 5}
{"loss": 0.4733957350254059, "acc": 0.7954772114753723, "length": 3.352349042892456, "mode": "test", "epoch": 5}
{"loss": 0.4464266300201416, "acc": 0.8072236776351929, "length": 3.3787522315979004, "mode": "train", "epoch": 6}
{"loss": 0.4697323441505432, "acc": 0.7914829254150391, "length": 3.4194631576538086, "mode": "test", "epoch": 6}
{"loss": 0.4377789795398712, "acc": 0.8050455451011658, "length": 3.449944257736206, "mode": "train", "epoch": 7}
{"loss": 0.46462345123291016, "acc": 0.7924308776855469, "length": 3.5805368423461914, "mode": "test", "epoch": 7}
{"loss": 0.4316016137599945, "acc": 0.8070559501647949, "length": 3.562570095062256, "mode": "train", "epoch": 8}
{"loss": 0.45905351638793945, "acc": 0.7970880270004272, "length": 3.697986602783203, "mode": "test", "epoch": 8}
{"loss": 0.42183417081832886, "acc": 0.8105208873748779, "length": 3.731841564178467, "mode": "train", "epoch": 9}
{"loss": 0.4519312083721161, "acc": 0.7945627570152283, "length": 3.9664430618286133, "mode": "test", "epoch": 9}
{"loss": 0.4161430597305298, "acc": 0.8106492161750793, "length": 3.8953216075897217, "mode": "train", "epoch": 10}
{"loss": 0.439272940158844, "acc": 0.7964765429496765, "length": 4.0, "mode": "test", "epoch": 10}
{"loss": 0.4123266339302063, "acc": 0.8091360926628113, "length": 3.9053070545196533, "mode": "train", "epoch": 11}
{"loss": 0.4361383020877838, "acc": 0.8033556938171387, "length": 4.0, "mode": "test", "epoch": 11}
{"loss": 0.40646225214004517, "acc": 0.8129788637161255, "length": 3.918431043624878, "mode": "train", "epoch": 12}
{"loss": 0.41611871123313904, "acc": 0.8020134568214417, "length": 4.0, "mode": "test", "epoch": 12}
{"loss": 0.39383170008659363, "acc": 0.8217695951461792, "length": 3.9424779415130615, "mode": "train", "epoch": 13}
{"loss": 0.41822147369384766, "acc": 0.816107451915741, "length": 4.0, "mode": "test", "epoch": 13}
{"loss": 0.3808751404285431, "acc": 0.8294031023979187, "length": 3.955206871032715, "mode": "train", "epoch": 14}
{"loss": 0.408942848443985, "acc": 0.8088927268981934, "length": 4.0, "mode": "test", "epoch": 14}
{"loss": 0.3745538890361786, "acc": 0.8324586749076843, "length": 3.953263998031616, "mode": "train", "epoch": 15}
{"loss": 0.39926624298095703, "acc": 0.8139261603355408, "length": 4.0, "mode": "test", "epoch": 15}
{"loss": 0.3651427626609802, "acc": 0.8334488272666931, "length": 3.9698381423950195, "mode": "train", "epoch": 16}
{"loss": 0.38200005888938904, "acc": 0.8404362797737122, "length": 4.0, "mode": "test", "epoch": 16}
{"loss": 0.362305223941803, "acc": 0.8340626358985901, "length": 3.972500801086426, "mode": "train", "epoch": 17}
{"loss": 0.372376024723053, "acc": 0.8446308374404907, "length": 4.0, "mode": "test", "epoch": 17}
{"loss": 0.35123366117477417, "acc": 0.8475670218467712, "length": 3.9770634174346924, "mode": "train", "epoch": 18}
{"loss": 0.3613499104976654, "acc": 0.8333892822265625, "length": 4.0, "mode": "test", "epoch": 18}
{"loss": 0.33750179409980774, "acc": 0.8519682884216309, "length": 3.994755983352661, "mode": "train", "epoch": 19}
{"loss": 0.3561210334300995, "acc": 0.8268457055091858, "length": 4.0, "mode": "test", "epoch": 19}
{"loss": 0.32889384031295776, "acc": 0.8572304248809814, "length": 3.986680030822754, "mode": "train", "epoch": 20}
{"loss": 0.34509214758872986, "acc": 0.8427852392196655, "length": 4.0, "mode": "test", "epoch": 20}
{"loss": 0.31681597232818604, "acc": 0.8589485287666321, "length": 3.998913049697876, "mode": "train", "epoch": 21}
{"loss": 0.34021076560020447, "acc": 0.854362428188324, "length": 4.0, "mode": "test", "epoch": 21}
{"loss": 0.304984450340271, "acc": 0.8676164150238037, "length": 3.995210886001587, "mode": "train", "epoch": 22}
{"loss": 0.3220195770263672, "acc": 0.857886016368866, "length": 4.0, "mode": "test", "epoch": 22}
{"loss": 0.3014744520187378, "acc": 0.8692396283149719, "length": 3.9967236518859863, "mode": "train", "epoch": 23}
{"loss": 0.31587323546409607, "acc": 0.8684565424919128, "length": 4.0, "mode": "test", "epoch": 23}
{"loss": 0.29043713212013245, "acc": 0.8735970258712769, "length": 3.9951581954956055, "mode": "train", "epoch": 24}
{"loss": 0.30337101221084595, "acc": 0.8726510405540466, "length": 4.0, "mode": "test", "epoch": 24}
{"loss": 0.2854432165622711, "acc": 0.8783729672431946, "length": 3.995077133178711, "mode": "train", "epoch": 25}
{"loss": 0.30244478583335876, "acc": 0.8666108250617981, "length": 4.0, "mode": "test", "epoch": 25}
{"loss": 0.27664464712142944, "acc": 0.8824367523193359, "length": 3.999735116958618, "mode": "train", "epoch": 26}
{"loss": 0.2853383421897888, "acc": 0.875335693359375, "length": 4.0, "mode": "test", "epoch": 26}
{"loss": 0.27199047803878784, "acc": 0.8852167725563049, "length": 3.9992992877960205, "mode": "train", "epoch": 27}
{"loss": 0.28526946902275085, "acc": 0.8781879544258118, "length": 4.0, "mode": "test", "epoch": 27}
{"loss": 0.2638763189315796, "acc": 0.8879894018173218, "length": 3.9985358715057373, "mode": "train", "epoch": 28}
{"loss": 0.2856940031051636, "acc": 0.8726510405540466, "length": 4.0, "mode": "test", "epoch": 28}
{"loss": 0.266841858625412, "acc": 0.8848772048950195, "length": 3.9989445209503174, "mode": "train", "epoch": 29}
{"loss": 0.2723424434661865, "acc": 0.8786913752555847, "length": 4.0, "mode": "test", "epoch": 29}
{"loss": 0.2720843255519867, "acc": 0.8846389651298523, "length": 3.9999570846557617, "mode": "train", "epoch": 30}
{"loss": 0.28444409370422363, "acc": 0.8669464588165283, "length": 4.0, "mode": "test", "epoch": 30}
{"loss": 0.2669626474380493, "acc": 0.8870876431465149, "length": 3.998072862625122, "mode": "train", "epoch": 31}
{"loss": 0.28285324573516846, "acc": 0.8743289113044739, "length": 4.0, "mode": "test", "epoch": 31}
{"loss": 0.25960999727249146, "acc": 0.8893516063690186, "length": 3.999762535095215, "mode": "train", "epoch": 32}
{"loss": 0.27172842621803284, "acc": 0.8802012801170349, "length": 4.0, "mode": "test", "epoch": 32}
{"loss": 0.25907984375953674, "acc": 0.8872660398483276, "length": 3.99973726272583, "mode": "train", "epoch": 33}
{"loss": 0.28094589710235596, "acc": 0.8644294738769531, "length": 4.0, "mode": "test", "epoch": 33}
{"loss": 0.2557046115398407, "acc": 0.8893973231315613, "length": 3.999500036239624, "mode": "train", "epoch": 34}
{"loss": 0.27780258655548096, "acc": 0.8830536603927612, "length": 4.0, "mode": "test", "epoch": 34}
{"loss": 0.25727251172065735, "acc": 0.8922621607780457, "length": 3.9999542236328125, "mode": "train", "epoch": 35}
{"loss": 0.2706800401210785, "acc": 0.8783556818962097, "length": 4.0, "mode": "test", "epoch": 35}
{"loss": 0.2542080283164978, "acc": 0.8906756639480591, "length": 3.99969220161438, "mode": "train", "epoch": 36}
{"loss": 0.2737639844417572, "acc": 0.8875837922096252, "length": 4.0, "mode": "test", "epoch": 36}
{"loss": 0.2550801932811737, "acc": 0.8922832608222961, "length": 3.9984347820281982, "mode": "train", "epoch": 37}
{"loss": 0.2734191119670868, "acc": 0.8810403347015381, "length": 4.0, "mode": "test", "epoch": 37}
{"loss": 0.25324493646621704, "acc": 0.8903577327728271, "length": 3.9999618530273438, "mode": "train", "epoch": 38}
{"loss": 0.27222728729248047, "acc": 0.875335693359375, "length": 4.0, "mode": "test", "epoch": 38}
{"loss": 0.24813374876976013, "acc": 0.8942208886146545, "length": 3.9998016357421875, "mode": "train", "epoch": 39}
{"loss": 0.27888748049736023, "acc": 0.8793624043464661, "length": 4.0, "mode": "test", "epoch": 39}
{"loss": 0.24658939242362976, "acc": 0.8940005302429199, "length": 3.9997823238372803, "mode": "train", "epoch": 40}
{"loss": 0.26563069224357605, "acc": 0.8843960165977478, "length": 4.0, "mode": "test", "epoch": 40}
{"loss": 0.2511279582977295, "acc": 0.8903573751449585, "length": 3.9999759197235107, "mode": "train", "epoch": 41}
{"loss": 0.262411892414093, "acc": 0.8874161243438721, "length": 4.0, "mode": "test", "epoch": 41}
{"loss": 0.2464289665222168, "acc": 0.8965244889259338, "length": 3.9999945163726807, "mode": "train", "epoch": 42}
{"loss": 0.26292696595191956, "acc": 0.8828858137130737, "length": 4.0, "mode": "test", "epoch": 42}
{"loss": 0.25023165345191956, "acc": 0.8939918279647827, "length": 3.999498128890991, "mode": "train", "epoch": 43}
{"loss": 0.28122055530548096, "acc": 0.885402500629425, "length": 4.0, "mode": "test", "epoch": 43}
{"loss": 0.24633380770683289, "acc": 0.8916985988616943, "length": 3.9993252754211426, "mode": "train", "epoch": 44}
{"loss": 0.2762027382850647, "acc": 0.881711483001709, "length": 4.0, "mode": "test", "epoch": 44}
{"loss": 0.24650223553180695, "acc": 0.8974208831787109, "length": 3.999988555908203, "mode": "train", "epoch": 45}
{"loss": 0.2865699231624603, "acc": 0.8800336718559265, "length": 4.0, "mode": "test", "epoch": 45}
{"loss": 0.24402932822704315, "acc": 0.8949549198150635, "length": 3.9999961853027344, "mode": "train", "epoch": 46}
{"loss": 0.28347915410995483, "acc": 0.8669463396072388, "length": 4.0, "mode": "test", "epoch": 46}
{"loss": 0.24526581168174744, "acc": 0.8920395970344543, "length": 3.9999890327453613, "mode": "train", "epoch": 47}
{"loss": 0.2697555720806122, "acc": 0.8860737681388855, "length": 4.0, "mode": "test", "epoch": 47}
{"loss": 0.2396349012851715, "acc": 0.9009908437728882, "length": 3.9994890689849854, "mode": "train", "epoch": 48}
{"loss": 0.26067909598350525, "acc": 0.884899377822876, "length": 4.0, "mode": "test", "epoch": 48}
{"loss": 0.23844845592975616, "acc": 0.8948984742164612, "length": 3.999979257583618, "mode": "train", "epoch": 49}
{"loss": 0.26792460680007935, "acc": 0.8760067820549011, "length": 4.0, "mode": "test", "epoch": 49}
{"loss": 0.2371690571308136, "acc": 0.8994953036308289, "length": 3.999941349029541, "mode": "train", "epoch": 50}
{"loss": 0.2688952386379242, "acc": 0.8825502395629883, "length": 4.0, "mode": "test", "epoch": 50}
{"loss": 0.23740296065807343, "acc": 0.8949503302574158, "length": 3.9982430934906006, "mode": "train", "epoch": 51}
{"loss": 0.2568932771682739, "acc": 0.8889261484146118, "length": 4.0, "mode": "test", "epoch": 51}
{"loss": 0.23201149702072144, "acc": 0.8998314738273621, "length": 3.999985456466675, "mode": "train", "epoch": 52}
{"loss": 0.2684542238712311, "acc": 0.881711483001709, "length": 4.0, "mode": "test", "epoch": 52}
{"loss": 0.23586304485797882, "acc": 0.899828314781189, "length": 3.999929904937744, "mode": "train", "epoch": 53}
{"loss": 0.2698849141597748, "acc": 0.886073887348175, "length": 4.0, "mode": "test", "epoch": 53}
{"loss": 0.23251283168792725, "acc": 0.9040917754173279, "length": 3.9999985694885254, "mode": "train", "epoch": 54}
{"loss": 0.26031190156936646, "acc": 0.8855705261230469, "length": 4.0, "mode": "test", "epoch": 54}
{"loss": 0.2360982894897461, "acc": 0.9007828831672668, "length": 3.9999661445617676, "mode": "train", "epoch": 55}
{"loss": 0.25416937470436096, "acc": 0.8899328112602234, "length": 4.0, "mode": "test", "epoch": 55}
{"loss": 0.22771090269088745, "acc": 0.8996616005897522, "length": 3.999969959259033, "mode": "train", "epoch": 56}
{"loss": 0.2540460526943207, "acc": 0.8780202269554138, "length": 4.0, "mode": "test", "epoch": 56}
{"loss": 0.22873283922672272, "acc": 0.9043721556663513, "length": 3.9999959468841553, "mode": "train", "epoch": 57}
{"loss": 0.2555983066558838, "acc": 0.8951342105865479, "length": 4.0, "mode": "test", "epoch": 57}
{"loss": 0.22788512706756592, "acc": 0.9052652716636658, "length": 3.9999430179595947, "mode": "train", "epoch": 58}
{"loss": 0.26152512431144714, "acc": 0.8842282891273499, "length": 4.0, "mode": "test", "epoch": 58}
{"loss": 0.22786395251750946, "acc": 0.9020165205001831, "length": 3.9999821186065674, "mode": "train", "epoch": 59}
{"loss": 0.24691560864448547, "acc": 0.8884228467941284, "length": 4.0, "mode": "test", "epoch": 59}
{"loss": 0.2352907955646515, "acc": 0.8992708325386047, "length": 3.9999918937683105, "mode": "train", "epoch": 60}
{"loss": 0.2720322012901306, "acc": 0.8879194855690002, "length": 4.0, "mode": "test", "epoch": 60}
test accuracy: 0.7878000736236572
