# ["--attributes=3", "--values=4", "--game_size=10", "--vocab_size_factor=3", "--n_epochs=60", "--batch_size=32", "--learning_rate=0.0005", "--hidden_size=128", "--temp_update=0.97", "--temperature=1.5"]
Creating train_ds and val_ds...

Creating test_ds...
{"loss": 0.7000062465667725, "acc": 0.5090206265449524, "length": 3.4530701637268066, "mode": "train", "epoch": 1}
{"loss": 0.6933752298355103, "acc": 0.513087272644043, "length": 1.0, "mode": "test", "epoch": 1}
{"loss": 0.6868301033973694, "acc": 0.5552237629890442, "length": 3.0593581199645996, "mode": "train", "epoch": 2}
{"loss": 0.6700475811958313, "acc": 0.6206921339035034, "length": 2.083892583847046, "mode": "test", "epoch": 2}
{"loss": 0.6234377026557922, "acc": 0.7260022163391113, "length": 3.358973503112793, "mode": "train", "epoch": 3}
{"loss": 0.5396404266357422, "acc": 0.7808724045753479, "length": 4.0, "mode": "test", "epoch": 3}
{"loss": 0.48937955498695374, "acc": 0.7719165086746216, "length": 3.925131320953369, "mode": "train", "epoch": 4}
{"loss": 0.4932079017162323, "acc": 0.8115770816802979, "length": 4.0, "mode": "test", "epoch": 4}
{"loss": 0.4617476761341095, "acc": 0.791486918926239, "length": 3.9786269664764404, "mode": "train", "epoch": 5}
{"loss": 0.4654525816440582, "acc": 0.791610836982727, "length": 4.0, "mode": "test", "epoch": 5}
{"loss": 0.44183599948883057, "acc": 0.7990598082542419, "length": 3.9841110706329346, "mode": "train", "epoch": 6}
{"loss": 0.4667164385318756, "acc": 0.7895974516868591, "length": 4.0, "mode": "test", "epoch": 6}
{"loss": 0.42974311113357544, "acc": 0.8070871829986572, "length": 3.985555648803711, "mode": "train", "epoch": 7}
{"loss": 0.4708988666534424, "acc": 0.7859060168266296, "length": 4.0, "mode": "test", "epoch": 7}
{"loss": 0.41799476742744446, "acc": 0.8120681643486023, "length": 3.9883768558502197, "mode": "train", "epoch": 8}
{"loss": 0.45457392930984497, "acc": 0.8021811246871948, "length": 4.0, "mode": "test", "epoch": 8}
{"loss": 0.4008559286594391, "acc": 0.8234363794326782, "length": 3.9910707473754883, "mode": "train", "epoch": 9}
{"loss": 0.4294409453868866, "acc": 0.8117449283599854, "length": 4.0, "mode": "test", "epoch": 9}
{"loss": 0.38325750827789307, "acc": 0.8333218693733215, "length": 3.989133596420288, "mode": "train", "epoch": 10}
{"loss": 0.404426634311676, "acc": 0.8335570693016052, "length": 4.0, "mode": "test", "epoch": 10}
{"loss": 0.3626996874809265, "acc": 0.8463004231452942, "length": 3.990234375, "mode": "train", "epoch": 11}
{"loss": 0.38732728362083435, "acc": 0.8337247967720032, "length": 4.0, "mode": "test", "epoch": 11}
{"loss": 0.3387313485145569, "acc": 0.8519530892372131, "length": 3.995990037918091, "mode": "train", "epoch": 12}
{"loss": 0.373893678188324, "acc": 0.84429532289505, "length": 4.0, "mode": "test", "epoch": 12}
{"loss": 0.3274468779563904, "acc": 0.8620352745056152, "length": 3.996455192565918, "mode": "train", "epoch": 13}
{"loss": 0.36471936106681824, "acc": 0.8484898805618286, "length": 4.0, "mode": "test", "epoch": 13}
{"loss": 0.32239729166030884, "acc": 0.8640893697738647, "length": 3.998358726501465, "mode": "train", "epoch": 14}
{"loss": 0.369355171918869, "acc": 0.852852463722229, "length": 4.0, "mode": "test", "epoch": 14}
{"loss": 0.3102233111858368, "acc": 0.8676201701164246, "length": 3.9977059364318848, "mode": "train", "epoch": 15}
{"loss": 0.3562833070755005, "acc": 0.8478188514709473, "length": 4.0, "mode": "test", "epoch": 15}
{"loss": 0.2982596457004547, "acc": 0.8762104511260986, "length": 3.9989309310913086, "mode": "train", "epoch": 16}
{"loss": 0.33419740200042725, "acc": 0.8595637083053589, "length": 4.0, "mode": "test", "epoch": 16}
{"loss": 0.28744256496429443, "acc": 0.88152676820755, "length": 3.998781681060791, "mode": "train", "epoch": 17}
{"loss": 0.32723721861839294, "acc": 0.8708053827285767, "length": 4.0, "mode": "test", "epoch": 17}
{"loss": 0.2789466083049774, "acc": 0.8897703289985657, "length": 3.998990774154663, "mode": "train", "epoch": 18}
{"loss": 0.3194199502468109, "acc": 0.8744967579841614, "length": 4.0, "mode": "test", "epoch": 18}
{"loss": 0.2666378617286682, "acc": 0.8937053084373474, "length": 3.99943470954895, "mode": "train", "epoch": 19}
{"loss": 0.31968456506729126, "acc": 0.8795302510261536, "length": 4.0, "mode": "test", "epoch": 19}
{"loss": 0.26587724685668945, "acc": 0.8912495970726013, "length": 3.999652624130249, "mode": "train", "epoch": 20}
{"loss": 0.31749218702316284, "acc": 0.8761745095252991, "length": 4.0, "mode": "test", "epoch": 20}
{"loss": 0.2588394582271576, "acc": 0.8976786732673645, "length": 3.9985499382019043, "mode": "train", "epoch": 21}
{"loss": 0.3037695288658142, "acc": 0.8840604424476624, "length": 4.0, "mode": "test", "epoch": 21}
{"loss": 0.24721261858940125, "acc": 0.9021644592285156, "length": 3.9984261989593506, "mode": "train", "epoch": 22}
{"loss": 0.29087767004966736, "acc": 0.8961411118507385, "length": 4.0, "mode": "test", "epoch": 22}
{"loss": 0.24344399571418762, "acc": 0.9033975601196289, "length": 3.999429702758789, "mode": "train", "epoch": 23}
{"loss": 0.2838011682033539, "acc": 0.9021812081336975, "length": 4.0, "mode": "test", "epoch": 23}
{"loss": 0.2428533285856247, "acc": 0.9025129675865173, "length": 3.999631881713867, "mode": "train", "epoch": 24}
{"loss": 0.29227137565612793, "acc": 0.8927851915359497, "length": 4.0, "mode": "test", "epoch": 24}
{"loss": 0.23023998737335205, "acc": 0.906147301197052, "length": 3.9990384578704834, "mode": "train", "epoch": 25}
{"loss": 0.27233830094337463, "acc": 0.9003355503082275, "length": 4.0, "mode": "test", "epoch": 25}
{"loss": 0.22434310615062714, "acc": 0.9106395840644836, "length": 3.9987733364105225, "mode": "train", "epoch": 26}
{"loss": 0.26482370495796204, "acc": 0.9080538153648376, "length": 4.0, "mode": "test", "epoch": 26}
{"loss": 0.22147178649902344, "acc": 0.9118254780769348, "length": 3.9971892833709717, "mode": "train", "epoch": 27}
{"loss": 0.2655472457408905, "acc": 0.9095638394355774, "length": 4.0, "mode": "test", "epoch": 27}
{"loss": 0.2145165354013443, "acc": 0.9153953790664673, "length": 3.99899959564209, "mode": "train", "epoch": 28}
{"loss": 0.24453233182430267, "acc": 0.915436327457428, "length": 4.0, "mode": "test", "epoch": 28}
{"loss": 0.1986323744058609, "acc": 0.9238747358322144, "length": 3.9998605251312256, "mode": "train", "epoch": 29}
{"loss": 0.2490227222442627, "acc": 0.911745011806488, "length": 4.0, "mode": "test", "epoch": 29}
{"loss": 0.19417431950569153, "acc": 0.9276016354560852, "length": 3.9991753101348877, "mode": "train", "epoch": 30}
{"loss": 0.2380700558423996, "acc": 0.9176172614097595, "length": 4.0, "mode": "test", "epoch": 30}
{"loss": 0.19184741377830505, "acc": 0.9305426478385925, "length": 3.9997427463531494, "mode": "train", "epoch": 31}
{"loss": 0.24385686218738556, "acc": 0.922986626625061, "length": 4.0, "mode": "test", "epoch": 31}
{"loss": 0.17999669909477234, "acc": 0.9327185750007629, "length": 3.999450922012329, "mode": "train", "epoch": 32}
{"loss": 0.23289811611175537, "acc": 0.9234898686408997, "length": 4.0, "mode": "test", "epoch": 32}
{"loss": 0.17537756264209747, "acc": 0.9341892600059509, "length": 3.9998176097869873, "mode": "train", "epoch": 33}
{"loss": 0.2332669049501419, "acc": 0.9251677989959717, "length": 4.0, "mode": "test", "epoch": 33}
{"loss": 0.173680379986763, "acc": 0.9349639415740967, "length": 3.999763250350952, "mode": "train", "epoch": 34}
{"loss": 0.22779293358325958, "acc": 0.9268456697463989, "length": 4.0, "mode": "test", "epoch": 34}
{"loss": 0.17940200865268707, "acc": 0.9361096620559692, "length": 3.9990267753601074, "mode": "train", "epoch": 35}
{"loss": 0.22982056438922882, "acc": 0.9280200004577637, "length": 4.0, "mode": "test", "epoch": 35}
{"loss": 0.16381365060806274, "acc": 0.9404674172401428, "length": 3.9999310970306396, "mode": "train", "epoch": 36}
{"loss": 0.23543372750282288, "acc": 0.9286912679672241, "length": 4.0, "mode": "test", "epoch": 36}
{"loss": 0.16883784532546997, "acc": 0.9366790652275085, "length": 3.9984874725341797, "mode": "train", "epoch": 37}
{"loss": 0.21182142198085785, "acc": 0.93271803855896, "length": 4.0, "mode": "test", "epoch": 37}
{"loss": 0.16576245427131653, "acc": 0.9392362236976624, "length": 3.999969244003296, "mode": "train", "epoch": 38}
{"loss": 0.24771802127361298, "acc": 0.9209731221199036, "length": 4.0, "mode": "test", "epoch": 38}
{"loss": 0.1667502224445343, "acc": 0.9381149411201477, "length": 3.9999561309814453, "mode": "train", "epoch": 39}
{"loss": 0.2222471535205841, "acc": 0.9315436482429504, "length": 4.0, "mode": "test", "epoch": 39}
{"loss": 0.15382635593414307, "acc": 0.943808376789093, "length": 3.9992752075195312, "mode": "train", "epoch": 40}
{"loss": 0.20205794274806976, "acc": 0.9370805621147156, "length": 4.0, "mode": "test", "epoch": 40}
{"loss": 0.14490321278572083, "acc": 0.9452329277992249, "length": 3.9999265670776367, "mode": "train", "epoch": 41}
{"loss": 0.1965080350637436, "acc": 0.9347317218780518, "length": 4.0, "mode": "test", "epoch": 41}
{"loss": 0.14415796101093292, "acc": 0.9480904936790466, "length": 3.9999351501464844, "mode": "train", "epoch": 42}
{"loss": 0.2160935252904892, "acc": 0.9399328827857971, "length": 4.0, "mode": "test", "epoch": 42}
{"loss": 0.1431386023759842, "acc": 0.9476449489593506, "length": 3.999983549118042, "mode": "train", "epoch": 43}
{"loss": 0.19755542278289795, "acc": 0.9399330019950867, "length": 4.0, "mode": "test", "epoch": 43}
{"loss": 0.14149980247020721, "acc": 0.9461308717727661, "length": 3.9999396800994873, "mode": "train", "epoch": 44}
{"loss": 0.19107665121555328, "acc": 0.9417786002159119, "length": 4.0, "mode": "test", "epoch": 44}
{"loss": 0.13749156892299652, "acc": 0.949382483959198, "length": 3.9999804496765137, "mode": "train", "epoch": 45}
{"loss": 0.1882619708776474, "acc": 0.9429529905319214, "length": 4.0, "mode": "test", "epoch": 45}
{"loss": 0.14205403625965118, "acc": 0.9504474997520447, "length": 3.99998140335083, "mode": "train", "epoch": 46}
{"loss": 0.18481169641017914, "acc": 0.9407719373703003, "length": 4.0, "mode": "test", "epoch": 46}
{"loss": 0.13070935010910034, "acc": 0.949270486831665, "length": 3.999941110610962, "mode": "train", "epoch": 47}
{"loss": 0.17151907086372375, "acc": 0.943791925907135, "length": 4.0, "mode": "test", "epoch": 47}
{"loss": 0.14367306232452393, "acc": 0.9494011998176575, "length": 3.9992098808288574, "mode": "train", "epoch": 48}
{"loss": 0.19450245797634125, "acc": 0.9431208372116089, "length": 4.0, "mode": "test", "epoch": 48}
{"loss": 0.137998566031456, "acc": 0.947420597076416, "length": 3.999986410140991, "mode": "train", "epoch": 49}
{"loss": 0.18434256315231323, "acc": 0.9446307420730591, "length": 4.0, "mode": "test", "epoch": 49}
{"loss": 0.1334177702665329, "acc": 0.9503908157348633, "length": 3.999946117401123, "mode": "train", "epoch": 50}
{"loss": 0.17471054196357727, "acc": 0.9419463276863098, "length": 4.0, "mode": "test", "epoch": 50}
{"loss": 0.12647706270217896, "acc": 0.9525763392448425, "length": 3.9998505115509033, "mode": "train", "epoch": 51}
{"loss": 0.18746933341026306, "acc": 0.9444631338119507, "length": 4.0, "mode": "test", "epoch": 51}
{"loss": 0.11878004670143127, "acc": 0.955207109451294, "length": 3.9999141693115234, "mode": "train", "epoch": 52}
{"loss": 0.17392031848430634, "acc": 0.9471476674079895, "length": 4.0, "mode": "test", "epoch": 52}
{"loss": 0.1213613823056221, "acc": 0.956838071346283, "length": 3.999990463256836, "mode": "train", "epoch": 53}
{"loss": 0.17274129390716553, "acc": 0.9493288397789001, "length": 4.0, "mode": "test", "epoch": 53}
{"loss": 0.10954716056585312, "acc": 0.960762083530426, "length": 3.999992847442627, "mode": "train", "epoch": 54}
{"loss": 0.19046127796173096, "acc": 0.9407719373703003, "length": 4.0, "mode": "test", "epoch": 54}
{"loss": 0.10855837911367416, "acc": 0.9593991041183472, "length": 3.9995789527893066, "mode": "train", "epoch": 55}
{"loss": 0.18060532212257385, "acc": 0.9468121528625488, "length": 4.0, "mode": "test", "epoch": 55}
{"loss": 0.10764995217323303, "acc": 0.960923969745636, "length": 3.999865770339966, "mode": "train", "epoch": 56}
{"loss": 0.1682845503091812, "acc": 0.9562079906463623, "length": 4.0, "mode": "test", "epoch": 56}
{"loss": 0.10735098272562027, "acc": 0.9602564573287964, "length": 3.999965190887451, "mode": "train", "epoch": 57}
{"loss": 0.18136189877986908, "acc": 0.9394294619560242, "length": 4.0, "mode": "test", "epoch": 57}
{"loss": 0.11823850870132446, "acc": 0.9568660855293274, "length": 3.999483585357666, "mode": "train", "epoch": 58}
{"loss": 0.16080273687839508, "acc": 0.9541945457458496, "length": 4.0, "mode": "test", "epoch": 58}
{"loss": 0.10872222483158112, "acc": 0.9616561532020569, "length": 3.9998531341552734, "mode": "train", "epoch": 59}
{"loss": 0.16487301886081696, "acc": 0.951845645904541, "length": 4.0, "mode": "test", "epoch": 59}
{"loss": 0.09722800552845001, "acc": 0.9659871459007263, "length": 3.9988722801208496, "mode": "train", "epoch": 60}
{"loss": 0.16100379824638367, "acc": 0.9546979069709778, "length": 4.0, "mode": "test", "epoch": 60}
test accuracy: 0.7784000635147095
