# ["--attributes=3", "--values=4", "--game_size=10", "--vocab_size_factor=3", "--n_epochs=60", "--batch_size=32", "--learning_rate=0.0005", "--hidden_size=256", "--temp_update=0.99", "--temperature=1.5"]
Creating train_ds and val_ds...

Creating test_ds...
{"loss": 0.7005067467689514, "acc": 0.5115011930465698, "length": 2.4930248260498047, "mode": "train", "epoch": 1}
{"loss": 0.6960087418556213, "acc": 0.5089527368545532, "length": 1.0, "mode": "test", "epoch": 1}
{"loss": 0.6699144840240479, "acc": 0.5834938883781433, "length": 1.8375130891799927, "mode": "train", "epoch": 2}
{"loss": 0.6056357026100159, "acc": 0.7079497575759888, "length": 2.1655404567718506, "mode": "test", "epoch": 2}
{"loss": 0.5557265877723694, "acc": 0.7163654565811157, "length": 2.598762273788452, "mode": "train", "epoch": 3}
{"loss": 0.5072630643844604, "acc": 0.7894003391265869, "length": 2.952702760696411, "mode": "test", "epoch": 3}
{"loss": 0.44622889161109924, "acc": 0.8052206039428711, "length": 3.0746023654937744, "mode": "train", "epoch": 4}
{"loss": 0.44647732377052307, "acc": 0.799693763256073, "length": 3.2905404567718506, "mode": "test", "epoch": 4}
{"loss": 0.3804236352443695, "acc": 0.8391855955123901, "length": 3.325146198272705, "mode": "train", "epoch": 5}
{"loss": 0.43680068850517273, "acc": 0.806804358959198, "length": 3.6351351737976074, "mode": "test", "epoch": 5}
{"loss": 0.33474865555763245, "acc": 0.8580545783042908, "length": 3.402981758117676, "mode": "train", "epoch": 6}
{"loss": 0.4081890285015106, "acc": 0.827000617980957, "length": 3.4121620655059814, "mode": "test", "epoch": 6}
{"loss": 0.3060142695903778, "acc": 0.8718823194503784, "length": 3.472303628921509, "mode": "train", "epoch": 7}
{"loss": 0.40474191308021545, "acc": 0.8363492488861084, "length": 3.452702760696411, "mode": "test", "epoch": 7}
{"loss": 0.28349021077156067, "acc": 0.8830622434616089, "length": 3.544985294342041, "mode": "train", "epoch": 8}
{"loss": 0.3815767168998718, "acc": 0.843713104724884, "length": 3.604729652404785, "mode": "test", "epoch": 8}
{"loss": 0.2726464867591858, "acc": 0.890102207660675, "length": 3.554302215576172, "mode": "train", "epoch": 9}
{"loss": 0.38828736543655396, "acc": 0.8303948640823364, "length": 3.574324369430542, "mode": "test", "epoch": 9}
{"loss": 0.2534700334072113, "acc": 0.903850793838501, "length": 3.59930419921875, "mode": "train", "epoch": 10}
{"loss": 0.3264525830745697, "acc": 0.8742979168891907, "length": 3.5878379344940186, "mode": "test", "epoch": 10}
{"loss": 0.23075167834758759, "acc": 0.9143846035003662, "length": 3.6894896030426025, "mode": "train", "epoch": 11}
{"loss": 0.3133560121059418, "acc": 0.8826805353164673, "length": 3.824324369430542, "mode": "test", "epoch": 11}
{"loss": 0.21384821832180023, "acc": 0.9218836426734924, "length": 3.7922260761260986, "mode": "train", "epoch": 12}
{"loss": 0.3138860762119293, "acc": 0.8779877424240112, "length": 3.9087836742401123, "mode": "test", "epoch": 12}
{"loss": 0.19632481038570404, "acc": 0.9303429126739502, "length": 3.8249220848083496, "mode": "train", "epoch": 13}
{"loss": 0.3067111670970917, "acc": 0.8896748423576355, "length": 3.972972869873047, "mode": "test", "epoch": 13}
{"loss": 0.18333028256893158, "acc": 0.9289345741271973, "length": 3.8850085735321045, "mode": "train", "epoch": 14}
{"loss": 0.2587208151817322, "acc": 0.9067568182945251, "length": 4.0, "mode": "test", "epoch": 14}
{"loss": 0.16838990151882172, "acc": 0.9404440522193909, "length": 3.9209818840026855, "mode": "train", "epoch": 15}
{"loss": 0.2341819852590561, "acc": 0.91993248462677, "length": 4.0, "mode": "test", "epoch": 15}
{"loss": 0.1770452857017517, "acc": 0.9347132444381714, "length": 3.9581727981567383, "mode": "train", "epoch": 16}
{"loss": 0.24190950393676758, "acc": 0.9136823415756226, "length": 4.0, "mode": "test", "epoch": 16}
{"loss": 0.16079263389110565, "acc": 0.9406713247299194, "length": 3.9661498069763184, "mode": "train", "epoch": 17}
{"loss": 0.22751493752002716, "acc": 0.925844669342041, "length": 4.0, "mode": "test", "epoch": 17}
{"loss": 0.1541811227798462, "acc": 0.9439870119094849, "length": 3.971257448196411, "mode": "train", "epoch": 18}
{"loss": 0.20672932267189026, "acc": 0.9346283674240112, "length": 4.0, "mode": "test", "epoch": 18}
{"loss": 0.13565126061439514, "acc": 0.9537426829338074, "length": 3.974372148513794, "mode": "train", "epoch": 19}
{"loss": 0.18887367844581604, "acc": 0.92381751537323, "length": 4.0, "mode": "test", "epoch": 19}
{"loss": 0.12658989429473877, "acc": 0.9502406120300293, "length": 3.984525203704834, "mode": "train", "epoch": 20}
{"loss": 0.1815168857574463, "acc": 0.9347972273826599, "length": 4.0, "mode": "test", "epoch": 20}
{"loss": 0.12388376146554947, "acc": 0.9525181651115417, "length": 3.9898040294647217, "mode": "train", "epoch": 21}
{"loss": 0.16243253648281097, "acc": 0.9425675868988037, "length": 4.0, "mode": "test", "epoch": 21}
{"loss": 0.1131000816822052, "acc": 0.9567230343818665, "length": 3.991597890853882, "mode": "train", "epoch": 22}
{"loss": 0.16597050428390503, "acc": 0.9388513565063477, "length": 4.0, "mode": "test", "epoch": 22}
{"loss": 0.10363015532493591, "acc": 0.9621076583862305, "length": 3.9929420948028564, "mode": "train", "epoch": 23}
{"loss": 0.146055668592453, "acc": 0.946452796459198, "length": 4.0, "mode": "test", "epoch": 23}
{"loss": 0.10452144593000412, "acc": 0.9623273015022278, "length": 3.994345188140869, "mode": "train", "epoch": 24}
{"loss": 0.1547953337430954, "acc": 0.9462838172912598, "length": 4.0, "mode": "test", "epoch": 24}
{"loss": 0.09217096120119095, "acc": 0.9663050174713135, "length": 3.99287748336792, "mode": "train", "epoch": 25}
{"loss": 0.1657167375087738, "acc": 0.9469594955444336, "length": 4.0, "mode": "test", "epoch": 25}
{"loss": 0.08406708389520645, "acc": 0.9716930985450745, "length": 3.9941298961639404, "mode": "train", "epoch": 26}
{"loss": 0.1333480179309845, "acc": 0.9543918967247009, "length": 4.0, "mode": "test", "epoch": 26}
{"loss": 0.08126018941402435, "acc": 0.9728624224662781, "length": 3.9951722621917725, "mode": "train", "epoch": 27}
{"loss": 0.15828800201416016, "acc": 0.9533783197402954, "length": 4.0, "mode": "test", "epoch": 27}
{"loss": 0.07917003333568573, "acc": 0.9711273312568665, "length": 3.99605393409729, "mode": "train", "epoch": 28}
{"loss": 0.12105689197778702, "acc": 0.9537162780761719, "length": 4.0, "mode": "test", "epoch": 28}
{"loss": 0.07438864558935165, "acc": 0.9726248383522034, "length": 3.995084285736084, "mode": "train", "epoch": 29}
{"loss": 0.10869232565164566, "acc": 0.9658784866333008, "length": 4.0, "mode": "test", "epoch": 29}
{"loss": 0.07254311442375183, "acc": 0.9759472012519836, "length": 3.994370222091675, "mode": "train", "epoch": 30}
{"loss": 0.10337445884943008, "acc": 0.9658783674240112, "length": 4.0, "mode": "test", "epoch": 30}
{"loss": 0.06386128067970276, "acc": 0.9796780347824097, "length": 3.9966163635253906, "mode": "train", "epoch": 31}
{"loss": 0.11014653742313385, "acc": 0.9675675630569458, "length": 4.0, "mode": "test", "epoch": 31}
{"loss": 0.0669577568769455, "acc": 0.9760105609893799, "length": 3.9967026710510254, "mode": "train", "epoch": 32}
{"loss": 0.11342113465070724, "acc": 0.969425618648529, "length": 4.0, "mode": "test", "epoch": 32}
{"loss": 0.05225123465061188, "acc": 0.9824062585830688, "length": 3.9973108768463135, "mode": "train", "epoch": 33}
{"loss": 0.09890654683113098, "acc": 0.9689189791679382, "length": 4.0, "mode": "test", "epoch": 33}
{"loss": 0.04998673498630524, "acc": 0.9820848107337952, "length": 3.997805595397949, "mode": "train", "epoch": 34}
{"loss": 0.1396147459745407, "acc": 0.9554054737091064, "length": 4.0, "mode": "test", "epoch": 34}
{"loss": 0.058525390923023224, "acc": 0.9804871082305908, "length": 3.9977645874023438, "mode": "train", "epoch": 35}
{"loss": 0.0946885347366333, "acc": 0.9721283912658691, "length": 4.0, "mode": "test", "epoch": 35}
{"loss": 0.039228491485118866, "acc": 0.9879613518714905, "length": 3.997908115386963, "mode": "train", "epoch": 36}
{"loss": 0.09592652320861816, "acc": 0.9729729890823364, "length": 4.0, "mode": "test", "epoch": 36}
{"loss": 0.03722839057445526, "acc": 0.9862028956413269, "length": 3.9976580142974854, "mode": "train", "epoch": 37}
{"loss": 0.09445687383413315, "acc": 0.9750000238418579, "length": 4.0, "mode": "test", "epoch": 37}
{"loss": 0.04564738646149635, "acc": 0.984981894493103, "length": 3.9988510608673096, "mode": "train", "epoch": 38}
{"loss": 0.08840421587228775, "acc": 0.9744932055473328, "length": 4.0, "mode": "test", "epoch": 38}
{"loss": 0.029381107538938522, "acc": 0.9916513562202454, "length": 3.998818874359131, "mode": "train", "epoch": 39}
{"loss": 0.08618608117103577, "acc": 0.9778715372085571, "length": 4.0, "mode": "test", "epoch": 39}
{"loss": 0.03375912830233574, "acc": 0.9903528690338135, "length": 3.998194456100464, "mode": "train", "epoch": 40}
{"loss": 0.08947654813528061, "acc": 0.9777024984359741, "length": 4.0, "mode": "test", "epoch": 40}
{"loss": 0.02641615830361843, "acc": 0.9918070435523987, "length": 3.9979827404022217, "mode": "train", "epoch": 41}
{"loss": 0.0783720538020134, "acc": 0.9836148619651794, "length": 4.0, "mode": "test", "epoch": 41}
{"loss": 0.020823873579502106, "acc": 0.9946045875549316, "length": 3.998946189880371, "mode": "train", "epoch": 42}
{"loss": 0.09171565622091293, "acc": 0.9815878868103027, "length": 4.0, "mode": "test", "epoch": 42}
{"loss": 0.038070667535066605, "acc": 0.9887179732322693, "length": 3.9981675148010254, "mode": "train", "epoch": 43}
{"loss": 0.07264693826436996, "acc": 0.9805743098258972, "length": 4.0, "mode": "test", "epoch": 43}
{"loss": 0.044916871935129166, "acc": 0.9850413203239441, "length": 3.9991719722747803, "mode": "train", "epoch": 44}
{"loss": 0.07951106876134872, "acc": 0.9837837219238281, "length": 4.0, "mode": "test", "epoch": 44}
{"loss": 0.03388166055083275, "acc": 0.9894552230834961, "length": 3.998971462249756, "mode": "train", "epoch": 45}
{"loss": 0.08778722584247589, "acc": 0.9768581986427307, "length": 4.0, "mode": "test", "epoch": 45}
{"loss": 0.02489483915269375, "acc": 0.9926228523254395, "length": 3.9990334510803223, "mode": "train", "epoch": 46}
{"loss": 0.05174758657813072, "acc": 0.9873310923576355, "length": 4.0, "mode": "test", "epoch": 46}
{"loss": 0.02188023179769516, "acc": 0.993689239025116, "length": 3.999099016189575, "mode": "train", "epoch": 47}
{"loss": 0.07529116421937943, "acc": 0.9858108758926392, "length": 4.0, "mode": "test", "epoch": 47}
{"loss": 0.014631078578531742, "acc": 0.9977734684944153, "length": 3.9992101192474365, "mode": "train", "epoch": 48}
{"loss": 0.06683812290430069, "acc": 0.988344669342041, "length": 4.0, "mode": "test", "epoch": 48}
{"loss": 0.016970504075288773, "acc": 0.9959025382995605, "length": 3.9992499351501465, "mode": "train", "epoch": 49}
{"loss": 0.051360584795475006, "acc": 0.9895271062850952, "length": 4.0, "mode": "test", "epoch": 49}
{"loss": 0.01727377250790596, "acc": 0.9964694976806641, "length": 3.9993367195129395, "mode": "train", "epoch": 50}
{"loss": 0.04473487660288811, "acc": 0.9910473227500916, "length": 4.0, "mode": "test", "epoch": 50}
{"loss": 0.012751930393278599, "acc": 0.9978430271148682, "length": 3.999680995941162, "mode": "train", "epoch": 51}
{"loss": 0.04186097905039787, "acc": 0.9912161827087402, "length": 4.0, "mode": "test", "epoch": 51}
{"loss": 0.014508719556033611, "acc": 0.9969159364700317, "length": 3.998833656311035, "mode": "train", "epoch": 52}
{"loss": 0.04862617701292038, "acc": 0.9907094836235046, "length": 4.0, "mode": "test", "epoch": 52}
{"loss": 0.01806611754000187, "acc": 0.9960763454437256, "length": 3.9994471073150635, "mode": "train", "epoch": 53}
{"loss": 0.06800471246242523, "acc": 0.9875000715255737, "length": 4.0, "mode": "test", "epoch": 53}
{"loss": 0.01689651422202587, "acc": 0.9967093467712402, "length": 3.9997036457061768, "mode": "train", "epoch": 54}
{"loss": 0.09452265501022339, "acc": 0.9805743098258972, "length": 4.0, "mode": "test", "epoch": 54}
{"loss": 0.010648458264768124, "acc": 0.9981695413589478, "length": 3.9992451667785645, "mode": "train", "epoch": 55}
{"loss": 0.08288165181875229, "acc": 0.9885135293006897, "length": 4.0, "mode": "test", "epoch": 55}
{"loss": 0.008406568318605423, "acc": 0.9975624084472656, "length": 3.999762773513794, "mode": "train", "epoch": 56}
{"loss": 0.07297168672084808, "acc": 0.9851353764533997, "length": 4.0, "mode": "test", "epoch": 56}
{"loss": 0.019814906641840935, "acc": 0.9955209493637085, "length": 3.9995675086975098, "mode": "train", "epoch": 57}
{"loss": 0.09794234484434128, "acc": 0.9800676107406616, "length": 4.0, "mode": "test", "epoch": 57}
{"loss": 0.015837421640753746, "acc": 0.9951286315917969, "length": 3.9996492862701416, "mode": "train", "epoch": 58}
{"loss": 0.04201614484190941, "acc": 0.990371584892273, "length": 4.0, "mode": "test", "epoch": 58}
{"loss": 0.018196098506450653, "acc": 0.996547281742096, "length": 3.9999117851257324, "mode": "train", "epoch": 59}
{"loss": 0.06787502765655518, "acc": 0.989358127117157, "length": 4.0, "mode": "test", "epoch": 59}
{"loss": 0.013627678155899048, "acc": 0.9961439967155457, "length": 3.999708414077759, "mode": "train", "epoch": 60}
{"loss": 0.0879329964518547, "acc": 0.9819257855415344, "length": 4.0, "mode": "test", "epoch": 60}
test accuracy: 0.7880768179893494
