# ["--attributes=3", "--values=16", "--game_size=10", "--vocab_size_factor=3", "--n_epochs=60", "--batch_size=64", "--learning_rate=0.0005", "--hidden_size=128", "--temp_update=0.99", "--temperature=1.5"]
Creating train_ds and val_ds...

Creating test_ds...
{"loss": 0.6955787539482117, "acc": 0.5074572563171387, "length": 3.5504331588745117, "mode": "train", "epoch": 1}
{"loss": 0.685482382774353, "acc": 0.5465572476387024, "length": 3.097972869873047, "mode": "test", "epoch": 1}
{"loss": 0.6922606229782104, "acc": 0.5142589807510376, "length": 3.4737071990966797, "mode": "train", "epoch": 2}
{"loss": 0.6727250218391418, "acc": 0.5556228756904602, "length": 3.1891891956329346, "mode": "test", "epoch": 2}
{"loss": 0.682513952255249, "acc": 0.5570125579833984, "length": 3.4533627033233643, "mode": "train", "epoch": 3}
{"loss": 0.6656770706176758, "acc": 0.5801657438278198, "length": 3.9087836742401123, "mode": "test", "epoch": 3}
{"loss": 0.6485126614570618, "acc": 0.6305095553398132, "length": 3.722600221633911, "mode": "train", "epoch": 4}
{"loss": 0.6044167876243591, "acc": 0.6888513565063477, "length": 4.0, "mode": "test", "epoch": 4}
{"loss": 0.5926894545555115, "acc": 0.6984127163887024, "length": 3.8927366733551025, "mode": "train", "epoch": 5}
{"loss": 0.5633792281150818, "acc": 0.7091216444969177, "length": 4.0, "mode": "test", "epoch": 5}
{"loss": 0.562311053276062, "acc": 0.705101728439331, "length": 3.958294153213501, "mode": "train", "epoch": 6}
{"loss": 0.5645380616188049, "acc": 0.6959459781646729, "length": 4.0, "mode": "test", "epoch": 6}
{"loss": 0.5518920421600342, "acc": 0.6966863870620728, "length": 3.968965530395508, "mode": "train", "epoch": 7}
{"loss": 0.5637533664703369, "acc": 0.709966242313385, "length": 4.0, "mode": "test", "epoch": 7}
{"loss": 0.5418183207511902, "acc": 0.714309811592102, "length": 3.9600636959075928, "mode": "train", "epoch": 8}
{"loss": 0.5651797652244568, "acc": 0.7153716087341309, "length": 4.0, "mode": "test", "epoch": 8}
{"loss": 0.527397871017456, "acc": 0.7469180226325989, "length": 3.9601593017578125, "mode": "train", "epoch": 9}
{"loss": 0.5669987797737122, "acc": 0.7175676226615906, "length": 4.0, "mode": "test", "epoch": 9}
{"loss": 0.5096421241760254, "acc": 0.7674652934074402, "length": 3.957566261291504, "mode": "train", "epoch": 10}
{"loss": 0.5463167428970337, "acc": 0.7434121966362, "length": 4.0, "mode": "test", "epoch": 10}
{"loss": 0.4898557662963867, "acc": 0.774317741394043, "length": 3.9711244106292725, "mode": "train", "epoch": 11}
{"loss": 0.5317563414573669, "acc": 0.7472972273826599, "length": 4.0, "mode": "test", "epoch": 11}
{"loss": 0.4782251715660095, "acc": 0.7794177532196045, "length": 3.9785265922546387, "mode": "train", "epoch": 12}
{"loss": 0.49932733178138733, "acc": 0.7603041529655457, "length": 4.0, "mode": "test", "epoch": 12}
{"loss": 0.469675213098526, "acc": 0.7884523272514343, "length": 3.9817276000976562, "mode": "train", "epoch": 13}
{"loss": 0.4969472587108612, "acc": 0.7596283555030823, "length": 4.0, "mode": "test", "epoch": 13}
{"loss": 0.45538389682769775, "acc": 0.7947931885719299, "length": 3.985156536102295, "mode": "train", "epoch": 14}
{"loss": 0.4864138066768646, "acc": 0.7761823534965515, "length": 4.0, "mode": "test", "epoch": 14}
{"loss": 0.44453564286231995, "acc": 0.800993025302887, "length": 3.988154172897339, "mode": "train", "epoch": 15}
{"loss": 0.470339834690094, "acc": 0.806587815284729, "length": 4.0, "mode": "test", "epoch": 15}
{"loss": 0.4326673448085785, "acc": 0.80816251039505, "length": 3.9883298873901367, "mode": "train", "epoch": 16}
{"loss": 0.45362433791160583, "acc": 0.8160473704338074, "length": 4.0, "mode": "test", "epoch": 16}
{"loss": 0.4188593327999115, "acc": 0.8145402669906616, "length": 3.991175413131714, "mode": "train", "epoch": 17}
{"loss": 0.4363739490509033, "acc": 0.8185811638832092, "length": 4.0, "mode": "test", "epoch": 17}
{"loss": 0.4020761549472809, "acc": 0.8264113664627075, "length": 3.992608070373535, "mode": "train", "epoch": 18}
{"loss": 0.41688084602355957, "acc": 0.8211149573326111, "length": 4.0, "mode": "test", "epoch": 18}
{"loss": 0.379224568605423, "acc": 0.8414124846458435, "length": 3.9941036701202393, "mode": "train", "epoch": 19}
{"loss": 0.3839397430419922, "acc": 0.8456081748008728, "length": 4.0, "mode": "test", "epoch": 19}
{"loss": 0.35359999537467957, "acc": 0.856638491153717, "length": 3.993044137954712, "mode": "train", "epoch": 20}
{"loss": 0.3747103214263916, "acc": 0.8527027368545532, "length": 4.0, "mode": "test", "epoch": 20}
{"loss": 0.33358022570610046, "acc": 0.8639339804649353, "length": 3.9963982105255127, "mode": "train", "epoch": 21}
{"loss": 0.36114010214805603, "acc": 0.8638513088226318, "length": 4.0, "mode": "test", "epoch": 21}
{"loss": 0.3250669538974762, "acc": 0.8623018860816956, "length": 3.9951417446136475, "mode": "train", "epoch": 22}
{"loss": 0.3512144684791565, "acc": 0.8652026057243347, "length": 4.0, "mode": "test", "epoch": 22}
{"loss": 0.31172364950180054, "acc": 0.8717555403709412, "length": 3.995487928390503, "mode": "train", "epoch": 23}
{"loss": 0.3323001563549042, "acc": 0.8679053783416748, "length": 4.0, "mode": "test", "epoch": 23}
{"loss": 0.30659037828445435, "acc": 0.8700159788131714, "length": 3.9968369007110596, "mode": "train", "epoch": 24}
{"loss": 0.3242129981517792, "acc": 0.8755067586898804, "length": 4.0, "mode": "test", "epoch": 24}
{"loss": 0.29745543003082275, "acc": 0.8775880336761475, "length": 3.9960286617279053, "mode": "train", "epoch": 25}
{"loss": 0.32499316334724426, "acc": 0.8760135769844055, "length": 4.0, "mode": "test", "epoch": 25}
{"loss": 0.29064029455184937, "acc": 0.8759616613388062, "length": 3.9979259967803955, "mode": "train", "epoch": 26}
{"loss": 0.32835063338279724, "acc": 0.8716216087341309, "length": 4.0, "mode": "test", "epoch": 26}
{"loss": 0.28460967540740967, "acc": 0.88200843334198, "length": 3.99788498878479, "mode": "train", "epoch": 27}
{"loss": 0.30758360028266907, "acc": 0.8682433366775513, "length": 4.0, "mode": "test", "epoch": 27}
{"loss": 0.27769526839256287, "acc": 0.8820377588272095, "length": 3.9973506927490234, "mode": "train", "epoch": 28}
{"loss": 0.3194747567176819, "acc": 0.8650338649749756, "length": 4.0, "mode": "test", "epoch": 28}
{"loss": 0.2728498578071594, "acc": 0.8872851133346558, "length": 3.99721360206604, "mode": "train", "epoch": 29}
{"loss": 0.28325214982032776, "acc": 0.8861486911773682, "length": 4.0, "mode": "test", "epoch": 29}
{"loss": 0.26219817996025085, "acc": 0.8904951810836792, "length": 3.996286630630493, "mode": "train", "epoch": 30}
{"loss": 0.27158722281455994, "acc": 0.8861486911773682, "length": 4.0, "mode": "test", "epoch": 30}
{"loss": 0.258090078830719, "acc": 0.8936964273452759, "length": 3.996710777282715, "mode": "train", "epoch": 31}
{"loss": 0.28126776218414307, "acc": 0.8814190030097961, "length": 4.0, "mode": "test", "epoch": 31}
{"loss": 0.2522711455821991, "acc": 0.8988908529281616, "length": 3.9987878799438477, "mode": "train", "epoch": 32}
{"loss": 0.2733249068260193, "acc": 0.8890202641487122, "length": 4.0, "mode": "test", "epoch": 32}
{"loss": 0.24763798713684082, "acc": 0.8985683917999268, "length": 3.999021291732788, "mode": "train", "epoch": 33}
{"loss": 0.2682582139968872, "acc": 0.8929054737091064, "length": 4.0, "mode": "test", "epoch": 33}
{"loss": 0.23670785129070282, "acc": 0.9059902429580688, "length": 3.999143123626709, "mode": "train", "epoch": 34}
{"loss": 0.2705352306365967, "acc": 0.8905407786369324, "length": 4.0, "mode": "test", "epoch": 34}
{"loss": 0.23352842032909393, "acc": 0.9081447720527649, "length": 3.9992001056671143, "mode": "train", "epoch": 35}
{"loss": 0.2529650330543518, "acc": 0.8954392671585083, "length": 4.0, "mode": "test", "epoch": 35}
{"loss": 0.22439196705818176, "acc": 0.9092251062393188, "length": 3.9978902339935303, "mode": "train", "epoch": 36}
{"loss": 0.24177245795726776, "acc": 0.8986486196517944, "length": 4.0, "mode": "test", "epoch": 36}
{"loss": 0.2235623002052307, "acc": 0.9081910848617554, "length": 3.9985241889953613, "mode": "train", "epoch": 37}
{"loss": 0.24877014756202698, "acc": 0.8937500715255737, "length": 4.0, "mode": "test", "epoch": 37}
{"loss": 0.220323845744133, "acc": 0.908584475517273, "length": 3.998756170272827, "mode": "train", "epoch": 38}
{"loss": 0.22931504249572754, "acc": 0.9079391956329346, "length": 4.0, "mode": "test", "epoch": 38}
{"loss": 0.2120707482099533, "acc": 0.9166352152824402, "length": 3.9993209838867188, "mode": "train", "epoch": 39}
{"loss": 0.21976807713508606, "acc": 0.9146958589553833, "length": 4.0, "mode": "test", "epoch": 39}
{"loss": 0.20741476118564606, "acc": 0.9188393950462341, "length": 3.9994003772735596, "mode": "train", "epoch": 40}
{"loss": 0.22021853923797607, "acc": 0.918919026851654, "length": 4.0, "mode": "test", "epoch": 40}
{"loss": 0.2017873376607895, "acc": 0.9197665452957153, "length": 3.9996232986450195, "mode": "train", "epoch": 41}
{"loss": 0.22207176685333252, "acc": 0.9131757616996765, "length": 4.0, "mode": "test", "epoch": 41}
{"loss": 0.19486521184444427, "acc": 0.9210901260375977, "length": 3.998788595199585, "mode": "train", "epoch": 42}
{"loss": 0.21902577579021454, "acc": 0.9106419682502747, "length": 4.0, "mode": "test", "epoch": 42}
{"loss": 0.19099591672420502, "acc": 0.9263221621513367, "length": 3.9995810985565186, "mode": "train", "epoch": 43}
{"loss": 0.22019879519939423, "acc": 0.9160473942756653, "length": 4.0, "mode": "test", "epoch": 43}
{"loss": 0.1901613026857376, "acc": 0.9273948073387146, "length": 3.998990774154663, "mode": "train", "epoch": 44}
{"loss": 0.20520372688770294, "acc": 0.9214525818824768, "length": 4.0, "mode": "test", "epoch": 44}
{"loss": 0.18711194396018982, "acc": 0.925903856754303, "length": 3.998814344406128, "mode": "train", "epoch": 45}
{"loss": 0.20903025567531586, "acc": 0.9253376126289368, "length": 4.0, "mode": "test", "epoch": 45}
{"loss": 0.18792904913425446, "acc": 0.9299125671386719, "length": 3.9991726875305176, "mode": "train", "epoch": 46}
{"loss": 0.19693240523338318, "acc": 0.9317567944526672, "length": 4.0, "mode": "test", "epoch": 46}
{"loss": 0.1812228113412857, "acc": 0.9315692782402039, "length": 3.998990774154663, "mode": "train", "epoch": 47}
{"loss": 0.19972091913223267, "acc": 0.9263514876365662, "length": 4.0, "mode": "test", "epoch": 47}
{"loss": 0.17671909928321838, "acc": 0.933451771736145, "length": 3.999650478363037, "mode": "train", "epoch": 48}
{"loss": 0.19912083446979523, "acc": 0.9307432174682617, "length": 4.0, "mode": "test", "epoch": 48}
{"loss": 0.17645718157291412, "acc": 0.9341487884521484, "length": 3.9989211559295654, "mode": "train", "epoch": 49}
{"loss": 0.19616244733333588, "acc": 0.9310812950134277, "length": 4.0, "mode": "test", "epoch": 49}
{"loss": 0.16824676096439362, "acc": 0.9367120862007141, "length": 3.998940944671631, "mode": "train", "epoch": 50}
{"loss": 0.18666668236255646, "acc": 0.931587815284729, "length": 4.0, "mode": "test", "epoch": 50}
{"loss": 0.16118590533733368, "acc": 0.9409725069999695, "length": 3.9996371269226074, "mode": "train", "epoch": 51}
{"loss": 0.1927541047334671, "acc": 0.9312499761581421, "length": 4.0, "mode": "test", "epoch": 51}
{"loss": 0.15426111221313477, "acc": 0.9432873725891113, "length": 3.999642848968506, "mode": "train", "epoch": 52}
{"loss": 0.195086270570755, "acc": 0.9324324131011963, "length": 4.0, "mode": "test", "epoch": 52}
{"loss": 0.15953536331653595, "acc": 0.9405176043510437, "length": 3.99955415725708, "mode": "train", "epoch": 53}
{"loss": 0.1675563007593155, "acc": 0.9472972750663757, "length": 4.0, "mode": "test", "epoch": 53}
{"loss": 0.14991621673107147, "acc": 0.9466379284858704, "length": 3.9996519088745117, "mode": "train", "epoch": 54}
{"loss": 0.1482471227645874, "acc": 0.947128415107727, "length": 4.0, "mode": "test", "epoch": 54}
{"loss": 0.1491590291261673, "acc": 0.9478312134742737, "length": 3.9997825622558594, "mode": "train", "epoch": 55}
{"loss": 0.15448160469532013, "acc": 0.9476351141929626, "length": 4.0, "mode": "test", "epoch": 55}
{"loss": 0.14674432575702667, "acc": 0.9503717422485352, "length": 3.999713659286499, "mode": "train", "epoch": 56}
{"loss": 0.16068606078624725, "acc": 0.9429054260253906, "length": 4.0, "mode": "test", "epoch": 56}
{"loss": 0.1442132592201233, "acc": 0.9506072402000427, "length": 3.999861717224121, "mode": "train", "epoch": 57}
{"loss": 0.1496395319700241, "acc": 0.95118248462677, "length": 4.0, "mode": "test", "epoch": 57}
{"loss": 0.14677107334136963, "acc": 0.9453285336494446, "length": 3.999660015106201, "mode": "train", "epoch": 58}
{"loss": 0.17549031972885132, "acc": 0.9388511180877686, "length": 4.0, "mode": "test", "epoch": 58}
{"loss": 0.13829725980758667, "acc": 0.9493674635887146, "length": 3.9998791217803955, "mode": "train", "epoch": 59}
{"loss": 0.16546505689620972, "acc": 0.9423986077308655, "length": 4.0, "mode": "test", "epoch": 59}
{"loss": 0.12964986264705658, "acc": 0.9553617835044861, "length": 3.999876022338867, "mode": "train", "epoch": 60}
{"loss": 0.172005757689476, "acc": 0.9407094120979309, "length": 4.0, "mode": "test", "epoch": 60}
test accuracy: 0.7232692241668701
