# ["--attributes=3", "--values=16", "--game_size=10", "--vocab_size_factor=3", "--n_epochs=60", "--batch_size=64", "--learning_rate=0.0005", "--hidden_size=128", "--temp_update=0.99", "--temperature=2"]
Creating train_ds and val_ds...

Creating test_ds...
{"loss": 0.6960722208023071, "acc": 0.5110825300216675, "length": 3.536386489868164, "mode": "train", "epoch": 1}
{"loss": 0.685026228427887, "acc": 0.5558539628982544, "length": 1.0625, "mode": "test", "epoch": 1}
{"loss": 0.6887269616127014, "acc": 0.5269551873207092, "length": 3.49595046043396, "mode": "train", "epoch": 2}
{"loss": 0.6600646376609802, "acc": 0.6288357973098755, "length": 2.6145832538604736, "mode": "test", "epoch": 2}
{"loss": 0.6833553910255432, "acc": 0.5515462160110474, "length": 3.5015628337860107, "mode": "train", "epoch": 3}
{"loss": 0.6409534811973572, "acc": 0.6852241158485413, "length": 3.6875, "mode": "test", "epoch": 3}
{"loss": 0.6598823666572571, "acc": 0.611362099647522, "length": 3.5704331398010254, "mode": "train", "epoch": 4}
{"loss": 0.6022267937660217, "acc": 0.7097222805023193, "length": 4.0, "mode": "test", "epoch": 4}
{"loss": 0.5972509384155273, "acc": 0.6825404763221741, "length": 3.8311121463775635, "mode": "train", "epoch": 5}
{"loss": 0.5527309775352478, "acc": 0.7309027314186096, "length": 4.0, "mode": "test", "epoch": 5}
{"loss": 0.547034740447998, "acc": 0.7184404134750366, "length": 3.924821138381958, "mode": "train", "epoch": 6}
{"loss": 0.550789475440979, "acc": 0.7274305820465088, "length": 4.0, "mode": "test", "epoch": 6}
{"loss": 0.5332130789756775, "acc": 0.7140530347824097, "length": 3.940075635910034, "mode": "train", "epoch": 7}
{"loss": 0.5404567122459412, "acc": 0.7157986164093018, "length": 4.0, "mode": "test", "epoch": 7}
{"loss": 0.5229347944259644, "acc": 0.7124993205070496, "length": 3.943882703781128, "mode": "train", "epoch": 8}
{"loss": 0.5372488498687744, "acc": 0.7246527075767517, "length": 4.0, "mode": "test", "epoch": 8}
{"loss": 0.5094345808029175, "acc": 0.7284185290336609, "length": 3.954960584640503, "mode": "train", "epoch": 9}
{"loss": 0.5282557010650635, "acc": 0.7345486879348755, "length": 4.0, "mode": "test", "epoch": 9}
{"loss": 0.4940418601036072, "acc": 0.742201566696167, "length": 3.963468074798584, "mode": "train", "epoch": 10}
{"loss": 0.5139840841293335, "acc": 0.7532985210418701, "length": 4.0, "mode": "test", "epoch": 10}
{"loss": 0.47685301303863525, "acc": 0.7699120044708252, "length": 3.9727864265441895, "mode": "train", "epoch": 11}
{"loss": 0.49915844202041626, "acc": 0.7746527194976807, "length": 4.0, "mode": "test", "epoch": 11}
{"loss": 0.46086540818214417, "acc": 0.7814574837684631, "length": 3.9800503253936768, "mode": "train", "epoch": 12}
{"loss": 0.4959016740322113, "acc": 0.7763888835906982, "length": 4.0, "mode": "test", "epoch": 12}
{"loss": 0.4433180093765259, "acc": 0.7942752838134766, "length": 3.983060359954834, "mode": "train", "epoch": 13}
{"loss": 0.4704093039035797, "acc": 0.7871527075767517, "length": 4.0, "mode": "test", "epoch": 13}
{"loss": 0.43897873163223267, "acc": 0.7997143268585205, "length": 3.987278699874878, "mode": "train", "epoch": 14}
{"loss": 0.4671948552131653, "acc": 0.7847222089767456, "length": 4.0, "mode": "test", "epoch": 14}
{"loss": 0.4360220730304718, "acc": 0.8030065298080444, "length": 3.9891722202301025, "mode": "train", "epoch": 15}
{"loss": 0.4584678113460541, "acc": 0.7949652075767517, "length": 4.0, "mode": "test", "epoch": 15}
{"loss": 0.4292139410972595, "acc": 0.801003634929657, "length": 3.990936279296875, "mode": "train", "epoch": 16}
{"loss": 0.45833155512809753, "acc": 0.8024305105209351, "length": 4.0, "mode": "test", "epoch": 16}
{"loss": 0.42393210530281067, "acc": 0.8009847402572632, "length": 3.992384910583496, "mode": "train", "epoch": 17}
{"loss": 0.44573506712913513, "acc": 0.8029513955116272, "length": 4.0, "mode": "test", "epoch": 17}
{"loss": 0.4173182547092438, "acc": 0.8095410466194153, "length": 3.9927475452423096, "mode": "train", "epoch": 18}
{"loss": 0.45205146074295044, "acc": 0.7979167103767395, "length": 4.0, "mode": "test", "epoch": 18}
{"loss": 0.40797990560531616, "acc": 0.8142452239990234, "length": 3.9933319091796875, "mode": "train", "epoch": 19}
{"loss": 0.4373380243778229, "acc": 0.807812511920929, "length": 4.0, "mode": "test", "epoch": 19}
{"loss": 0.3995179235935211, "acc": 0.8212919235229492, "length": 3.994011640548706, "mode": "train", "epoch": 20}
{"loss": 0.40930649638175964, "acc": 0.8184027075767517, "length": 4.0, "mode": "test", "epoch": 20}
{"loss": 0.38447484374046326, "acc": 0.8293280005455017, "length": 3.995317220687866, "mode": "train", "epoch": 21}
{"loss": 0.4018617272377014, "acc": 0.8314235210418701, "length": 4.0, "mode": "test", "epoch": 21}
{"loss": 0.36812320351600647, "acc": 0.8373920321464539, "length": 3.9961297512054443, "mode": "train", "epoch": 22}
{"loss": 0.41149449348449707, "acc": 0.8305554986000061, "length": 4.0, "mode": "test", "epoch": 22}
{"loss": 0.3551068902015686, "acc": 0.8393534421920776, "length": 3.9958043098449707, "mode": "train", "epoch": 23}
{"loss": 0.37536048889160156, "acc": 0.8385416865348816, "length": 4.0, "mode": "test", "epoch": 23}
{"loss": 0.3460606336593628, "acc": 0.8425771594047546, "length": 3.9963362216949463, "mode": "train", "epoch": 24}
{"loss": 0.3747797906398773, "acc": 0.8413195013999939, "length": 4.0, "mode": "test", "epoch": 24}
{"loss": 0.3386232554912567, "acc": 0.8417364954948425, "length": 3.996757745742798, "mode": "train", "epoch": 25}
{"loss": 0.36236080527305603, "acc": 0.8517362475395203, "length": 4.0, "mode": "test", "epoch": 25}
{"loss": 0.32673677802085876, "acc": 0.8501225113868713, "length": 3.9961748123168945, "mode": "train", "epoch": 26}
{"loss": 0.3586840033531189, "acc": 0.8428819179534912, "length": 4.0, "mode": "test", "epoch": 26}
{"loss": 0.313184916973114, "acc": 0.8594728708267212, "length": 3.996744394302368, "mode": "train", "epoch": 27}
{"loss": 0.3745056092739105, "acc": 0.8453124165534973, "length": 4.0, "mode": "test", "epoch": 27}
{"loss": 0.3070141673088074, "acc": 0.8611408472061157, "length": 3.996530771255493, "mode": "train", "epoch": 28}
{"loss": 0.35911643505096436, "acc": 0.8458333015441895, "length": 4.0, "mode": "test", "epoch": 28}
{"loss": 0.3025261163711548, "acc": 0.8697778582572937, "length": 3.9965856075286865, "mode": "train", "epoch": 29}
{"loss": 0.3436228930950165, "acc": 0.8484375476837158, "length": 4.0, "mode": "test", "epoch": 29}
{"loss": 0.2919815480709076, "acc": 0.8763040900230408, "length": 3.997676372528076, "mode": "train", "epoch": 30}
{"loss": 0.33483320474624634, "acc": 0.8515625596046448, "length": 4.0, "mode": "test", "epoch": 30}
{"loss": 0.28216463327407837, "acc": 0.8803602457046509, "length": 3.997697353363037, "mode": "train", "epoch": 31}
{"loss": 0.32966557145118713, "acc": 0.8522568345069885, "length": 4.0, "mode": "test", "epoch": 31}
{"loss": 0.2808240056037903, "acc": 0.8852630853652954, "length": 3.997185230255127, "mode": "train", "epoch": 32}
{"loss": 0.3336493670940399, "acc": 0.8493055701255798, "length": 4.0, "mode": "test", "epoch": 32}
{"loss": 0.2757386565208435, "acc": 0.8826785087585449, "length": 3.9976727962493896, "mode": "train", "epoch": 33}
{"loss": 0.3221369683742523, "acc": 0.8541666269302368, "length": 4.0, "mode": "test", "epoch": 33}
{"loss": 0.2668873965740204, "acc": 0.8897749185562134, "length": 3.9981539249420166, "mode": "train", "epoch": 34}
{"loss": 0.31319472193717957, "acc": 0.8732638955116272, "length": 4.0, "mode": "test", "epoch": 34}
{"loss": 0.2538696527481079, "acc": 0.8998123407363892, "length": 3.99741530418396, "mode": "train", "epoch": 35}
{"loss": 0.29318708181381226, "acc": 0.8782985210418701, "length": 4.0, "mode": "test", "epoch": 35}
{"loss": 0.2478281408548355, "acc": 0.9030417799949646, "length": 3.9980814456939697, "mode": "train", "epoch": 36}
{"loss": 0.28130409121513367, "acc": 0.8807291984558105, "length": 4.0, "mode": "test", "epoch": 36}
{"loss": 0.2381327897310257, "acc": 0.9035329222679138, "length": 3.9974558353424072, "mode": "train", "epoch": 37}
{"loss": 0.28731387853622437, "acc": 0.8824653029441833, "length": 4.0, "mode": "test", "epoch": 37}
{"loss": 0.2321835458278656, "acc": 0.9067773222923279, "length": 3.9986422061920166, "mode": "train", "epoch": 38}
{"loss": 0.28030258417129517, "acc": 0.8847222924232483, "length": 4.0, "mode": "test", "epoch": 38}
{"loss": 0.2253141701221466, "acc": 0.9095119833946228, "length": 3.9987072944641113, "mode": "train", "epoch": 39}
{"loss": 0.2697318494319916, "acc": 0.8939235210418701, "length": 4.0, "mode": "test", "epoch": 39}
{"loss": 0.22245201468467712, "acc": 0.9138700366020203, "length": 3.9989240169525146, "mode": "train", "epoch": 40}
{"loss": 0.26249000430107117, "acc": 0.8928819298744202, "length": 4.0, "mode": "test", "epoch": 40}
{"loss": 0.22192640602588654, "acc": 0.915603518486023, "length": 3.998900890350342, "mode": "train", "epoch": 41}
{"loss": 0.25468406081199646, "acc": 0.8949652910232544, "length": 4.0, "mode": "test", "epoch": 41}
{"loss": 0.21121063828468323, "acc": 0.915729284286499, "length": 3.999100685119629, "mode": "train", "epoch": 42}
{"loss": 0.26464635133743286, "acc": 0.8951389789581299, "length": 4.0, "mode": "test", "epoch": 42}
{"loss": 0.20536385476589203, "acc": 0.9142771363258362, "length": 3.9990358352661133, "mode": "train", "epoch": 43}
{"loss": 0.2572643458843231, "acc": 0.8961805701255798, "length": 4.0, "mode": "test", "epoch": 43}
{"loss": 0.19990240037441254, "acc": 0.9178839921951294, "length": 3.9992575645446777, "mode": "train", "epoch": 44}
{"loss": 0.2538343369960785, "acc": 0.8980902433395386, "length": 4.0, "mode": "test", "epoch": 44}
{"loss": 0.20382550358772278, "acc": 0.9171907901763916, "length": 3.9993324279785156, "mode": "train", "epoch": 45}
{"loss": 0.24303801357746124, "acc": 0.9076388478279114, "length": 4.0, "mode": "test", "epoch": 45}
{"loss": 0.19871647655963898, "acc": 0.9204343557357788, "length": 3.9992077350616455, "mode": "train", "epoch": 46}
{"loss": 0.24487562477588654, "acc": 0.9104166030883789, "length": 4.0, "mode": "test", "epoch": 46}
{"loss": 0.18715789914131165, "acc": 0.9206656813621521, "length": 3.9990298748016357, "mode": "train", "epoch": 47}
{"loss": 0.22513602674007416, "acc": 0.9135416746139526, "length": 4.0, "mode": "test", "epoch": 47}
{"loss": 0.18957021832466125, "acc": 0.9212608337402344, "length": 3.999460220336914, "mode": "train", "epoch": 48}
{"loss": 0.22571615874767303, "acc": 0.9152777791023254, "length": 4.0, "mode": "test", "epoch": 48}
{"loss": 0.18422025442123413, "acc": 0.923921525478363, "length": 3.999342918395996, "mode": "train", "epoch": 49}
{"loss": 0.21581721305847168, "acc": 0.9168403148651123, "length": 4.0, "mode": "test", "epoch": 49}
{"loss": 0.17546416819095612, "acc": 0.930304229259491, "length": 3.9994373321533203, "mode": "train", "epoch": 50}
{"loss": 0.18697555363178253, "acc": 0.9246528148651123, "length": 4.0, "mode": "test", "epoch": 50}
{"loss": 0.16840140521526337, "acc": 0.9329069256782532, "length": 3.999333381652832, "mode": "train", "epoch": 51}
{"loss": 0.19108597934246063, "acc": 0.9236111044883728, "length": 4.0, "mode": "test", "epoch": 51}
{"loss": 0.16658107936382294, "acc": 0.9330823421478271, "length": 3.999311685562134, "mode": "train", "epoch": 52}
{"loss": 0.19492752850055695, "acc": 0.9194445013999939, "length": 4.0, "mode": "test", "epoch": 52}
{"loss": 0.16774776577949524, "acc": 0.9338194727897644, "length": 3.9987926483154297, "mode": "train", "epoch": 53}
{"loss": 0.16979604959487915, "acc": 0.925868034362793, "length": 4.0, "mode": "test", "epoch": 53}
{"loss": 0.16444618999958038, "acc": 0.9363903999328613, "length": 3.9993669986724854, "mode": "train", "epoch": 54}
{"loss": 0.17359526455402374, "acc": 0.9281250834465027, "length": 4.0, "mode": "test", "epoch": 54}
{"loss": 0.16631105542182922, "acc": 0.9341923594474792, "length": 3.9995081424713135, "mode": "train", "epoch": 55}
{"loss": 0.162962406873703, "acc": 0.9354167580604553, "length": 4.0, "mode": "test", "epoch": 55}
{"loss": 0.15794169902801514, "acc": 0.9369879364967346, "length": 3.9996590614318848, "mode": "train", "epoch": 56}
{"loss": 0.1718338578939438, "acc": 0.9251735210418701, "length": 4.0, "mode": "test", "epoch": 56}
{"loss": 0.15528863668441772, "acc": 0.9371006488800049, "length": 3.999652862548828, "mode": "train", "epoch": 57}
{"loss": 0.16432088613510132, "acc": 0.9302083253860474, "length": 4.0, "mode": "test", "epoch": 57}
{"loss": 0.15128031373023987, "acc": 0.9386059045791626, "length": 3.9995641708374023, "mode": "train", "epoch": 58}
{"loss": 0.15737736225128174, "acc": 0.9343750476837158, "length": 4.0, "mode": "test", "epoch": 58}
{"loss": 0.1481352299451828, "acc": 0.9434830546379089, "length": 3.9996719360351562, "mode": "train", "epoch": 59}
{"loss": 0.16903911530971527, "acc": 0.9270832538604736, "length": 4.0, "mode": "test", "epoch": 59}
{"loss": 0.14765958487987518, "acc": 0.9405714869499207, "length": 3.999321699142456, "mode": "train", "epoch": 60}
{"loss": 0.1862405240535736, "acc": 0.9296875, "length": 4.0, "mode": "test", "epoch": 60}
test accuracy: 0.7972413897514343
