# ["--attributes=3", "--values=16", "--game_size=10", "--vocab_size_factor=3", "--n_epochs=60", "--batch_size=64", "--learning_rate=0.0005", "--hidden_size=256", "--temp_update=0.97", "--temperature=1"]
Creating train_ds and val_ds...

Creating test_ds...
{"loss": 0.7026873230934143, "acc": 0.5106642842292786, "length": 3.4127063751220703, "mode": "train", "epoch": 1}
{"loss": 0.7008886337280273, "acc": 0.4939236044883728, "length": 1.0, "mode": "test", "epoch": 1}
{"loss": 0.6870394945144653, "acc": 0.5482475757598877, "length": 2.4152324199676514, "mode": "train", "epoch": 2}
{"loss": 0.6490080952644348, "acc": 0.6555772423744202, "length": 2.125, "mode": "test", "epoch": 2}
{"loss": 0.6237613558769226, "acc": 0.6793020367622375, "length": 2.6672396659851074, "mode": "train", "epoch": 3}
{"loss": 0.5504194498062134, "acc": 0.7519748210906982, "length": 2.875, "mode": "test", "epoch": 3}
{"loss": 0.5385575294494629, "acc": 0.735501229763031, "length": 2.987135648727417, "mode": "train", "epoch": 4}
{"loss": 0.48413774371147156, "acc": 0.7896349430084229, "length": 3.1041667461395264, "mode": "test", "epoch": 4}
{"loss": 0.4746478199958801, "acc": 0.7882487773895264, "length": 3.299640417098999, "mode": "train", "epoch": 5}
{"loss": 0.45246440172195435, "acc": 0.7918456792831421, "length": 3.4791667461395264, "mode": "test", "epoch": 5}
{"loss": 0.4345424175262451, "acc": 0.8107446432113647, "length": 3.4758236408233643, "mode": "train", "epoch": 6}
{"loss": 0.4093337953090668, "acc": 0.834323525428772, "length": 3.618055582046509, "mode": "test", "epoch": 6}
{"loss": 0.4035114645957947, "acc": 0.8291072249412537, "length": 3.636345386505127, "mode": "train", "epoch": 7}
{"loss": 0.40700826048851013, "acc": 0.8357829451560974, "length": 3.8125, "mode": "test", "epoch": 7}
{"loss": 0.3890896141529083, "acc": 0.838353157043457, "length": 3.7266173362731934, "mode": "train", "epoch": 8}
{"loss": 0.3885705769062042, "acc": 0.8394097685813904, "length": 3.7361111640930176, "mode": "test", "epoch": 8}
{"loss": 0.3790721595287323, "acc": 0.8434089422225952, "length": 3.7355382442474365, "mode": "train", "epoch": 9}
{"loss": 0.3984008729457855, "acc": 0.8311931490898132, "length": 3.8541667461395264, "mode": "test", "epoch": 9}
{"loss": 0.36865106225013733, "acc": 0.843438446521759, "length": 3.793722152709961, "mode": "train", "epoch": 10}
{"loss": 0.37604010105133057, "acc": 0.8470323085784912, "length": 3.7916667461395264, "mode": "test", "epoch": 10}
{"loss": 0.36038437485694885, "acc": 0.8468462824821472, "length": 3.801712989807129, "mode": "train", "epoch": 11}
{"loss": 0.3664224147796631, "acc": 0.8470920920372009, "length": 3.7673611640930176, "mode": "test", "epoch": 11}
{"loss": 0.3581468462944031, "acc": 0.8522384166717529, "length": 3.8025598526000977, "mode": "train", "epoch": 12}
{"loss": 0.385118305683136, "acc": 0.8418943881988525, "length": 3.9236111640930176, "mode": "test", "epoch": 12}
{"loss": 0.35030296444892883, "acc": 0.8522579669952393, "length": 3.828725814819336, "mode": "train", "epoch": 13}
{"loss": 0.35347849130630493, "acc": 0.8590521812438965, "length": 3.777777671813965, "mode": "test", "epoch": 13}
{"loss": 0.3406147062778473, "acc": 0.8588830828666687, "length": 3.8150086402893066, "mode": "train", "epoch": 14}
{"loss": 0.3527609407901764, "acc": 0.8589680194854736, "length": 3.819444417953491, "mode": "test", "epoch": 14}
{"loss": 0.33871516585350037, "acc": 0.8606213927268982, "length": 3.8383431434631348, "mode": "train", "epoch": 15}
{"loss": 0.35571524500846863, "acc": 0.8565402626991272, "length": 3.815972328186035, "mode": "test", "epoch": 15}
{"loss": 0.33346912264823914, "acc": 0.859031617641449, "length": 3.82772159576416, "mode": "train", "epoch": 16}
{"loss": 0.34915614128112793, "acc": 0.8549777269363403, "length": 3.840277671813965, "mode": "test", "epoch": 16}
{"loss": 0.3364105820655823, "acc": 0.8622580766677856, "length": 3.8535335063934326, "mode": "train", "epoch": 17}
{"loss": 0.3536635935306549, "acc": 0.8568359613418579, "length": 3.8298611640930176, "mode": "test", "epoch": 17}
{"loss": 0.33394816517829895, "acc": 0.8626298308372498, "length": 3.8453128337860107, "mode": "train", "epoch": 18}
{"loss": 0.35435551404953003, "acc": 0.8624999523162842, "length": 3.840277671813965, "mode": "test", "epoch": 18}
{"loss": 0.32631418108940125, "acc": 0.8667263388633728, "length": 3.8681516647338867, "mode": "train", "epoch": 19}
{"loss": 0.3431870639324188, "acc": 0.8621880412101746, "length": 3.8611111640930176, "mode": "test", "epoch": 19}
{"loss": 0.32437169551849365, "acc": 0.8647298812866211, "length": 3.861602783203125, "mode": "train", "epoch": 20}
{"loss": 0.33238402009010315, "acc": 0.8654541969299316, "length": 3.836805582046509, "mode": "test", "epoch": 20}
{"loss": 0.31993600726127625, "acc": 0.8702065348625183, "length": 3.86344838142395, "mode": "train", "epoch": 21}
{"loss": 0.33454567193984985, "acc": 0.8583659529685974, "length": 3.8541667461395264, "mode": "test", "epoch": 21}
{"loss": 0.3093751072883606, "acc": 0.8695055842399597, "length": 3.8759820461273193, "mode": "train", "epoch": 22}
{"loss": 0.33478179574012756, "acc": 0.8624944686889648, "length": 3.8576388359069824, "mode": "test", "epoch": 22}
{"loss": 0.30812370777130127, "acc": 0.8716241121292114, "length": 3.8930227756500244, "mode": "train", "epoch": 23}
{"loss": 0.33383116126060486, "acc": 0.8609890341758728, "length": 3.8541667461395264, "mode": "test", "epoch": 23}
{"loss": 0.30511343479156494, "acc": 0.8712552785873413, "length": 3.871669292449951, "mode": "train", "epoch": 24}
{"loss": 0.3327830731868744, "acc": 0.8699109554290771, "length": 3.850694417953491, "mode": "test", "epoch": 24}
{"loss": 0.3028391897678375, "acc": 0.8729457855224609, "length": 3.8671936988830566, "mode": "train", "epoch": 25}
{"loss": 0.3257783353328705, "acc": 0.8691678643226624, "length": 3.847222328186035, "mode": "test", "epoch": 25}
{"loss": 0.291497141122818, "acc": 0.8758270740509033, "length": 3.882883310317993, "mode": "train", "epoch": 26}
{"loss": 0.3320830762386322, "acc": 0.8722927570343018, "length": 3.875, "mode": "test", "epoch": 26}
{"loss": 0.28711360692977905, "acc": 0.8786493539810181, "length": 3.9107186794281006, "mode": "train", "epoch": 27}
{"loss": 0.32883891463279724, "acc": 0.8715846538543701, "length": 3.913194417953491, "mode": "test", "epoch": 27}
{"loss": 0.28870606422424316, "acc": 0.8799698352813721, "length": 3.9529507160186768, "mode": "train", "epoch": 28}
{"loss": 0.3263537585735321, "acc": 0.8782687783241272, "length": 3.9513888359069824, "mode": "test", "epoch": 28}
{"loss": 0.2901236414909363, "acc": 0.8765488266944885, "length": 3.9609203338623047, "mode": "train", "epoch": 29}
{"loss": 0.31665506958961487, "acc": 0.8774278163909912, "length": 3.9270832538604736, "mode": "test", "epoch": 29}
{"loss": 0.28535616397857666, "acc": 0.8818475008010864, "length": 3.95558762550354, "mode": "train", "epoch": 30}
{"loss": 0.3439229726791382, "acc": 0.8722276091575623, "length": 3.9201388359069824, "mode": "test", "epoch": 30}
{"loss": 0.28968605399131775, "acc": 0.8834106922149658, "length": 3.960444450378418, "mode": "train", "epoch": 31}
{"loss": 0.32088151574134827, "acc": 0.8794216513633728, "length": 3.9270832538604736, "mode": "test", "epoch": 31}
{"loss": 0.2795460820198059, "acc": 0.8841785192489624, "length": 3.954247236251831, "mode": "train", "epoch": 32}
{"loss": 0.3317238986492157, "acc": 0.87255859375, "length": 3.965277671813965, "mode": "test", "epoch": 32}
{"loss": 0.2728366553783417, "acc": 0.8912484645843506, "length": 3.9717655181884766, "mode": "train", "epoch": 33}
{"loss": 0.3052232265472412, "acc": 0.8825846910476685, "length": 3.9270832538604736, "mode": "test", "epoch": 33}
{"loss": 0.2713075280189514, "acc": 0.8956440687179565, "length": 3.9614994525909424, "mode": "train", "epoch": 34}
{"loss": 0.2984168827533722, "acc": 0.8885173201560974, "length": 3.993055582046509, "mode": "test", "epoch": 34}
{"loss": 0.26043325662612915, "acc": 0.9007992744445801, "length": 3.9729065895080566, "mode": "train", "epoch": 35}
{"loss": 0.3095313012599945, "acc": 0.8873264789581299, "length": 4.0, "mode": "test", "epoch": 35}
{"loss": 0.24997851252555847, "acc": 0.907034695148468, "length": 3.9832162857055664, "mode": "train", "epoch": 36}
{"loss": 0.28578516840934753, "acc": 0.8982638120651245, "length": 4.0, "mode": "test", "epoch": 36}
{"loss": 0.23924857378005981, "acc": 0.9104750156402588, "length": 3.992676258087158, "mode": "train", "epoch": 37}
{"loss": 0.26976820826530457, "acc": 0.8999999165534973, "length": 4.0, "mode": "test", "epoch": 37}
{"loss": 0.2412731796503067, "acc": 0.9058256149291992, "length": 3.99157452583313, "mode": "train", "epoch": 38}
{"loss": 0.27139249444007874, "acc": 0.9001736044883728, "length": 4.0, "mode": "test", "epoch": 38}
{"loss": 0.2212439775466919, "acc": 0.9182602763175964, "length": 3.9988551139831543, "mode": "train", "epoch": 39}
{"loss": 0.2759440839290619, "acc": 0.9034721851348877, "length": 4.0, "mode": "test", "epoch": 39}
{"loss": 0.22493045032024384, "acc": 0.9165058732032776, "length": 3.998673915863037, "mode": "train", "epoch": 40}
{"loss": 0.2704332172870636, "acc": 0.9086804986000061, "length": 4.0, "mode": "test", "epoch": 40}
{"loss": 0.22268187999725342, "acc": 0.9175463914871216, "length": 3.9992995262145996, "mode": "train", "epoch": 41}
{"loss": 0.2706817090511322, "acc": 0.9045138955116272, "length": 4.0, "mode": "test", "epoch": 41}
{"loss": 0.2236207127571106, "acc": 0.9172313809394836, "length": 3.9968130588531494, "mode": "train", "epoch": 42}
{"loss": 0.26070770621299744, "acc": 0.9053819179534912, "length": 4.0, "mode": "test", "epoch": 42}
{"loss": 0.23140431940555573, "acc": 0.9109148979187012, "length": 3.9953408241271973, "mode": "train", "epoch": 43}
{"loss": 0.27289822697639465, "acc": 0.9064236879348755, "length": 4.0, "mode": "test", "epoch": 43}
{"loss": 0.22501343488693237, "acc": 0.9134780764579773, "length": 3.9976305961608887, "mode": "train", "epoch": 44}
{"loss": 0.26480039954185486, "acc": 0.8994792103767395, "length": 4.0, "mode": "test", "epoch": 44}
{"loss": 0.22164714336395264, "acc": 0.9153655767440796, "length": 3.9996612071990967, "mode": "train", "epoch": 45}
{"loss": 0.2657043933868408, "acc": 0.9060763120651245, "length": 4.0, "mode": "test", "epoch": 45}
{"loss": 0.22774037718772888, "acc": 0.9173141717910767, "length": 3.9972083568573, "mode": "train", "epoch": 46}
{"loss": 0.30326738953590393, "acc": 0.8888888359069824, "length": 4.0, "mode": "test", "epoch": 46}
{"loss": 0.2258164882659912, "acc": 0.9144838452339172, "length": 3.9988105297088623, "mode": "train", "epoch": 47}
{"loss": 0.27552327513694763, "acc": 0.9074652194976807, "length": 4.0, "mode": "test", "epoch": 47}
{"loss": 0.22217728197574615, "acc": 0.9181467294692993, "length": 3.999166965484619, "mode": "train", "epoch": 48}
{"loss": 0.25061801075935364, "acc": 0.911458432674408, "length": 4.0, "mode": "test", "epoch": 48}
{"loss": 0.21600112318992615, "acc": 0.9137090444564819, "length": 3.998582124710083, "mode": "train", "epoch": 49}
{"loss": 0.26318198442459106, "acc": 0.9027777910232544, "length": 4.0, "mode": "test", "epoch": 49}
{"loss": 0.2202390432357788, "acc": 0.9133386015892029, "length": 3.999854803085327, "mode": "train", "epoch": 50}
{"loss": 0.28196045756340027, "acc": 0.9039930701255798, "length": 4.0, "mode": "test", "epoch": 50}
{"loss": 0.22026005387306213, "acc": 0.9190699458122253, "length": 3.9996230602264404, "mode": "train", "epoch": 51}
{"loss": 0.26522380113601685, "acc": 0.9012153148651123, "length": 4.0, "mode": "test", "epoch": 51}
{"loss": 0.21340736746788025, "acc": 0.9176270365715027, "length": 3.9992191791534424, "mode": "train", "epoch": 52}
{"loss": 0.251240998506546, "acc": 0.9123263955116272, "length": 4.0, "mode": "test", "epoch": 52}
{"loss": 0.2041386514902115, "acc": 0.922317624092102, "length": 3.999608039855957, "mode": "train", "epoch": 53}
{"loss": 0.24179299175739288, "acc": 0.9131944179534912, "length": 4.0, "mode": "test", "epoch": 53}
{"loss": 0.20217475295066833, "acc": 0.9205898642539978, "length": 3.9999074935913086, "mode": "train", "epoch": 54}
{"loss": 0.23437432944774628, "acc": 0.9092013835906982, "length": 4.0, "mode": "test", "epoch": 54}
{"loss": 0.19992481172084808, "acc": 0.9209810495376587, "length": 3.9994585514068604, "mode": "train", "epoch": 55}
{"loss": 0.25602391362190247, "acc": 0.9095485210418701, "length": 4.0, "mode": "test", "epoch": 55}
{"loss": 0.20145560801029205, "acc": 0.9221570491790771, "length": 3.9999241828918457, "mode": "train", "epoch": 56}
{"loss": 0.25566405057907104, "acc": 0.9078124165534973, "length": 4.0, "mode": "test", "epoch": 56}
{"loss": 0.2041671723127365, "acc": 0.9227351546287537, "length": 3.999562978744507, "mode": "train", "epoch": 57}
{"loss": 0.25787922739982605, "acc": 0.9095485210418701, "length": 4.0, "mode": "test", "epoch": 57}
{"loss": 0.20216937363147736, "acc": 0.9246489405632019, "length": 3.999831199645996, "mode": "train", "epoch": 58}
{"loss": 0.24163447320461273, "acc": 0.9128472805023193, "length": 4.0, "mode": "test", "epoch": 58}
{"loss": 0.19703802466392517, "acc": 0.9227363467216492, "length": 3.999960422515869, "mode": "train", "epoch": 59}
{"loss": 0.24904362857341766, "acc": 0.9119791388511658, "length": 4.0, "mode": "test", "epoch": 59}
{"loss": 0.1962842047214508, "acc": 0.9264476895332336, "length": 3.999866485595703, "mode": "train", "epoch": 60}
{"loss": 0.2493174821138382, "acc": 0.9118055701255798, "length": 4.0, "mode": "test", "epoch": 60}
test accuracy: 0.7715518474578857
