# ["--attributes=3", "--values=16", "--game_size=10", "--vocab_size_factor=3", "--n_epochs=60", "--batch_size=64", "--learning_rate=0.0005", "--hidden_size=256", "--temp_update=0.97", "--temperature=1.5"]
Creating train_ds and val_ds...

Creating test_ds...
{"loss": 0.7059399485588074, "acc": 0.5138218402862549, "length": 3.246429681777954, "mode": "train", "epoch": 1}
{"loss": 0.6943250298500061, "acc": 0.5053819417953491, "length": 1.0, "mode": "test", "epoch": 1}
{"loss": 0.6932674646377563, "acc": 0.5129544138908386, "length": 1.5366445779800415, "mode": "train", "epoch": 2}
{"loss": 0.692437469959259, "acc": 0.4887152910232544, "length": 1.0, "mode": "test", "epoch": 2}
{"loss": 0.6558021903038025, "acc": 0.6241236329078674, "length": 2.0831642150878906, "mode": "train", "epoch": 3}
{"loss": 0.6397759318351746, "acc": 0.6176893711090088, "length": 1.96875, "mode": "test", "epoch": 3}
{"loss": 0.5980126857757568, "acc": 0.6709761023521423, "length": 2.486405372619629, "mode": "train", "epoch": 4}
{"loss": 0.6100038886070251, "acc": 0.6419541835784912, "length": 2.4895832538604736, "mode": "test", "epoch": 4}
{"loss": 0.5478689074516296, "acc": 0.7173435688018799, "length": 2.635385274887085, "mode": "train", "epoch": 5}
{"loss": 0.5364851355552673, "acc": 0.7264865636825562, "length": 2.78125, "mode": "test", "epoch": 5}
{"loss": 0.4803691804409027, "acc": 0.7791126370429993, "length": 2.944995880126953, "mode": "train", "epoch": 6}
{"loss": 0.47218942642211914, "acc": 0.7845242023468018, "length": 3.0833332538604736, "mode": "test", "epoch": 6}
{"loss": 0.43118709325790405, "acc": 0.8141160607337952, "length": 3.089486598968506, "mode": "train", "epoch": 7}
{"loss": 0.4467814862728119, "acc": 0.8038763403892517, "length": 3.2395832538604736, "mode": "test", "epoch": 7}
{"loss": 0.3977201282978058, "acc": 0.8347099423408508, "length": 3.155885696411133, "mode": "train", "epoch": 8}
{"loss": 0.42103105783462524, "acc": 0.8259981870651245, "length": 3.1875, "mode": "test", "epoch": 8}
{"loss": 0.3761885464191437, "acc": 0.8444985747337341, "length": 3.186126470565796, "mode": "train", "epoch": 9}
{"loss": 0.39027929306030273, "acc": 0.8397461175918579, "length": 3.2291667461395264, "mode": "test", "epoch": 9}
{"loss": 0.3523730933666229, "acc": 0.8585304021835327, "length": 3.20552921295166, "mode": "train", "epoch": 10}
{"loss": 0.35481905937194824, "acc": 0.848912239074707, "length": 3.1770832538604736, "mode": "test", "epoch": 10}
{"loss": 0.33100491762161255, "acc": 0.8699049353599548, "length": 3.2143876552581787, "mode": "train", "epoch": 11}
{"loss": 0.34415996074676514, "acc": 0.8500649929046631, "length": 3.2708332538604736, "mode": "test", "epoch": 11}
{"loss": 0.31279680132865906, "acc": 0.8800858855247498, "length": 3.2716033458709717, "mode": "train", "epoch": 12}
{"loss": 0.3318275511264801, "acc": 0.8622233271598816, "length": 3.2291667461395264, "mode": "test", "epoch": 12}
{"loss": 0.3113819360733032, "acc": 0.8781286478042603, "length": 3.28574538230896, "mode": "train", "epoch": 13}
{"loss": 0.3192478120326996, "acc": 0.8712673187255859, "length": 3.3333332538604736, "mode": "test", "epoch": 13}
{"loss": 0.2855289876461029, "acc": 0.8879075050354004, "length": 3.304325580596924, "mode": "train", "epoch": 14}
{"loss": 0.30086538195610046, "acc": 0.8748698234558105, "length": 3.34375, "mode": "test", "epoch": 14}
{"loss": 0.2733426094055176, "acc": 0.8943977952003479, "length": 3.313861131668091, "mode": "train", "epoch": 15}
{"loss": 0.2747855484485626, "acc": 0.8877549767494202, "length": 3.3333332538604736, "mode": "test", "epoch": 15}
{"loss": 0.2721260190010071, "acc": 0.895399808883667, "length": 3.3213539123535156, "mode": "train", "epoch": 16}
{"loss": 0.2675904333591461, "acc": 0.8964598774909973, "length": 3.2291667461395264, "mode": "test", "epoch": 16}
{"loss": 0.2574886679649353, "acc": 0.9069657921791077, "length": 3.2986199855804443, "mode": "train", "epoch": 17}
{"loss": 0.2572322487831116, "acc": 0.8993896842002869, "length": 3.3541667461395264, "mode": "test", "epoch": 17}
{"loss": 0.2559535503387451, "acc": 0.9007957577705383, "length": 3.392817974090576, "mode": "train", "epoch": 18}
{"loss": 0.2800039052963257, "acc": 0.889683723449707, "length": 3.5, "mode": "test", "epoch": 18}
{"loss": 0.25339367985725403, "acc": 0.9006449580192566, "length": 3.3984055519104004, "mode": "train", "epoch": 19}
{"loss": 0.24338412284851074, "acc": 0.9049072265625, "length": 3.3541667461395264, "mode": "test", "epoch": 19}
{"loss": 0.24344179034233093, "acc": 0.9113885760307312, "length": 3.3229260444641113, "mode": "train", "epoch": 20}
{"loss": 0.2538873255252838, "acc": 0.9008490443229675, "length": 3.3333332538604736, "mode": "test", "epoch": 20}
{"loss": 0.23945261538028717, "acc": 0.911521852016449, "length": 3.3774592876434326, "mode": "train", "epoch": 21}
{"loss": 0.2438056766986847, "acc": 0.9024388194084167, "length": 3.3229167461395264, "mode": "test", "epoch": 21}
{"loss": 0.23015674948692322, "acc": 0.9112744927406311, "length": 3.3531391620635986, "mode": "train", "epoch": 22}
{"loss": 0.23733018338680267, "acc": 0.9087863564491272, "length": 3.3645832538604736, "mode": "test", "epoch": 22}
{"loss": 0.22438496351242065, "acc": 0.9152995347976685, "length": 3.4213006496429443, "mode": "train", "epoch": 23}
{"loss": 0.2421647161245346, "acc": 0.9012423753738403, "length": 3.375, "mode": "test", "epoch": 23}
{"loss": 0.21851134300231934, "acc": 0.9198158979415894, "length": 3.409764051437378, "mode": "train", "epoch": 24}
{"loss": 0.23350372910499573, "acc": 0.9065375924110413, "length": 3.3854167461395264, "mode": "test", "epoch": 24}
{"loss": 0.21110965311527252, "acc": 0.9223959445953369, "length": 3.3864548206329346, "mode": "train", "epoch": 25}
{"loss": 0.22085092961788177, "acc": 0.9142280220985413, "length": 3.3958332538604736, "mode": "test", "epoch": 25}
{"loss": 0.2084818184375763, "acc": 0.9204826354980469, "length": 3.4942519664764404, "mode": "train", "epoch": 26}
{"loss": 0.2243252545595169, "acc": 0.9135687351226807, "length": 3.4791667461395264, "mode": "test", "epoch": 26}
{"loss": 0.20559804141521454, "acc": 0.9193127155303955, "length": 3.5381040573120117, "mode": "train", "epoch": 27}
{"loss": 0.22747226059436798, "acc": 0.9115695953369141, "length": 3.53125, "mode": "test", "epoch": 27}
{"loss": 0.21678617596626282, "acc": 0.916366457939148, "length": 3.561978816986084, "mode": "train", "epoch": 28}
{"loss": 0.21321140229701996, "acc": 0.9248616695404053, "length": 3.71875, "mode": "test", "epoch": 28}
{"loss": 0.20272745192050934, "acc": 0.9251442551612854, "length": 3.610642433166504, "mode": "train", "epoch": 29}
{"loss": 0.21121390163898468, "acc": 0.9174532294273376, "length": 3.71875, "mode": "test", "epoch": 29}
{"loss": 0.19211775064468384, "acc": 0.9274177551269531, "length": 3.719780445098877, "mode": "train", "epoch": 30}
{"loss": 0.19893184304237366, "acc": 0.9247883558273315, "length": 3.75, "mode": "test", "epoch": 30}
{"loss": 0.18388836085796356, "acc": 0.9275274872779846, "length": 3.7941107749938965, "mode": "train", "epoch": 31}
{"loss": 0.19538509845733643, "acc": 0.9325249195098877, "length": 3.84375, "mode": "test", "epoch": 31}
{"loss": 0.16922269761562347, "acc": 0.9375134110450745, "length": 3.8031463623046875, "mode": "train", "epoch": 32}
{"loss": 0.17920298874378204, "acc": 0.9359238743782043, "length": 3.7916667461395264, "mode": "test", "epoch": 32}
{"loss": 0.1610294133424759, "acc": 0.9383522272109985, "length": 3.815699338912964, "mode": "train", "epoch": 33}
{"loss": 0.17702607810497284, "acc": 0.933623731136322, "length": 3.875, "mode": "test", "epoch": 33}
{"loss": 0.1534269154071808, "acc": 0.9445760250091553, "length": 3.847827672958374, "mode": "train", "epoch": 34}
{"loss": 0.19010348618030548, "acc": 0.9331895112991333, "length": 3.8888888359069824, "mode": "test", "epoch": 34}
{"loss": 0.14756467938423157, "acc": 0.9443559050559998, "length": 3.8789656162261963, "mode": "train", "epoch": 35}
{"loss": 0.18524935841560364, "acc": 0.9364420771598816, "length": 3.8333332538604736, "mode": "test", "epoch": 35}
{"loss": 0.14199844002723694, "acc": 0.9476673603057861, "length": 3.830338716506958, "mode": "train", "epoch": 36}
{"loss": 0.18149608373641968, "acc": 0.9416124820709229, "length": 3.836805582046509, "mode": "test", "epoch": 36}
{"loss": 0.13419878482818604, "acc": 0.9495829939842224, "length": 3.816000461578369, "mode": "train", "epoch": 37}
{"loss": 0.16405291855335236, "acc": 0.9471759796142578, "length": 3.784722328186035, "mode": "test", "epoch": 37}
{"loss": 0.13481757044792175, "acc": 0.9505597352981567, "length": 3.8140511512756348, "mode": "train", "epoch": 38}
{"loss": 0.18227528035640717, "acc": 0.9379340410232544, "length": 3.809027671813965, "mode": "test", "epoch": 38}
{"loss": 0.15344104170799255, "acc": 0.9446489810943604, "length": 3.8403351306915283, "mode": "train", "epoch": 39}
{"loss": 0.16696584224700928, "acc": 0.9482178092002869, "length": 3.774305582046509, "mode": "test", "epoch": 39}
{"loss": 0.15308204293251038, "acc": 0.9473634362220764, "length": 3.8127143383026123, "mode": "train", "epoch": 40}
{"loss": 0.1683897078037262, "acc": 0.9406657814979553, "length": 3.8263888359069824, "mode": "test", "epoch": 40}
{"loss": 0.11879350990056992, "acc": 0.9558756947517395, "length": 3.7720906734466553, "mode": "train", "epoch": 41}
{"loss": 0.15609437227249146, "acc": 0.9486598968505859, "length": 3.6388888359069824, "mode": "test", "epoch": 41}
{"loss": 0.1092926636338234, "acc": 0.9619156718254089, "length": 3.7054951190948486, "mode": "train", "epoch": 42}
{"loss": 0.14514274895191193, "acc": 0.9535266160964966, "length": 3.684027671813965, "mode": "test", "epoch": 42}
{"loss": 0.10774274915456772, "acc": 0.963089108467102, "length": 3.7082600593566895, "mode": "train", "epoch": 43}
{"loss": 0.13726350665092468, "acc": 0.9549343585968018, "length": 3.6354167461395264, "mode": "test", "epoch": 43}
{"loss": 0.09718987345695496, "acc": 0.9669111371040344, "length": 3.6597042083740234, "mode": "train", "epoch": 44}
{"loss": 0.10177654027938843, "acc": 0.9653212428092957, "length": 3.652777671813965, "mode": "test", "epoch": 44}
{"loss": 0.09132136404514313, "acc": 0.9659310579299927, "length": 3.6958084106445312, "mode": "train", "epoch": 45}
{"loss": 0.1024463102221489, "acc": 0.9636014103889465, "length": 3.684027671813965, "mode": "test", "epoch": 45}
{"loss": 0.08799377083778381, "acc": 0.9704152345657349, "length": 3.6467912197113037, "mode": "train", "epoch": 46}
{"loss": 0.11219868808984756, "acc": 0.9644612073898315, "length": 3.715277671813965, "mode": "test", "epoch": 46}
{"loss": 0.08722403645515442, "acc": 0.9730638265609741, "length": 3.7366716861724854, "mode": "train", "epoch": 47}
{"loss": 0.10001776367425919, "acc": 0.9651014804840088, "length": 3.753472328186035, "mode": "test", "epoch": 47}
{"loss": 0.08413418382406235, "acc": 0.9718434810638428, "length": 3.756176471710205, "mode": "train", "epoch": 48}
{"loss": 0.10665340721607208, "acc": 0.9679796695709229, "length": 3.7291667461395264, "mode": "test", "epoch": 48}
{"loss": 0.07613059133291245, "acc": 0.9753603339195251, "length": 3.7249810695648193, "mode": "train", "epoch": 49}
{"loss": 0.10443221777677536, "acc": 0.9662516713142395, "length": 3.7638888359069824, "mode": "test", "epoch": 49}
{"loss": 0.06869737803936005, "acc": 0.977681577205658, "length": 3.716825008392334, "mode": "train", "epoch": 50}
{"loss": 0.10768040269613266, "acc": 0.9674667716026306, "length": 3.743055582046509, "mode": "test", "epoch": 50}
{"loss": 0.06658574193716049, "acc": 0.9782006740570068, "length": 3.7299087047576904, "mode": "train", "epoch": 51}
{"loss": 0.09456171840429306, "acc": 0.9709310531616211, "length": 3.774305582046509, "mode": "test", "epoch": 51}
{"loss": 0.059837259352207184, "acc": 0.9795159101486206, "length": 3.775782823562622, "mode": "train", "epoch": 52}
{"loss": 0.09965749830007553, "acc": 0.9705972671508789, "length": 3.7673611640930176, "mode": "test", "epoch": 52}
{"loss": 0.054898545145988464, "acc": 0.9824233651161194, "length": 3.73123836517334, "mode": "train", "epoch": 53}
{"loss": 0.09399563819169998, "acc": 0.9717800617218018, "length": 3.753472328186035, "mode": "test", "epoch": 53}
{"loss": 0.0536515899002552, "acc": 0.983780026435852, "length": 3.7447776794433594, "mode": "train", "epoch": 54}
{"loss": 0.09194233268499374, "acc": 0.9713298082351685, "length": 3.788194417953491, "mode": "test", "epoch": 54}
{"loss": 0.05046777054667473, "acc": 0.9841770529747009, "length": 3.7607996463775635, "mode": "train", "epoch": 55}
{"loss": 0.1139257550239563, "acc": 0.9671468734741211, "length": 3.7708332538604736, "mode": "test", "epoch": 55}
{"loss": 0.05477050691843033, "acc": 0.9826397895812988, "length": 3.7304418087005615, "mode": "train", "epoch": 56}
{"loss": 0.12001287192106247, "acc": 0.9665581583976746, "length": 3.7708332538604736, "mode": "test", "epoch": 56}
{"loss": 0.05544105917215347, "acc": 0.982021152973175, "length": 3.749217987060547, "mode": "train", "epoch": 57}
{"loss": 0.1008409857749939, "acc": 0.9723389148712158, "length": 3.753472328186035, "mode": "test", "epoch": 57}
{"loss": 0.062097419053316116, "acc": 0.9811725616455078, "length": 3.691185235977173, "mode": "train", "epoch": 58}
{"loss": 0.1308222860097885, "acc": 0.9631375074386597, "length": 3.715277671813965, "mode": "test", "epoch": 58}
{"loss": 0.08557837456464767, "acc": 0.9697533845901489, "length": 3.7504777908325195, "mode": "train", "epoch": 59}
{"loss": 0.11457120627164841, "acc": 0.9687336683273315, "length": 3.78125, "mode": "test", "epoch": 59}
{"loss": 0.08113346993923187, "acc": 0.975894570350647, "length": 3.7818329334259033, "mode": "train", "epoch": 60}
{"loss": 0.15822604298591614, "acc": 0.9623697996139526, "length": 3.784722328186035, "mode": "test", "epoch": 60}
test accuracy: 0.8340216279029846
