# ["--attributes=3", "--values=16", "--game_size=10", "--vocab_size_factor=3", "--n_epochs=60", "--batch_size=64", "--learning_rate=0.0005", "--hidden_size=256", "--temp_update=0.97", "--temperature=2"]
Creating train_ds and val_ds...

Creating test_ds...
{"loss": 0.7022669911384583, "acc": 0.5169533491134644, "length": 3.412597179412842, "mode": "train", "epoch": 1}
{"loss": 0.6967090964317322, "acc": 0.5020618438720703, "length": 1.0, "mode": "test", "epoch": 1}
{"loss": 0.689620852470398, "acc": 0.5302879810333252, "length": 2.5401599407196045, "mode": "train", "epoch": 2}
{"loss": 0.6956170201301575, "acc": 0.5074232816696167, "length": 1.0309277772903442, "mode": "test", "epoch": 2}
{"loss": 0.6545747518539429, "acc": 0.6498103141784668, "length": 2.5994222164154053, "mode": "train", "epoch": 3}
{"loss": 0.5906432867050171, "acc": 0.7445403933525085, "length": 2.597938060760498, "mode": "test", "epoch": 3}
{"loss": 0.5388152599334717, "acc": 0.7789374589920044, "length": 3.081871747970581, "mode": "train", "epoch": 4}
{"loss": 0.5022951364517212, "acc": 0.7844767570495605, "length": 3.2886598110198975, "mode": "test", "epoch": 4}
{"loss": 0.445912629365921, "acc": 0.8080491423606873, "length": 3.4395573139190674, "mode": "train", "epoch": 5}
{"loss": 0.4461030662059784, "acc": 0.8140993118286133, "length": 3.494845390319824, "mode": "test", "epoch": 5}
{"loss": 0.38401877880096436, "acc": 0.8414766192436218, "length": 3.5202133655548096, "mode": "train", "epoch": 6}
{"loss": 0.40870600938796997, "acc": 0.8267058730125427, "length": 3.5154638290405273, "mode": "test", "epoch": 6}
{"loss": 0.34133920073509216, "acc": 0.8616415858268738, "length": 3.5697340965270996, "mode": "train", "epoch": 7}
{"loss": 0.38422590494155884, "acc": 0.8506483435630798, "length": 3.5635738372802734, "mode": "test", "epoch": 7}
{"loss": 0.30524760484695435, "acc": 0.8800113201141357, "length": 3.5520622730255127, "mode": "train", "epoch": 8}
{"loss": 0.38935208320617676, "acc": 0.8531278967857361, "length": 3.7663230895996094, "mode": "test", "epoch": 8}
{"loss": 0.2822461426258087, "acc": 0.8886120319366455, "length": 3.563349962234497, "mode": "train", "epoch": 9}
{"loss": 0.3833266794681549, "acc": 0.8542914986610413, "length": 3.6391751766204834, "mode": "test", "epoch": 9}
{"loss": 0.26417213678359985, "acc": 0.9009918570518494, "length": 3.6245620250701904, "mode": "train", "epoch": 10}
{"loss": 0.35061153769493103, "acc": 0.865444540977478, "length": 3.7079038619995117, "mode": "test", "epoch": 10}
{"loss": 0.24432413280010223, "acc": 0.9091344475746155, "length": 3.6229496002197266, "mode": "train", "epoch": 11}
{"loss": 0.3379732072353363, "acc": 0.8665544986724854, "length": 3.745704412460327, "mode": "test", "epoch": 11}
{"loss": 0.22857946157455444, "acc": 0.9146233797073364, "length": 3.684802293777466, "mode": "train", "epoch": 12}
{"loss": 0.321420282125473, "acc": 0.8764302134513855, "length": 3.6872851848602295, "mode": "test", "epoch": 12}
{"loss": 0.20839501917362213, "acc": 0.9192931056022644, "length": 3.716799020767212, "mode": "train", "epoch": 13}
{"loss": 0.3213478624820709, "acc": 0.8780825734138489, "length": 3.745704412460327, "mode": "test", "epoch": 13}
{"loss": 0.19629523158073425, "acc": 0.9268041849136353, "length": 3.7295408248901367, "mode": "train", "epoch": 14}
{"loss": 0.27843961119651794, "acc": 0.899308979511261, "length": 3.7628865242004395, "mode": "test", "epoch": 14}
{"loss": 0.18584176898002625, "acc": 0.9270754456520081, "length": 3.773282527923584, "mode": "train", "epoch": 15}
{"loss": 0.24387192726135254, "acc": 0.9118806719779968, "length": 3.721649408340454, "mode": "test", "epoch": 15}
{"loss": 0.18111743032932281, "acc": 0.9337347149848938, "length": 3.7807157039642334, "mode": "train", "epoch": 16}
{"loss": 0.25381937623023987, "acc": 0.9036636352539062, "length": 3.7800686359405518, "mode": "test", "epoch": 16}
{"loss": 0.17319495975971222, "acc": 0.9335567951202393, "length": 3.79731822013855, "mode": "train", "epoch": 17}
{"loss": 0.2204047441482544, "acc": 0.919248104095459, "length": 3.8865978717803955, "mode": "test", "epoch": 17}
{"loss": 0.16162358224391937, "acc": 0.9417752623558044, "length": 3.83101749420166, "mode": "train", "epoch": 18}
{"loss": 0.2584834694862366, "acc": 0.9131636619567871, "length": 3.77319598197937, "mode": "test", "epoch": 18}
{"loss": 0.15063272416591644, "acc": 0.9440855979919434, "length": 3.798020124435425, "mode": "train", "epoch": 19}
{"loss": 0.21721938252449036, "acc": 0.9277723431587219, "length": 3.7628865242004395, "mode": "test", "epoch": 19}
{"loss": 0.14092235267162323, "acc": 0.9483035802841187, "length": 3.7977488040924072, "mode": "train", "epoch": 20}
{"loss": 0.21582424640655518, "acc": 0.9215554594993591, "length": 3.8075602054595947, "mode": "test", "epoch": 20}
{"loss": 0.139276921749115, "acc": 0.94742351770401, "length": 3.8384909629821777, "mode": "train", "epoch": 21}
{"loss": 0.2081533968448639, "acc": 0.9358357787132263, "length": 3.7938144207000732, "mode": "test", "epoch": 21}
{"loss": 0.13020643591880798, "acc": 0.9523674249649048, "length": 3.8096413612365723, "mode": "train", "epoch": 22}
{"loss": 0.22121155261993408, "acc": 0.9281290173530579, "length": 3.92439866065979, "mode": "test", "epoch": 22}
{"loss": 0.12251725792884827, "acc": 0.9535985589027405, "length": 3.861858367919922, "mode": "train", "epoch": 23}
{"loss": 0.16184499859809875, "acc": 0.9433526396751404, "length": 3.7422680854797363, "mode": "test", "epoch": 23}
{"loss": 0.12443695962429047, "acc": 0.9540833830833435, "length": 3.809772253036499, "mode": "train", "epoch": 24}
{"loss": 0.16229107975959778, "acc": 0.9455038905143738, "length": 3.824742317199707, "mode": "test", "epoch": 24}
{"loss": 0.10802919417619705, "acc": 0.9600545167922974, "length": 3.8696088790893555, "mode": "train", "epoch": 25}
{"loss": 0.1900700181722641, "acc": 0.9300664067268372, "length": 3.824742317199707, "mode": "test", "epoch": 25}
{"loss": 0.11142458021640778, "acc": 0.958967387676239, "length": 3.8515212535858154, "mode": "train", "epoch": 26}
{"loss": 0.13658598065376282, "acc": 0.9505792260169983, "length": 3.800687313079834, "mode": "test", "epoch": 26}
{"loss": 0.09848818182945251, "acc": 0.9625641107559204, "length": 3.833332061767578, "mode": "train", "epoch": 27}
{"loss": 0.15058182179927826, "acc": 0.9456449151039124, "length": 3.797250747680664, "mode": "test", "epoch": 27}
{"loss": 0.09565562754869461, "acc": 0.9649101495742798, "length": 3.836641550064087, "mode": "train", "epoch": 28}
{"loss": 0.15473590791225433, "acc": 0.9437700510025024, "length": 3.8109965324401855, "mode": "test", "epoch": 28}
{"loss": 0.10662113130092621, "acc": 0.9606756567955017, "length": 3.8503501415252686, "mode": "train", "epoch": 29}
{"loss": 0.12296166270971298, "acc": 0.9523051381111145, "length": 3.804123640060425, "mode": "test", "epoch": 29}
{"loss": 0.09323738515377045, "acc": 0.9649537801742554, "length": 3.8374297618865967, "mode": "train", "epoch": 30}
{"loss": 0.14376802742481232, "acc": 0.9477671980857849, "length": 3.800687313079834, "mode": "test", "epoch": 30}
{"loss": 0.09867464005947113, "acc": 0.9640153050422668, "length": 3.8387997150421143, "mode": "train", "epoch": 31}
{"loss": 0.14173771440982819, "acc": 0.9470748901367188, "length": 3.8075602054595947, "mode": "test", "epoch": 31}
{"loss": 0.0924445241689682, "acc": 0.9663609862327576, "length": 3.8513283729553223, "mode": "train", "epoch": 32}
{"loss": 0.13880707323551178, "acc": 0.9524552822113037, "length": 3.8384878635406494, "mode": "test", "epoch": 32}
{"loss": 0.09637628495693207, "acc": 0.9642431139945984, "length": 3.8456993103027344, "mode": "train", "epoch": 33}
{"loss": 0.14512600004673004, "acc": 0.9449717998504639, "length": 3.800687313079834, "mode": "test", "epoch": 33}
{"loss": 0.09005913883447647, "acc": 0.9676834940910339, "length": 3.850600481033325, "mode": "train", "epoch": 34}
{"loss": 0.11641398817300797, "acc": 0.9590457081794739, "length": 3.804123640060425, "mode": "test", "epoch": 34}
{"loss": 0.08274664729833603, "acc": 0.9702009558677673, "length": 3.838808298110962, "mode": "train", "epoch": 35}
{"loss": 0.13684652745723724, "acc": 0.9520418643951416, "length": 3.8109965324401855, "mode": "test", "epoch": 35}
{"loss": 0.07840412110090256, "acc": 0.9717531800270081, "length": 3.8592963218688965, "mode": "train", "epoch": 36}
{"loss": 0.10980559885501862, "acc": 0.9625686407089233, "length": 3.824742317199707, "mode": "test", "epoch": 36}
{"loss": 0.066469706594944, "acc": 0.9762135744094849, "length": 3.836599111557007, "mode": "train", "epoch": 37}
{"loss": 0.1027434840798378, "acc": 0.9626028537750244, "length": 3.804123640060425, "mode": "test", "epoch": 37}
{"loss": 0.07782905548810959, "acc": 0.9714469909667969, "length": 3.8589043617248535, "mode": "train", "epoch": 38}
{"loss": 0.10319002717733383, "acc": 0.9682000279426575, "length": 3.800687313079834, "mode": "test", "epoch": 38}
{"loss": 0.07713469862937927, "acc": 0.9734838604927063, "length": 3.8352253437042236, "mode": "train", "epoch": 39}
{"loss": 0.10303069651126862, "acc": 0.9702837467193604, "length": 3.7938144207000732, "mode": "test", "epoch": 39}
{"loss": 0.07870151847600937, "acc": 0.9713788628578186, "length": 3.855909824371338, "mode": "train", "epoch": 40}
{"loss": 0.08040103316307068, "acc": 0.9779516458511353, "length": 3.8316152095794678, "mode": "test", "epoch": 40}
{"loss": 0.09097990393638611, "acc": 0.965818464756012, "length": 3.8630974292755127, "mode": "train", "epoch": 41}
{"loss": 0.12994587421417236, "acc": 0.9600773453712463, "length": 3.84879732131958, "mode": "test", "epoch": 41}
{"loss": 0.102273128926754, "acc": 0.9650098085403442, "length": 3.824267864227295, "mode": "train", "epoch": 42}
{"loss": 0.11547698080539703, "acc": 0.9660629630088806, "length": 3.8178694248199463, "mode": "test", "epoch": 42}
{"loss": 0.07973997294902802, "acc": 0.9718806147575378, "length": 3.840930461883545, "mode": "train", "epoch": 43}
{"loss": 0.10325701534748077, "acc": 0.9645071029663086, "length": 3.8384878635406494, "mode": "test", "epoch": 43}
{"loss": 0.07010312378406525, "acc": 0.9768650531768799, "length": 3.867490291595459, "mode": "train", "epoch": 44}
{"loss": 0.11650408804416656, "acc": 0.9603050351142883, "length": 3.800687313079834, "mode": "test", "epoch": 44}
{"loss": 0.07335616648197174, "acc": 0.9742026329040527, "length": 3.8375768661499023, "mode": "train", "epoch": 45}
{"loss": 0.09720667451620102, "acc": 0.9749470353126526, "length": 3.7869415283203125, "mode": "test", "epoch": 45}
{"loss": 0.06024045869708061, "acc": 0.9798075556755066, "length": 3.8329198360443115, "mode": "train", "epoch": 46}
{"loss": 0.07844306528568268, "acc": 0.9735026955604553, "length": 3.804123640060425, "mode": "test", "epoch": 46}
{"loss": 0.06211346760392189, "acc": 0.9792419075965881, "length": 3.866117000579834, "mode": "train", "epoch": 47}
{"loss": 0.09954215586185455, "acc": 0.969267725944519, "length": 3.8178694248199463, "mode": "test", "epoch": 47}
{"loss": 0.0672425925731659, "acc": 0.9769226908683777, "length": 3.8573215007781982, "mode": "train", "epoch": 48}
{"loss": 0.10022806376218796, "acc": 0.9737834334373474, "length": 3.8350515365600586, "mode": "test", "epoch": 48}
{"loss": 0.06167027726769447, "acc": 0.9787336587905884, "length": 3.8943357467651367, "mode": "train", "epoch": 49}
{"loss": 0.10608740150928497, "acc": 0.9659639596939087, "length": 3.8316152095794678, "mode": "test", "epoch": 49}
{"loss": 0.07135062664747238, "acc": 0.9763212203979492, "length": 3.878713846206665, "mode": "train", "epoch": 50}
{"loss": 0.10143538564443588, "acc": 0.9678394794464111, "length": 3.824742317199707, "mode": "test", "epoch": 50}
{"loss": 0.06971213966608047, "acc": 0.9766663908958435, "length": 3.840843439102173, "mode": "train", "epoch": 51}
{"loss": 0.08184145390987396, "acc": 0.9745712280273438, "length": 3.800687313079834, "mode": "test", "epoch": 51}
{"loss": 0.0541432723402977, "acc": 0.9791353344917297, "length": 3.849092721939087, "mode": "train", "epoch": 52}
{"loss": 0.07602568715810776, "acc": 0.9777275323867798, "length": 3.8109965324401855, "mode": "test", "epoch": 52}
{"loss": 0.04918008670210838, "acc": 0.9845836758613586, "length": 3.8597354888916016, "mode": "train", "epoch": 53}
{"loss": 0.07648009806871414, "acc": 0.9706151485443115, "length": 3.821305751800537, "mode": "test", "epoch": 53}
{"loss": 0.04665013775229454, "acc": 0.9842622876167297, "length": 3.879682779312134, "mode": "train", "epoch": 54}
{"loss": 0.09059130400419235, "acc": 0.9747423529624939, "length": 3.828178644180298, "mode": "test", "epoch": 54}
{"loss": 0.04549027979373932, "acc": 0.9858207106590271, "length": 3.8832058906555176, "mode": "train", "epoch": 55}
{"loss": 0.07501047104597092, "acc": 0.97772616147995, "length": 3.828178644180298, "mode": "test", "epoch": 55}
{"loss": 0.04556393250823021, "acc": 0.9837611317634583, "length": 3.878870964050293, "mode": "train", "epoch": 56}
{"loss": 0.09837990254163742, "acc": 0.9686521291732788, "length": 3.84536075592041, "mode": "test", "epoch": 56}
{"loss": 0.06731642782688141, "acc": 0.9760424494743347, "length": 3.86418080329895, "mode": "train", "epoch": 57}
{"loss": 0.08510936796665192, "acc": 0.97010737657547, "length": 3.8178694248199463, "mode": "test", "epoch": 57}
{"loss": 0.07945473492145538, "acc": 0.9741936326026917, "length": 3.8808064460754395, "mode": "train", "epoch": 58}
{"loss": 0.11667543649673462, "acc": 0.9580601453781128, "length": 3.8384878635406494, "mode": "test", "epoch": 58}
{"loss": 0.09976857155561447, "acc": 0.9655057787895203, "length": 3.884970188140869, "mode": "train", "epoch": 59}
{"loss": 0.0784439817070961, "acc": 0.9723313450813293, "length": 3.8109965324401855, "mode": "test", "epoch": 59}
{"loss": 0.07241341471672058, "acc": 0.9740694165229797, "length": 3.8244521617889404, "mode": "train", "epoch": 60}
{"loss": 0.09568196535110474, "acc": 0.9688029885292053, "length": 3.804123640060425, "mode": "test", "epoch": 60}
test accuracy: 0.8562044501304626
