# ["--attributes=3", "--values=16", "--game_size=10", "--vocab_size_factor=3", "--n_epochs=60", "--batch_size=64", "--learning_rate=0.0005", "--hidden_size=256", "--temp_update=0.99", "--temperature=1"]
Creating train_ds and val_ds...

Creating test_ds...
{"loss": 0.6953333616256714, "acc": 0.529458224773407, "length": 3.387481212615967, "mode": "train", "epoch": 1}
{"loss": 0.6944939494132996, "acc": 0.5221222639083862, "length": 1.0, "mode": "test", "epoch": 1}
{"loss": 0.6839684844017029, "acc": 0.5626519918441772, "length": 2.592268943786621, "mode": "train", "epoch": 2}
{"loss": 0.661076545715332, "acc": 0.6341838836669922, "length": 1.6474820375442505, "mode": "test", "epoch": 2}
{"loss": 0.6116077303886414, "acc": 0.6845887899398804, "length": 3.2751684188842773, "mode": "train", "epoch": 3}
{"loss": 0.5907717347145081, "acc": 0.7017219066619873, "length": 3.83093523979187, "mode": "test", "epoch": 3}
{"loss": 0.5602713823318481, "acc": 0.7022895216941833, "length": 3.4536776542663574, "mode": "train", "epoch": 4}
{"loss": 0.5413174629211426, "acc": 0.7560483813285828, "length": 2.9964029788970947, "mode": "test", "epoch": 4}
{"loss": 0.5146125555038452, "acc": 0.7578599452972412, "length": 2.8382437229156494, "mode": "train", "epoch": 5}
{"loss": 0.5084473490715027, "acc": 0.7758704423904419, "length": 2.8920862674713135, "mode": "test", "epoch": 5}
{"loss": 0.471763551235199, "acc": 0.7871455550193787, "length": 2.969676971435547, "mode": "train", "epoch": 6}
{"loss": 0.46368446946144104, "acc": 0.7959100604057312, "length": 3.3021583557128906, "mode": "test", "epoch": 6}
{"loss": 0.4317418038845062, "acc": 0.8046900629997253, "length": 3.122457981109619, "mode": "train", "epoch": 7}
{"loss": 0.4300467073917389, "acc": 0.8034303784370422, "length": 3.327338218688965, "mode": "test", "epoch": 7}
{"loss": 0.41083869338035583, "acc": 0.8184123635292053, "length": 3.1590476036071777, "mode": "train", "epoch": 8}
{"loss": 0.4235566258430481, "acc": 0.8101861476898193, "length": 3.2661869525909424, "mode": "test", "epoch": 8}
{"loss": 0.3954547047615051, "acc": 0.8258043527603149, "length": 3.103834867477417, "mode": "train", "epoch": 9}
{"loss": 0.4310223162174225, "acc": 0.7956183552742004, "length": 3.1223020553588867, "mode": "test", "epoch": 9}
{"loss": 0.38673317432403564, "acc": 0.8278094530105591, "length": 3.053591728210449, "mode": "train", "epoch": 10}
{"loss": 0.42023736238479614, "acc": 0.8175875544548035, "length": 3.147481918334961, "mode": "test", "epoch": 10}
{"loss": 0.37563368678092957, "acc": 0.8267285227775574, "length": 3.0757317543029785, "mode": "train", "epoch": 11}
{"loss": 0.43936586380004883, "acc": 0.8082008361816406, "length": 3.215827226638794, "mode": "test", "epoch": 11}
{"loss": 0.36322444677352905, "acc": 0.8421459197998047, "length": 3.1436398029327393, "mode": "train", "epoch": 12}
{"loss": 0.41018620133399963, "acc": 0.8266835808753967, "length": 3.1438848972320557, "mode": "test", "epoch": 12}
{"loss": 0.32986462116241455, "acc": 0.8611307144165039, "length": 3.3334193229675293, "mode": "train", "epoch": 13}
{"loss": 0.35991883277893066, "acc": 0.8574032187461853, "length": 3.431654691696167, "mode": "test", "epoch": 13}
{"loss": 0.3055485785007477, "acc": 0.8723801374435425, "length": 3.466444492340088, "mode": "train", "epoch": 14}
{"loss": 0.350286066532135, "acc": 0.8583042621612549, "length": 3.4136691093444824, "mode": "test", "epoch": 14}
{"loss": 0.2880200743675232, "acc": 0.8811976909637451, "length": 3.4816641807556152, "mode": "train", "epoch": 15}
{"loss": 0.32606637477874756, "acc": 0.8609970211982727, "length": 3.510791301727295, "mode": "test", "epoch": 15}
{"loss": 0.27668604254722595, "acc": 0.8830254673957825, "length": 3.5107476711273193, "mode": "train", "epoch": 16}
{"loss": 0.31373071670532227, "acc": 0.8659608960151672, "length": 3.3920862674713135, "mode": "test", "epoch": 16}
{"loss": 0.2706524729728699, "acc": 0.8865790963172913, "length": 3.526506185531616, "mode": "train", "epoch": 17}
{"loss": 0.32846787571907043, "acc": 0.8632644414901733, "length": 3.4388489723205566, "mode": "test", "epoch": 17}
{"loss": 0.26295197010040283, "acc": 0.8898356556892395, "length": 3.4843547344207764, "mode": "train", "epoch": 18}
{"loss": 0.31618207693099976, "acc": 0.8718311190605164, "length": 3.4712231159210205, "mode": "test", "epoch": 18}
{"loss": 0.2659248411655426, "acc": 0.8878174424171448, "length": 3.537977695465088, "mode": "train", "epoch": 19}
{"loss": 0.32994982600212097, "acc": 0.8722896575927734, "length": 3.467625856399536, "mode": "test", "epoch": 19}
{"loss": 0.2561764121055603, "acc": 0.8917783498764038, "length": 3.5566227436065674, "mode": "train", "epoch": 20}
{"loss": 0.30375269055366516, "acc": 0.8717758655548096, "length": 3.4496402740478516, "mode": "test", "epoch": 20}
{"loss": 0.24154992401599884, "acc": 0.8988773822784424, "length": 3.528778553009033, "mode": "train", "epoch": 21}
{"loss": 0.305790513753891, "acc": 0.8818764686584473, "length": 3.4712231159210205, "mode": "test", "epoch": 21}
{"loss": 0.24090693891048431, "acc": 0.8992274403572083, "length": 3.5649893283843994, "mode": "train", "epoch": 22}
{"loss": 0.29876595735549927, "acc": 0.8870508670806885, "length": 3.5143885612487793, "mode": "test", "epoch": 22}
{"loss": 0.23560591042041779, "acc": 0.9020835161209106, "length": 3.5976662635803223, "mode": "train", "epoch": 23}
{"loss": 0.2579197883605957, "acc": 0.894510805606842, "length": 3.5755395889282227, "mode": "test", "epoch": 23}
{"loss": 0.22950412333011627, "acc": 0.9025025963783264, "length": 3.6193907260894775, "mode": "train", "epoch": 24}
{"loss": 0.2575535774230957, "acc": 0.886943519115448, "length": 3.456834554672241, "mode": "test", "epoch": 24}
{"loss": 0.22063647210597992, "acc": 0.9049577116966248, "length": 3.6013083457946777, "mode": "train", "epoch": 25}
{"loss": 0.25831010937690735, "acc": 0.8930078744888306, "length": 3.5971221923828125, "mode": "test", "epoch": 25}
{"loss": 0.2267267405986786, "acc": 0.903105616569519, "length": 3.5425267219543457, "mode": "train", "epoch": 26}
{"loss": 0.2612941563129425, "acc": 0.8938976526260376, "length": 3.636690616607666, "mode": "test", "epoch": 26}
{"loss": 0.21269801259040833, "acc": 0.9093179702758789, "length": 3.648764133453369, "mode": "train", "epoch": 27}
{"loss": 0.24985937774181366, "acc": 0.8942267298698425, "length": 3.535971164703369, "mode": "test", "epoch": 27}
{"loss": 0.20141930878162384, "acc": 0.9147558808326721, "length": 3.607438802719116, "mode": "train", "epoch": 28}
{"loss": 0.23077774047851562, "acc": 0.9055119156837463, "length": 3.535971164703369, "mode": "test", "epoch": 28}
{"loss": 0.1968100666999817, "acc": 0.9147654175758362, "length": 3.6220171451568604, "mode": "train", "epoch": 29}
{"loss": 0.2343265563249588, "acc": 0.9079474210739136, "length": 3.5827338695526123, "mode": "test", "epoch": 29}
{"loss": 0.18393799662590027, "acc": 0.9243649244308472, "length": 3.639965534210205, "mode": "train", "epoch": 30}
{"loss": 0.2267289012670517, "acc": 0.9158679842948914, "length": 3.579136610031128, "mode": "test", "epoch": 30}
{"loss": 0.17764541506767273, "acc": 0.929337739944458, "length": 3.613551139831543, "mode": "train", "epoch": 31}
{"loss": 0.2049897015094757, "acc": 0.9176390767097473, "length": 3.6402878761291504, "mode": "test", "epoch": 31}
{"loss": 0.16967245936393738, "acc": 0.9298673272132874, "length": 3.6373417377471924, "mode": "train", "epoch": 32}
{"loss": 0.18972240388393402, "acc": 0.9243058562278748, "length": 3.532374143600464, "mode": "test", "epoch": 32}
{"loss": 0.16671691834926605, "acc": 0.933198094367981, "length": 3.6182432174682617, "mode": "train", "epoch": 33}
{"loss": 0.2071242332458496, "acc": 0.9238788485527039, "length": 3.543165445327759, "mode": "test", "epoch": 33}
{"loss": 0.15995796024799347, "acc": 0.9353315830230713, "length": 3.612074136734009, "mode": "train", "epoch": 34}
{"loss": 0.20923899114131927, "acc": 0.9234879016876221, "length": 3.568345308303833, "mode": "test", "epoch": 34}
{"loss": 0.1595795601606369, "acc": 0.9366814494132996, "length": 3.5902552604675293, "mode": "train", "epoch": 35}
{"loss": 0.2127290517091751, "acc": 0.9215850830078125, "length": 3.579136610031128, "mode": "test", "epoch": 35}
{"loss": 0.1518518179655075, "acc": 0.9420989751815796, "length": 3.636762857437134, "mode": "train", "epoch": 36}
{"loss": 0.19507086277008057, "acc": 0.929351806640625, "length": 3.6438848972320557, "mode": "test", "epoch": 36}
{"loss": 0.15042811632156372, "acc": 0.9424431324005127, "length": 3.6391584873199463, "mode": "train", "epoch": 37}
{"loss": 0.19171471893787384, "acc": 0.9339022040367126, "length": 3.5935251712799072, "mode": "test", "epoch": 37}
{"loss": 0.1406533271074295, "acc": 0.9473075866699219, "length": 3.648980140686035, "mode": "train", "epoch": 38}
{"loss": 0.19109325110912323, "acc": 0.9364030361175537, "length": 3.5719423294067383, "mode": "test", "epoch": 38}
{"loss": 0.13379865884780884, "acc": 0.9490662813186646, "length": 3.6134226322174072, "mode": "train", "epoch": 39}
{"loss": 0.18797795474529266, "acc": 0.9364098310470581, "length": 3.5935251712799072, "mode": "test", "epoch": 39}
{"loss": 0.1338186264038086, "acc": 0.9496908783912659, "length": 3.672313928604126, "mode": "train", "epoch": 40}
{"loss": 0.17311595380306244, "acc": 0.9434661865234375, "length": 3.5935251712799072, "mode": "test", "epoch": 40}
{"loss": 0.1290566474199295, "acc": 0.9514704346656799, "length": 3.630277395248413, "mode": "train", "epoch": 41}
{"loss": 0.1813785582780838, "acc": 0.9393509030342102, "length": 3.600719451904297, "mode": "test", "epoch": 41}
{"loss": 0.12993845343589783, "acc": 0.949739396572113, "length": 3.6749813556671143, "mode": "train", "epoch": 42}
{"loss": 0.1723301261663437, "acc": 0.9389652609825134, "length": 3.611510753631592, "mode": "test", "epoch": 42}
{"loss": 0.1350933313369751, "acc": 0.9490686058998108, "length": 3.6624670028686523, "mode": "train", "epoch": 43}
{"loss": 0.20379085838794708, "acc": 0.9268373847007751, "length": 3.589928150177002, "mode": "test", "epoch": 43}
{"loss": 0.13330958783626556, "acc": 0.9472008943557739, "length": 3.684356451034546, "mode": "train", "epoch": 44}
{"loss": 0.18142718076705933, "acc": 0.9319849610328674, "length": 3.636690616607666, "mode": "test", "epoch": 44}
{"loss": 0.12920886278152466, "acc": 0.9489200115203857, "length": 3.677901268005371, "mode": "train", "epoch": 45}
{"loss": 0.19341248273849487, "acc": 0.9411619901657104, "length": 3.6402878761291504, "mode": "test", "epoch": 45}
{"loss": 0.12920372188091278, "acc": 0.9486941695213318, "length": 3.635662078857422, "mode": "train", "epoch": 46}
{"loss": 0.1876295804977417, "acc": 0.9393323659896851, "length": 3.5287768840789795, "mode": "test", "epoch": 46}
{"loss": 0.13162919878959656, "acc": 0.9503446221351624, "length": 3.676283359527588, "mode": "train", "epoch": 47}
{"loss": 0.20741258561611176, "acc": 0.9299951195716858, "length": 3.647481918334961, "mode": "test", "epoch": 47}
{"loss": 0.13416628539562225, "acc": 0.9459103345870972, "length": 3.718442678451538, "mode": "train", "epoch": 48}
{"loss": 0.17581765353679657, "acc": 0.9378937482833862, "length": 3.6870503425598145, "mode": "test", "epoch": 48}
{"loss": 0.1290006935596466, "acc": 0.9513684511184692, "length": 3.681180477142334, "mode": "train", "epoch": 49}
{"loss": 0.1825428009033203, "acc": 0.9373270869255066, "length": 3.5755395889282227, "mode": "test", "epoch": 49}
{"loss": 0.13356252014636993, "acc": 0.949447751045227, "length": 3.5853612422943115, "mode": "train", "epoch": 50}
{"loss": 0.20036624372005463, "acc": 0.932083010673523, "length": 3.604316473007202, "mode": "test", "epoch": 50}
{"loss": 0.13109342753887177, "acc": 0.9497776627540588, "length": 3.7007369995117188, "mode": "train", "epoch": 51}
{"loss": 0.16674135625362396, "acc": 0.9385921359062195, "length": 3.6294963359832764, "mode": "test", "epoch": 51}
{"loss": 0.11608011275529861, "acc": 0.9536870718002319, "length": 3.6264355182647705, "mode": "train", "epoch": 52}
{"loss": 0.1760033220052719, "acc": 0.9389272928237915, "length": 3.467625856399536, "mode": "test", "epoch": 52}
{"loss": 0.12312374264001846, "acc": 0.9535364508628845, "length": 3.6116995811462402, "mode": "train", "epoch": 53}
{"loss": 0.17048503458499908, "acc": 0.9447677731513977, "length": 3.5935251712799072, "mode": "test", "epoch": 53}
{"loss": 0.10934311151504517, "acc": 0.9571806788444519, "length": 3.6860203742980957, "mode": "train", "epoch": 54}
{"loss": 0.1710536926984787, "acc": 0.944597065448761, "length": 3.5539567470550537, "mode": "test", "epoch": 54}
{"loss": 0.11382700502872467, "acc": 0.9560930728912354, "length": 3.617379903793335, "mode": "train", "epoch": 55}
{"loss": 0.1797495037317276, "acc": 0.9374915361404419, "length": 3.532374143600464, "mode": "test", "epoch": 55}
{"loss": 0.11401412636041641, "acc": 0.9562197327613831, "length": 3.6477792263031006, "mode": "train", "epoch": 56}
{"loss": 0.16587123274803162, "acc": 0.9464350342750549, "length": 3.600719451904297, "mode": "test", "epoch": 56}
{"loss": 0.10319144278764725, "acc": 0.9597388505935669, "length": 3.6599183082580566, "mode": "train", "epoch": 57}
{"loss": 0.15812650322914124, "acc": 0.949348509311676, "length": 3.604316473007202, "mode": "test", "epoch": 57}
{"loss": 0.1151949092745781, "acc": 0.9573853015899658, "length": 3.6515908241271973, "mode": "train", "epoch": 58}
{"loss": 0.1978670358657837, "acc": 0.938347578048706, "length": 3.6438848972320557, "mode": "test", "epoch": 58}
{"loss": 0.13071878254413605, "acc": 0.9503888487815857, "length": 3.664332151412964, "mode": "train", "epoch": 59}
{"loss": 0.17810259759426117, "acc": 0.9382559061050415, "length": 3.5971221923828125, "mode": "test", "epoch": 59}
{"loss": 0.1227673813700676, "acc": 0.95388263463974, "length": 3.682668447494507, "mode": "train", "epoch": 60}
{"loss": 0.21466360986232758, "acc": 0.9407652616500854, "length": 3.6187050342559814, "mode": "test", "epoch": 60}
test accuracy: 0.864471971988678
