# ["--attributes=3", "--values=16", "--game_size=10", "--vocab_size_factor=3", "--n_epochs=60", "--batch_size=64", "--learning_rate=0.0005", "--hidden_size=256", "--temp_update=0.99", "--temperature=1.5"]
Creating train_ds and val_ds...

Creating test_ds...
{"loss": 0.7005859017372131, "acc": 0.5325087904930115, "length": 3.3841392993927, "mode": "train", "epoch": 1}
{"loss": 0.6859681010246277, "acc": 0.5407217144966125, "length": 1.0, "mode": "test", "epoch": 1}
{"loss": 0.6853886842727661, "acc": 0.5487083792686462, "length": 2.400283098220825, "mode": "train", "epoch": 2}
{"loss": 0.6929191946983337, "acc": 0.5347079038619995, "length": 1.0, "mode": "test", "epoch": 2}
{"loss": 0.6423593759536743, "acc": 0.6507659554481506, "length": 2.4899003505706787, "mode": "train", "epoch": 3}
{"loss": 0.591390073299408, "acc": 0.7070480585098267, "length": 2.453608274459839, "mode": "test", "epoch": 3}
{"loss": 0.5660566687583923, "acc": 0.714860200881958, "length": 2.6647565364837646, "mode": "train", "epoch": 4}
{"loss": 0.545514702796936, "acc": 0.7206164598464966, "length": 2.577319622039795, "mode": "test", "epoch": 4}
{"loss": 0.5063539743423462, "acc": 0.7641180157661438, "length": 2.7703404426574707, "mode": "train", "epoch": 5}
{"loss": 0.5030199289321899, "acc": 0.7828043103218079, "length": 2.804123640060425, "mode": "test", "epoch": 5}
{"loss": 0.45890721678733826, "acc": 0.8013352751731873, "length": 2.978241443634033, "mode": "train", "epoch": 6}
{"loss": 0.4533187448978424, "acc": 0.8093196153640747, "length": 3.0137457847595215, "mode": "test", "epoch": 6}
{"loss": 0.4246644377708435, "acc": 0.8273278474807739, "length": 3.1012685298919678, "mode": "train", "epoch": 7}
{"loss": 0.40317630767822266, "acc": 0.8252424001693726, "length": 3.2061855792999268, "mode": "test", "epoch": 7}
{"loss": 0.36833199858665466, "acc": 0.8492847681045532, "length": 3.3208155632019043, "mode": "train", "epoch": 8}
{"loss": 0.3603651821613312, "acc": 0.8507559299468994, "length": 3.3608248233795166, "mode": "test", "epoch": 8}
{"loss": 0.3215278685092926, "acc": 0.8705320954322815, "length": 3.439958095550537, "mode": "train", "epoch": 9}
{"loss": 0.3254307210445404, "acc": 0.8718087077140808, "length": 3.4329895973205566, "mode": "test", "epoch": 9}
{"loss": 0.2844640612602234, "acc": 0.8893510699272156, "length": 3.4859206676483154, "mode": "train", "epoch": 10}
{"loss": 0.31970903277397156, "acc": 0.8754339218139648, "length": 3.4329895973205566, "mode": "test", "epoch": 10}
{"loss": 0.2604272961616516, "acc": 0.9001259803771973, "length": 3.5290729999542236, "mode": "train", "epoch": 11}
{"loss": 0.316362589597702, "acc": 0.8698331713676453, "length": 3.474226713180542, "mode": "test", "epoch": 11}
{"loss": 0.25167131423950195, "acc": 0.9018657207489014, "length": 3.51019549369812, "mode": "train", "epoch": 12}
{"loss": 0.29088982939720154, "acc": 0.8844867944717407, "length": 3.453608274459839, "mode": "test", "epoch": 12}
{"loss": 0.23124974966049194, "acc": 0.911727249622345, "length": 3.5347864627838135, "mode": "train", "epoch": 13}
{"loss": 0.27294644713401794, "acc": 0.8957896828651428, "length": 3.505154609680176, "mode": "test", "epoch": 13}
{"loss": 0.21845731139183044, "acc": 0.9185065627098083, "length": 3.564822196960449, "mode": "train", "epoch": 14}
{"loss": 0.27093836665153503, "acc": 0.8886719942092896, "length": 3.6907217502593994, "mode": "test", "epoch": 14}
{"loss": 0.21752287447452545, "acc": 0.9151631593704224, "length": 3.6051228046417236, "mode": "train", "epoch": 15}
{"loss": 0.2775861918926239, "acc": 0.8980973958969116, "length": 3.670103073120117, "mode": "test", "epoch": 15}
{"loss": 0.1996515542268753, "acc": 0.9259658455848694, "length": 3.5554544925689697, "mode": "train", "epoch": 16}
{"loss": 0.24588914215564728, "acc": 0.9127923846244812, "length": 3.7835052013397217, "mode": "test", "epoch": 16}
{"loss": 0.18858842551708221, "acc": 0.9268779158592224, "length": 3.6679816246032715, "mode": "train", "epoch": 17}
{"loss": 0.23764152824878693, "acc": 0.9121924042701721, "length": 3.7869415283203125, "mode": "test", "epoch": 17}
{"loss": 0.184184730052948, "acc": 0.929504930973053, "length": 3.6392483711242676, "mode": "train", "epoch": 18}
{"loss": 0.23853819072246552, "acc": 0.9098503589630127, "length": 3.804123640060425, "mode": "test", "epoch": 18}
{"loss": 0.17028291523456573, "acc": 0.939426600933075, "length": 3.6482253074645996, "mode": "train", "epoch": 19}
{"loss": 0.24276481568813324, "acc": 0.9141867756843567, "length": 3.8797249794006348, "mode": "test", "epoch": 19}
{"loss": 0.18186591565608978, "acc": 0.9295300245285034, "length": 3.6730868816375732, "mode": "train", "epoch": 20}
{"loss": 0.2596898674964905, "acc": 0.8919209837913513, "length": 3.869415760040283, "mode": "test", "epoch": 20}
{"loss": 0.17272613942623138, "acc": 0.9353163838386536, "length": 3.6736814975738525, "mode": "train", "epoch": 21}
{"loss": 0.22405989468097687, "acc": 0.9151430726051331, "length": 3.8865978717803955, "mode": "test", "epoch": 21}
{"loss": 0.16063949465751648, "acc": 0.9407798647880554, "length": 3.7336020469665527, "mode": "train", "epoch": 22}
{"loss": 0.19153638184070587, "acc": 0.9326260089874268, "length": 3.8797249794006348, "mode": "test", "epoch": 22}
{"loss": 0.1588747352361679, "acc": 0.9418511390686035, "length": 3.71822452545166, "mode": "train", "epoch": 23}
{"loss": 0.18350885808467865, "acc": 0.9295480251312256, "length": 3.9140894412994385, "mode": "test", "epoch": 23}
{"loss": 0.15738412737846375, "acc": 0.9382578730583191, "length": 3.7332520484924316, "mode": "train", "epoch": 24}
{"loss": 0.19714389741420746, "acc": 0.9268638491630554, "length": 3.8831615447998047, "mode": "test", "epoch": 24}
{"loss": 0.14921104907989502, "acc": 0.9418862462043762, "length": 3.6888039112091064, "mode": "train", "epoch": 25}
{"loss": 0.19127871096134186, "acc": 0.9171394109725952, "length": 3.8797249794006348, "mode": "test", "epoch": 25}
{"loss": 0.1486125886440277, "acc": 0.9443219900131226, "length": 3.7044482231140137, "mode": "train", "epoch": 26}
{"loss": 0.1676194667816162, "acc": 0.9414102435112, "length": 3.8831615447998047, "mode": "test", "epoch": 26}
{"loss": 0.140072762966156, "acc": 0.9460449814796448, "length": 3.7552950382232666, "mode": "train", "epoch": 27}
{"loss": 0.17322207987308502, "acc": 0.9411098957061768, "length": 3.869415760040283, "mode": "test", "epoch": 27}
{"loss": 0.13808956742286682, "acc": 0.9490359425544739, "length": 3.754180908203125, "mode": "train", "epoch": 28}
{"loss": 0.18671660125255585, "acc": 0.9231052398681641, "length": 3.9072165489196777, "mode": "test", "epoch": 28}
{"loss": 0.13720296323299408, "acc": 0.9506710767745972, "length": 3.7419066429138184, "mode": "train", "epoch": 29}
{"loss": 0.1626625806093216, "acc": 0.9456099271774292, "length": 3.8659794330596924, "mode": "test", "epoch": 29}
{"loss": 0.1370721161365509, "acc": 0.9484027028083801, "length": 3.7342333793640137, "mode": "train", "epoch": 30}
{"loss": 0.16618207097053528, "acc": 0.9331981539726257, "length": 3.8865978717803955, "mode": "test", "epoch": 30}
{"loss": 0.13042719662189484, "acc": 0.9526091814041138, "length": 3.7549471855163574, "mode": "train", "epoch": 31}
{"loss": 0.1647554636001587, "acc": 0.9421892166137695, "length": 3.852233648300171, "mode": "test", "epoch": 31}
{"loss": 0.12916013598442078, "acc": 0.9499065279960632, "length": 3.7728261947631836, "mode": "train", "epoch": 32}
{"loss": 0.15164119005203247, "acc": 0.9384159445762634, "length": 3.8865978717803955, "mode": "test", "epoch": 32}
{"loss": 0.12817203998565674, "acc": 0.9499842524528503, "length": 3.7614352703094482, "mode": "train", "epoch": 33}
{"loss": 0.15199725329875946, "acc": 0.9388125538825989, "length": 3.872852325439453, "mode": "test", "epoch": 33}
{"loss": 0.12421204149723053, "acc": 0.9517760276794434, "length": 3.7608747482299805, "mode": "train", "epoch": 34}
{"loss": 0.14693358540534973, "acc": 0.9392585754394531, "length": 3.8797249794006348, "mode": "test", "epoch": 34}
{"loss": 0.12723030149936676, "acc": 0.9531591534614563, "length": 3.792067289352417, "mode": "train", "epoch": 35}
{"loss": 0.124721460044384, "acc": 0.9516270160675049, "length": 3.852233648300171, "mode": "test", "epoch": 35}
{"loss": 0.11953092366456985, "acc": 0.9525935053825378, "length": 3.7403178215026855, "mode": "train", "epoch": 36}
{"loss": 0.15794770419597626, "acc": 0.9422056078910828, "length": 3.84536075592041, "mode": "test", "epoch": 36}
{"loss": 0.12672246992588043, "acc": 0.9511430859565735, "length": 3.7424094676971436, "mode": "train", "epoch": 37}
{"loss": 0.1398417055606842, "acc": 0.9486656785011292, "length": 3.776632308959961, "mode": "test", "epoch": 37}
{"loss": 0.12199819087982178, "acc": 0.9569336771965027, "length": 3.7448782920837402, "mode": "train", "epoch": 38}
{"loss": 0.12325108051300049, "acc": 0.9511377811431885, "length": 3.749140977859497, "mode": "test", "epoch": 38}
{"loss": 0.11542069911956787, "acc": 0.9555723667144775, "length": 3.758218765258789, "mode": "train", "epoch": 39}
{"loss": 0.1219540610909462, "acc": 0.9561324119567871, "length": 3.828178644180298, "mode": "test", "epoch": 39}
{"loss": 0.11533260345458984, "acc": 0.9559081196784973, "length": 3.775939702987671, "mode": "train", "epoch": 40}
{"loss": 0.11843257397413254, "acc": 0.9566913843154907, "length": 3.7938144207000732, "mode": "test", "epoch": 40}
{"loss": 0.1075228899717331, "acc": 0.9566965699195862, "length": 3.7888810634613037, "mode": "train", "epoch": 41}
{"loss": 0.11800894886255264, "acc": 0.9565699100494385, "length": 3.8075602054595947, "mode": "test", "epoch": 41}
{"loss": 0.10695230215787888, "acc": 0.9607477188110352, "length": 3.7688560485839844, "mode": "train", "epoch": 42}
{"loss": 0.12323105335235596, "acc": 0.9535425901412964, "length": 3.77319598197937, "mode": "test", "epoch": 42}
{"loss": 0.10768815129995346, "acc": 0.9602406620979309, "length": 3.789533853530884, "mode": "train", "epoch": 43}
{"loss": 0.12127866595983505, "acc": 0.9528844356536865, "length": 3.824742317199707, "mode": "test", "epoch": 43}
{"loss": 0.10866601020097733, "acc": 0.9601906538009644, "length": 3.7807323932647705, "mode": "train", "epoch": 44}
{"loss": 0.11880874633789062, "acc": 0.958167314529419, "length": 3.7938144207000732, "mode": "test", "epoch": 44}
{"loss": 0.10656491667032242, "acc": 0.9623433947563171, "length": 3.780717611312866, "mode": "train", "epoch": 45}
{"loss": 0.11253861337900162, "acc": 0.9573301076889038, "length": 3.8075602054595947, "mode": "test", "epoch": 45}
{"loss": 0.10431133955717087, "acc": 0.9627201557159424, "length": 3.789794921875, "mode": "train", "epoch": 46}
{"loss": 0.12374357134103775, "acc": 0.9525680541992188, "length": 3.852233648300171, "mode": "test", "epoch": 46}
{"loss": 0.09343978017568588, "acc": 0.9644020795822144, "length": 3.8404242992401123, "mode": "train", "epoch": 47}
{"loss": 0.10999409109354019, "acc": 0.9610000848770142, "length": 3.8625428676605225, "mode": "test", "epoch": 47}
{"loss": 0.09604646265506744, "acc": 0.9676545858383179, "length": 3.8579154014587402, "mode": "train", "epoch": 48}
{"loss": 0.09944049268960953, "acc": 0.9622757434844971, "length": 3.9140894412994385, "mode": "test", "epoch": 48}
{"loss": 0.09334542602300644, "acc": 0.9689227342605591, "length": 3.8988537788391113, "mode": "train", "epoch": 49}
{"loss": 0.11076798290014267, "acc": 0.9554054141044617, "length": 3.931271553039551, "mode": "test", "epoch": 49}
{"loss": 0.09022500365972519, "acc": 0.9668245315551758, "length": 3.8912882804870605, "mode": "train", "epoch": 50}
{"loss": 0.10505012422800064, "acc": 0.9651152491569519, "length": 3.8625428676605225, "mode": "test", "epoch": 50}
{"loss": 0.09389222413301468, "acc": 0.9668110609054565, "length": 3.8843743801116943, "mode": "train", "epoch": 51}
{"loss": 0.1140739917755127, "acc": 0.957349956035614, "length": 3.931271553039551, "mode": "test", "epoch": 51}
{"loss": 0.0911715179681778, "acc": 0.9706019759178162, "length": 3.9139602184295654, "mode": "train", "epoch": 52}
{"loss": 0.1146259531378746, "acc": 0.9644891023635864, "length": 3.92439866065979, "mode": "test", "epoch": 52}
{"loss": 0.08400348573923111, "acc": 0.9712387919425964, "length": 3.9061174392700195, "mode": "train", "epoch": 53}
{"loss": 0.08649038523435593, "acc": 0.9665634036064148, "length": 3.903779983520508, "mode": "test", "epoch": 53}
{"loss": 0.07853654772043228, "acc": 0.9734838008880615, "length": 3.896929979324341, "mode": "train", "epoch": 54}
{"loss": 0.09694833308458328, "acc": 0.9692298769950867, "length": 3.92096209526062, "mode": "test", "epoch": 54}
{"loss": 0.08750841021537781, "acc": 0.9695949554443359, "length": 3.9196441173553467, "mode": "train", "epoch": 55}
{"loss": 0.10944807529449463, "acc": 0.9671998023986816, "length": 3.9656357765197754, "mode": "test", "epoch": 55}
{"loss": 0.07908180356025696, "acc": 0.9720096588134766, "length": 3.922489881515503, "mode": "train", "epoch": 56}
{"loss": 0.11036904156208038, "acc": 0.967162013053894, "length": 3.955326557159424, "mode": "test", "epoch": 56}
{"loss": 0.07888494431972504, "acc": 0.9731103777885437, "length": 3.926828622817993, "mode": "train", "epoch": 57}
{"loss": 0.1236322671175003, "acc": 0.9648482799530029, "length": 3.9656357765197754, "mode": "test", "epoch": 57}
{"loss": 0.07467751204967499, "acc": 0.9748731255531311, "length": 3.934359312057495, "mode": "train", "epoch": 58}
{"loss": 0.12708476185798645, "acc": 0.9595364332199097, "length": 3.969072103500366, "mode": "test", "epoch": 58}
{"loss": 0.07645717263221741, "acc": 0.9759970903396606, "length": 3.9119584560394287, "mode": "train", "epoch": 59}
{"loss": 0.10332447290420532, "acc": 0.9671728610992432, "length": 3.948453664779663, "mode": "test", "epoch": 59}
{"loss": 0.0604846216738224, "acc": 0.9812045693397522, "length": 3.9309964179992676, "mode": "train", "epoch": 60}
{"loss": 0.08741530030965805, "acc": 0.9735449552536011, "length": 3.945017099380493, "mode": "test", "epoch": 60}
test accuracy: 0.8169586658477783
