# ["--attributes=3", "--values=16", "--game_size=10", "--vocab_size_factor=3", "--n_epochs=60", "--batch_size=64", "--learning_rate=0.0005", "--hidden_size=256", "--temp_update=0.99", "--temperature=2"]
Creating train_ds and val_ds...

Creating test_ds...
{"loss": 0.7012001872062683, "acc": 0.5161976218223572, "length": 3.3914432525634766, "mode": "train", "epoch": 1}
{"loss": 0.6894316077232361, "acc": 0.541433572769165, "length": 1.0, "mode": "test", "epoch": 1}
{"loss": 0.6925848722457886, "acc": 0.5339704751968384, "length": 2.388627767562866, "mode": "train", "epoch": 2}
{"loss": 0.6906186938285828, "acc": 0.5388111472129822, "length": 1.0, "mode": "test", "epoch": 2}
{"loss": 0.6625122427940369, "acc": 0.6021860837936401, "length": 2.6528573036193848, "mode": "train", "epoch": 3}
{"loss": 0.6094126105308533, "acc": 0.6978238224983215, "length": 2.7517483234405518, "mode": "test", "epoch": 3}
{"loss": 0.5735926032066345, "acc": 0.7409006357192993, "length": 3.1311168670654297, "mode": "train", "epoch": 4}
{"loss": 0.5116646885871887, "acc": 0.7740548849105835, "length": 3.947552442550659, "mode": "test", "epoch": 4}
{"loss": 0.477367639541626, "acc": 0.7846741080284119, "length": 3.704265832901001, "mode": "train", "epoch": 5}
{"loss": 0.4956987798213959, "acc": 0.7708041071891785, "length": 4.0, "mode": "test", "epoch": 5}
{"loss": 0.4429086148738861, "acc": 0.7953199744224548, "length": 3.935499429702759, "mode": "train", "epoch": 6}
{"loss": 0.4802592396736145, "acc": 0.7819929122924805, "length": 4.0, "mode": "test", "epoch": 6}
{"loss": 0.4276147186756134, "acc": 0.8053373098373413, "length": 3.9578194618225098, "mode": "train", "epoch": 7}
{"loss": 0.49384745955467224, "acc": 0.7814685702323914, "length": 4.0, "mode": "test", "epoch": 7}
{"loss": 0.4139791429042816, "acc": 0.8103606700897217, "length": 3.9613051414489746, "mode": "train", "epoch": 8}
{"loss": 0.4594012200832367, "acc": 0.7930070161819458, "length": 4.0, "mode": "test", "epoch": 8}
{"loss": 0.3974568247795105, "acc": 0.8144567608833313, "length": 3.9648914337158203, "mode": "train", "epoch": 9}
{"loss": 0.47452425956726074, "acc": 0.7704545259475708, "length": 4.0, "mode": "test", "epoch": 9}
{"loss": 0.3814162015914917, "acc": 0.8245289325714111, "length": 3.9747354984283447, "mode": "train", "epoch": 10}
{"loss": 0.452585905790329, "acc": 0.8094404935836792, "length": 4.0, "mode": "test", "epoch": 10}
{"loss": 0.360727995634079, "acc": 0.8452612161636353, "length": 3.9765665531158447, "mode": "train", "epoch": 11}
{"loss": 0.40529805421829224, "acc": 0.8290209174156189, "length": 4.0, "mode": "test", "epoch": 11}
{"loss": 0.3353438973426819, "acc": 0.8513364195823669, "length": 3.9833033084869385, "mode": "train", "epoch": 12}
{"loss": 0.39679741859436035, "acc": 0.8211538195610046, "length": 4.0, "mode": "test", "epoch": 12}
{"loss": 0.3243495225906372, "acc": 0.8590787053108215, "length": 3.9852712154388428, "mode": "train", "epoch": 13}
{"loss": 0.40385037660598755, "acc": 0.8265734314918518, "length": 4.0, "mode": "test", "epoch": 13}
{"loss": 0.30929821729660034, "acc": 0.8710601329803467, "length": 3.9850354194641113, "mode": "train", "epoch": 14}
{"loss": 0.40736719965934753, "acc": 0.8244756460189819, "length": 4.0, "mode": "test", "epoch": 14}
{"loss": 0.29968851804733276, "acc": 0.870297908782959, "length": 3.9888947010040283, "mode": "train", "epoch": 15}
{"loss": 0.3919280469417572, "acc": 0.8374126553535461, "length": 4.0, "mode": "test", "epoch": 15}
{"loss": 0.29537928104400635, "acc": 0.8752538561820984, "length": 3.990924596786499, "mode": "train", "epoch": 16}
{"loss": 0.38342273235321045, "acc": 0.8494754433631897, "length": 4.0, "mode": "test", "epoch": 16}
{"loss": 0.2906053066253662, "acc": 0.8761376738548279, "length": 3.9914612770080566, "mode": "train", "epoch": 17}
{"loss": 0.3374558985233307, "acc": 0.8702796697616577, "length": 4.0, "mode": "test", "epoch": 17}
{"loss": 0.2718845009803772, "acc": 0.8882935643196106, "length": 3.9928901195526123, "mode": "train", "epoch": 18}
{"loss": 0.3434360921382904, "acc": 0.8659090995788574, "length": 4.0, "mode": "test", "epoch": 18}
{"loss": 0.26200732588768005, "acc": 0.8895030617713928, "length": 3.99232816696167, "mode": "train", "epoch": 19}
{"loss": 0.3154817223548889, "acc": 0.8723776936531067, "length": 4.0, "mode": "test", "epoch": 19}
{"loss": 0.2515767216682434, "acc": 0.8989468812942505, "length": 3.99404239654541, "mode": "train", "epoch": 20}
{"loss": 0.3057572543621063, "acc": 0.8758741617202759, "length": 4.0, "mode": "test", "epoch": 20}
{"loss": 0.24109777808189392, "acc": 0.9014816880226135, "length": 3.9946200847625732, "mode": "train", "epoch": 21}
{"loss": 0.32087790966033936, "acc": 0.8758741021156311, "length": 4.0, "mode": "test", "epoch": 21}
{"loss": 0.2431706190109253, "acc": 0.9012607932090759, "length": 3.995650053024292, "mode": "train", "epoch": 22}
{"loss": 0.29877951741218567, "acc": 0.8861888647079468, "length": 4.0, "mode": "test", "epoch": 22}
{"loss": 0.22975248098373413, "acc": 0.906111478805542, "length": 3.9960625171661377, "mode": "train", "epoch": 23}
{"loss": 0.3135892450809479, "acc": 0.8770978450775146, "length": 4.0, "mode": "test", "epoch": 23}
{"loss": 0.2211795151233673, "acc": 0.9075257778167725, "length": 3.995941638946533, "mode": "train", "epoch": 24}
{"loss": 0.28079694509506226, "acc": 0.8858391046524048, "length": 4.0, "mode": "test", "epoch": 24}
{"loss": 0.21218307316303253, "acc": 0.9117995500564575, "length": 3.995997190475464, "mode": "train", "epoch": 25}
{"loss": 0.2939627468585968, "acc": 0.8889859318733215, "length": 4.0, "mode": "test", "epoch": 25}
{"loss": 0.21086779236793518, "acc": 0.9177139401435852, "length": 3.996124029159546, "mode": "train", "epoch": 26}
{"loss": 0.285336971282959, "acc": 0.8938812613487244, "length": 4.0, "mode": "test", "epoch": 26}
{"loss": 0.2070745974779129, "acc": 0.9136355519294739, "length": 3.997046947479248, "mode": "train", "epoch": 27}
{"loss": 0.27311381697654724, "acc": 0.9073425531387329, "length": 4.0, "mode": "test", "epoch": 27}
{"loss": 0.20467296242713928, "acc": 0.9202567934989929, "length": 3.9972729682922363, "mode": "train", "epoch": 28}
{"loss": 0.2605871856212616, "acc": 0.9085664749145508, "length": 4.0, "mode": "test", "epoch": 28}
{"loss": 0.19136716425418854, "acc": 0.9259111285209656, "length": 3.997102975845337, "mode": "train", "epoch": 29}
{"loss": 0.2495664805173874, "acc": 0.9050699472427368, "length": 4.0, "mode": "test", "epoch": 29}
{"loss": 0.18698102235794067, "acc": 0.9266812205314636, "length": 3.9969329833984375, "mode": "train", "epoch": 30}
{"loss": 0.23337511718273163, "acc": 0.9192309379577637, "length": 4.0, "mode": "test", "epoch": 30}
{"loss": 0.17251542210578918, "acc": 0.9327864050865173, "length": 3.9968883991241455, "mode": "train", "epoch": 31}
{"loss": 0.23042349517345428, "acc": 0.9204545617103577, "length": 4.0, "mode": "test", "epoch": 31}
{"loss": 0.16976752877235413, "acc": 0.9358168840408325, "length": 3.9978458881378174, "mode": "train", "epoch": 32}
{"loss": 0.21164874732494354, "acc": 0.9187064170837402, "length": 4.0, "mode": "test", "epoch": 32}
{"loss": 0.1644776314496994, "acc": 0.9396982192993164, "length": 3.9980521202087402, "mode": "train", "epoch": 33}
{"loss": 0.24473996460437775, "acc": 0.919755220413208, "length": 4.0, "mode": "test", "epoch": 33}
{"loss": 0.15453076362609863, "acc": 0.9389990568161011, "length": 3.9981420040130615, "mode": "train", "epoch": 34}
{"loss": 0.21187607944011688, "acc": 0.9187064170837402, "length": 4.0, "mode": "test", "epoch": 34}
{"loss": 0.15003347396850586, "acc": 0.9415189027786255, "length": 3.998279333114624, "mode": "train", "epoch": 35}
{"loss": 0.2031416893005371, "acc": 0.9215034246444702, "length": 4.0, "mode": "test", "epoch": 35}
{"loss": 0.14169321954250336, "acc": 0.9466844797134399, "length": 3.998753070831299, "mode": "train", "epoch": 36}
{"loss": 0.21728138625621796, "acc": 0.9152098894119263, "length": 4.0, "mode": "test", "epoch": 36}
{"loss": 0.13979600369930267, "acc": 0.9469149708747864, "length": 3.99882435798645, "mode": "train", "epoch": 37}
{"loss": 0.20336346328258514, "acc": 0.9256992936134338, "length": 4.0, "mode": "test", "epoch": 37}
{"loss": 0.13362042605876923, "acc": 0.9483301043510437, "length": 3.999042510986328, "mode": "train", "epoch": 38}
{"loss": 0.19501473009586334, "acc": 0.9248250722885132, "length": 4.0, "mode": "test", "epoch": 38}
{"loss": 0.1314845085144043, "acc": 0.9469190835952759, "length": 3.9988925457000732, "mode": "train", "epoch": 39}
{"loss": 0.18785671889781952, "acc": 0.9251748323440552, "length": 4.0, "mode": "test", "epoch": 39}
{"loss": 0.11910869926214218, "acc": 0.9549371600151062, "length": 3.998994827270508, "mode": "train", "epoch": 40}
{"loss": 0.18018212914466858, "acc": 0.9269230961799622, "length": 4.0, "mode": "test", "epoch": 40}
{"loss": 0.10844577103853226, "acc": 0.9572858214378357, "length": 3.999136447906494, "mode": "train", "epoch": 41}
{"loss": 0.17795097827911377, "acc": 0.934790313243866, "length": 4.0, "mode": "test", "epoch": 41}
{"loss": 0.10735756158828735, "acc": 0.961335301399231, "length": 3.999297857284546, "mode": "train", "epoch": 42}
{"loss": 0.15615971386432648, "acc": 0.940559446811676, "length": 4.0, "mode": "test", "epoch": 42}
{"loss": 0.09775348752737045, "acc": 0.9653159976005554, "length": 3.9993815422058105, "mode": "train", "epoch": 43}
{"loss": 0.1632104367017746, "acc": 0.9339160919189453, "length": 4.0, "mode": "test", "epoch": 43}
{"loss": 0.09177990257740021, "acc": 0.9664276838302612, "length": 3.9994125366210938, "mode": "train", "epoch": 44}
{"loss": 0.15518818795681, "acc": 0.9400351047515869, "length": 4.0, "mode": "test", "epoch": 44}
{"loss": 0.08778243511915207, "acc": 0.967717707157135, "length": 3.9994430541992188, "mode": "train", "epoch": 45}
{"loss": 0.14893583953380585, "acc": 0.9510489702224731, "length": 4.0, "mode": "test", "epoch": 45}
{"loss": 0.08210128545761108, "acc": 0.9673709869384766, "length": 3.9995460510253906, "mode": "train", "epoch": 46}
{"loss": 0.1581561416387558, "acc": 0.9470279812812805, "length": 4.0, "mode": "test", "epoch": 46}
{"loss": 0.08306345343589783, "acc": 0.9682459235191345, "length": 3.999544620513916, "mode": "train", "epoch": 47}
{"loss": 0.16372525691986084, "acc": 0.9473775625228882, "length": 4.0, "mode": "test", "epoch": 47}
{"loss": 0.07223454862833023, "acc": 0.9745756983757019, "length": 3.9996514320373535, "mode": "train", "epoch": 48}
{"loss": 0.16583134233951569, "acc": 0.9522727727890015, "length": 4.0, "mode": "test", "epoch": 48}
{"loss": 0.07703594118356705, "acc": 0.9718261957168579, "length": 3.9996707439422607, "mode": "train", "epoch": 49}
{"loss": 0.16616643965244293, "acc": 0.9506992697715759, "length": 4.0, "mode": "test", "epoch": 49}
{"loss": 0.0710715800523758, "acc": 0.972643256187439, "length": 3.9996485710144043, "mode": "train", "epoch": 50}
{"loss": 0.17519736289978027, "acc": 0.948776125907898, "length": 4.0, "mode": "test", "epoch": 50}
{"loss": 0.06945130228996277, "acc": 0.9734013676643372, "length": 3.999462366104126, "mode": "train", "epoch": 51}
{"loss": 0.12086565792560577, "acc": 0.9648602604866028, "length": 4.0, "mode": "test", "epoch": 51}
{"loss": 0.07269444316625595, "acc": 0.9737610816955566, "length": 3.9997787475585938, "mode": "train", "epoch": 52}
{"loss": 0.14522068202495575, "acc": 0.9555944800376892, "length": 4.0, "mode": "test", "epoch": 52}
{"loss": 0.06517480313777924, "acc": 0.9770987629890442, "length": 3.999784231185913, "mode": "train", "epoch": 53}
{"loss": 0.12186799198389053, "acc": 0.9543705582618713, "length": 4.0, "mode": "test", "epoch": 53}
{"loss": 0.06380297988653183, "acc": 0.9754611253738403, "length": 3.999830961227417, "mode": "train", "epoch": 54}
{"loss": 0.1137121245265007, "acc": 0.9678322076797485, "length": 4.0, "mode": "test", "epoch": 54}
{"loss": 0.054861389100551605, "acc": 0.9800881743431091, "length": 3.9998598098754883, "mode": "train", "epoch": 55}
{"loss": 0.10773961991071701, "acc": 0.9610140323638916, "length": 4.0, "mode": "test", "epoch": 55}
{"loss": 0.05236610397696495, "acc": 0.9793176054954529, "length": 3.999681234359741, "mode": "train", "epoch": 56}
{"loss": 0.10772571712732315, "acc": 0.9685314893722534, "length": 4.0, "mode": "test", "epoch": 56}
{"loss": 0.06104244664311409, "acc": 0.9781562089920044, "length": 3.9998927116394043, "mode": "train", "epoch": 57}
{"loss": 0.14468292891979218, "acc": 0.9592657685279846, "length": 4.0, "mode": "test", "epoch": 57}
{"loss": 0.06330190598964691, "acc": 0.9751083850860596, "length": 3.999809980392456, "mode": "train", "epoch": 58}
{"loss": 0.12956538796424866, "acc": 0.9580418467521667, "length": 4.0, "mode": "test", "epoch": 58}
{"loss": 0.07404954731464386, "acc": 0.9739993810653687, "length": 3.999875068664551, "mode": "train", "epoch": 59}
{"loss": 0.1450093537569046, "acc": 0.9601398706436157, "length": 4.0, "mode": "test", "epoch": 59}
{"loss": 0.058408234268426895, "acc": 0.9766309261322021, "length": 3.999835252761841, "mode": "train", "epoch": 60}
{"loss": 0.10685431957244873, "acc": 0.9659090638160706, "length": 4.0, "mode": "test", "epoch": 60}
test accuracy: 0.797166645526886
