# ["--attributes=3", "--values=16", "--game_size=10", "--vocab_size_factor=3", "--n_epochs=60", "--batch_size=64", "--learning_rate=0.001", "--hidden_size=128", "--temp_update=0.97", "--temperature=1"]
Creating train_ds and val_ds...

Creating test_ds...
{"loss": 0.7007046937942505, "acc": 0.5018598437309265, "length": 3.470302104949951, "mode": "train", "epoch": 1}
{"loss": 0.6937512755393982, "acc": 0.49903160333633423, "length": 1.0208333730697632, "mode": "test", "epoch": 1}
{"loss": 0.6832473874092102, "acc": 0.5592831373214722, "length": 2.8423993587493896, "mode": "train", "epoch": 2}
{"loss": 0.6607904434204102, "acc": 0.6383680105209351, "length": 2.0625, "mode": "test", "epoch": 2}
{"loss": 0.6250070333480835, "acc": 0.6802938580513, "length": 2.7972097396850586, "mode": "train", "epoch": 3}
{"loss": 0.5854495763778687, "acc": 0.7104817628860474, "length": 3.569444417953491, "mode": "test", "epoch": 3}
{"loss": 0.5467899441719055, "acc": 0.7032403945922852, "length": 3.4445302486419678, "mode": "train", "epoch": 4}
{"loss": 0.5355863571166992, "acc": 0.7545897960662842, "length": 3.475694417953491, "mode": "test", "epoch": 4}
{"loss": 0.4944181740283966, "acc": 0.76917564868927, "length": 3.4065349102020264, "mode": "train", "epoch": 5}
{"loss": 0.45235583186149597, "acc": 0.8108370900154114, "length": 3.663194417953491, "mode": "test", "epoch": 5}
{"loss": 0.40791600942611694, "acc": 0.8288071751594543, "length": 3.7258641719818115, "mode": "train", "epoch": 6}
{"loss": 0.4114198386669159, "acc": 0.8246527314186096, "length": 4.0, "mode": "test", "epoch": 6}
{"loss": 0.3727273643016815, "acc": 0.8400092124938965, "length": 3.9556174278259277, "mode": "train", "epoch": 7}
{"loss": 0.4124658703804016, "acc": 0.8262152075767517, "length": 4.0, "mode": "test", "epoch": 7}
{"loss": 0.36316603422164917, "acc": 0.8442960381507874, "length": 3.9814810752868652, "mode": "train", "epoch": 8}
{"loss": 0.39408642053604126, "acc": 0.8343750834465027, "length": 4.0, "mode": "test", "epoch": 8}
{"loss": 0.3542325794696808, "acc": 0.851152241230011, "length": 3.9705464839935303, "mode": "train", "epoch": 9}
{"loss": 0.39007478952407837, "acc": 0.8281249403953552, "length": 4.0, "mode": "test", "epoch": 9}
{"loss": 0.3459579646587372, "acc": 0.8554182052612305, "length": 3.9786367416381836, "mode": "train", "epoch": 10}
{"loss": 0.38467928767204285, "acc": 0.8168403506278992, "length": 4.0, "mode": "test", "epoch": 10}
{"loss": 0.3409629166126251, "acc": 0.8575665950775146, "length": 3.9880244731903076, "mode": "train", "epoch": 11}
{"loss": 0.3674822747707367, "acc": 0.8423610925674438, "length": 4.0, "mode": "test", "epoch": 11}
{"loss": 0.33229225873947144, "acc": 0.8608772158622742, "length": 3.984753131866455, "mode": "train", "epoch": 12}
{"loss": 0.3614865243434906, "acc": 0.8435763120651245, "length": 4.0, "mode": "test", "epoch": 12}
{"loss": 0.322772741317749, "acc": 0.8667921423912048, "length": 3.9840986728668213, "mode": "train", "epoch": 13}
{"loss": 0.3521873652935028, "acc": 0.8520833849906921, "length": 4.0, "mode": "test", "epoch": 13}
{"loss": 0.3155438303947449, "acc": 0.8713135123252869, "length": 3.991529941558838, "mode": "train", "epoch": 14}
{"loss": 0.34943467378616333, "acc": 0.8559027910232544, "length": 4.0, "mode": "test", "epoch": 14}
{"loss": 0.30924350023269653, "acc": 0.8749920129776001, "length": 3.9911930561065674, "mode": "train", "epoch": 15}
{"loss": 0.34840306639671326, "acc": 0.8592012524604797, "length": 4.0, "mode": "test", "epoch": 15}
{"loss": 0.30457913875579834, "acc": 0.8771620988845825, "length": 3.991222858428955, "mode": "train", "epoch": 16}
{"loss": 0.3280750811100006, "acc": 0.8677083849906921, "length": 4.0, "mode": "test", "epoch": 16}
{"loss": 0.2915489375591278, "acc": 0.8826798796653748, "length": 3.9966447353363037, "mode": "train", "epoch": 17}
{"loss": 0.32817190885543823, "acc": 0.8677083849906921, "length": 4.0, "mode": "test", "epoch": 17}
{"loss": 0.2966640889644623, "acc": 0.8826640844345093, "length": 3.996042490005493, "mode": "train", "epoch": 18}
{"loss": 0.36282363533973694, "acc": 0.8552083969116211, "length": 4.0, "mode": "test", "epoch": 18}
{"loss": 0.29192841053009033, "acc": 0.8823367953300476, "length": 3.996039390563965, "mode": "train", "epoch": 19}
{"loss": 0.32879871129989624, "acc": 0.8671875, "length": 4.0, "mode": "test", "epoch": 19}
{"loss": 0.2902950346469879, "acc": 0.8887487053871155, "length": 3.997708797454834, "mode": "train", "epoch": 20}
{"loss": 0.3293010890483856, "acc": 0.8807292580604553, "length": 4.0, "mode": "test", "epoch": 20}
{"loss": 0.2845412492752075, "acc": 0.8890090584754944, "length": 3.994699716567993, "mode": "train", "epoch": 21}
{"loss": 0.33758261799812317, "acc": 0.8762152194976807, "length": 4.0, "mode": "test", "epoch": 21}
{"loss": 0.2819075584411621, "acc": 0.8868473172187805, "length": 3.997281074523926, "mode": "train", "epoch": 22}
{"loss": 0.3294123113155365, "acc": 0.8732638955116272, "length": 4.0, "mode": "test", "epoch": 22}
{"loss": 0.27860963344573975, "acc": 0.8846803307533264, "length": 3.999521255493164, "mode": "train", "epoch": 23}
{"loss": 0.32215651869773865, "acc": 0.8758680820465088, "length": 4.0, "mode": "test", "epoch": 23}
{"loss": 0.27623236179351807, "acc": 0.8885012865066528, "length": 3.999493360519409, "mode": "train", "epoch": 24}
{"loss": 0.33564504981040955, "acc": 0.8777778744697571, "length": 4.0, "mode": "test", "epoch": 24}
{"loss": 0.2752586603164673, "acc": 0.8906479477882385, "length": 3.9958832263946533, "mode": "train", "epoch": 25}
{"loss": 0.3203875720500946, "acc": 0.8751736879348755, "length": 4.0, "mode": "test", "epoch": 25}
{"loss": 0.27695631980895996, "acc": 0.8873363733291626, "length": 3.996764659881592, "mode": "train", "epoch": 26}
{"loss": 0.35107311606407166, "acc": 0.8708333969116211, "length": 4.0, "mode": "test", "epoch": 26}
{"loss": 0.26717710494995117, "acc": 0.8921607732772827, "length": 3.999415874481201, "mode": "train", "epoch": 27}
{"loss": 0.3193371891975403, "acc": 0.8803820610046387, "length": 4.0, "mode": "test", "epoch": 27}
{"loss": 0.26597219705581665, "acc": 0.8951823711395264, "length": 3.999811887741089, "mode": "train", "epoch": 28}
{"loss": 0.3097204267978668, "acc": 0.8812501430511475, "length": 4.0, "mode": "test", "epoch": 28}
{"loss": 0.2723957300186157, "acc": 0.8898289203643799, "length": 3.9978435039520264, "mode": "train", "epoch": 29}
{"loss": 0.3202035129070282, "acc": 0.8751736879348755, "length": 4.0, "mode": "test", "epoch": 29}
{"loss": 0.26153257489204407, "acc": 0.8912152647972107, "length": 3.9985291957855225, "mode": "train", "epoch": 30}
{"loss": 0.3381364345550537, "acc": 0.8704860210418701, "length": 4.0, "mode": "test", "epoch": 30}
{"loss": 0.2614087462425232, "acc": 0.8941376805305481, "length": 3.9994380474090576, "mode": "train", "epoch": 31}
{"loss": 0.31423822045326233, "acc": 0.8800346255302429, "length": 4.0, "mode": "test", "epoch": 31}
{"loss": 0.2607458829879761, "acc": 0.8970981240272522, "length": 3.9999396800994873, "mode": "train", "epoch": 32}
{"loss": 0.3153250813484192, "acc": 0.8762152194976807, "length": 4.0, "mode": "test", "epoch": 32}
{"loss": 0.25926074385643005, "acc": 0.889262855052948, "length": 3.9998703002929688, "mode": "train", "epoch": 33}
{"loss": 0.3129848539829254, "acc": 0.8809029459953308, "length": 4.0, "mode": "test", "epoch": 33}
{"loss": 0.25942373275756836, "acc": 0.8910115361213684, "length": 3.998999834060669, "mode": "train", "epoch": 34}
{"loss": 0.307976633310318, "acc": 0.8800346851348877, "length": 4.0, "mode": "test", "epoch": 34}
{"loss": 0.2507697343826294, "acc": 0.8969956636428833, "length": 3.9989242553710938, "mode": "train", "epoch": 35}
{"loss": 0.3073381185531616, "acc": 0.8796875476837158, "length": 4.0, "mode": "test", "epoch": 35}
{"loss": 0.2559678852558136, "acc": 0.8959949016571045, "length": 3.999891996383667, "mode": "train", "epoch": 36}
{"loss": 0.32659050822257996, "acc": 0.8819444179534912, "length": 4.0, "mode": "test", "epoch": 36}
{"loss": 0.25865721702575684, "acc": 0.8930188417434692, "length": 3.9994051456451416, "mode": "train", "epoch": 37}
{"loss": 0.3313673436641693, "acc": 0.8758680820465088, "length": 4.0, "mode": "test", "epoch": 37}
{"loss": 0.25799500942230225, "acc": 0.8945467472076416, "length": 3.9999709129333496, "mode": "train", "epoch": 38}
{"loss": 0.3306909501552582, "acc": 0.8734375834465027, "length": 4.0, "mode": "test", "epoch": 38}
{"loss": 0.2563866376876831, "acc": 0.8961124420166016, "length": 3.9996747970581055, "mode": "train", "epoch": 39}
{"loss": 0.32885774970054626, "acc": 0.8829861879348755, "length": 4.0, "mode": "test", "epoch": 39}
{"loss": 0.2622451186180115, "acc": 0.8932104110717773, "length": 3.999796152114868, "mode": "train", "epoch": 40}
{"loss": 0.3179287016391754, "acc": 0.8756943345069885, "length": 4.0, "mode": "test", "epoch": 40}
{"loss": 0.2520899474620819, "acc": 0.8968302011489868, "length": 3.9985384941101074, "mode": "train", "epoch": 41}
{"loss": 0.2965463399887085, "acc": 0.890625, "length": 4.0, "mode": "test", "epoch": 41}
{"loss": 0.24384360015392303, "acc": 0.898201048374176, "length": 3.999962091445923, "mode": "train", "epoch": 42}
{"loss": 0.30208173394203186, "acc": 0.881076455116272, "length": 4.0, "mode": "test", "epoch": 42}
{"loss": 0.24129919707775116, "acc": 0.899442732334137, "length": 3.9992761611938477, "mode": "train", "epoch": 43}
{"loss": 0.3061616122722626, "acc": 0.8817707896232605, "length": 4.0, "mode": "test", "epoch": 43}
{"loss": 0.2428019940853119, "acc": 0.9020277857780457, "length": 3.9998972415924072, "mode": "train", "epoch": 44}
{"loss": 0.29654455184936523, "acc": 0.8824653029441833, "length": 4.0, "mode": "test", "epoch": 44}
{"loss": 0.24486896395683289, "acc": 0.8973261117935181, "length": 3.999891757965088, "mode": "train", "epoch": 45}
{"loss": 0.34109917283058167, "acc": 0.8743056058883667, "length": 4.0, "mode": "test", "epoch": 45}
{"loss": 0.2515835464000702, "acc": 0.8956297636032104, "length": 3.998918294906616, "mode": "train", "epoch": 46}
{"loss": 0.3243100941181183, "acc": 0.8751736879348755, "length": 4.0, "mode": "test", "epoch": 46}
{"loss": 0.2627502679824829, "acc": 0.8895162343978882, "length": 3.996865749359131, "mode": "train", "epoch": 47}
{"loss": 0.32297226786613464, "acc": 0.8748263120651245, "length": 4.0, "mode": "test", "epoch": 47}
{"loss": 0.25001293420791626, "acc": 0.896748423576355, "length": 3.9997503757476807, "mode": "train", "epoch": 48}
{"loss": 0.29812678694725037, "acc": 0.8765624165534973, "length": 4.0, "mode": "test", "epoch": 48}
{"loss": 0.255653977394104, "acc": 0.8964008092880249, "length": 3.999887466430664, "mode": "train", "epoch": 49}
{"loss": 0.32432934641838074, "acc": 0.8789930939674377, "length": 4.0, "mode": "test", "epoch": 49}
{"loss": 0.24890203773975372, "acc": 0.8942700028419495, "length": 3.9979381561279297, "mode": "train", "epoch": 50}
{"loss": 0.30929693579673767, "acc": 0.8831596970558167, "length": 4.0, "mode": "test", "epoch": 50}
{"loss": 0.23734284937381744, "acc": 0.9034138917922974, "length": 3.9998269081115723, "mode": "train", "epoch": 51}
{"loss": 0.2913529872894287, "acc": 0.8866319060325623, "length": 4.0, "mode": "test", "epoch": 51}
{"loss": 0.2355075478553772, "acc": 0.9048691987991333, "length": 3.99990177154541, "mode": "train", "epoch": 52}
{"loss": 0.2913016676902771, "acc": 0.8885416984558105, "length": 4.0, "mode": "test", "epoch": 52}
{"loss": 0.23397406935691833, "acc": 0.9040580987930298, "length": 3.999931812286377, "mode": "train", "epoch": 53}
{"loss": 0.2936888337135315, "acc": 0.8904513120651245, "length": 4.0, "mode": "test", "epoch": 53}
{"loss": 0.2312742918729782, "acc": 0.90411776304245, "length": 3.9999868869781494, "mode": "train", "epoch": 54}
{"loss": 0.2841153144836426, "acc": 0.8883680105209351, "length": 4.0, "mode": "test", "epoch": 54}
{"loss": 0.22501236200332642, "acc": 0.90496426820755, "length": 3.9989209175109863, "mode": "train", "epoch": 55}
{"loss": 0.3091830015182495, "acc": 0.8758680820465088, "length": 4.0, "mode": "test", "epoch": 55}
{"loss": 0.23992551863193512, "acc": 0.9008684754371643, "length": 3.9999632835388184, "mode": "train", "epoch": 56}
{"loss": 0.2800001800060272, "acc": 0.8855903744697571, "length": 4.0, "mode": "test", "epoch": 56}
{"loss": 0.23148533701896667, "acc": 0.9062861800193787, "length": 3.999342441558838, "mode": "train", "epoch": 57}
{"loss": 0.28757184743881226, "acc": 0.8788194060325623, "length": 4.0, "mode": "test", "epoch": 57}
{"loss": 0.22900797426700592, "acc": 0.9056233763694763, "length": 3.9999241828918457, "mode": "train", "epoch": 58}
{"loss": 0.29194456338882446, "acc": 0.8807291984558105, "length": 4.0, "mode": "test", "epoch": 58}
{"loss": 0.2204546332359314, "acc": 0.9089890718460083, "length": 3.9999606609344482, "mode": "train", "epoch": 59}
{"loss": 0.2789548933506012, "acc": 0.8876736164093018, "length": 4.0, "mode": "test", "epoch": 59}
{"loss": 0.22536540031433105, "acc": 0.9035952091217041, "length": 3.999965190887451, "mode": "train", "epoch": 60}
{"loss": 0.2680964767932892, "acc": 0.8920138478279114, "length": 4.0, "mode": "test", "epoch": 60}
test accuracy: 0.7527585029602051
