# ["--attributes=3", "--values=16", "--game_size=10", "--vocab_size_factor=3", "--n_epochs=60", "--batch_size=64", "--learning_rate=0.001", "--hidden_size=128", "--temp_update=0.97", "--temperature=1.5"]
Creating train_ds and val_ds...

Creating test_ds...
{"loss": 0.6954275965690613, "acc": 0.5201665759086609, "length": 3.4338326454162598, "mode": "train", "epoch": 1}
{"loss": 0.6932088136672974, "acc": 0.5197634696960449, "length": 1.0, "mode": "test", "epoch": 1}
{"loss": 0.6868083477020264, "acc": 0.5410553812980652, "length": 3.1214218139648438, "mode": "train", "epoch": 2}
{"loss": 0.6672852635383606, "acc": 0.6345755457878113, "length": 2.121621608734131, "mode": "test", "epoch": 2}
{"loss": 0.6355374455451965, "acc": 0.6838074326515198, "length": 3.1065268516540527, "mode": "train", "epoch": 3}
{"loss": 0.5636994242668152, "acc": 0.7449193000793457, "length": 3.8885135650634766, "mode": "test", "epoch": 3}
{"loss": 0.5310343503952026, "acc": 0.7514021992683411, "length": 3.6651551723480225, "mode": "train", "epoch": 4}
{"loss": 0.49534472823143005, "acc": 0.7673986554145813, "length": 4.0, "mode": "test", "epoch": 4}
{"loss": 0.45446786284446716, "acc": 0.7971305847167969, "length": 3.913456678390503, "mode": "train", "epoch": 5}
{"loss": 0.4662775695323944, "acc": 0.7907095551490784, "length": 4.0, "mode": "test", "epoch": 5}
{"loss": 0.4108944237232208, "acc": 0.8214939832687378, "length": 3.951207160949707, "mode": "train", "epoch": 6}
{"loss": 0.4346345067024231, "acc": 0.8030405044555664, "length": 4.0, "mode": "test", "epoch": 6}
{"loss": 0.37480419874191284, "acc": 0.8369471430778503, "length": 3.9635446071624756, "mode": "train", "epoch": 7}
{"loss": 0.41054007411003113, "acc": 0.8292229175567627, "length": 4.0, "mode": "test", "epoch": 7}
{"loss": 0.34137052297592163, "acc": 0.8533103466033936, "length": 3.9803411960601807, "mode": "train", "epoch": 8}
{"loss": 0.3904173672199249, "acc": 0.8385133743286133, "length": 4.0, "mode": "test", "epoch": 8}
{"loss": 0.29978057742118835, "acc": 0.8779512047767639, "length": 3.9842989444732666, "mode": "train", "epoch": 9}
{"loss": 0.35441353917121887, "acc": 0.8520269393920898, "length": 4.0, "mode": "test", "epoch": 9}
{"loss": 0.27582868933677673, "acc": 0.8871580958366394, "length": 3.9889633655548096, "mode": "train", "epoch": 10}
{"loss": 0.3615676462650299, "acc": 0.8579391241073608, "length": 4.0, "mode": "test", "epoch": 10}
{"loss": 0.2621105909347534, "acc": 0.892319917678833, "length": 3.992035150527954, "mode": "train", "epoch": 11}
{"loss": 0.31524157524108887, "acc": 0.875675618648529, "length": 4.0, "mode": "test", "epoch": 11}
{"loss": 0.24291889369487762, "acc": 0.8975158929824829, "length": 3.994338035583496, "mode": "train", "epoch": 12}
{"loss": 0.273605078458786, "acc": 0.8908783197402954, "length": 4.0, "mode": "test", "epoch": 12}
{"loss": 0.22903397679328918, "acc": 0.9050240516662598, "length": 3.996664524078369, "mode": "train", "epoch": 13}
{"loss": 0.29733097553253174, "acc": 0.8874999284744263, "length": 4.0, "mode": "test", "epoch": 13}
{"loss": 0.2217961847782135, "acc": 0.9098868370056152, "length": 3.9970130920410156, "mode": "train", "epoch": 14}
{"loss": 0.27871736884117126, "acc": 0.8917229175567627, "length": 4.0, "mode": "test", "epoch": 14}
{"loss": 0.21714794635772705, "acc": 0.9096242189407349, "length": 3.9969286918640137, "mode": "train", "epoch": 15}
{"loss": 0.2518192529678345, "acc": 0.8996621966362, "length": 4.0, "mode": "test", "epoch": 15}
{"loss": 0.20574595034122467, "acc": 0.9174912571907043, "length": 3.998070001602173, "mode": "train", "epoch": 16}
{"loss": 0.26138776540756226, "acc": 0.8993242383003235, "length": 4.0, "mode": "test", "epoch": 16}
{"loss": 0.20308774709701538, "acc": 0.9181665182113647, "length": 3.997598171234131, "mode": "train", "epoch": 17}
{"loss": 0.23910653591156006, "acc": 0.9101350903511047, "length": 4.0, "mode": "test", "epoch": 17}
{"loss": 0.19642046093940735, "acc": 0.9180569052696228, "length": 3.9971086978912354, "mode": "train", "epoch": 18}
{"loss": 0.24775739014148712, "acc": 0.9064189791679382, "length": 4.0, "mode": "test", "epoch": 18}
{"loss": 0.19764921069145203, "acc": 0.9207552671432495, "length": 3.9976017475128174, "mode": "train", "epoch": 19}
{"loss": 0.23155303299427032, "acc": 0.9116554260253906, "length": 4.0, "mode": "test", "epoch": 19}
{"loss": 0.18510429561138153, "acc": 0.9247828722000122, "length": 3.99784517288208, "mode": "train", "epoch": 20}
{"loss": 0.2288936823606491, "acc": 0.9096282720565796, "length": 4.0, "mode": "test", "epoch": 20}
{"loss": 0.18737584352493286, "acc": 0.9230059385299683, "length": 3.9992759227752686, "mode": "train", "epoch": 21}
{"loss": 0.21587646007537842, "acc": 0.9143579006195068, "length": 4.0, "mode": "test", "epoch": 21}
{"loss": 0.18560285866260529, "acc": 0.9217102527618408, "length": 3.9994754791259766, "mode": "train", "epoch": 22}
{"loss": 0.2142183631658554, "acc": 0.9195945262908936, "length": 4.0, "mode": "test", "epoch": 22}
{"loss": 0.1847275048494339, "acc": 0.9219347238540649, "length": 3.998372793197632, "mode": "train", "epoch": 23}
{"loss": 0.22251342236995697, "acc": 0.9185810685157776, "length": 4.0, "mode": "test", "epoch": 23}
{"loss": 0.17812608182430267, "acc": 0.9257811307907104, "length": 3.999598979949951, "mode": "train", "epoch": 24}
{"loss": 0.209803506731987, "acc": 0.9228038191795349, "length": 4.0, "mode": "test", "epoch": 24}
{"loss": 0.1759980022907257, "acc": 0.929516077041626, "length": 3.999387264251709, "mode": "train", "epoch": 25}
{"loss": 0.21913616359233856, "acc": 0.9153715372085571, "length": 4.0, "mode": "test", "epoch": 25}
{"loss": 0.17110222578048706, "acc": 0.9307042360305786, "length": 3.9993600845336914, "mode": "train", "epoch": 26}
{"loss": 0.19376713037490845, "acc": 0.9298986196517944, "length": 4.0, "mode": "test", "epoch": 26}
{"loss": 0.17105957865715027, "acc": 0.9323339462280273, "length": 3.999488592147827, "mode": "train", "epoch": 27}
{"loss": 0.1943114697933197, "acc": 0.9271959066390991, "length": 4.0, "mode": "test", "epoch": 27}
{"loss": 0.17124968767166138, "acc": 0.9315746426582336, "length": 3.9967217445373535, "mode": "train", "epoch": 28}
{"loss": 0.20470848679542542, "acc": 0.91993248462677, "length": 4.0, "mode": "test", "epoch": 28}
{"loss": 0.16586177051067352, "acc": 0.9351209402084351, "length": 3.9998867511749268, "mode": "train", "epoch": 29}
{"loss": 0.19415803253650665, "acc": 0.9304053783416748, "length": 4.0, "mode": "test", "epoch": 29}
{"loss": 0.16534243524074554, "acc": 0.9329178333282471, "length": 3.9999332427978516, "mode": "train", "epoch": 30}
{"loss": 0.18514186143875122, "acc": 0.9358108043670654, "length": 4.0, "mode": "test", "epoch": 30}
{"loss": 0.1636541783809662, "acc": 0.9340012669563293, "length": 3.9989571571350098, "mode": "train", "epoch": 31}
{"loss": 0.19133485853672028, "acc": 0.9334459900856018, "length": 4.0, "mode": "test", "epoch": 31}
{"loss": 0.1573539674282074, "acc": 0.9378762245178223, "length": 3.9991815090179443, "mode": "train", "epoch": 32}
{"loss": 0.18528994917869568, "acc": 0.9351351857185364, "length": 4.0, "mode": "test", "epoch": 32}
{"loss": 0.15910282731056213, "acc": 0.935797393321991, "length": 3.9998726844787598, "mode": "train", "epoch": 33}
{"loss": 0.17272941768169403, "acc": 0.9347972273826599, "length": 4.0, "mode": "test", "epoch": 33}
{"loss": 0.15871474146842957, "acc": 0.9365872740745544, "length": 3.9994094371795654, "mode": "train", "epoch": 34}
{"loss": 0.18654951453208923, "acc": 0.9364864230155945, "length": 4.0, "mode": "test", "epoch": 34}
{"loss": 0.16139107942581177, "acc": 0.9346676468849182, "length": 3.9997761249542236, "mode": "train", "epoch": 35}
{"loss": 0.1722397655248642, "acc": 0.9380068182945251, "length": 4.0, "mode": "test", "epoch": 35}
{"loss": 0.15834859013557434, "acc": 0.9374412298202515, "length": 3.9997944831848145, "mode": "train", "epoch": 36}
{"loss": 0.1805398166179657, "acc": 0.9332770109176636, "length": 4.0, "mode": "test", "epoch": 36}
{"loss": 0.15375573933124542, "acc": 0.9398177266120911, "length": 3.999941349029541, "mode": "train", "epoch": 37}
{"loss": 0.18128857016563416, "acc": 0.9275338649749756, "length": 4.0, "mode": "test", "epoch": 37}
{"loss": 0.1606203019618988, "acc": 0.9372906684875488, "length": 3.9993653297424316, "mode": "train", "epoch": 38}
{"loss": 0.18375886976718903, "acc": 0.9369932413101196, "length": 4.0, "mode": "test", "epoch": 38}
{"loss": 0.15685749053955078, "acc": 0.9382240176200867, "length": 3.9992012977600098, "mode": "train", "epoch": 39}
{"loss": 0.18074193596839905, "acc": 0.9342905879020691, "length": 4.0, "mode": "test", "epoch": 39}
{"loss": 0.15011925995349884, "acc": 0.9395347237586975, "length": 3.999797821044922, "mode": "train", "epoch": 40}
{"loss": 0.1779494732618332, "acc": 0.9309121966362, "length": 4.0, "mode": "test", "epoch": 40}
{"loss": 0.15740567445755005, "acc": 0.9343888759613037, "length": 3.999995231628418, "mode": "train", "epoch": 41}
{"loss": 0.18139435350894928, "acc": 0.9334459900856018, "length": 4.0, "mode": "test", "epoch": 41}
{"loss": 0.17263032495975494, "acc": 0.9364250898361206, "length": 3.999987840652466, "mode": "train", "epoch": 42}
{"loss": 0.1923971176147461, "acc": 0.9354729652404785, "length": 4.0, "mode": "test", "epoch": 42}
{"loss": 0.1515783816576004, "acc": 0.9383402466773987, "length": 3.998237133026123, "mode": "train", "epoch": 43}
{"loss": 0.1736796349287033, "acc": 0.9412164688110352, "length": 4.0, "mode": "test", "epoch": 43}
{"loss": 0.14539247751235962, "acc": 0.94417405128479, "length": 3.9999802112579346, "mode": "train", "epoch": 44}
{"loss": 0.17311081290245056, "acc": 0.9388514161109924, "length": 4.0, "mode": "test", "epoch": 44}
{"loss": 0.1396062821149826, "acc": 0.9453592896461487, "length": 3.9998695850372314, "mode": "train", "epoch": 45}
{"loss": 0.17288382351398468, "acc": 0.9322634339332581, "length": 4.0, "mode": "test", "epoch": 45}
{"loss": 0.14238393306732178, "acc": 0.9468322992324829, "length": 3.9999871253967285, "mode": "train", "epoch": 46}
{"loss": 0.1689964234828949, "acc": 0.9408783912658691, "length": 4.0, "mode": "test", "epoch": 46}
{"loss": 0.13713420927524567, "acc": 0.947489321231842, "length": 3.998878240585327, "mode": "train", "epoch": 47}
{"loss": 0.16764186322689056, "acc": 0.9396959543228149, "length": 4.0, "mode": "test", "epoch": 47}
{"loss": 0.14234375953674316, "acc": 0.9419680833816528, "length": 3.9999752044677734, "mode": "train", "epoch": 48}
{"loss": 0.1664898544549942, "acc": 0.9388513565063477, "length": 4.0, "mode": "test", "epoch": 48}
{"loss": 0.14019900560379028, "acc": 0.9466060996055603, "length": 3.9999918937683105, "mode": "train", "epoch": 49}
{"loss": 0.1587727963924408, "acc": 0.9408785104751587, "length": 4.0, "mode": "test", "epoch": 49}
{"loss": 0.14421111345291138, "acc": 0.9429860711097717, "length": 3.9999840259552, "mode": "train", "epoch": 50}
{"loss": 0.1724553108215332, "acc": 0.9282094836235046, "length": 4.0, "mode": "test", "epoch": 50}
{"loss": 0.13686273992061615, "acc": 0.9449653029441833, "length": 3.999966859817505, "mode": "train", "epoch": 51}
{"loss": 0.17888736724853516, "acc": 0.9315877556800842, "length": 4.0, "mode": "test", "epoch": 51}
{"loss": 0.13331492245197296, "acc": 0.9497724771499634, "length": 3.99996018409729, "mode": "train", "epoch": 52}
{"loss": 0.16002705693244934, "acc": 0.9417229890823364, "length": 4.0, "mode": "test", "epoch": 52}
{"loss": 0.1334017962217331, "acc": 0.9473410844802856, "length": 3.9999845027923584, "mode": "train", "epoch": 53}
{"loss": 0.1548941433429718, "acc": 0.9449323415756226, "length": 4.0, "mode": "test", "epoch": 53}
{"loss": 0.12872007489204407, "acc": 0.9496037364006042, "length": 3.9999942779541016, "mode": "train", "epoch": 54}
{"loss": 0.17991648614406586, "acc": 0.9415540099143982, "length": 4.0, "mode": "test", "epoch": 54}
{"loss": 0.12874837219715118, "acc": 0.9518067836761475, "length": 3.9997334480285645, "mode": "train", "epoch": 55}
{"loss": 0.14998149871826172, "acc": 0.9418919682502747, "length": 4.0, "mode": "test", "epoch": 55}
{"loss": 0.12568917870521545, "acc": 0.9505090713500977, "length": 3.999997615814209, "mode": "train", "epoch": 56}
{"loss": 0.16219384968280792, "acc": 0.9407094120979309, "length": 4.0, "mode": "test", "epoch": 56}
{"loss": 0.12867975234985352, "acc": 0.9507328867912292, "length": 3.9998931884765625, "mode": "train", "epoch": 57}
{"loss": 0.16633757948875427, "acc": 0.9435811638832092, "length": 4.0, "mode": "test", "epoch": 57}
{"loss": 0.1290990114212036, "acc": 0.9527714252471924, "length": 3.9999988079071045, "mode": "train", "epoch": 58}
{"loss": 0.1552187204360962, "acc": 0.9445945024490356, "length": 4.0, "mode": "test", "epoch": 58}
{"loss": 0.12730132043361664, "acc": 0.9516956210136414, "length": 3.99998140335083, "mode": "train", "epoch": 59}
{"loss": 0.16377221047878265, "acc": 0.9440878033638, "length": 4.0, "mode": "test", "epoch": 59}
{"loss": 0.14895103871822357, "acc": 0.9433252215385437, "length": 3.9999709129333496, "mode": "train", "epoch": 60}
{"loss": 0.18207882344722748, "acc": 0.9329392910003662, "length": 4.0, "mode": "test", "epoch": 60}
test accuracy: 0.7536537647247314
