# ["--attributes=3", "--values=16", "--game_size=10", "--vocab_size_factor=3", "--n_epochs=60", "--batch_size=64", "--learning_rate=0.001", "--hidden_size=128", "--temp_update=0.97", "--temperature=2"]
Creating train_ds and val_ds...

Creating test_ds...
{"loss": 0.693453848361969, "acc": 0.5312454700469971, "length": 3.527616262435913, "mode": "train", "epoch": 1}
{"loss": 0.6853790879249573, "acc": 0.5399653911590576, "length": 1.247422695159912, "mode": "test", "epoch": 1}
{"loss": 0.684360146522522, "acc": 0.5580542683601379, "length": 3.2219841480255127, "mode": "train", "epoch": 2}
{"loss": 0.6666702628135681, "acc": 0.579026460647583, "length": 1.9793814420700073, "mode": "test", "epoch": 2}
{"loss": 0.6491245031356812, "acc": 0.641650915145874, "length": 2.9723005294799805, "mode": "train", "epoch": 3}
{"loss": 0.5736671686172485, "acc": 0.774777352809906, "length": 3.072165012359619, "mode": "test", "epoch": 3}
{"loss": 0.5465136766433716, "acc": 0.7687667012214661, "length": 3.2176218032836914, "mode": "train", "epoch": 4}
{"loss": 0.46277353167533875, "acc": 0.8284333944320679, "length": 3.6116838455200195, "mode": "test", "epoch": 4}
{"loss": 0.4515078663825989, "acc": 0.8123450875282288, "length": 3.4601194858551025, "mode": "train", "epoch": 5}
{"loss": 0.4041409194469452, "acc": 0.8407593965530396, "length": 3.3917524814605713, "mode": "test", "epoch": 5}
{"loss": 0.40498343110084534, "acc": 0.8330808877944946, "length": 3.3678665161132812, "mode": "train", "epoch": 6}
{"loss": 0.3910529911518097, "acc": 0.848940372467041, "length": 3.5120275020599365, "mode": "test", "epoch": 6}
{"loss": 0.37925833463668823, "acc": 0.8422631621360779, "length": 3.433570623397827, "mode": "train", "epoch": 7}
{"loss": 0.38362929224967957, "acc": 0.8506096005439758, "length": 3.505154609680176, "mode": "test", "epoch": 7}
{"loss": 0.35878026485443115, "acc": 0.8525551557540894, "length": 3.442453622817993, "mode": "train", "epoch": 8}
{"loss": 0.3776576817035675, "acc": 0.8469958901405334, "length": 3.546391725540161, "mode": "test", "epoch": 8}
{"loss": 0.3508528172969818, "acc": 0.8587696552276611, "length": 3.5306906700134277, "mode": "train", "epoch": 9}
{"loss": 0.38722047209739685, "acc": 0.853451132774353, "length": 3.5189003944396973, "mode": "test", "epoch": 9}
{"loss": 0.34217569231987, "acc": 0.8587939143180847, "length": 3.541536808013916, "mode": "train", "epoch": 10}
{"loss": 0.380974143743515, "acc": 0.8462827205657959, "length": 3.5429553985595703, "mode": "test", "epoch": 10}
{"loss": 0.3337459862232208, "acc": 0.8639712929725647, "length": 3.5480592250823975, "mode": "train", "epoch": 11}
{"loss": 0.3649612367153168, "acc": 0.8607557415962219, "length": 3.621993064880371, "mode": "test", "epoch": 11}
{"loss": 0.3254634737968445, "acc": 0.8620988726615906, "length": 3.58709454536438, "mode": "train", "epoch": 12}
{"loss": 0.3683241307735443, "acc": 0.8526281118392944, "length": 3.621993064880371, "mode": "test", "epoch": 12}
{"loss": 0.3214322626590729, "acc": 0.8683115839958191, "length": 3.604200839996338, "mode": "train", "epoch": 13}
{"loss": 0.36538395285606384, "acc": 0.855150580406189, "length": 3.6323025226593018, "mode": "test", "epoch": 13}
{"loss": 0.3189540505409241, "acc": 0.8725723028182983, "length": 3.594275712966919, "mode": "train", "epoch": 14}
{"loss": 0.3492587208747864, "acc": 0.8659548759460449, "length": 3.649484634399414, "mode": "test", "epoch": 14}
{"loss": 0.30782291293144226, "acc": 0.8723580837249756, "length": 3.629493474960327, "mode": "train", "epoch": 15}
{"loss": 0.3424760699272156, "acc": 0.8656070232391357, "length": 3.649484634399414, "mode": "test", "epoch": 15}
{"loss": 0.3059954047203064, "acc": 0.873250424861908, "length": 3.6296262741088867, "mode": "train", "epoch": 16}
{"loss": 0.3389824330806732, "acc": 0.8684107065200806, "length": 3.7319588661193848, "mode": "test", "epoch": 16}
{"loss": 0.29387813806533813, "acc": 0.882205069065094, "length": 3.699915885925293, "mode": "train", "epoch": 17}
{"loss": 0.33040252327919006, "acc": 0.872687578201294, "length": 3.7422680854797363, "mode": "test", "epoch": 17}
{"loss": 0.28419381380081177, "acc": 0.8859099745750427, "length": 3.7454161643981934, "mode": "train", "epoch": 18}
{"loss": 0.3233002722263336, "acc": 0.8756711483001709, "length": 3.7938144207000732, "mode": "test", "epoch": 18}
{"loss": 0.27200648188591003, "acc": 0.8908872604370117, "length": 3.808349847793579, "mode": "train", "epoch": 19}
{"loss": 0.31414124369621277, "acc": 0.8843799233436584, "length": 3.8144330978393555, "mode": "test", "epoch": 19}
{"loss": 0.265655517578125, "acc": 0.8932068347930908, "length": 3.8269293308258057, "mode": "train", "epoch": 20}
{"loss": 0.30953678488731384, "acc": 0.887553870677948, "length": 3.828178644180298, "mode": "test", "epoch": 20}
{"loss": 0.25840720534324646, "acc": 0.8982978463172913, "length": 3.833853244781494, "mode": "train", "epoch": 21}
{"loss": 0.29492777585983276, "acc": 0.8961793184280396, "length": 3.8591065406799316, "mode": "test", "epoch": 21}
{"loss": 0.2512546181678772, "acc": 0.9002604484558105, "length": 3.8579165935516357, "mode": "train", "epoch": 22}
{"loss": 0.3100332021713257, "acc": 0.8907254934310913, "length": 3.821305751800537, "mode": "test", "epoch": 22}
{"loss": 0.2394792139530182, "acc": 0.9045271873474121, "length": 3.8287267684936523, "mode": "train", "epoch": 23}
{"loss": 0.27915212512016296, "acc": 0.8938077688217163, "length": 3.852233648300171, "mode": "test", "epoch": 23}
{"loss": 0.22746336460113525, "acc": 0.9098877310752869, "length": 3.8413166999816895, "mode": "train", "epoch": 24}
{"loss": 0.25960564613342285, "acc": 0.9006201028823853, "length": 3.855670213699341, "mode": "test", "epoch": 24}
{"loss": 0.2116866260766983, "acc": 0.9193475842475891, "length": 3.834559679031372, "mode": "train", "epoch": 25}
{"loss": 0.26244616508483887, "acc": 0.9086781144142151, "length": 3.8144330978393555, "mode": "test", "epoch": 25}
{"loss": 0.19796834886074066, "acc": 0.9255507588386536, "length": 3.8481600284576416, "mode": "train", "epoch": 26}
{"loss": 0.2419271022081375, "acc": 0.912529468536377, "length": 3.8797249794006348, "mode": "test", "epoch": 26}
{"loss": 0.18406106531620026, "acc": 0.931990921497345, "length": 3.8665146827697754, "mode": "train", "epoch": 27}
{"loss": 0.23550553619861603, "acc": 0.917613685131073, "length": 3.855670213699341, "mode": "test", "epoch": 27}
{"loss": 0.17501726746559143, "acc": 0.9352767467498779, "length": 3.8550539016723633, "mode": "train", "epoch": 28}
{"loss": 0.24023716151714325, "acc": 0.913322925567627, "length": 3.8797249794006348, "mode": "test", "epoch": 28}
{"loss": 0.17478150129318237, "acc": 0.932707667350769, "length": 3.906789779663086, "mode": "train", "epoch": 29}
{"loss": 0.23653315007686615, "acc": 0.9258377552032471, "length": 3.9140894412994385, "mode": "test", "epoch": 29}
{"loss": 0.17879529297351837, "acc": 0.933182954788208, "length": 3.8601861000061035, "mode": "train", "epoch": 30}
{"loss": 0.22774767875671387, "acc": 0.9212203025817871, "length": 3.8831615447998047, "mode": "test", "epoch": 30}
{"loss": 0.16329017281532288, "acc": 0.9383863806724548, "length": 3.9153480529785156, "mode": "train", "epoch": 31}
{"loss": 0.20866945385932922, "acc": 0.922848641872406, "length": 3.975944995880127, "mode": "test", "epoch": 31}
{"loss": 0.14859925210475922, "acc": 0.9458929300308228, "length": 3.938934326171875, "mode": "train", "epoch": 32}
{"loss": 0.19008158147335052, "acc": 0.929009735584259, "length": 3.979381561279297, "mode": "test", "epoch": 32}
{"loss": 0.1381334364414215, "acc": 0.9525502324104309, "length": 3.9573824405670166, "mode": "train", "epoch": 33}
{"loss": 0.18899522721767426, "acc": 0.9323374032974243, "length": 3.9896907806396484, "mode": "test", "epoch": 33}
{"loss": 0.1358858048915863, "acc": 0.9528557062149048, "length": 3.974240303039551, "mode": "train", "epoch": 34}
{"loss": 0.2057933360338211, "acc": 0.92291659116745, "length": 3.996563673019409, "mode": "test", "epoch": 34}
{"loss": 0.12558035552501678, "acc": 0.9562236666679382, "length": 3.96687388420105, "mode": "train", "epoch": 35}
{"loss": 0.18261177837848663, "acc": 0.937113344669342, "length": 4.0, "mode": "test", "epoch": 35}
{"loss": 0.12900036573410034, "acc": 0.9537976980209351, "length": 3.981175661087036, "mode": "train", "epoch": 36}
{"loss": 0.15362007915973663, "acc": 0.9467165470123291, "length": 3.996563673019409, "mode": "test", "epoch": 36}
{"loss": 0.11883071810007095, "acc": 0.9578829407691956, "length": 3.9718117713928223, "mode": "train", "epoch": 37}
{"loss": 0.14585354924201965, "acc": 0.9484537243843079, "length": 4.0, "mode": "test", "epoch": 37}
{"loss": 0.11124113947153091, "acc": 0.963204562664032, "length": 3.975910186767578, "mode": "train", "epoch": 38}
{"loss": 0.12923847138881683, "acc": 0.9573883414268494, "length": 4.0, "mode": "test", "epoch": 38}
{"loss": 0.10481886565685272, "acc": 0.9667948484420776, "length": 3.9854962825775146, "mode": "train", "epoch": 39}
{"loss": 0.1468055546283722, "acc": 0.9518901109695435, "length": 4.0, "mode": "test", "epoch": 39}
{"loss": 0.10928887128829956, "acc": 0.9600734710693359, "length": 3.9872281551361084, "mode": "train", "epoch": 40}
{"loss": 0.12141171842813492, "acc": 0.9606530070304871, "length": 4.0, "mode": "test", "epoch": 40}
{"loss": 0.1041131466627121, "acc": 0.9605849981307983, "length": 3.986630916595459, "mode": "train", "epoch": 41}
{"loss": 0.14982573688030243, "acc": 0.9498283863067627, "length": 4.0, "mode": "test", "epoch": 41}
{"loss": 0.11110340058803558, "acc": 0.963021457195282, "length": 3.995917320251465, "mode": "train", "epoch": 42}
{"loss": 0.10709508508443832, "acc": 0.9630585312843323, "length": 4.0, "mode": "test", "epoch": 42}
{"loss": 0.10323832929134369, "acc": 0.9647970199584961, "length": 3.9957492351531982, "mode": "train", "epoch": 43}
{"loss": 0.1551058441400528, "acc": 0.9498281478881836, "length": 4.0, "mode": "test", "epoch": 43}
{"loss": 0.11479274928569794, "acc": 0.9602595567703247, "length": 3.99303936958313, "mode": "train", "epoch": 44}
{"loss": 0.1334519386291504, "acc": 0.9591065645217896, "length": 4.0, "mode": "test", "epoch": 44}
{"loss": 0.09627573192119598, "acc": 0.9675772190093994, "length": 3.9966607093811035, "mode": "train", "epoch": 45}
{"loss": 0.12843015789985657, "acc": 0.962199330329895, "length": 4.0, "mode": "test", "epoch": 45}
{"loss": 0.08192519098520279, "acc": 0.9729371666908264, "length": 3.997666120529175, "mode": "train", "epoch": 46}
{"loss": 0.11067432165145874, "acc": 0.9680413603782654, "length": 4.0, "mode": "test", "epoch": 46}
{"loss": 0.0749574676156044, "acc": 0.9764275550842285, "length": 3.9970428943634033, "mode": "train", "epoch": 47}
{"loss": 0.10851631313562393, "acc": 0.9656358361244202, "length": 4.0, "mode": "test", "epoch": 47}
{"loss": 0.06890162825584412, "acc": 0.9788287878036499, "length": 3.997084617614746, "mode": "train", "epoch": 48}
{"loss": 0.1199791207909584, "acc": 0.9695876240730286, "length": 4.0, "mode": "test", "epoch": 48}
{"loss": 0.06670033186674118, "acc": 0.9788645505905151, "length": 3.998264789581299, "mode": "train", "epoch": 49}
{"loss": 0.12172432988882065, "acc": 0.964432954788208, "length": 4.0, "mode": "test", "epoch": 49}
{"loss": 0.08057072758674622, "acc": 0.9736518263816833, "length": 3.9969680309295654, "mode": "train", "epoch": 50}
{"loss": 0.09236367046833038, "acc": 0.9713059067726135, "length": 4.0, "mode": "test", "epoch": 50}
{"loss": 0.09841317683458328, "acc": 0.9697859883308411, "length": 3.996380090713501, "mode": "train", "epoch": 51}
{"loss": 0.12148571014404297, "acc": 0.9661512970924377, "length": 4.0, "mode": "test", "epoch": 51}
{"loss": 0.08349655568599701, "acc": 0.9729779362678528, "length": 3.995303153991699, "mode": "train", "epoch": 52}
{"loss": 0.11430557817220688, "acc": 0.9623711109161377, "length": 4.0, "mode": "test", "epoch": 52}
{"loss": 0.07661978155374527, "acc": 0.9771319627761841, "length": 3.9977855682373047, "mode": "train", "epoch": 53}
{"loss": 0.11651179939508438, "acc": 0.9606528878211975, "length": 4.0, "mode": "test", "epoch": 53}
{"loss": 0.07485492527484894, "acc": 0.9773517847061157, "length": 3.9974284172058105, "mode": "train", "epoch": 54}
{"loss": 0.14783751964569092, "acc": 0.9542954564094543, "length": 4.0, "mode": "test", "epoch": 54}
{"loss": 0.07523208856582642, "acc": 0.9735124707221985, "length": 3.9977076053619385, "mode": "train", "epoch": 55}
{"loss": 0.11240023374557495, "acc": 0.9670103788375854, "length": 4.0, "mode": "test", "epoch": 55}
{"loss": 0.062275856733322144, "acc": 0.9811590909957886, "length": 3.998549461364746, "mode": "train", "epoch": 56}
{"loss": 0.1030687615275383, "acc": 0.972680389881134, "length": 4.0, "mode": "test", "epoch": 56}
{"loss": 0.06060834228992462, "acc": 0.9819662570953369, "length": 3.998382329940796, "mode": "train", "epoch": 57}
{"loss": 0.11127793788909912, "acc": 0.9656356573104858, "length": 4.0, "mode": "test", "epoch": 57}
{"loss": 0.061732154339551926, "acc": 0.9815335273742676, "length": 3.998225212097168, "mode": "train", "epoch": 58}
{"loss": 0.0888320729136467, "acc": 0.9742268323898315, "length": 4.0, "mode": "test", "epoch": 58}
{"loss": 0.06492655724287033, "acc": 0.9825026392936707, "length": 3.999678373336792, "mode": "train", "epoch": 59}
{"loss": 0.10133028030395508, "acc": 0.974398672580719, "length": 4.0, "mode": "test", "epoch": 59}
{"loss": 0.05989796668291092, "acc": 0.983124315738678, "length": 3.9980599880218506, "mode": "train", "epoch": 60}
{"loss": 0.10014905035495758, "acc": 0.9750859141349792, "length": 4.0, "mode": "test", "epoch": 60}
test accuracy: 0.8135715126991272
