# ["--attributes=3", "--values=16", "--game_size=10", "--vocab_size_factor=3", "--n_epochs=60", "--batch_size=64", "--learning_rate=0.001", "--hidden_size=128", "--temp_update=0.99", "--temperature=1"]
Creating train_ds and val_ds...

Creating test_ds...
{"loss": 0.695919394493103, "acc": 0.5223342180252075, "length": 3.503168821334839, "mode": "train", "epoch": 1}
{"loss": 0.6821760535240173, "acc": 0.5798909664154053, "length": 1.34375, "mode": "test", "epoch": 1}
{"loss": 0.6787551045417786, "acc": 0.5804922580718994, "length": 3.2621185779571533, "mode": "train", "epoch": 2}
{"loss": 0.6364311575889587, "acc": 0.6407905220985413, "length": 3.6111111640930176, "mode": "test", "epoch": 2}
{"loss": 0.6085587739944458, "acc": 0.6836214065551758, "length": 3.6675257682800293, "mode": "train", "epoch": 3}
{"loss": 0.5708491206169128, "acc": 0.6814236044883728, "length": 4.0, "mode": "test", "epoch": 3}
{"loss": 0.559637188911438, "acc": 0.7036533355712891, "length": 3.909949779510498, "mode": "train", "epoch": 4}
{"loss": 0.544451892375946, "acc": 0.724826455116272, "length": 4.0, "mode": "test", "epoch": 4}
{"loss": 0.5252959728240967, "acc": 0.7621880769729614, "length": 3.9132440090179443, "mode": "train", "epoch": 5}
{"loss": 0.49224740266799927, "acc": 0.7814236879348755, "length": 4.0, "mode": "test", "epoch": 5}
{"loss": 0.4657403528690338, "acc": 0.7877880334854126, "length": 3.951629400253296, "mode": "train", "epoch": 6}
{"loss": 0.4374994933605194, "acc": 0.8125, "length": 4.0, "mode": "test", "epoch": 6}
{"loss": 0.4154530167579651, "acc": 0.8175255060195923, "length": 3.9798436164855957, "mode": "train", "epoch": 7}
{"loss": 0.42645469307899475, "acc": 0.8232638239860535, "length": 4.0, "mode": "test", "epoch": 7}
{"loss": 0.3891355097293854, "acc": 0.8330202698707581, "length": 3.989910364151001, "mode": "train", "epoch": 8}
{"loss": 0.3973352909088135, "acc": 0.8322916030883789, "length": 4.0, "mode": "test", "epoch": 8}
{"loss": 0.3781910836696625, "acc": 0.832383394241333, "length": 3.9937961101531982, "mode": "train", "epoch": 9}
{"loss": 0.3710348308086395, "acc": 0.8447917699813843, "length": 4.0, "mode": "test", "epoch": 9}
{"loss": 0.3670322000980377, "acc": 0.8381916880607605, "length": 3.988762378692627, "mode": "train", "epoch": 10}
{"loss": 0.3622395694255829, "acc": 0.8531249165534973, "length": 4.0, "mode": "test", "epoch": 10}
{"loss": 0.35708877444267273, "acc": 0.85191410779953, "length": 3.992006301879883, "mode": "train", "epoch": 11}
{"loss": 0.3736409842967987, "acc": 0.8463541865348816, "length": 4.0, "mode": "test", "epoch": 11}
{"loss": 0.34516510367393494, "acc": 0.8529651165008545, "length": 3.990929365158081, "mode": "train", "epoch": 12}
{"loss": 0.3515314757823944, "acc": 0.8522568941116333, "length": 4.0, "mode": "test", "epoch": 12}
{"loss": 0.32457271218299866, "acc": 0.8645843863487244, "length": 3.995861053466797, "mode": "train", "epoch": 13}
{"loss": 0.34490150213241577, "acc": 0.8565971255302429, "length": 4.0, "mode": "test", "epoch": 13}
{"loss": 0.31641241908073425, "acc": 0.8664036989212036, "length": 3.9979910850524902, "mode": "train", "epoch": 14}
{"loss": 0.32901257276535034, "acc": 0.8685764074325562, "length": 4.0, "mode": "test", "epoch": 14}
{"loss": 0.30060502886772156, "acc": 0.8742913603782654, "length": 3.998279571533203, "mode": "train", "epoch": 15}
{"loss": 0.3367525339126587, "acc": 0.8642361164093018, "length": 4.0, "mode": "test", "epoch": 15}
{"loss": 0.30393582582473755, "acc": 0.8751103281974792, "length": 3.9983885288238525, "mode": "train", "epoch": 16}
{"loss": 0.3254867494106293, "acc": 0.8729166984558105, "length": 4.0, "mode": "test", "epoch": 16}
{"loss": 0.2936282157897949, "acc": 0.8813108801841736, "length": 3.998568296432495, "mode": "train", "epoch": 17}
{"loss": 0.3161350190639496, "acc": 0.8699653148651123, "length": 4.0, "mode": "test", "epoch": 17}
{"loss": 0.2799724340438843, "acc": 0.8820803165435791, "length": 3.9979584217071533, "mode": "train", "epoch": 18}
{"loss": 0.2997022867202759, "acc": 0.8730901479721069, "length": 4.0, "mode": "test", "epoch": 18}
{"loss": 0.2746615409851074, "acc": 0.8867623805999756, "length": 3.998476982116699, "mode": "train", "epoch": 19}
{"loss": 0.29799070954322815, "acc": 0.8822916150093079, "length": 4.0, "mode": "test", "epoch": 19}
{"loss": 0.26045316457748413, "acc": 0.8911279439926147, "length": 3.9973952770233154, "mode": "train", "epoch": 20}
{"loss": 0.2941071689128876, "acc": 0.8793402314186096, "length": 4.0, "mode": "test", "epoch": 20}
{"loss": 0.256976842880249, "acc": 0.8965145945549011, "length": 3.9994935989379883, "mode": "train", "epoch": 21}
{"loss": 0.28876444697380066, "acc": 0.8807291984558105, "length": 4.0, "mode": "test", "epoch": 21}
{"loss": 0.2563183009624481, "acc": 0.8983104228973389, "length": 3.9992432594299316, "mode": "train", "epoch": 22}
{"loss": 0.2772636115550995, "acc": 0.8918402791023254, "length": 4.0, "mode": "test", "epoch": 22}
{"loss": 0.2579924762248993, "acc": 0.894367516040802, "length": 3.999472141265869, "mode": "train", "epoch": 23}
{"loss": 0.27293315529823303, "acc": 0.8911458253860474, "length": 4.0, "mode": "test", "epoch": 23}
{"loss": 0.24197296798229218, "acc": 0.9016791582107544, "length": 3.999680280685425, "mode": "train", "epoch": 24}
{"loss": 0.26547643542289734, "acc": 0.8977431058883667, "length": 4.0, "mode": "test", "epoch": 24}
{"loss": 0.23856712877750397, "acc": 0.9045718312263489, "length": 3.998401403427124, "mode": "train", "epoch": 25}
{"loss": 0.27297040820121765, "acc": 0.8972222208976746, "length": 4.0, "mode": "test", "epoch": 25}
{"loss": 0.2316116988658905, "acc": 0.910435676574707, "length": 3.9996442794799805, "mode": "train", "epoch": 26}
{"loss": 0.25408935546875, "acc": 0.9060763120651245, "length": 4.0, "mode": "test", "epoch": 26}
{"loss": 0.22472652792930603, "acc": 0.9099614024162292, "length": 3.9984447956085205, "mode": "train", "epoch": 27}
{"loss": 0.244063138961792, "acc": 0.9109375476837158, "length": 4.0, "mode": "test", "epoch": 27}
{"loss": 0.22014527022838593, "acc": 0.9137441515922546, "length": 3.999788761138916, "mode": "train", "epoch": 28}
{"loss": 0.24476277828216553, "acc": 0.9090278148651123, "length": 4.0, "mode": "test", "epoch": 28}
{"loss": 0.21131795644760132, "acc": 0.9158298373222351, "length": 3.9995276927948, "mode": "train", "epoch": 29}
{"loss": 0.23507551848888397, "acc": 0.9144097566604614, "length": 4.0, "mode": "test", "epoch": 29}
{"loss": 0.20019342005252838, "acc": 0.9211625456809998, "length": 3.9993674755096436, "mode": "train", "epoch": 30}
{"loss": 0.22385834157466888, "acc": 0.918055534362793, "length": 4.0, "mode": "test", "epoch": 30}
{"loss": 0.20194627344608307, "acc": 0.9226141571998596, "length": 3.9994685649871826, "mode": "train", "epoch": 31}
{"loss": 0.2220499962568283, "acc": 0.9210070371627808, "length": 4.0, "mode": "test", "epoch": 31}
{"loss": 0.19415278732776642, "acc": 0.9226793646812439, "length": 3.99983286857605, "mode": "train", "epoch": 32}
{"loss": 0.21505942940711975, "acc": 0.9203125834465027, "length": 4.0, "mode": "test", "epoch": 32}
{"loss": 0.18137994408607483, "acc": 0.9325966238975525, "length": 3.9998385906219482, "mode": "train", "epoch": 33}
{"loss": 0.22193209826946259, "acc": 0.9133681058883667, "length": 4.0, "mode": "test", "epoch": 33}
{"loss": 0.1847434788942337, "acc": 0.9278854131698608, "length": 3.998936414718628, "mode": "train", "epoch": 34}
{"loss": 0.21772003173828125, "acc": 0.9175347089767456, "length": 4.0, "mode": "test", "epoch": 34}
{"loss": 0.18899446725845337, "acc": 0.9269108772277832, "length": 3.9997944831848145, "mode": "train", "epoch": 35}
{"loss": 0.23176823556423187, "acc": 0.9173610210418701, "length": 4.0, "mode": "test", "epoch": 35}
{"loss": 0.18092750012874603, "acc": 0.9296367168426514, "length": 3.9996790885925293, "mode": "train", "epoch": 36}
{"loss": 0.21390803158283234, "acc": 0.9187500476837158, "length": 4.0, "mode": "test", "epoch": 36}
{"loss": 0.17340488731861115, "acc": 0.9323586225509644, "length": 3.999638557434082, "mode": "train", "epoch": 37}
{"loss": 0.20534177124500275, "acc": 0.925694465637207, "length": 4.0, "mode": "test", "epoch": 37}
{"loss": 0.17026013135910034, "acc": 0.9357870221138, "length": 3.99992036819458, "mode": "train", "epoch": 38}
{"loss": 0.20280340313911438, "acc": 0.9196180701255798, "length": 4.0, "mode": "test", "epoch": 38}
{"loss": 0.16412997245788574, "acc": 0.9325886368751526, "length": 3.999624490737915, "mode": "train", "epoch": 39}
{"loss": 0.19035674631595612, "acc": 0.9303818941116333, "length": 4.0, "mode": "test", "epoch": 39}
{"loss": 0.1649269461631775, "acc": 0.9371788501739502, "length": 3.999903678894043, "mode": "train", "epoch": 40}
{"loss": 0.19695602357387543, "acc": 0.925868034362793, "length": 4.0, "mode": "test", "epoch": 40}
{"loss": 0.16036921739578247, "acc": 0.9398476481437683, "length": 3.999915361404419, "mode": "train", "epoch": 41}
{"loss": 0.19236993789672852, "acc": 0.9277777075767517, "length": 4.0, "mode": "test", "epoch": 41}
{"loss": 0.15404579043388367, "acc": 0.9389037489891052, "length": 3.9988038539886475, "mode": "train", "epoch": 42}
{"loss": 0.20228563249111176, "acc": 0.9310763478279114, "length": 4.0, "mode": "test", "epoch": 42}
{"loss": 0.15481242537498474, "acc": 0.9420520663261414, "length": 3.9999518394470215, "mode": "train", "epoch": 43}
{"loss": 0.2000817060470581, "acc": 0.9253472089767456, "length": 4.0, "mode": "test", "epoch": 43}
{"loss": 0.1552926003932953, "acc": 0.9402521848678589, "length": 3.999882698059082, "mode": "train", "epoch": 44}
{"loss": 0.23607602715492249, "acc": 0.9166666865348816, "length": 4.0, "mode": "test", "epoch": 44}
{"loss": 0.1677066534757614, "acc": 0.9352651238441467, "length": 3.999927282333374, "mode": "train", "epoch": 45}
{"loss": 0.183081716299057, "acc": 0.9348958134651184, "length": 4.0, "mode": "test", "epoch": 45}
{"loss": 0.1523783951997757, "acc": 0.9401890635490417, "length": 3.999507427215576, "mode": "train", "epoch": 46}
{"loss": 0.19261376559734344, "acc": 0.9295138120651245, "length": 4.0, "mode": "test", "epoch": 46}
{"loss": 0.1471734642982483, "acc": 0.9424582123756409, "length": 3.9999442100524902, "mode": "train", "epoch": 47}
{"loss": 0.17153464257717133, "acc": 0.9333333969116211, "length": 4.0, "mode": "test", "epoch": 47}
{"loss": 0.1430332213640213, "acc": 0.9434436559677124, "length": 3.999929189682007, "mode": "train", "epoch": 48}
{"loss": 0.18055638670921326, "acc": 0.9333333969116211, "length": 4.0, "mode": "test", "epoch": 48}
{"loss": 0.1412748396396637, "acc": 0.9445468187332153, "length": 3.9999659061431885, "mode": "train", "epoch": 49}
{"loss": 0.17984436452388763, "acc": 0.9368056058883667, "length": 4.0, "mode": "test", "epoch": 49}
{"loss": 0.1440177708864212, "acc": 0.9434396028518677, "length": 3.9998416900634766, "mode": "train", "epoch": 50}
{"loss": 0.17626707255840302, "acc": 0.9373263120651245, "length": 4.0, "mode": "test", "epoch": 50}
{"loss": 0.1345968097448349, "acc": 0.949070930480957, "length": 3.999974489212036, "mode": "train", "epoch": 51}
{"loss": 0.17127524316310883, "acc": 0.9409722089767456, "length": 4.0, "mode": "test", "epoch": 51}
{"loss": 0.12885215878486633, "acc": 0.9497075080871582, "length": 3.9999120235443115, "mode": "train", "epoch": 52}
{"loss": 0.17123787105083466, "acc": 0.9355902075767517, "length": 4.0, "mode": "test", "epoch": 52}
{"loss": 0.12913377583026886, "acc": 0.9485493898391724, "length": 3.999985933303833, "mode": "train", "epoch": 53}
{"loss": 0.17985932528972626, "acc": 0.9392361044883728, "length": 4.0, "mode": "test", "epoch": 53}
{"loss": 0.13222062587738037, "acc": 0.9465195536613464, "length": 3.999992609024048, "mode": "train", "epoch": 54}
{"loss": 0.15098343789577484, "acc": 0.9397569298744202, "length": 4.0, "mode": "test", "epoch": 54}
{"loss": 0.12385533004999161, "acc": 0.9509278535842896, "length": 3.9999945163726807, "mode": "train", "epoch": 55}
{"loss": 0.17353345453739166, "acc": 0.9397569298744202, "length": 4.0, "mode": "test", "epoch": 55}
{"loss": 0.11865654587745667, "acc": 0.9567238092422485, "length": 3.999741792678833, "mode": "train", "epoch": 56}
{"loss": 0.16983793675899506, "acc": 0.9390624165534973, "length": 4.0, "mode": "test", "epoch": 56}
{"loss": 0.12182272970676422, "acc": 0.9545196294784546, "length": 3.9999125003814697, "mode": "train", "epoch": 57}
{"loss": 0.18585172295570374, "acc": 0.932291567325592, "length": 4.0, "mode": "test", "epoch": 57}
{"loss": 0.11839805543422699, "acc": 0.9532477855682373, "length": 3.9999866485595703, "mode": "train", "epoch": 58}
{"loss": 0.16290831565856934, "acc": 0.9394097924232483, "length": 4.0, "mode": "test", "epoch": 58}
{"loss": 0.1323302686214447, "acc": 0.9513911008834839, "length": 3.999981641769409, "mode": "train", "epoch": 59}
{"loss": 0.15174300968647003, "acc": 0.9401041865348816, "length": 4.0, "mode": "test", "epoch": 59}
{"loss": 0.1229516863822937, "acc": 0.9535959959030151, "length": 3.999995231628418, "mode": "train", "epoch": 60}
{"loss": 0.1773415058851242, "acc": 0.9420139789581299, "length": 4.0, "mode": "test", "epoch": 60}
test accuracy: 0.7572413682937622
