# ["--attributes=3", "--values=16", "--game_size=10", "--vocab_size_factor=3", "--n_epochs=60", "--batch_size=64", "--learning_rate=0.001", "--hidden_size=128", "--temp_update=0.99", "--temperature=1.5"]
Creating train_ds and val_ds...

Creating test_ds...
{"loss": 0.6936319470405579, "acc": 0.510650098323822, "length": 3.539443016052246, "mode": "train", "epoch": 1}
{"loss": 0.6742401123046875, "acc": 0.5712457299232483, "length": 2.577319622039795, "mode": "test", "epoch": 1}
{"loss": 0.681842029094696, "acc": 0.565253734588623, "length": 3.3956634998321533, "mode": "train", "epoch": 2}
{"loss": 0.6409078240394592, "acc": 0.665799617767334, "length": 3.927834987640381, "mode": "test", "epoch": 2}
{"loss": 0.6136641502380371, "acc": 0.6801729202270508, "length": 3.639547824859619, "mode": "train", "epoch": 3}
{"loss": 0.591597855091095, "acc": 0.6977663636207581, "length": 4.0, "mode": "test", "epoch": 3}
{"loss": 0.5597395300865173, "acc": 0.7217800617218018, "length": 3.920200824737549, "mode": "train", "epoch": 4}
{"loss": 0.5362259745597839, "acc": 0.7362542152404785, "length": 4.0, "mode": "test", "epoch": 4}
{"loss": 0.5025268197059631, "acc": 0.7570480704307556, "length": 3.9352519512176514, "mode": "train", "epoch": 5}
{"loss": 0.4864662289619446, "acc": 0.7850514054298401, "length": 4.0, "mode": "test", "epoch": 5}
{"loss": 0.43328893184661865, "acc": 0.8048333525657654, "length": 3.961047887802124, "mode": "train", "epoch": 6}
{"loss": 0.45913177728652954, "acc": 0.8123712539672852, "length": 4.0, "mode": "test", "epoch": 6}
{"loss": 0.39775294065475464, "acc": 0.8291687965393066, "length": 3.966761589050293, "mode": "train", "epoch": 7}
{"loss": 0.4338780343532562, "acc": 0.8300687074661255, "length": 4.0, "mode": "test", "epoch": 7}
{"loss": 0.371846079826355, "acc": 0.8401749134063721, "length": 3.9760210514068604, "mode": "train", "epoch": 8}
{"loss": 0.4074058532714844, "acc": 0.8362542986869812, "length": 4.0, "mode": "test", "epoch": 8}
{"loss": 0.34605318307876587, "acc": 0.8509308099746704, "length": 3.982858180999756, "mode": "train", "epoch": 9}
{"loss": 0.37675055861473083, "acc": 0.8470790386199951, "length": 4.0, "mode": "test", "epoch": 9}
{"loss": 0.32862967252731323, "acc": 0.8578550219535828, "length": 3.98769211769104, "mode": "train", "epoch": 10}
{"loss": 0.3608321249485016, "acc": 0.8565292358398438, "length": 4.0, "mode": "test", "epoch": 10}
{"loss": 0.314791738986969, "acc": 0.8615418672561646, "length": 3.9911019802093506, "mode": "train", "epoch": 11}
{"loss": 0.35804617404937744, "acc": 0.8536083102226257, "length": 4.0, "mode": "test", "epoch": 11}
{"loss": 0.3099329173564911, "acc": 0.8637743592262268, "length": 3.991896152496338, "mode": "train", "epoch": 12}
{"loss": 0.35890400409698486, "acc": 0.860309362411499, "length": 4.0, "mode": "test", "epoch": 12}
{"loss": 0.2964560091495514, "acc": 0.8680833578109741, "length": 3.9912374019622803, "mode": "train", "epoch": 13}
{"loss": 0.3659580647945404, "acc": 0.8438144326210022, "length": 4.0, "mode": "test", "epoch": 13}
{"loss": 0.2895927429199219, "acc": 0.870007336139679, "length": 3.9917352199554443, "mode": "train", "epoch": 14}
{"loss": 0.34512802958488464, "acc": 0.8596220016479492, "length": 4.0, "mode": "test", "epoch": 14}
{"loss": 0.2807047963142395, "acc": 0.8776063323020935, "length": 3.9946069717407227, "mode": "train", "epoch": 15}
{"loss": 0.34153077006340027, "acc": 0.8486254811286926, "length": 4.0, "mode": "test", "epoch": 15}
{"loss": 0.26689931750297546, "acc": 0.8830145001411438, "length": 3.994825839996338, "mode": "train", "epoch": 16}
{"loss": 0.33878517150878906, "acc": 0.8498281240463257, "length": 4.0, "mode": "test", "epoch": 16}
{"loss": 0.25798875093460083, "acc": 0.8908326029777527, "length": 3.9956016540527344, "mode": "train", "epoch": 17}
{"loss": 0.3141990005970001, "acc": 0.8752578496932983, "length": 4.0, "mode": "test", "epoch": 17}
{"loss": 0.24394726753234863, "acc": 0.9000365734100342, "length": 3.9961915016174316, "mode": "train", "epoch": 18}
{"loss": 0.31787964701652527, "acc": 0.8836768269538879, "length": 4.0, "mode": "test", "epoch": 18}
{"loss": 0.2290913611650467, "acc": 0.909335196018219, "length": 3.9956305027008057, "mode": "train", "epoch": 19}
{"loss": 0.27657899260520935, "acc": 0.8922680020332336, "length": 4.0, "mode": "test", "epoch": 19}
{"loss": 0.21198898553848267, "acc": 0.9190245270729065, "length": 3.9971752166748047, "mode": "train", "epoch": 20}
{"loss": 0.2907319664955139, "acc": 0.8900344967842102, "length": 4.0, "mode": "test", "epoch": 20}
{"loss": 0.20625655353069305, "acc": 0.9217199683189392, "length": 3.9972105026245117, "mode": "train", "epoch": 21}
{"loss": 0.2800705134868622, "acc": 0.8919244408607483, "length": 4.0, "mode": "test", "epoch": 21}
{"loss": 0.20632657408714294, "acc": 0.9254767894744873, "length": 3.997720956802368, "mode": "train", "epoch": 22}
{"loss": 0.257538378238678, "acc": 0.9036082625389099, "length": 4.0, "mode": "test", "epoch": 22}
{"loss": 0.19068381190299988, "acc": 0.9297261238098145, "length": 3.9977731704711914, "mode": "train", "epoch": 23}
{"loss": 0.24551402032375336, "acc": 0.9139175415039062, "length": 4.0, "mode": "test", "epoch": 23}
{"loss": 0.18556295335292816, "acc": 0.929500937461853, "length": 3.997791290283203, "mode": "train", "epoch": 24}
{"loss": 0.2241426259279251, "acc": 0.9173539876937866, "length": 4.0, "mode": "test", "epoch": 24}
{"loss": 0.17906425893306732, "acc": 0.9374604821205139, "length": 3.9983057975769043, "mode": "train", "epoch": 25}
{"loss": 0.2002934068441391, "acc": 0.9245705008506775, "length": 4.0, "mode": "test", "epoch": 25}
{"loss": 0.16687533259391785, "acc": 0.9411311149597168, "length": 3.9982070922851562, "mode": "train", "epoch": 26}
{"loss": 0.197708398103714, "acc": 0.9276631474494934, "length": 4.0, "mode": "test", "epoch": 26}
{"loss": 0.1680411845445633, "acc": 0.938906192779541, "length": 3.9986860752105713, "mode": "train", "epoch": 27}
{"loss": 0.19023512303829193, "acc": 0.9350515604019165, "length": 4.0, "mode": "test", "epoch": 27}
{"loss": 0.15416496992111206, "acc": 0.9473662972450256, "length": 3.9988882541656494, "mode": "train", "epoch": 28}
{"loss": 0.19066883623600006, "acc": 0.9345360994338989, "length": 4.0, "mode": "test", "epoch": 28}
{"loss": 0.14783595502376556, "acc": 0.9474787712097168, "length": 3.9989285469055176, "mode": "train", "epoch": 29}
{"loss": 0.2055429071187973, "acc": 0.9310997128486633, "length": 4.0, "mode": "test", "epoch": 29}
{"loss": 0.14919571578502655, "acc": 0.9466676115989685, "length": 3.9986772537231445, "mode": "train", "epoch": 30}
{"loss": 0.19342492520809174, "acc": 0.9376288652420044, "length": 4.0, "mode": "test", "epoch": 30}
{"loss": 0.14687485992908478, "acc": 0.9479544758796692, "length": 3.9992763996124268, "mode": "train", "epoch": 31}
{"loss": 0.18011264503002167, "acc": 0.9474227428436279, "length": 4.0, "mode": "test", "epoch": 31}
{"loss": 0.13785526156425476, "acc": 0.9533153176307678, "length": 3.999500274658203, "mode": "train", "epoch": 32}
{"loss": 0.17983929812908173, "acc": 0.9414089918136597, "length": 4.0, "mode": "test", "epoch": 32}
{"loss": 0.13693596422672272, "acc": 0.9525701403617859, "length": 3.9995412826538086, "mode": "train", "epoch": 33}
{"loss": 0.19212590157985687, "acc": 0.9360825419425964, "length": 4.0, "mode": "test", "epoch": 33}
{"loss": 0.1335141509771347, "acc": 0.953139066696167, "length": 3.9994754791259766, "mode": "train", "epoch": 34}
{"loss": 0.18680326640605927, "acc": 0.9420961737632751, "length": 4.0, "mode": "test", "epoch": 34}
{"loss": 0.1353374719619751, "acc": 0.9492243528366089, "length": 3.999234437942505, "mode": "train", "epoch": 35}
{"loss": 0.16698482632637024, "acc": 0.9462199807167053, "length": 4.0, "mode": "test", "epoch": 35}
{"loss": 0.12655049562454224, "acc": 0.9551601409912109, "length": 3.9993736743927, "mode": "train", "epoch": 36}
{"loss": 0.17948047816753387, "acc": 0.9374569058418274, "length": 4.0, "mode": "test", "epoch": 36}
{"loss": 0.12424914538860321, "acc": 0.9538890719413757, "length": 3.9995059967041016, "mode": "train", "epoch": 37}
{"loss": 0.17647510766983032, "acc": 0.9451889395713806, "length": 4.0, "mode": "test", "epoch": 37}
{"loss": 0.12941238284111023, "acc": 0.9550533890724182, "length": 3.9997549057006836, "mode": "train", "epoch": 38}
{"loss": 0.1972406655550003, "acc": 0.9386599063873291, "length": 4.0, "mode": "test", "epoch": 38}
{"loss": 0.11754827201366425, "acc": 0.9577568173408508, "length": 3.999751091003418, "mode": "train", "epoch": 39}
{"loss": 0.16763582825660706, "acc": 0.9403780698776245, "length": 4.0, "mode": "test", "epoch": 39}
{"loss": 0.11677684634923935, "acc": 0.9600999355316162, "length": 3.999499559402466, "mode": "train", "epoch": 40}
{"loss": 0.16060471534729004, "acc": 0.9405498504638672, "length": 4.0, "mode": "test", "epoch": 40}
{"loss": 0.12001262605190277, "acc": 0.95609050989151, "length": 3.9997940063476562, "mode": "train", "epoch": 41}
{"loss": 0.17100045084953308, "acc": 0.9450171589851379, "length": 4.0, "mode": "test", "epoch": 41}
{"loss": 0.1229991465806961, "acc": 0.9564378261566162, "length": 3.9998257160186768, "mode": "train", "epoch": 42}
{"loss": 0.1680297553539276, "acc": 0.9403780102729797, "length": 4.0, "mode": "test", "epoch": 42}
{"loss": 0.10994182527065277, "acc": 0.960914134979248, "length": 3.999689817428589, "mode": "train", "epoch": 43}
{"loss": 0.16936534643173218, "acc": 0.9441580772399902, "length": 4.0, "mode": "test", "epoch": 43}
{"loss": 0.11418844014406204, "acc": 0.9600648880004883, "length": 3.9999234676361084, "mode": "train", "epoch": 44}
{"loss": 0.15849995613098145, "acc": 0.9455326199531555, "length": 4.0, "mode": "test", "epoch": 44}
{"loss": 0.10614558309316635, "acc": 0.961950957775116, "length": 3.999492883682251, "mode": "train", "epoch": 45}
{"loss": 0.15279702842235565, "acc": 0.953951895236969, "length": 4.0, "mode": "test", "epoch": 45}
{"loss": 0.10549198091030121, "acc": 0.9628853797912598, "length": 3.9999308586120605, "mode": "train", "epoch": 46}
{"loss": 0.17627263069152832, "acc": 0.9489691853523254, "length": 4.0, "mode": "test", "epoch": 46}
{"loss": 0.10610381513834, "acc": 0.963629424571991, "length": 3.999849796295166, "mode": "train", "epoch": 47}
{"loss": 0.17007169127464294, "acc": 0.9438142776489258, "length": 4.0, "mode": "test", "epoch": 47}
{"loss": 0.10430730879306793, "acc": 0.964898407459259, "length": 3.9999263286590576, "mode": "train", "epoch": 48}
{"loss": 0.17788802087306976, "acc": 0.9384880065917969, "length": 4.0, "mode": "test", "epoch": 48}
{"loss": 0.09614245593547821, "acc": 0.9669696092605591, "length": 3.9999115467071533, "mode": "train", "epoch": 49}
{"loss": 0.16255150735378265, "acc": 0.9510309100151062, "length": 4.0, "mode": "test", "epoch": 49}
{"loss": 0.09755980223417282, "acc": 0.967258632183075, "length": 3.999948024749756, "mode": "train", "epoch": 50}
{"loss": 0.14133600890636444, "acc": 0.9515462517738342, "length": 4.0, "mode": "test", "epoch": 50}
{"loss": 0.09257172793149948, "acc": 0.9677770733833313, "length": 3.9999451637268066, "mode": "train", "epoch": 51}
{"loss": 0.15407569706439972, "acc": 0.9549828767776489, "length": 4.0, "mode": "test", "epoch": 51}
{"loss": 0.08351819962263107, "acc": 0.9714506268501282, "length": 3.999803304672241, "mode": "train", "epoch": 52}
{"loss": 0.1710127592086792, "acc": 0.9455327391624451, "length": 4.0, "mode": "test", "epoch": 52}
{"loss": 0.0894712507724762, "acc": 0.9684669971466064, "length": 3.999939203262329, "mode": "train", "epoch": 53}
{"loss": 0.14385537803173065, "acc": 0.9477663636207581, "length": 4.0, "mode": "test", "epoch": 53}
{"loss": 0.08066491037607193, "acc": 0.9722647666931152, "length": 3.9999420642852783, "mode": "train", "epoch": 54}
{"loss": 0.15579859912395477, "acc": 0.9379724264144897, "length": 4.0, "mode": "test", "epoch": 54}
{"loss": 0.07600376754999161, "acc": 0.9728400707244873, "length": 3.9999499320983887, "mode": "train", "epoch": 55}
{"loss": 0.13925038278102875, "acc": 0.9536082744598389, "length": 4.0, "mode": "test", "epoch": 55}
{"loss": 0.07917352020740509, "acc": 0.9693281650543213, "length": 3.9998812675476074, "mode": "train", "epoch": 56}
{"loss": 0.15728060901165009, "acc": 0.9419243931770325, "length": 4.0, "mode": "test", "epoch": 56}
{"loss": 0.07626776397228241, "acc": 0.9711551666259766, "length": 3.99969220161438, "mode": "train", "epoch": 57}
{"loss": 0.1320890337228775, "acc": 0.9604809880256653, "length": 4.0, "mode": "test", "epoch": 57}
{"loss": 0.07327668368816376, "acc": 0.9733007550239563, "length": 3.99996018409729, "mode": "train", "epoch": 58}
{"loss": 0.1468663215637207, "acc": 0.9551545977592468, "length": 4.0, "mode": "test", "epoch": 58}
{"loss": 0.0742904394865036, "acc": 0.9758329391479492, "length": 3.9999749660491943, "mode": "train", "epoch": 59}
{"loss": 0.11981358379125595, "acc": 0.9625429511070251, "length": 4.0, "mode": "test", "epoch": 59}
{"loss": 0.07126209139823914, "acc": 0.973301112651825, "length": 3.9999685287475586, "mode": "train", "epoch": 60}
{"loss": 0.12287578731775284, "acc": 0.9594501256942749, "length": 4.0, "mode": "test", "epoch": 60}
test accuracy: 0.8217857480049133
