# ["--attributes=3", "--values=16", "--game_size=10", "--vocab_size_factor=3", "--n_epochs=60", "--batch_size=64", "--learning_rate=0.001", "--hidden_size=128", "--temp_update=0.99", "--temperature=2"]
Creating train_ds and val_ds...

Creating test_ds...
{"loss": 0.6961198449134827, "acc": 0.5095687508583069, "length": 3.459103584289551, "mode": "train", "epoch": 1}
{"loss": 0.6912881731987, "acc": 0.530240535736084, "length": 1.0, "mode": "test", "epoch": 1}
{"loss": 0.6844365000724792, "acc": 0.5552453994750977, "length": 2.949012517929077, "mode": "train", "epoch": 2}
{"loss": 0.6702932715415955, "acc": 0.6318191289901733, "length": 1.7972508668899536, "mode": "test", "epoch": 2}
{"loss": 0.6469011306762695, "acc": 0.657971978187561, "length": 3.0656898021698, "mode": "train", "epoch": 3}
{"loss": 0.5880468487739563, "acc": 0.7425457239151001, "length": 3.247422695159912, "mode": "test", "epoch": 3}
{"loss": 0.5620944499969482, "acc": 0.7223471999168396, "length": 3.302474021911621, "mode": "train", "epoch": 4}
{"loss": 0.5333820581436157, "acc": 0.7693318724632263, "length": 3.4123711585998535, "mode": "test", "epoch": 4}
{"loss": 0.5028618574142456, "acc": 0.7667180895805359, "length": 3.396620988845825, "mode": "train", "epoch": 5}
{"loss": 0.4822036325931549, "acc": 0.7957221865653992, "length": 3.4329895973205566, "mode": "test", "epoch": 5}
{"loss": 0.4238215386867523, "acc": 0.82621830701828, "length": 3.499814510345459, "mode": "train", "epoch": 6}
{"loss": 0.42654353380203247, "acc": 0.8187316060066223, "length": 3.601374626159668, "mode": "test", "epoch": 6}
{"loss": 0.36670607328414917, "acc": 0.8563617467880249, "length": 3.556033134460449, "mode": "train", "epoch": 7}
{"loss": 0.3932549059391022, "acc": 0.8347914218902588, "length": 3.5670104026794434, "mode": "test", "epoch": 7}
{"loss": 0.3379322290420532, "acc": 0.86457759141922, "length": 3.543938398361206, "mode": "train", "epoch": 8}
{"loss": 0.38911277055740356, "acc": 0.8343541622161865, "length": 3.604810953140259, "mode": "test", "epoch": 8}
{"loss": 0.3222448527812958, "acc": 0.8695257306098938, "length": 3.6003737449645996, "mode": "train", "epoch": 9}
{"loss": 0.3741791248321533, "acc": 0.842710554599762, "length": 3.549828290939331, "mode": "test", "epoch": 9}
{"loss": 0.3107564449310303, "acc": 0.8734018206596375, "length": 3.648301124572754, "mode": "train", "epoch": 10}
{"loss": 0.36960941553115845, "acc": 0.8498323559761047, "length": 3.7835052013397217, "mode": "test", "epoch": 10}
{"loss": 0.2984951436519623, "acc": 0.8775069117546082, "length": 3.6986348628997803, "mode": "train", "epoch": 11}
{"loss": 0.3605090081691742, "acc": 0.8620776534080505, "length": 3.872852325439453, "mode": "test", "epoch": 11}
{"loss": 0.29042956233024597, "acc": 0.8863341808319092, "length": 3.761082649230957, "mode": "train", "epoch": 12}
{"loss": 0.3513312041759491, "acc": 0.8658385872840881, "length": 3.8865978717803955, "mode": "test", "epoch": 12}
{"loss": 0.2722018361091614, "acc": 0.8903809785842896, "length": 3.835482358932495, "mode": "train", "epoch": 13}
{"loss": 0.3514905571937561, "acc": 0.8683608174324036, "length": 3.872852325439453, "mode": "test", "epoch": 13}
{"loss": 0.26799994707107544, "acc": 0.8986508846282959, "length": 3.8471062183380127, "mode": "train", "epoch": 14}
{"loss": 0.35963353514671326, "acc": 0.8623398542404175, "length": 3.9140894412994385, "mode": "test", "epoch": 14}
{"loss": 0.25287216901779175, "acc": 0.9075714945793152, "length": 3.8362560272216797, "mode": "train", "epoch": 15}
{"loss": 0.33587646484375, "acc": 0.8714938163757324, "length": 3.955326557159424, "mode": "test", "epoch": 15}
{"loss": 0.24636618793010712, "acc": 0.9058210253715515, "length": 3.8634026050567627, "mode": "train", "epoch": 16}
{"loss": 0.3559856712818146, "acc": 0.853257954120636, "length": 3.9140894412994385, "mode": "test", "epoch": 16}
{"loss": 0.2361232042312622, "acc": 0.9093663096427917, "length": 3.863445281982422, "mode": "train", "epoch": 17}
{"loss": 0.32722780108451843, "acc": 0.8751424551010132, "length": 3.8797249794006348, "mode": "test", "epoch": 17}
{"loss": 0.22828972339630127, "acc": 0.9170898199081421, "length": 3.8610129356384277, "mode": "train", "epoch": 18}
{"loss": 0.30335843563079834, "acc": 0.8851843476295471, "length": 3.876288652420044, "mode": "test", "epoch": 18}
{"loss": 0.22306819260120392, "acc": 0.9207486510276794, "length": 3.856011152267456, "mode": "train", "epoch": 19}
{"loss": 0.30366969108581543, "acc": 0.894243597984314, "length": 3.855670213699341, "mode": "test", "epoch": 19}
{"loss": 0.22089748084545135, "acc": 0.9174721240997314, "length": 3.867379903793335, "mode": "train", "epoch": 20}
{"loss": 0.30928361415863037, "acc": 0.8882635235786438, "length": 3.8797249794006348, "mode": "test", "epoch": 20}
{"loss": 0.21552439033985138, "acc": 0.9195358157157898, "length": 3.8356244564056396, "mode": "train", "epoch": 21}
{"loss": 0.2806936800479889, "acc": 0.9018136262893677, "length": 3.8144330978393555, "mode": "test", "epoch": 21}
{"loss": 0.21129058301448822, "acc": 0.9206156730651855, "length": 3.832690954208374, "mode": "train", "epoch": 22}
{"loss": 0.2775796949863434, "acc": 0.892340362071991, "length": 3.8144330978393555, "mode": "test", "epoch": 22}
{"loss": 0.20798183977603912, "acc": 0.9238138198852539, "length": 3.8371899127960205, "mode": "train", "epoch": 23}
{"loss": 0.28981706500053406, "acc": 0.8975740671157837, "length": 3.7560136318206787, "mode": "test", "epoch": 23}
{"loss": 0.20606975257396698, "acc": 0.9249229431152344, "length": 3.857837438583374, "mode": "train", "epoch": 24}
{"loss": 0.25995954871177673, "acc": 0.912045419216156, "length": 3.804123640060425, "mode": "test", "epoch": 24}
{"loss": 0.19854386150836945, "acc": 0.9289776682853699, "length": 3.8461856842041016, "mode": "train", "epoch": 25}
{"loss": 0.2679128646850586, "acc": 0.9059543609619141, "length": 3.8178694248199463, "mode": "test", "epoch": 25}
{"loss": 0.19328686594963074, "acc": 0.9258177876472473, "length": 3.846829652786255, "mode": "train", "epoch": 26}
{"loss": 0.24537698924541473, "acc": 0.9176877737045288, "length": 3.776632308959961, "mode": "test", "epoch": 26}
{"loss": 0.18918606638908386, "acc": 0.9324364066123962, "length": 3.864722490310669, "mode": "train", "epoch": 27}
{"loss": 0.25457465648651123, "acc": 0.9068023562431335, "length": 3.8144330978393555, "mode": "test", "epoch": 27}
{"loss": 0.1826823353767395, "acc": 0.9306796789169312, "length": 3.877349615097046, "mode": "train", "epoch": 28}
{"loss": 0.24778476357460022, "acc": 0.9115992784500122, "length": 3.855670213699341, "mode": "test", "epoch": 28}
{"loss": 0.17000721395015717, "acc": 0.9380472898483276, "length": 3.8822686672210693, "mode": "train", "epoch": 29}
{"loss": 0.24268589913845062, "acc": 0.9183130264282227, "length": 3.9072165489196777, "mode": "test", "epoch": 29}
{"loss": 0.16772113740444183, "acc": 0.9380841255187988, "length": 3.896469831466675, "mode": "train", "epoch": 30}
{"loss": 0.23962755501270294, "acc": 0.9174420833587646, "length": 3.84536075592041, "mode": "test", "epoch": 30}
{"loss": 0.16195890307426453, "acc": 0.9410379528999329, "length": 3.901090383529663, "mode": "train", "epoch": 31}
{"loss": 0.23703622817993164, "acc": 0.915194034576416, "length": 3.92096209526062, "mode": "test", "epoch": 31}
{"loss": 0.15292350947856903, "acc": 0.9412781596183777, "length": 3.9240262508392334, "mode": "train", "epoch": 32}
{"loss": 0.20908553898334503, "acc": 0.9278724789619446, "length": 3.92096209526062, "mode": "test", "epoch": 32}
{"loss": 0.15192681550979614, "acc": 0.9425321221351624, "length": 3.928588628768921, "mode": "train", "epoch": 33}
{"loss": 0.23131029307842255, "acc": 0.9238938689231873, "length": 3.9621992111206055, "mode": "test", "epoch": 33}
{"loss": 0.14545926451683044, "acc": 0.9452580213546753, "length": 3.9475252628326416, "mode": "train", "epoch": 34}
{"loss": 0.23975443840026855, "acc": 0.9117215871810913, "length": 3.969072103500366, "mode": "test", "epoch": 34}
{"loss": 0.1577407419681549, "acc": 0.9394503235816956, "length": 3.9584720134735107, "mode": "train", "epoch": 35}
{"loss": 0.23525062203407288, "acc": 0.9086300730705261, "length": 3.945017099380493, "mode": "test", "epoch": 35}
{"loss": 0.13858015835285187, "acc": 0.9464917182922363, "length": 3.9631223678588867, "mode": "train", "epoch": 36}
{"loss": 0.22351543605327606, "acc": 0.9098179340362549, "length": 3.9862542152404785, "mode": "test", "epoch": 36}
{"loss": 0.13397300243377686, "acc": 0.9482169151306152, "length": 3.9536736011505127, "mode": "train", "epoch": 37}
{"loss": 0.22820816934108734, "acc": 0.9218346476554871, "length": 3.955326557159424, "mode": "test", "epoch": 37}
{"loss": 0.13487711548805237, "acc": 0.9451848864555359, "length": 3.9638566970825195, "mode": "train", "epoch": 38}
{"loss": 0.23399248719215393, "acc": 0.9115883708000183, "length": 3.975944995880127, "mode": "test", "epoch": 38}
{"loss": 0.1304934322834015, "acc": 0.9483065009117126, "length": 3.961432456970215, "mode": "train", "epoch": 39}
{"loss": 0.22074900567531586, "acc": 0.9192220568656921, "length": 3.955326557159424, "mode": "test", "epoch": 39}
{"loss": 0.12561103701591492, "acc": 0.9556838274002075, "length": 3.956723690032959, "mode": "train", "epoch": 40}
{"loss": 0.20658142864704132, "acc": 0.9317842125892639, "length": 3.979381561279297, "mode": "test", "epoch": 40}
{"loss": 0.11374020576477051, "acc": 0.9565619230270386, "length": 3.970975875854492, "mode": "train", "epoch": 41}
{"loss": 0.24364148080348969, "acc": 0.9221166372299194, "length": 3.9896907806396484, "mode": "test", "epoch": 41}
{"loss": 0.10728785395622253, "acc": 0.9601130485534668, "length": 3.9770684242248535, "mode": "train", "epoch": 42}
{"loss": 0.19975709915161133, "acc": 0.9241382479667664, "length": 3.9896907806396484, "mode": "test", "epoch": 42}
{"loss": 0.10640451312065125, "acc": 0.9619953036308289, "length": 3.9755923748016357, "mode": "train", "epoch": 43}
{"loss": 0.21105073392391205, "acc": 0.9248066544532776, "length": 3.9931271076202393, "mode": "test", "epoch": 43}
{"loss": 0.10080686956644058, "acc": 0.9612740874290466, "length": 3.9815239906311035, "mode": "train", "epoch": 44}
{"loss": 0.23693759739398956, "acc": 0.9114530682563782, "length": 3.9931271076202393, "mode": "test", "epoch": 44}
{"loss": 0.09834810346364975, "acc": 0.9664872884750366, "length": 3.980990409851074, "mode": "train", "epoch": 45}
{"loss": 0.20215998589992523, "acc": 0.927663266658783, "length": 4.0, "mode": "test", "epoch": 45}
{"loss": 0.09105924516916275, "acc": 0.9684498310089111, "length": 3.981360912322998, "mode": "train", "epoch": 46}
{"loss": 0.2050725519657135, "acc": 0.9300687313079834, "length": 4.0, "mode": "test", "epoch": 46}
{"loss": 0.08882831037044525, "acc": 0.9682298302650452, "length": 3.9781553745269775, "mode": "train", "epoch": 47}
{"loss": 0.18930083513259888, "acc": 0.9364261031150818, "length": 4.0, "mode": "test", "epoch": 47}
{"loss": 0.07957080006599426, "acc": 0.9750674366950989, "length": 3.9895617961883545, "mode": "train", "epoch": 48}
{"loss": 0.1873917430639267, "acc": 0.9414089918136597, "length": 4.0, "mode": "test", "epoch": 48}
{"loss": 0.07582207769155502, "acc": 0.9751800298690796, "length": 3.992076873779297, "mode": "train", "epoch": 49}
{"loss": 0.19107308983802795, "acc": 0.9364259839057922, "length": 4.0, "mode": "test", "epoch": 49}
{"loss": 0.07662485539913177, "acc": 0.9750791788101196, "length": 3.993821144104004, "mode": "train", "epoch": 50}
{"loss": 0.16615381836891174, "acc": 0.94347083568573, "length": 4.0, "mode": "test", "epoch": 50}
{"loss": 0.06980579346418381, "acc": 0.9791650176048279, "length": 3.992931604385376, "mode": "train", "epoch": 51}
{"loss": 0.16632579267024994, "acc": 0.9494845867156982, "length": 4.0, "mode": "test", "epoch": 51}
{"loss": 0.07190851122140884, "acc": 0.977537989616394, "length": 3.9933135509490967, "mode": "train", "epoch": 52}
{"loss": 0.17836140096187592, "acc": 0.9420961141586304, "length": 4.0, "mode": "test", "epoch": 52}
{"loss": 0.08264342695474625, "acc": 0.9729270935058594, "length": 3.9953997135162354, "mode": "train", "epoch": 53}
{"loss": 0.16934286057949066, "acc": 0.9506873488426208, "length": 4.0, "mode": "test", "epoch": 53}
{"loss": 0.06973052024841309, "acc": 0.9805044531822205, "length": 3.994349956512451, "mode": "train", "epoch": 54}
{"loss": 0.1726815551519394, "acc": 0.9530929327011108, "length": 4.0, "mode": "test", "epoch": 54}
{"loss": 0.062347184866666794, "acc": 0.9804456830024719, "length": 3.997377395629883, "mode": "train", "epoch": 55}
{"loss": 0.17762410640716553, "acc": 0.9541237950325012, "length": 4.0, "mode": "test", "epoch": 55}
{"loss": 0.0633266419172287, "acc": 0.9806925058364868, "length": 3.9965014457702637, "mode": "train", "epoch": 56}
{"loss": 0.18699704110622406, "acc": 0.9512028098106384, "length": 4.0, "mode": "test", "epoch": 56}
{"loss": 0.06097576767206192, "acc": 0.9816767573356628, "length": 3.997293710708618, "mode": "train", "epoch": 57}
{"loss": 0.17496268451213837, "acc": 0.9603092074394226, "length": 4.0, "mode": "test", "epoch": 57}
{"loss": 0.06033423915505409, "acc": 0.9798737168312073, "length": 3.997354745864868, "mode": "train", "epoch": 58}
{"loss": 0.14782075583934784, "acc": 0.9575602412223816, "length": 4.0, "mode": "test", "epoch": 58}
{"loss": 0.05505269765853882, "acc": 0.9817878007888794, "length": 3.999002695083618, "mode": "train", "epoch": 59}
{"loss": 0.14486193656921387, "acc": 0.9536083340644836, "length": 4.0, "mode": "test", "epoch": 59}
{"loss": 0.05150012671947479, "acc": 0.9838752150535583, "length": 3.9981906414031982, "mode": "train", "epoch": 60}
{"loss": 0.17030289769172668, "acc": 0.9539520144462585, "length": 4.0, "mode": "test", "epoch": 60}
test accuracy: 0.7712499499320984
