# ["--attributes=3", "--values=16", "--game_size=10", "--vocab_size_factor=3", "--n_epochs=60", "--batch_size=64", "--learning_rate=0.001", "--hidden_size=256", "--temp_update=0.97", "--temperature=1.5"]
Creating train_ds and val_ds...

Creating test_ds...
{"loss": 0.7061644196510315, "acc": 0.518984317779541, "length": 2.451655149459839, "mode": "train", "epoch": 1}
{"loss": 0.6965692639350891, "acc": 0.4736655056476593, "length": 1.0, "mode": "test", "epoch": 1}
{"loss": 0.6920818090438843, "acc": 0.5234129428863525, "length": 1.026573896408081, "mode": "train", "epoch": 2}
{"loss": 0.6954044699668884, "acc": 0.5172598361968994, "length": 1.0, "mode": "test", "epoch": 2}
{"loss": 0.6914499998092651, "acc": 0.5250646471977234, "length": 1.0194967985153198, "mode": "train", "epoch": 3}
{"loss": 0.6928642392158508, "acc": 0.5265125036239624, "length": 1.0, "mode": "test", "epoch": 3}
{"loss": 0.6711912751197815, "acc": 0.5650985240936279, "length": 1.5035821199417114, "mode": "train", "epoch": 4}
{"loss": 0.6434975266456604, "acc": 0.6359190940856934, "length": 1.9750889539718628, "mode": "test", "epoch": 4}
{"loss": 0.5792996287345886, "acc": 0.7176240086555481, "length": 2.395285129547119, "mode": "train", "epoch": 5}
{"loss": 0.5331788659095764, "acc": 0.7742282152175903, "length": 2.7153024673461914, "mode": "test", "epoch": 5}
{"loss": 0.46221667528152466, "acc": 0.7951693534851074, "length": 2.859309434890747, "mode": "train", "epoch": 6}
{"loss": 0.4571366310119629, "acc": 0.8055618405342102, "length": 3.0284698009490967, "mode": "test", "epoch": 6}
{"loss": 0.4105960428714752, "acc": 0.8311236500740051, "length": 3.070378065109253, "mode": "train", "epoch": 7}
{"loss": 0.4232204556465149, "acc": 0.8163150548934937, "length": 3.2953736782073975, "mode": "test", "epoch": 7}
{"loss": 0.3911336660385132, "acc": 0.8352057933807373, "length": 3.210742712020874, "mode": "train", "epoch": 8}
{"loss": 0.4101763367652893, "acc": 0.8200528025627136, "length": 3.2953736782073975, "mode": "test", "epoch": 8}
{"loss": 0.38269713521003723, "acc": 0.8384832143783569, "length": 3.217707633972168, "mode": "train", "epoch": 9}
{"loss": 0.41095858812332153, "acc": 0.8193100094795227, "length": 3.2846975326538086, "mode": "test", "epoch": 9}
{"loss": 0.37278345227241516, "acc": 0.8398948907852173, "length": 3.171369791030884, "mode": "train", "epoch": 10}
{"loss": 0.40422582626342773, "acc": 0.8285276293754578, "length": 3.2099645137786865, "mode": "test", "epoch": 10}
{"loss": 0.34883472323417664, "acc": 0.846729576587677, "length": 3.1579909324645996, "mode": "train", "epoch": 11}
{"loss": 0.39701157808303833, "acc": 0.8309258222579956, "length": 3.2313168048858643, "mode": "test", "epoch": 11}
{"loss": 0.3368467688560486, "acc": 0.8517860770225525, "length": 3.1866841316223145, "mode": "train", "epoch": 12}
{"loss": 0.40826302766799927, "acc": 0.828345775604248, "length": 3.2099645137786865, "mode": "test", "epoch": 12}
{"loss": 0.3458474278450012, "acc": 0.855018138885498, "length": 3.1957361698150635, "mode": "train", "epoch": 13}
{"loss": 0.3979603946208954, "acc": 0.8247582912445068, "length": 3.007117509841919, "mode": "test", "epoch": 13}
{"loss": 0.33756741881370544, "acc": 0.8567779660224915, "length": 3.139657735824585, "mode": "train", "epoch": 14}
{"loss": 0.3969062864780426, "acc": 0.8348416090011597, "length": 3.2313168048858643, "mode": "test", "epoch": 14}
{"loss": 0.33526724576950073, "acc": 0.8564015030860901, "length": 3.2800660133361816, "mode": "train", "epoch": 15}
{"loss": 0.39259248971939087, "acc": 0.8415625095367432, "length": 3.2953736782073975, "mode": "test", "epoch": 15}
{"loss": 0.3302830159664154, "acc": 0.855585515499115, "length": 3.13606858253479, "mode": "train", "epoch": 16}
{"loss": 0.3814508616924286, "acc": 0.8412556052207947, "length": 3.1352312564849854, "mode": "test", "epoch": 16}
{"loss": 0.31814971566200256, "acc": 0.8630446195602417, "length": 3.2191145420074463, "mode": "train", "epoch": 17}
{"loss": 0.38335031270980835, "acc": 0.837325930595398, "length": 3.2740213871002197, "mode": "test", "epoch": 17}
{"loss": 0.33128291368484497, "acc": 0.8621736764907837, "length": 3.241375684738159, "mode": "train", "epoch": 18}
{"loss": 0.39034155011177063, "acc": 0.8361825346946716, "length": 3.252669095993042, "mode": "test", "epoch": 18}
{"loss": 0.32825273275375366, "acc": 0.8635877966880798, "length": 3.2389044761657715, "mode": "train", "epoch": 19}
{"loss": 0.37978097796440125, "acc": 0.8350900411605835, "length": 3.252669095993042, "mode": "test", "epoch": 19}
{"loss": 0.31550928950309753, "acc": 0.8651067614555359, "length": 3.308401346206665, "mode": "train", "epoch": 20}
{"loss": 0.37466058135032654, "acc": 0.8409953713417053, "length": 3.3701066970825195, "mode": "test", "epoch": 20}
{"loss": 0.3026723563671112, "acc": 0.8667158484458923, "length": 3.4644460678100586, "mode": "train", "epoch": 21}
{"loss": 0.3642970323562622, "acc": 0.8500569462776184, "length": 3.6156582832336426, "mode": "test", "epoch": 21}
{"loss": 0.300710529088974, "acc": 0.8705363869667053, "length": 3.53583025932312, "mode": "train", "epoch": 22}
{"loss": 0.3512794077396393, "acc": 0.8580189347267151, "length": 3.572953701019287, "mode": "test", "epoch": 22}
{"loss": 0.29504406452178955, "acc": 0.8720248341560364, "length": 3.5914931297302246, "mode": "train", "epoch": 23}
{"loss": 0.3374190032482147, "acc": 0.8563840389251709, "length": 3.6370105743408203, "mode": "test", "epoch": 23}
{"loss": 0.29478877782821655, "acc": 0.871995210647583, "length": 3.67987060546875, "mode": "train", "epoch": 24}
{"loss": 0.349286824464798, "acc": 0.8546451926231384, "length": 3.669039249420166, "mode": "test", "epoch": 24}
{"loss": 0.30357837677001953, "acc": 0.872230052947998, "length": 3.720654010772705, "mode": "train", "epoch": 25}
{"loss": 0.3434356153011322, "acc": 0.85316401720047, "length": 3.672597885131836, "mode": "test", "epoch": 25}
{"loss": 0.29153770208358765, "acc": 0.8727535009384155, "length": 3.7171857357025146, "mode": "train", "epoch": 26}
{"loss": 0.3449787199497223, "acc": 0.8567829132080078, "length": 3.651245594024658, "mode": "test", "epoch": 26}
{"loss": 0.284127414226532, "acc": 0.8747944831848145, "length": 3.8044450283050537, "mode": "train", "epoch": 27}
{"loss": 0.34305572509765625, "acc": 0.8480820059776306, "length": 3.8612098693847656, "mode": "test", "epoch": 27}
{"loss": 0.27233633399009705, "acc": 0.8731568455696106, "length": 3.766571283340454, "mode": "train", "epoch": 28}
{"loss": 0.32950064539909363, "acc": 0.8576076030731201, "length": 3.72953724861145, "mode": "test", "epoch": 28}
{"loss": 0.2604427933692932, "acc": 0.8812909126281738, "length": 3.712768077850342, "mode": "train", "epoch": 29}
{"loss": 0.3356991410255432, "acc": 0.8641488552093506, "length": 3.736654758453369, "mode": "test", "epoch": 29}
{"loss": 0.2620011866092682, "acc": 0.8850616216659546, "length": 3.7277910709381104, "mode": "train", "epoch": 30}
{"loss": 0.33502209186553955, "acc": 0.8630422949790955, "length": 3.747330904006958, "mode": "test", "epoch": 30}
{"loss": 0.25766319036483765, "acc": 0.8888645172119141, "length": 3.7510428428649902, "mode": "train", "epoch": 31}
{"loss": 0.3414272964000702, "acc": 0.8494319319725037, "length": 3.7758007049560547, "mode": "test", "epoch": 31}
{"loss": 0.2514386773109436, "acc": 0.8920044302940369, "length": 3.776341676712036, "mode": "train", "epoch": 32}
{"loss": 0.32034024596214294, "acc": 0.8703213930130005, "length": 3.754448413848877, "mode": "test", "epoch": 32}
{"loss": 0.2589137554168701, "acc": 0.8913596272468567, "length": 3.7292699813842773, "mode": "train", "epoch": 33}
{"loss": 0.3323644995689392, "acc": 0.867047905921936, "length": 3.765124559402466, "mode": "test", "epoch": 33}
{"loss": 0.25022926926612854, "acc": 0.8887074589729309, "length": 3.7754788398742676, "mode": "train", "epoch": 34}
{"loss": 0.330980122089386, "acc": 0.8685310482978821, "length": 3.81850528717041, "mode": "test", "epoch": 34}
{"loss": 0.25988709926605225, "acc": 0.8891535401344299, "length": 3.746487855911255, "mode": "train", "epoch": 35}
{"loss": 0.32049134373664856, "acc": 0.8648183345794678, "length": 3.733096122741699, "mode": "test", "epoch": 35}
{"loss": 0.28593289852142334, "acc": 0.8812106251716614, "length": 3.7736563682556152, "mode": "train", "epoch": 36}
{"loss": 0.34835419058799744, "acc": 0.8625509142875671, "length": 3.7864768505096436, "mode": "test", "epoch": 36}
{"loss": 0.27815884351730347, "acc": 0.8900448679924011, "length": 3.728705644607544, "mode": "train", "epoch": 37}
{"loss": 0.34766122698783875, "acc": 0.8673645257949829, "length": 3.733096122741699, "mode": "test", "epoch": 37}
{"loss": 0.2524430751800537, "acc": 0.8939522504806519, "length": 3.747894048690796, "mode": "train", "epoch": 38}
{"loss": 0.31475186347961426, "acc": 0.8804001808166504, "length": 3.743772268295288, "mode": "test", "epoch": 38}
{"loss": 0.2397574484348297, "acc": 0.9014777541160583, "length": 3.730234384536743, "mode": "train", "epoch": 39}
{"loss": 0.3104795813560486, "acc": 0.8800930380821228, "length": 3.740213632583618, "mode": "test", "epoch": 39}
{"loss": 0.23761439323425293, "acc": 0.900698184967041, "length": 3.731128454208374, "mode": "train", "epoch": 40}
{"loss": 0.31718334555625916, "acc": 0.8818159699440002, "length": 3.743772268295288, "mode": "test", "epoch": 40}
{"loss": 0.23340952396392822, "acc": 0.9047115445137024, "length": 3.7328855991363525, "mode": "train", "epoch": 41}
{"loss": 0.3137836754322052, "acc": 0.8803750872612, "length": 3.747330904006958, "mode": "test", "epoch": 41}
{"loss": 0.22314704954624176, "acc": 0.9005229473114014, "length": 3.741147518157959, "mode": "train", "epoch": 42}
{"loss": 0.2905418276786804, "acc": 0.8856332302093506, "length": 3.754448413848877, "mode": "test", "epoch": 42}
{"loss": 0.23488366603851318, "acc": 0.9060434699058533, "length": 3.751941442489624, "mode": "train", "epoch": 43}
{"loss": 0.31783485412597656, "acc": 0.8758214116096497, "length": 3.8113880157470703, "mode": "test", "epoch": 43}
{"loss": 0.23457898199558258, "acc": 0.903325617313385, "length": 3.765082597732544, "mode": "train", "epoch": 44}
{"loss": 0.3120864927768707, "acc": 0.884598433971405, "length": 3.754448413848877, "mode": "test", "epoch": 44}
{"loss": 0.2318386286497116, "acc": 0.9061659574508667, "length": 3.7396156787872314, "mode": "train", "epoch": 45}
{"loss": 0.2967602014541626, "acc": 0.8797694444656372, "length": 3.740213632583618, "mode": "test", "epoch": 45}
{"loss": 0.22678713500499725, "acc": 0.9046133160591125, "length": 3.7486016750335693, "mode": "train", "epoch": 46}
{"loss": 0.29172012209892273, "acc": 0.8787242770195007, "length": 3.7722420692443848, "mode": "test", "epoch": 46}
{"loss": 0.22769951820373535, "acc": 0.9066723585128784, "length": 3.7683684825897217, "mode": "train", "epoch": 47}
{"loss": 0.2882661819458008, "acc": 0.8859118223190308, "length": 3.765124559402466, "mode": "test", "epoch": 47}
{"loss": 0.21454021334648132, "acc": 0.9085129499435425, "length": 3.7554264068603516, "mode": "train", "epoch": 48}
{"loss": 0.29310065507888794, "acc": 0.8795276284217834, "length": 3.7722420692443848, "mode": "test", "epoch": 48}
{"loss": 0.2346978634595871, "acc": 0.9061989188194275, "length": 3.802666187286377, "mode": "train", "epoch": 49}
{"loss": 0.310785174369812, "acc": 0.8806005716323853, "length": 3.8113880157470703, "mode": "test", "epoch": 49}
{"loss": 0.2447061836719513, "acc": 0.8967530131340027, "length": 3.784806728363037, "mode": "train", "epoch": 50}
{"loss": 0.33905673027038574, "acc": 0.8732005953788757, "length": 3.7900354862213135, "mode": "test", "epoch": 50}
{"loss": 0.2430134266614914, "acc": 0.9032899141311646, "length": 3.821197748184204, "mode": "train", "epoch": 51}
{"loss": 0.3307437598705292, "acc": 0.8688754439353943, "length": 3.836298942565918, "mode": "test", "epoch": 51}
{"loss": 0.20988459885120392, "acc": 0.9102457165718079, "length": 3.7771830558776855, "mode": "train", "epoch": 52}
{"loss": 0.29645365476608276, "acc": 0.8766409158706665, "length": 3.758007049560547, "mode": "test", "epoch": 52}
{"loss": 0.22653092443943024, "acc": 0.9101002216339111, "length": 3.7847721576690674, "mode": "train", "epoch": 53}
{"loss": 0.2863630950450897, "acc": 0.8782021999359131, "length": 3.8042705059051514, "mode": "test", "epoch": 53}
{"loss": 0.2038954347372055, "acc": 0.9106016159057617, "length": 3.8304948806762695, "mode": "train", "epoch": 54}
{"loss": 0.2843676507472992, "acc": 0.8723376989364624, "length": 3.91103196144104, "mode": "test", "epoch": 54}
{"loss": 0.19934019446372986, "acc": 0.9125584363937378, "length": 3.8420968055725098, "mode": "train", "epoch": 55}
{"loss": 0.26853033900260925, "acc": 0.883129894733429, "length": 3.8932385444641113, "mode": "test", "epoch": 55}
{"loss": 0.1992342174053192, "acc": 0.9117745757102966, "length": 3.8324196338653564, "mode": "train", "epoch": 56}
{"loss": 0.2626579999923706, "acc": 0.8830634355545044, "length": 3.8576512336730957, "mode": "test", "epoch": 56}
{"loss": 0.196306511759758, "acc": 0.9114742279052734, "length": 3.874403476715088, "mode": "train", "epoch": 57}
{"loss": 0.2691948115825653, "acc": 0.8821589350700378, "length": 3.925266981124878, "mode": "test", "epoch": 57}
{"loss": 0.19865097105503082, "acc": 0.9158949851989746, "length": 3.8997018337249756, "mode": "train", "epoch": 58}
{"loss": 0.26269182562828064, "acc": 0.8885622024536133, "length": 3.900355815887451, "mode": "test", "epoch": 58}
{"loss": 0.2001449018716812, "acc": 0.9176905751228333, "length": 3.8688817024230957, "mode": "train", "epoch": 59}
{"loss": 0.2549370229244232, "acc": 0.8925033807754517, "length": 3.8825621604919434, "mode": "test", "epoch": 59}
{"loss": 0.2133093625307083, "acc": 0.9140641093254089, "length": 3.8928182125091553, "mode": "train", "epoch": 60}
{"loss": 0.2887396514415741, "acc": 0.8881104588508606, "length": 3.90747332572937, "mode": "test", "epoch": 60}
test accuracy: 0.6870874166488647
