# ["--attributes=3", "--values=16", "--game_size=10", "--vocab_size_factor=3", "--n_epochs=60", "--batch_size=64", "--learning_rate=0.001", "--hidden_size=256", "--temp_update=0.97", "--temperature=2"]
Creating train_ds and val_ds...

Creating test_ds...
{"loss": 0.7107810378074646, "acc": 0.5010432600975037, "length": 2.73580002784729, "mode": "train", "epoch": 1}
{"loss": 0.6964708566665649, "acc": 0.494791716337204, "length": 1.0, "mode": "test", "epoch": 1}
{"loss": 0.6979300379753113, "acc": 0.48694804310798645, "length": 1.0890411138534546, "mode": "train", "epoch": 2}
{"loss": 0.692548930644989, "acc": 0.5279514193534851, "length": 1.0, "mode": "test", "epoch": 2}
{"loss": 0.6630434393882751, "acc": 0.6078258156776428, "length": 1.7655469179153442, "mode": "train", "epoch": 3}
{"loss": 0.6098780035972595, "acc": 0.6718560457229614, "length": 1.9583333730697632, "mode": "test", "epoch": 3}
{"loss": 0.575859546661377, "acc": 0.7080790400505066, "length": 2.595240831375122, "mode": "train", "epoch": 4}
{"loss": 0.5410852432250977, "acc": 0.7278890609741211, "length": 2.78125, "mode": "test", "epoch": 4}
{"loss": 0.5164232850074768, "acc": 0.7507923245429993, "length": 2.888920307159424, "mode": "train", "epoch": 5}
{"loss": 0.49849939346313477, "acc": 0.7713514566421509, "length": 2.7916667461395264, "mode": "test", "epoch": 5}
{"loss": 0.48321425914764404, "acc": 0.7763535976409912, "length": 2.943953514099121, "mode": "train", "epoch": 6}
{"loss": 0.4896579682826996, "acc": 0.7980875372886658, "length": 2.8854167461395264, "mode": "test", "epoch": 6}
{"loss": 0.46569812297821045, "acc": 0.7894196510314941, "length": 2.8932783603668213, "mode": "train", "epoch": 7}
{"loss": 0.4778582751750946, "acc": 0.7966552972793579, "length": 2.7916667461395264, "mode": "test", "epoch": 7}
{"loss": 0.4543743431568146, "acc": 0.7873624563217163, "length": 2.8956522941589355, "mode": "train", "epoch": 8}
{"loss": 0.501826822757721, "acc": 0.7982937693595886, "length": 2.8020832538604736, "mode": "test", "epoch": 8}
{"loss": 0.4271334409713745, "acc": 0.8004451990127563, "length": 3.051809549331665, "mode": "train", "epoch": 9}
{"loss": 0.4339539706707001, "acc": 0.8057562708854675, "length": 2.9166667461395264, "mode": "test", "epoch": 9}
{"loss": 0.3894629180431366, "acc": 0.8138593435287476, "length": 3.2806129455566406, "mode": "train", "epoch": 10}
{"loss": 0.39966675639152527, "acc": 0.8186279535293579, "length": 3.125, "mode": "test", "epoch": 10}
{"loss": 0.3502167761325836, "acc": 0.8402145504951477, "length": 3.4191558361053467, "mode": "train", "epoch": 11}
{"loss": 0.3721688687801361, "acc": 0.8304335474967957, "length": 3.3229167461395264, "mode": "test", "epoch": 11}
{"loss": 0.32240891456604004, "acc": 0.8647487759590149, "length": 3.3795533180236816, "mode": "train", "epoch": 12}
{"loss": 0.3456571698188782, "acc": 0.8554714322090149, "length": 3.1770832538604736, "mode": "test", "epoch": 12}
{"loss": 0.3018067479133606, "acc": 0.8745467066764832, "length": 3.363154649734497, "mode": "train", "epoch": 13}
{"loss": 0.3108639419078827, "acc": 0.8734700679779053, "length": 3.15625, "mode": "test", "epoch": 13}
{"loss": 0.2723410129547119, "acc": 0.8862319588661194, "length": 3.380261182785034, "mode": "train", "epoch": 14}
{"loss": 0.3117836117744446, "acc": 0.8763427734375, "length": 3.1770832538604736, "mode": "test", "epoch": 14}
{"loss": 0.2528957724571228, "acc": 0.8995699882507324, "length": 3.384490728378296, "mode": "train", "epoch": 15}
{"loss": 0.2962825894355774, "acc": 0.8816596269607544, "length": 3.1875, "mode": "test", "epoch": 15}
{"loss": 0.246853768825531, "acc": 0.900631308555603, "length": 3.4689035415649414, "mode": "train", "epoch": 16}
{"loss": 0.28143009543418884, "acc": 0.8861273527145386, "length": 3.2916667461395264, "mode": "test", "epoch": 16}
{"loss": 0.24234719574451447, "acc": 0.9033283591270447, "length": 3.5780208110809326, "mode": "train", "epoch": 17}
{"loss": 0.284091979265213, "acc": 0.8935437798500061, "length": 3.5833332538604736, "mode": "test", "epoch": 17}
{"loss": 0.22710920870304108, "acc": 0.9089800119400024, "length": 3.727651596069336, "mode": "train", "epoch": 18}
{"loss": 0.24233029782772064, "acc": 0.9139133095741272, "length": 3.875, "mode": "test", "epoch": 18}
{"loss": 0.20389924943447113, "acc": 0.9249207973480225, "length": 3.9169094562530518, "mode": "train", "epoch": 19}
{"loss": 0.21390481293201447, "acc": 0.9229167103767395, "length": 4.0, "mode": "test", "epoch": 19}
{"loss": 0.19093213975429535, "acc": 0.9307001829147339, "length": 3.9741387367248535, "mode": "train", "epoch": 20}
{"loss": 0.20661507546901703, "acc": 0.9213541746139526, "length": 4.0, "mode": "test", "epoch": 20}
{"loss": 0.16553130745887756, "acc": 0.944411039352417, "length": 3.99283766746521, "mode": "train", "epoch": 21}
{"loss": 0.17859148979187012, "acc": 0.9243054986000061, "length": 4.0, "mode": "test", "epoch": 21}
{"loss": 0.15153153240680695, "acc": 0.9461237192153931, "length": 3.9962706565856934, "mode": "train", "epoch": 22}
{"loss": 0.1651473343372345, "acc": 0.9407985210418701, "length": 4.0, "mode": "test", "epoch": 22}
{"loss": 0.13702407479286194, "acc": 0.9488825798034668, "length": 3.9972569942474365, "mode": "train", "epoch": 23}
{"loss": 0.17373211681842804, "acc": 0.9380209445953369, "length": 4.0, "mode": "test", "epoch": 23}
{"loss": 0.1420021951198578, "acc": 0.9471933245658875, "length": 3.999269485473633, "mode": "train", "epoch": 24}
{"loss": 0.1708025485277176, "acc": 0.9369791746139526, "length": 4.0, "mode": "test", "epoch": 24}
{"loss": 0.13957607746124268, "acc": 0.9478898644447327, "length": 3.9993457794189453, "mode": "train", "epoch": 25}
{"loss": 0.16713467240333557, "acc": 0.9324653148651123, "length": 4.0, "mode": "test", "epoch": 25}
{"loss": 0.13414674997329712, "acc": 0.9510701298713684, "length": 3.997631311416626, "mode": "train", "epoch": 26}
{"loss": 0.1468421220779419, "acc": 0.9498264789581299, "length": 4.0, "mode": "test", "epoch": 26}
{"loss": 0.12287123501300812, "acc": 0.9554442763328552, "length": 3.999772787094116, "mode": "train", "epoch": 27}
{"loss": 0.18432113528251648, "acc": 0.9375, "length": 4.0, "mode": "test", "epoch": 27}
{"loss": 0.14310604333877563, "acc": 0.9484829306602478, "length": 3.9997711181640625, "mode": "train", "epoch": 28}
{"loss": 0.16007965803146362, "acc": 0.9428820013999939, "length": 4.0, "mode": "test", "epoch": 28}
{"loss": 0.14101219177246094, "acc": 0.9500532746315002, "length": 3.999868631362915, "mode": "train", "epoch": 29}
{"loss": 0.17137400805950165, "acc": 0.9394097924232483, "length": 4.0, "mode": "test", "epoch": 29}
{"loss": 0.12275243550539017, "acc": 0.9542866945266724, "length": 3.999826669692993, "mode": "train", "epoch": 30}
{"loss": 0.1535532921552658, "acc": 0.9512152075767517, "length": 4.0, "mode": "test", "epoch": 30}
{"loss": 0.1172112450003624, "acc": 0.953873336315155, "length": 3.999525308609009, "mode": "train", "epoch": 31}
{"loss": 0.16961605846881866, "acc": 0.9331597089767456, "length": 4.0, "mode": "test", "epoch": 31}
{"loss": 0.11208822578191757, "acc": 0.9575801491737366, "length": 3.9994795322418213, "mode": "train", "epoch": 32}
{"loss": 0.15610237419605255, "acc": 0.9427083134651184, "length": 4.0, "mode": "test", "epoch": 32}
{"loss": 0.11183289438486099, "acc": 0.9575725197792053, "length": 3.999329090118408, "mode": "train", "epoch": 33}
{"loss": 0.1463763415813446, "acc": 0.9423611164093018, "length": 4.0, "mode": "test", "epoch": 33}
{"loss": 0.10454260557889938, "acc": 0.9563769698143005, "length": 3.99990177154541, "mode": "train", "epoch": 34}
{"loss": 0.15254585444927216, "acc": 0.9467013478279114, "length": 4.0, "mode": "test", "epoch": 34}
{"loss": 0.1048087626695633, "acc": 0.9592769742012024, "length": 3.9999001026153564, "mode": "train", "epoch": 35}
{"loss": 0.12679128348827362, "acc": 0.9418402910232544, "length": 4.0, "mode": "test", "epoch": 35}
{"loss": 0.10656306147575378, "acc": 0.9582356214523315, "length": 3.999969482421875, "mode": "train", "epoch": 36}
{"loss": 0.140773206949234, "acc": 0.9322916865348816, "length": 4.0, "mode": "test", "epoch": 36}
{"loss": 0.10342882573604584, "acc": 0.9617148637771606, "length": 3.9999523162841797, "mode": "train", "epoch": 37}
{"loss": 0.15724094212055206, "acc": 0.9439235329627991, "length": 4.0, "mode": "test", "epoch": 37}
{"loss": 0.10519377887248993, "acc": 0.9553913474082947, "length": 3.999931812286377, "mode": "train", "epoch": 38}
{"loss": 0.16113892197608948, "acc": 0.9402778148651123, "length": 4.0, "mode": "test", "epoch": 38}
{"loss": 0.09396925568580627, "acc": 0.9599246978759766, "length": 3.998946189880371, "mode": "train", "epoch": 39}
{"loss": 0.1631307452917099, "acc": 0.9366319179534912, "length": 4.0, "mode": "test", "epoch": 39}
{"loss": 0.09798213094472885, "acc": 0.9595558643341064, "length": 3.9996497631073, "mode": "train", "epoch": 40}
{"loss": 0.17773579061031342, "acc": 0.9387152194976807, "length": 4.0, "mode": "test", "epoch": 40}
{"loss": 0.13514167070388794, "acc": 0.9548136591911316, "length": 3.999986410140991, "mode": "train", "epoch": 41}
{"loss": 0.17030392587184906, "acc": 0.9477429986000061, "length": 4.0, "mode": "test", "epoch": 41}
{"loss": 0.13154280185699463, "acc": 0.9497095346450806, "length": 3.9999845027923584, "mode": "train", "epoch": 42}
{"loss": 0.1904011219739914, "acc": 0.9295138120651245, "length": 4.0, "mode": "test", "epoch": 42}
{"loss": 0.12384983897209167, "acc": 0.9545193910598755, "length": 3.9998955726623535, "mode": "train", "epoch": 43}
{"loss": 0.17258231341838837, "acc": 0.9357638955116272, "length": 4.0, "mode": "test", "epoch": 43}
{"loss": 0.12017495930194855, "acc": 0.9539441466331482, "length": 3.999994993209839, "mode": "train", "epoch": 44}
{"loss": 0.13086067140102386, "acc": 0.9506945013999939, "length": 4.0, "mode": "test", "epoch": 44}
{"loss": 0.10993073880672455, "acc": 0.9588173627853394, "length": 3.999647617340088, "mode": "train", "epoch": 45}
{"loss": 0.14365388453006744, "acc": 0.9451388120651245, "length": 4.0, "mode": "test", "epoch": 45}
{"loss": 0.1331891268491745, "acc": 0.9500578045845032, "length": 3.9999945163726807, "mode": "train", "epoch": 46}
{"loss": 0.1695859283208847, "acc": 0.9373263120651245, "length": 4.0, "mode": "test", "epoch": 46}
{"loss": 0.11906608939170837, "acc": 0.9520866870880127, "length": 3.9999682903289795, "mode": "train", "epoch": 47}
{"loss": 0.18758054077625275, "acc": 0.9350695013999939, "length": 4.0, "mode": "test", "epoch": 47}
{"loss": 0.13863709568977356, "acc": 0.9441859126091003, "length": 3.9993185997009277, "mode": "train", "epoch": 48}
{"loss": 0.14606651663780212, "acc": 0.9458333253860474, "length": 4.0, "mode": "test", "epoch": 48}
{"loss": 0.12975135445594788, "acc": 0.9493023157119751, "length": 3.9997971057891846, "mode": "train", "epoch": 49}
{"loss": 0.15043213963508606, "acc": 0.9456599354743958, "length": 4.0, "mode": "test", "epoch": 49}
{"loss": 0.12009306252002716, "acc": 0.9522619843482971, "length": 3.9999921321868896, "mode": "train", "epoch": 50}
{"loss": 0.1464005559682846, "acc": 0.9456597566604614, "length": 4.0, "mode": "test", "epoch": 50}
{"loss": 0.12288803607225418, "acc": 0.9527816772460938, "length": 3.99992036819458, "mode": "train", "epoch": 51}
{"loss": 0.160268634557724, "acc": 0.9430555701255798, "length": 4.0, "mode": "test", "epoch": 51}
{"loss": 0.11808779835700989, "acc": 0.9535927176475525, "length": 3.999821901321411, "mode": "train", "epoch": 52}
{"loss": 0.1662498563528061, "acc": 0.9381943941116333, "length": 4.0, "mode": "test", "epoch": 52}
{"loss": 0.11537326127290726, "acc": 0.9555679559707642, "length": 3.9999754428863525, "mode": "train", "epoch": 53}
{"loss": 0.14920438826084137, "acc": 0.9451388120651245, "length": 4.0, "mode": "test", "epoch": 53}
{"loss": 0.10786567628383636, "acc": 0.9575400948524475, "length": 3.9999282360076904, "mode": "train", "epoch": 54}
{"loss": 0.14957505464553833, "acc": 0.9505207538604736, "length": 4.0, "mode": "test", "epoch": 54}
{"loss": 0.11208213120698929, "acc": 0.949008047580719, "length": 3.999516487121582, "mode": "train", "epoch": 55}
{"loss": 0.15547621250152588, "acc": 0.9440972208976746, "length": 4.0, "mode": "test", "epoch": 55}
{"loss": 0.10948661714792252, "acc": 0.9563757181167603, "length": 3.999823808670044, "mode": "train", "epoch": 56}
{"loss": 0.16100576519966125, "acc": 0.9539930820465088, "length": 4.0, "mode": "test", "epoch": 56}
{"loss": 0.10871417820453644, "acc": 0.957134485244751, "length": 3.9999918937683105, "mode": "train", "epoch": 57}
{"loss": 0.15536873042583466, "acc": 0.9541667103767395, "length": 4.0, "mode": "test", "epoch": 57}
{"loss": 0.09759275615215302, "acc": 0.9592212438583374, "length": 3.999962091445923, "mode": "train", "epoch": 58}
{"loss": 0.17855136096477509, "acc": 0.9473958611488342, "length": 4.0, "mode": "test", "epoch": 58}
{"loss": 0.10888472944498062, "acc": 0.9559744596481323, "length": 3.9999990463256836, "mode": "train", "epoch": 59}
{"loss": 0.14619210362434387, "acc": 0.9505208134651184, "length": 4.0, "mode": "test", "epoch": 59}
{"loss": 0.10729322582483292, "acc": 0.9574821591377258, "length": 3.9999892711639404, "mode": "train", "epoch": 60}
{"loss": 0.19540636241436005, "acc": 0.9486110210418701, "length": 4.0, "mode": "test", "epoch": 60}
test accuracy: 0.8598276376724243
