# ["--attributes=3", "--values=16", "--game_size=10", "--vocab_size_factor=3", "--n_epochs=60", "--batch_size=64", "--learning_rate=0.001", "--hidden_size=256", "--temp_update=0.99", "--temperature=1.5"]
Creating train_ds and val_ds...

Creating test_ds...
{"loss": 0.7099481821060181, "acc": 0.5196408033370972, "length": 2.498314619064331, "mode": "train", "epoch": 1}
{"loss": 0.698858916759491, "acc": 0.5017065405845642, "length": 1.0, "mode": "test", "epoch": 1}
{"loss": 0.6909192204475403, "acc": 0.5384264588356018, "length": 1.0482834577560425, "mode": "train", "epoch": 2}
{"loss": 0.6957622766494751, "acc": 0.5194539427757263, "length": 1.0, "mode": "test", "epoch": 2}
{"loss": 0.6423630714416504, "acc": 0.6345152854919434, "length": 2.155134439468384, "mode": "train", "epoch": 3}
{"loss": 0.5807170867919922, "acc": 0.7170485854148865, "length": 2.320819139480591, "mode": "test", "epoch": 3}
{"loss": 0.5786267518997192, "acc": 0.6987736821174622, "length": 2.4540603160858154, "mode": "train", "epoch": 4}
{"loss": 0.5547513365745544, "acc": 0.7201428413391113, "length": 2.474402666091919, "mode": "test", "epoch": 4}
{"loss": 0.5476858615875244, "acc": 0.7176637649536133, "length": 2.511909246444702, "mode": "train", "epoch": 5}
{"loss": 0.5144146680831909, "acc": 0.7447361946105957, "length": 2.525597333908081, "mode": "test", "epoch": 5}
{"loss": 0.49190381169319153, "acc": 0.7545345425605774, "length": 2.6192851066589355, "mode": "train", "epoch": 6}
{"loss": 0.41904139518737793, "acc": 0.8209632635116577, "length": 2.914675712585449, "mode": "test", "epoch": 6}
{"loss": 0.39632168412208557, "acc": 0.838251531124115, "length": 3.1226253509521484, "mode": "train", "epoch": 7}
{"loss": 0.35204264521598816, "acc": 0.8423819541931152, "length": 3.344709873199463, "mode": "test", "epoch": 7}
{"loss": 0.32968252897262573, "acc": 0.8706130385398865, "length": 3.425894260406494, "mode": "train", "epoch": 8}
{"loss": 0.33517929911613464, "acc": 0.8689275979995728, "length": 3.344709873199463, "mode": "test", "epoch": 8}
{"loss": 0.30312663316726685, "acc": 0.8820419907569885, "length": 3.4757189750671387, "mode": "train", "epoch": 9}
{"loss": 0.3560115694999695, "acc": 0.8539458513259888, "length": 3.6211605072021484, "mode": "test", "epoch": 9}
{"loss": 0.2803860008716583, "acc": 0.8860870599746704, "length": 3.5169124603271484, "mode": "train", "epoch": 10}
{"loss": 0.3175918161869049, "acc": 0.869417130947113, "length": 3.631399393081665, "mode": "test", "epoch": 10}
{"loss": 0.2704535722732544, "acc": 0.8886728286743164, "length": 3.6566834449768066, "mode": "train", "epoch": 11}
{"loss": 0.30570220947265625, "acc": 0.8787986636161804, "length": 3.73378849029541, "mode": "test", "epoch": 11}
{"loss": 0.26056504249572754, "acc": 0.8955796957015991, "length": 3.717040777206421, "mode": "train", "epoch": 12}
{"loss": 0.323234885931015, "acc": 0.8645669221878052, "length": 3.8873720169067383, "mode": "test", "epoch": 12}
{"loss": 0.23973621428012848, "acc": 0.9042374491691589, "length": 3.8679676055908203, "mode": "train", "epoch": 13}
{"loss": 0.24686594307422638, "acc": 0.8938779830932617, "length": 3.9897611141204834, "mode": "test", "epoch": 13}
{"loss": 0.22683162987232208, "acc": 0.9102871417999268, "length": 3.93599534034729, "mode": "train", "epoch": 14}
{"loss": 0.2661874294281006, "acc": 0.882935106754303, "length": 4.0, "mode": "test", "epoch": 14}
{"loss": 0.2153991013765335, "acc": 0.9170366525650024, "length": 3.9719157218933105, "mode": "train", "epoch": 15}
{"loss": 0.21843977272510529, "acc": 0.9109213948249817, "length": 4.0, "mode": "test", "epoch": 15}
{"loss": 0.20794005692005157, "acc": 0.9196339845657349, "length": 3.98030424118042, "mode": "train", "epoch": 16}
{"loss": 0.24870820343494415, "acc": 0.895563006401062, "length": 4.0, "mode": "test", "epoch": 16}
{"loss": 0.20544320344924927, "acc": 0.9233766198158264, "length": 3.98399019241333, "mode": "train", "epoch": 17}
{"loss": 0.20762260258197784, "acc": 0.9143345355987549, "length": 4.0, "mode": "test", "epoch": 17}
{"loss": 0.1847589910030365, "acc": 0.9293779134750366, "length": 3.9882874488830566, "mode": "train", "epoch": 18}
{"loss": 0.21285374462604523, "acc": 0.9300342202186584, "length": 4.0, "mode": "test", "epoch": 18}
{"loss": 0.1729242205619812, "acc": 0.9384798407554626, "length": 3.9884965419769287, "mode": "train", "epoch": 19}
{"loss": 0.2424008846282959, "acc": 0.908703088760376, "length": 4.0, "mode": "test", "epoch": 19}
{"loss": 0.18262462317943573, "acc": 0.9314301609992981, "length": 3.9924063682556152, "mode": "train", "epoch": 20}
{"loss": 0.19396361708641052, "acc": 0.9296929240226746, "length": 4.0, "mode": "test", "epoch": 20}
{"loss": 0.16904684901237488, "acc": 0.9367237091064453, "length": 3.9935977458953857, "mode": "train", "epoch": 21}
{"loss": 0.19101810455322266, "acc": 0.9329351782798767, "length": 4.0, "mode": "test", "epoch": 21}
{"loss": 0.15083520114421844, "acc": 0.9442010521888733, "length": 3.9943127632141113, "mode": "train", "epoch": 22}
{"loss": 0.18312233686447144, "acc": 0.9366893768310547, "length": 4.0, "mode": "test", "epoch": 22}
{"loss": 0.14676275849342346, "acc": 0.9462745189666748, "length": 3.99575138092041, "mode": "train", "epoch": 23}
{"loss": 0.17291592061519623, "acc": 0.9322524070739746, "length": 4.0, "mode": "test", "epoch": 23}
{"loss": 0.1411774754524231, "acc": 0.9475623369216919, "length": 3.9953525066375732, "mode": "train", "epoch": 24}
{"loss": 0.15381668508052826, "acc": 0.9412969946861267, "length": 4.0, "mode": "test", "epoch": 24}
{"loss": 0.11868719011545181, "acc": 0.9584273099899292, "length": 3.9961912631988525, "mode": "train", "epoch": 25}
{"loss": 0.15389157831668854, "acc": 0.9368601441383362, "length": 4.0, "mode": "test", "epoch": 25}
{"loss": 0.11622870713472366, "acc": 0.957343578338623, "length": 3.9962408542633057, "mode": "train", "epoch": 26}
{"loss": 0.1443815976381302, "acc": 0.9470988512039185, "length": 4.0, "mode": "test", "epoch": 26}
{"loss": 0.11133390665054321, "acc": 0.959692656993866, "length": 3.997588634490967, "mode": "train", "epoch": 27}
{"loss": 0.16452454030513763, "acc": 0.94112628698349, "length": 4.0, "mode": "test", "epoch": 27}
{"loss": 0.11528880894184113, "acc": 0.9529716372489929, "length": 3.9968764781951904, "mode": "train", "epoch": 28}
{"loss": 0.1471797674894333, "acc": 0.9438565969467163, "length": 4.0, "mode": "test", "epoch": 28}
{"loss": 0.1018994078040123, "acc": 0.9593758583068848, "length": 3.9980685710906982, "mode": "train", "epoch": 29}
{"loss": 0.1639840006828308, "acc": 0.9390784502029419, "length": 4.0, "mode": "test", "epoch": 29}
{"loss": 0.09927323460578918, "acc": 0.9604061841964722, "length": 3.99822735786438, "mode": "train", "epoch": 30}
{"loss": 0.14228637516498566, "acc": 0.9455630779266357, "length": 4.0, "mode": "test", "epoch": 30}
{"loss": 0.09566258639097214, "acc": 0.9609185457229614, "length": 3.9986135959625244, "mode": "train", "epoch": 31}
{"loss": 0.11677467077970505, "acc": 0.9566553235054016, "length": 4.0, "mode": "test", "epoch": 31}
{"loss": 0.08562558144330978, "acc": 0.9665664434432983, "length": 3.998838424682617, "mode": "train", "epoch": 32}
{"loss": 0.13489477336406708, "acc": 0.951877236366272, "length": 4.0, "mode": "test", "epoch": 32}
{"loss": 0.0752466544508934, "acc": 0.971969485282898, "length": 3.9984068870544434, "mode": "train", "epoch": 33}
{"loss": 0.13046422600746155, "acc": 0.959214985370636, "length": 4.0, "mode": "test", "epoch": 33}
{"loss": 0.07036375999450684, "acc": 0.9729452133178711, "length": 3.9983880519866943, "mode": "train", "epoch": 34}
{"loss": 0.10209900140762329, "acc": 0.9604095220565796, "length": 4.0, "mode": "test", "epoch": 34}
{"loss": 0.071329265832901, "acc": 0.9727163910865784, "length": 3.997892379760742, "mode": "train", "epoch": 35}
{"loss": 0.09870743006467819, "acc": 0.9617747068405151, "length": 4.0, "mode": "test", "epoch": 35}
{"loss": 0.06626352667808533, "acc": 0.9747768044471741, "length": 3.9990994930267334, "mode": "train", "epoch": 36}
{"loss": 0.10393736511468887, "acc": 0.9633105993270874, "length": 4.0, "mode": "test", "epoch": 36}
{"loss": 0.0636664479970932, "acc": 0.9754172563552856, "length": 3.999497890472412, "mode": "train", "epoch": 37}
{"loss": 0.10866443067789078, "acc": 0.9592151045799255, "length": 4.0, "mode": "test", "epoch": 37}
{"loss": 0.061206668615341187, "acc": 0.9735254049301147, "length": 3.9990057945251465, "mode": "train", "epoch": 38}
{"loss": 0.10011553019285202, "acc": 0.9655290842056274, "length": 4.0, "mode": "test", "epoch": 38}
{"loss": 0.056433726102113724, "acc": 0.9813756942749023, "length": 3.9985389709472656, "mode": "train", "epoch": 39}
{"loss": 0.07870806753635406, "acc": 0.9641638994216919, "length": 4.0, "mode": "test", "epoch": 39}
{"loss": 0.050064817070961, "acc": 0.9814593195915222, "length": 3.999415636062622, "mode": "train", "epoch": 40}
{"loss": 0.10781844705343246, "acc": 0.963822603225708, "length": 4.0, "mode": "test", "epoch": 40}
{"loss": 0.05219261348247528, "acc": 0.980607807636261, "length": 3.999591588973999, "mode": "train", "epoch": 41}
{"loss": 0.10104870796203613, "acc": 0.9622867107391357, "length": 4.0, "mode": "test", "epoch": 41}
{"loss": 0.04725106060504913, "acc": 0.9812267422676086, "length": 3.9991517066955566, "mode": "train", "epoch": 42}
{"loss": 0.09932652860879898, "acc": 0.966894268989563, "length": 4.0, "mode": "test", "epoch": 42}
{"loss": 0.041316814720630646, "acc": 0.9836304783821106, "length": 3.9996352195739746, "mode": "train", "epoch": 43}
{"loss": 0.11783025413751602, "acc": 0.9656997919082642, "length": 4.0, "mode": "test", "epoch": 43}
{"loss": 0.04866952449083328, "acc": 0.9850953221321106, "length": 3.9991211891174316, "mode": "train", "epoch": 44}
{"loss": 0.10181669145822525, "acc": 0.9646756649017334, "length": 4.0, "mode": "test", "epoch": 44}
{"loss": 0.04739232733845711, "acc": 0.9828851222991943, "length": 3.9996631145477295, "mode": "train", "epoch": 45}
{"loss": 0.12540887296199799, "acc": 0.965870201587677, "length": 4.0, "mode": "test", "epoch": 45}
{"loss": 0.04571165144443512, "acc": 0.9824294447898865, "length": 3.9995641708374023, "mode": "train", "epoch": 46}
{"loss": 0.10313885658979416, "acc": 0.9680887460708618, "length": 4.0, "mode": "test", "epoch": 46}
{"loss": 0.044719673693180084, "acc": 0.9818663001060486, "length": 3.9998044967651367, "mode": "train", "epoch": 47}
{"loss": 0.11919348686933517, "acc": 0.9633105993270874, "length": 4.0, "mode": "test", "epoch": 47}
{"loss": 0.03783741220831871, "acc": 0.9841479659080505, "length": 3.9998421669006348, "mode": "train", "epoch": 48}
{"loss": 0.12290876358747482, "acc": 0.9656996130943298, "length": 4.0, "mode": "test", "epoch": 48}
{"loss": 0.03507685288786888, "acc": 0.9856261610984802, "length": 3.9997425079345703, "mode": "train", "epoch": 49}
{"loss": 0.08307559788227081, "acc": 0.9738907814025879, "length": 4.0, "mode": "test", "epoch": 49}
{"loss": 0.03722400963306427, "acc": 0.9868825078010559, "length": 3.9997751712799072, "mode": "train", "epoch": 50}
{"loss": 0.06956895440816879, "acc": 0.9778156876564026, "length": 4.0, "mode": "test", "epoch": 50}
{"loss": 0.03215009719133377, "acc": 0.9878416061401367, "length": 3.998953104019165, "mode": "train", "epoch": 51}
{"loss": 0.0840068906545639, "acc": 0.9771331548690796, "length": 4.0, "mode": "test", "epoch": 51}
{"loss": 0.02790229022502899, "acc": 0.9879656434059143, "length": 3.999838352203369, "mode": "train", "epoch": 52}
{"loss": 0.0724690780043602, "acc": 0.9805460572242737, "length": 4.0, "mode": "test", "epoch": 52}
{"loss": 0.02562866173684597, "acc": 0.9889351725578308, "length": 3.999805212020874, "mode": "train", "epoch": 53}
{"loss": 0.07310214638710022, "acc": 0.9793514609336853, "length": 4.0, "mode": "test", "epoch": 53}
{"loss": 0.025335511192679405, "acc": 0.9909874200820923, "length": 3.999805450439453, "mode": "train", "epoch": 54}
{"loss": 0.08456125855445862, "acc": 0.9738909006118774, "length": 4.0, "mode": "test", "epoch": 54}
{"loss": 0.035081759095191956, "acc": 0.9853466153144836, "length": 3.9999334812164307, "mode": "train", "epoch": 55}
{"loss": 0.10489749908447266, "acc": 0.9718430042266846, "length": 4.0, "mode": "test", "epoch": 55}
{"loss": 0.03604542464017868, "acc": 0.9839754104614258, "length": 3.9997520446777344, "mode": "train", "epoch": 56}
{"loss": 0.09855344146490097, "acc": 0.971160352230072, "length": 4.0, "mode": "test", "epoch": 56}
{"loss": 0.029837118461728096, "acc": 0.9892224669456482, "length": 3.9998981952667236, "mode": "train", "epoch": 57}
{"loss": 0.10669765621423721, "acc": 0.9677475094795227, "length": 4.0, "mode": "test", "epoch": 57}
{"loss": 0.05205245316028595, "acc": 0.9826659560203552, "length": 3.999917984008789, "mode": "train", "epoch": 58}
{"loss": 0.17400848865509033, "acc": 0.9530717730522156, "length": 4.0, "mode": "test", "epoch": 58}
{"loss": 0.04227043688297272, "acc": 0.9852308630943298, "length": 3.999852418899536, "mode": "train", "epoch": 59}
{"loss": 0.13012555241584778, "acc": 0.9626281261444092, "length": 4.0, "mode": "test", "epoch": 59}
{"loss": 0.05015929788351059, "acc": 0.9816945195198059, "length": 3.9997634887695312, "mode": "train", "epoch": 60}
{"loss": 0.17272190749645233, "acc": 0.9587031602859497, "length": 4.0, "mode": "test", "epoch": 60}
test accuracy: 0.8003702759742737
