# ["--attributes=3", "--values=16", "--game_size=10", "--vocab_size_factor=3", "--n_epochs=60", "--batch_size=64", "--learning_rate=0.001", "--hidden_size=256", "--temp_update=0.99", "--temperature=2"]
Creating train_ds and val_ds...

Creating test_ds...
{"loss": 0.7059213519096375, "acc": 0.5152255296707153, "length": 2.635578155517578, "mode": "train", "epoch": 1}
{"loss": 0.6923791170120239, "acc": 0.5243816375732422, "length": 1.0, "mode": "test", "epoch": 1}
{"loss": 0.6962769627571106, "acc": 0.5227929949760437, "length": 1.0677552223205566, "mode": "train", "epoch": 2}
{"loss": 0.6918097734451294, "acc": 0.546819806098938, "length": 1.0, "mode": "test", "epoch": 2}
{"loss": 0.6615764498710632, "acc": 0.6026461720466614, "length": 1.8438408374786377, "mode": "train", "epoch": 3}
{"loss": 0.5921916961669922, "acc": 0.7164896130561829, "length": 2.3286218643188477, "mode": "test", "epoch": 3}
{"loss": 0.5458034873008728, "acc": 0.7384428381919861, "length": 2.495302200317383, "mode": "train", "epoch": 4}
{"loss": 0.5152871608734131, "acc": 0.7722833156585693, "length": 2.4416961669921875, "mode": "test", "epoch": 4}
{"loss": 0.47413337230682373, "acc": 0.7849969267845154, "length": 2.5697474479675293, "mode": "train", "epoch": 5}
{"loss": 0.5053185820579529, "acc": 0.77443528175354, "length": 2.5017666816711426, "mode": "test", "epoch": 5}
{"loss": 0.44433730840682983, "acc": 0.7989405393600464, "length": 2.5337741374969482, "mode": "train", "epoch": 6}
{"loss": 0.48103728890419006, "acc": 0.7801549434661865, "length": 2.583038806915283, "mode": "test", "epoch": 6}
{"loss": 0.41703492403030396, "acc": 0.8167269825935364, "length": 2.619310140609741, "mode": "train", "epoch": 7}
{"loss": 0.46200665831565857, "acc": 0.7996689081192017, "length": 2.5865724086761475, "mode": "test", "epoch": 7}
{"loss": 0.3738119900226593, "acc": 0.8393152356147766, "length": 2.74704647064209, "mode": "train", "epoch": 8}
{"loss": 0.4533010423183441, "acc": 0.8195775747299194, "length": 2.6607773303985596, "mode": "test", "epoch": 8}
{"loss": 0.36508238315582275, "acc": 0.8498866558074951, "length": 2.7454988956451416, "mode": "train", "epoch": 9}
{"loss": 0.45073753595352173, "acc": 0.8113278150558472, "length": 2.681978702545166, "mode": "test", "epoch": 9}
{"loss": 0.3416072726249695, "acc": 0.8563360571861267, "length": 2.7607038021087646, "mode": "train", "epoch": 10}
{"loss": 0.4520668685436249, "acc": 0.8112481832504272, "length": 2.8197879791259766, "mode": "test", "epoch": 10}
{"loss": 0.32072073221206665, "acc": 0.8630502223968506, "length": 2.858184576034546, "mode": "train", "epoch": 11}
{"loss": 0.4312419891357422, "acc": 0.8282610177993774, "length": 2.8763251304626465, "mode": "test", "epoch": 11}
{"loss": 0.3088442385196686, "acc": 0.872407853603363, "length": 2.918092727661133, "mode": "train", "epoch": 12}
{"loss": 0.4049977958202362, "acc": 0.8344420194625854, "length": 2.766784429550171, "mode": "test", "epoch": 12}
{"loss": 0.2816658616065979, "acc": 0.8874053359031677, "length": 2.9333441257476807, "mode": "train", "epoch": 13}
{"loss": 0.4022994935512543, "acc": 0.8436534404754639, "length": 3.098939895629883, "mode": "test", "epoch": 13}
{"loss": 0.27182701230049133, "acc": 0.8931413292884827, "length": 3.060030937194824, "mode": "train", "epoch": 14}
{"loss": 0.412174791097641, "acc": 0.8463861346244812, "length": 3.031802177429199, "mode": "test", "epoch": 14}
{"loss": 0.2600726783275604, "acc": 0.8973341584205627, "length": 3.093151569366455, "mode": "train", "epoch": 15}
{"loss": 0.34963783621788025, "acc": 0.8606758713722229, "length": 3.042402744293213, "mode": "test", "epoch": 15}
{"loss": 0.24572980403900146, "acc": 0.9048259258270264, "length": 3.2667922973632812, "mode": "train", "epoch": 16}
{"loss": 0.36986038088798523, "acc": 0.8640598058700562, "length": 3.318021297454834, "mode": "test", "epoch": 16}
{"loss": 0.2394919991493225, "acc": 0.906053364276886, "length": 3.384244203567505, "mode": "train", "epoch": 17}
{"loss": 0.36445093154907227, "acc": 0.8631754517555237, "length": 3.378091812133789, "mode": "test", "epoch": 17}
{"loss": 0.21999505162239075, "acc": 0.9122092723846436, "length": 3.4393675327301025, "mode": "train", "epoch": 18}
{"loss": 0.359685480594635, "acc": 0.8684649467468262, "length": 3.466431140899658, "mode": "test", "epoch": 18}
{"loss": 0.20738442242145538, "acc": 0.9221039414405823, "length": 3.5216336250305176, "mode": "train", "epoch": 19}
{"loss": 0.31979212164878845, "acc": 0.8786709308624268, "length": 3.7067136764526367, "mode": "test", "epoch": 19}
{"loss": 0.19674259424209595, "acc": 0.9249809384346008, "length": 3.6736130714416504, "mode": "train", "epoch": 20}
{"loss": 0.30328625440597534, "acc": 0.8862135410308838, "length": 3.795053005218506, "mode": "test", "epoch": 20}
{"loss": 0.1932918131351471, "acc": 0.923843264579773, "length": 3.713686466217041, "mode": "train", "epoch": 21}
{"loss": 0.2846815288066864, "acc": 0.8863255381584167, "length": 3.8303887844085693, "mode": "test", "epoch": 21}
{"loss": 0.1798185259103775, "acc": 0.9284696578979492, "length": 3.7679660320281982, "mode": "train", "epoch": 22}
{"loss": 0.2769347131252289, "acc": 0.8967145085334778, "length": 3.8374557495117188, "mode": "test", "epoch": 22}
{"loss": 0.16949960589408875, "acc": 0.9314614534378052, "length": 3.803820848464966, "mode": "train", "epoch": 23}
{"loss": 0.25170204043388367, "acc": 0.898097038269043, "length": 3.8621907234191895, "mode": "test", "epoch": 23}
{"loss": 0.17670074105262756, "acc": 0.9354920983314514, "length": 3.787031888961792, "mode": "train", "epoch": 24}
{"loss": 0.2504461407661438, "acc": 0.8982535600662231, "length": 3.8763251304626465, "mode": "test", "epoch": 24}
{"loss": 0.15724751353263855, "acc": 0.938210666179657, "length": 3.7857766151428223, "mode": "train", "epoch": 25}
{"loss": 0.23889146745204926, "acc": 0.8956143260002136, "length": 3.8374557495117188, "mode": "test", "epoch": 25}
{"loss": 0.15591762959957123, "acc": 0.9392252564430237, "length": 3.796383857727051, "mode": "train", "epoch": 26}
{"loss": 0.26129794120788574, "acc": 0.8966132998466492, "length": 3.883392333984375, "mode": "test", "epoch": 26}
{"loss": 0.14827468991279602, "acc": 0.9388375282287598, "length": 3.801891565322876, "mode": "train", "epoch": 27}
{"loss": 0.25278231501579285, "acc": 0.9025086164474487, "length": 3.7173144817352295, "mode": "test", "epoch": 27}
{"loss": 0.14662772417068481, "acc": 0.9384910464286804, "length": 3.7804017066955566, "mode": "train", "epoch": 28}
{"loss": 0.24054932594299316, "acc": 0.9046558737754822, "length": 3.752650260925293, "mode": "test", "epoch": 28}
{"loss": 0.14008495211601257, "acc": 0.9426528811454773, "length": 3.758237600326538, "mode": "train", "epoch": 29}
{"loss": 0.2263679951429367, "acc": 0.9094959497451782, "length": 3.692579507827759, "mode": "test", "epoch": 29}
{"loss": 0.1318327635526657, "acc": 0.9488248825073242, "length": 3.747939348220825, "mode": "train", "epoch": 30}
{"loss": 0.21538734436035156, "acc": 0.9241463541984558, "length": 3.664310932159424, "mode": "test", "epoch": 30}
{"loss": 0.12969578802585602, "acc": 0.9480460286140442, "length": 3.7561957836151123, "mode": "train", "epoch": 31}
{"loss": 0.20224307477474213, "acc": 0.923305094242096, "length": 3.7067136764526367, "mode": "test", "epoch": 31}
{"loss": 0.12268926948308945, "acc": 0.951300859451294, "length": 3.749185800552368, "mode": "train", "epoch": 32}
{"loss": 0.2126365751028061, "acc": 0.9250656366348267, "length": 3.7031803131103516, "mode": "test", "epoch": 32}
{"loss": 0.11856681853532791, "acc": 0.9537697434425354, "length": 3.7658889293670654, "mode": "train", "epoch": 33}
{"loss": 0.1876157969236374, "acc": 0.9379247426986694, "length": 3.6607773303985596, "mode": "test", "epoch": 33}
{"loss": 0.11497903615236282, "acc": 0.955949068069458, "length": 3.7529890537261963, "mode": "train", "epoch": 34}
{"loss": 0.1952369660139084, "acc": 0.9285758137702942, "length": 3.7491166591644287, "mode": "test", "epoch": 34}
{"loss": 0.11257229000329971, "acc": 0.9544222950935364, "length": 3.756772994995117, "mode": "train", "epoch": 35}
{"loss": 0.17455527186393738, "acc": 0.9404945969581604, "length": 3.650176763534546, "mode": "test", "epoch": 35}
{"loss": 0.11527993530035019, "acc": 0.9531114101409912, "length": 3.761981248855591, "mode": "train", "epoch": 36}
{"loss": 0.1882372498512268, "acc": 0.9370350241661072, "length": 3.6713781356811523, "mode": "test", "epoch": 36}
{"loss": 0.11222288012504578, "acc": 0.9542443752288818, "length": 3.7541708946228027, "mode": "train", "epoch": 37}
{"loss": 0.1900031417608261, "acc": 0.9349792003631592, "length": 3.7067136764526367, "mode": "test", "epoch": 37}
{"loss": 0.1115073412656784, "acc": 0.9554107785224915, "length": 3.762364149093628, "mode": "train", "epoch": 38}
{"loss": 0.16013674437999725, "acc": 0.9399480819702148, "length": 3.7491166591644287, "mode": "test", "epoch": 38}
{"loss": 0.10720504075288773, "acc": 0.9565557837486267, "length": 3.7678072452545166, "mode": "train", "epoch": 39}
{"loss": 0.17939279973506927, "acc": 0.9391943216323853, "length": 3.6431095600128174, "mode": "test", "epoch": 39}
{"loss": 0.10758806765079498, "acc": 0.9577146768569946, "length": 3.7369048595428467, "mode": "train", "epoch": 40}
{"loss": 0.17676760256290436, "acc": 0.9464507102966309, "length": 3.696113109588623, "mode": "test", "epoch": 40}
{"loss": 0.09851878136396408, "acc": 0.9613632559776306, "length": 3.7675557136535645, "mode": "train", "epoch": 41}
{"loss": 0.16918917000293732, "acc": 0.9391431212425232, "length": 3.7491166591644287, "mode": "test", "epoch": 41}
{"loss": 0.09999452531337738, "acc": 0.9584832787513733, "length": 3.778761386871338, "mode": "train", "epoch": 42}
{"loss": 0.15701612830162048, "acc": 0.9424141049385071, "length": 3.7455830574035645, "mode": "test", "epoch": 42}
{"loss": 0.10063671320676804, "acc": 0.959342896938324, "length": 3.7708940505981445, "mode": "train", "epoch": 43}
{"loss": 0.16740219295024872, "acc": 0.9456161856651306, "length": 3.7137808799743652, "mode": "test", "epoch": 43}
{"loss": 0.0965094044804573, "acc": 0.9624189138412476, "length": 3.804328441619873, "mode": "train", "epoch": 44}
{"loss": 0.15264880657196045, "acc": 0.9443447589874268, "length": 3.7561838626861572, "mode": "test", "epoch": 44}
{"loss": 0.08970789611339569, "acc": 0.9640467166900635, "length": 3.8121023178100586, "mode": "train", "epoch": 45}
{"loss": 0.1603020280599594, "acc": 0.9491897225379944, "length": 3.7738516330718994, "mode": "test", "epoch": 45}
{"loss": 0.09059737622737885, "acc": 0.9648081064224243, "length": 3.812065839767456, "mode": "train", "epoch": 46}
{"loss": 0.1403338760137558, "acc": 0.9485324025154114, "length": 3.8056538105010986, "mode": "test", "epoch": 46}
{"loss": 0.08519374579191208, "acc": 0.9652873277664185, "length": 3.8163301944732666, "mode": "train", "epoch": 47}
{"loss": 0.13950830698013306, "acc": 0.9498392343521118, "length": 3.8021202087402344, "mode": "test", "epoch": 47}
{"loss": 0.08521624654531479, "acc": 0.9656845331192017, "length": 3.8221330642700195, "mode": "train", "epoch": 48}
{"loss": 0.13517415523529053, "acc": 0.9521660208702087, "length": 3.79858660697937, "mode": "test", "epoch": 48}
{"loss": 0.07733418792486191, "acc": 0.9674729704856873, "length": 3.8346962928771973, "mode": "train", "epoch": 49}
{"loss": 0.12696073949337006, "acc": 0.9552381634712219, "length": 3.795053005218506, "mode": "test", "epoch": 49}
{"loss": 0.08495548367500305, "acc": 0.9660210609436035, "length": 3.833329677581787, "mode": "train", "epoch": 50}
{"loss": 0.17001426219940186, "acc": 0.9425818920135498, "length": 3.8056538105010986, "mode": "test", "epoch": 50}
{"loss": 0.0848105177283287, "acc": 0.9661668539047241, "length": 3.8400542736053467, "mode": "train", "epoch": 51}
{"loss": 0.17284166812896729, "acc": 0.94417804479599, "length": 3.7738516330718994, "mode": "test", "epoch": 51}
{"loss": 0.09159282594919205, "acc": 0.9653416275978088, "length": 3.837405204772949, "mode": "train", "epoch": 52}
{"loss": 0.14566092193126678, "acc": 0.9402368664741516, "length": 3.823321580886841, "mode": "test", "epoch": 52}
{"loss": 0.09899996966123581, "acc": 0.9634758830070496, "length": 3.8134970664978027, "mode": "train", "epoch": 53}
{"loss": 0.163164421916008, "acc": 0.9394195675849915, "length": 3.752650260925293, "mode": "test", "epoch": 53}
{"loss": 0.08302266895771027, "acc": 0.967136800289154, "length": 3.7986955642700195, "mode": "train", "epoch": 54}
{"loss": 0.16446815431118011, "acc": 0.944243848323822, "length": 3.795053005218506, "mode": "test", "epoch": 54}
{"loss": 0.08692987263202667, "acc": 0.9675302505493164, "length": 3.787006139755249, "mode": "train", "epoch": 55}
{"loss": 0.14962907135486603, "acc": 0.9482588768005371, "length": 3.7773852348327637, "mode": "test", "epoch": 55}
{"loss": 0.08386114984750748, "acc": 0.9696111679077148, "length": 3.7987594604492188, "mode": "train", "epoch": 56}
{"loss": 0.1240142360329628, "acc": 0.9567588567733765, "length": 3.7561838626861572, "mode": "test", "epoch": 56}
{"loss": 0.07057716697454453, "acc": 0.9770999550819397, "length": 3.8007290363311768, "mode": "train", "epoch": 57}
{"loss": 0.11161146312952042, "acc": 0.9633326530456543, "length": 3.784452199935913, "mode": "test", "epoch": 57}
{"loss": 0.05925609543919563, "acc": 0.9784998893737793, "length": 3.7844486236572266, "mode": "train", "epoch": 58}
{"loss": 0.10375481843948364, "acc": 0.9601080417633057, "length": 3.752650260925293, "mode": "test", "epoch": 58}
{"loss": 0.0461442656815052, "acc": 0.9842373728752136, "length": 3.8056063652038574, "mode": "train", "epoch": 59}
{"loss": 0.10304483026266098, "acc": 0.9687997102737427, "length": 3.780918836593628, "mode": "test", "epoch": 59}
{"loss": 0.042679790407419205, "acc": 0.9868327379226685, "length": 3.8387365341186523, "mode": "train", "epoch": 60}
{"loss": 0.09765341132879257, "acc": 0.9712105989456177, "length": 3.7879858016967773, "mode": "test", "epoch": 60}
test accuracy: 0.8878843188285828
