# ["--attributes=3", "--values=4", "--game_size=10", "--vocab_size_factor=3", "--n_epochs=60", "--batch_size=32", "--learning_rate=0.001", "--hidden_size=128", "--temp_update=0.97", "--temperature=1"]
Creating train_ds and val_ds...

Creating test_ds...
{"loss": 0.6936514377593994, "acc": 0.5397230982780457, "length": 3.102203369140625, "mode": "train", "epoch": 1}
{"loss": 0.6712036728858948, "acc": 0.5957673788070679, "length": 1.619217038154602, "mode": "test", "epoch": 1}
{"loss": 0.621707558631897, "acc": 0.672274112701416, "length": 2.6071341037750244, "mode": "train", "epoch": 2}
{"loss": 0.5993359684944153, "acc": 0.7164976000785828, "length": 2.565836191177368, "mode": "test", "epoch": 2}
{"loss": 0.5580712556838989, "acc": 0.726744532585144, "length": 2.9252045154571533, "mode": "train", "epoch": 3}
{"loss": 0.5561518669128418, "acc": 0.744034469127655, "length": 2.8505337238311768, "mode": "test", "epoch": 3}
{"loss": 0.5122673511505127, "acc": 0.7758652567863464, "length": 3.1368281841278076, "mode": "train", "epoch": 4}
{"loss": 0.5246914029121399, "acc": 0.7802749276161194, "length": 3.263345241546631, "mode": "test", "epoch": 4}
{"loss": 0.46275806427001953, "acc": 0.796958863735199, "length": 3.4563331604003906, "mode": "train", "epoch": 5}
{"loss": 0.4377877712249756, "acc": 0.8136343955993652, "length": 3.9786477088928223, "mode": "test", "epoch": 5}
{"loss": 0.413255512714386, "acc": 0.8149089813232422, "length": 3.865933418273926, "mode": "train", "epoch": 6}
{"loss": 0.41634446382522583, "acc": 0.8348755240440369, "length": 4.0, "mode": "test", "epoch": 6}
{"loss": 0.38673317432403564, "acc": 0.8350542783737183, "length": 3.9383883476257324, "mode": "train", "epoch": 7}
{"loss": 0.38806912302970886, "acc": 0.840213418006897, "length": 4.0, "mode": "test", "epoch": 7}
{"loss": 0.3531869947910309, "acc": 0.852321207523346, "length": 3.9687185287475586, "mode": "train", "epoch": 8}
{"loss": 0.38059374690055847, "acc": 0.8491104245185852, "length": 4.0, "mode": "test", "epoch": 8}
{"loss": 0.3371620774269104, "acc": 0.8564442992210388, "length": 3.9874045848846436, "mode": "train", "epoch": 9}
{"loss": 0.345859169960022, "acc": 0.8553380966186523, "length": 4.0, "mode": "test", "epoch": 9}
{"loss": 0.3153897523880005, "acc": 0.8631901741027832, "length": 3.986711025238037, "mode": "train", "epoch": 10}
{"loss": 0.35762158036231995, "acc": 0.8451958298683167, "length": 4.0, "mode": "test", "epoch": 10}
{"loss": 0.31146880984306335, "acc": 0.8665505051612854, "length": 3.989962339401245, "mode": "train", "epoch": 11}
{"loss": 0.3256014883518219, "acc": 0.8715302348136902, "length": 4.0, "mode": "test", "epoch": 11}
{"loss": 0.2979169189929962, "acc": 0.8738613724708557, "length": 3.9947214126586914, "mode": "train", "epoch": 12}
{"loss": 0.3208780884742737, "acc": 0.8658363223075867, "length": 4.0, "mode": "test", "epoch": 12}
{"loss": 0.28046920895576477, "acc": 0.8876840472221375, "length": 3.9919188022613525, "mode": "train", "epoch": 13}
{"loss": 0.2840491533279419, "acc": 0.8838077187538147, "length": 4.0, "mode": "test", "epoch": 13}
{"loss": 0.27559134364128113, "acc": 0.8857963681221008, "length": 3.9896695613861084, "mode": "train", "epoch": 14}
{"loss": 0.29314562678337097, "acc": 0.8766903281211853, "length": 4.0, "mode": "test", "epoch": 14}
{"loss": 0.27372199296951294, "acc": 0.8915238976478577, "length": 3.9970903396606445, "mode": "train", "epoch": 15}
{"loss": 0.26499316096305847, "acc": 0.8927047252655029, "length": 4.0, "mode": "test", "epoch": 15}
{"loss": 0.2536720335483551, "acc": 0.8987307548522949, "length": 3.996321678161621, "mode": "train", "epoch": 16}
{"loss": 0.27635300159454346, "acc": 0.8895018696784973, "length": 4.0, "mode": "test", "epoch": 16}
{"loss": 0.25115010142326355, "acc": 0.9005000591278076, "length": 3.995509624481201, "mode": "train", "epoch": 17}
{"loss": 0.25634512305259705, "acc": 0.8891460299491882, "length": 4.0, "mode": "test", "epoch": 17}
{"loss": 0.2289949208498001, "acc": 0.9125046730041504, "length": 3.994396448135376, "mode": "train", "epoch": 18}
{"loss": 0.25036710500717163, "acc": 0.8987544178962708, "length": 4.0, "mode": "test", "epoch": 18}
{"loss": 0.22361400723457336, "acc": 0.9094561338424683, "length": 3.9986371994018555, "mode": "train", "epoch": 19}
{"loss": 0.2269129753112793, "acc": 0.9131671786308289, "length": 4.0, "mode": "test", "epoch": 19}
{"loss": 0.2316364198923111, "acc": 0.9084879159927368, "length": 3.9976320266723633, "mode": "train", "epoch": 20}
{"loss": 0.23945432901382446, "acc": 0.9065836668014526, "length": 4.0, "mode": "test", "epoch": 20}
{"loss": 0.2254045456647873, "acc": 0.9111553430557251, "length": 3.9975204467773438, "mode": "train", "epoch": 21}
{"loss": 0.23734524846076965, "acc": 0.9044485688209534, "length": 4.0, "mode": "test", "epoch": 21}
{"loss": 0.2141416221857071, "acc": 0.9171187877655029, "length": 3.995293617248535, "mode": "train", "epoch": 22}
{"loss": 0.217111274600029, "acc": 0.9149466156959534, "length": 4.0, "mode": "test", "epoch": 22}
{"loss": 0.19986677169799805, "acc": 0.9246235489845276, "length": 3.9978089332580566, "mode": "train", "epoch": 23}
{"loss": 0.2069251537322998, "acc": 0.9172598123550415, "length": 4.0, "mode": "test", "epoch": 23}
{"loss": 0.20402643084526062, "acc": 0.9195704460144043, "length": 3.9983043670654297, "mode": "train", "epoch": 24}
{"loss": 0.24192145466804504, "acc": 0.9033808708190918, "length": 4.0, "mode": "test", "epoch": 24}
{"loss": 0.20304252207279205, "acc": 0.9232856631278992, "length": 3.99950909614563, "mode": "train", "epoch": 25}
{"loss": 0.21996019780635834, "acc": 0.917081892490387, "length": 4.0, "mode": "test", "epoch": 25}
{"loss": 0.18732452392578125, "acc": 0.9284053444862366, "length": 3.9974091053009033, "mode": "train", "epoch": 26}
{"loss": 0.2057589590549469, "acc": 0.9272243976593018, "length": 4.0, "mode": "test", "epoch": 26}
{"loss": 0.19478456676006317, "acc": 0.9266344308853149, "length": 3.995758295059204, "mode": "train", "epoch": 27}
{"loss": 0.20550641417503357, "acc": 0.9213523864746094, "length": 4.0, "mode": "test", "epoch": 27}
{"loss": 0.19003702700138092, "acc": 0.9265025854110718, "length": 3.997924566268921, "mode": "train", "epoch": 28}
{"loss": 0.21895481646060944, "acc": 0.9208183884620667, "length": 4.0, "mode": "test", "epoch": 28}
{"loss": 0.1814488172531128, "acc": 0.9325851202011108, "length": 3.9974241256713867, "mode": "train", "epoch": 29}
{"loss": 0.20280857384204865, "acc": 0.9250888228416443, "length": 4.0, "mode": "test", "epoch": 29}
{"loss": 0.18489734828472137, "acc": 0.932150661945343, "length": 3.9990851879119873, "mode": "train", "epoch": 30}
{"loss": 0.20949873328208923, "acc": 0.9258006811141968, "length": 4.0, "mode": "test", "epoch": 30}
{"loss": 0.19293461740016937, "acc": 0.9289899468421936, "length": 3.9985342025756836, "mode": "train", "epoch": 31}
{"loss": 0.2424977868795395, "acc": 0.9183273315429688, "length": 4.0, "mode": "test", "epoch": 31}
{"loss": 0.21649512648582458, "acc": 0.9195372462272644, "length": 3.9997048377990723, "mode": "train", "epoch": 32}
{"loss": 0.2654440701007843, "acc": 0.892170786857605, "length": 4.0, "mode": "test", "epoch": 32}
{"loss": 0.25715985894203186, "acc": 0.9060693383216858, "length": 3.9996604919433594, "mode": "train", "epoch": 33}
{"loss": 0.24277468025684357, "acc": 0.9048044085502625, "length": 4.0, "mode": "test", "epoch": 33}
{"loss": 0.20626533031463623, "acc": 0.9159955978393555, "length": 3.995112180709839, "mode": "train", "epoch": 34}
{"loss": 0.2092752754688263, "acc": 0.917259693145752, "length": 4.0, "mode": "test", "epoch": 34}
{"loss": 0.1917625218629837, "acc": 0.9260873794555664, "length": 3.9970932006835938, "mode": "train", "epoch": 35}
{"loss": 0.18825654685497284, "acc": 0.9302490949630737, "length": 4.0, "mode": "test", "epoch": 35}
{"loss": 0.17105646431446075, "acc": 0.9333572387695312, "length": 3.9993736743927, "mode": "train", "epoch": 36}
{"loss": 0.18276585638523102, "acc": 0.9307830929756165, "length": 4.0, "mode": "test", "epoch": 36}
{"loss": 0.20165897905826569, "acc": 0.9202343821525574, "length": 3.997206211090088, "mode": "train", "epoch": 37}
{"loss": 0.20104803144931793, "acc": 0.9263343811035156, "length": 4.0, "mode": "test", "epoch": 37}
{"loss": 0.17973481118679047, "acc": 0.9304136633872986, "length": 3.9982926845550537, "mode": "train", "epoch": 38}
{"loss": 0.19451360404491425, "acc": 0.9288256168365479, "length": 4.0, "mode": "test", "epoch": 38}
{"loss": 0.16950997710227966, "acc": 0.9358748197555542, "length": 3.999889373779297, "mode": "train", "epoch": 39}
{"loss": 0.17986543476581573, "acc": 0.9341636896133423, "length": 4.0, "mode": "test", "epoch": 39}
{"loss": 0.1619388610124588, "acc": 0.9390172958374023, "length": 3.998664140701294, "mode": "train", "epoch": 40}
{"loss": 0.17762155830860138, "acc": 0.9318505525588989, "length": 4.0, "mode": "test", "epoch": 40}
{"loss": 0.1659102737903595, "acc": 0.9386718273162842, "length": 3.9996893405914307, "mode": "train", "epoch": 41}
{"loss": 0.1717095971107483, "acc": 0.9355872869491577, "length": 4.0, "mode": "test", "epoch": 41}
{"loss": 0.15673144161701202, "acc": 0.9400045275688171, "length": 3.9970991611480713, "mode": "train", "epoch": 42}
{"loss": 0.16918818652629852, "acc": 0.9382562041282654, "length": 4.0, "mode": "test", "epoch": 42}
{"loss": 0.15833254158496857, "acc": 0.9393208026885986, "length": 3.999418020248413, "mode": "train", "epoch": 43}
{"loss": 0.170590341091156, "acc": 0.9343416094779968, "length": 4.0, "mode": "test", "epoch": 43}
{"loss": 0.15824469923973083, "acc": 0.9402849674224854, "length": 3.999912738800049, "mode": "train", "epoch": 44}
{"loss": 0.18006634712219238, "acc": 0.9345197081565857, "length": 4.0, "mode": "test", "epoch": 44}
{"loss": 0.16016027331352234, "acc": 0.9384954571723938, "length": 3.9998245239257812, "mode": "train", "epoch": 45}
{"loss": 0.1621226817369461, "acc": 0.9343417286872864, "length": 4.0, "mode": "test", "epoch": 45}
{"loss": 0.16612350940704346, "acc": 0.9371210336685181, "length": 3.999370813369751, "mode": "train", "epoch": 46}
{"loss": 0.17727598547935486, "acc": 0.9291816353797913, "length": 4.0, "mode": "test", "epoch": 46}
{"loss": 0.1614268571138382, "acc": 0.9358078241348267, "length": 3.9981160163879395, "mode": "train", "epoch": 47}
{"loss": 0.16823184490203857, "acc": 0.9405692219734192, "length": 4.0, "mode": "test", "epoch": 47}
{"loss": 0.15243804454803467, "acc": 0.9417595863342285, "length": 3.9988834857940674, "mode": "train", "epoch": 48}
{"loss": 0.15367047488689423, "acc": 0.9443060755729675, "length": 4.0, "mode": "test", "epoch": 48}
{"loss": 0.15486231446266174, "acc": 0.9369268417358398, "length": 3.9991493225097656, "mode": "train", "epoch": 49}
{"loss": 0.197190523147583, "acc": 0.9286478161811829, "length": 4.0, "mode": "test", "epoch": 49}
{"loss": 0.16971740126609802, "acc": 0.9327075481414795, "length": 3.9997167587280273, "mode": "train", "epoch": 50}
{"loss": 0.19273526966571808, "acc": 0.9297152757644653, "length": 4.0, "mode": "test", "epoch": 50}
{"loss": 0.15920813381671906, "acc": 0.9368826746940613, "length": 3.9998533725738525, "mode": "train", "epoch": 51}
{"loss": 0.24804149568080902, "acc": 0.9177935719490051, "length": 4.0, "mode": "test", "epoch": 51}
{"loss": 0.19281812012195587, "acc": 0.9247747659683228, "length": 3.9993231296539307, "mode": "train", "epoch": 52}
{"loss": 0.24108250439167023, "acc": 0.9140569567680359, "length": 4.0, "mode": "test", "epoch": 52}
{"loss": 0.1975739300251007, "acc": 0.9291946887969971, "length": 3.9998385906219482, "mode": "train", "epoch": 53}
{"loss": 0.1840272694826126, "acc": 0.9290034174919128, "length": 4.0, "mode": "test", "epoch": 53}
{"loss": 0.1510733813047409, "acc": 0.9390902519226074, "length": 3.999858856201172, "mode": "train", "epoch": 54}
{"loss": 0.18269355595111847, "acc": 0.9286478161811829, "length": 4.0, "mode": "test", "epoch": 54}
{"loss": 0.14315161108970642, "acc": 0.9464810490608215, "length": 3.999473810195923, "mode": "train", "epoch": 55}
{"loss": 0.1648135781288147, "acc": 0.9407473802566528, "length": 4.0, "mode": "test", "epoch": 55}
{"loss": 0.1609988510608673, "acc": 0.9389698505401611, "length": 3.99977445602417, "mode": "train", "epoch": 56}
{"loss": 0.21238258481025696, "acc": 0.9165480136871338, "length": 4.0, "mode": "test", "epoch": 56}
{"loss": 0.17112332582473755, "acc": 0.9377909898757935, "length": 3.9980783462524414, "mode": "train", "epoch": 57}
{"loss": 0.16607001423835754, "acc": 0.9375444054603577, "length": 4.0, "mode": "test", "epoch": 57}
{"loss": 0.14661383628845215, "acc": 0.9421135783195496, "length": 3.9976420402526855, "mode": "train", "epoch": 58}
{"loss": 0.17033670842647552, "acc": 0.9343416094779968, "length": 4.0, "mode": "test", "epoch": 58}
{"loss": 0.1266132891178131, "acc": 0.9468345046043396, "length": 3.999859094619751, "mode": "train", "epoch": 59}
{"loss": 0.1713956594467163, "acc": 0.9327402114868164, "length": 4.0, "mode": "test", "epoch": 59}
{"loss": 0.1264934241771698, "acc": 0.9493999481201172, "length": 3.9998362064361572, "mode": "train", "epoch": 60}
{"loss": 0.1484047919511795, "acc": 0.9455515146255493, "length": 4.0, "mode": "test", "epoch": 60}
test accuracy: 0.8542186617851257
