# ["--attributes=3", "--values=16", "--game_size=10", "--vocab_size_factor=3", "--n_epochs=60", "--batch_size=128", "--learning_rate=0.0005", "--hidden_size=128", "--temp_update=0.97", "--temperature=1"]
Creating train_ds and val_ds...

Creating test_ds...
{"loss": 0.6923588514328003, "acc": 0.5288763046264648, "length": 3.5421302318573, "mode": "train", "epoch": 1}
{"loss": 0.6869667768478394, "acc": 0.558160126209259, "length": 1.7867132425308228, "mode": "test", "epoch": 1}
{"loss": 0.6905377507209778, "acc": 0.532559871673584, "length": 3.5179927349090576, "mode": "train", "epoch": 2}
{"loss": 0.6871435642242432, "acc": 0.5631060004234314, "length": 1.811188817024231, "mode": "test", "epoch": 2}
{"loss": 0.689771831035614, "acc": 0.5318715572357178, "length": 3.490208625793457, "mode": "train", "epoch": 3}
{"loss": 0.6804438829421997, "acc": 0.5701979994773865, "length": 2.416083812713623, "mode": "test", "epoch": 3}
{"loss": 0.6866747736930847, "acc": 0.538498044013977, "length": 3.439116954803467, "mode": "train", "epoch": 4}
{"loss": 0.663356602191925, "acc": 0.6311724185943604, "length": 3.4125874042510986, "mode": "test", "epoch": 4}
{"loss": 0.6798537373542786, "acc": 0.5703994631767273, "length": 3.454542875289917, "mode": "train", "epoch": 5}
{"loss": 0.6490048766136169, "acc": 0.6587509512901306, "length": 3.8356642723083496, "mode": "test", "epoch": 5}
{"loss": 0.6602654457092285, "acc": 0.6363797187805176, "length": 3.549607515335083, "mode": "train", "epoch": 6}
{"loss": 0.6329449415206909, "acc": 0.6944056749343872, "length": 4.0, "mode": "test", "epoch": 6}
{"loss": 0.6294530034065247, "acc": 0.6951122283935547, "length": 3.7441680431365967, "mode": "train", "epoch": 7}
{"loss": 0.5904169678688049, "acc": 0.7181817889213562, "length": 4.0, "mode": "test", "epoch": 7}
{"loss": 0.5919675827026367, "acc": 0.7020878791809082, "length": 3.863818883895874, "mode": "train", "epoch": 8}
{"loss": 0.5617419481277466, "acc": 0.715035080909729, "length": 4.0, "mode": "test", "epoch": 8}
{"loss": 0.5660144090652466, "acc": 0.704846203327179, "length": 3.9359290599823, "mode": "train", "epoch": 9}
{"loss": 0.5437394380569458, "acc": 0.7129371762275696, "length": 4.0, "mode": "test", "epoch": 9}
{"loss": 0.5552487969398499, "acc": 0.7103592157363892, "length": 3.959616184234619, "mode": "train", "epoch": 10}
{"loss": 0.5178362727165222, "acc": 0.7582168579101562, "length": 4.0, "mode": "test", "epoch": 10}
{"loss": 0.5383891463279724, "acc": 0.7459208369255066, "length": 3.980015277862549, "mode": "train", "epoch": 11}
{"loss": 0.5063449740409851, "acc": 0.7671328783035278, "length": 4.0, "mode": "test", "epoch": 11}
{"loss": 0.5182874202728271, "acc": 0.7678945660591125, "length": 3.981688976287842, "mode": "train", "epoch": 12}
{"loss": 0.4863748252391815, "acc": 0.7795454263687134, "length": 4.0, "mode": "test", "epoch": 12}
{"loss": 0.5020026564598083, "acc": 0.7770383358001709, "length": 3.9831225872039795, "mode": "train", "epoch": 13}
{"loss": 0.475769966840744, "acc": 0.780419647693634, "length": 4.0, "mode": "test", "epoch": 13}
{"loss": 0.4865194261074066, "acc": 0.7755414843559265, "length": 3.981293201446533, "mode": "train", "epoch": 14}
{"loss": 0.4659388065338135, "acc": 0.7802447080612183, "length": 4.0, "mode": "test", "epoch": 14}
{"loss": 0.47536057233810425, "acc": 0.7839484810829163, "length": 3.989586591720581, "mode": "train", "epoch": 15}
{"loss": 0.45479029417037964, "acc": 0.7961537837982178, "length": 4.0, "mode": "test", "epoch": 15}
{"loss": 0.4692712724208832, "acc": 0.7901280522346497, "length": 3.986616611480713, "mode": "train", "epoch": 16}
{"loss": 0.4505688548088074, "acc": 0.8005244731903076, "length": 4.0, "mode": "test", "epoch": 16}
{"loss": 0.45923250913619995, "acc": 0.7918514609336853, "length": 3.9851419925689697, "mode": "train", "epoch": 17}
{"loss": 0.4402678906917572, "acc": 0.8089160919189453, "length": 4.0, "mode": "test", "epoch": 17}
{"loss": 0.450522780418396, "acc": 0.7971689105033875, "length": 3.984013557434082, "mode": "train", "epoch": 18}
{"loss": 0.43211135268211365, "acc": 0.8124126195907593, "length": 4.0, "mode": "test", "epoch": 18}
{"loss": 0.43282759189605713, "acc": 0.8121615648269653, "length": 3.980043411254883, "mode": "train", "epoch": 19}
{"loss": 0.4218176007270813, "acc": 0.8164334297180176, "length": 4.0, "mode": "test", "epoch": 19}
{"loss": 0.42565539479255676, "acc": 0.8150951862335205, "length": 3.988978147506714, "mode": "train", "epoch": 20}
{"loss": 0.40832942724227905, "acc": 0.8185315132141113, "length": 4.0, "mode": "test", "epoch": 20}
{"loss": 0.41479721665382385, "acc": 0.8163272738456726, "length": 3.9883790016174316, "mode": "train", "epoch": 21}
{"loss": 0.39791083335876465, "acc": 0.8244757056236267, "length": 4.0, "mode": "test", "epoch": 21}
{"loss": 0.3947576582431793, "acc": 0.8275704383850098, "length": 3.9843127727508545, "mode": "train", "epoch": 22}
{"loss": 0.38556140661239624, "acc": 0.8277972340583801, "length": 4.0, "mode": "test", "epoch": 22}
{"loss": 0.3857477903366089, "acc": 0.8299349546432495, "length": 3.9921133518218994, "mode": "train", "epoch": 23}
{"loss": 0.3712770938873291, "acc": 0.8363635540008545, "length": 4.0, "mode": "test", "epoch": 23}
{"loss": 0.3789807856082916, "acc": 0.8299570679664612, "length": 3.979857921600342, "mode": "train", "epoch": 24}
{"loss": 0.35716530680656433, "acc": 0.8400349020957947, "length": 4.0, "mode": "test", "epoch": 24}
{"loss": 0.367696613073349, "acc": 0.8329201936721802, "length": 3.9940686225891113, "mode": "train", "epoch": 25}
{"loss": 0.3502446413040161, "acc": 0.8461538553237915, "length": 4.0, "mode": "test", "epoch": 25}
{"loss": 0.3589078187942505, "acc": 0.8420546650886536, "length": 3.995612144470215, "mode": "train", "epoch": 26}
{"loss": 0.3413735628128052, "acc": 0.8517481088638306, "length": 4.0, "mode": "test", "epoch": 26}
{"loss": 0.3525446057319641, "acc": 0.8399890661239624, "length": 3.9931793212890625, "mode": "train", "epoch": 27}
{"loss": 0.33811554312705994, "acc": 0.8515734076499939, "length": 4.0, "mode": "test", "epoch": 27}
{"loss": 0.3465186357498169, "acc": 0.8399407267570496, "length": 3.9933924674987793, "mode": "train", "epoch": 28}
{"loss": 0.331101655960083, "acc": 0.8568180203437805, "length": 4.0, "mode": "test", "epoch": 28}
{"loss": 0.3362812101840973, "acc": 0.8463992476463318, "length": 3.9958696365356445, "mode": "train", "epoch": 29}
{"loss": 0.3195551633834839, "acc": 0.8571678996086121, "length": 4.0, "mode": "test", "epoch": 29}
{"loss": 0.33076614141464233, "acc": 0.851438045501709, "length": 3.996919870376587, "mode": "train", "epoch": 30}
{"loss": 0.31734877824783325, "acc": 0.8566434383392334, "length": 4.0, "mode": "test", "epoch": 30}
{"loss": 0.3233304023742676, "acc": 0.8571292161941528, "length": 3.99877667427063, "mode": "train", "epoch": 31}
{"loss": 0.3086485266685486, "acc": 0.8573426604270935, "length": 4.0, "mode": "test", "epoch": 31}
{"loss": 0.3118526041507721, "acc": 0.8590149879455566, "length": 3.9950621128082275, "mode": "train", "epoch": 32}
{"loss": 0.30522897839546204, "acc": 0.8576923608779907, "length": 4.0, "mode": "test", "epoch": 32}
{"loss": 0.30711787939071655, "acc": 0.8667781352996826, "length": 3.998614549636841, "mode": "train", "epoch": 33}
{"loss": 0.297522634267807, "acc": 0.8627622127532959, "length": 4.0, "mode": "test", "epoch": 33}
{"loss": 0.3008776903152466, "acc": 0.8664464950561523, "length": 3.999305486679077, "mode": "train", "epoch": 34}
{"loss": 0.2924744486808777, "acc": 0.8680070042610168, "length": 4.0, "mode": "test", "epoch": 34}
{"loss": 0.29657742381095886, "acc": 0.8694106936454773, "length": 3.9981818199157715, "mode": "train", "epoch": 35}
{"loss": 0.2889214754104614, "acc": 0.8730767369270325, "length": 4.0, "mode": "test", "epoch": 35}
{"loss": 0.2893158793449402, "acc": 0.8740557432174683, "length": 3.9986512660980225, "mode": "train", "epoch": 36}
{"loss": 0.2861190736293793, "acc": 0.873251736164093, "length": 4.0, "mode": "test", "epoch": 36}
{"loss": 0.28322458267211914, "acc": 0.8791989088058472, "length": 3.993297815322876, "mode": "train", "epoch": 37}
{"loss": 0.2844182848930359, "acc": 0.8744754195213318, "length": 4.0, "mode": "test", "epoch": 37}
{"loss": 0.2864176332950592, "acc": 0.8747484683990479, "length": 3.998708724975586, "mode": "train", "epoch": 38}
{"loss": 0.27827179431915283, "acc": 0.8770977258682251, "length": 4.0, "mode": "test", "epoch": 38}
{"loss": 0.27556073665618896, "acc": 0.884474515914917, "length": 3.9949777126312256, "mode": "train", "epoch": 39}
{"loss": 0.26229965686798096, "acc": 0.8837413191795349, "length": 4.0, "mode": "test", "epoch": 39}
{"loss": 0.2733208239078522, "acc": 0.8841965794563293, "length": 3.998016119003296, "mode": "train", "epoch": 40}
{"loss": 0.26825451850891113, "acc": 0.8798950910568237, "length": 4.0, "mode": "test", "epoch": 40}
{"loss": 0.2660999894142151, "acc": 0.8851308226585388, "length": 3.9977078437805176, "mode": "train", "epoch": 41}
{"loss": 0.25918519496917725, "acc": 0.8854895234107971, "length": 4.0, "mode": "test", "epoch": 41}
{"loss": 0.26830923557281494, "acc": 0.8852956295013428, "length": 3.9996049404144287, "mode": "train", "epoch": 42}
{"loss": 0.255816787481308, "acc": 0.8840909600257874, "length": 4.0, "mode": "test", "epoch": 42}
{"loss": 0.2666667401790619, "acc": 0.8861992359161377, "length": 3.9975318908691406, "mode": "train", "epoch": 43}
{"loss": 0.25671088695526123, "acc": 0.8898599743843079, "length": 4.0, "mode": "test", "epoch": 43}
{"loss": 0.2624848783016205, "acc": 0.8874619007110596, "length": 3.999661445617676, "mode": "train", "epoch": 44}
{"loss": 0.25082337856292725, "acc": 0.8921329379081726, "length": 4.0, "mode": "test", "epoch": 44}
{"loss": 0.2611265182495117, "acc": 0.8886221051216125, "length": 3.999213933944702, "mode": "train", "epoch": 45}
{"loss": 0.25290605425834656, "acc": 0.8884614706039429, "length": 4.0, "mode": "test", "epoch": 45}
{"loss": 0.2594846189022064, "acc": 0.8917703628540039, "length": 3.9990360736846924, "mode": "train", "epoch": 46}
{"loss": 0.24821734428405762, "acc": 0.8889861702919006, "length": 4.0, "mode": "test", "epoch": 46}
{"loss": 0.25268036127090454, "acc": 0.8926520347595215, "length": 3.9983954429626465, "mode": "train", "epoch": 47}
{"loss": 0.24666592478752136, "acc": 0.8889859318733215, "length": 4.0, "mode": "test", "epoch": 47}
{"loss": 0.25814494490623474, "acc": 0.8882680535316467, "length": 3.9982337951660156, "mode": "train", "epoch": 48}
{"loss": 0.24935367703437805, "acc": 0.8886362314224243, "length": 4.0, "mode": "test", "epoch": 48}
{"loss": 0.2525485157966614, "acc": 0.8904362916946411, "length": 3.996072292327881, "mode": "train", "epoch": 49}
{"loss": 0.24681317806243896, "acc": 0.8923078179359436, "length": 4.0, "mode": "test", "epoch": 49}
{"loss": 0.2580685615539551, "acc": 0.8878198266029358, "length": 3.9999186992645264, "mode": "train", "epoch": 50}
{"loss": 0.24546965956687927, "acc": 0.882867157459259, "length": 4.0, "mode": "test", "epoch": 50}
{"loss": 0.24791523814201355, "acc": 0.8951258659362793, "length": 3.9992103576660156, "mode": "train", "epoch": 51}
{"loss": 0.25491422414779663, "acc": 0.8884613513946533, "length": 4.0, "mode": "test", "epoch": 51}
{"loss": 0.247838094830513, "acc": 0.8955487012863159, "length": 3.9999399185180664, "mode": "train", "epoch": 52}
{"loss": 0.2505294978618622, "acc": 0.8879371285438538, "length": 4.0, "mode": "test", "epoch": 52}
{"loss": 0.24909569323062897, "acc": 0.8945190906524658, "length": 3.99817156791687, "mode": "train", "epoch": 53}
{"loss": 0.23563092947006226, "acc": 0.9008740782737732, "length": 4.0, "mode": "test", "epoch": 53}
{"loss": 0.2478845715522766, "acc": 0.8923242092132568, "length": 3.999652862548828, "mode": "train", "epoch": 54}
{"loss": 0.23259982466697693, "acc": 0.8951048851013184, "length": 4.0, "mode": "test", "epoch": 54}
{"loss": 0.24061591923236847, "acc": 0.8978411555290222, "length": 3.998383045196533, "mode": "train", "epoch": 55}
{"loss": 0.23261474072933197, "acc": 0.8984264135360718, "length": 4.0, "mode": "test", "epoch": 55}
{"loss": 0.23709434270858765, "acc": 0.8982395529747009, "length": 3.9998202323913574, "mode": "train", "epoch": 56}
{"loss": 0.22977674007415771, "acc": 0.8980769515037537, "length": 4.0, "mode": "test", "epoch": 56}
{"loss": 0.23718824982643127, "acc": 0.896243155002594, "length": 3.997615098953247, "mode": "train", "epoch": 57}
{"loss": 0.22746889293193817, "acc": 0.8991259336471558, "length": 4.0, "mode": "test", "epoch": 57}
{"loss": 0.2372797280550003, "acc": 0.8947982788085938, "length": 3.9968879222869873, "mode": "train", "epoch": 58}
{"loss": 0.23111359775066376, "acc": 0.9012236595153809, "length": 4.0, "mode": "test", "epoch": 58}
{"loss": 0.23636409640312195, "acc": 0.8988240957260132, "length": 3.9998838901519775, "mode": "train", "epoch": 59}
{"loss": 0.23311367630958557, "acc": 0.9012237787246704, "length": 4.0, "mode": "test", "epoch": 59}
{"loss": 0.23429161310195923, "acc": 0.8985884189605713, "length": 3.999847173690796, "mode": "train", "epoch": 60}
{"loss": 0.23110660910606384, "acc": 0.8966782689094543, "length": 4.0, "mode": "test", "epoch": 60}
test accuracy: 0.8453332781791687
