# ["--attributes=3", "--values=16", "--game_size=10", "--vocab_size_factor=3", "--n_epochs=60", "--batch_size=128", "--learning_rate=0.0005", "--hidden_size=128", "--temp_update=0.97", "--temperature=1.5"]
Creating train_ds and val_ds...

Creating test_ds...
{"loss": 0.7022535800933838, "acc": 0.47897446155548096, "length": 3.5314996242523193, "mode": "train", "epoch": 1}
{"loss": 0.6932096481323242, "acc": 0.4837838113307953, "length": 1.0, "mode": "test", "epoch": 1}
{"loss": 0.6921555399894714, "acc": 0.528520405292511, "length": 3.4535892009735107, "mode": "train", "epoch": 2}
{"loss": 0.6935606002807617, "acc": 0.5266892313957214, "length": 1.0, "mode": "test", "epoch": 2}
{"loss": 0.6925111413002014, "acc": 0.5315371155738831, "length": 3.4215757846832275, "mode": "train", "epoch": 3}
{"loss": 0.6937991380691528, "acc": 0.5248311758041382, "length": 1.0, "mode": "test", "epoch": 3}
{"loss": 0.6896703243255615, "acc": 0.535910427570343, "length": 3.3491954803466797, "mode": "train", "epoch": 4}
{"loss": 0.6930990219116211, "acc": 0.5113175511360168, "length": 1.0, "mode": "test", "epoch": 4}
{"loss": 0.686764657497406, "acc": 0.5607503652572632, "length": 3.2258260250091553, "mode": "train", "epoch": 5}
{"loss": 0.6854800581932068, "acc": 0.5635050535202026, "length": 1.4358108043670654, "mode": "test", "epoch": 5}
{"loss": 0.6819621324539185, "acc": 0.5818530321121216, "length": 3.2412941455841064, "mode": "train", "epoch": 6}
{"loss": 0.6518416404724121, "acc": 0.6906469464302063, "length": 3.520270347595215, "mode": "test", "epoch": 6}
{"loss": 0.6675583124160767, "acc": 0.6516171097755432, "length": 3.361039876937866, "mode": "train", "epoch": 7}
{"loss": 0.6284232139587402, "acc": 0.7402910590171814, "length": 3.979729652404785, "mode": "test", "epoch": 7}
{"loss": 0.6377736926078796, "acc": 0.714233934879303, "length": 3.6251349449157715, "mode": "train", "epoch": 8}
{"loss": 0.5972843170166016, "acc": 0.7631757855415344, "length": 4.0, "mode": "test", "epoch": 8}
{"loss": 0.5913713574409485, "acc": 0.7659624814987183, "length": 3.828104257583618, "mode": "train", "epoch": 9}
{"loss": 0.5543400645256042, "acc": 0.7619932889938354, "length": 4.0, "mode": "test", "epoch": 9}
{"loss": 0.5350099205970764, "acc": 0.7874272465705872, "length": 3.9215164184570312, "mode": "train", "epoch": 10}
{"loss": 0.5156822204589844, "acc": 0.7650337219238281, "length": 4.0, "mode": "test", "epoch": 10}
{"loss": 0.48504430055618286, "acc": 0.7995898723602295, "length": 3.9610044956207275, "mode": "train", "epoch": 11}
{"loss": 0.4882533550262451, "acc": 0.7636825442314148, "length": 4.0, "mode": "test", "epoch": 11}
{"loss": 0.45530998706817627, "acc": 0.8022996783256531, "length": 3.9784038066864014, "mode": "train", "epoch": 12}
{"loss": 0.48774048686027527, "acc": 0.7640203237533569, "length": 4.0, "mode": "test", "epoch": 12}
{"loss": 0.43662482500076294, "acc": 0.8052132725715637, "length": 3.9813692569732666, "mode": "train", "epoch": 13}
{"loss": 0.4818803071975708, "acc": 0.7761823534965515, "length": 4.0, "mode": "test", "epoch": 13}
{"loss": 0.42254897952079773, "acc": 0.8110528588294983, "length": 3.9858696460723877, "mode": "train", "epoch": 14}
{"loss": 0.47330766916275024, "acc": 0.7996621131896973, "length": 4.0, "mode": "test", "epoch": 14}
{"loss": 0.4137187898159027, "acc": 0.8160548210144043, "length": 3.9858405590057373, "mode": "train", "epoch": 15}
{"loss": 0.4516807198524475, "acc": 0.7991555333137512, "length": 4.0, "mode": "test", "epoch": 15}
{"loss": 0.4039634168148041, "acc": 0.8251417279243469, "length": 3.9904873371124268, "mode": "train", "epoch": 16}
{"loss": 0.4628000855445862, "acc": 0.7898649573326111, "length": 4.0, "mode": "test", "epoch": 16}
{"loss": 0.39694470167160034, "acc": 0.8243274092674255, "length": 3.9901626110076904, "mode": "train", "epoch": 17}
{"loss": 0.4545865058898926, "acc": 0.7859797477722168, "length": 4.0, "mode": "test", "epoch": 17}
{"loss": 0.39302152395248413, "acc": 0.8232527375221252, "length": 3.9903461933135986, "mode": "train", "epoch": 18}
{"loss": 0.4501720368862152, "acc": 0.7967904806137085, "length": 4.0, "mode": "test", "epoch": 18}
{"loss": 0.39115604758262634, "acc": 0.8252454996109009, "length": 3.9915080070495605, "mode": "train", "epoch": 19}
{"loss": 0.452345609664917, "acc": 0.7925675511360168, "length": 4.0, "mode": "test", "epoch": 19}
{"loss": 0.38652002811431885, "acc": 0.8269522190093994, "length": 3.9918999671936035, "mode": "train", "epoch": 20}
{"loss": 0.4329492449760437, "acc": 0.7991554737091064, "length": 4.0, "mode": "test", "epoch": 20}
{"loss": 0.37702152132987976, "acc": 0.8335797786712646, "length": 3.993234872817993, "mode": "train", "epoch": 21}
{"loss": 0.42589494585990906, "acc": 0.8136823773384094, "length": 4.0, "mode": "test", "epoch": 21}
{"loss": 0.371719092130661, "acc": 0.8403911590576172, "length": 3.9962973594665527, "mode": "train", "epoch": 22}
{"loss": 0.42737042903900146, "acc": 0.8189190030097961, "length": 4.0, "mode": "test", "epoch": 22}
{"loss": 0.3625089228153229, "acc": 0.8411098122596741, "length": 3.9915339946746826, "mode": "train", "epoch": 23}
{"loss": 0.40775033831596375, "acc": 0.824155330657959, "length": 4.0, "mode": "test", "epoch": 23}
{"loss": 0.3541489243507385, "acc": 0.8427838683128357, "length": 3.995236873626709, "mode": "train", "epoch": 24}
{"loss": 0.4079614579677582, "acc": 0.8212836980819702, "length": 4.0, "mode": "test", "epoch": 24}
{"loss": 0.34699007868766785, "acc": 0.8482134938240051, "length": 3.995784044265747, "mode": "train", "epoch": 25}
{"loss": 0.39226990938186646, "acc": 0.8304054737091064, "length": 4.0, "mode": "test", "epoch": 25}
{"loss": 0.34135377407073975, "acc": 0.8513398170471191, "length": 3.998725652694702, "mode": "train", "epoch": 26}
{"loss": 0.3938935697078705, "acc": 0.8283783197402954, "length": 4.0, "mode": "test", "epoch": 26}
{"loss": 0.33465683460235596, "acc": 0.8532658219337463, "length": 3.9989054203033447, "mode": "train", "epoch": 27}
{"loss": 0.3831382393836975, "acc": 0.82618248462677, "length": 4.0, "mode": "test", "epoch": 27}
{"loss": 0.3294033706188202, "acc": 0.8566546440124512, "length": 3.9988317489624023, "mode": "train", "epoch": 28}
{"loss": 0.3800368905067444, "acc": 0.8354730606079102, "length": 4.0, "mode": "test", "epoch": 28}
{"loss": 0.3162294030189514, "acc": 0.8626706004142761, "length": 3.996311664581299, "mode": "train", "epoch": 29}
{"loss": 0.36738336086273193, "acc": 0.8483108282089233, "length": 4.0, "mode": "test", "epoch": 29}
{"loss": 0.3126963973045349, "acc": 0.8684870004653931, "length": 3.9994285106658936, "mode": "train", "epoch": 30}
{"loss": 0.35709306597709656, "acc": 0.8476351499557495, "length": 4.0, "mode": "test", "epoch": 30}
{"loss": 0.3104957640171051, "acc": 0.8679508566856384, "length": 3.997734308242798, "mode": "train", "epoch": 31}
{"loss": 0.3522012233734131, "acc": 0.8530405163764954, "length": 4.0, "mode": "test", "epoch": 31}
{"loss": 0.2993515133857727, "acc": 0.8767634630203247, "length": 3.998063564300537, "mode": "train", "epoch": 32}
{"loss": 0.3485683798789978, "acc": 0.8452703952789307, "length": 4.0, "mode": "test", "epoch": 32}
{"loss": 0.29228660464286804, "acc": 0.8853281736373901, "length": 3.99900221824646, "mode": "train", "epoch": 33}
{"loss": 0.33255285024642944, "acc": 0.8621621131896973, "length": 4.0, "mode": "test", "epoch": 33}
{"loss": 0.28774183988571167, "acc": 0.8869308829307556, "length": 3.995852470397949, "mode": "train", "epoch": 34}
{"loss": 0.3293755352497101, "acc": 0.8645271062850952, "length": 4.0, "mode": "test", "epoch": 34}
{"loss": 0.2888646125793457, "acc": 0.8871549963951111, "length": 3.999046564102173, "mode": "train", "epoch": 35}
{"loss": 0.31561651825904846, "acc": 0.8626688718795776, "length": 4.0, "mode": "test", "epoch": 35}
{"loss": 0.2829253673553467, "acc": 0.8852264285087585, "length": 3.9993622303009033, "mode": "train", "epoch": 36}
{"loss": 0.3077547252178192, "acc": 0.8675676584243774, "length": 4.0, "mode": "test", "epoch": 36}
{"loss": 0.27792641520500183, "acc": 0.8875537514686584, "length": 3.9996235370635986, "mode": "train", "epoch": 37}
{"loss": 0.30588966608047485, "acc": 0.8751689791679382, "length": 4.0, "mode": "test", "epoch": 37}
{"loss": 0.2748669683933258, "acc": 0.8867886662483215, "length": 3.9986019134521484, "mode": "train", "epoch": 38}
{"loss": 0.3068218231201172, "acc": 0.8785473704338074, "length": 4.0, "mode": "test", "epoch": 38}
{"loss": 0.26967787742614746, "acc": 0.8946167230606079, "length": 3.9990105628967285, "mode": "train", "epoch": 39}
{"loss": 0.29648083448410034, "acc": 0.8793919682502747, "length": 4.0, "mode": "test", "epoch": 39}
{"loss": 0.2673567831516266, "acc": 0.893659234046936, "length": 3.999659776687622, "mode": "train", "epoch": 40}
{"loss": 0.2935327887535095, "acc": 0.8814188838005066, "length": 4.0, "mode": "test", "epoch": 40}
{"loss": 0.2655390501022339, "acc": 0.8935509324073792, "length": 3.9999358654022217, "mode": "train", "epoch": 41}
{"loss": 0.29164648056030273, "acc": 0.8804054260253906, "length": 4.0, "mode": "test", "epoch": 41}
{"loss": 0.25772786140441895, "acc": 0.8986351490020752, "length": 3.9995758533477783, "mode": "train", "epoch": 42}
{"loss": 0.2818135917186737, "acc": 0.8836148977279663, "length": 4.0, "mode": "test", "epoch": 42}
{"loss": 0.26067066192626953, "acc": 0.895959198474884, "length": 3.999008893966675, "mode": "train", "epoch": 43}
{"loss": 0.2865026593208313, "acc": 0.8834460377693176, "length": 4.0, "mode": "test", "epoch": 43}
{"loss": 0.2541767656803131, "acc": 0.8976123332977295, "length": 3.999107837677002, "mode": "train", "epoch": 44}
{"loss": 0.28583377599716187, "acc": 0.8847970962524414, "length": 4.0, "mode": "test", "epoch": 44}
{"loss": 0.25353866815567017, "acc": 0.9027108550071716, "length": 3.9997851848602295, "mode": "train", "epoch": 45}
{"loss": 0.2677668035030365, "acc": 0.8903715014457703, "length": 4.0, "mode": "test", "epoch": 45}
{"loss": 0.2477807104587555, "acc": 0.9040210843086243, "length": 3.9972758293151855, "mode": "train", "epoch": 46}
{"loss": 0.26332736015319824, "acc": 0.897297203540802, "length": 4.0, "mode": "test", "epoch": 46}
{"loss": 0.240050807595253, "acc": 0.9067000150680542, "length": 3.998704195022583, "mode": "train", "epoch": 47}
{"loss": 0.26149022579193115, "acc": 0.8952701687812805, "length": 4.0, "mode": "test", "epoch": 47}
{"loss": 0.2405654639005661, "acc": 0.905766487121582, "length": 3.9998862743377686, "mode": "train", "epoch": 48}
{"loss": 0.26766321063041687, "acc": 0.8913850784301758, "length": 4.0, "mode": "test", "epoch": 48}
{"loss": 0.23498740792274475, "acc": 0.9086455702781677, "length": 3.9994683265686035, "mode": "train", "epoch": 49}
{"loss": 0.26193156838417053, "acc": 0.896621584892273, "length": 4.0, "mode": "test", "epoch": 49}
{"loss": 0.23421895503997803, "acc": 0.9125384092330933, "length": 3.9992401599884033, "mode": "train", "epoch": 50}
{"loss": 0.25065988302230835, "acc": 0.9025338888168335, "length": 4.0, "mode": "test", "epoch": 50}
{"loss": 0.2273176908493042, "acc": 0.9146465063095093, "length": 3.9998271465301514, "mode": "train", "epoch": 51}
{"loss": 0.272948682308197, "acc": 0.8932433128356934, "length": 4.0, "mode": "test", "epoch": 51}
{"loss": 0.22525478899478912, "acc": 0.9156838059425354, "length": 3.9988138675689697, "mode": "train", "epoch": 52}
{"loss": 0.25936219096183777, "acc": 0.9072635769844055, "length": 4.0, "mode": "test", "epoch": 52}
{"loss": 0.22423844039440155, "acc": 0.9147610664367676, "length": 3.99995756149292, "mode": "train", "epoch": 53}
{"loss": 0.25301676988601685, "acc": 0.901520311832428, "length": 4.0, "mode": "test", "epoch": 53}
{"loss": 0.22026792168617249, "acc": 0.9150440096855164, "length": 3.9999639987945557, "mode": "train", "epoch": 54}
{"loss": 0.2466730773448944, "acc": 0.9064190983772278, "length": 4.0, "mode": "test", "epoch": 54}
{"loss": 0.21742959320545197, "acc": 0.9176458716392517, "length": 3.999878168106079, "mode": "train", "epoch": 55}
{"loss": 0.25416791439056396, "acc": 0.9076014161109924, "length": 4.0, "mode": "test", "epoch": 55}
{"loss": 0.22346684336662292, "acc": 0.9161723852157593, "length": 3.999572515487671, "mode": "train", "epoch": 56}
{"loss": 0.2604806423187256, "acc": 0.8986485600471497, "length": 4.0, "mode": "test", "epoch": 56}
{"loss": 0.2179313451051712, "acc": 0.91713547706604, "length": 3.999910593032837, "mode": "train", "epoch": 57}
{"loss": 0.24900949001312256, "acc": 0.9021959900856018, "length": 4.0, "mode": "test", "epoch": 57}
{"loss": 0.2152414321899414, "acc": 0.9209253191947937, "length": 3.999906301498413, "mode": "train", "epoch": 58}
{"loss": 0.24557623267173767, "acc": 0.9089527726173401, "length": 4.0, "mode": "test", "epoch": 58}
{"loss": 0.212039053440094, "acc": 0.9236405491828918, "length": 3.9999008178710938, "mode": "train", "epoch": 59}
{"loss": 0.25172293186187744, "acc": 0.9057432413101196, "length": 4.0, "mode": "test", "epoch": 59}
{"loss": 0.21043331921100616, "acc": 0.9191154837608337, "length": 3.999943494796753, "mode": "train", "epoch": 60}
{"loss": 0.2395137995481491, "acc": 0.9087837934494019, "length": 4.0, "mode": "test", "epoch": 60}
test accuracy: 0.7219229936599731
