# ["--attributes=3", "--values=16", "--game_size=10", "--vocab_size_factor=3", "--n_epochs=60", "--batch_size=128", "--learning_rate=0.0005", "--hidden_size=128", "--temp_update=0.99", "--temperature=1"]
Creating train_ds and val_ds...

Creating test_ds...
{"loss": 0.6999401450157166, "acc": 0.5016098618507385, "length": 3.4767284393310547, "mode": "train", "epoch": 1}
{"loss": 0.6931933164596558, "acc": 0.5124573111534119, "length": 1.0, "mode": "test", "epoch": 1}
{"loss": 0.6937193274497986, "acc": 0.5106338262557983, "length": 3.434157133102417, "mode": "train", "epoch": 2}
{"loss": 0.6937723159790039, "acc": 0.5049487352371216, "length": 1.0, "mode": "test", "epoch": 2}
{"loss": 0.6923916935920715, "acc": 0.5142182111740112, "length": 3.40175199508667, "mode": "train", "epoch": 3}
{"loss": 0.6917552947998047, "acc": 0.5198323130607605, "length": 1.0307167768478394, "mode": "test", "epoch": 3}
{"loss": 0.6901401281356812, "acc": 0.5348064303398132, "length": 3.2491402626037598, "mode": "train", "epoch": 4}
{"loss": 0.6834399104118347, "acc": 0.567635715007782, "length": 1.447098970413208, "mode": "test", "epoch": 4}
{"loss": 0.6872496008872986, "acc": 0.5632374882698059, "length": 3.1543915271759033, "mode": "train", "epoch": 5}
{"loss": 0.6752299070358276, "acc": 0.6247341632843018, "length": 1.9249147176742554, "mode": "test", "epoch": 5}
{"loss": 0.6776425242424011, "acc": 0.6149715781211853, "length": 3.012594699859619, "mode": "train", "epoch": 6}
{"loss": 0.6640042066574097, "acc": 0.6675688624382019, "length": 2.2491466999053955, "mode": "test", "epoch": 6}
{"loss": 0.6602410078048706, "acc": 0.6610548496246338, "length": 3.006279706954956, "mode": "train", "epoch": 7}
{"loss": 0.638041079044342, "acc": 0.6931853890419006, "length": 3.027303695678711, "mode": "test", "epoch": 7}
{"loss": 0.6327498555183411, "acc": 0.6854555606842041, "length": 3.298233985900879, "mode": "train", "epoch": 8}
{"loss": 0.6030609011650085, "acc": 0.7072159051895142, "length": 3.600682497024536, "mode": "test", "epoch": 8}
{"loss": 0.595430314540863, "acc": 0.6940709352493286, "length": 3.547452449798584, "mode": "train", "epoch": 9}
{"loss": 0.5654242038726807, "acc": 0.7242507934570312, "length": 3.8054606914520264, "mode": "test", "epoch": 9}
{"loss": 0.5619446039199829, "acc": 0.7092455625534058, "length": 3.70255184173584, "mode": "train", "epoch": 10}
{"loss": 0.5498194694519043, "acc": 0.7324525713920593, "length": 3.8839590549468994, "mode": "test", "epoch": 10}
{"loss": 0.5395835041999817, "acc": 0.7236990928649902, "length": 3.671201705932617, "mode": "train", "epoch": 11}
{"loss": 0.5393153429031372, "acc": 0.7431473731994629, "length": 3.8225255012512207, "mode": "test", "epoch": 11}
{"loss": 0.518059492111206, "acc": 0.7470499873161316, "length": 3.643998622894287, "mode": "train", "epoch": 12}
{"loss": 0.5248310565948486, "acc": 0.7690274119377136, "length": 3.7576792240142822, "mode": "test", "epoch": 12}
{"loss": 0.4845651090145111, "acc": 0.7842954993247986, "length": 3.642695426940918, "mode": "train", "epoch": 13}
{"loss": 0.504953145980835, "acc": 0.79189133644104, "length": 3.713310480117798, "mode": "test", "epoch": 13}
{"loss": 0.4582425355911255, "acc": 0.8016601800918579, "length": 3.6559813022613525, "mode": "train", "epoch": 14}
{"loss": 0.49326521158218384, "acc": 0.7818396091461182, "length": 3.7201364040374756, "mode": "test", "epoch": 14}
{"loss": 0.43892887234687805, "acc": 0.8118506073951721, "length": 3.677581310272217, "mode": "train", "epoch": 15}
{"loss": 0.46045106649398804, "acc": 0.8041772246360779, "length": 3.815699577331543, "mode": "test", "epoch": 15}
{"loss": 0.41850024461746216, "acc": 0.8236005902290344, "length": 3.769277334213257, "mode": "train", "epoch": 16}
{"loss": 0.45890018343925476, "acc": 0.802737832069397, "length": 3.972696304321289, "mode": "test", "epoch": 16}
{"loss": 0.4018574059009552, "acc": 0.825790286064148, "length": 3.847745418548584, "mode": "train", "epoch": 17}
{"loss": 0.40816792845726013, "acc": 0.8313114047050476, "length": 3.976109266281128, "mode": "test", "epoch": 17}
{"loss": 0.3817712366580963, "acc": 0.8346368074417114, "length": 3.87469482421875, "mode": "train", "epoch": 18}
{"loss": 0.4005504846572876, "acc": 0.8255559802055359, "length": 3.972696304321289, "mode": "test", "epoch": 18}
{"loss": 0.3606232702732086, "acc": 0.8433562517166138, "length": 3.895414352416992, "mode": "train", "epoch": 19}
{"loss": 0.36900338530540466, "acc": 0.8424380421638489, "length": 3.9931740760803223, "mode": "test", "epoch": 19}
{"loss": 0.34172946214675903, "acc": 0.8558802008628845, "length": 3.9021077156066895, "mode": "train", "epoch": 20}
{"loss": 0.3467212915420532, "acc": 0.8540661931037903, "length": 3.9931740760803223, "mode": "test", "epoch": 20}
{"loss": 0.32525455951690674, "acc": 0.864751935005188, "length": 3.9313063621520996, "mode": "train", "epoch": 21}
{"loss": 0.3226027488708496, "acc": 0.8633105754852295, "length": 4.0, "mode": "test", "epoch": 21}
{"loss": 0.31593695282936096, "acc": 0.8685266375541687, "length": 3.9250998497009277, "mode": "train", "epoch": 22}
{"loss": 0.32037031650543213, "acc": 0.8626279830932617, "length": 4.0, "mode": "test", "epoch": 22}
{"loss": 0.3057418763637543, "acc": 0.8712695240974426, "length": 3.946211338043213, "mode": "train", "epoch": 23}
{"loss": 0.31404250860214233, "acc": 0.8610921502113342, "length": 4.0, "mode": "test", "epoch": 23}
{"loss": 0.30056747794151306, "acc": 0.8758052587509155, "length": 3.960639715194702, "mode": "train", "epoch": 24}
{"loss": 0.31424736976623535, "acc": 0.8587031364440918, "length": 4.0, "mode": "test", "epoch": 24}
{"loss": 0.2944033741950989, "acc": 0.8745668530464172, "length": 3.969295024871826, "mode": "train", "epoch": 25}
{"loss": 0.30010658502578735, "acc": 0.8634811043739319, "length": 4.0, "mode": "test", "epoch": 25}
{"loss": 0.29281550645828247, "acc": 0.8767985105514526, "length": 3.9717607498168945, "mode": "train", "epoch": 26}
{"loss": 0.3032703399658203, "acc": 0.8604096174240112, "length": 4.0, "mode": "test", "epoch": 26}
{"loss": 0.280606210231781, "acc": 0.8806540966033936, "length": 3.972658395767212, "mode": "train", "epoch": 27}
{"loss": 0.2843913733959198, "acc": 0.861262857913971, "length": 4.0, "mode": "test", "epoch": 27}
{"loss": 0.2731894850730896, "acc": 0.8828248977661133, "length": 3.9649264812469482, "mode": "train", "epoch": 28}
{"loss": 0.2679601311683655, "acc": 0.880887508392334, "length": 4.0, "mode": "test", "epoch": 28}
{"loss": 0.27102771401405334, "acc": 0.8888505101203918, "length": 3.983733654022217, "mode": "train", "epoch": 29}
{"loss": 0.25061511993408203, "acc": 0.8972697257995605, "length": 4.0, "mode": "test", "epoch": 29}
{"loss": 0.26304447650909424, "acc": 0.8934842348098755, "length": 3.9830167293548584, "mode": "train", "epoch": 30}
{"loss": 0.23806598782539368, "acc": 0.9029009938240051, "length": 4.0, "mode": "test", "epoch": 30}
{"loss": 0.25537389516830444, "acc": 0.9014379382133484, "length": 3.9833638668060303, "mode": "train", "epoch": 31}
{"loss": 0.24328014254570007, "acc": 0.9017065167427063, "length": 4.0, "mode": "test", "epoch": 31}
{"loss": 0.25460824370384216, "acc": 0.9010931253433228, "length": 3.9846417903900146, "mode": "train", "epoch": 32}
{"loss": 0.2332276701927185, "acc": 0.9080204367637634, "length": 4.0, "mode": "test", "epoch": 32}
{"loss": 0.24315080046653748, "acc": 0.9084821343421936, "length": 3.988811731338501, "mode": "train", "epoch": 33}
{"loss": 0.23377224802970886, "acc": 0.9138225317001343, "length": 4.0, "mode": "test", "epoch": 33}
{"loss": 0.24192775785923004, "acc": 0.9115200638771057, "length": 3.9832441806793213, "mode": "train", "epoch": 34}
{"loss": 0.21944382786750793, "acc": 0.9196246266365051, "length": 4.0, "mode": "test", "epoch": 34}
{"loss": 0.23227132856845856, "acc": 0.9151601791381836, "length": 3.991560935974121, "mode": "train", "epoch": 35}
{"loss": 0.22860728204250336, "acc": 0.9117746949195862, "length": 4.0, "mode": "test", "epoch": 35}
{"loss": 0.23088350892066956, "acc": 0.9179668426513672, "length": 3.9881577491760254, "mode": "train", "epoch": 36}
{"loss": 0.22178366780281067, "acc": 0.9184300303459167, "length": 4.0, "mode": "test", "epoch": 36}
{"loss": 0.2284468561410904, "acc": 0.9174391031265259, "length": 3.9893178939819336, "mode": "train", "epoch": 37}
{"loss": 0.2157033085823059, "acc": 0.9201365113258362, "length": 4.0, "mode": "test", "epoch": 37}
{"loss": 0.22438496351242065, "acc": 0.9193925261497498, "length": 3.9874422550201416, "mode": "train", "epoch": 38}
{"loss": 0.21340011060237885, "acc": 0.9240614175796509, "length": 4.0, "mode": "test", "epoch": 38}
{"loss": 0.22156208753585815, "acc": 0.9183435440063477, "length": 3.9943411350250244, "mode": "train", "epoch": 39}
{"loss": 0.21041378378868103, "acc": 0.9226961731910706, "length": 4.0, "mode": "test", "epoch": 39}
{"loss": 0.2187541276216507, "acc": 0.9244454503059387, "length": 3.9914181232452393, "mode": "train", "epoch": 40}
{"loss": 0.208998441696167, "acc": 0.92440265417099, "length": 4.0, "mode": "test", "epoch": 40}
{"loss": 0.21937310695648193, "acc": 0.924708902835846, "length": 3.9964406490325928, "mode": "train", "epoch": 41}
{"loss": 0.20772604644298553, "acc": 0.9240613579750061, "length": 4.0, "mode": "test", "epoch": 41}
{"loss": 0.2151067554950714, "acc": 0.9260284304618835, "length": 3.9957947731018066, "mode": "train", "epoch": 42}
{"loss": 0.20820753276348114, "acc": 0.9259384274482727, "length": 4.0, "mode": "test", "epoch": 42}
{"loss": 0.21644452214241028, "acc": 0.926618218421936, "length": 3.993800640106201, "mode": "train", "epoch": 43}
{"loss": 0.20486783981323242, "acc": 0.9295222163200378, "length": 4.0, "mode": "test", "epoch": 43}
{"loss": 0.21953508257865906, "acc": 0.9242008924484253, "length": 3.998206377029419, "mode": "train", "epoch": 44}
{"loss": 0.2043808400630951, "acc": 0.9276450872421265, "length": 4.0, "mode": "test", "epoch": 44}
{"loss": 0.21296070516109467, "acc": 0.9259220361709595, "length": 3.997920274734497, "mode": "train", "epoch": 45}
{"loss": 0.21111375093460083, "acc": 0.9269623756408691, "length": 4.0, "mode": "test", "epoch": 45}
{"loss": 0.21140620112419128, "acc": 0.9280881881713867, "length": 3.9983386993408203, "mode": "train", "epoch": 46}
{"loss": 0.20606152713298798, "acc": 0.9278156161308289, "length": 4.0, "mode": "test", "epoch": 46}
{"loss": 0.21038652956485748, "acc": 0.9278751015663147, "length": 3.993715763092041, "mode": "train", "epoch": 47}
{"loss": 0.20692650973796844, "acc": 0.9312285780906677, "length": 4.0, "mode": "test", "epoch": 47}
{"loss": 0.207072913646698, "acc": 0.9289828538894653, "length": 3.997697114944458, "mode": "train", "epoch": 48}
{"loss": 0.20548275113105774, "acc": 0.9313991665840149, "length": 4.0, "mode": "test", "epoch": 48}
{"loss": 0.20697112381458282, "acc": 0.9272320866584778, "length": 3.9982833862304688, "mode": "train", "epoch": 49}
{"loss": 0.203599214553833, "acc": 0.9313991665840149, "length": 4.0, "mode": "test", "epoch": 49}
{"loss": 0.2044481337070465, "acc": 0.9280800819396973, "length": 3.9972896575927734, "mode": "train", "epoch": 50}
{"loss": 0.20457416772842407, "acc": 0.9279863238334656, "length": 4.0, "mode": "test", "epoch": 50}
{"loss": 0.2075405716896057, "acc": 0.9256179928779602, "length": 3.9977996349334717, "mode": "train", "epoch": 51}
{"loss": 0.2038714587688446, "acc": 0.9324232339859009, "length": 4.0, "mode": "test", "epoch": 51}
{"loss": 0.2026689350605011, "acc": 0.930866539478302, "length": 3.9965736865997314, "mode": "train", "epoch": 52}
{"loss": 0.2023845613002777, "acc": 0.9307167530059814, "length": 4.0, "mode": "test", "epoch": 52}
{"loss": 0.2008388191461563, "acc": 0.9290676116943359, "length": 3.999229907989502, "mode": "train", "epoch": 53}
{"loss": 0.2011321485042572, "acc": 0.9313992857933044, "length": 4.0, "mode": "test", "epoch": 53}
{"loss": 0.20411846041679382, "acc": 0.9294062852859497, "length": 3.9994091987609863, "mode": "train", "epoch": 54}
{"loss": 0.19638681411743164, "acc": 0.9348123669624329, "length": 4.0, "mode": "test", "epoch": 54}
{"loss": 0.19995133578777313, "acc": 0.9317833781242371, "length": 3.9982566833496094, "mode": "train", "epoch": 55}
{"loss": 0.19634374976158142, "acc": 0.935665488243103, "length": 4.0, "mode": "test", "epoch": 55}
{"loss": 0.19969278573989868, "acc": 0.9295293688774109, "length": 3.9996144771575928, "mode": "train", "epoch": 56}
{"loss": 0.19881747663021088, "acc": 0.9312285780906677, "length": 4.0, "mode": "test", "epoch": 56}
{"loss": 0.2034512609243393, "acc": 0.9296948313713074, "length": 3.998953104019165, "mode": "train", "epoch": 57}
{"loss": 0.1989174336194992, "acc": 0.9334471225738525, "length": 4.0, "mode": "test", "epoch": 57}
{"loss": 0.2009393572807312, "acc": 0.9314625263214111, "length": 3.999079465866089, "mode": "train", "epoch": 58}
{"loss": 0.19728994369506836, "acc": 0.9296926856040955, "length": 4.0, "mode": "test", "epoch": 58}
{"loss": 0.19744406640529633, "acc": 0.9314092397689819, "length": 3.999756097793579, "mode": "train", "epoch": 59}
{"loss": 0.2025083750486374, "acc": 0.9334471225738525, "length": 4.0, "mode": "test", "epoch": 59}
{"loss": 0.19635075330734253, "acc": 0.9309006929397583, "length": 3.99753475189209, "mode": "train", "epoch": 60}
{"loss": 0.1972622126340866, "acc": 0.9329350590705872, "length": 4.0, "mode": "test", "epoch": 60}
test accuracy: 0.8085184693336487
