# ["--attributes=3", "--values=16", "--game_size=10", "--vocab_size_factor=3", "--n_epochs=60", "--batch_size=128", "--learning_rate=0.0005", "--hidden_size=128", "--temp_update=0.99", "--temperature=1.5"]
Creating train_ds and val_ds...

Creating test_ds...
{"loss": 0.693937361240387, "acc": 0.515722930431366, "length": 3.5543198585510254, "mode": "train", "epoch": 1}
{"loss": 0.6798169612884521, "acc": 0.5733032822608948, "length": 3.3092782497406006, "mode": "test", "epoch": 1}
{"loss": 0.6925751566886902, "acc": 0.5268596410751343, "length": 3.547161340713501, "mode": "train", "epoch": 2}
{"loss": 0.6799730062484741, "acc": 0.5801669359207153, "length": 3.4123711585998535, "mode": "test", "epoch": 2}
{"loss": 0.6903792023658752, "acc": 0.5401285290718079, "length": 3.514709234237671, "mode": "train", "epoch": 3}
{"loss": 0.6771473288536072, "acc": 0.6008330583572388, "length": 3.4845361709594727, "mode": "test", "epoch": 3}
{"loss": 0.6890669465065002, "acc": 0.5392328500747681, "length": 3.5001256465911865, "mode": "train", "epoch": 4}
{"loss": 0.6728028059005737, "acc": 0.6063767671585083, "length": 3.5876288414001465, "mode": "test", "epoch": 4}
{"loss": 0.685886800289154, "acc": 0.5518493056297302, "length": 3.481441020965576, "mode": "train", "epoch": 5}
{"loss": 0.6657944917678833, "acc": 0.6434937119483948, "length": 3.84536075592041, "mode": "test", "epoch": 5}
{"loss": 0.6758384108543396, "acc": 0.5922887325286865, "length": 3.492640972137451, "mode": "train", "epoch": 6}
{"loss": 0.650915801525116, "acc": 0.6659107208251953, "length": 3.9931271076202393, "mode": "test", "epoch": 6}
{"loss": 0.6564292907714844, "acc": 0.6606835722923279, "length": 3.5958950519561768, "mode": "train", "epoch": 7}
{"loss": 0.6279903054237366, "acc": 0.7125430107116699, "length": 4.0, "mode": "test", "epoch": 7}
{"loss": 0.6239663362503052, "acc": 0.7074839472770691, "length": 3.752363920211792, "mode": "train", "epoch": 8}
{"loss": 0.5923869609832764, "acc": 0.7329897284507751, "length": 4.0, "mode": "test", "epoch": 8}
{"loss": 0.5822505950927734, "acc": 0.7310598492622375, "length": 3.8697597980499268, "mode": "train", "epoch": 9}
{"loss": 0.5609983205795288, "acc": 0.7448453903198242, "length": 4.0, "mode": "test", "epoch": 9}
{"loss": 0.545415461063385, "acc": 0.7413582801818848, "length": 3.9139695167541504, "mode": "train", "epoch": 10}
{"loss": 0.5454119443893433, "acc": 0.7592782974243164, "length": 4.0, "mode": "test", "epoch": 10}
{"loss": 0.5175665616989136, "acc": 0.7530571222305298, "length": 3.9337542057037354, "mode": "train", "epoch": 11}
{"loss": 0.5205996036529541, "acc": 0.7745703458786011, "length": 4.0, "mode": "test", "epoch": 11}
{"loss": 0.48772501945495605, "acc": 0.773845911026001, "length": 3.9487204551696777, "mode": "train", "epoch": 12}
{"loss": 0.4970574975013733, "acc": 0.7797251343727112, "length": 4.0, "mode": "test", "epoch": 12}
{"loss": 0.45939934253692627, "acc": 0.7889696955680847, "length": 3.9626994132995605, "mode": "train", "epoch": 13}
{"loss": 0.45872706174850464, "acc": 0.7941581010818481, "length": 4.0, "mode": "test", "epoch": 13}
{"loss": 0.4322569966316223, "acc": 0.7990715503692627, "length": 3.974039316177368, "mode": "train", "epoch": 14}
{"loss": 0.44869479537010193, "acc": 0.8051547408103943, "length": 4.0, "mode": "test", "epoch": 14}
{"loss": 0.40828636288642883, "acc": 0.8172974586486816, "length": 3.9797439575195312, "mode": "train", "epoch": 15}
{"loss": 0.4396693706512451, "acc": 0.8121994137763977, "length": 4.0, "mode": "test", "epoch": 15}
{"loss": 0.38636553287506104, "acc": 0.8366288542747498, "length": 3.9820945262908936, "mode": "train", "epoch": 16}
{"loss": 0.4190945625305176, "acc": 0.8268042206764221, "length": 4.0, "mode": "test", "epoch": 16}
{"loss": 0.3595277667045593, "acc": 0.8473303318023682, "length": 3.9808361530303955, "mode": "train", "epoch": 17}
{"loss": 0.41007956862449646, "acc": 0.8310996890068054, "length": 4.0, "mode": "test", "epoch": 17}
{"loss": 0.3393062651157379, "acc": 0.8542865514755249, "length": 3.9849941730499268, "mode": "train", "epoch": 18}
{"loss": 0.3943178355693817, "acc": 0.8374570608139038, "length": 4.0, "mode": "test", "epoch": 18}
{"loss": 0.3238963782787323, "acc": 0.8592687249183655, "length": 3.9872426986694336, "mode": "train", "epoch": 19}
{"loss": 0.41549021005630493, "acc": 0.8312715291976929, "length": 4.0, "mode": "test", "epoch": 19}
{"loss": 0.3116798996925354, "acc": 0.8661637306213379, "length": 3.988311529159546, "mode": "train", "epoch": 20}
{"loss": 0.3746464252471924, "acc": 0.8314433693885803, "length": 4.0, "mode": "test", "epoch": 20}
{"loss": 0.2961968183517456, "acc": 0.8745661973953247, "length": 3.9898884296417236, "mode": "train", "epoch": 21}
{"loss": 0.37782225012779236, "acc": 0.8365979790687561, "length": 4.0, "mode": "test", "epoch": 21}
{"loss": 0.2864508032798767, "acc": 0.8773393034934998, "length": 3.990208864212036, "mode": "train", "epoch": 22}
{"loss": 0.362618088722229, "acc": 0.8560138940811157, "length": 4.0, "mode": "test", "epoch": 22}
{"loss": 0.27376532554626465, "acc": 0.8866825103759766, "length": 3.992166757583618, "mode": "train", "epoch": 23}
{"loss": 0.3686184883117676, "acc": 0.8567010164260864, "length": 4.0, "mode": "test", "epoch": 23}
{"loss": 0.26811036467552185, "acc": 0.8888963460922241, "length": 3.99271821975708, "mode": "train", "epoch": 24}
{"loss": 0.35756635665893555, "acc": 0.8568727970123291, "length": 4.0, "mode": "test", "epoch": 24}
{"loss": 0.26247474551200867, "acc": 0.8942532539367676, "length": 3.991842746734619, "mode": "train", "epoch": 25}
{"loss": 0.353543221950531, "acc": 0.8558419346809387, "length": 4.0, "mode": "test", "epoch": 25}
{"loss": 0.25214630365371704, "acc": 0.9002999067306519, "length": 3.9936978816986084, "mode": "train", "epoch": 26}
{"loss": 0.33126968145370483, "acc": 0.8637457489967346, "length": 4.0, "mode": "test", "epoch": 26}
{"loss": 0.2476847618818283, "acc": 0.9000621438026428, "length": 3.9939801692962646, "mode": "train", "epoch": 27}
{"loss": 0.3465481698513031, "acc": 0.861855685710907, "length": 4.0, "mode": "test", "epoch": 27}
{"loss": 0.24242961406707764, "acc": 0.9005720615386963, "length": 3.9936349391937256, "mode": "train", "epoch": 28}
{"loss": 0.3198159337043762, "acc": 0.8675259351730347, "length": 4.0, "mode": "test", "epoch": 28}
{"loss": 0.24145382642745972, "acc": 0.9039100408554077, "length": 3.995419979095459, "mode": "train", "epoch": 29}
{"loss": 0.31334638595581055, "acc": 0.8757730722427368, "length": 4.0, "mode": "test", "epoch": 29}
{"loss": 0.23675109446048737, "acc": 0.903235912322998, "length": 3.9932541847229004, "mode": "train", "epoch": 30}
{"loss": 0.30925971269607544, "acc": 0.8692439794540405, "length": 4.0, "mode": "test", "epoch": 30}
{"loss": 0.22968608140945435, "acc": 0.9104461073875427, "length": 3.996164560317993, "mode": "train", "epoch": 31}
{"loss": 0.3407333791255951, "acc": 0.8615120053291321, "length": 4.0, "mode": "test", "epoch": 31}
{"loss": 0.22980371117591858, "acc": 0.9129349589347839, "length": 3.996426582336426, "mode": "train", "epoch": 32}
{"loss": 0.30701762437820435, "acc": 0.8762887120246887, "length": 4.0, "mode": "test", "epoch": 32}
{"loss": 0.22384612262248993, "acc": 0.9151169061660767, "length": 3.995678424835205, "mode": "train", "epoch": 33}
{"loss": 0.2839398682117462, "acc": 0.8804123997688293, "length": 4.0, "mode": "test", "epoch": 33}
{"loss": 0.222176194190979, "acc": 0.9145417213439941, "length": 3.997178554534912, "mode": "train", "epoch": 34}
{"loss": 0.2915317714214325, "acc": 0.8797252178192139, "length": 4.0, "mode": "test", "epoch": 34}
{"loss": 0.22689560055732727, "acc": 0.9080883860588074, "length": 3.994633436203003, "mode": "train", "epoch": 35}
{"loss": 0.2852211594581604, "acc": 0.8814433813095093, "length": 4.0, "mode": "test", "epoch": 35}
{"loss": 0.22086775302886963, "acc": 0.9130638241767883, "length": 3.9972968101501465, "mode": "train", "epoch": 36}
{"loss": 0.28554171323776245, "acc": 0.8836769461631775, "length": 4.0, "mode": "test", "epoch": 36}
{"loss": 0.2161596268415451, "acc": 0.9148521423339844, "length": 3.9959869384765625, "mode": "train", "epoch": 37}
{"loss": 0.26062077283859253, "acc": 0.8908934593200684, "length": 4.0, "mode": "test", "epoch": 37}
{"loss": 0.2194826304912567, "acc": 0.9113907814025879, "length": 3.998288869857788, "mode": "train", "epoch": 38}
{"loss": 0.272001713514328, "acc": 0.8883160352706909, "length": 4.0, "mode": "test", "epoch": 38}
{"loss": 0.2133505940437317, "acc": 0.9153112173080444, "length": 3.995316743850708, "mode": "train", "epoch": 39}
{"loss": 0.2736767828464508, "acc": 0.8890034556388855, "length": 4.0, "mode": "test", "epoch": 39}
{"loss": 0.2118145376443863, "acc": 0.9166154265403748, "length": 3.9973878860473633, "mode": "train", "epoch": 40}
{"loss": 0.254452109336853, "acc": 0.8932989835739136, "length": 4.0, "mode": "test", "epoch": 40}
{"loss": 0.20546765625476837, "acc": 0.9180042147636414, "length": 3.9984047412872314, "mode": "train", "epoch": 41}
{"loss": 0.24431142210960388, "acc": 0.8993126749992371, "length": 4.0, "mode": "test", "epoch": 41}
{"loss": 0.20410698652267456, "acc": 0.9169315695762634, "length": 3.998779058456421, "mode": "train", "epoch": 42}
{"loss": 0.2552294135093689, "acc": 0.8932988047599792, "length": 4.0, "mode": "test", "epoch": 42}
{"loss": 0.20471793413162231, "acc": 0.9190043210983276, "length": 3.998560905456543, "mode": "train", "epoch": 43}
{"loss": 0.23324012756347656, "acc": 0.9029210805892944, "length": 4.0, "mode": "test", "epoch": 43}
{"loss": 0.20171649754047394, "acc": 0.922776997089386, "length": 3.9983251094818115, "mode": "train", "epoch": 44}
{"loss": 0.22731268405914307, "acc": 0.8984536528587341, "length": 4.0, "mode": "test", "epoch": 44}
{"loss": 0.20055295526981354, "acc": 0.9203381538391113, "length": 3.998426914215088, "mode": "train", "epoch": 45}
{"loss": 0.23778989911079407, "acc": 0.9027491807937622, "length": 4.0, "mode": "test", "epoch": 45}
{"loss": 0.2014583796262741, "acc": 0.919593334197998, "length": 3.9984548091888428, "mode": "train", "epoch": 46}
{"loss": 0.2288924753665924, "acc": 0.8967352509498596, "length": 4.0, "mode": "test", "epoch": 46}
{"loss": 0.19676262140274048, "acc": 0.9223605990409851, "length": 3.9983668327331543, "mode": "train", "epoch": 47}
{"loss": 0.22976350784301758, "acc": 0.9034364819526672, "length": 4.0, "mode": "test", "epoch": 47}
{"loss": 0.1969495713710785, "acc": 0.9209170937538147, "length": 3.9992382526397705, "mode": "train", "epoch": 48}
{"loss": 0.22329799830913544, "acc": 0.9099655747413635, "length": 4.0, "mode": "test", "epoch": 48}
{"loss": 0.19297270476818085, "acc": 0.9222279787063599, "length": 3.9991204738616943, "mode": "train", "epoch": 49}
{"loss": 0.21541818976402283, "acc": 0.9077320694923401, "length": 4.0, "mode": "test", "epoch": 49}
{"loss": 0.18599292635917664, "acc": 0.9282845854759216, "length": 3.9992098808288574, "mode": "train", "epoch": 50}
{"loss": 0.2301100492477417, "acc": 0.9049829244613647, "length": 4.0, "mode": "test", "epoch": 50}
{"loss": 0.19351722300052643, "acc": 0.921140730381012, "length": 3.998566150665283, "mode": "train", "epoch": 51}
{"loss": 0.21333745121955872, "acc": 0.9075601696968079, "length": 4.0, "mode": "test", "epoch": 51}
{"loss": 0.1875448375940323, "acc": 0.9274024367332458, "length": 3.9990012645721436, "mode": "train", "epoch": 52}
{"loss": 0.21892492473125458, "acc": 0.9099655747413635, "length": 4.0, "mode": "test", "epoch": 52}
{"loss": 0.190738245844841, "acc": 0.9260176420211792, "length": 3.998464345932007, "mode": "train", "epoch": 53}
{"loss": 0.20128095149993896, "acc": 0.9190722107887268, "length": 4.0, "mode": "test", "epoch": 53}
{"loss": 0.1802133470773697, "acc": 0.9310021996498108, "length": 3.9995460510253906, "mode": "train", "epoch": 54}
{"loss": 0.19937798380851746, "acc": 0.9171820878982544, "length": 4.0, "mode": "test", "epoch": 54}
{"loss": 0.1857990175485611, "acc": 0.9285193085670471, "length": 3.999436378479004, "mode": "train", "epoch": 55}
{"loss": 0.19422456622123718, "acc": 0.9225086569786072, "length": 4.0, "mode": "test", "epoch": 55}
{"loss": 0.18126897513866425, "acc": 0.9292646050453186, "length": 3.9990737438201904, "mode": "train", "epoch": 56}
{"loss": 0.19706138968467712, "acc": 0.9178694486618042, "length": 4.0, "mode": "test", "epoch": 56}
{"loss": 0.17765091359615326, "acc": 0.9307043552398682, "length": 3.9991941452026367, "mode": "train", "epoch": 57}
{"loss": 0.19894427061080933, "acc": 0.920790433883667, "length": 4.0, "mode": "test", "epoch": 57}
{"loss": 0.1768685281276703, "acc": 0.9305928349494934, "length": 3.9993748664855957, "mode": "train", "epoch": 58}
{"loss": 0.1851125806570053, "acc": 0.9204465746879578, "length": 4.0, "mode": "test", "epoch": 58}
{"loss": 0.17488154768943787, "acc": 0.9328799247741699, "length": 3.9994750022888184, "mode": "train", "epoch": 59}
{"loss": 0.1833958476781845, "acc": 0.9290378093719482, "length": 4.0, "mode": "test", "epoch": 59}
{"loss": 0.17528481781482697, "acc": 0.9353163838386536, "length": 3.999647617340088, "mode": "train", "epoch": 60}
{"loss": 0.19836054742336273, "acc": 0.9247424006462097, "length": 4.0, "mode": "test", "epoch": 60}
test accuracy: 0.8512499928474426
