# ["--attributes=3", "--values=16", "--game_size=10", "--vocab_size_factor=3", "--n_epochs=60", "--batch_size=128", "--learning_rate=0.0005", "--hidden_size=128", "--temp_update=0.99", "--temperature=2"]
Creating train_ds and val_ds...

Creating test_ds...
{"loss": 0.6966862082481384, "acc": 0.5095261335372925, "length": 3.5469472408294678, "mode": "train", "epoch": 1}
{"loss": 0.6862586736679077, "acc": 0.5501621961593628, "length": 1.1601423025131226, "mode": "test", "epoch": 1}
{"loss": 0.6913012266159058, "acc": 0.5314615368843079, "length": 3.5048601627349854, "mode": "train", "epoch": 2}
{"loss": 0.6859381198883057, "acc": 0.5483563542366028, "length": 1.0960854291915894, "mode": "test", "epoch": 2}
{"loss": 0.6909083724021912, "acc": 0.5283342003822327, "length": 3.490457534790039, "mode": "train", "epoch": 3}
{"loss": 0.6828172206878662, "acc": 0.5650906562805176, "length": 1.2241992950439453, "mode": "test", "epoch": 3}
{"loss": 0.689769446849823, "acc": 0.5341030955314636, "length": 3.3955142498016357, "mode": "train", "epoch": 4}
{"loss": 0.6827360391616821, "acc": 0.5931112170219421, "length": 1.4021352529525757, "mode": "test", "epoch": 4}
{"loss": 0.6873992085456848, "acc": 0.5431981682777405, "length": 3.28611421585083, "mode": "train", "epoch": 5}
{"loss": 0.6769990921020508, "acc": 0.6131134629249573, "length": 1.4804270267486572, "mode": "test", "epoch": 5}
{"loss": 0.6825206875801086, "acc": 0.5586535334587097, "length": 3.106407880783081, "mode": "train", "epoch": 6}
{"loss": 0.6663177013397217, "acc": 0.6559802293777466, "length": 1.8540924787521362, "mode": "test", "epoch": 6}
{"loss": 0.6711278557777405, "acc": 0.5983892679214478, "length": 2.9111459255218506, "mode": "train", "epoch": 7}
{"loss": 0.6502275466918945, "acc": 0.6903232932090759, "length": 2.099644184112549, "mode": "test", "epoch": 7}
{"loss": 0.6519549489021301, "acc": 0.6637718081474304, "length": 2.8172478675842285, "mode": "train", "epoch": 8}
{"loss": 0.6275925636291504, "acc": 0.7301172614097595, "length": 2.259786367416382, "mode": "test", "epoch": 8}
{"loss": 0.6237952709197998, "acc": 0.7017479538917542, "length": 2.9035327434539795, "mode": "train", "epoch": 9}
{"loss": 0.6002046465873718, "acc": 0.7250491380691528, "length": 2.2918150424957275, "mode": "test", "epoch": 9}
{"loss": 0.5897750854492188, "acc": 0.709812581539154, "length": 3.074204206466675, "mode": "train", "epoch": 10}
{"loss": 0.5474201440811157, "acc": 0.7152039408683777, "length": 3.9608540534973145, "mode": "test", "epoch": 10}
{"loss": 0.5642900466918945, "acc": 0.716833233833313, "length": 3.459885597229004, "mode": "train", "epoch": 11}
{"loss": 0.5512216091156006, "acc": 0.7160142660140991, "length": 4.0, "mode": "test", "epoch": 11}
{"loss": 0.5474373698234558, "acc": 0.71932053565979, "length": 3.76910138130188, "mode": "train", "epoch": 12}
{"loss": 0.5460563898086548, "acc": 0.7624555826187134, "length": 4.0, "mode": "test", "epoch": 12}
{"loss": 0.5295743346214294, "acc": 0.7483385801315308, "length": 3.889218330383301, "mode": "train", "epoch": 13}
{"loss": 0.5310003757476807, "acc": 0.767793595790863, "length": 4.0, "mode": "test", "epoch": 13}
{"loss": 0.5073323249816895, "acc": 0.773402988910675, "length": 3.9149582386016846, "mode": "train", "epoch": 14}
{"loss": 0.5082400441169739, "acc": 0.7766903638839722, "length": 4.0, "mode": "test", "epoch": 14}
{"loss": 0.48336267471313477, "acc": 0.791835367679596, "length": 3.9280829429626465, "mode": "train", "epoch": 15}
{"loss": 0.4807038903236389, "acc": 0.7982206344604492, "length": 4.0, "mode": "test", "epoch": 15}
{"loss": 0.45275911688804626, "acc": 0.8006268739700317, "length": 3.937107801437378, "mode": "train", "epoch": 16}
{"loss": 0.45988208055496216, "acc": 0.8080070614814758, "length": 4.0, "mode": "test", "epoch": 16}
{"loss": 0.42462489008903503, "acc": 0.8154942393302917, "length": 3.9548327922821045, "mode": "train", "epoch": 17}
{"loss": 0.4586654603481293, "acc": 0.817081868648529, "length": 4.0, "mode": "test", "epoch": 17}
{"loss": 0.4024598002433777, "acc": 0.8313272595405579, "length": 3.9629697799682617, "mode": "train", "epoch": 18}
{"loss": 0.430680513381958, "acc": 0.8290035128593445, "length": 4.0, "mode": "test", "epoch": 18}
{"loss": 0.3893481492996216, "acc": 0.8371544480323792, "length": 3.9693377017974854, "mode": "train", "epoch": 19}
{"loss": 0.4198525846004486, "acc": 0.8350533843040466, "length": 4.0, "mode": "test", "epoch": 19}
{"loss": 0.3715707063674927, "acc": 0.8454598784446716, "length": 3.9720969200134277, "mode": "train", "epoch": 20}
{"loss": 0.41802525520324707, "acc": 0.8297151923179626, "length": 4.0, "mode": "test", "epoch": 20}
{"loss": 0.3620797097682953, "acc": 0.8480691909790039, "length": 3.97556734085083, "mode": "train", "epoch": 21}
{"loss": 0.4049563407897949, "acc": 0.8275799751281738, "length": 4.0, "mode": "test", "epoch": 21}
{"loss": 0.34941989183425903, "acc": 0.8529493808746338, "length": 3.9770426750183105, "mode": "train", "epoch": 22}
{"loss": 0.3946109414100647, "acc": 0.840035617351532, "length": 4.0, "mode": "test", "epoch": 22}
{"loss": 0.3391890823841095, "acc": 0.8574483394622803, "length": 3.978301525115967, "mode": "train", "epoch": 23}
{"loss": 0.3910818099975586, "acc": 0.8414590358734131, "length": 4.0, "mode": "test", "epoch": 23}
{"loss": 0.3306460380554199, "acc": 0.8589311242103577, "length": 3.9804763793945312, "mode": "train", "epoch": 24}
{"loss": 0.3811107873916626, "acc": 0.8416370153427124, "length": 4.0, "mode": "test", "epoch": 24}
{"loss": 0.3194131553173065, "acc": 0.8652416467666626, "length": 3.9841527938842773, "mode": "train", "epoch": 25}
{"loss": 0.3803715109825134, "acc": 0.840569257736206, "length": 4.0, "mode": "test", "epoch": 25}
{"loss": 0.32112985849380493, "acc": 0.8639342188835144, "length": 3.9831700325012207, "mode": "train", "epoch": 26}
{"loss": 0.38070473074913025, "acc": 0.8416370153427124, "length": 4.0, "mode": "test", "epoch": 26}
{"loss": 0.3144319951534271, "acc": 0.866401195526123, "length": 3.985217809677124, "mode": "train", "epoch": 27}
{"loss": 0.3725019097328186, "acc": 0.8405694365501404, "length": 4.0, "mode": "test", "epoch": 27}
{"loss": 0.3058410882949829, "acc": 0.8714864253997803, "length": 3.985799789428711, "mode": "train", "epoch": 28}
{"loss": 0.36148929595947266, "acc": 0.8466193079948425, "length": 4.0, "mode": "test", "epoch": 28}
{"loss": 0.3027973771095276, "acc": 0.8731668591499329, "length": 3.987431287765503, "mode": "train", "epoch": 29}
{"loss": 0.3619000315666199, "acc": 0.8432385325431824, "length": 4.0, "mode": "test", "epoch": 29}
{"loss": 0.295587956905365, "acc": 0.8774521946907043, "length": 3.988457679748535, "mode": "train", "epoch": 30}
{"loss": 0.3529222905635834, "acc": 0.845551609992981, "length": 4.0, "mode": "test", "epoch": 30}
{"loss": 0.2864803373813629, "acc": 0.8835458755493164, "length": 3.987457752227783, "mode": "train", "epoch": 31}
{"loss": 0.3492168188095093, "acc": 0.8467970490455627, "length": 4.0, "mode": "test", "epoch": 31}
{"loss": 0.2833702266216278, "acc": 0.8858821988105774, "length": 3.9821126461029053, "mode": "train", "epoch": 32}
{"loss": 0.3169190585613251, "acc": 0.85960853099823, "length": 4.0, "mode": "test", "epoch": 32}
{"loss": 0.2801145315170288, "acc": 0.8848230838775635, "length": 3.987926721572876, "mode": "train", "epoch": 33}
{"loss": 0.3192635178565979, "acc": 0.859786331653595, "length": 4.0, "mode": "test", "epoch": 33}
{"loss": 0.2742963433265686, "acc": 0.8862234354019165, "length": 3.986478805541992, "mode": "train", "epoch": 34}
{"loss": 0.3221336603164673, "acc": 0.8572955131530762, "length": 4.0, "mode": "test", "epoch": 34}
{"loss": 0.27126291394233704, "acc": 0.8863604068756104, "length": 3.9893991947174072, "mode": "train", "epoch": 35}
{"loss": 0.31583982706069946, "acc": 0.8635232448577881, "length": 4.0, "mode": "test", "epoch": 35}
{"loss": 0.2625764310359955, "acc": 0.8922760486602783, "length": 3.9908344745635986, "mode": "train", "epoch": 36}
{"loss": 0.3071991205215454, "acc": 0.8571175336837769, "length": 4.0, "mode": "test", "epoch": 36}
{"loss": 0.2581908404827118, "acc": 0.8960106372833252, "length": 3.9895174503326416, "mode": "train", "epoch": 37}
{"loss": 0.2880054712295532, "acc": 0.8704627156257629, "length": 4.0, "mode": "test", "epoch": 37}
{"loss": 0.25044476985931396, "acc": 0.8989195823669434, "length": 3.990999937057495, "mode": "train", "epoch": 38}
{"loss": 0.28507858514785767, "acc": 0.8733095526695251, "length": 4.0, "mode": "test", "epoch": 38}
{"loss": 0.241550475358963, "acc": 0.8987026810646057, "length": 3.9922730922698975, "mode": "train", "epoch": 39}
{"loss": 0.27260661125183105, "acc": 0.8822062611579895, "length": 4.0, "mode": "test", "epoch": 39}
{"loss": 0.2364439070224762, "acc": 0.9015752673149109, "length": 3.994529962539673, "mode": "train", "epoch": 40}
{"loss": 0.2692960500717163, "acc": 0.8750889301300049, "length": 4.0, "mode": "test", "epoch": 40}
{"loss": 0.2412026822566986, "acc": 0.9024209976196289, "length": 3.994297504425049, "mode": "train", "epoch": 41}
{"loss": 0.26937335729599, "acc": 0.8790033459663391, "length": 4.0, "mode": "test", "epoch": 41}
{"loss": 0.23453493416309357, "acc": 0.9036994576454163, "length": 3.995316982269287, "mode": "train", "epoch": 42}
{"loss": 0.2556300759315491, "acc": 0.8896798491477966, "length": 4.0, "mode": "test", "epoch": 42}
{"loss": 0.22832755744457245, "acc": 0.9073013663291931, "length": 3.996206283569336, "mode": "train", "epoch": 43}
{"loss": 0.2536272406578064, "acc": 0.8852314352989197, "length": 4.0, "mode": "test", "epoch": 43}
{"loss": 0.22487914562225342, "acc": 0.9087668657302856, "length": 3.996556520462036, "mode": "train", "epoch": 44}
{"loss": 0.2531839609146118, "acc": 0.8903915286064148, "length": 4.0, "mode": "test", "epoch": 44}
{"loss": 0.22552256286144257, "acc": 0.9101159572601318, "length": 3.996084690093994, "mode": "train", "epoch": 45}
{"loss": 0.24695652723312378, "acc": 0.8921707272529602, "length": 4.0, "mode": "test", "epoch": 45}
{"loss": 0.22408971190452576, "acc": 0.9086487889289856, "length": 3.996985912322998, "mode": "train", "epoch": 46}
{"loss": 0.24382886290550232, "acc": 0.8832739591598511, "length": 4.0, "mode": "test", "epoch": 46}
{"loss": 0.2179431915283203, "acc": 0.914629340171814, "length": 3.9975528717041016, "mode": "train", "epoch": 47}
{"loss": 0.24132201075553894, "acc": 0.8976868391036987, "length": 4.0, "mode": "test", "epoch": 47}
{"loss": 0.21567924320697784, "acc": 0.9123255014419556, "length": 3.9980239868164062, "mode": "train", "epoch": 48}
{"loss": 0.24324993789196014, "acc": 0.8935942053794861, "length": 4.0, "mode": "test", "epoch": 48}
{"loss": 0.2175101637840271, "acc": 0.9136887192726135, "length": 3.9979212284088135, "mode": "train", "epoch": 49}
{"loss": 0.2441684454679489, "acc": 0.8967970609664917, "length": 4.0, "mode": "test", "epoch": 49}
{"loss": 0.21311050653457642, "acc": 0.915250837802887, "length": 3.9979374408721924, "mode": "train", "epoch": 50}
{"loss": 0.23209244012832642, "acc": 0.894662082195282, "length": 4.0, "mode": "test", "epoch": 50}
{"loss": 0.21490831673145294, "acc": 0.9107386469841003, "length": 3.998528480529785, "mode": "train", "epoch": 51}
{"loss": 0.2386646568775177, "acc": 0.8967971801757812, "length": 4.0, "mode": "test", "epoch": 51}
{"loss": 0.20514079928398132, "acc": 0.9212662577629089, "length": 3.998349189758301, "mode": "train", "epoch": 52}
{"loss": 0.2360677719116211, "acc": 0.8935942053794861, "length": 4.0, "mode": "test", "epoch": 52}
{"loss": 0.20989762246608734, "acc": 0.9163864850997925, "length": 3.9981203079223633, "mode": "train", "epoch": 53}
{"loss": 0.2345184087753296, "acc": 0.8996440172195435, "length": 4.0, "mode": "test", "epoch": 53}
{"loss": 0.2064821869134903, "acc": 0.9176514744758606, "length": 3.9984774589538574, "mode": "train", "epoch": 54}
{"loss": 0.23494288325309753, "acc": 0.9024910926818848, "length": 4.0, "mode": "test", "epoch": 54}
{"loss": 0.20480994880199432, "acc": 0.9182359576225281, "length": 3.99847674369812, "mode": "train", "epoch": 55}
{"loss": 0.22713468968868256, "acc": 0.9039145112037659, "length": 4.0, "mode": "test", "epoch": 55}
{"loss": 0.2028333842754364, "acc": 0.9211210608482361, "length": 3.998873472213745, "mode": "train", "epoch": 56}
{"loss": 0.23203949630260468, "acc": 0.9074732065200806, "length": 4.0, "mode": "test", "epoch": 56}
{"loss": 0.1984519362449646, "acc": 0.9211751222610474, "length": 3.998777151107788, "mode": "train", "epoch": 57}
{"loss": 0.2244206964969635, "acc": 0.9037367105484009, "length": 4.0, "mode": "test", "epoch": 57}
{"loss": 0.19490690529346466, "acc": 0.9225533604621887, "length": 3.9989640712738037, "mode": "train", "epoch": 58}
{"loss": 0.226446732878685, "acc": 0.9028468728065491, "length": 4.0, "mode": "test", "epoch": 58}
{"loss": 0.19717614352703094, "acc": 0.9205853343009949, "length": 3.998971462249756, "mode": "train", "epoch": 59}
{"loss": 0.23445574939250946, "acc": 0.9065836071968079, "length": 4.0, "mode": "test", "epoch": 59}
{"loss": 0.19432035088539124, "acc": 0.9235122799873352, "length": 3.9990944862365723, "mode": "train", "epoch": 60}
{"loss": 0.21954351663589478, "acc": 0.9076511263847351, "length": 4.0, "mode": "test", "epoch": 60}
test accuracy: 0.8801562190055847
