# ["--attributes=3", "--values=16", "--game_size=10", "--vocab_size_factor=3", "--n_epochs=60", "--batch_size=128", "--learning_rate=0.0005", "--hidden_size=256", "--temp_update=0.97", "--temperature=1"]
Creating train_ds and val_ds...

Creating test_ds...
{"loss": 0.7056635618209839, "acc": 0.5075041651725769, "length": 3.4142136573791504, "mode": "train", "epoch": 1}
{"loss": 0.6956257224082947, "acc": 0.5182593464851379, "length": 1.0, "mode": "test", "epoch": 1}
{"loss": 0.6962427496910095, "acc": 0.5199814438819885, "length": 2.962324380874634, "mode": "train", "epoch": 2}
{"loss": 0.6872255802154541, "acc": 0.5508532524108887, "length": 1.0, "mode": "test", "epoch": 2}
{"loss": 0.6877899765968323, "acc": 0.5361580848693848, "length": 2.072359561920166, "mode": "train", "epoch": 3}
{"loss": 0.6890448331832886, "acc": 0.5409557223320007, "length": 1.0, "mode": "test", "epoch": 3}
{"loss": 0.6725617051124573, "acc": 0.5818873047828674, "length": 2.1348230838775635, "mode": "train", "epoch": 4}
{"loss": 0.649377703666687, "acc": 0.6320408582687378, "length": 1.7030717134475708, "mode": "test", "epoch": 4}
{"loss": 0.6357134580612183, "acc": 0.6627938747406006, "length": 2.383711338043213, "mode": "train", "epoch": 5}
{"loss": 0.6096051931381226, "acc": 0.6928794980049133, "length": 2.2525596618652344, "mode": "test", "epoch": 5}
{"loss": 0.598059892654419, "acc": 0.6863277554512024, "length": 2.5542359352111816, "mode": "train", "epoch": 6}
{"loss": 0.5793521404266357, "acc": 0.6853620409965515, "length": 2.4129693508148193, "mode": "test", "epoch": 6}
{"loss": 0.5616036057472229, "acc": 0.7099612355232239, "length": 2.6924641132354736, "mode": "train", "epoch": 7}
{"loss": 0.5506414175033569, "acc": 0.740088939666748, "length": 2.474402666091919, "mode": "test", "epoch": 7}
{"loss": 0.5258254408836365, "acc": 0.7420334219932556, "length": 2.8299548625946045, "mode": "train", "epoch": 8}
{"loss": 0.4994415044784546, "acc": 0.7820845246315002, "length": 2.96928334236145, "mode": "test", "epoch": 8}
{"loss": 0.4725283980369568, "acc": 0.7876661419868469, "length": 3.1607794761657715, "mode": "train", "epoch": 9}
{"loss": 0.4502283036708832, "acc": 0.7938706874847412, "length": 3.3856654167175293, "mode": "test", "epoch": 9}
{"loss": 0.4318162500858307, "acc": 0.8051344156265259, "length": 3.3458425998687744, "mode": "train", "epoch": 10}
{"loss": 0.42064136266708374, "acc": 0.8076921105384827, "length": 3.52901029586792, "mode": "test", "epoch": 10}
{"loss": 0.40928366780281067, "acc": 0.8160126209259033, "length": 3.434431791305542, "mode": "train", "epoch": 11}
{"loss": 0.4235299229621887, "acc": 0.8056154251098633, "length": 3.498293399810791, "mode": "test", "epoch": 11}
{"loss": 0.40046781301498413, "acc": 0.8231023550033569, "length": 3.435006856918335, "mode": "train", "epoch": 12}
{"loss": 0.4190445840358734, "acc": 0.8034153580665588, "length": 3.498293399810791, "mode": "test", "epoch": 12}
{"loss": 0.388742059469223, "acc": 0.8247438073158264, "length": 3.405083656311035, "mode": "train", "epoch": 13}
{"loss": 0.40892302989959717, "acc": 0.8047377467155457, "length": 3.477815628051758, "mode": "test", "epoch": 13}
{"loss": 0.3838100731372833, "acc": 0.8231104612350464, "length": 3.4395580291748047, "mode": "train", "epoch": 14}
{"loss": 0.4123469591140747, "acc": 0.8060376644134521, "length": 3.419795274734497, "mode": "test", "epoch": 14}
{"loss": 0.3776821494102478, "acc": 0.8271226286888123, "length": 3.429353713989258, "mode": "train", "epoch": 15}
{"loss": 0.40013837814331055, "acc": 0.8009450435638428, "length": 3.477815628051758, "mode": "test", "epoch": 15}
{"loss": 0.3708745837211609, "acc": 0.8323897123336792, "length": 3.414203405380249, "mode": "train", "epoch": 16}
{"loss": 0.4025864005088806, "acc": 0.8175617456436157, "length": 3.416382312774658, "mode": "test", "epoch": 16}
{"loss": 0.3655150532722473, "acc": 0.8380492925643921, "length": 3.446028470993042, "mode": "train", "epoch": 17}
{"loss": 0.3831164538860321, "acc": 0.8197970986366272, "length": 3.4573378562927246, "mode": "test", "epoch": 17}
{"loss": 0.35949867963790894, "acc": 0.8410889506340027, "length": 3.502011299133301, "mode": "train", "epoch": 18}
{"loss": 0.3860780596733093, "acc": 0.8235487937927246, "length": 3.583617687225342, "mode": "test", "epoch": 18}
{"loss": 0.3532038927078247, "acc": 0.8466216921806335, "length": 3.5541956424713135, "mode": "train", "epoch": 19}
{"loss": 0.37635350227355957, "acc": 0.823300302028656, "length": 3.6450512409210205, "mode": "test", "epoch": 19}
{"loss": 0.34892091155052185, "acc": 0.8448998332023621, "length": 3.5682218074798584, "mode": "train", "epoch": 20}
{"loss": 0.3671627640724182, "acc": 0.8210195899009705, "length": 3.477815628051758, "mode": "test", "epoch": 20}
{"loss": 0.3403012454509735, "acc": 0.8495111465454102, "length": 3.5081427097320557, "mode": "train", "epoch": 21}
{"loss": 0.3670911192893982, "acc": 0.8209030628204346, "length": 3.4812285900115967, "mode": "test", "epoch": 21}
{"loss": 0.3344908058643341, "acc": 0.850957453250885, "length": 3.497080087661743, "mode": "train", "epoch": 22}
{"loss": 0.35447466373443604, "acc": 0.8296867609024048, "length": 3.576791763305664, "mode": "test", "epoch": 22}
{"loss": 0.3336907625198364, "acc": 0.8541919589042664, "length": 3.5327353477478027, "mode": "train", "epoch": 23}
{"loss": 0.36570534110069275, "acc": 0.8334927558898926, "length": 3.467576742172241, "mode": "test", "epoch": 23}
{"loss": 0.33386698365211487, "acc": 0.854040801525116, "length": 3.5255115032196045, "mode": "train", "epoch": 24}
{"loss": 0.3495733141899109, "acc": 0.8347891569137573, "length": 3.607508420944214, "mode": "test", "epoch": 24}
{"loss": 0.3295484483242035, "acc": 0.8541227579116821, "length": 3.556582450866699, "mode": "train", "epoch": 25}
{"loss": 0.36337074637413025, "acc": 0.8342351317405701, "length": 3.443686008453369, "mode": "test", "epoch": 25}
{"loss": 0.324235737323761, "acc": 0.8607476949691772, "length": 3.5100247859954834, "mode": "train", "epoch": 26}
{"loss": 0.3406746983528137, "acc": 0.8460808396339417, "length": 3.5392491817474365, "mode": "test", "epoch": 26}
{"loss": 0.32092946767807007, "acc": 0.8602493405342102, "length": 3.5543770790100098, "mode": "train", "epoch": 27}
{"loss": 0.3400614857673645, "acc": 0.8398330211639404, "length": 3.5870306491851807, "mode": "test", "epoch": 27}
{"loss": 0.31724461913108826, "acc": 0.862734854221344, "length": 3.611558675765991, "mode": "train", "epoch": 28}
{"loss": 0.34325307607650757, "acc": 0.8424249887466431, "length": 3.573378801345825, "mode": "test", "epoch": 28}
{"loss": 0.31546148657798767, "acc": 0.8617648482322693, "length": 3.6326465606689453, "mode": "train", "epoch": 29}
{"loss": 0.33383864164352417, "acc": 0.8433887958526611, "length": 3.6177475452423096, "mode": "test", "epoch": 29}
{"loss": 0.31450778245925903, "acc": 0.8618243932723999, "length": 3.661147117614746, "mode": "train", "epoch": 30}
{"loss": 0.33559489250183105, "acc": 0.8471399545669556, "length": 3.7269625663757324, "mode": "test", "epoch": 30}
{"loss": 0.31017422676086426, "acc": 0.8651823401451111, "length": 3.698425054550171, "mode": "train", "epoch": 31}
{"loss": 0.3314611613750458, "acc": 0.8468729257583618, "length": 3.740614414215088, "mode": "test", "epoch": 31}
{"loss": 0.30487751960754395, "acc": 0.8686862587928772, "length": 3.699162244796753, "mode": "train", "epoch": 32}
{"loss": 0.32309389114379883, "acc": 0.8465506434440613, "length": 3.7986347675323486, "mode": "test", "epoch": 32}
{"loss": 0.3015698790550232, "acc": 0.8668482303619385, "length": 3.791029453277588, "mode": "train", "epoch": 33}
{"loss": 0.3207477927207947, "acc": 0.8558869957923889, "length": 3.866894245147705, "mode": "test", "epoch": 33}
{"loss": 0.30159687995910645, "acc": 0.8700163960456848, "length": 3.7865347862243652, "mode": "train", "epoch": 34}
{"loss": 0.3310256600379944, "acc": 0.8503804802894592, "length": 3.784982919692993, "mode": "test", "epoch": 34}
{"loss": 0.2996101379394531, "acc": 0.8704884052276611, "length": 3.8092949390411377, "mode": "train", "epoch": 35}
{"loss": 0.32312941551208496, "acc": 0.8547175526618958, "length": 3.897610902786255, "mode": "test", "epoch": 35}
{"loss": 0.2929409146308899, "acc": 0.8717220425605774, "length": 3.8004584312438965, "mode": "train", "epoch": 36}
{"loss": 0.34199151396751404, "acc": 0.8474550247192383, "length": 3.8259384632110596, "mode": "test", "epoch": 36}
{"loss": 0.28855380415916443, "acc": 0.873946487903595, "length": 3.778315782546997, "mode": "train", "epoch": 37}
{"loss": 0.32358694076538086, "acc": 0.8543678522109985, "length": 3.873720169067383, "mode": "test", "epoch": 37}
{"loss": 0.28446143865585327, "acc": 0.8757691979408264, "length": 3.8024258613586426, "mode": "train", "epoch": 38}
{"loss": 0.30341190099716187, "acc": 0.8650939464569092, "length": 3.846416473388672, "mode": "test", "epoch": 38}
{"loss": 0.27514445781707764, "acc": 0.8796702027320862, "length": 3.824603796005249, "mode": "train", "epoch": 39}
{"loss": 0.3030129671096802, "acc": 0.8662078976631165, "length": 3.843003511428833, "mode": "test", "epoch": 39}
{"loss": 0.26894479990005493, "acc": 0.8886653780937195, "length": 3.802110195159912, "mode": "train", "epoch": 40}
{"loss": 0.2910779118537903, "acc": 0.8776834607124329, "length": 3.8088736534118652, "mode": "test", "epoch": 40}
{"loss": 0.26016899943351746, "acc": 0.890024721622467, "length": 3.7701656818389893, "mode": "train", "epoch": 41}
{"loss": 0.27065250277519226, "acc": 0.883112370967865, "length": 3.7747440338134766, "mode": "test", "epoch": 41}
{"loss": 0.25751832127571106, "acc": 0.8947576880455017, "length": 3.7711334228515625, "mode": "train", "epoch": 42}
{"loss": 0.2702615261077881, "acc": 0.8870030045509338, "length": 3.7781569957733154, "mode": "test", "epoch": 42}
{"loss": 0.2506164014339447, "acc": 0.8942939043045044, "length": 3.7781362533569336, "mode": "train", "epoch": 43}
{"loss": 0.2769696116447449, "acc": 0.8856896162033081, "length": 3.7815699577331543, "mode": "test", "epoch": 43}
{"loss": 0.2496812790632248, "acc": 0.8936256170272827, "length": 3.776859998703003, "mode": "train", "epoch": 44}
{"loss": 0.25248655676841736, "acc": 0.8900960683822632, "length": 3.812286615371704, "mode": "test", "epoch": 44}
{"loss": 0.24558095633983612, "acc": 0.900184690952301, "length": 3.761040687561035, "mode": "train", "epoch": 45}
{"loss": 0.25044792890548706, "acc": 0.8953768014907837, "length": 3.761092185974121, "mode": "test", "epoch": 45}
{"loss": 0.23692968487739563, "acc": 0.9049112796783447, "length": 3.71223783493042, "mode": "train", "epoch": 46}
{"loss": 0.24759861826896667, "acc": 0.8975866436958313, "length": 3.7747440338134766, "mode": "test", "epoch": 46}
{"loss": 0.2326580286026001, "acc": 0.9066183567047119, "length": 3.7289745807647705, "mode": "train", "epoch": 47}
{"loss": 0.23627999424934387, "acc": 0.8976449966430664, "length": 3.819112539291382, "mode": "test", "epoch": 47}
{"loss": 0.22927284240722656, "acc": 0.9095872640609741, "length": 3.7771525382995605, "mode": "train", "epoch": 48}
{"loss": 0.24544692039489746, "acc": 0.8990099430084229, "length": 3.8088736534118652, "mode": "test", "epoch": 48}
{"loss": 0.22745244204998016, "acc": 0.9073933959007263, "length": 3.7490594387054443, "mode": "train", "epoch": 49}
{"loss": 0.2300601303577423, "acc": 0.9073443412780762, "length": 3.7986347675323486, "mode": "test", "epoch": 49}
{"loss": 0.2229110598564148, "acc": 0.9128044843673706, "length": 3.7331573963165283, "mode": "train", "epoch": 50}
{"loss": 0.21780264377593994, "acc": 0.9121133089065552, "length": 3.7781569957733154, "mode": "test", "epoch": 50}
{"loss": 0.21513669192790985, "acc": 0.9197611212730408, "length": 3.7476251125335693, "mode": "train", "epoch": 51}
{"loss": 0.2147291600704193, "acc": 0.915549099445343, "length": 3.8020477294921875, "mode": "test", "epoch": 51}
{"loss": 0.21539902687072754, "acc": 0.9144080281257629, "length": 3.7329933643341064, "mode": "train", "epoch": 52}
{"loss": 0.2182304561138153, "acc": 0.9126911759376526, "length": 3.7542662620544434, "mode": "test", "epoch": 52}
{"loss": 0.21721398830413818, "acc": 0.9184433817863464, "length": 3.724149227142334, "mode": "train", "epoch": 53}
{"loss": 0.22625671327114105, "acc": 0.9080891609191895, "length": 3.7440273761749268, "mode": "test", "epoch": 53}
{"loss": 0.2131604701280594, "acc": 0.9175524711608887, "length": 3.7188994884490967, "mode": "train", "epoch": 54}
{"loss": 0.21899336576461792, "acc": 0.9108308553695679, "length": 3.8088736534118652, "mode": "test", "epoch": 54}
{"loss": 0.2124677449464798, "acc": 0.9189802408218384, "length": 3.735930919647217, "mode": "train", "epoch": 55}
{"loss": 0.21920225024223328, "acc": 0.909016489982605, "length": 3.7815699577331543, "mode": "test", "epoch": 55}
{"loss": 0.2114064246416092, "acc": 0.9166792631149292, "length": 3.7642509937286377, "mode": "train", "epoch": 56}
{"loss": 0.21330305933952332, "acc": 0.9143648743629456, "length": 3.8327643871307373, "mode": "test", "epoch": 56}
{"loss": 0.20736180245876312, "acc": 0.9190504550933838, "length": 3.7512824535369873, "mode": "train", "epoch": 57}
{"loss": 0.21491926908493042, "acc": 0.9116706848144531, "length": 3.791808843612671, "mode": "test", "epoch": 57}
{"loss": 0.20538948476314545, "acc": 0.9207165241241455, "length": 3.733323812484741, "mode": "train", "epoch": 58}
{"loss": 0.20790106058120728, "acc": 0.9171367287635803, "length": 3.791808843612671, "mode": "test", "epoch": 58}
{"loss": 0.20401839911937714, "acc": 0.9201796054840088, "length": 3.7443149089813232, "mode": "train", "epoch": 59}
{"loss": 0.21082668006420135, "acc": 0.9134429693222046, "length": 3.812286615371704, "mode": "test", "epoch": 59}
{"loss": 0.2037048637866974, "acc": 0.9203216433525085, "length": 3.756047248840332, "mode": "train", "epoch": 60}
{"loss": 0.21069054305553436, "acc": 0.9140841364860535, "length": 3.8020477294921875, "mode": "test", "epoch": 60}
test accuracy: 0.8406639099121094
