# ["--attributes=3", "--values=16", "--game_size=10", "--vocab_size_factor=3", "--n_epochs=60", "--batch_size=128", "--learning_rate=0.0005", "--hidden_size=256", "--temp_update=0.97", "--temperature=2"]
Creating train_ds and val_ds...

Creating test_ds...
{"loss": 0.6971873044967651, "acc": 0.5244835019111633, "length": 3.534053325653076, "mode": "train", "epoch": 1}
{"loss": 0.6950141191482544, "acc": 0.4982205927371979, "length": 1.0, "mode": "test", "epoch": 1}
{"loss": 0.696803629398346, "acc": 0.5208569765090942, "length": 3.367542266845703, "mode": "train", "epoch": 2}
{"loss": 0.6903192400932312, "acc": 0.524199366569519, "length": 1.0, "mode": "test", "epoch": 2}
{"loss": 0.688544511795044, "acc": 0.5379286408424377, "length": 3.0820038318634033, "mode": "train", "epoch": 3}
{"loss": 0.6910082697868347, "acc": 0.527046263217926, "length": 1.0, "mode": "test", "epoch": 3}
{"loss": 0.6820626854896545, "acc": 0.566154420375824, "length": 2.634943723678589, "mode": "train", "epoch": 4}
{"loss": 0.6886835098266602, "acc": 0.5377058982849121, "length": 1.1494661569595337, "mode": "test", "epoch": 4}
{"loss": 0.6609904766082764, "acc": 0.6403466463088989, "length": 2.85892391204834, "mode": "train", "epoch": 5}
{"loss": 0.6085894107818604, "acc": 0.7331774234771729, "length": 3.6156582832336426, "mode": "test", "epoch": 5}
{"loss": 0.6072481870651245, "acc": 0.7293274998664856, "length": 3.385160207748413, "mode": "train", "epoch": 6}
{"loss": 0.5477510690689087, "acc": 0.771352231502533, "length": 4.0, "mode": "test", "epoch": 6}
{"loss": 0.5246341824531555, "acc": 0.7860710620880127, "length": 3.7615745067596436, "mode": "train", "epoch": 7}
{"loss": 0.5053162574768066, "acc": 0.767793595790863, "length": 4.0, "mode": "test", "epoch": 7}
{"loss": 0.47719335556030273, "acc": 0.7892159223556519, "length": 3.9132139682769775, "mode": "train", "epoch": 8}
{"loss": 0.4898403584957123, "acc": 0.7809607982635498, "length": 4.0, "mode": "test", "epoch": 8}
{"loss": 0.46124181151390076, "acc": 0.7994715571403503, "length": 3.9511497020721436, "mode": "train", "epoch": 9}
{"loss": 0.464619517326355, "acc": 0.7862989902496338, "length": 4.0, "mode": "test", "epoch": 9}
{"loss": 0.43947961926460266, "acc": 0.8120889663696289, "length": 3.9575564861297607, "mode": "train", "epoch": 10}
{"loss": 0.4669927954673767, "acc": 0.7948399782180786, "length": 4.0, "mode": "test", "epoch": 10}
{"loss": 0.4192609190940857, "acc": 0.8156613707542419, "length": 3.9622998237609863, "mode": "train", "epoch": 11}
{"loss": 0.4465786814689636, "acc": 0.8092526197433472, "length": 4.0, "mode": "test", "epoch": 11}
{"loss": 0.402866393327713, "acc": 0.8223530650138855, "length": 3.9743216037750244, "mode": "train", "epoch": 12}
{"loss": 0.4214753806591034, "acc": 0.8206405639648438, "length": 4.0, "mode": "test", "epoch": 12}
{"loss": 0.3839280903339386, "acc": 0.8284215331077576, "length": 3.979837417602539, "mode": "train", "epoch": 13}
{"loss": 0.41505786776542664, "acc": 0.8174378871917725, "length": 4.0, "mode": "test", "epoch": 13}
{"loss": 0.37018170952796936, "acc": 0.8301616907119751, "length": 3.9855499267578125, "mode": "train", "epoch": 14}
{"loss": 0.39261743426322937, "acc": 0.8282917737960815, "length": 4.0, "mode": "test", "epoch": 14}
{"loss": 0.35905155539512634, "acc": 0.8337270617485046, "length": 3.98852276802063, "mode": "train", "epoch": 15}
{"loss": 0.3835526704788208, "acc": 0.8275800347328186, "length": 4.0, "mode": "test", "epoch": 15}
{"loss": 0.3537357449531555, "acc": 0.833740234375, "length": 3.9912972450256348, "mode": "train", "epoch": 16}
{"loss": 0.3798694610595703, "acc": 0.8387901186943054, "length": 4.0, "mode": "test", "epoch": 16}
{"loss": 0.3517187237739563, "acc": 0.8412359952926636, "length": 3.9930331707000732, "mode": "train", "epoch": 17}
{"loss": 0.354627788066864, "acc": 0.8480426073074341, "length": 4.0, "mode": "test", "epoch": 17}
{"loss": 0.3362827003002167, "acc": 0.8514859080314636, "length": 3.993746042251587, "mode": "train", "epoch": 18}
{"loss": 0.3532389998435974, "acc": 0.8459075093269348, "length": 4.0, "mode": "test", "epoch": 18}
{"loss": 0.3342493772506714, "acc": 0.8532804250717163, "length": 3.994966983795166, "mode": "train", "epoch": 19}
{"loss": 0.34103497862815857, "acc": 0.8533807396888733, "length": 4.0, "mode": "test", "epoch": 19}
{"loss": 0.3278730511665344, "acc": 0.8569914102554321, "length": 3.9961249828338623, "mode": "train", "epoch": 20}
{"loss": 0.3431527614593506, "acc": 0.8560498356819153, "length": 4.0, "mode": "test", "epoch": 20}
{"loss": 0.32613664865493774, "acc": 0.8544304966926575, "length": 3.9967546463012695, "mode": "train", "epoch": 21}
{"loss": 0.34531116485595703, "acc": 0.8588967323303223, "length": 4.0, "mode": "test", "epoch": 21}
{"loss": 0.32169029116630554, "acc": 0.8595180511474609, "length": 3.9983222484588623, "mode": "train", "epoch": 22}
{"loss": 0.3304455876350403, "acc": 0.861565887928009, "length": 4.0, "mode": "test", "epoch": 22}
{"loss": 0.31374818086624146, "acc": 0.8649998307228088, "length": 3.998396158218384, "mode": "train", "epoch": 23}
{"loss": 0.31729796528816223, "acc": 0.8661921620368958, "length": 4.0, "mode": "test", "epoch": 23}
{"loss": 0.3158441185951233, "acc": 0.8630988001823425, "length": 3.9989919662475586, "mode": "train", "epoch": 24}
{"loss": 0.3270915150642395, "acc": 0.8624553680419922, "length": 4.0, "mode": "test", "epoch": 24}
{"loss": 0.30663883686065674, "acc": 0.869794487953186, "length": 3.99751615524292, "mode": "train", "epoch": 25}
{"loss": 0.3089814782142639, "acc": 0.8670819401741028, "length": 4.0, "mode": "test", "epoch": 25}
{"loss": 0.3053748309612274, "acc": 0.8662574887275696, "length": 3.998312473297119, "mode": "train", "epoch": 26}
{"loss": 0.3091760575771332, "acc": 0.8669038414955139, "length": 4.0, "mode": "test", "epoch": 26}
{"loss": 0.29857730865478516, "acc": 0.8729884624481201, "length": 3.9991910457611084, "mode": "train", "epoch": 27}
{"loss": 0.3010557293891907, "acc": 0.8724197745323181, "length": 4.0, "mode": "test", "epoch": 27}
{"loss": 0.28563934564590454, "acc": 0.8734148144721985, "length": 3.9995925426483154, "mode": "train", "epoch": 28}
{"loss": 0.2953184247016907, "acc": 0.8731315732002258, "length": 4.0, "mode": "test", "epoch": 28}
{"loss": 0.279175341129303, "acc": 0.88006591796875, "length": 3.997776746749878, "mode": "train", "epoch": 29}
{"loss": 0.2806072533130646, "acc": 0.8807829022407532, "length": 4.0, "mode": "test", "epoch": 29}
{"loss": 0.27365997433662415, "acc": 0.8905154466629028, "length": 3.999612331390381, "mode": "train", "epoch": 30}
{"loss": 0.2798250913619995, "acc": 0.878113865852356, "length": 4.0, "mode": "test", "epoch": 30}
{"loss": 0.26309406757354736, "acc": 0.892723023891449, "length": 3.999688148498535, "mode": "train", "epoch": 31}
{"loss": 0.26883062720298767, "acc": 0.8882561922073364, "length": 4.0, "mode": "test", "epoch": 31}
{"loss": 0.26865488290786743, "acc": 0.8909379839897156, "length": 3.9998393058776855, "mode": "train", "epoch": 32}
{"loss": 0.2555246353149414, "acc": 0.8932386040687561, "length": 4.0, "mode": "test", "epoch": 32}
{"loss": 0.2659287452697754, "acc": 0.8935593366622925, "length": 3.9998109340667725, "mode": "train", "epoch": 33}
{"loss": 0.26993489265441895, "acc": 0.88185054063797, "length": 4.0, "mode": "test", "epoch": 33}
{"loss": 0.25641176104545593, "acc": 0.8919532895088196, "length": 3.999913215637207, "mode": "train", "epoch": 34}
{"loss": 0.26348549127578735, "acc": 0.8880783319473267, "length": 4.0, "mode": "test", "epoch": 34}
{"loss": 0.24863794445991516, "acc": 0.8995779156684875, "length": 3.999871015548706, "mode": "train", "epoch": 35}
{"loss": 0.2523955702781677, "acc": 0.8998221158981323, "length": 4.0, "mode": "test", "epoch": 35}
{"loss": 0.24042287468910217, "acc": 0.905469536781311, "length": 3.9995510578155518, "mode": "train", "epoch": 36}
{"loss": 0.24628591537475586, "acc": 0.900355875492096, "length": 4.0, "mode": "test", "epoch": 36}
{"loss": 0.23493120074272156, "acc": 0.9097270965576172, "length": 3.998785972595215, "mode": "train", "epoch": 37}
{"loss": 0.25759831070899963, "acc": 0.8992884159088135, "length": 4.0, "mode": "test", "epoch": 37}
{"loss": 0.23663277924060822, "acc": 0.9106648564338684, "length": 3.999936819076538, "mode": "train", "epoch": 38}
{"loss": 0.24882201850414276, "acc": 0.8998220562934875, "length": 4.0, "mode": "test", "epoch": 38}
{"loss": 0.2378213107585907, "acc": 0.9047638177871704, "length": 3.999842882156372, "mode": "train", "epoch": 39}
{"loss": 0.2659304141998291, "acc": 0.8973308205604553, "length": 4.0, "mode": "test", "epoch": 39}
{"loss": 0.25035953521728516, "acc": 0.9065544009208679, "length": 3.999962091445923, "mode": "train", "epoch": 40}
{"loss": 0.24630630016326904, "acc": 0.9046263694763184, "length": 4.0, "mode": "test", "epoch": 40}
{"loss": 0.23701277375221252, "acc": 0.9084623456001282, "length": 3.999995708465576, "mode": "train", "epoch": 41}
{"loss": 0.25347548723220825, "acc": 0.8948398232460022, "length": 4.0, "mode": "test", "epoch": 41}
{"loss": 0.23410964012145996, "acc": 0.9115610122680664, "length": 3.9999890327453613, "mode": "train", "epoch": 42}
{"loss": 0.24088740348815918, "acc": 0.8991103172302246, "length": 4.0, "mode": "test", "epoch": 42}
{"loss": 0.22524583339691162, "acc": 0.9099521040916443, "length": 3.9999983310699463, "mode": "train", "epoch": 43}
{"loss": 0.22321896255016327, "acc": 0.9088969230651855, "length": 4.0, "mode": "test", "epoch": 43}
{"loss": 0.22207359969615936, "acc": 0.9120379090309143, "length": 3.9999983310699463, "mode": "train", "epoch": 44}
{"loss": 0.23995208740234375, "acc": 0.8980427980422974, "length": 4.0, "mode": "test", "epoch": 44}
{"loss": 0.22237266600131989, "acc": 0.9137046337127686, "length": 3.999911308288574, "mode": "train", "epoch": 45}
{"loss": 0.2375478446483612, "acc": 0.9055159091949463, "length": 4.0, "mode": "test", "epoch": 45}
{"loss": 0.2231016606092453, "acc": 0.915136992931366, "length": 3.999997615814209, "mode": "train", "epoch": 46}
{"loss": 0.24337458610534668, "acc": 0.9092526435852051, "length": 4.0, "mode": "test", "epoch": 46}
{"loss": 0.21269676089286804, "acc": 0.9148387908935547, "length": 3.9999935626983643, "mode": "train", "epoch": 47}
{"loss": 0.24150308966636658, "acc": 0.9005337357521057, "length": 4.0, "mode": "test", "epoch": 47}
{"loss": 0.2184346318244934, "acc": 0.9157328009605408, "length": 3.9999935626983643, "mode": "train", "epoch": 48}
{"loss": 0.23323319852352142, "acc": 0.9046265482902527, "length": 4.0, "mode": "test", "epoch": 48}
{"loss": 0.21190348267555237, "acc": 0.9172658920288086, "length": 3.9997200965881348, "mode": "train", "epoch": 49}
{"loss": 0.23434625566005707, "acc": 0.9048044085502625, "length": 4.0, "mode": "test", "epoch": 49}
{"loss": 0.21238671243190765, "acc": 0.9148984551429749, "length": 3.9999964237213135, "mode": "train", "epoch": 50}
{"loss": 0.22630763053894043, "acc": 0.9071173071861267, "length": 4.0, "mode": "test", "epoch": 50}
{"loss": 0.20809727907180786, "acc": 0.9146603345870972, "length": 3.9999990463256836, "mode": "train", "epoch": 51}
{"loss": 0.24952566623687744, "acc": 0.9048042297363281, "length": 4.0, "mode": "test", "epoch": 51}
{"loss": 0.2066308706998825, "acc": 0.9175326824188232, "length": 3.99885630607605, "mode": "train", "epoch": 52}
{"loss": 0.2318730354309082, "acc": 0.9060498476028442, "length": 4.0, "mode": "test", "epoch": 52}
{"loss": 0.2058565765619278, "acc": 0.9207387566566467, "length": 3.99999737739563, "mode": "train", "epoch": 53}
{"loss": 0.24569229781627655, "acc": 0.9069393873214722, "length": 4.0, "mode": "test", "epoch": 53}
{"loss": 0.2055578976869583, "acc": 0.921811580657959, "length": 3.999999761581421, "mode": "train", "epoch": 54}
{"loss": 0.23674564063549042, "acc": 0.9071173667907715, "length": 4.0, "mode": "test", "epoch": 54}
{"loss": 0.20415948331356049, "acc": 0.9197258949279785, "length": 3.999999523162842, "mode": "train", "epoch": 55}
{"loss": 0.21622143685817719, "acc": 0.9149465560913086, "length": 4.0, "mode": "test", "epoch": 55}
{"loss": 0.2030417025089264, "acc": 0.9196662902832031, "length": 4.0, "mode": "train", "epoch": 56}
{"loss": 0.22079984843730927, "acc": 0.9129892587661743, "length": 4.0, "mode": "test", "epoch": 56}
{"loss": 0.20282293856143951, "acc": 0.9206794500350952, "length": 3.9999983310699463, "mode": "train", "epoch": 57}
{"loss": 0.20343101024627686, "acc": 0.9177934527397156, "length": 4.0, "mode": "test", "epoch": 57}
{"loss": 0.19609980285167694, "acc": 0.9221692085266113, "length": 4.0, "mode": "train", "epoch": 58}
{"loss": 0.2083272933959961, "acc": 0.9128113985061646, "length": 4.0, "mode": "test", "epoch": 58}
{"loss": 0.1983998566865921, "acc": 0.9231227040290833, "length": 4.0, "mode": "train", "epoch": 59}
{"loss": 0.23042285442352295, "acc": 0.9042704105377197, "length": 4.0, "mode": "test", "epoch": 59}
{"loss": 0.19637231528759003, "acc": 0.9233015775680542, "length": 3.9999988079071045, "mode": "train", "epoch": 60}
{"loss": 0.21238094568252563, "acc": 0.912811279296875, "length": 4.0, "mode": "test", "epoch": 60}
test accuracy: 0.82484370470047
