# ["--attributes=3", "--values=16", "--game_size=10", "--vocab_size_factor=3", "--n_epochs=60", "--batch_size=128", "--learning_rate=0.0005", "--hidden_size=256", "--temp_update=0.99", "--temperature=1.5"]
Creating train_ds and val_ds...

Creating test_ds...
{"loss": 0.7023417949676514, "acc": 0.5184999108314514, "length": 3.491297960281372, "mode": "train", "epoch": 1}
{"loss": 0.6981531977653503, "acc": 0.49861109256744385, "length": 1.0, "mode": "test", "epoch": 1}
{"loss": 0.694008469581604, "acc": 0.5397192239761353, "length": 3.257237434387207, "mode": "train", "epoch": 2}
{"loss": 0.6919699907302856, "acc": 0.5234375, "length": 1.0, "mode": "test", "epoch": 2}
{"loss": 0.6875913739204407, "acc": 0.5490185022354126, "length": 2.744574546813965, "mode": "train", "epoch": 3}
{"loss": 0.6917940974235535, "acc": 0.5289971828460693, "length": 1.0034722089767456, "mode": "test", "epoch": 3}
{"loss": 0.672915518283844, "acc": 0.612791895866394, "length": 2.4785938262939453, "mode": "train", "epoch": 4}
{"loss": 0.6518722772598267, "acc": 0.6674900054931641, "length": 2.03125, "mode": "test", "epoch": 4}
{"loss": 0.6321583986282349, "acc": 0.6951179504394531, "length": 2.6733384132385254, "mode": "train", "epoch": 5}
{"loss": 0.5782426595687866, "acc": 0.7646172642707825, "length": 3.034722328186035, "mode": "test", "epoch": 5}
{"loss": 0.5624451637268066, "acc": 0.7649955153465271, "length": 2.9140312671661377, "mode": "train", "epoch": 6}
{"loss": 0.5197905898094177, "acc": 0.7673489451408386, "length": 3.378472328186035, "mode": "test", "epoch": 6}
{"loss": 0.4887416958808899, "acc": 0.8019230961799622, "length": 3.12483286857605, "mode": "train", "epoch": 7}
{"loss": 0.4723401665687561, "acc": 0.7890760898590088, "length": 3.3263888359069824, "mode": "test", "epoch": 7}
{"loss": 0.43541648983955383, "acc": 0.8140714764595032, "length": 3.192988872528076, "mode": "train", "epoch": 8}
{"loss": 0.45922333002090454, "acc": 0.7939345240592957, "length": 3.4270832538604736, "mode": "test", "epoch": 8}
{"loss": 0.41058269143104553, "acc": 0.8242228627204895, "length": 3.2734365463256836, "mode": "train", "epoch": 9}
{"loss": 0.4341907501220703, "acc": 0.8238512277603149, "length": 3.496527671813965, "mode": "test", "epoch": 9}
{"loss": 0.3947320878505707, "acc": 0.8311963081359863, "length": 3.2954909801483154, "mode": "train", "epoch": 10}
{"loss": 0.4239344596862793, "acc": 0.8306098580360413, "length": 3.336805582046509, "mode": "test", "epoch": 10}
{"loss": 0.374531626701355, "acc": 0.8461521863937378, "length": 3.2848448753356934, "mode": "train", "epoch": 11}
{"loss": 0.414181649684906, "acc": 0.8277466297149658, "length": 3.336805582046509, "mode": "test", "epoch": 11}
{"loss": 0.35426703095436096, "acc": 0.8540340662002563, "length": 3.2876081466674805, "mode": "train", "epoch": 12}
{"loss": 0.4117104411125183, "acc": 0.8362779021263123, "length": 3.3298611640930176, "mode": "test", "epoch": 12}
{"loss": 0.342093288898468, "acc": 0.8580564260482788, "length": 3.3612096309661865, "mode": "train", "epoch": 13}
{"loss": 0.38629692792892456, "acc": 0.8488132357597351, "length": 3.5, "mode": "test", "epoch": 13}
{"loss": 0.32840627431869507, "acc": 0.8671668171882629, "length": 3.408029317855835, "mode": "train", "epoch": 14}
{"loss": 0.36844512820243835, "acc": 0.8588162064552307, "length": 3.5763888359069824, "mode": "test", "epoch": 14}
{"loss": 0.3165367841720581, "acc": 0.8701650500297546, "length": 3.496006727218628, "mode": "train", "epoch": 15}
{"loss": 0.3633699417114258, "acc": 0.8587701320648193, "length": 3.7604167461395264, "mode": "test", "epoch": 15}
{"loss": 0.30388084053993225, "acc": 0.8726801872253418, "length": 3.5674328804016113, "mode": "train", "epoch": 16}
{"loss": 0.34293290972709656, "acc": 0.8624511361122131, "length": 3.871527671813965, "mode": "test", "epoch": 16}
{"loss": 0.2926849126815796, "acc": 0.8797743916511536, "length": 3.6615684032440186, "mode": "train", "epoch": 17}
{"loss": 0.34032386541366577, "acc": 0.8660969734191895, "length": 3.8333332538604736, "mode": "test", "epoch": 17}
{"loss": 0.29051724076271057, "acc": 0.878611147403717, "length": 3.711289644241333, "mode": "train", "epoch": 18}
{"loss": 0.34068578481674194, "acc": 0.8647624254226685, "length": 3.840277671813965, "mode": "test", "epoch": 18}
{"loss": 0.2831069529056549, "acc": 0.8799068927764893, "length": 3.695455312728882, "mode": "train", "epoch": 19}
{"loss": 0.35392117500305176, "acc": 0.8683158755302429, "length": 3.809027671813965, "mode": "test", "epoch": 19}
{"loss": 0.2773970067501068, "acc": 0.8839691281318665, "length": 3.696267604827881, "mode": "train", "epoch": 20}
{"loss": 0.3385295271873474, "acc": 0.870627224445343, "length": 3.8298611640930176, "mode": "test", "epoch": 20}
{"loss": 0.2752564549446106, "acc": 0.8815458416938782, "length": 3.7301127910614014, "mode": "train", "epoch": 21}
{"loss": 0.33852267265319824, "acc": 0.8662448525428772, "length": 3.8263888359069824, "mode": "test", "epoch": 21}
{"loss": 0.27175450325012207, "acc": 0.886724054813385, "length": 3.7349958419799805, "mode": "train", "epoch": 22}
{"loss": 0.3332773447036743, "acc": 0.8696438670158386, "length": 3.847222328186035, "mode": "test", "epoch": 22}
{"loss": 0.2683209180831909, "acc": 0.8889138698577881, "length": 3.702202320098877, "mode": "train", "epoch": 23}
{"loss": 0.32020843029022217, "acc": 0.8812825083732605, "length": 3.819444417953491, "mode": "test", "epoch": 23}
{"loss": 0.2639440894126892, "acc": 0.8939253687858582, "length": 3.697291851043701, "mode": "train", "epoch": 24}
{"loss": 0.3345331847667694, "acc": 0.8715738654136658, "length": 3.8333332538604736, "mode": "test", "epoch": 24}
{"loss": 0.25809115171432495, "acc": 0.8912625908851624, "length": 3.7376859188079834, "mode": "train", "epoch": 25}
{"loss": 0.341152161359787, "acc": 0.8715914487838745, "length": 3.8611111640930176, "mode": "test", "epoch": 25}
{"loss": 0.26161932945251465, "acc": 0.8895087242126465, "length": 3.691218137741089, "mode": "train", "epoch": 26}
{"loss": 0.31159913539886475, "acc": 0.8845174312591553, "length": 3.850694417953491, "mode": "test", "epoch": 26}
{"loss": 0.2563292980194092, "acc": 0.8916617035865784, "length": 3.748631477355957, "mode": "train", "epoch": 27}
{"loss": 0.31777453422546387, "acc": 0.8773288726806641, "length": 3.7986111640930176, "mode": "test", "epoch": 27}
{"loss": 0.2563105523586273, "acc": 0.8930235505104065, "length": 3.716097593307495, "mode": "train", "epoch": 28}
{"loss": 0.3198680579662323, "acc": 0.8817829489707947, "length": 3.8541667461395264, "mode": "test", "epoch": 28}
{"loss": 0.25002098083496094, "acc": 0.8969327211380005, "length": 3.7392802238464355, "mode": "train", "epoch": 29}
{"loss": 0.3310573399066925, "acc": 0.8868638873100281, "length": 3.836805582046509, "mode": "test", "epoch": 29}
{"loss": 0.2488306760787964, "acc": 0.8985188007354736, "length": 3.7237186431884766, "mode": "train", "epoch": 30}
{"loss": 0.31353676319122314, "acc": 0.8869235515594482, "length": 3.8576388359069824, "mode": "test", "epoch": 30}
{"loss": 0.24879992008209229, "acc": 0.9005063772201538, "length": 3.734736442565918, "mode": "train", "epoch": 31}
{"loss": 0.32850271463394165, "acc": 0.8656195998191833, "length": 3.7916667461395264, "mode": "test", "epoch": 31}
{"loss": 0.244350865483284, "acc": 0.9030193090438843, "length": 3.703608751296997, "mode": "train", "epoch": 32}
{"loss": 0.30932772159576416, "acc": 0.8949410319328308, "length": 3.8576388359069824, "mode": "test", "epoch": 32}
{"loss": 0.23648610711097717, "acc": 0.9027831554412842, "length": 3.75837779045105, "mode": "train", "epoch": 33}
{"loss": 0.3055780827999115, "acc": 0.8906548023223877, "length": 3.8611111640930176, "mode": "test", "epoch": 33}
{"loss": 0.23286393284797668, "acc": 0.909058690071106, "length": 3.753326654434204, "mode": "train", "epoch": 34}
{"loss": 0.30752265453338623, "acc": 0.8931872248649597, "length": 3.819444417953491, "mode": "test", "epoch": 34}
{"loss": 0.23191386461257935, "acc": 0.9064648151397705, "length": 3.75437068939209, "mode": "train", "epoch": 35}
{"loss": 0.30358225107192993, "acc": 0.8948689699172974, "length": 3.840277671813965, "mode": "test", "epoch": 35}
{"loss": 0.22309494018554688, "acc": 0.9131949543952942, "length": 3.7459590435028076, "mode": "train", "epoch": 36}
{"loss": 0.2980489730834961, "acc": 0.9030964970588684, "length": 3.871527671813965, "mode": "test", "epoch": 36}
{"loss": 0.22087670862674713, "acc": 0.9126817584037781, "length": 3.7859718799591064, "mode": "train", "epoch": 37}
{"loss": 0.2876729667186737, "acc": 0.8979464769363403, "length": 3.881944417953491, "mode": "test", "epoch": 37}
{"loss": 0.2207973152399063, "acc": 0.9104201197624207, "length": 3.8022139072418213, "mode": "train", "epoch": 38}
{"loss": 0.29096630215644836, "acc": 0.8953071236610413, "length": 3.8576388359069824, "mode": "test", "epoch": 38}
{"loss": 0.21533405780792236, "acc": 0.9145964980125427, "length": 3.8067381381988525, "mode": "train", "epoch": 39}
{"loss": 0.28665482997894287, "acc": 0.8976249694824219, "length": 3.875, "mode": "test", "epoch": 39}
{"loss": 0.20997600257396698, "acc": 0.9189253449440002, "length": 3.8201801776885986, "mode": "train", "epoch": 40}
{"loss": 0.2956831753253937, "acc": 0.8930827379226685, "length": 3.8645832538604736, "mode": "test", "epoch": 40}
{"loss": 0.20863498747348785, "acc": 0.9203079342842102, "length": 3.7907447814941406, "mode": "train", "epoch": 41}
{"loss": 0.2752982974052429, "acc": 0.9021444320678711, "length": 3.8611111640930176, "mode": "test", "epoch": 41}
{"loss": 0.20575064420700073, "acc": 0.9192275404930115, "length": 3.8233277797698975, "mode": "train", "epoch": 42}
{"loss": 0.2673567533493042, "acc": 0.9079141616821289, "length": 3.868055582046509, "mode": "test", "epoch": 42}
{"loss": 0.20395132899284363, "acc": 0.9238845705986023, "length": 3.7955069541931152, "mode": "train", "epoch": 43}
{"loss": 0.2794399857521057, "acc": 0.9075072407722473, "length": 3.8645832538604736, "mode": "test", "epoch": 43}
{"loss": 0.19935724139213562, "acc": 0.9183794856071472, "length": 3.804419755935669, "mode": "train", "epoch": 44}
{"loss": 0.2693997919559479, "acc": 0.9028809070587158, "length": 3.8611111640930176, "mode": "test", "epoch": 44}
{"loss": 0.19360610842704773, "acc": 0.9258549809455872, "length": 3.824666738510132, "mode": "train", "epoch": 45}
{"loss": 0.2587963938713074, "acc": 0.8971545100212097, "length": 3.8611111640930176, "mode": "test", "epoch": 45}
{"loss": 0.1854039877653122, "acc": 0.9269599914550781, "length": 3.834707260131836, "mode": "train", "epoch": 46}
{"loss": 0.24887757003307343, "acc": 0.9093355536460876, "length": 3.868055582046509, "mode": "test", "epoch": 46}
{"loss": 0.1801186352968216, "acc": 0.9319395422935486, "length": 3.812959909439087, "mode": "train", "epoch": 47}
{"loss": 0.23810510337352753, "acc": 0.9093491435050964, "length": 3.868055582046509, "mode": "test", "epoch": 47}
{"loss": 0.1784145087003708, "acc": 0.9298943877220154, "length": 3.832749843597412, "mode": "train", "epoch": 48}
{"loss": 0.2365015596151352, "acc": 0.9019354581832886, "length": 3.871527671813965, "mode": "test", "epoch": 48}
{"loss": 0.17408086359500885, "acc": 0.9351449012756348, "length": 3.8409488201141357, "mode": "train", "epoch": 49}
{"loss": 0.2325335443019867, "acc": 0.9090129137039185, "length": 3.8958332538604736, "mode": "test", "epoch": 49}
{"loss": 0.1693064272403717, "acc": 0.9341561198234558, "length": 3.8589863777160645, "mode": "train", "epoch": 50}
{"loss": 0.23169174790382385, "acc": 0.9071913957595825, "length": 3.8854167461395264, "mode": "test", "epoch": 50}
{"loss": 0.16324684023857117, "acc": 0.941347599029541, "length": 3.8807389736175537, "mode": "train", "epoch": 51}
{"loss": 0.22706174850463867, "acc": 0.9133368730545044, "length": 3.899305582046509, "mode": "test", "epoch": 51}
{"loss": 0.1588253229856491, "acc": 0.944527268409729, "length": 3.8740170001983643, "mode": "train", "epoch": 52}
{"loss": 0.21462616324424744, "acc": 0.9168524146080017, "length": 3.8923611640930176, "mode": "test", "epoch": 52}
{"loss": 0.15560416877269745, "acc": 0.9418926239013672, "length": 3.8800575733184814, "mode": "train", "epoch": 53}
{"loss": 0.22710388898849487, "acc": 0.9143608808517456, "length": 3.90625, "mode": "test", "epoch": 53}
{"loss": 0.15447120368480682, "acc": 0.9421244859695435, "length": 3.8783767223358154, "mode": "train", "epoch": 54}
{"loss": 0.2093794345855713, "acc": 0.916097104549408, "length": 3.913194417953491, "mode": "test", "epoch": 54}
{"loss": 0.1517838090658188, "acc": 0.9453409910202026, "length": 3.8800227642059326, "mode": "train", "epoch": 55}
{"loss": 0.19937798380851746, "acc": 0.9246065616607666, "length": 3.90625, "mode": "test", "epoch": 55}
{"loss": 0.1539801061153412, "acc": 0.9414127469062805, "length": 3.874180793762207, "mode": "train", "epoch": 56}
{"loss": 0.20602481067180634, "acc": 0.9236056804656982, "length": 3.909722328186035, "mode": "test", "epoch": 56}
{"loss": 0.1478414088487625, "acc": 0.9479195475578308, "length": 3.8618950843811035, "mode": "train", "epoch": 57}
{"loss": 0.19427192211151123, "acc": 0.934183657169342, "length": 3.909722328186035, "mode": "test", "epoch": 57}
{"loss": 0.14718417823314667, "acc": 0.9454274773597717, "length": 3.907174825668335, "mode": "train", "epoch": 58}
{"loss": 0.20238707959651947, "acc": 0.9290241599082947, "length": 3.9375, "mode": "test", "epoch": 58}
{"loss": 0.14436598122119904, "acc": 0.950193464756012, "length": 3.913459062576294, "mode": "train", "epoch": 59}
{"loss": 0.1932878941297531, "acc": 0.9316542148590088, "length": 3.944444417953491, "mode": "test", "epoch": 59}
{"loss": 0.13880158960819244, "acc": 0.9496335387229919, "length": 3.9042606353759766, "mode": "train", "epoch": 60}
{"loss": 0.22201555967330933, "acc": 0.9255642294883728, "length": 3.930555582046509, "mode": "test", "epoch": 60}
test accuracy: 0.7527855634689331
