# ["--attributes=3", "--values=16", "--game_size=10", "--vocab_size_factor=3", "--n_epochs=60", "--batch_size=128", "--learning_rate=0.0005", "--hidden_size=256", "--temp_update=0.99", "--temperature=2"]
Creating train_ds and val_ds...

Creating test_ds...
{"loss": 0.706682026386261, "acc": 0.5055059194564819, "length": 3.5172557830810547, "mode": "train", "epoch": 1}
{"loss": 0.6926635503768921, "acc": 0.5343003273010254, "length": 1.0, "mode": "test", "epoch": 1}
{"loss": 0.695688009262085, "acc": 0.5246356129646301, "length": 3.3558497428894043, "mode": "train", "epoch": 2}
{"loss": 0.6930031776428223, "acc": 0.5138225555419922, "length": 1.0, "mode": "test", "epoch": 2}
{"loss": 0.6897978186607361, "acc": 0.5281806588172913, "length": 3.076303720474243, "mode": "train", "epoch": 3}
{"loss": 0.6924898624420166, "acc": 0.5174062252044678, "length": 1.0, "mode": "test", "epoch": 3}
{"loss": 0.6775768995285034, "acc": 0.600684404373169, "length": 2.9435925483703613, "mode": "train", "epoch": 4}
{"loss": 0.654352068901062, "acc": 0.6736672520637512, "length": 2.494880437850952, "mode": "test", "epoch": 4}
{"loss": 0.6434786319732666, "acc": 0.64767986536026, "length": 3.330430746078491, "mode": "train", "epoch": 5}
{"loss": 0.5978724956512451, "acc": 0.705385148525238, "length": 3.948805570602417, "mode": "test", "epoch": 5}
{"loss": 0.5810155272483826, "acc": 0.7334836721420288, "length": 3.7090039253234863, "mode": "train", "epoch": 6}
{"loss": 0.5620586276054382, "acc": 0.7441980242729187, "length": 4.0, "mode": "test", "epoch": 6}
{"loss": 0.5272483229637146, "acc": 0.7680326104164124, "length": 3.8525819778442383, "mode": "train", "epoch": 7}
{"loss": 0.48257118463516235, "acc": 0.7994880080223083, "length": 4.0, "mode": "test", "epoch": 7}
{"loss": 0.47752755880355835, "acc": 0.8041797876358032, "length": 3.9076647758483887, "mode": "train", "epoch": 8}
{"loss": 0.45201027393341064, "acc": 0.8090442419052124, "length": 4.0, "mode": "test", "epoch": 8}
{"loss": 0.44974485039711, "acc": 0.7916632890701294, "length": 3.9344472885131836, "mode": "train", "epoch": 9}
{"loss": 0.4523793160915375, "acc": 0.8191125988960266, "length": 4.0, "mode": "test", "epoch": 9}
{"loss": 0.42998677492141724, "acc": 0.7953399419784546, "length": 3.9465010166168213, "mode": "train", "epoch": 10}
{"loss": 0.4434698522090912, "acc": 0.8250854015350342, "length": 4.0, "mode": "test", "epoch": 10}
{"loss": 0.40743133425712585, "acc": 0.8227027058601379, "length": 3.9543137550354004, "mode": "train", "epoch": 11}
{"loss": 0.40289372205734253, "acc": 0.8290102481842041, "length": 4.0, "mode": "test", "epoch": 11}
{"loss": 0.3852398097515106, "acc": 0.831364095211029, "length": 3.963765859603882, "mode": "train", "epoch": 12}
{"loss": 0.39680588245391846, "acc": 0.8411263823509216, "length": 4.0, "mode": "test", "epoch": 12}
{"loss": 0.36277204751968384, "acc": 0.8434768319129944, "length": 3.9729666709899902, "mode": "train", "epoch": 13}
{"loss": 0.41284334659576416, "acc": 0.8286687731742859, "length": 4.0, "mode": "test", "epoch": 13}
{"loss": 0.34245315194129944, "acc": 0.8558265566825867, "length": 3.976771354675293, "mode": "train", "epoch": 14}
{"loss": 0.36956334114074707, "acc": 0.8372014164924622, "length": 4.0, "mode": "test", "epoch": 14}
{"loss": 0.3260419964790344, "acc": 0.8633543848991394, "length": 3.9794702529907227, "mode": "train", "epoch": 15}
{"loss": 0.3675714433193207, "acc": 0.8546075224876404, "length": 4.0, "mode": "test", "epoch": 15}
{"loss": 0.3121509552001953, "acc": 0.8715216517448425, "length": 3.983375072479248, "mode": "train", "epoch": 16}
{"loss": 0.3574601113796234, "acc": 0.8583617806434631, "length": 4.0, "mode": "test", "epoch": 16}
{"loss": 0.29909491539001465, "acc": 0.873799204826355, "length": 3.9835989475250244, "mode": "train", "epoch": 17}
{"loss": 0.3619271516799927, "acc": 0.8590443730354309, "length": 4.0, "mode": "test", "epoch": 17}
{"loss": 0.2871546745300293, "acc": 0.8806805610656738, "length": 3.9869332313537598, "mode": "train", "epoch": 18}
{"loss": 0.3461799621582031, "acc": 0.8709899187088013, "length": 4.0, "mode": "test", "epoch": 18}
{"loss": 0.27614104747772217, "acc": 0.8819593787193298, "length": 3.986888885498047, "mode": "train", "epoch": 19}
{"loss": 0.35478609800338745, "acc": 0.8735495209693909, "length": 4.0, "mode": "test", "epoch": 19}
{"loss": 0.27057433128356934, "acc": 0.8898971676826477, "length": 3.9896786212921143, "mode": "train", "epoch": 20}
{"loss": 0.32869744300842285, "acc": 0.8783275485038757, "length": 4.0, "mode": "test", "epoch": 20}
{"loss": 0.26106104254722595, "acc": 0.8920252323150635, "length": 3.991236925125122, "mode": "train", "epoch": 21}
{"loss": 0.3282487988471985, "acc": 0.8766211867332458, "length": 4.0, "mode": "test", "epoch": 21}
{"loss": 0.2527640759944916, "acc": 0.8958433866500854, "length": 3.992253303527832, "mode": "train", "epoch": 22}
{"loss": 0.30758747458457947, "acc": 0.882764458656311, "length": 4.0, "mode": "test", "epoch": 22}
{"loss": 0.2468806803226471, "acc": 0.8959082365036011, "length": 3.9918158054351807, "mode": "train", "epoch": 23}
{"loss": 0.3149556815624237, "acc": 0.8843003511428833, "length": 4.0, "mode": "test", "epoch": 23}
{"loss": 0.24168115854263306, "acc": 0.9000046253204346, "length": 3.992877960205078, "mode": "train", "epoch": 24}
{"loss": 0.2925669252872467, "acc": 0.8865187764167786, "length": 4.0, "mode": "test", "epoch": 24}
{"loss": 0.23509086668491364, "acc": 0.903107762336731, "length": 3.994157075881958, "mode": "train", "epoch": 25}
{"loss": 0.25575870275497437, "acc": 0.9075086116790771, "length": 4.0, "mode": "test", "epoch": 25}
{"loss": 0.2210606336593628, "acc": 0.909325361251831, "length": 3.99448299407959, "mode": "train", "epoch": 26}
{"loss": 0.2542537450790405, "acc": 0.9051192998886108, "length": 4.0, "mode": "test", "epoch": 26}
{"loss": 0.21521301567554474, "acc": 0.9092100858688354, "length": 3.9944379329681396, "mode": "train", "epoch": 27}
{"loss": 0.24510496854782104, "acc": 0.9126279950141907, "length": 4.0, "mode": "test", "epoch": 27}
{"loss": 0.2055693417787552, "acc": 0.915367841720581, "length": 3.9951486587524414, "mode": "train", "epoch": 28}
{"loss": 0.2530759871006012, "acc": 0.9117748141288757, "length": 4.0, "mode": "test", "epoch": 28}
{"loss": 0.20078101754188538, "acc": 0.9204279780387878, "length": 3.9952595233917236, "mode": "train", "epoch": 29}
{"loss": 0.24857954680919647, "acc": 0.899488091468811, "length": 4.0, "mode": "test", "epoch": 29}
{"loss": 0.18925167620182037, "acc": 0.9266439080238342, "length": 3.9952926635742188, "mode": "train", "epoch": 30}
{"loss": 0.22636400163173676, "acc": 0.9117746949195862, "length": 4.0, "mode": "test", "epoch": 30}
{"loss": 0.18321417272090912, "acc": 0.9290332198143005, "length": 3.9956698417663574, "mode": "train", "epoch": 31}
{"loss": 0.22272852063179016, "acc": 0.9175767302513123, "length": 4.0, "mode": "test", "epoch": 31}
{"loss": 0.1729956716299057, "acc": 0.9318313002586365, "length": 3.995595693588257, "mode": "train", "epoch": 32}
{"loss": 0.2180740088224411, "acc": 0.9197952151298523, "length": 4.0, "mode": "test", "epoch": 32}
{"loss": 0.1646934151649475, "acc": 0.9359253644943237, "length": 3.995729446411133, "mode": "train", "epoch": 33}
{"loss": 0.242720365524292, "acc": 0.912969172000885, "length": 4.0, "mode": "test", "epoch": 33}
{"loss": 0.15607385337352753, "acc": 0.9449235200881958, "length": 3.99664306640625, "mode": "train", "epoch": 34}
{"loss": 0.221419095993042, "acc": 0.9215016961097717, "length": 4.0, "mode": "test", "epoch": 34}
{"loss": 0.15494906902313232, "acc": 0.9412923455238342, "length": 3.996530771255493, "mode": "train", "epoch": 35}
{"loss": 0.20345348119735718, "acc": 0.92662113904953, "length": 4.0, "mode": "test", "epoch": 35}
{"loss": 0.1453753560781479, "acc": 0.946124255657196, "length": 3.996455430984497, "mode": "train", "epoch": 36}
{"loss": 0.2046346664428711, "acc": 0.9298633933067322, "length": 4.0, "mode": "test", "epoch": 36}
{"loss": 0.1366538405418396, "acc": 0.9508459568023682, "length": 3.995429754257202, "mode": "train", "epoch": 37}
{"loss": 0.19799670577049255, "acc": 0.9284983277320862, "length": 4.0, "mode": "test", "epoch": 37}
{"loss": 0.13174250721931458, "acc": 0.9518548846244812, "length": 3.9948182106018066, "mode": "train", "epoch": 38}
{"loss": 0.20192967355251312, "acc": 0.935665488243103, "length": 4.0, "mode": "test", "epoch": 38}
{"loss": 0.1336350291967392, "acc": 0.9526104927062988, "length": 3.996147871017456, "mode": "train", "epoch": 39}
{"loss": 0.19594846665859222, "acc": 0.9332764148712158, "length": 4.0, "mode": "test", "epoch": 39}
{"loss": 0.12467800080776215, "acc": 0.957461953163147, "length": 3.9981181621551514, "mode": "train", "epoch": 40}
{"loss": 0.1946611851453781, "acc": 0.9360067248344421, "length": 4.0, "mode": "test", "epoch": 40}
{"loss": 0.12275304645299911, "acc": 0.9570211172103882, "length": 3.996967315673828, "mode": "train", "epoch": 41}
{"loss": 0.17640285193920135, "acc": 0.9395905137062073, "length": 4.0, "mode": "test", "epoch": 41}
{"loss": 0.12101364135742188, "acc": 0.9557347297668457, "length": 3.9977123737335205, "mode": "train", "epoch": 42}
{"loss": 0.19133377075195312, "acc": 0.9401024580001831, "length": 4.0, "mode": "test", "epoch": 42}
{"loss": 0.11401782929897308, "acc": 0.9611935615539551, "length": 3.997129440307617, "mode": "train", "epoch": 43}
{"loss": 0.16390854120254517, "acc": 0.9441978335380554, "length": 4.0, "mode": "test", "epoch": 43}
{"loss": 0.11588738858699799, "acc": 0.9585448503494263, "length": 3.9980452060699463, "mode": "train", "epoch": 44}
{"loss": 0.18315693736076355, "acc": 0.9450511932373047, "length": 4.0, "mode": "test", "epoch": 44}
{"loss": 0.11031092703342438, "acc": 0.9634495973587036, "length": 3.998246669769287, "mode": "train", "epoch": 45}
{"loss": 0.17459134757518768, "acc": 0.9421501159667969, "length": 4.0, "mode": "test", "epoch": 45}
{"loss": 0.11022833734750748, "acc": 0.9612315893173218, "length": 3.9982497692108154, "mode": "train", "epoch": 46}
{"loss": 0.1516048014163971, "acc": 0.9460750222206116, "length": 4.0, "mode": "test", "epoch": 46}
{"loss": 0.10220799595117569, "acc": 0.9661745429039001, "length": 3.9981088638305664, "mode": "train", "epoch": 47}
{"loss": 0.1492370367050171, "acc": 0.948464035987854, "length": 4.0, "mode": "test", "epoch": 47}
{"loss": 0.1012001484632492, "acc": 0.9658455848693848, "length": 3.998255968093872, "mode": "train", "epoch": 48}
{"loss": 0.14073440432548523, "acc": 0.9486346244812012, "length": 4.0, "mode": "test", "epoch": 48}
{"loss": 0.0991743952035904, "acc": 0.9655644297599792, "length": 3.9984138011932373, "mode": "train", "epoch": 49}
{"loss": 0.11412030458450317, "acc": 0.9587030410766602, "length": 4.0, "mode": "test", "epoch": 49}
{"loss": 0.09869711846113205, "acc": 0.9653304815292358, "length": 3.9969260692596436, "mode": "train", "epoch": 50}
{"loss": 0.14636458456516266, "acc": 0.9503413438796997, "length": 4.0, "mode": "test", "epoch": 50}
{"loss": 0.09470640122890472, "acc": 0.9670332074165344, "length": 3.9981625080108643, "mode": "train", "epoch": 51}
{"loss": 0.14167186617851257, "acc": 0.9546075463294983, "length": 4.0, "mode": "test", "epoch": 51}
{"loss": 0.0940568745136261, "acc": 0.965457022190094, "length": 3.998711347579956, "mode": "train", "epoch": 52}
{"loss": 0.12764941155910492, "acc": 0.9513652920722961, "length": 4.0, "mode": "test", "epoch": 52}
{"loss": 0.08810687810182571, "acc": 0.9708057641983032, "length": 3.9985997676849365, "mode": "train", "epoch": 53}
{"loss": 0.11431972682476044, "acc": 0.95784991979599, "length": 4.0, "mode": "test", "epoch": 53}
{"loss": 0.08338574320077896, "acc": 0.9681473970413208, "length": 3.9987101554870605, "mode": "train", "epoch": 54}
{"loss": 0.10891667008399963, "acc": 0.9580205082893372, "length": 4.0, "mode": "test", "epoch": 54}
{"loss": 0.08572933822870255, "acc": 0.9700878858566284, "length": 3.9988181591033936, "mode": "train", "epoch": 55}
{"loss": 0.09862108528614044, "acc": 0.9598976373672485, "length": 4.0, "mode": "test", "epoch": 55}
{"loss": 0.08072774112224579, "acc": 0.9702123403549194, "length": 3.999298572540283, "mode": "train", "epoch": 56}
{"loss": 0.11351307481527328, "acc": 0.959214985370636, "length": 4.0, "mode": "test", "epoch": 56}
{"loss": 0.07937881350517273, "acc": 0.9737366437911987, "length": 3.999021291732788, "mode": "train", "epoch": 57}
{"loss": 0.12296461313962936, "acc": 0.956143319606781, "length": 4.0, "mode": "test", "epoch": 57}
{"loss": 0.08128776401281357, "acc": 0.9687182903289795, "length": 3.998642921447754, "mode": "train", "epoch": 58}
{"loss": 0.12475934624671936, "acc": 0.9595561623573303, "length": 4.0, "mode": "test", "epoch": 58}
{"loss": 0.07538274675607681, "acc": 0.9729462265968323, "length": 3.999006748199463, "mode": "train", "epoch": 59}
{"loss": 0.1003921777009964, "acc": 0.9600682258605957, "length": 4.0, "mode": "test", "epoch": 59}
{"loss": 0.07809995859861374, "acc": 0.9730592966079712, "length": 3.999124765396118, "mode": "train", "epoch": 60}
{"loss": 0.12719593942165375, "acc": 0.9593858122825623, "length": 4.0, "mode": "test", "epoch": 60}
test accuracy: 0.7644444108009338
