# ["--attributes=3", "--values=16", "--game_size=10", "--vocab_size_factor=3", "--n_epochs=60", "--batch_size=128", "--learning_rate=0.001", "--hidden_size=128", "--temp_update=0.97", "--temperature=1"]
Creating train_ds and val_ds...

Creating test_ds...
{"loss": 0.6954588294029236, "acc": 0.514143705368042, "length": 3.5737483501434326, "mode": "train", "epoch": 1}
{"loss": 0.6786798238754272, "acc": 0.5487304329872131, "length": 3.875, "mode": "test", "epoch": 1}
{"loss": 0.6938313841819763, "acc": 0.517521321773529, "length": 3.5003349781036377, "mode": "train", "epoch": 2}
{"loss": 0.6815963983535767, "acc": 0.5725626945495605, "length": 1.5451388359069824, "mode": "test", "epoch": 2}
{"loss": 0.6861547231674194, "acc": 0.5574285984039307, "length": 3.3025455474853516, "mode": "train", "epoch": 3}
{"loss": 0.6704548597335815, "acc": 0.6363240480422974, "length": 2.0833332538604736, "mode": "test", "epoch": 3}
{"loss": 0.6700962781906128, "acc": 0.6292980313301086, "length": 3.2000925540924072, "mode": "train", "epoch": 4}
{"loss": 0.6314513683319092, "acc": 0.7226589918136597, "length": 3.90625, "mode": "test", "epoch": 4}
{"loss": 0.625440239906311, "acc": 0.7026566863059998, "length": 3.547375202178955, "mode": "train", "epoch": 5}
{"loss": 0.5836422443389893, "acc": 0.7121527194976807, "length": 4.0, "mode": "test", "epoch": 5}
{"loss": 0.5602249503135681, "acc": 0.7191461324691772, "length": 3.8852009773254395, "mode": "train", "epoch": 6}
{"loss": 0.5591535568237305, "acc": 0.7232639789581299, "length": 4.0, "mode": "test", "epoch": 6}
{"loss": 0.5275248885154724, "acc": 0.7446566820144653, "length": 3.958400011062622, "mode": "train", "epoch": 7}
{"loss": 0.5231179594993591, "acc": 0.7756944894790649, "length": 4.0, "mode": "test", "epoch": 7}
{"loss": 0.482837975025177, "acc": 0.7834080457687378, "length": 3.964881181716919, "mode": "train", "epoch": 8}
{"loss": 0.4498910903930664, "acc": 0.8109376430511475, "length": 4.0, "mode": "test", "epoch": 8}
{"loss": 0.4297180771827698, "acc": 0.8205218315124512, "length": 3.9735002517700195, "mode": "train", "epoch": 9}
{"loss": 0.3996693789958954, "acc": 0.8246528506278992, "length": 4.0, "mode": "test", "epoch": 9}
{"loss": 0.3899793028831482, "acc": 0.8268335461616516, "length": 3.986480951309204, "mode": "train", "epoch": 10}
{"loss": 0.3970107436180115, "acc": 0.8199653029441833, "length": 4.0, "mode": "test", "epoch": 10}
{"loss": 0.3646257817745209, "acc": 0.8419066667556763, "length": 3.990253448486328, "mode": "train", "epoch": 11}
{"loss": 0.3666016459465027, "acc": 0.8515624403953552, "length": 4.0, "mode": "test", "epoch": 11}
{"loss": 0.3454451858997345, "acc": 0.8526090383529663, "length": 3.992091655731201, "mode": "train", "epoch": 12}
{"loss": 0.35434406995773315, "acc": 0.8626735210418701, "length": 4.0, "mode": "test", "epoch": 12}
{"loss": 0.3337765336036682, "acc": 0.8608717322349548, "length": 3.994032621383667, "mode": "train", "epoch": 13}
{"loss": 0.35440564155578613, "acc": 0.8623263835906982, "length": 4.0, "mode": "test", "epoch": 13}
{"loss": 0.32619577646255493, "acc": 0.8680012226104736, "length": 3.998122215270996, "mode": "train", "epoch": 14}
{"loss": 0.34318608045578003, "acc": 0.854687511920929, "length": 4.0, "mode": "test", "epoch": 14}
{"loss": 0.3133218288421631, "acc": 0.8764345645904541, "length": 3.994044303894043, "mode": "train", "epoch": 15}
{"loss": 0.3197556138038635, "acc": 0.8756943941116333, "length": 4.0, "mode": "test", "epoch": 15}
{"loss": 0.3039819896221161, "acc": 0.8801996111869812, "length": 3.9984633922576904, "mode": "train", "epoch": 16}
{"loss": 0.31907033920288086, "acc": 0.8786459565162659, "length": 4.0, "mode": "test", "epoch": 16}
{"loss": 0.2945391833782196, "acc": 0.886234700679779, "length": 3.997443437576294, "mode": "train", "epoch": 17}
{"loss": 0.301797479391098, "acc": 0.894618034362793, "length": 4.0, "mode": "test", "epoch": 17}
{"loss": 0.2861763536930084, "acc": 0.8953291773796082, "length": 3.9987189769744873, "mode": "train", "epoch": 18}
{"loss": 0.29423877596855164, "acc": 0.8975694179534912, "length": 4.0, "mode": "test", "epoch": 18}
{"loss": 0.27301737666130066, "acc": 0.9003362655639648, "length": 3.996370792388916, "mode": "train", "epoch": 19}
{"loss": 0.2632240653038025, "acc": 0.9123263955116272, "length": 4.0, "mode": "test", "epoch": 19}
{"loss": 0.26825976371765137, "acc": 0.9000964760780334, "length": 3.9982943534851074, "mode": "train", "epoch": 20}
{"loss": 0.27579593658447266, "acc": 0.9005208611488342, "length": 4.0, "mode": "test", "epoch": 20}
{"loss": 0.2616363763809204, "acc": 0.9027241468429565, "length": 3.9968674182891846, "mode": "train", "epoch": 21}
{"loss": 0.2512756586074829, "acc": 0.9149304628372192, "length": 4.0, "mode": "test", "epoch": 21}
{"loss": 0.2495930939912796, "acc": 0.9111505746841431, "length": 3.997403383255005, "mode": "train", "epoch": 22}
{"loss": 0.2574264407157898, "acc": 0.9105902910232544, "length": 4.0, "mode": "test", "epoch": 22}
{"loss": 0.2489323914051056, "acc": 0.9060470461845398, "length": 3.996273994445801, "mode": "train", "epoch": 23}
{"loss": 0.2436859905719757, "acc": 0.9173610210418701, "length": 4.0, "mode": "test", "epoch": 23}
{"loss": 0.251098096370697, "acc": 0.9079375267028809, "length": 3.9996960163116455, "mode": "train", "epoch": 24}
{"loss": 0.246524840593338, "acc": 0.9147568941116333, "length": 4.0, "mode": "test", "epoch": 24}
{"loss": 0.24592375755310059, "acc": 0.909627377986908, "length": 3.9999186992645264, "mode": "train", "epoch": 25}
{"loss": 0.24389547109603882, "acc": 0.9197917580604553, "length": 4.0, "mode": "test", "epoch": 25}
{"loss": 0.24374613165855408, "acc": 0.9103747010231018, "length": 3.9997470378875732, "mode": "train", "epoch": 26}
{"loss": 0.247642382979393, "acc": 0.9173610210418701, "length": 4.0, "mode": "test", "epoch": 26}
{"loss": 0.24023838341236115, "acc": 0.9134541749954224, "length": 3.9998931884765625, "mode": "train", "epoch": 27}
{"loss": 0.23272591829299927, "acc": 0.9208332896232605, "length": 4.0, "mode": "test", "epoch": 27}
{"loss": 0.22768232226371765, "acc": 0.9155988693237305, "length": 3.9997825622558594, "mode": "train", "epoch": 28}
{"loss": 0.2298242300748825, "acc": 0.9236109852790833, "length": 4.0, "mode": "test", "epoch": 28}
{"loss": 0.22940537333488464, "acc": 0.9162052869796753, "length": 3.9982593059539795, "mode": "train", "epoch": 29}
{"loss": 0.22458982467651367, "acc": 0.9255208969116211, "length": 4.0, "mode": "test", "epoch": 29}
{"loss": 0.22840337455272675, "acc": 0.9159479141235352, "length": 3.99990177154541, "mode": "train", "epoch": 30}
{"loss": 0.21675759553909302, "acc": 0.9265624284744263, "length": 4.0, "mode": "test", "epoch": 30}
{"loss": 0.22528092563152313, "acc": 0.9161735773086548, "length": 3.9997575283050537, "mode": "train", "epoch": 31}
{"loss": 0.2276415228843689, "acc": 0.9223958253860474, "length": 4.0, "mode": "test", "epoch": 31}
{"loss": 0.22090545296669006, "acc": 0.921169638633728, "length": 3.999922752380371, "mode": "train", "epoch": 32}
{"loss": 0.22190862894058228, "acc": 0.9272570013999939, "length": 4.0, "mode": "test", "epoch": 32}
{"loss": 0.2138088196516037, "acc": 0.9229032397270203, "length": 3.999624490737915, "mode": "train", "epoch": 33}
{"loss": 0.2187395989894867, "acc": 0.9281250834465027, "length": 4.0, "mode": "test", "epoch": 33}
{"loss": 0.2115916609764099, "acc": 0.9246514439582825, "length": 3.9999828338623047, "mode": "train", "epoch": 34}
{"loss": 0.2112809419631958, "acc": 0.9397570490837097, "length": 4.0, "mode": "test", "epoch": 34}
{"loss": 0.21202164888381958, "acc": 0.9225982427597046, "length": 3.9971940517425537, "mode": "train", "epoch": 35}
{"loss": 0.21436575055122375, "acc": 0.9293402433395386, "length": 4.0, "mode": "test", "epoch": 35}
{"loss": 0.20328620076179504, "acc": 0.9255200028419495, "length": 3.999856472015381, "mode": "train", "epoch": 36}
{"loss": 0.21145397424697876, "acc": 0.9333333969116211, "length": 4.0, "mode": "test", "epoch": 36}
{"loss": 0.204816073179245, "acc": 0.9252883195877075, "length": 3.9999277591705322, "mode": "train", "epoch": 37}
{"loss": 0.20783907175064087, "acc": 0.9352430701255798, "length": 4.0, "mode": "test", "epoch": 37}
{"loss": 0.19867046177387238, "acc": 0.9288843274116516, "length": 3.9999234676361084, "mode": "train", "epoch": 38}
{"loss": 0.20516011118888855, "acc": 0.9373263120651245, "length": 4.0, "mode": "test", "epoch": 38}
{"loss": 0.19836322963237762, "acc": 0.9297447204589844, "length": 3.99965763092041, "mode": "train", "epoch": 39}
{"loss": 0.2065993845462799, "acc": 0.9373263120651245, "length": 4.0, "mode": "test", "epoch": 39}
{"loss": 0.19642850756645203, "acc": 0.9306352734565735, "length": 3.9986002445220947, "mode": "train", "epoch": 40}
{"loss": 0.20496425032615662, "acc": 0.9340277910232544, "length": 4.0, "mode": "test", "epoch": 40}
{"loss": 0.1917848140001297, "acc": 0.9336416721343994, "length": 3.9999618530273438, "mode": "train", "epoch": 41}
{"loss": 0.20205482840538025, "acc": 0.9388888478279114, "length": 4.0, "mode": "test", "epoch": 41}
{"loss": 0.19193677604198456, "acc": 0.9315347671508789, "length": 3.9997291564941406, "mode": "train", "epoch": 42}
{"loss": 0.2091446816921234, "acc": 0.9338541030883789, "length": 4.0, "mode": "test", "epoch": 42}
{"loss": 0.19582374393939972, "acc": 0.932597815990448, "length": 3.9999756813049316, "mode": "train", "epoch": 43}
{"loss": 0.20726633071899414, "acc": 0.9357637763023376, "length": 4.0, "mode": "test", "epoch": 43}
{"loss": 0.18747791647911072, "acc": 0.9327141642570496, "length": 3.9999709129333496, "mode": "train", "epoch": 44}
{"loss": 0.21113112568855286, "acc": 0.9258681535720825, "length": 4.0, "mode": "test", "epoch": 44}
{"loss": 0.19372527301311493, "acc": 0.928189754486084, "length": 3.9999818801879883, "mode": "train", "epoch": 45}
{"loss": 0.21366684138774872, "acc": 0.9256947040557861, "length": 4.0, "mode": "test", "epoch": 45}
{"loss": 0.190562903881073, "acc": 0.9310888051986694, "length": 3.9999544620513916, "mode": "train", "epoch": 46}
{"loss": 0.1914825439453125, "acc": 0.9338541030883789, "length": 4.0, "mode": "test", "epoch": 46}
{"loss": 0.18896815180778503, "acc": 0.9313801527023315, "length": 3.999962329864502, "mode": "train", "epoch": 47}
{"loss": 0.20091532170772552, "acc": 0.9289931058883667, "length": 4.0, "mode": "test", "epoch": 47}
{"loss": 0.18035946786403656, "acc": 0.9377026557922363, "length": 3.999967336654663, "mode": "train", "epoch": 48}
{"loss": 0.20175376534461975, "acc": 0.9378474354743958, "length": 4.0, "mode": "test", "epoch": 48}
{"loss": 0.1746968924999237, "acc": 0.9401969909667969, "length": 3.9999959468841553, "mode": "train", "epoch": 49}
{"loss": 0.20844122767448425, "acc": 0.9284722208976746, "length": 4.0, "mode": "test", "epoch": 49}
{"loss": 0.17173288762569427, "acc": 0.9379920959472656, "length": 3.9999756813049316, "mode": "train", "epoch": 50}
{"loss": 0.190456360578537, "acc": 0.9364582896232605, "length": 4.0, "mode": "test", "epoch": 50}
{"loss": 0.16439980268478394, "acc": 0.9416459202766418, "length": 3.9999489784240723, "mode": "train", "epoch": 51}
{"loss": 0.1982511281967163, "acc": 0.9324653148651123, "length": 4.0, "mode": "test", "epoch": 51}
{"loss": 0.17514142394065857, "acc": 0.9373545050621033, "length": 3.9999654293060303, "mode": "train", "epoch": 52}
{"loss": 0.18742313981056213, "acc": 0.9342014789581299, "length": 4.0, "mode": "test", "epoch": 52}
{"loss": 0.1630784273147583, "acc": 0.9417632818222046, "length": 3.999997615814209, "mode": "train", "epoch": 53}
{"loss": 0.1924401819705963, "acc": 0.9418402910232544, "length": 4.0, "mode": "test", "epoch": 53}
{"loss": 0.16032786667346954, "acc": 0.9451135396957397, "length": 3.9996302127838135, "mode": "train", "epoch": 54}
{"loss": 0.18671372532844543, "acc": 0.9392361044883728, "length": 4.0, "mode": "test", "epoch": 54}
{"loss": 0.16317397356033325, "acc": 0.9450080394744873, "length": 3.9999263286590576, "mode": "train", "epoch": 55}
{"loss": 0.1959507316350937, "acc": 0.9423611760139465, "length": 4.0, "mode": "test", "epoch": 55}
{"loss": 0.15371949970722198, "acc": 0.9473307728767395, "length": 3.9999775886535645, "mode": "train", "epoch": 56}
{"loss": 0.18793430924415588, "acc": 0.9421875476837158, "length": 4.0, "mode": "test", "epoch": 56}
{"loss": 0.15549182891845703, "acc": 0.94384765625, "length": 3.999912977218628, "mode": "train", "epoch": 57}
{"loss": 0.1786254495382309, "acc": 0.941493034362793, "length": 4.0, "mode": "test", "epoch": 57}
{"loss": 0.14957374334335327, "acc": 0.9465766549110413, "length": 3.9999868869781494, "mode": "train", "epoch": 58}
{"loss": 0.17606329917907715, "acc": 0.9411458969116211, "length": 4.0, "mode": "test", "epoch": 58}
{"loss": 0.14900772273540497, "acc": 0.9486649036407471, "length": 3.9999587535858154, "mode": "train", "epoch": 59}
{"loss": 0.17356716096401215, "acc": 0.9456597566604614, "length": 4.0, "mode": "test", "epoch": 59}
{"loss": 0.14717014133930206, "acc": 0.9524360299110413, "length": 3.9999964237213135, "mode": "train", "epoch": 60}
{"loss": 0.17519420385360718, "acc": 0.9467014670372009, "length": 4.0, "mode": "test", "epoch": 60}
test accuracy: 0.8263792395591736
