# ["--attributes=3", "--values=16", "--game_size=10", "--vocab_size_factor=3", "--n_epochs=60", "--batch_size=128", "--learning_rate=0.001", "--hidden_size=128", "--temp_update=0.97", "--temperature=1.5"]
Creating train_ds and val_ds...

Creating test_ds...
{"loss": 0.6959666013717651, "acc": 0.509364664554596, "length": 3.5209035873413086, "mode": "train", "epoch": 1}
{"loss": 0.6978009939193726, "acc": 0.48395898938179016, "length": 1.0, "mode": "test", "epoch": 1}
{"loss": 0.6950768828392029, "acc": 0.5220272541046143, "length": 3.371889591217041, "mode": "train", "epoch": 2}
{"loss": 0.6944155693054199, "acc": 0.5068272352218628, "length": 1.0102388858795166, "mode": "test", "epoch": 2}
{"loss": 0.6875062584877014, "acc": 0.5502299666404724, "length": 3.1081340312957764, "mode": "train", "epoch": 3}
{"loss": 0.676941990852356, "acc": 0.5719747543334961, "length": 1.9522184133529663, "mode": "test", "epoch": 3}
{"loss": 0.6689267754554749, "acc": 0.6224883198738098, "length": 3.1817264556884766, "mode": "train", "epoch": 4}
{"loss": 0.6234219074249268, "acc": 0.6879444122314453, "length": 3.7235496044158936, "mode": "test", "epoch": 4}
{"loss": 0.6163609623908997, "acc": 0.7083504796028137, "length": 3.481895923614502, "mode": "train", "epoch": 5}
{"loss": 0.5781378746032715, "acc": 0.70563143491745, "length": 4.0, "mode": "test", "epoch": 5}
{"loss": 0.5538473129272461, "acc": 0.7147834897041321, "length": 3.7687501907348633, "mode": "train", "epoch": 6}
{"loss": 0.5358189940452576, "acc": 0.7602388858795166, "length": 4.0, "mode": "test", "epoch": 6}
{"loss": 0.5049448609352112, "acc": 0.7614163160324097, "length": 3.923753261566162, "mode": "train", "epoch": 7}
{"loss": 0.48797714710235596, "acc": 0.7754266858100891, "length": 4.0, "mode": "test", "epoch": 7}
{"loss": 0.45959535241127014, "acc": 0.7958610653877258, "length": 3.961639642715454, "mode": "train", "epoch": 8}
{"loss": 0.46476054191589355, "acc": 0.7798635363578796, "length": 4.0, "mode": "test", "epoch": 8}
{"loss": 0.4409712255001068, "acc": 0.804812490940094, "length": 3.972283124923706, "mode": "train", "epoch": 9}
{"loss": 0.44882816076278687, "acc": 0.7984641790390015, "length": 4.0, "mode": "test", "epoch": 9}
{"loss": 0.42028799653053284, "acc": 0.8214933276176453, "length": 3.9799399375915527, "mode": "train", "epoch": 10}
{"loss": 0.4293355643749237, "acc": 0.800682544708252, "length": 4.0, "mode": "test", "epoch": 10}
{"loss": 0.4035953879356384, "acc": 0.8223346471786499, "length": 3.9830543994903564, "mode": "train", "epoch": 11}
{"loss": 0.41837796568870544, "acc": 0.8100682497024536, "length": 4.0, "mode": "test", "epoch": 11}
{"loss": 0.3843279182910919, "acc": 0.8295281529426575, "length": 3.987992525100708, "mode": "train", "epoch": 12}
{"loss": 0.39986667037010193, "acc": 0.8252560496330261, "length": 4.0, "mode": "test", "epoch": 12}
{"loss": 0.3765959143638611, "acc": 0.836776077747345, "length": 3.99078106880188, "mode": "train", "epoch": 13}
{"loss": 0.40808892250061035, "acc": 0.8196244835853577, "length": 4.0, "mode": "test", "epoch": 13}
{"loss": 0.3655988574028015, "acc": 0.8418220281600952, "length": 3.9883885383605957, "mode": "train", "epoch": 14}
{"loss": 0.40391430258750916, "acc": 0.8322526812553406, "length": 4.0, "mode": "test", "epoch": 14}
{"loss": 0.35023176670074463, "acc": 0.8457018733024597, "length": 3.993253707885742, "mode": "train", "epoch": 15}
{"loss": 0.3679114282131195, "acc": 0.841467559337616, "length": 4.0, "mode": "test", "epoch": 15}
{"loss": 0.34079793095588684, "acc": 0.8526813387870789, "length": 3.9922804832458496, "mode": "train", "epoch": 16}
{"loss": 0.35547539591789246, "acc": 0.8443685173988342, "length": 4.0, "mode": "test", "epoch": 16}
{"loss": 0.3295198380947113, "acc": 0.8553293943405151, "length": 3.9970600605010986, "mode": "train", "epoch": 17}
{"loss": 0.3357176184654236, "acc": 0.853412926197052, "length": 4.0, "mode": "test", "epoch": 17}
{"loss": 0.32468172907829285, "acc": 0.8556123971939087, "length": 3.9961464405059814, "mode": "train", "epoch": 18}
{"loss": 0.3328326940536499, "acc": 0.8500000834465027, "length": 4.0, "mode": "test", "epoch": 18}
{"loss": 0.3170325458049774, "acc": 0.8650226593017578, "length": 3.997741937637329, "mode": "train", "epoch": 19}
{"loss": 0.3281859755516052, "acc": 0.856313943862915, "length": 4.0, "mode": "test", "epoch": 19}
{"loss": 0.3126409649848938, "acc": 0.8641082644462585, "length": 3.996974468231201, "mode": "train", "epoch": 20}
{"loss": 0.32555076479911804, "acc": 0.8459044694900513, "length": 4.0, "mode": "test", "epoch": 20}
{"loss": 0.30088698863983154, "acc": 0.873012125492096, "length": 3.998394250869751, "mode": "train", "epoch": 21}
{"loss": 0.3144569993019104, "acc": 0.8645051717758179, "length": 4.0, "mode": "test", "epoch": 21}
{"loss": 0.29422855377197266, "acc": 0.8784255981445312, "length": 3.9986977577209473, "mode": "train", "epoch": 22}
{"loss": 0.31648606061935425, "acc": 0.8670647740364075, "length": 4.0, "mode": "test", "epoch": 22}
{"loss": 0.28584277629852295, "acc": 0.8760948777198792, "length": 3.99857234954834, "mode": "train", "epoch": 23}
{"loss": 0.31022173166275024, "acc": 0.8612627983093262, "length": 4.0, "mode": "test", "epoch": 23}
{"loss": 0.2785540819168091, "acc": 0.8840249180793762, "length": 3.9993579387664795, "mode": "train", "epoch": 24}
{"loss": 0.29603564739227295, "acc": 0.8728669285774231, "length": 4.0, "mode": "test", "epoch": 24}
{"loss": 0.2770936191082001, "acc": 0.879926323890686, "length": 3.9995687007904053, "mode": "train", "epoch": 25}
{"loss": 0.288277268409729, "acc": 0.8704778552055359, "length": 4.0, "mode": "test", "epoch": 25}
{"loss": 0.2679134011268616, "acc": 0.8849998116493225, "length": 3.999544620513916, "mode": "train", "epoch": 26}
{"loss": 0.28639987111091614, "acc": 0.8728668689727783, "length": 4.0, "mode": "test", "epoch": 26}
{"loss": 0.26814427971839905, "acc": 0.8836320638656616, "length": 3.9997425079345703, "mode": "train", "epoch": 27}
{"loss": 0.2886616289615631, "acc": 0.878498375415802, "length": 4.0, "mode": "test", "epoch": 27}
{"loss": 0.2625189423561096, "acc": 0.8909757733345032, "length": 3.999302625656128, "mode": "train", "epoch": 28}
{"loss": 0.2800564467906952, "acc": 0.882764458656311, "length": 4.0, "mode": "test", "epoch": 28}
{"loss": 0.2648850083351135, "acc": 0.8897114396095276, "length": 3.998748779296875, "mode": "train", "epoch": 29}
{"loss": 0.28938597440719604, "acc": 0.8829351663589478, "length": 4.0, "mode": "test", "epoch": 29}
{"loss": 0.2582620084285736, "acc": 0.8879228234291077, "length": 3.9981982707977295, "mode": "train", "epoch": 30}
{"loss": 0.28225088119506836, "acc": 0.8940273523330688, "length": 4.0, "mode": "test", "epoch": 30}
{"loss": 0.25771868228912354, "acc": 0.8968432545661926, "length": 3.99894380569458, "mode": "train", "epoch": 31}
{"loss": 0.2674673795700073, "acc": 0.8974401950836182, "length": 4.0, "mode": "test", "epoch": 31}
{"loss": 0.24808859825134277, "acc": 0.9003135561943054, "length": 3.9991250038146973, "mode": "train", "epoch": 32}
{"loss": 0.2605617642402649, "acc": 0.8965869545936584, "length": 4.0, "mode": "test", "epoch": 32}
{"loss": 0.24259234964847565, "acc": 0.9026186466217041, "length": 3.9997427463531494, "mode": "train", "epoch": 33}
{"loss": 0.2593509554862976, "acc": 0.8895904421806335, "length": 4.0, "mode": "test", "epoch": 33}
{"loss": 0.23810911178588867, "acc": 0.9058700799942017, "length": 3.9998435974121094, "mode": "train", "epoch": 34}
{"loss": 0.2581994831562042, "acc": 0.9013651013374329, "length": 4.0, "mode": "test", "epoch": 34}
{"loss": 0.23779234290122986, "acc": 0.9089393019676208, "length": 3.9997379779815674, "mode": "train", "epoch": 35}
{"loss": 0.24641895294189453, "acc": 0.9051192998886108, "length": 4.0, "mode": "test", "epoch": 35}
{"loss": 0.22952571511268616, "acc": 0.9137077927589417, "length": 3.9970622062683105, "mode": "train", "epoch": 36}
{"loss": 0.24864059686660767, "acc": 0.9083618521690369, "length": 4.0, "mode": "test", "epoch": 36}
{"loss": 0.22455884516239166, "acc": 0.9145365953445435, "length": 3.999917507171631, "mode": "train", "epoch": 37}
{"loss": 0.25698041915893555, "acc": 0.9023891687393188, "length": 4.0, "mode": "test", "epoch": 37}
{"loss": 0.22557762265205383, "acc": 0.9127706289291382, "length": 3.999969005584717, "mode": "train", "epoch": 38}
{"loss": 0.2540642023086548, "acc": 0.9042662382125854, "length": 4.0, "mode": "test", "epoch": 38}
{"loss": 0.2273942530155182, "acc": 0.9140814542770386, "length": 3.9999799728393555, "mode": "train", "epoch": 39}
{"loss": 0.25659775733947754, "acc": 0.9039249420166016, "length": 4.0, "mode": "test", "epoch": 39}
{"loss": 0.22575289011001587, "acc": 0.9155070185661316, "length": 3.9999923706054688, "mode": "train", "epoch": 40}
{"loss": 0.2506057024002075, "acc": 0.9081911444664001, "length": 4.0, "mode": "test", "epoch": 40}
{"loss": 0.21776728332042694, "acc": 0.9185857176780701, "length": 3.9999921321868896, "mode": "train", "epoch": 41}
{"loss": 0.2577546238899231, "acc": 0.9034128785133362, "length": 4.0, "mode": "test", "epoch": 41}
{"loss": 0.2113325446844101, "acc": 0.9226863980293274, "length": 3.9998350143432617, "mode": "train", "epoch": 42}
{"loss": 0.240482896566391, "acc": 0.9109214544296265, "length": 4.0, "mode": "test", "epoch": 42}
{"loss": 0.21669772267341614, "acc": 0.9222296476364136, "length": 3.9998722076416016, "mode": "train", "epoch": 43}
{"loss": 0.24961531162261963, "acc": 0.9052901864051819, "length": 4.0, "mode": "test", "epoch": 43}
{"loss": 0.2104371041059494, "acc": 0.9231986999511719, "length": 3.9999191761016846, "mode": "train", "epoch": 44}
{"loss": 0.24533072113990784, "acc": 0.9093856811523438, "length": 4.0, "mode": "test", "epoch": 44}
{"loss": 0.20802448689937592, "acc": 0.9241679310798645, "length": 3.999453067779541, "mode": "train", "epoch": 45}
{"loss": 0.2437629997730255, "acc": 0.9107508659362793, "length": 4.0, "mode": "test", "epoch": 45}
{"loss": 0.20331305265426636, "acc": 0.9271379709243774, "length": 3.9999940395355225, "mode": "train", "epoch": 46}
{"loss": 0.24485734105110168, "acc": 0.9058020114898682, "length": 4.0, "mode": "test", "epoch": 46}
{"loss": 0.1993665099143982, "acc": 0.9281641840934753, "length": 3.9999985694885254, "mode": "train", "epoch": 47}
{"loss": 0.2508566379547119, "acc": 0.9107508659362793, "length": 4.0, "mode": "test", "epoch": 47}
{"loss": 0.2008703500032425, "acc": 0.9276626706123352, "length": 3.9991767406463623, "mode": "train", "epoch": 48}
{"loss": 0.2541952133178711, "acc": 0.9056315422058105, "length": 4.0, "mode": "test", "epoch": 48}
{"loss": 0.20312060415744781, "acc": 0.9233121275901794, "length": 3.9998981952667236, "mode": "train", "epoch": 49}
{"loss": 0.24472902715206146, "acc": 0.9107507467269897, "length": 4.0, "mode": "test", "epoch": 49}
{"loss": 0.20361439883708954, "acc": 0.9263966083526611, "length": 3.9999914169311523, "mode": "train", "epoch": 50}
{"loss": 0.2464706301689148, "acc": 0.9119454622268677, "length": 4.0, "mode": "test", "epoch": 50}
{"loss": 0.20283666253089905, "acc": 0.9289621114730835, "length": 3.9999873638153076, "mode": "train", "epoch": 51}
{"loss": 0.2480010837316513, "acc": 0.9129694104194641, "length": 4.0, "mode": "test", "epoch": 51}
{"loss": 0.1969301402568817, "acc": 0.9274798631668091, "length": 3.999986410140991, "mode": "train", "epoch": 52}
{"loss": 0.23368601500988007, "acc": 0.9170647859573364, "length": 4.0, "mode": "test", "epoch": 52}
{"loss": 0.19605247676372528, "acc": 0.9275299906730652, "length": 3.999521493911743, "mode": "train", "epoch": 53}
{"loss": 0.23264268040657043, "acc": 0.9141638278961182, "length": 4.0, "mode": "test", "epoch": 53}
{"loss": 0.20255951583385468, "acc": 0.9281037449836731, "length": 3.9998178482055664, "mode": "train", "epoch": 54}
{"loss": 0.2387751340866089, "acc": 0.9127985835075378, "length": 4.0, "mode": "test", "epoch": 54}
{"loss": 0.19336701929569244, "acc": 0.9316418766975403, "length": 3.999998092651367, "mode": "train", "epoch": 55}
{"loss": 0.23169609904289246, "acc": 0.9105802774429321, "length": 4.0, "mode": "test", "epoch": 55}
{"loss": 0.20457535982131958, "acc": 0.9278746843338013, "length": 3.9999237060546875, "mode": "train", "epoch": 56}
{"loss": 0.2281741201877594, "acc": 0.914675772190094, "length": 4.0, "mode": "test", "epoch": 56}
{"loss": 0.19482876360416412, "acc": 0.9287341833114624, "length": 3.999997138977051, "mode": "train", "epoch": 57}
{"loss": 0.23431092500686646, "acc": 0.9143344759941101, "length": 4.0, "mode": "test", "epoch": 57}
{"loss": 0.19909726083278656, "acc": 0.9310718178749084, "length": 3.9999966621398926, "mode": "train", "epoch": 58}
{"loss": 0.22559307515621185, "acc": 0.9090442657470703, "length": 4.0, "mode": "test", "epoch": 58}
{"loss": 0.19564367830753326, "acc": 0.9300451278686523, "length": 3.999992847442627, "mode": "train", "epoch": 59}
{"loss": 0.2348010540008545, "acc": 0.9174060821533203, "length": 4.0, "mode": "test", "epoch": 59}
{"loss": 0.1880115568637848, "acc": 0.9336372017860413, "length": 3.9999969005584717, "mode": "train", "epoch": 60}
{"loss": 0.22334568202495575, "acc": 0.9201364517211914, "length": 4.0, "mode": "test", "epoch": 60}
test accuracy: 0.7303705215454102
