# ["--attributes=3", "--values=16", "--game_size=10", "--vocab_size_factor=3", "--n_epochs=60", "--batch_size=128", "--learning_rate=0.001", "--hidden_size=128", "--temp_update=0.97", "--temperature=2"]
Creating train_ds and val_ds...

Creating test_ds...
{"loss": 0.6943405270576477, "acc": 0.5106157660484314, "length": 3.5590920448303223, "mode": "train", "epoch": 1}
{"loss": 0.685656726360321, "acc": 0.5512591600418091, "length": 1.3498233556747437, "mode": "test", "epoch": 1}
{"loss": 0.6915050148963928, "acc": 0.5187504887580872, "length": 3.4736855030059814, "mode": "train", "epoch": 2}
{"loss": 0.6874439716339111, "acc": 0.5478136539459229, "length": 1.1554770469665527, "mode": "test", "epoch": 2}
{"loss": 0.6867527365684509, "acc": 0.5361024141311646, "length": 3.3628854751586914, "mode": "train", "epoch": 3}
{"loss": 0.670475959777832, "acc": 0.6174033284187317, "length": 2.3144876956939697, "mode": "test", "epoch": 3}
{"loss": 0.6720723509788513, "acc": 0.5996896028518677, "length": 3.4102773666381836, "mode": "train", "epoch": 4}
{"loss": 0.6423065066337585, "acc": 0.6649414300918579, "length": 3.4593639373779297, "mode": "test", "epoch": 4}
{"loss": 0.6332637667655945, "acc": 0.6908555030822754, "length": 3.6652333736419678, "mode": "train", "epoch": 5}
{"loss": 0.6032553911209106, "acc": 0.7101451754570007, "length": 3.9787986278533936, "mode": "test", "epoch": 5}
{"loss": 0.5860409736633301, "acc": 0.6860730051994324, "length": 3.8687894344329834, "mode": "train", "epoch": 6}
{"loss": 0.6003377437591553, "acc": 0.6823321580886841, "length": 4.0, "mode": "test", "epoch": 6}
{"loss": 0.5616723895072937, "acc": 0.7046617865562439, "length": 3.920374631881714, "mode": "train", "epoch": 7}
{"loss": 0.5588926076889038, "acc": 0.7487631440162659, "length": 4.0, "mode": "test", "epoch": 7}
{"loss": 0.5181214213371277, "acc": 0.7575293183326721, "length": 3.9451403617858887, "mode": "train", "epoch": 8}
{"loss": 0.527565598487854, "acc": 0.7524734139442444, "length": 4.0, "mode": "test", "epoch": 8}
{"loss": 0.4789171516895294, "acc": 0.7848955988883972, "length": 3.967466115951538, "mode": "train", "epoch": 9}
{"loss": 0.5244156122207642, "acc": 0.7577738165855408, "length": 4.0, "mode": "test", "epoch": 9}
{"loss": 0.4586496949195862, "acc": 0.7902941703796387, "length": 3.97050404548645, "mode": "train", "epoch": 10}
{"loss": 0.5226360559463501, "acc": 0.7697879672050476, "length": 4.0, "mode": "test", "epoch": 10}
{"loss": 0.4386800229549408, "acc": 0.8046757578849792, "length": 3.9672160148620605, "mode": "train", "epoch": 11}
{"loss": 0.505574107170105, "acc": 0.7719081044197083, "length": 4.0, "mode": "test", "epoch": 11}
{"loss": 0.4208037257194519, "acc": 0.805587649345398, "length": 3.953935146331787, "mode": "train", "epoch": 12}
{"loss": 0.5122233629226685, "acc": 0.7729681730270386, "length": 4.0, "mode": "test", "epoch": 12}
{"loss": 0.40647342801094055, "acc": 0.81645268201828, "length": 3.9638116359710693, "mode": "train", "epoch": 13}
{"loss": 0.5075315237045288, "acc": 0.77950519323349, "length": 4.0, "mode": "test", "epoch": 13}
{"loss": 0.38829702138900757, "acc": 0.8202123641967773, "length": 3.9775326251983643, "mode": "train", "epoch": 14}
{"loss": 0.5062029361724854, "acc": 0.7856890559196472, "length": 4.0, "mode": "test", "epoch": 14}
{"loss": 0.3810843825340271, "acc": 0.8287421464920044, "length": 3.9826974868774414, "mode": "train", "epoch": 15}
{"loss": 0.5002682209014893, "acc": 0.793992817401886, "length": 4.0, "mode": "test", "epoch": 15}
{"loss": 0.3699745535850525, "acc": 0.8397909998893738, "length": 3.9891159534454346, "mode": "train", "epoch": 16}
{"loss": 0.48618707060813904, "acc": 0.7998232841491699, "length": 4.0, "mode": "test", "epoch": 16}
{"loss": 0.35976773500442505, "acc": 0.8372571468353271, "length": 3.991314649581909, "mode": "train", "epoch": 17}
{"loss": 0.48521608114242554, "acc": 0.807420551776886, "length": 4.0, "mode": "test", "epoch": 17}
{"loss": 0.34939953684806824, "acc": 0.8454061150550842, "length": 3.9937644004821777, "mode": "train", "epoch": 18}
{"loss": 0.45765548944473267, "acc": 0.8132510185241699, "length": 4.0, "mode": "test", "epoch": 18}
{"loss": 0.3340965807437897, "acc": 0.853539764881134, "length": 3.9954371452331543, "mode": "train", "epoch": 19}
{"loss": 0.45032799243927, "acc": 0.8162544965744019, "length": 4.0, "mode": "test", "epoch": 19}
{"loss": 0.31723153591156006, "acc": 0.8616960048675537, "length": 3.9968209266662598, "mode": "train", "epoch": 20}
{"loss": 0.39606595039367676, "acc": 0.8090106248855591, "length": 4.0, "mode": "test", "epoch": 20}
{"loss": 0.299021452665329, "acc": 0.8661235570907593, "length": 3.996248245239258, "mode": "train", "epoch": 21}
{"loss": 0.4075566232204437, "acc": 0.8166077136993408, "length": 4.0, "mode": "test", "epoch": 21}
{"loss": 0.29341384768486023, "acc": 0.8742283582687378, "length": 3.997965097427368, "mode": "train", "epoch": 22}
{"loss": 0.39511191844940186, "acc": 0.8226149082183838, "length": 4.0, "mode": "test", "epoch": 22}
{"loss": 0.29592785239219666, "acc": 0.8771102428436279, "length": 3.998014211654663, "mode": "train", "epoch": 23}
{"loss": 0.3721441626548767, "acc": 0.840636134147644, "length": 4.0, "mode": "test", "epoch": 23}
{"loss": 0.28007882833480835, "acc": 0.8803153038024902, "length": 3.9986042976379395, "mode": "train", "epoch": 24}
{"loss": 0.36172425746917725, "acc": 0.8491165637969971, "length": 4.0, "mode": "test", "epoch": 24}
{"loss": 0.2729589641094208, "acc": 0.884074866771698, "length": 3.998061180114746, "mode": "train", "epoch": 25}
{"loss": 0.35923510789871216, "acc": 0.8363957405090332, "length": 4.0, "mode": "test", "epoch": 25}
{"loss": 0.27017104625701904, "acc": 0.8862862586975098, "length": 3.9989490509033203, "mode": "train", "epoch": 26}
{"loss": 0.3787592351436615, "acc": 0.844876229763031, "length": 4.0, "mode": "test", "epoch": 26}
{"loss": 0.26570039987564087, "acc": 0.8869439363479614, "length": 3.9994542598724365, "mode": "train", "epoch": 27}
{"loss": 0.3477189540863037, "acc": 0.8549469709396362, "length": 4.0, "mode": "test", "epoch": 27}
{"loss": 0.26528164744377136, "acc": 0.8936602473258972, "length": 3.998889684677124, "mode": "train", "epoch": 28}
{"loss": 0.345585435628891, "acc": 0.8568904399871826, "length": 4.0, "mode": "test", "epoch": 28}
{"loss": 0.2546880841255188, "acc": 0.894976794719696, "length": 3.9997060298919678, "mode": "train", "epoch": 29}
{"loss": 0.3294498324394226, "acc": 0.8685511946678162, "length": 4.0, "mode": "test", "epoch": 29}
{"loss": 0.251495897769928, "acc": 0.896391749382019, "length": 3.9996180534362793, "mode": "train", "epoch": 30}
{"loss": 0.34325262904167175, "acc": 0.8607774376869202, "length": 4.0, "mode": "test", "epoch": 30}
{"loss": 0.2500343918800354, "acc": 0.8912204504013062, "length": 3.99857497215271, "mode": "train", "epoch": 31}
{"loss": 0.34087714552879333, "acc": 0.8726150393486023, "length": 4.0, "mode": "test", "epoch": 31}
{"loss": 0.2499750405550003, "acc": 0.9002877473831177, "length": 3.999650478363037, "mode": "train", "epoch": 32}
{"loss": 0.33081674575805664, "acc": 0.8749116659164429, "length": 4.0, "mode": "test", "epoch": 32}
{"loss": 0.24290460348129272, "acc": 0.903197169303894, "length": 3.9981327056884766, "mode": "train", "epoch": 33}
{"loss": 0.33434391021728516, "acc": 0.8722614049911499, "length": 4.0, "mode": "test", "epoch": 33}
{"loss": 0.2414434403181076, "acc": 0.903226912021637, "length": 3.9985780715942383, "mode": "train", "epoch": 34}
{"loss": 0.3199354112148285, "acc": 0.8743816614151001, "length": 4.0, "mode": "test", "epoch": 34}
{"loss": 0.23819181323051453, "acc": 0.902653157711029, "length": 3.9998176097869873, "mode": "train", "epoch": 35}
{"loss": 0.3294438123703003, "acc": 0.8805654644966125, "length": 4.0, "mode": "test", "epoch": 35}
{"loss": 0.2384076863527298, "acc": 0.9004622101783752, "length": 3.999497413635254, "mode": "train", "epoch": 36}
{"loss": 0.33228424191474915, "acc": 0.8689046502113342, "length": 4.0, "mode": "test", "epoch": 36}
{"loss": 0.23160727322101593, "acc": 0.9010609984397888, "length": 3.999913454055786, "mode": "train", "epoch": 37}
{"loss": 0.3431296944618225, "acc": 0.8584807515144348, "length": 4.0, "mode": "test", "epoch": 37}
{"loss": 0.23619608581066132, "acc": 0.8985804915428162, "length": 3.9998321533203125, "mode": "train", "epoch": 38}
{"loss": 0.3376186788082123, "acc": 0.8810953497886658, "length": 4.0, "mode": "test", "epoch": 38}
{"loss": 0.22986802458763123, "acc": 0.9014734625816345, "length": 3.999854803085327, "mode": "train", "epoch": 39}
{"loss": 0.3307391405105591, "acc": 0.8833920955657959, "length": 4.0, "mode": "test", "epoch": 39}
{"loss": 0.22945420444011688, "acc": 0.9033640027046204, "length": 3.999967098236084, "mode": "train", "epoch": 40}
{"loss": 0.3035570979118347, "acc": 0.8773851990699768, "length": 4.0, "mode": "test", "epoch": 40}
{"loss": 0.2268529236316681, "acc": 0.9027740955352783, "length": 3.9999849796295166, "mode": "train", "epoch": 41}
{"loss": 0.31632691621780396, "acc": 0.8710246086120605, "length": 4.0, "mode": "test", "epoch": 41}
{"loss": 0.22657763957977295, "acc": 0.903658926486969, "length": 3.999965190887451, "mode": "train", "epoch": 42}
{"loss": 0.3203044831752777, "acc": 0.8849824070930481, "length": 4.0, "mode": "test", "epoch": 42}
{"loss": 0.22063949704170227, "acc": 0.9041292071342468, "length": 3.99988055229187, "mode": "train", "epoch": 43}
{"loss": 0.3231770396232605, "acc": 0.8779152035713196, "length": 4.0, "mode": "test", "epoch": 43}
{"loss": 0.21706971526145935, "acc": 0.910446286201477, "length": 3.9998645782470703, "mode": "train", "epoch": 44}
{"loss": 0.3108607530593872, "acc": 0.8901060223579407, "length": 4.0, "mode": "test", "epoch": 44}
{"loss": 0.21612247824668884, "acc": 0.9113928079605103, "length": 3.9999890327453613, "mode": "train", "epoch": 45}
{"loss": 0.31563568115234375, "acc": 0.88462895154953, "length": 4.0, "mode": "test", "epoch": 45}
{"loss": 0.2125655710697174, "acc": 0.9121009707450867, "length": 3.9999728202819824, "mode": "train", "epoch": 46}
{"loss": 0.34148263931274414, "acc": 0.8835687041282654, "length": 4.0, "mode": "test", "epoch": 46}
{"loss": 0.21493937075138092, "acc": 0.9131017923355103, "length": 3.9998316764831543, "mode": "train", "epoch": 47}
{"loss": 0.31664058566093445, "acc": 0.8863957524299622, "length": 4.0, "mode": "test", "epoch": 47}
{"loss": 0.2094895988702774, "acc": 0.9110386967658997, "length": 3.999986410140991, "mode": "train", "epoch": 48}
{"loss": 0.31762441992759705, "acc": 0.8886926174163818, "length": 4.0, "mode": "test", "epoch": 48}
{"loss": 0.20328496396541595, "acc": 0.913872241973877, "length": 3.9999852180480957, "mode": "train", "epoch": 49}
{"loss": 0.31600508093833923, "acc": 0.8904592990875244, "length": 4.0, "mode": "test", "epoch": 49}
{"loss": 0.19854694604873657, "acc": 0.9190077185630798, "length": 3.999983787536621, "mode": "train", "epoch": 50}
{"loss": 0.29993948340415955, "acc": 0.8819788098335266, "length": 4.0, "mode": "test", "epoch": 50}
{"loss": 0.19355271756649017, "acc": 0.9190080165863037, "length": 3.9999964237213135, "mode": "train", "epoch": 51}
{"loss": 0.3244640827178955, "acc": 0.8862192630767822, "length": 4.0, "mode": "test", "epoch": 51}
{"loss": 0.19218458235263824, "acc": 0.9211922883987427, "length": 3.9999942779541016, "mode": "train", "epoch": 52}
{"loss": 0.3029269874095917, "acc": 0.8939929604530334, "length": 4.0, "mode": "test", "epoch": 52}
{"loss": 0.18331800401210785, "acc": 0.9294697046279907, "length": 3.998853921890259, "mode": "train", "epoch": 53}
{"loss": 0.3087179660797119, "acc": 0.8934629559516907, "length": 4.0, "mode": "test", "epoch": 53}
{"loss": 0.18465285003185272, "acc": 0.9232559204101562, "length": 3.9998748302459717, "mode": "train", "epoch": 54}
{"loss": 0.29966217279434204, "acc": 0.8920494318008423, "length": 4.0, "mode": "test", "epoch": 54}
{"loss": 0.1782018095254898, "acc": 0.9257962107658386, "length": 3.999980926513672, "mode": "train", "epoch": 55}
{"loss": 0.3091319501399994, "acc": 0.8901061415672302, "length": 4.0, "mode": "test", "epoch": 55}
{"loss": 0.17283879220485687, "acc": 0.9296334981918335, "length": 3.9999892711639404, "mode": "train", "epoch": 56}
{"loss": 0.28291285037994385, "acc": 0.9017669558525085, "length": 4.0, "mode": "test", "epoch": 56}
{"loss": 0.1636839509010315, "acc": 0.9375407099723816, "length": 3.9999117851257324, "mode": "train", "epoch": 57}
{"loss": 0.28570520877838135, "acc": 0.9015901684761047, "length": 4.0, "mode": "test", "epoch": 57}
{"loss": 0.16497333347797394, "acc": 0.9312859177589417, "length": 3.999976634979248, "mode": "train", "epoch": 58}
{"loss": 0.2492186427116394, "acc": 0.9077738523483276, "length": 4.0, "mode": "test", "epoch": 58}
{"loss": 0.16428238153457642, "acc": 0.9371893405914307, "length": 3.9999847412109375, "mode": "train", "epoch": 59}
{"loss": 0.2731333076953888, "acc": 0.9079505801200867, "length": 4.0, "mode": "test", "epoch": 59}
{"loss": 0.15137188136577606, "acc": 0.942366361618042, "length": 3.999594211578369, "mode": "train", "epoch": 60}
{"loss": 0.27254146337509155, "acc": 0.9141343235969543, "length": 4.0, "mode": "test", "epoch": 60}
test accuracy: 0.7698386311531067
