# ["--attributes=3", "--values=16", "--game_size=10", "--vocab_size_factor=3", "--n_epochs=60", "--batch_size=128", "--learning_rate=0.001", "--hidden_size=128", "--temp_update=0.99", "--temperature=1"]
Creating train_ds and val_ds...

Creating test_ds...
{"loss": 0.6973854899406433, "acc": 0.5079298615455627, "length": 3.572021484375, "mode": "train", "epoch": 1}
{"loss": 0.6799973845481873, "acc": 0.5825005769729614, "length": 1.9222972393035889, "mode": "test", "epoch": 1}
{"loss": 0.692354142665863, "acc": 0.5203276872634888, "length": 3.462249994277954, "mode": "train", "epoch": 2}
{"loss": 0.6781477332115173, "acc": 0.6094205975532532, "length": 1.6452702283859253, "mode": "test", "epoch": 2}
{"loss": 0.6876853108406067, "acc": 0.551909327507019, "length": 3.306516170501709, "mode": "train", "epoch": 3}
{"loss": 0.6522080898284912, "acc": 0.7226800322532654, "length": 2.570945978164673, "mode": "test", "epoch": 3}
{"loss": 0.6693887114524841, "acc": 0.640373945236206, "length": 3.27119517326355, "mode": "train", "epoch": 4}
{"loss": 0.6129786968231201, "acc": 0.7556015253067017, "length": 3.3918919563293457, "mode": "test", "epoch": 4}
{"loss": 0.6229000091552734, "acc": 0.7306878566741943, "length": 3.5519285202026367, "mode": "train", "epoch": 5}
{"loss": 0.549573540687561, "acc": 0.7573308944702148, "length": 3.9898648262023926, "mode": "test", "epoch": 5}
{"loss": 0.5454978942871094, "acc": 0.75784832239151, "length": 3.860206127166748, "mode": "train", "epoch": 6}
{"loss": 0.48243892192840576, "acc": 0.7719594240188599, "length": 4.0, "mode": "test", "epoch": 6}
{"loss": 0.49531832337379456, "acc": 0.7720703482627869, "length": 3.963986873626709, "mode": "train", "epoch": 7}
{"loss": 0.46705716848373413, "acc": 0.790202796459198, "length": 4.0, "mode": "test", "epoch": 7}
{"loss": 0.47748011350631714, "acc": 0.7896999716758728, "length": 3.976409673690796, "mode": "train", "epoch": 8}
{"loss": 0.45115405321121216, "acc": 0.7952703237533569, "length": 4.0, "mode": "test", "epoch": 8}
{"loss": 0.4574620723724365, "acc": 0.7894307374954224, "length": 3.9798965454101562, "mode": "train", "epoch": 9}
{"loss": 0.44749030470848083, "acc": 0.792905330657959, "length": 4.0, "mode": "test", "epoch": 9}
{"loss": 0.4341583847999573, "acc": 0.7947153449058533, "length": 3.977038860321045, "mode": "train", "epoch": 10}
{"loss": 0.43146324157714844, "acc": 0.8086149096488953, "length": 4.0, "mode": "test", "epoch": 10}
{"loss": 0.4067562222480774, "acc": 0.8139331936836243, "length": 3.989199161529541, "mode": "train", "epoch": 11}
{"loss": 0.39873409271240234, "acc": 0.8234797120094299, "length": 4.0, "mode": "test", "epoch": 11}
{"loss": 0.38037949800491333, "acc": 0.8339020609855652, "length": 3.984251022338867, "mode": "train", "epoch": 12}
{"loss": 0.38020235300064087, "acc": 0.8483107686042786, "length": 4.0, "mode": "test", "epoch": 12}
{"loss": 0.3565840423107147, "acc": 0.8489635586738586, "length": 3.9942855834960938, "mode": "train", "epoch": 13}
{"loss": 0.36405789852142334, "acc": 0.843074381351471, "length": 4.0, "mode": "test", "epoch": 13}
{"loss": 0.33589330315589905, "acc": 0.8588613867759705, "length": 3.9925153255462646, "mode": "train", "epoch": 14}
{"loss": 0.34990057349205017, "acc": 0.865371584892273, "length": 4.0, "mode": "test", "epoch": 14}
{"loss": 0.32376644015312195, "acc": 0.8653775453567505, "length": 3.992845058441162, "mode": "train", "epoch": 15}
{"loss": 0.3290786147117615, "acc": 0.8668919205665588, "length": 4.0, "mode": "test", "epoch": 15}
{"loss": 0.3107711970806122, "acc": 0.8735744953155518, "length": 3.9916329383850098, "mode": "train", "epoch": 16}
{"loss": 0.3087288439273834, "acc": 0.8646958470344543, "length": 4.0, "mode": "test", "epoch": 16}
{"loss": 0.29586881399154663, "acc": 0.8788437247276306, "length": 3.9942307472229004, "mode": "train", "epoch": 17}
{"loss": 0.28689640760421753, "acc": 0.8782094120979309, "length": 4.0, "mode": "test", "epoch": 17}
{"loss": 0.283925324678421, "acc": 0.8847511410713196, "length": 3.992687940597534, "mode": "train", "epoch": 18}
{"loss": 0.3035925626754761, "acc": 0.8673985600471497, "length": 4.0, "mode": "test", "epoch": 18}
{"loss": 0.2768847346305847, "acc": 0.8899388313293457, "length": 3.9847962856292725, "mode": "train", "epoch": 19}
{"loss": 0.26331445574760437, "acc": 0.886655330657959, "length": 4.0, "mode": "test", "epoch": 19}
{"loss": 0.26411327719688416, "acc": 0.8959168791770935, "length": 3.991999626159668, "mode": "train", "epoch": 20}
{"loss": 0.24857066571712494, "acc": 0.9006755948066711, "length": 4.0, "mode": "test", "epoch": 20}
{"loss": 0.24638225138187408, "acc": 0.9035748243331909, "length": 3.992687702178955, "mode": "train", "epoch": 21}
{"loss": 0.2515994906425476, "acc": 0.9092903137207031, "length": 4.0, "mode": "test", "epoch": 21}
{"loss": 0.2372891902923584, "acc": 0.909492015838623, "length": 3.9921019077301025, "mode": "train", "epoch": 22}
{"loss": 0.23006361722946167, "acc": 0.910979688167572, "length": 4.0, "mode": "test", "epoch": 22}
{"loss": 0.22184571623802185, "acc": 0.9157894253730774, "length": 3.9915735721588135, "mode": "train", "epoch": 23}
{"loss": 0.2273404449224472, "acc": 0.9157094955444336, "length": 4.0, "mode": "test", "epoch": 23}
{"loss": 0.21477927267551422, "acc": 0.9155414700508118, "length": 3.9928131103515625, "mode": "train", "epoch": 24}
{"loss": 0.21856406331062317, "acc": 0.918918788433075, "length": 4.0, "mode": "test", "epoch": 24}
{"loss": 0.19741246104240417, "acc": 0.9273895621299744, "length": 3.9966659545898438, "mode": "train", "epoch": 25}
{"loss": 0.20586803555488586, "acc": 0.9197633862495422, "length": 4.0, "mode": "test", "epoch": 25}
{"loss": 0.1912800371646881, "acc": 0.9266884326934814, "length": 3.9951393604278564, "mode": "train", "epoch": 26}
{"loss": 0.20464465022087097, "acc": 0.9248310923576355, "length": 4.0, "mode": "test", "epoch": 26}
{"loss": 0.18452836573123932, "acc": 0.9343301057815552, "length": 3.9974746704101562, "mode": "train", "epoch": 27}
{"loss": 0.20823727548122406, "acc": 0.9234797358512878, "length": 4.0, "mode": "test", "epoch": 27}
{"loss": 0.1838708370923996, "acc": 0.9326561093330383, "length": 3.9960553646087646, "mode": "train", "epoch": 28}
{"loss": 0.18981075286865234, "acc": 0.9266892671585083, "length": 4.0, "mode": "test", "epoch": 28}
{"loss": 0.17700566351413727, "acc": 0.936001718044281, "length": 3.998673915863037, "mode": "train", "epoch": 29}
{"loss": 0.19644324481487274, "acc": 0.9317567944526672, "length": 4.0, "mode": "test", "epoch": 29}
{"loss": 0.16803783178329468, "acc": 0.9388982653617859, "length": 3.9990572929382324, "mode": "train", "epoch": 30}
{"loss": 0.19884555041790009, "acc": 0.9268580079078674, "length": 4.0, "mode": "test", "epoch": 30}
{"loss": 0.17026707530021667, "acc": 0.9373190999031067, "length": 3.999443292617798, "mode": "train", "epoch": 31}
{"loss": 0.20269033312797546, "acc": 0.9339526295661926, "length": 4.0, "mode": "test", "epoch": 31}
{"loss": 0.16751588881015778, "acc": 0.939171552658081, "length": 3.9978549480438232, "mode": "train", "epoch": 32}
{"loss": 0.189289852976799, "acc": 0.9375001192092896, "length": 4.0, "mode": "test", "epoch": 32}
{"loss": 0.16099713742733002, "acc": 0.943147599697113, "length": 3.999427556991577, "mode": "train", "epoch": 33}
{"loss": 0.17823313176631927, "acc": 0.938175618648529, "length": 4.0, "mode": "test", "epoch": 33}
{"loss": 0.1594776213169098, "acc": 0.9432487487792969, "length": 3.999213695526123, "mode": "train", "epoch": 34}
{"loss": 0.18010202050209045, "acc": 0.9358108043670654, "length": 4.0, "mode": "test", "epoch": 34}
{"loss": 0.15177921950817108, "acc": 0.9501542448997498, "length": 3.9993913173675537, "mode": "train", "epoch": 35}
{"loss": 0.17432698607444763, "acc": 0.9371621608734131, "length": 4.0, "mode": "test", "epoch": 35}
{"loss": 0.14959116280078888, "acc": 0.9459119439125061, "length": 3.999507188796997, "mode": "train", "epoch": 36}
{"loss": 0.17025688290596008, "acc": 0.9386824369430542, "length": 4.0, "mode": "test", "epoch": 36}
{"loss": 0.14864309132099152, "acc": 0.9474427700042725, "length": 3.999173641204834, "mode": "train", "epoch": 37}
{"loss": 0.1594735085964203, "acc": 0.9439190030097961, "length": 4.0, "mode": "test", "epoch": 37}
{"loss": 0.1428331583738327, "acc": 0.9531592726707458, "length": 3.9995388984680176, "mode": "train", "epoch": 38}
{"loss": 0.16243624687194824, "acc": 0.9408783912658691, "length": 4.0, "mode": "test", "epoch": 38}
{"loss": 0.13750776648521423, "acc": 0.9564409255981445, "length": 3.999732494354248, "mode": "train", "epoch": 39}
{"loss": 0.16261574625968933, "acc": 0.9423986077308655, "length": 4.0, "mode": "test", "epoch": 39}
{"loss": 0.1384838968515396, "acc": 0.9518067240715027, "length": 3.9998879432678223, "mode": "train", "epoch": 40}
{"loss": 0.15006624162197113, "acc": 0.9474661350250244, "length": 4.0, "mode": "test", "epoch": 40}
{"loss": 0.13968919217586517, "acc": 0.9537161588668823, "length": 3.99873685836792, "mode": "train", "epoch": 41}
{"loss": 0.1545633226633072, "acc": 0.9447634816169739, "length": 4.0, "mode": "test", "epoch": 41}
{"loss": 0.13826072216033936, "acc": 0.9511739015579224, "length": 3.999321699142456, "mode": "train", "epoch": 42}
{"loss": 0.1614801436662674, "acc": 0.9423986077308655, "length": 4.0, "mode": "test", "epoch": 42}
{"loss": 0.14017753303050995, "acc": 0.9536128044128418, "length": 3.999798059463501, "mode": "train", "epoch": 43}
{"loss": 0.16711895167827606, "acc": 0.9432432055473328, "length": 4.0, "mode": "test", "epoch": 43}
{"loss": 0.13507388532161713, "acc": 0.9521960616111755, "length": 3.999727487564087, "mode": "train", "epoch": 44}
{"loss": 0.16059057414531708, "acc": 0.9467905163764954, "length": 4.0, "mode": "test", "epoch": 44}
{"loss": 0.13302746415138245, "acc": 0.9533358812332153, "length": 3.999943494796753, "mode": "train", "epoch": 45}
{"loss": 0.1608489751815796, "acc": 0.9494932889938354, "length": 4.0, "mode": "test", "epoch": 45}
{"loss": 0.13477103412151337, "acc": 0.9524547457695007, "length": 3.999215602874756, "mode": "train", "epoch": 46}
{"loss": 0.152053564786911, "acc": 0.9486486911773682, "length": 4.0, "mode": "test", "epoch": 46}
{"loss": 0.12975668907165527, "acc": 0.9562749862670898, "length": 3.9998950958251953, "mode": "train", "epoch": 47}
{"loss": 0.16524872183799744, "acc": 0.9506757855415344, "length": 4.0, "mode": "test", "epoch": 47}
{"loss": 0.12477731704711914, "acc": 0.9592743515968323, "length": 3.999898910522461, "mode": "train", "epoch": 48}
{"loss": 0.15784186124801636, "acc": 0.9484797120094299, "length": 4.0, "mode": "test", "epoch": 48}
{"loss": 0.12293116003274918, "acc": 0.9573523998260498, "length": 3.999972343444824, "mode": "train", "epoch": 49}
{"loss": 0.14965179562568665, "acc": 0.9478040933609009, "length": 4.0, "mode": "test", "epoch": 49}
{"loss": 0.12360291182994843, "acc": 0.9566162824630737, "length": 3.9999663829803467, "mode": "train", "epoch": 50}
{"loss": 0.1508641242980957, "acc": 0.952195942401886, "length": 4.0, "mode": "test", "epoch": 50}
{"loss": 0.11982221901416779, "acc": 0.9597256779670715, "length": 3.999873161315918, "mode": "train", "epoch": 51}
{"loss": 0.15078845620155334, "acc": 0.9442567825317383, "length": 4.0, "mode": "test", "epoch": 51}
{"loss": 0.11602228879928589, "acc": 0.9592754244804382, "length": 3.999976634979248, "mode": "train", "epoch": 52}
{"loss": 0.15446750819683075, "acc": 0.9444257616996765, "length": 4.0, "mode": "test", "epoch": 52}
{"loss": 0.11696058511734009, "acc": 0.9605675339698792, "length": 3.999511480331421, "mode": "train", "epoch": 53}
{"loss": 0.14640194177627563, "acc": 0.9528716802597046, "length": 4.0, "mode": "test", "epoch": 53}
{"loss": 0.11801481992006302, "acc": 0.958766758441925, "length": 3.9999895095825195, "mode": "train", "epoch": 54}
{"loss": 0.1522996872663498, "acc": 0.9444257616996765, "length": 4.0, "mode": "test", "epoch": 54}
{"loss": 0.11839406192302704, "acc": 0.9583060145378113, "length": 3.9995672702789307, "mode": "train", "epoch": 55}
{"loss": 0.15179523825645447, "acc": 0.9489865899085999, "length": 4.0, "mode": "test", "epoch": 55}
{"loss": 0.11721596121788025, "acc": 0.9576342105865479, "length": 3.9999594688415527, "mode": "train", "epoch": 56}
{"loss": 0.15375909209251404, "acc": 0.9510135054588318, "length": 4.0, "mode": "test", "epoch": 56}
{"loss": 0.11936554312705994, "acc": 0.9605748057365417, "length": 3.999885082244873, "mode": "train", "epoch": 57}
{"loss": 0.14312133193016052, "acc": 0.952026903629303, "length": 4.0, "mode": "test", "epoch": 57}
{"loss": 0.11713961511850357, "acc": 0.9577484130859375, "length": 3.999986410140991, "mode": "train", "epoch": 58}
{"loss": 0.14819364249706268, "acc": 0.9516891241073608, "length": 4.0, "mode": "test", "epoch": 58}
{"loss": 0.12135577946901321, "acc": 0.9596143960952759, "length": 3.9999513626098633, "mode": "train", "epoch": 59}
{"loss": 0.14849291741847992, "acc": 0.9530405402183533, "length": 4.0, "mode": "test", "epoch": 59}
{"loss": 0.11594067513942719, "acc": 0.9616503119468689, "length": 3.99993896484375, "mode": "train", "epoch": 60}
{"loss": 0.14785009622573853, "acc": 0.9483107328414917, "length": 4.0, "mode": "test", "epoch": 60}
test accuracy: 0.778846263885498
