# ["--attributes=3", "--values=16", "--game_size=10", "--vocab_size_factor=3", "--n_epochs=60", "--batch_size=128", "--learning_rate=0.001", "--hidden_size=128", "--temp_update=0.99", "--temperature=1.5"]
Creating train_ds and val_ds...

Creating test_ds...
{"loss": 0.6950196623802185, "acc": 0.5148220658302307, "length": 3.5244791507720947, "mode": "train", "epoch": 1}
{"loss": 0.6812325716018677, "acc": 0.563701331615448, "length": 1.9175257682800293, "mode": "test", "epoch": 1}
{"loss": 0.6950305104255676, "acc": 0.5289060473442078, "length": 3.486989974975586, "mode": "train", "epoch": 2}
{"loss": 0.6790707111358643, "acc": 0.5718830823898315, "length": 2.0618555545806885, "mode": "test", "epoch": 2}
{"loss": 0.6872794032096863, "acc": 0.5471505522727966, "length": 3.3719074726104736, "mode": "train", "epoch": 3}
{"loss": 0.6755321025848389, "acc": 0.5994712114334106, "length": 2.3814432621002197, "mode": "test", "epoch": 3}
{"loss": 0.6706796884536743, "acc": 0.6110182404518127, "length": 3.35965633392334, "mode": "train", "epoch": 4}
{"loss": 0.6377800703048706, "acc": 0.68833327293396, "length": 3.6391751766204834, "mode": "test", "epoch": 4}
{"loss": 0.6286414861679077, "acc": 0.7034758925437927, "length": 3.6378061771392822, "mode": "train", "epoch": 5}
{"loss": 0.5761529803276062, "acc": 0.7317869067192078, "length": 4.0, "mode": "test", "epoch": 5}
{"loss": 0.572577714920044, "acc": 0.7209051251411438, "length": 3.8611059188842773, "mode": "train", "epoch": 6}
{"loss": 0.5429244637489319, "acc": 0.7386598587036133, "length": 4.0, "mode": "test", "epoch": 6}
{"loss": 0.5528300404548645, "acc": 0.7097927331924438, "length": 3.931058883666992, "mode": "train", "epoch": 7}
{"loss": 0.5226356983184814, "acc": 0.7338488698005676, "length": 4.0, "mode": "test", "epoch": 7}
{"loss": 0.5131576657295227, "acc": 0.7369547486305237, "length": 3.9349513053894043, "mode": "train", "epoch": 8}
{"loss": 0.4762067496776581, "acc": 0.7860825657844543, "length": 4.0, "mode": "test", "epoch": 8}
{"loss": 0.4796065390110016, "acc": 0.7839851975440979, "length": 3.9383857250213623, "mode": "train", "epoch": 9}
{"loss": 0.449572890996933, "acc": 0.7920961976051331, "length": 4.0, "mode": "test", "epoch": 9}
{"loss": 0.4546545743942261, "acc": 0.7898272275924683, "length": 3.95630145072937, "mode": "train", "epoch": 10}
{"loss": 0.43898138403892517, "acc": 0.8089346289634705, "length": 4.0, "mode": "test", "epoch": 10}
{"loss": 0.43522533774375916, "acc": 0.7965745329856873, "length": 3.9475975036621094, "mode": "train", "epoch": 11}
{"loss": 0.4235150218009949, "acc": 0.8118557333946228, "length": 4.0, "mode": "test", "epoch": 11}
{"loss": 0.41160646080970764, "acc": 0.8158592581748962, "length": 3.9579145908355713, "mode": "train", "epoch": 12}
{"loss": 0.4095611572265625, "acc": 0.816494882106781, "length": 4.0, "mode": "test", "epoch": 12}
{"loss": 0.3838263154029846, "acc": 0.8237773776054382, "length": 3.9659671783447266, "mode": "train", "epoch": 13}
{"loss": 0.3963250517845154, "acc": 0.8230241537094116, "length": 4.0, "mode": "test", "epoch": 13}
{"loss": 0.35756152868270874, "acc": 0.8491254448890686, "length": 3.976350784301758, "mode": "train", "epoch": 14}
{"loss": 0.37796342372894287, "acc": 0.8365978598594666, "length": 4.0, "mode": "test", "epoch": 14}
{"loss": 0.3337089717388153, "acc": 0.8574286699295044, "length": 3.987185478210449, "mode": "train", "epoch": 15}
{"loss": 0.3713553547859192, "acc": 0.8498281240463257, "length": 4.0, "mode": "test", "epoch": 15}
{"loss": 0.3273615837097168, "acc": 0.8567453622817993, "length": 3.9882383346557617, "mode": "train", "epoch": 16}
{"loss": 0.3618960976600647, "acc": 0.8457044363021851, "length": 4.0, "mode": "test", "epoch": 16}
{"loss": 0.3141770362854004, "acc": 0.8662948608398438, "length": 3.989713668823242, "mode": "train", "epoch": 17}
{"loss": 0.33952435851097107, "acc": 0.8556700944900513, "length": 4.0, "mode": "test", "epoch": 17}
{"loss": 0.30634790658950806, "acc": 0.8720570802688599, "length": 3.9908201694488525, "mode": "train", "epoch": 18}
{"loss": 0.34735816717147827, "acc": 0.8434707522392273, "length": 4.0, "mode": "test", "epoch": 18}
{"loss": 0.2965918183326721, "acc": 0.8723820447921753, "length": 3.993469715118408, "mode": "train", "epoch": 19}
{"loss": 0.32612305879592896, "acc": 0.860309362411499, "length": 4.0, "mode": "test", "epoch": 19}
{"loss": 0.28684288263320923, "acc": 0.8794221878051758, "length": 3.9942808151245117, "mode": "train", "epoch": 20}
{"loss": 0.31692785024642944, "acc": 0.8678693175315857, "length": 4.0, "mode": "test", "epoch": 20}
{"loss": 0.2778468430042267, "acc": 0.8842395544052124, "length": 3.994551420211792, "mode": "train", "epoch": 21}
{"loss": 0.3160319924354553, "acc": 0.8652920722961426, "length": 4.0, "mode": "test", "epoch": 21}
{"loss": 0.27069801092147827, "acc": 0.8897740244865417, "length": 3.996342182159424, "mode": "train", "epoch": 22}
{"loss": 0.31569182872772217, "acc": 0.8685566186904907, "length": 4.0, "mode": "test", "epoch": 22}
{"loss": 0.26997292041778564, "acc": 0.8888479471206665, "length": 3.996154546737671, "mode": "train", "epoch": 23}
{"loss": 0.30275270342826843, "acc": 0.8714776635169983, "length": 4.0, "mode": "test", "epoch": 23}
{"loss": 0.25633156299591064, "acc": 0.896731972694397, "length": 3.995702028274536, "mode": "train", "epoch": 24}
{"loss": 0.29887449741363525, "acc": 0.8685566782951355, "length": 4.0, "mode": "test", "epoch": 24}
{"loss": 0.25379467010498047, "acc": 0.8994194865226746, "length": 3.99595046043396, "mode": "train", "epoch": 25}
{"loss": 0.28664132952690125, "acc": 0.8747422695159912, "length": 4.0, "mode": "test", "epoch": 25}
{"loss": 0.25496789813041687, "acc": 0.8947369456291199, "length": 3.997653007507324, "mode": "train", "epoch": 26}
{"loss": 0.3013148307800293, "acc": 0.8707905411720276, "length": 4.0, "mode": "test", "epoch": 26}
{"loss": 0.2539401948451996, "acc": 0.8999747633934021, "length": 3.998291015625, "mode": "train", "epoch": 27}
{"loss": 0.28445127606391907, "acc": 0.8812714219093323, "length": 4.0, "mode": "test", "epoch": 27}
{"loss": 0.24765199422836304, "acc": 0.8995702266693115, "length": 3.997739553451538, "mode": "train", "epoch": 28}
{"loss": 0.2872527241706848, "acc": 0.8766322731971741, "length": 4.0, "mode": "test", "epoch": 28}
{"loss": 0.24524764716625214, "acc": 0.9047276973724365, "length": 3.9970717430114746, "mode": "train", "epoch": 29}
{"loss": 0.2759818136692047, "acc": 0.8840206265449524, "length": 4.0, "mode": "test", "epoch": 29}
{"loss": 0.2392280399799347, "acc": 0.9053881168365479, "length": 3.9983463287353516, "mode": "train", "epoch": 30}
{"loss": 0.26834794878959656, "acc": 0.886769711971283, "length": 4.0, "mode": "test", "epoch": 30}
{"loss": 0.23567037284374237, "acc": 0.9079329371452332, "length": 3.9967598915100098, "mode": "train", "epoch": 31}
{"loss": 0.27441325783729553, "acc": 0.8884880542755127, "length": 4.0, "mode": "test", "epoch": 31}
{"loss": 0.23497453331947327, "acc": 0.9075709581375122, "length": 3.998386859893799, "mode": "train", "epoch": 32}
{"loss": 0.26984965801239014, "acc": 0.8850514888763428, "length": 4.0, "mode": "test", "epoch": 32}
{"loss": 0.22678108513355255, "acc": 0.9100965261459351, "length": 3.9984028339385986, "mode": "train", "epoch": 33}
{"loss": 0.2645609974861145, "acc": 0.8869413733482361, "length": 4.0, "mode": "test", "epoch": 33}
{"loss": 0.22139593958854675, "acc": 0.9115403294563293, "length": 3.998666286468506, "mode": "train", "epoch": 34}
{"loss": 0.2591789960861206, "acc": 0.8963916897773743, "length": 4.0, "mode": "test", "epoch": 34}
{"loss": 0.21481457352638245, "acc": 0.9154115915298462, "length": 3.997177839279175, "mode": "train", "epoch": 35}
{"loss": 0.25917431712150574, "acc": 0.8989689946174622, "length": 4.0, "mode": "test", "epoch": 35}
{"loss": 0.21423977613449097, "acc": 0.9171554446220398, "length": 3.997939109802246, "mode": "train", "epoch": 36}
{"loss": 0.2397032082080841, "acc": 0.8981099724769592, "length": 4.0, "mode": "test", "epoch": 36}
{"loss": 0.2098989337682724, "acc": 0.915383517742157, "length": 3.9985270500183105, "mode": "train", "epoch": 37}
{"loss": 0.24010996520519257, "acc": 0.9017181992530823, "length": 4.0, "mode": "test", "epoch": 37}
{"loss": 0.20564423501491547, "acc": 0.9189651012420654, "length": 3.99884033203125, "mode": "train", "epoch": 38}
{"loss": 0.22562526166439056, "acc": 0.910309374332428, "length": 4.0, "mode": "test", "epoch": 38}
{"loss": 0.20105281472206116, "acc": 0.9236588478088379, "length": 3.9982802867889404, "mode": "train", "epoch": 39}
{"loss": 0.22695504128932953, "acc": 0.9152921438217163, "length": 4.0, "mode": "test", "epoch": 39}
{"loss": 0.20027785003185272, "acc": 0.9252960681915283, "length": 3.999321699142456, "mode": "train", "epoch": 40}
{"loss": 0.21692928671836853, "acc": 0.9178695678710938, "length": 4.0, "mode": "test", "epoch": 40}
{"loss": 0.18908563256263733, "acc": 0.927196204662323, "length": 3.9991984367370605, "mode": "train", "epoch": 41}
{"loss": 0.21085691452026367, "acc": 0.9201031923294067, "length": 4.0, "mode": "test", "epoch": 41}
{"loss": 0.1846485286951065, "acc": 0.93047034740448, "length": 3.999098062515259, "mode": "train", "epoch": 42}
{"loss": 0.20504996180534363, "acc": 0.9195877313613892, "length": 4.0, "mode": "test", "epoch": 42}
{"loss": 0.17862825095653534, "acc": 0.9301040172576904, "length": 3.9983766078948975, "mode": "train", "epoch": 43}
{"loss": 0.19496235251426697, "acc": 0.9161513447761536, "length": 4.0, "mode": "test", "epoch": 43}
{"loss": 0.17383365333080292, "acc": 0.9335830211639404, "length": 3.9968838691711426, "mode": "train", "epoch": 44}
{"loss": 0.17718462646007538, "acc": 0.9292094707489014, "length": 4.0, "mode": "test", "epoch": 44}
{"loss": 0.16889716684818268, "acc": 0.9373114705085754, "length": 3.99881911277771, "mode": "train", "epoch": 45}
{"loss": 0.17645153403282166, "acc": 0.928693950176239, "length": 4.0, "mode": "test", "epoch": 45}
{"loss": 0.16858960688114166, "acc": 0.9400816559791565, "length": 3.999082326889038, "mode": "train", "epoch": 46}
{"loss": 0.19484734535217285, "acc": 0.9247422814369202, "length": 4.0, "mode": "test", "epoch": 46}
{"loss": 0.1660510152578354, "acc": 0.9381327033042908, "length": 3.9994473457336426, "mode": "train", "epoch": 47}
{"loss": 0.18279322981834412, "acc": 0.9278350472450256, "length": 4.0, "mode": "test", "epoch": 47}
{"loss": 0.15707990527153015, "acc": 0.94296795129776, "length": 3.9994852542877197, "mode": "train", "epoch": 48}
{"loss": 0.18050816655158997, "acc": 0.9273197054862976, "length": 4.0, "mode": "test", "epoch": 48}
{"loss": 0.1569947451353073, "acc": 0.9444037079811096, "length": 3.9994583129882812, "mode": "train", "epoch": 49}
{"loss": 0.17278717458248138, "acc": 0.935051679611206, "length": 4.0, "mode": "test", "epoch": 49}
{"loss": 0.15991471707820892, "acc": 0.9411832094192505, "length": 3.999488115310669, "mode": "train", "epoch": 50}
{"loss": 0.1753542423248291, "acc": 0.9345360994338989, "length": 4.0, "mode": "test", "epoch": 50}
{"loss": 0.152330219745636, "acc": 0.9442721009254456, "length": 3.9988245964050293, "mode": "train", "epoch": 51}
{"loss": 0.17310374975204468, "acc": 0.9369416832923889, "length": 4.0, "mode": "test", "epoch": 51}
{"loss": 0.15100745856761932, "acc": 0.9440611600875854, "length": 3.9995405673980713, "mode": "train", "epoch": 52}
{"loss": 0.17050206661224365, "acc": 0.9348796606063843, "length": 4.0, "mode": "test", "epoch": 52}
{"loss": 0.1448739618062973, "acc": 0.947687029838562, "length": 3.999527931213379, "mode": "train", "epoch": 53}
{"loss": 0.16769611835479736, "acc": 0.9355670213699341, "length": 4.0, "mode": "test", "epoch": 53}
{"loss": 0.1436527818441391, "acc": 0.9515348672866821, "length": 3.9992880821228027, "mode": "train", "epoch": 54}
{"loss": 0.16069725155830383, "acc": 0.9343643188476562, "length": 4.0, "mode": "test", "epoch": 54}
{"loss": 0.14184214174747467, "acc": 0.9485390186309814, "length": 3.999272108078003, "mode": "train", "epoch": 55}
{"loss": 0.16066715121269226, "acc": 0.9362541437149048, "length": 4.0, "mode": "test", "epoch": 55}
{"loss": 0.13840830326080322, "acc": 0.9514231085777283, "length": 3.9993300437927246, "mode": "train", "epoch": 56}
{"loss": 0.15757188200950623, "acc": 0.9408934116363525, "length": 4.0, "mode": "test", "epoch": 56}
{"loss": 0.13505695760250092, "acc": 0.951366126537323, "length": 3.999544620513916, "mode": "train", "epoch": 57}
{"loss": 0.15719839930534363, "acc": 0.9390035271644592, "length": 4.0, "mode": "test", "epoch": 57}
{"loss": 0.13774079084396362, "acc": 0.9510603547096252, "length": 3.9991137981414795, "mode": "train", "epoch": 58}
{"loss": 0.1502828449010849, "acc": 0.9405498504638672, "length": 4.0, "mode": "test", "epoch": 58}
{"loss": 0.138142392039299, "acc": 0.9494679570198059, "length": 3.9994964599609375, "mode": "train", "epoch": 59}
{"loss": 0.1542465090751648, "acc": 0.942783534526825, "length": 4.0, "mode": "test", "epoch": 59}
{"loss": 0.1341249644756317, "acc": 0.948782205581665, "length": 3.999612808227539, "mode": "train", "epoch": 60}
{"loss": 0.1568247526884079, "acc": 0.9403780102729797, "length": 4.0, "mode": "test", "epoch": 60}
test accuracy: 0.8501787185668945
