# ["--attributes=3", "--values=16", "--game_size=10", "--vocab_size_factor=3", "--n_epochs=60", "--batch_size=128", "--learning_rate=0.001", "--hidden_size=128", "--temp_update=0.99", "--temperature=2"]
Creating train_ds and val_ds...

Creating test_ds...
{"loss": 0.6977317929267883, "acc": 0.5114099979400635, "length": 3.5321671962738037, "mode": "train", "epoch": 1}
{"loss": 0.694064736366272, "acc": 0.511262834072113, "length": 1.0, "mode": "test", "epoch": 1}
{"loss": 0.692567765712738, "acc": 0.5384096503257751, "length": 3.4556283950805664, "mode": "train", "epoch": 2}
{"loss": 0.6931809186935425, "acc": 0.5320934057235718, "length": 1.0204777717590332, "mode": "test", "epoch": 2}
{"loss": 0.6885244250297546, "acc": 0.54423588514328, "length": 3.2842013835906982, "mode": "train", "epoch": 3}
{"loss": 0.6840823888778687, "acc": 0.5633200407028198, "length": 1.3481228351593018, "mode": "test", "epoch": 3}
{"loss": 0.6815760731697083, "acc": 0.5816264152526855, "length": 2.9851818084716797, "mode": "train", "epoch": 4}
{"loss": 0.660801112651825, "acc": 0.638361930847168, "length": 2.2184300422668457, "mode": "test", "epoch": 4}
{"loss": 0.6607623100280762, "acc": 0.6331601142883301, "length": 2.9734370708465576, "mode": "train", "epoch": 5}
{"loss": 0.629497230052948, "acc": 0.6975134611129761, "length": 2.7542662620544434, "mode": "test", "epoch": 5}
{"loss": 0.6196403503417969, "acc": 0.7253700494766235, "length": 3.0316059589385986, "mode": "train", "epoch": 6}
{"loss": 0.5710093975067139, "acc": 0.7680036425590515, "length": 3.3481228351593018, "mode": "test", "epoch": 6}
{"loss": 0.5542505383491516, "acc": 0.7756387591362, "length": 3.4059739112854004, "mode": "train", "epoch": 7}
{"loss": 0.5023455023765564, "acc": 0.8067101240158081, "length": 3.6450512409210205, "mode": "test", "epoch": 7}
{"loss": 0.4829472005367279, "acc": 0.7835178375244141, "length": 3.6383414268493652, "mode": "train", "epoch": 8}
{"loss": 0.4515322148799896, "acc": 0.8150169849395752, "length": 4.0, "mode": "test", "epoch": 8}
{"loss": 0.415244460105896, "acc": 0.8092656135559082, "length": 3.855288028717041, "mode": "train", "epoch": 9}
{"loss": 0.43162745237350464, "acc": 0.8281569480895996, "length": 4.0, "mode": "test", "epoch": 9}
{"loss": 0.37237414717674255, "acc": 0.831026554107666, "length": 3.897582530975342, "mode": "train", "epoch": 10}
{"loss": 0.43386775255203247, "acc": 0.8360067009925842, "length": 4.0, "mode": "test", "epoch": 10}
{"loss": 0.34732741117477417, "acc": 0.8459039926528931, "length": 3.9043421745300293, "mode": "train", "epoch": 11}
{"loss": 0.42941033840179443, "acc": 0.8353241682052612, "length": 4.0, "mode": "test", "epoch": 11}
{"loss": 0.3326192796230316, "acc": 0.8622438907623291, "length": 3.9224350452423096, "mode": "train", "epoch": 12}
{"loss": 0.4385455846786499, "acc": 0.834812343120575, "length": 4.0, "mode": "test", "epoch": 12}
{"loss": 0.3168965280056, "acc": 0.8704543709754944, "length": 3.9440908432006836, "mode": "train", "epoch": 13}
{"loss": 0.41880783438682556, "acc": 0.8479520678520203, "length": 4.0, "mode": "test", "epoch": 13}
{"loss": 0.30481377243995667, "acc": 0.8719720244407654, "length": 3.9553334712982178, "mode": "train", "epoch": 14}
{"loss": 0.40150243043899536, "acc": 0.8496586680412292, "length": 4.0, "mode": "test", "epoch": 14}
{"loss": 0.2899264395236969, "acc": 0.8788846731185913, "length": 3.9687867164611816, "mode": "train", "epoch": 15}
{"loss": 0.38548654317855835, "acc": 0.8580204844474792, "length": 4.0, "mode": "test", "epoch": 15}
{"loss": 0.2730609178543091, "acc": 0.8947111964225769, "length": 3.9734573364257812, "mode": "train", "epoch": 16}
{"loss": 0.35818052291870117, "acc": 0.8680887818336487, "length": 4.0, "mode": "test", "epoch": 16}
{"loss": 0.26533862948417664, "acc": 0.8939696550369263, "length": 3.980966329574585, "mode": "train", "epoch": 17}
{"loss": 0.3416388928890228, "acc": 0.8720137476921082, "length": 4.0, "mode": "test", "epoch": 17}
{"loss": 0.25129300355911255, "acc": 0.8993643522262573, "length": 3.9839072227478027, "mode": "train", "epoch": 18}
{"loss": 0.32147321105003357, "acc": 0.884641706943512, "length": 4.0, "mode": "test", "epoch": 18}
{"loss": 0.23624619841575623, "acc": 0.9070183038711548, "length": 3.9869158267974854, "mode": "train", "epoch": 19}
{"loss": 0.29214972257614136, "acc": 0.8815699219703674, "length": 4.0, "mode": "test", "epoch": 19}
{"loss": 0.23219028115272522, "acc": 0.9093503355979919, "length": 3.989999532699585, "mode": "train", "epoch": 20}
{"loss": 0.29927217960357666, "acc": 0.8829351663589478, "length": 4.0, "mode": "test", "epoch": 20}
{"loss": 0.22698116302490234, "acc": 0.9125571250915527, "length": 3.989671230316162, "mode": "train", "epoch": 21}
{"loss": 0.2958838641643524, "acc": 0.8866893649101257, "length": 4.0, "mode": "test", "epoch": 21}
{"loss": 0.22452910244464874, "acc": 0.9109830260276794, "length": 3.9925739765167236, "mode": "train", "epoch": 22}
{"loss": 0.2724401354789734, "acc": 0.8953925371170044, "length": 4.0, "mode": "test", "epoch": 22}
{"loss": 0.22482675313949585, "acc": 0.9102299809455872, "length": 3.993724822998047, "mode": "train", "epoch": 23}
{"loss": 0.2925783693790436, "acc": 0.8848122954368591, "length": 4.0, "mode": "test", "epoch": 23}
{"loss": 0.2153927981853485, "acc": 0.9159877300262451, "length": 3.994173288345337, "mode": "train", "epoch": 24}
{"loss": 0.2682872414588928, "acc": 0.8918089270591736, "length": 4.0, "mode": "test", "epoch": 24}
{"loss": 0.20808199048042297, "acc": 0.9181201457977295, "length": 3.99460768699646, "mode": "train", "epoch": 25}
{"loss": 0.2585009038448334, "acc": 0.8964163661003113, "length": 4.0, "mode": "test", "epoch": 25}
{"loss": 0.20222805440425873, "acc": 0.9214441776275635, "length": 3.9951601028442383, "mode": "train", "epoch": 26}
{"loss": 0.2500414252281189, "acc": 0.9042661786079407, "length": 4.0, "mode": "test", "epoch": 26}
{"loss": 0.1937703788280487, "acc": 0.9244382381439209, "length": 3.9960737228393555, "mode": "train", "epoch": 27}
{"loss": 0.2407071441411972, "acc": 0.9054607152938843, "length": 4.0, "mode": "test", "epoch": 27}
{"loss": 0.19077225029468536, "acc": 0.9312224388122559, "length": 3.9964773654937744, "mode": "train", "epoch": 28}
{"loss": 0.2604006230831146, "acc": 0.901877224445343, "length": 4.0, "mode": "test", "epoch": 28}
{"loss": 0.19482196867465973, "acc": 0.9245098233222961, "length": 3.9966208934783936, "mode": "train", "epoch": 29}
{"loss": 0.24712172150611877, "acc": 0.9000000357627869, "length": 4.0, "mode": "test", "epoch": 29}
{"loss": 0.18768903613090515, "acc": 0.9289297461509705, "length": 3.9973506927490234, "mode": "train", "epoch": 30}
{"loss": 0.2592054605484009, "acc": 0.9054607152938843, "length": 4.0, "mode": "test", "epoch": 30}
{"loss": 0.18242277204990387, "acc": 0.9344972372055054, "length": 3.996961832046509, "mode": "train", "epoch": 31}
{"loss": 0.23019342124462128, "acc": 0.9168940782546997, "length": 4.0, "mode": "test", "epoch": 31}
{"loss": 0.1810082346200943, "acc": 0.9298361539840698, "length": 3.9969675540924072, "mode": "train", "epoch": 32}
{"loss": 0.24037592113018036, "acc": 0.911604106426239, "length": 4.0, "mode": "test", "epoch": 32}
{"loss": 0.17463985085487366, "acc": 0.9353725910186768, "length": 3.997779130935669, "mode": "train", "epoch": 33}
{"loss": 0.22876012325286865, "acc": 0.9141637682914734, "length": 4.0, "mode": "test", "epoch": 33}
{"loss": 0.16858525574207306, "acc": 0.9364623427391052, "length": 3.9976277351379395, "mode": "train", "epoch": 34}
{"loss": 0.2287667840719223, "acc": 0.915358304977417, "length": 4.0, "mode": "test", "epoch": 34}
{"loss": 0.1666749268770218, "acc": 0.9370838403701782, "length": 3.995621919631958, "mode": "train", "epoch": 35}
{"loss": 0.2206133008003235, "acc": 0.9201364517211914, "length": 4.0, "mode": "test", "epoch": 35}
{"loss": 0.16599373519420624, "acc": 0.9414941668510437, "length": 3.9981770515441895, "mode": "train", "epoch": 36}
{"loss": 0.2083260715007782, "acc": 0.9261091351509094, "length": 4.0, "mode": "test", "epoch": 36}
{"loss": 0.15750150382518768, "acc": 0.9445201754570007, "length": 3.9983720779418945, "mode": "train", "epoch": 37}
{"loss": 0.21960167586803436, "acc": 0.9269624948501587, "length": 4.0, "mode": "test", "epoch": 37}
{"loss": 0.15297046303749084, "acc": 0.9458410739898682, "length": 3.9985511302948, "mode": "train", "epoch": 38}
{"loss": 0.21061766147613525, "acc": 0.9245733618736267, "length": 4.0, "mode": "test", "epoch": 38}
{"loss": 0.1556377410888672, "acc": 0.9419645667076111, "length": 3.9984822273254395, "mode": "train", "epoch": 39}
{"loss": 0.20423226058483124, "acc": 0.9331058859825134, "length": 4.0, "mode": "test", "epoch": 39}
{"loss": 0.1423628032207489, "acc": 0.9512653350830078, "length": 3.998898506164551, "mode": "train", "epoch": 40}
{"loss": 0.2075173705816269, "acc": 0.9317406415939331, "length": 4.0, "mode": "test", "epoch": 40}
{"loss": 0.14128440618515015, "acc": 0.9501148462295532, "length": 3.998666286468506, "mode": "train", "epoch": 41}
{"loss": 0.20314495265483856, "acc": 0.9312286972999573, "length": 4.0, "mode": "test", "epoch": 41}
{"loss": 0.13230589032173157, "acc": 0.9545461535453796, "length": 3.998452663421631, "mode": "train", "epoch": 42}
{"loss": 0.19600389897823334, "acc": 0.9313991665840149, "length": 4.0, "mode": "test", "epoch": 42}
{"loss": 0.1318061351776123, "acc": 0.9553722143173218, "length": 3.999018430709839, "mode": "train", "epoch": 43}
{"loss": 0.18090999126434326, "acc": 0.94112628698349, "length": 4.0, "mode": "test", "epoch": 43}
{"loss": 0.12541072070598602, "acc": 0.9579383134841919, "length": 3.9990499019622803, "mode": "train", "epoch": 44}
{"loss": 0.1791178584098816, "acc": 0.9358363151550293, "length": 4.0, "mode": "test", "epoch": 44}
{"loss": 0.12589967250823975, "acc": 0.957545280456543, "length": 3.9991700649261475, "mode": "train", "epoch": 45}
{"loss": 0.17770597338676453, "acc": 0.9382252097129822, "length": 4.0, "mode": "test", "epoch": 45}
{"loss": 0.1285177767276764, "acc": 0.9533678293228149, "length": 3.998786449432373, "mode": "train", "epoch": 46}
{"loss": 0.17313973605632782, "acc": 0.9428327679634094, "length": 4.0, "mode": "test", "epoch": 46}
{"loss": 0.12511608004570007, "acc": 0.959426999092102, "length": 3.9991366863250732, "mode": "train", "epoch": 47}
{"loss": 0.17750081419944763, "acc": 0.9375427961349487, "length": 4.0, "mode": "test", "epoch": 47}
{"loss": 0.12254330515861511, "acc": 0.959764838218689, "length": 3.9988553524017334, "mode": "train", "epoch": 48}
{"loss": 0.16926483809947968, "acc": 0.9370306730270386, "length": 4.0, "mode": "test", "epoch": 48}
{"loss": 0.12345162034034729, "acc": 0.9541928172111511, "length": 3.999312162399292, "mode": "train", "epoch": 49}
{"loss": 0.17840451002120972, "acc": 0.9452219009399414, "length": 4.0, "mode": "test", "epoch": 49}
{"loss": 0.1193331927061081, "acc": 0.9577857851982117, "length": 3.9993462562561035, "mode": "train", "epoch": 50}
{"loss": 0.1663825809955597, "acc": 0.9353241920471191, "length": 4.0, "mode": "test", "epoch": 50}
{"loss": 0.11126971989870071, "acc": 0.9618337750434875, "length": 3.99946665763855, "mode": "train", "epoch": 51}
{"loss": 0.16710951924324036, "acc": 0.9496589303016663, "length": 4.0, "mode": "test", "epoch": 51}
{"loss": 0.11080698668956757, "acc": 0.9639383554458618, "length": 3.99930477142334, "mode": "train", "epoch": 52}
{"loss": 0.17642661929130554, "acc": 0.944880485534668, "length": 4.0, "mode": "test", "epoch": 52}
{"loss": 0.10948918014764786, "acc": 0.9616665244102478, "length": 3.999553918838501, "mode": "train", "epoch": 53}
{"loss": 0.1701682060956955, "acc": 0.9465870261192322, "length": 4.0, "mode": "test", "epoch": 53}
{"loss": 0.10564947873353958, "acc": 0.9634274840354919, "length": 3.999472141265869, "mode": "train", "epoch": 54}
{"loss": 0.15241152048110962, "acc": 0.9539248943328857, "length": 4.0, "mode": "test", "epoch": 54}
{"loss": 0.09890402108430862, "acc": 0.9663189053535461, "length": 3.999105215072632, "mode": "train", "epoch": 55}
{"loss": 0.1672748625278473, "acc": 0.945392370223999, "length": 4.0, "mode": "test", "epoch": 55}
{"loss": 0.09392544627189636, "acc": 0.9683999419212341, "length": 3.9996728897094727, "mode": "train", "epoch": 56}
{"loss": 0.16891446709632874, "acc": 0.944027304649353, "length": 4.0, "mode": "test", "epoch": 56}
{"loss": 0.09099570661783218, "acc": 0.969853937625885, "length": 3.9990735054016113, "mode": "train", "epoch": 57}
{"loss": 0.1493922472000122, "acc": 0.9479522109031677, "length": 4.0, "mode": "test", "epoch": 57}
{"loss": 0.09080205857753754, "acc": 0.9690850377082825, "length": 3.9997446537017822, "mode": "train", "epoch": 58}
{"loss": 0.14330339431762695, "acc": 0.9510238766670227, "length": 4.0, "mode": "test", "epoch": 58}
{"loss": 0.08537481725215912, "acc": 0.9718244671821594, "length": 3.999781370162964, "mode": "train", "epoch": 59}
{"loss": 0.1565556526184082, "acc": 0.9499999284744263, "length": 4.0, "mode": "test", "epoch": 59}
{"loss": 0.0856601670384407, "acc": 0.9701707363128662, "length": 3.999770164489746, "mode": "train", "epoch": 60}
{"loss": 0.1515665501356125, "acc": 0.9522185325622559, "length": 4.0, "mode": "test", "epoch": 60}
test accuracy: 0.7666666507720947
