# ["--attributes=3", "--values=16", "--game_size=10", "--vocab_size_factor=3", "--n_epochs=60", "--batch_size=128", "--learning_rate=0.001", "--hidden_size=256", "--temp_update=0.97", "--temperature=1.5"]
Creating train_ds and val_ds...

Creating test_ds...
{"loss": 0.7272535562515259, "acc": 0.5034173130989075, "length": 3.2552523612976074, "mode": "train", "epoch": 1}
{"loss": 0.6936444044113159, "acc": 0.5020833015441895, "length": 1.0, "mode": "test", "epoch": 1}
{"loss": 0.6953102350234985, "acc": 0.5154016613960266, "length": 1.449480414390564, "mode": "train", "epoch": 2}
{"loss": 0.6910172700881958, "acc": 0.5161458849906921, "length": 1.0, "mode": "test", "epoch": 2}
{"loss": 0.6938183903694153, "acc": 0.513864278793335, "length": 1.020092248916626, "mode": "train", "epoch": 3}
{"loss": 0.6891355514526367, "acc": 0.5414931178092957, "length": 1.0, "mode": "test", "epoch": 3}
{"loss": 0.6923922300338745, "acc": 0.521236777305603, "length": 1.0066704750061035, "mode": "train", "epoch": 4}
{"loss": 0.6909623146057129, "acc": 0.5078125596046448, "length": 1.0, "mode": "test", "epoch": 4}
{"loss": 0.6907975673675537, "acc": 0.5285406112670898, "length": 1.0041760206222534, "mode": "train", "epoch": 5}
{"loss": 0.691453218460083, "acc": 0.49531254172325134, "length": 1.0, "mode": "test", "epoch": 5}
{"loss": 0.6915215253829956, "acc": 0.5164855718612671, "length": 1.0039350986480713, "mode": "train", "epoch": 6}
{"loss": 0.6900348663330078, "acc": 0.5333333015441895, "length": 1.0, "mode": "test", "epoch": 6}
{"loss": 0.6913645267486572, "acc": 0.5237563848495483, "length": 1.0039044618606567, "mode": "train", "epoch": 7}
{"loss": 0.6902546286582947, "acc": 0.5392362475395203, "length": 1.0, "mode": "test", "epoch": 7}
{"loss": 0.6901752948760986, "acc": 0.5376827716827393, "length": 1.0074822902679443, "mode": "train", "epoch": 8}
{"loss": 0.6897705793380737, "acc": 0.5355902910232544, "length": 1.0, "mode": "test", "epoch": 8}
{"loss": 0.6892498135566711, "acc": 0.527323305606842, "length": 1.038529396057129, "mode": "train", "epoch": 9}
{"loss": 0.6905893087387085, "acc": 0.5152778029441833, "length": 1.0, "mode": "test", "epoch": 9}
{"loss": 0.6611945629119873, "acc": 0.5905728936195374, "length": 1.6990206241607666, "mode": "train", "epoch": 10}
{"loss": 0.61839359998703, "acc": 0.68212890625, "length": 2.4375, "mode": "test", "epoch": 10}
{"loss": 0.5900696516036987, "acc": 0.6951758861541748, "length": 2.2893290519714355, "mode": "train", "epoch": 11}
{"loss": 0.5679261088371277, "acc": 0.7105957865715027, "length": 2.315972328186035, "mode": "test", "epoch": 11}
{"loss": 0.5672314763069153, "acc": 0.7101256847381592, "length": 2.1988184452056885, "mode": "train", "epoch": 12}
{"loss": 0.5790608525276184, "acc": 0.7081720232963562, "length": 2.1875, "mode": "test", "epoch": 12}
{"loss": 0.554448664188385, "acc": 0.7154719233512878, "length": 2.100566864013672, "mode": "train", "epoch": 13}
{"loss": 0.5571373105049133, "acc": 0.7129666209220886, "length": 2.0520832538604736, "mode": "test", "epoch": 13}
{"loss": 0.5443024039268494, "acc": 0.7075647711753845, "length": 2.088390350341797, "mode": "train", "epoch": 14}
{"loss": 0.5451524257659912, "acc": 0.7193114757537842, "length": 2.0625, "mode": "test", "epoch": 14}
{"loss": 0.5324700474739075, "acc": 0.7143710255622864, "length": 2.1051125526428223, "mode": "train", "epoch": 15}
{"loss": 0.5295166373252869, "acc": 0.7158637642860413, "length": 2.1145832538604736, "mode": "test", "epoch": 15}
{"loss": 0.5257800221443176, "acc": 0.7196720242500305, "length": 2.1855971813201904, "mode": "train", "epoch": 16}
{"loss": 0.5107772946357727, "acc": 0.7296075820922852, "length": 2.34375, "mode": "test", "epoch": 16}
{"loss": 0.5150524377822876, "acc": 0.723305881023407, "length": 2.436849355697632, "mode": "train", "epoch": 17}
{"loss": 0.49167966842651367, "acc": 0.7581488490104675, "length": 2.5520832538604736, "mode": "test", "epoch": 17}
{"loss": 0.4923499524593353, "acc": 0.7590453624725342, "length": 2.7385313510894775, "mode": "train", "epoch": 18}
{"loss": 0.4855653643608093, "acc": 0.7732530832290649, "length": 2.7708332538604736, "mode": "test", "epoch": 18}
{"loss": 0.4713538885116577, "acc": 0.7720217704772949, "length": 2.883326768875122, "mode": "train", "epoch": 19}
{"loss": 0.46793198585510254, "acc": 0.7895223498344421, "length": 2.9375, "mode": "test", "epoch": 19}
{"loss": 0.45647937059402466, "acc": 0.780813455581665, "length": 2.959132194519043, "mode": "train", "epoch": 20}
{"loss": 0.4418288469314575, "acc": 0.7964951992034912, "length": 2.90625, "mode": "test", "epoch": 20}
{"loss": 0.43591609597206116, "acc": 0.7963335514068604, "length": 2.958554744720459, "mode": "train", "epoch": 21}
{"loss": 0.4333927035331726, "acc": 0.7915202379226685, "length": 2.8958332538604736, "mode": "test", "epoch": 21}
{"loss": 0.4193948805332184, "acc": 0.8000958561897278, "length": 3.0740458965301514, "mode": "train", "epoch": 22}
{"loss": 0.41494476795196533, "acc": 0.8149780631065369, "length": 3.0625, "mode": "test", "epoch": 22}
{"loss": 0.40557560324668884, "acc": 0.8127437233924866, "length": 3.1491622924804688, "mode": "train", "epoch": 23}
{"loss": 0.39472123980522156, "acc": 0.8194363117218018, "length": 3.2395832538604736, "mode": "test", "epoch": 23}
{"loss": 0.3942869305610657, "acc": 0.8180059790611267, "length": 3.2596848011016846, "mode": "train", "epoch": 24}
{"loss": 0.3965755105018616, "acc": 0.8167561292648315, "length": 3.3541667461395264, "mode": "test", "epoch": 24}
{"loss": 0.3875628709793091, "acc": 0.8261242508888245, "length": 3.364218235015869, "mode": "train", "epoch": 25}
{"loss": 0.38261842727661133, "acc": 0.8231987953186035, "length": 3.2604167461395264, "mode": "test", "epoch": 25}
{"loss": 0.3769894540309906, "acc": 0.834465742111206, "length": 3.305805206298828, "mode": "train", "epoch": 26}
{"loss": 0.3784579634666443, "acc": 0.8306640386581421, "length": 3.2083332538604736, "mode": "test", "epoch": 26}
{"loss": 0.3702292740345001, "acc": 0.831008791923523, "length": 3.315263032913208, "mode": "train", "epoch": 27}
{"loss": 0.3770953416824341, "acc": 0.8267590999603271, "length": 3.1666667461395264, "mode": "test", "epoch": 27}
{"loss": 0.3666955828666687, "acc": 0.8368828892707825, "length": 3.3161780834198, "mode": "train", "epoch": 28}
{"loss": 0.37118634581565857, "acc": 0.835598349571228, "length": 3.3645832538604736, "mode": "test", "epoch": 28}
{"loss": 0.3580459952354431, "acc": 0.8443873524665833, "length": 3.298940658569336, "mode": "train", "epoch": 29}
{"loss": 0.37052711844444275, "acc": 0.8322536945343018, "length": 3.3125, "mode": "test", "epoch": 29}
{"loss": 0.3529426157474518, "acc": 0.8432625532150269, "length": 3.4152393341064453, "mode": "train", "epoch": 30}
{"loss": 0.37418127059936523, "acc": 0.8321654796600342, "length": 3.21875, "mode": "test", "epoch": 30}
{"loss": 0.34029170870780945, "acc": 0.85337895154953, "length": 3.278273105621338, "mode": "train", "epoch": 31}
{"loss": 0.3650241792201996, "acc": 0.835976779460907, "length": 3.3020832538604736, "mode": "test", "epoch": 31}
{"loss": 0.32646986842155457, "acc": 0.8542050123214722, "length": 3.3302881717681885, "mode": "train", "epoch": 32}
{"loss": 0.36853358149528503, "acc": 0.8347113132476807, "length": 3.2916667461395264, "mode": "test", "epoch": 32}
{"loss": 0.32447075843811035, "acc": 0.8572524189949036, "length": 3.3061611652374268, "mode": "train", "epoch": 33}
{"loss": 0.3609399199485779, "acc": 0.8363906145095825, "length": 3.2708332538604736, "mode": "test", "epoch": 33}
{"loss": 0.31406521797180176, "acc": 0.8604215383529663, "length": 3.323737859725952, "mode": "train", "epoch": 34}
{"loss": 0.3500051498413086, "acc": 0.8419352769851685, "length": 3.3854167461395264, "mode": "test", "epoch": 34}
{"loss": 0.30472269654273987, "acc": 0.8648602366447449, "length": 3.3795719146728516, "mode": "train", "epoch": 35}
{"loss": 0.3392457962036133, "acc": 0.8462646007537842, "length": 3.2604167461395264, "mode": "test", "epoch": 35}
{"loss": 0.2969300150871277, "acc": 0.8693233132362366, "length": 3.308762550354004, "mode": "train", "epoch": 36}
{"loss": 0.34555166959762573, "acc": 0.8529717326164246, "length": 3.34375, "mode": "test", "epoch": 36}
{"loss": 0.2959897220134735, "acc": 0.8709524273872375, "length": 3.374890089035034, "mode": "train", "epoch": 37}
{"loss": 0.32766300439834595, "acc": 0.8540473580360413, "length": 3.3958332538604736, "mode": "test", "epoch": 37}
{"loss": 0.291189968585968, "acc": 0.8700165152549744, "length": 3.4753966331481934, "mode": "train", "epoch": 38}
{"loss": 0.31436964869499207, "acc": 0.847642719745636, "length": 3.53125, "mode": "test", "epoch": 38}
{"loss": 0.29000532627105713, "acc": 0.874241054058075, "length": 3.463062286376953, "mode": "train", "epoch": 39}
{"loss": 0.31911715865135193, "acc": 0.8527166843414307, "length": 3.4479167461395264, "mode": "test", "epoch": 39}
{"loss": 0.28520339727401733, "acc": 0.875645637512207, "length": 3.4531776905059814, "mode": "train", "epoch": 40}
{"loss": 0.323787659406662, "acc": 0.8577257990837097, "length": 3.5208332538604736, "mode": "test", "epoch": 40}
{"loss": 0.27519139647483826, "acc": 0.8823781609535217, "length": 3.466317653656006, "mode": "train", "epoch": 41}
{"loss": 0.31941932439804077, "acc": 0.8655517101287842, "length": 3.4479167461395264, "mode": "test", "epoch": 41}
{"loss": 0.26731932163238525, "acc": 0.8826963901519775, "length": 3.4551823139190674, "mode": "train", "epoch": 42}
{"loss": 0.3017657697200775, "acc": 0.8724000453948975, "length": 3.4479167461395264, "mode": "test", "epoch": 42}
{"loss": 0.2613241672515869, "acc": 0.8930522203445435, "length": 3.46291184425354, "mode": "train", "epoch": 43}
{"loss": 0.29514190554618835, "acc": 0.8737711310386658, "length": 3.4479167461395264, "mode": "test", "epoch": 43}
{"loss": 0.26199156045913696, "acc": 0.893272340297699, "length": 3.4642202854156494, "mode": "train", "epoch": 44}
{"loss": 0.306681752204895, "acc": 0.8684625029563904, "length": 3.46875, "mode": "test", "epoch": 44}
{"loss": 0.25551119446754456, "acc": 0.8938590288162231, "length": 3.5190484523773193, "mode": "train", "epoch": 45}
{"loss": 0.2848571240901947, "acc": 0.8853204250335693, "length": 3.46875, "mode": "test", "epoch": 45}
{"loss": 0.2690010070800781, "acc": 0.8894267678260803, "length": 3.482929229736328, "mode": "train", "epoch": 46}
{"loss": 0.3215160071849823, "acc": 0.8702405691146851, "length": 3.4895832538604736, "mode": "test", "epoch": 46}
{"loss": 0.26034510135650635, "acc": 0.8936101198196411, "length": 3.5091607570648193, "mode": "train", "epoch": 47}
{"loss": 0.29167866706848145, "acc": 0.8742608428001404, "length": 3.4583332538604736, "mode": "test", "epoch": 47}
{"loss": 0.2507503926753998, "acc": 0.8953272104263306, "length": 3.475158929824829, "mode": "train", "epoch": 48}
{"loss": 0.29609915614128113, "acc": 0.8703938722610474, "length": 3.4270832538604736, "mode": "test", "epoch": 48}
{"loss": 0.24540932476520538, "acc": 0.8971021175384521, "length": 3.449965715408325, "mode": "train", "epoch": 49}
{"loss": 0.2882898449897766, "acc": 0.8799316883087158, "length": 3.4375, "mode": "test", "epoch": 49}
{"loss": 0.24481239914894104, "acc": 0.900608241558075, "length": 3.515746831893921, "mode": "train", "epoch": 50}
{"loss": 0.32175251841545105, "acc": 0.8749485015869141, "length": 3.46875, "mode": "test", "epoch": 50}
{"loss": 0.23849062621593475, "acc": 0.8994430303573608, "length": 3.50146222114563, "mode": "train", "epoch": 51}
{"loss": 0.284231960773468, "acc": 0.8825616240501404, "length": 3.4375, "mode": "test", "epoch": 51}
{"loss": 0.23119668662548065, "acc": 0.9061694741249084, "length": 3.5148584842681885, "mode": "train", "epoch": 52}
{"loss": 0.2675189971923828, "acc": 0.8898599147796631, "length": 3.4895832538604736, "mode": "test", "epoch": 52}
{"loss": 0.22964371740818024, "acc": 0.9070137143135071, "length": 3.573650360107422, "mode": "train", "epoch": 53}
{"loss": 0.2599676549434662, "acc": 0.8833943605422974, "length": 3.5, "mode": "test", "epoch": 53}
{"loss": 0.22357115149497986, "acc": 0.9095465540885925, "length": 3.5723743438720703, "mode": "train", "epoch": 54}
{"loss": 0.24804149568080902, "acc": 0.8928330540657043, "length": 3.4895832538604736, "mode": "test", "epoch": 54}
{"loss": 0.21957118809223175, "acc": 0.908102810382843, "length": 3.553359270095825, "mode": "train", "epoch": 55}
{"loss": 0.25593066215515137, "acc": 0.8921387791633606, "length": 3.4791667461395264, "mode": "test", "epoch": 55}
{"loss": 0.21528483927249908, "acc": 0.9105631113052368, "length": 3.5645430088043213, "mode": "train", "epoch": 56}
{"loss": 0.26221856474876404, "acc": 0.8900946378707886, "length": 3.4895832538604736, "mode": "test", "epoch": 56}
{"loss": 0.2177215814590454, "acc": 0.9112634062767029, "length": 3.5272762775421143, "mode": "train", "epoch": 57}
{"loss": 0.27510660886764526, "acc": 0.886679470539093, "length": 3.4479167461395264, "mode": "test", "epoch": 57}
{"loss": 0.2173781841993332, "acc": 0.9115543365478516, "length": 3.541395902633667, "mode": "train", "epoch": 58}
{"loss": 0.3092382550239563, "acc": 0.8828098177909851, "length": 3.53125, "mode": "test", "epoch": 58}
{"loss": 0.21486058831214905, "acc": 0.9157038927078247, "length": 3.569061756134033, "mode": "train", "epoch": 59}
{"loss": 0.2516285181045532, "acc": 0.9009684324264526, "length": 3.4791667461395264, "mode": "test", "epoch": 59}
{"loss": 0.2193724364042282, "acc": 0.9068201780319214, "length": 3.5722756385803223, "mode": "train", "epoch": 60}
{"loss": 0.2615574896335602, "acc": 0.8819525837898254, "length": 3.53125, "mode": "test", "epoch": 60}
test accuracy: 0.7383755445480347
