# ["--attributes=3", "--values=16", "--game_size=10", "--vocab_size_factor=3", "--n_epochs=60", "--batch_size=128", "--learning_rate=0.001", "--hidden_size=256", "--temp_update=0.97", "--temperature=2"]
Creating train_ds and val_ds...

Creating test_ds...
{"loss": 0.7349604964256287, "acc": 0.5033444762229919, "length": 3.297276258468628, "mode": "train", "epoch": 1}
{"loss": 0.6944565773010254, "acc": 0.5, "length": 1.0, "mode": "test", "epoch": 1}
{"loss": 0.69676274061203, "acc": 0.5166757106781006, "length": 1.7565605640411377, "mode": "train", "epoch": 2}
{"loss": 0.6953193545341492, "acc": 0.5168384909629822, "length": 1.0, "mode": "test", "epoch": 2}
{"loss": 0.6938196420669556, "acc": 0.5026772618293762, "length": 1.0563017129898071, "mode": "train", "epoch": 3}
{"loss": 0.6894584894180298, "acc": 0.5189003348350525, "length": 1.0, "mode": "test", "epoch": 3}
{"loss": 0.6935465335845947, "acc": 0.5224962830543518, "length": 1.0243440866470337, "mode": "train", "epoch": 4}
{"loss": 0.687330424785614, "acc": 0.5323024392127991, "length": 1.0, "mode": "test", "epoch": 4}
{"loss": 0.6925012469291687, "acc": 0.5157213807106018, "length": 1.0140256881713867, "mode": "train", "epoch": 5}
{"loss": 0.6893929839134216, "acc": 0.5396907329559326, "length": 1.0, "mode": "test", "epoch": 5}
{"loss": 0.691809356212616, "acc": 0.5269857048988342, "length": 1.0096391439437866, "mode": "train", "epoch": 6}
{"loss": 0.6912604570388794, "acc": 0.5168384313583374, "length": 1.0, "mode": "test", "epoch": 6}
{"loss": 0.6919000744819641, "acc": 0.5220615863800049, "length": 1.0087330341339111, "mode": "train", "epoch": 7}
{"loss": 0.6890881061553955, "acc": 0.5323024392127991, "length": 1.0, "mode": "test", "epoch": 7}
{"loss": 0.6916006803512573, "acc": 0.518902063369751, "length": 1.006734848022461, "mode": "train", "epoch": 8}
{"loss": 0.6883007884025574, "acc": 0.5278350114822388, "length": 1.0, "mode": "test", "epoch": 8}
{"loss": 0.6921613812446594, "acc": 0.5214120745658875, "length": 1.0058263540267944, "mode": "train", "epoch": 9}
{"loss": 0.6895908117294312, "acc": 0.535567045211792, "length": 1.0, "mode": "test", "epoch": 9}
{"loss": 0.690881609916687, "acc": 0.5294972658157349, "length": 1.0047563314437866, "mode": "train", "epoch": 10}
{"loss": 0.6881580352783203, "acc": 0.5405497550964355, "length": 1.0, "mode": "test", "epoch": 10}
{"loss": 0.6907467246055603, "acc": 0.5262086391448975, "length": 1.00479257106781, "mode": "train", "epoch": 11}
{"loss": 0.6889237761497498, "acc": 0.5359106659889221, "length": 1.0, "mode": "test", "epoch": 11}
{"loss": 0.6913259625434875, "acc": 0.5188336968421936, "length": 1.003820776939392, "mode": "train", "epoch": 12}
{"loss": 0.6882168650627136, "acc": 0.5434707403182983, "length": 1.0, "mode": "test", "epoch": 12}
{"loss": 0.6901341080665588, "acc": 0.5208807587623596, "length": 1.0050134658813477, "mode": "train", "epoch": 13}
{"loss": 0.6910624504089355, "acc": 0.5125429630279541, "length": 1.0, "mode": "test", "epoch": 13}
{"loss": 0.6902264952659607, "acc": 0.5239520072937012, "length": 1.0051779747009277, "mode": "train", "epoch": 14}
{"loss": 0.6871436834335327, "acc": 0.5434707403182983, "length": 1.0, "mode": "test", "epoch": 14}
{"loss": 0.6898201107978821, "acc": 0.5256684422492981, "length": 1.0080987215042114, "mode": "train", "epoch": 15}
{"loss": 0.6883658170700073, "acc": 0.5434707403182983, "length": 1.0, "mode": "test", "epoch": 15}
{"loss": 0.6895724534988403, "acc": 0.527380645275116, "length": 1.0337133407592773, "mode": "train", "epoch": 16}
{"loss": 0.6889246702194214, "acc": 0.5163230895996094, "length": 1.0, "mode": "test", "epoch": 16}
{"loss": 0.6630257964134216, "acc": 0.5927653312683105, "length": 1.7018483877182007, "mode": "train", "epoch": 17}
{"loss": 0.617321252822876, "acc": 0.6559857130050659, "length": 2.178694248199463, "mode": "test", "epoch": 17}
{"loss": 0.5999107360839844, "acc": 0.673693835735321, "length": 2.2266130447387695, "mode": "train", "epoch": 18}
{"loss": 0.6022509932518005, "acc": 0.6824865937232971, "length": 2.302405595779419, "mode": "test", "epoch": 18}
{"loss": 0.5855046510696411, "acc": 0.6888782382011414, "length": 2.2380683422088623, "mode": "train", "epoch": 19}
{"loss": 0.5972505807876587, "acc": 0.704008936882019, "length": 2.144329786300659, "mode": "test", "epoch": 19}
{"loss": 0.579065203666687, "acc": 0.6993076801300049, "length": 2.1871440410614014, "mode": "train", "epoch": 20}
{"loss": 0.5960614681243896, "acc": 0.6985620856285095, "length": 2.402061939239502, "mode": "test", "epoch": 20}
{"loss": 0.5760440826416016, "acc": 0.7059212327003479, "length": 2.16654896736145, "mode": "train", "epoch": 21}
{"loss": 0.5863708257675171, "acc": 0.6897190809249878, "length": 2.195876359939575, "mode": "test", "epoch": 21}
{"loss": 0.5706326961517334, "acc": 0.7051628828048706, "length": 2.24813175201416, "mode": "train", "epoch": 22}
{"loss": 0.5809305310249329, "acc": 0.7071539163589478, "length": 2.2061855792999268, "mode": "test", "epoch": 22}
{"loss": 0.563897967338562, "acc": 0.7109330892562866, "length": 2.4314968585968018, "mode": "train", "epoch": 23}
{"loss": 0.5530493855476379, "acc": 0.7339650392532349, "length": 2.6391751766204834, "mode": "test", "epoch": 23}
{"loss": 0.5391567945480347, "acc": 0.7432380318641663, "length": 2.7690865993499756, "mode": "train", "epoch": 24}
{"loss": 0.5290874242782593, "acc": 0.7512727379798889, "length": 3.195876359939575, "mode": "test", "epoch": 24}
{"loss": 0.5064071416854858, "acc": 0.7638962864875793, "length": 3.0540857315063477, "mode": "train", "epoch": 25}
{"loss": 0.4797433316707611, "acc": 0.785022497177124, "length": 3.4639174938201904, "mode": "test", "epoch": 25}
{"loss": 0.46680670976638794, "acc": 0.7953721880912781, "length": 3.320349931716919, "mode": "train", "epoch": 26}
{"loss": 0.4445858597755432, "acc": 0.8076514005661011, "length": 3.15463924407959, "mode": "test", "epoch": 26}
{"loss": 0.4271388649940491, "acc": 0.8142279982566833, "length": 3.2650582790374756, "mode": "train", "epoch": 27}
{"loss": 0.4197772741317749, "acc": 0.8143900036811829, "length": 3.278350591659546, "mode": "test", "epoch": 27}
{"loss": 0.41662973165512085, "acc": 0.8200079798698425, "length": 3.1951189041137695, "mode": "train", "epoch": 28}
{"loss": 0.42532750964164734, "acc": 0.8180277943611145, "length": 3.123711347579956, "mode": "test", "epoch": 28}
{"loss": 0.406887412071228, "acc": 0.825405478477478, "length": 3.094088077545166, "mode": "train", "epoch": 29}
{"loss": 0.4182836413383484, "acc": 0.8185374736785889, "length": 3.195876359939575, "mode": "test", "epoch": 29}
{"loss": 0.39613598585128784, "acc": 0.831607460975647, "length": 3.1523549556732178, "mode": "train", "epoch": 30}
{"loss": 0.40621528029441833, "acc": 0.8191414475440979, "length": 3.123711347579956, "mode": "test", "epoch": 30}
{"loss": 0.38452357053756714, "acc": 0.8298671245574951, "length": 3.183478593826294, "mode": "train", "epoch": 31}
{"loss": 0.3903364837169647, "acc": 0.828262984752655, "length": 3.2164947986602783, "mode": "test", "epoch": 31}
{"loss": 0.3765212893486023, "acc": 0.83954256772995, "length": 3.18896484375, "mode": "train", "epoch": 32}
{"loss": 0.3890671730041504, "acc": 0.8312898278236389, "length": 3.3058419227600098, "mode": "test", "epoch": 32}
{"loss": 0.36544159054756165, "acc": 0.8400847911834717, "length": 3.2904248237609863, "mode": "train", "epoch": 33}
{"loss": 0.3717067241668701, "acc": 0.8423072099685669, "length": 3.3127148151397705, "mode": "test", "epoch": 33}
{"loss": 0.34596750140190125, "acc": 0.8498010635375977, "length": 3.3157668113708496, "mode": "train", "epoch": 34}
{"loss": 0.32729560136795044, "acc": 0.8589777946472168, "length": 3.5120275020599365, "mode": "test", "epoch": 34}
{"loss": 0.32070547342300415, "acc": 0.8632104396820068, "length": 3.5297739505767822, "mode": "train", "epoch": 35}
{"loss": 0.31799063086509705, "acc": 0.8755950927734375, "length": 3.6082475185394287, "mode": "test", "epoch": 35}
{"loss": 0.30002880096435547, "acc": 0.8759269118309021, "length": 3.535921096801758, "mode": "train", "epoch": 36}
{"loss": 0.2963354289531708, "acc": 0.8888949155807495, "length": 3.800687313079834, "mode": "test", "epoch": 36}
{"loss": 0.2861129641532898, "acc": 0.8767332434654236, "length": 3.700582265853882, "mode": "train", "epoch": 37}
{"loss": 0.2781405448913574, "acc": 0.8831115961074829, "length": 3.824742317199707, "mode": "test", "epoch": 37}
{"loss": 0.27484098076820374, "acc": 0.8862998485565186, "length": 3.739330291748047, "mode": "train", "epoch": 38}
{"loss": 0.25557810068130493, "acc": 0.8938714265823364, "length": 3.8350515365600586, "mode": "test", "epoch": 38}
{"loss": 0.26267483830451965, "acc": 0.8882288932800293, "length": 3.7595772743225098, "mode": "train", "epoch": 39}
{"loss": 0.26373451948165894, "acc": 0.8916037678718567, "length": 3.8865978717803955, "mode": "test", "epoch": 39}
{"loss": 0.25299692153930664, "acc": 0.8979461193084717, "length": 3.857212543487549, "mode": "train", "epoch": 40}
{"loss": 0.25784674286842346, "acc": 0.9039564728736877, "length": 3.8350515365600586, "mode": "test", "epoch": 40}
{"loss": 0.24349310994148254, "acc": 0.8985291719436646, "length": 3.8116579055786133, "mode": "train", "epoch": 41}
{"loss": 0.25694167613983154, "acc": 0.8923738598823547, "length": 3.900343656539917, "mode": "test", "epoch": 41}
{"loss": 0.2432042956352234, "acc": 0.9034329056739807, "length": 3.8787028789520264, "mode": "train", "epoch": 42}
{"loss": 0.2544863820075989, "acc": 0.8939599394798279, "length": 3.955326557159424, "mode": "test", "epoch": 42}
{"loss": 0.24736090004444122, "acc": 0.8975849151611328, "length": 3.9352738857269287, "mode": "train", "epoch": 43}
{"loss": 0.2563183307647705, "acc": 0.9020217061042786, "length": 3.951889991760254, "mode": "test", "epoch": 43}
{"loss": 0.2311578392982483, "acc": 0.9025403261184692, "length": 3.908581256866455, "mode": "train", "epoch": 44}
{"loss": 0.2602519392967224, "acc": 0.8922580480575562, "length": 3.9106528759002686, "mode": "test", "epoch": 44}
{"loss": 0.2247631847858429, "acc": 0.913038969039917, "length": 3.893575429916382, "mode": "train", "epoch": 45}
{"loss": 0.2465592920780182, "acc": 0.9001941084861755, "length": 3.9415807723999023, "mode": "test", "epoch": 45}
{"loss": 0.2263701856136322, "acc": 0.9076956510543823, "length": 3.919577121734619, "mode": "train", "epoch": 46}
{"loss": 0.24342378973960876, "acc": 0.9127469658851624, "length": 3.945017099380493, "mode": "test", "epoch": 46}
{"loss": 0.2176712304353714, "acc": 0.9132452607154846, "length": 3.945080041885376, "mode": "train", "epoch": 47}
{"loss": 0.23922096192836761, "acc": 0.8994844555854797, "length": 4.0, "mode": "test", "epoch": 47}
{"loss": 0.2151426076889038, "acc": 0.9132899641990662, "length": 3.9664125442504883, "mode": "train", "epoch": 48}
{"loss": 0.24352553486824036, "acc": 0.9024056196212769, "length": 4.0, "mode": "test", "epoch": 48}
{"loss": 0.22307468950748444, "acc": 0.9106318950653076, "length": 3.9713282585144043, "mode": "train", "epoch": 49}
{"loss": 0.2591401934623718, "acc": 0.9101373553276062, "length": 4.0, "mode": "test", "epoch": 49}
{"loss": 0.2129961997270584, "acc": 0.9123082160949707, "length": 3.97025203704834, "mode": "train", "epoch": 50}
{"loss": 0.23113982379436493, "acc": 0.9001717567443848, "length": 4.0, "mode": "test", "epoch": 50}
{"loss": 0.21504271030426025, "acc": 0.9122865796089172, "length": 3.976722240447998, "mode": "train", "epoch": 51}
{"loss": 0.2132575511932373, "acc": 0.9262887239456177, "length": 4.0, "mode": "test", "epoch": 51}
{"loss": 0.1966552585363388, "acc": 0.9218583106994629, "length": 3.9885311126708984, "mode": "train", "epoch": 52}
{"loss": 0.23039954900741577, "acc": 0.9012026190757751, "length": 4.0, "mode": "test", "epoch": 52}
{"loss": 0.2016461193561554, "acc": 0.9139893651008606, "length": 3.985140800476074, "mode": "train", "epoch": 53}
{"loss": 0.2109958529472351, "acc": 0.9204466342926025, "length": 4.0, "mode": "test", "epoch": 53}
{"loss": 0.19025398790836334, "acc": 0.9236571192741394, "length": 3.995980739593506, "mode": "train", "epoch": 54}
{"loss": 0.2107878029346466, "acc": 0.9121993780136108, "length": 4.0, "mode": "test", "epoch": 54}
{"loss": 0.18860791623592377, "acc": 0.9229008555412292, "length": 3.9971518516540527, "mode": "train", "epoch": 55}
{"loss": 0.21804414689540863, "acc": 0.9154639840126038, "length": 4.0, "mode": "test", "epoch": 55}
{"loss": 0.19623412191867828, "acc": 0.92312091588974, "length": 3.995015859603882, "mode": "train", "epoch": 56}
{"loss": 0.23749768733978271, "acc": 0.9079037308692932, "length": 4.0, "mode": "test", "epoch": 56}
{"loss": 0.18184681236743927, "acc": 0.9224181771278381, "length": 3.9974026679992676, "mode": "train", "epoch": 57}
{"loss": 0.22345492243766785, "acc": 0.9121993780136108, "length": 4.0, "mode": "test", "epoch": 57}
{"loss": 0.18439927697181702, "acc": 0.92547607421875, "length": 3.996298313140869, "mode": "train", "epoch": 58}
{"loss": 0.1945970505475998, "acc": 0.9190722107887268, "length": 4.0, "mode": "test", "epoch": 58}
{"loss": 0.17414309084415436, "acc": 0.9281115531921387, "length": 3.9985244274139404, "mode": "train", "epoch": 59}
{"loss": 0.18590018153190613, "acc": 0.9218212962150574, "length": 4.0, "mode": "test", "epoch": 59}
{"loss": 0.16426949203014374, "acc": 0.931261420249939, "length": 3.998319625854492, "mode": "train", "epoch": 60}
{"loss": 0.19066449999809265, "acc": 0.9189003109931946, "length": 4.0, "mode": "test", "epoch": 60}
test accuracy: 0.6880357265472412
