# ["--attributes=3", "--values=16", "--game_size=10", "--vocab_size_factor=3", "--n_epochs=60", "--batch_size=128", "--learning_rate=0.001", "--hidden_size=256", "--temp_update=0.99", "--temperature=1"]
Creating train_ds and val_ds...

Creating test_ds...
{"loss": 0.7176430821418762, "acc": 0.5072489380836487, "length": 3.2201600074768066, "mode": "train", "epoch": 1}
{"loss": 0.6948453783988953, "acc": 0.4979381859302521, "length": 1.0, "mode": "test", "epoch": 1}
{"loss": 0.6949440240859985, "acc": 0.5164076685905457, "length": 1.3137587308883667, "mode": "train", "epoch": 2}
{"loss": 0.7071967124938965, "acc": 0.47714778780937195, "length": 1.0, "mode": "test", "epoch": 2}
{"loss": 0.6899641752243042, "acc": 0.5430192947387695, "length": 1.0643436908721924, "mode": "train", "epoch": 3}
{"loss": 0.7011656165122986, "acc": 0.5010843276977539, "length": 1.0068728923797607, "mode": "test", "epoch": 3}
{"loss": 0.6677116751670837, "acc": 0.5974987149238586, "length": 1.7287901639938354, "mode": "train", "epoch": 4}
{"loss": 0.6380623579025269, "acc": 0.6236953735351562, "length": 2.1890034675598145, "mode": "test", "epoch": 4}
{"loss": 0.6158723831176758, "acc": 0.6875631213188171, "length": 2.286123037338257, "mode": "train", "epoch": 5}
{"loss": 0.5754685401916504, "acc": 0.7456679940223694, "length": 2.6185567378997803, "mode": "test", "epoch": 5}
{"loss": 0.5382155776023865, "acc": 0.7509852647781372, "length": 2.5489604473114014, "mode": "train", "epoch": 6}
{"loss": 0.5189191102981567, "acc": 0.759571373462677, "length": 2.7319588661193848, "mode": "test", "epoch": 6}
{"loss": 0.4897578954696655, "acc": 0.7728146314620972, "length": 2.554248571395874, "mode": "train", "epoch": 7}
{"loss": 0.48718738555908203, "acc": 0.789625346660614, "length": 2.7422680854797363, "mode": "test", "epoch": 7}
{"loss": 0.4617532789707184, "acc": 0.7832958102226257, "length": 2.6061151027679443, "mode": "train", "epoch": 8}
{"loss": 0.4732934832572937, "acc": 0.7978542447090149, "length": 2.701030969619751, "mode": "test", "epoch": 8}
{"loss": 0.4491018056869507, "acc": 0.7962672710418701, "length": 2.6237285137176514, "mode": "train", "epoch": 9}
{"loss": 0.4596347212791443, "acc": 0.7933409214019775, "length": 2.77319598197937, "mode": "test", "epoch": 9}
{"loss": 0.43123307824134827, "acc": 0.8119771480560303, "length": 2.615448474884033, "mode": "train", "epoch": 10}
{"loss": 0.4429919719696045, "acc": 0.8108344674110413, "length": 2.721649408340454, "mode": "test", "epoch": 10}
{"loss": 0.41865092515945435, "acc": 0.8167768716812134, "length": 2.7556698322296143, "mode": "train", "epoch": 11}
{"loss": 0.43380388617515564, "acc": 0.8088926672935486, "length": 2.824742317199707, "mode": "test", "epoch": 11}
{"loss": 0.40051278471946716, "acc": 0.8279452919960022, "length": 2.8250350952148438, "mode": "train", "epoch": 12}
{"loss": 0.43073463439941406, "acc": 0.8146730661392212, "length": 2.8144330978393555, "mode": "test", "epoch": 12}
{"loss": 0.38742130994796753, "acc": 0.8352815508842468, "length": 2.916635036468506, "mode": "train", "epoch": 13}
{"loss": 0.42138490080833435, "acc": 0.8293466567993164, "length": 2.927834987640381, "mode": "test", "epoch": 13}
{"loss": 0.37488335371017456, "acc": 0.8463290929794312, "length": 2.9462881088256836, "mode": "train", "epoch": 14}
{"loss": 0.4213563799858093, "acc": 0.8250990509986877, "length": 3.0618555545806885, "mode": "test", "epoch": 14}
{"loss": 0.36813274025917053, "acc": 0.8457769155502319, "length": 2.9722235202789307, "mode": "train", "epoch": 15}
{"loss": 0.4249885082244873, "acc": 0.8290230631828308, "length": 3.030927896499634, "mode": "test", "epoch": 15}
{"loss": 0.3569537401199341, "acc": 0.8505090475082397, "length": 3.038680076599121, "mode": "train", "epoch": 16}
{"loss": 0.4091373682022095, "acc": 0.8387991189956665, "length": 3.1134021282196045, "mode": "test", "epoch": 16}
{"loss": 0.3550065755844116, "acc": 0.8507581353187561, "length": 2.9989137649536133, "mode": "train", "epoch": 17}
{"loss": 0.3919162154197693, "acc": 0.8477351069450378, "length": 3.1340205669403076, "mode": "test", "epoch": 17}
{"loss": 0.34731733798980713, "acc": 0.8522792458534241, "length": 3.0823419094085693, "mode": "train", "epoch": 18}
{"loss": 0.3896251618862152, "acc": 0.8459575772285461, "length": 3.175257682800293, "mode": "test", "epoch": 18}
{"loss": 0.3436870872974396, "acc": 0.8598805665969849, "length": 3.086303472518921, "mode": "train", "epoch": 19}
{"loss": 0.3811861276626587, "acc": 0.8531861305236816, "length": 3.0824742317199707, "mode": "test", "epoch": 19}
{"loss": 0.3273438513278961, "acc": 0.8653638958930969, "length": 3.0670864582061768, "mode": "train", "epoch": 20}
{"loss": 0.36688119173049927, "acc": 0.8525782227516174, "length": 3.15463924407959, "mode": "test", "epoch": 20}
{"loss": 0.3215414881706238, "acc": 0.8671787977218628, "length": 3.119417667388916, "mode": "train", "epoch": 21}
{"loss": 0.3623907268047333, "acc": 0.854259192943573, "length": 3.1134021282196045, "mode": "test", "epoch": 21}
{"loss": 0.31588882207870483, "acc": 0.8710963726043701, "length": 3.092736005783081, "mode": "train", "epoch": 22}
{"loss": 0.3615837097167969, "acc": 0.8519282937049866, "length": 3.1855669021606445, "mode": "test", "epoch": 22}
{"loss": 0.31198570132255554, "acc": 0.8676412105560303, "length": 3.100119113922119, "mode": "train", "epoch": 23}
{"loss": 0.3372166156768799, "acc": 0.8590469360351562, "length": 3.3092782497406006, "mode": "test", "epoch": 23}
{"loss": 0.2994389533996582, "acc": 0.8772056102752686, "length": 3.197230815887451, "mode": "train", "epoch": 24}
{"loss": 0.3428371846675873, "acc": 0.8597362637519836, "length": 3.2886598110198975, "mode": "test", "epoch": 24}
{"loss": 0.29394519329071045, "acc": 0.8778313398361206, "length": 3.2267231941223145, "mode": "train", "epoch": 25}
{"loss": 0.34135717153549194, "acc": 0.8649697303771973, "length": 3.3883161544799805, "mode": "test", "epoch": 25}
{"loss": 0.28438955545425415, "acc": 0.8842820525169373, "length": 3.2781693935394287, "mode": "train", "epoch": 26}
{"loss": 0.3146197199821472, "acc": 0.8799415230751038, "length": 3.3573882579803467, "mode": "test", "epoch": 26}
{"loss": 0.2767539918422699, "acc": 0.8894271850585938, "length": 3.2663841247558594, "mode": "train", "epoch": 27}
{"loss": 0.315754771232605, "acc": 0.8783054351806641, "length": 3.350515365600586, "mode": "test", "epoch": 27}
{"loss": 0.2738324999809265, "acc": 0.8926544189453125, "length": 3.258975028991699, "mode": "train", "epoch": 28}
{"loss": 0.31226009130477905, "acc": 0.8835964202880859, "length": 3.3848798274993896, "mode": "test", "epoch": 28}
{"loss": 0.27455246448516846, "acc": 0.8916556239128113, "length": 3.2930409908294678, "mode": "train", "epoch": 29}
{"loss": 0.3120434880256653, "acc": 0.8830649256706238, "length": 3.395189046859741, "mode": "test", "epoch": 29}
{"loss": 0.2666158378124237, "acc": 0.8919436931610107, "length": 3.2994167804718018, "mode": "train", "epoch": 30}
{"loss": 0.3076593577861786, "acc": 0.8758859038352966, "length": 3.3573882579803467, "mode": "test", "epoch": 30}
{"loss": 0.2672589421272278, "acc": 0.8936786651611328, "length": 3.3002171516418457, "mode": "train", "epoch": 31}
{"loss": 0.3095690608024597, "acc": 0.8827713131904602, "length": 3.395189046859741, "mode": "test", "epoch": 31}
{"loss": 0.2629645764827728, "acc": 0.8956730365753174, "length": 3.2599563598632812, "mode": "train", "epoch": 32}
{"loss": 0.3150944411754608, "acc": 0.8743509650230408, "length": 3.395189046859741, "mode": "test", "epoch": 32}
{"loss": 0.2634792923927307, "acc": 0.8924931287765503, "length": 3.27510666847229, "mode": "train", "epoch": 33}
{"loss": 0.30898362398147583, "acc": 0.8837906122207642, "length": 3.3608248233795166, "mode": "test", "epoch": 33}
{"loss": 0.26153841614723206, "acc": 0.8964173793792725, "length": 3.306436061859131, "mode": "train", "epoch": 34}
{"loss": 0.3144170045852661, "acc": 0.881778359413147, "length": 3.395189046859741, "mode": "test", "epoch": 34}
{"loss": 0.2593614161014557, "acc": 0.899206817150116, "length": 3.3142220973968506, "mode": "train", "epoch": 35}
{"loss": 0.3019450902938843, "acc": 0.8792803287506104, "length": 3.4123711585998535, "mode": "test", "epoch": 35}
{"loss": 0.25595444440841675, "acc": 0.8988178968429565, "length": 3.2919280529022217, "mode": "train", "epoch": 36}
{"loss": 0.29642438888549805, "acc": 0.8847544193267822, "length": 3.398625373840332, "mode": "test", "epoch": 36}
{"loss": 0.2550169825553894, "acc": 0.9009754061698914, "length": 3.267836570739746, "mode": "train", "epoch": 37}
{"loss": 0.2963452935218811, "acc": 0.8771690726280212, "length": 3.3917524814605713, "mode": "test", "epoch": 37}
{"loss": 0.25321656465530396, "acc": 0.8998849391937256, "length": 3.30551815032959, "mode": "train", "epoch": 38}
{"loss": 0.2981901168823242, "acc": 0.8824974894523621, "length": 3.395189046859741, "mode": "test", "epoch": 38}
{"loss": 0.2558605372905731, "acc": 0.8996496796607971, "length": 3.2957112789154053, "mode": "train", "epoch": 39}
{"loss": 0.3013637661933899, "acc": 0.8815100193023682, "length": 3.395189046859741, "mode": "test", "epoch": 39}
{"loss": 0.25224506855010986, "acc": 0.9003674387931824, "length": 3.304774045944214, "mode": "train", "epoch": 40}
{"loss": 0.2800234258174896, "acc": 0.8907015323638916, "length": 3.3642611503601074, "mode": "test", "epoch": 40}
{"loss": 0.24960298836231232, "acc": 0.9021859169006348, "length": 3.2767059803009033, "mode": "train", "epoch": 41}
{"loss": 0.29232537746429443, "acc": 0.8820966482162476, "length": 3.422680377960205, "mode": "test", "epoch": 41}
{"loss": 0.2461809515953064, "acc": 0.9027677178382874, "length": 3.2986769676208496, "mode": "train", "epoch": 42}
{"loss": 0.28009477257728577, "acc": 0.8889508247375488, "length": 3.326460599899292, "mode": "test", "epoch": 42}
{"loss": 0.2438240796327591, "acc": 0.9040265083312988, "length": 3.2499940395355225, "mode": "train", "epoch": 43}
{"loss": 0.2837844789028168, "acc": 0.8878331184387207, "length": 3.422680377960205, "mode": "test", "epoch": 43}
{"loss": 0.24854034185409546, "acc": 0.9024421572685242, "length": 3.306704044342041, "mode": "train", "epoch": 44}
{"loss": 0.2900436520576477, "acc": 0.8843623995780945, "length": 3.378006935119629, "mode": "test", "epoch": 44}
{"loss": 0.24534077942371368, "acc": 0.9007923603057861, "length": 3.2810111045837402, "mode": "train", "epoch": 45}
{"loss": 0.2871992588043213, "acc": 0.884175181388855, "length": 3.398625373840332, "mode": "test", "epoch": 45}
{"loss": 0.24510729312896729, "acc": 0.9044539928436279, "length": 3.3061912059783936, "mode": "train", "epoch": 46}
{"loss": 0.2871786952018738, "acc": 0.8830896615982056, "length": 3.422680377960205, "mode": "test", "epoch": 46}
{"loss": 0.24410900473594666, "acc": 0.9036994576454163, "length": 3.2935986518859863, "mode": "train", "epoch": 47}
{"loss": 0.28383302688598633, "acc": 0.8863584399223328, "length": 3.3848798274993896, "mode": "test", "epoch": 47}
{"loss": 0.24479345977306366, "acc": 0.9047781229019165, "length": 3.2757554054260254, "mode": "train", "epoch": 48}
{"loss": 0.2848750948905945, "acc": 0.8860962390899658, "length": 3.422680377960205, "mode": "test", "epoch": 48}
{"loss": 0.24928714334964752, "acc": 0.8985984325408936, "length": 3.346846580505371, "mode": "train", "epoch": 49}
{"loss": 0.28615397214889526, "acc": 0.879828691482544, "length": 3.398625373840332, "mode": "test", "epoch": 49}
{"loss": 0.244883194565773, "acc": 0.9016779661178589, "length": 3.236419916152954, "mode": "train", "epoch": 50}
{"loss": 0.2834731936454773, "acc": 0.8895748257637024, "length": 3.3608248233795166, "mode": "test", "epoch": 50}
{"loss": 0.23954825103282928, "acc": 0.9037762880325317, "length": 3.2978270053863525, "mode": "train", "epoch": 51}
{"loss": 0.2847921848297119, "acc": 0.8866070508956909, "length": 3.4054982662200928, "mode": "test", "epoch": 51}
{"loss": 0.23685230314731598, "acc": 0.9064842462539673, "length": 3.2974936962127686, "mode": "train", "epoch": 52}
{"loss": 0.27362364530563354, "acc": 0.8884075880050659, "length": 3.3917524814605713, "mode": "test", "epoch": 52}
{"loss": 0.23786336183547974, "acc": 0.9065410494804382, "length": 3.304542064666748, "mode": "train", "epoch": 53}
{"loss": 0.27425575256347656, "acc": 0.8886935710906982, "length": 3.4054982662200928, "mode": "test", "epoch": 53}
{"loss": 0.23897764086723328, "acc": 0.9039205312728882, "length": 3.3307065963745117, "mode": "train", "epoch": 54}
{"loss": 0.28410521149635315, "acc": 0.8893868923187256, "length": 3.402061939239502, "mode": "test", "epoch": 54}
{"loss": 0.23738105595111847, "acc": 0.9081028699874878, "length": 3.290132522583008, "mode": "train", "epoch": 55}
{"loss": 0.2855203151702881, "acc": 0.8936405777931213, "length": 3.3367698192596436, "mode": "test", "epoch": 55}
{"loss": 0.23401641845703125, "acc": 0.9082708358764648, "length": 3.2967662811279297, "mode": "train", "epoch": 56}
{"loss": 0.2802773416042328, "acc": 0.8883382678031921, "length": 3.4123711585998535, "mode": "test", "epoch": 56}
{"loss": 0.23608621954917908, "acc": 0.9051206707954407, "length": 3.3473587036132812, "mode": "train", "epoch": 57}
{"loss": 0.27326804399490356, "acc": 0.8900578618049622, "length": 3.426116943359375, "mode": "test", "epoch": 57}
{"loss": 0.23482176661491394, "acc": 0.907067060470581, "length": 3.3215980529785156, "mode": "train", "epoch": 58}
{"loss": 0.2659793794155121, "acc": 0.8899233341217041, "length": 3.374570369720459, "mode": "test", "epoch": 58}
{"loss": 0.2320208102464676, "acc": 0.9081558585166931, "length": 3.297471761703491, "mode": "train", "epoch": 59}
{"loss": 0.2875075936317444, "acc": 0.8846144080162048, "length": 3.4570446014404297, "mode": "test", "epoch": 59}
{"loss": 0.2383115440607071, "acc": 0.9040967226028442, "length": 3.398120403289795, "mode": "train", "epoch": 60}
{"loss": 0.26330581307411194, "acc": 0.8908108472824097, "length": 3.429553270339966, "mode": "test", "epoch": 60}
test accuracy: 0.7406375408172607
