# ["--attributes=3", "--values=16", "--game_size=10", "--vocab_size_factor=3", "--n_epochs=60", "--batch_size=128", "--learning_rate=0.001", "--hidden_size=256", "--temp_update=0.99", "--temperature=1.5"]
Creating train_ds and val_ds...

Creating test_ds...
{"loss": 0.7344377040863037, "acc": 0.4962881803512573, "length": 3.2728934288024902, "mode": "train", "epoch": 1}
{"loss": 0.6974014043807983, "acc": 0.4961538314819336, "length": 1.0, "mode": "test", "epoch": 1}
{"loss": 0.7015596032142639, "acc": 0.5129229426383972, "length": 1.4018125534057617, "mode": "train", "epoch": 2}
{"loss": 0.6984117031097412, "acc": 0.4802447259426117, "length": 1.0, "mode": "test", "epoch": 2}
{"loss": 0.6951466202735901, "acc": 0.5016473531723022, "length": 1.009874701499939, "mode": "train", "epoch": 3}
{"loss": 0.6918509006500244, "acc": 0.5000000596046448, "length": 1.0, "mode": "test", "epoch": 3}
{"loss": 0.6954656839370728, "acc": 0.5084034204483032, "length": 1.003585696220398, "mode": "train", "epoch": 4}
{"loss": 0.692426860332489, "acc": 0.5010489821434021, "length": 1.0, "mode": "test", "epoch": 4}
{"loss": 0.6957458257675171, "acc": 0.49235618114471436, "length": 1.0018657445907593, "mode": "train", "epoch": 5}
{"loss": 0.6958125829696655, "acc": 0.4788461923599243, "length": 1.0, "mode": "test", "epoch": 5}
{"loss": 0.6942087411880493, "acc": 0.5060440301895142, "length": 1.0012754201889038, "mode": "train", "epoch": 6}
{"loss": 0.6914061307907104, "acc": 0.492832213640213, "length": 1.0, "mode": "test", "epoch": 6}
{"loss": 0.693656861782074, "acc": 0.5081834197044373, "length": 1.001164197921753, "mode": "train", "epoch": 7}
{"loss": 0.691556453704834, "acc": 0.5026223063468933, "length": 1.0, "mode": "test", "epoch": 7}
{"loss": 0.6932198405265808, "acc": 0.5156915783882141, "length": 1.0008686780929565, "mode": "train", "epoch": 8}
{"loss": 0.6933386325836182, "acc": 0.5068181753158569, "length": 1.0, "mode": "test", "epoch": 8}
{"loss": 0.693148672580719, "acc": 0.5028747916221619, "length": 1.0008509159088135, "mode": "train", "epoch": 9}
{"loss": 0.6924405097961426, "acc": 0.4947551488876343, "length": 1.0, "mode": "test", "epoch": 9}
{"loss": 0.6928364634513855, "acc": 0.4977273941040039, "length": 1.0007612705230713, "mode": "train", "epoch": 10}
{"loss": 0.6918885111808777, "acc": 0.4987761974334717, "length": 1.0, "mode": "test", "epoch": 10}
{"loss": 0.6929295063018799, "acc": 0.5107247233390808, "length": 1.0006287097930908, "mode": "train", "epoch": 11}
{"loss": 0.693600058555603, "acc": 0.5005244612693787, "length": 1.0, "mode": "test", "epoch": 11}
{"loss": 0.6927307844161987, "acc": 0.515338122844696, "length": 1.0005813837051392, "mode": "train", "epoch": 12}
{"loss": 0.6921218633651733, "acc": 0.5159091353416443, "length": 1.0, "mode": "test", "epoch": 12}
{"loss": 0.692556619644165, "acc": 0.5100074410438538, "length": 1.0005079507827759, "mode": "train", "epoch": 13}
{"loss": 0.6911826133728027, "acc": 0.509615421295166, "length": 1.0, "mode": "test", "epoch": 13}
{"loss": 0.6924082040786743, "acc": 0.51434725522995, "length": 1.000507116317749, "mode": "train", "epoch": 14}
{"loss": 0.6927005648612976, "acc": 0.5139860510826111, "length": 1.0, "mode": "test", "epoch": 14}
{"loss": 0.6923388242721558, "acc": 0.5151715278625488, "length": 1.0005053281784058, "mode": "train", "epoch": 15}
{"loss": 0.6935011148452759, "acc": 0.4933566749095917, "length": 1.0, "mode": "test", "epoch": 15}
{"loss": 0.693148672580719, "acc": 0.5092543363571167, "length": 1.0004806518554688, "mode": "train", "epoch": 16}
{"loss": 0.6902727484703064, "acc": 0.5381119251251221, "length": 1.0, "mode": "test", "epoch": 16}
{"loss": 0.6918527483940125, "acc": 0.5145825147628784, "length": 1.000433087348938, "mode": "train", "epoch": 17}
{"loss": 0.6924456357955933, "acc": 0.5082168579101562, "length": 1.0, "mode": "test", "epoch": 17}
{"loss": 0.6914812326431274, "acc": 0.5189738869667053, "length": 1.0003957748413086, "mode": "train", "epoch": 18}
{"loss": 0.6923327445983887, "acc": 0.5139860510826111, "length": 1.0, "mode": "test", "epoch": 18}
{"loss": 0.6927140951156616, "acc": 0.5156338214874268, "length": 1.0003710985183716, "mode": "train", "epoch": 19}
{"loss": 0.6925754547119141, "acc": 0.4989510476589203, "length": 1.0, "mode": "test", "epoch": 19}
{"loss": 0.6916178464889526, "acc": 0.519497275352478, "length": 1.0003679990768433, "mode": "train", "epoch": 20}
{"loss": 0.6900641918182373, "acc": 0.5153846740722656, "length": 1.0, "mode": "test", "epoch": 20}
{"loss": 0.6922490000724792, "acc": 0.5216600894927979, "length": 1.0002909898757935, "mode": "train", "epoch": 21}
{"loss": 0.6918895244598389, "acc": 0.5157343149185181, "length": 1.0, "mode": "test", "epoch": 21}
{"loss": 0.6919686198234558, "acc": 0.5256438851356506, "length": 1.000607967376709, "mode": "train", "epoch": 22}
{"loss": 0.6926931142807007, "acc": 0.5139860510826111, "length": 1.0, "mode": "test", "epoch": 22}
{"loss": 0.6913520693778992, "acc": 0.5174482464790344, "length": 1.0002230405807495, "mode": "train", "epoch": 23}
{"loss": 0.6903713941574097, "acc": 0.5136363506317139, "length": 1.0, "mode": "test", "epoch": 23}
{"loss": 0.6924274563789368, "acc": 0.5104814171791077, "length": 1.0001832246780396, "mode": "train", "epoch": 24}
{"loss": 0.6914836764335632, "acc": 0.5286713242530823, "length": 1.0, "mode": "test", "epoch": 24}
{"loss": 0.6913383603096008, "acc": 0.5251754522323608, "length": 1.0001944303512573, "mode": "train", "epoch": 25}
{"loss": 0.6912814974784851, "acc": 0.5195803046226501, "length": 1.0, "mode": "test", "epoch": 25}
{"loss": 0.6917206048965454, "acc": 0.5277513861656189, "length": 1.0001401901245117, "mode": "train", "epoch": 26}
{"loss": 0.6930579543113708, "acc": 0.4917832612991333, "length": 1.0, "mode": "test", "epoch": 26}
{"loss": 0.6905329823493958, "acc": 0.5210761427879333, "length": 1.000156044960022, "mode": "train", "epoch": 27}
{"loss": 0.6894489526748657, "acc": 0.5143356919288635, "length": 1.0, "mode": "test", "epoch": 27}
{"loss": 0.6915320158004761, "acc": 0.5168017745018005, "length": 1.000163197517395, "mode": "train", "epoch": 28}
{"loss": 0.6907533407211304, "acc": 0.5269230008125305, "length": 1.0, "mode": "test", "epoch": 28}
{"loss": 0.6911382079124451, "acc": 0.522832989692688, "length": 1.0001025199890137, "mode": "train", "epoch": 29}
{"loss": 0.6901852488517761, "acc": 0.5113636255264282, "length": 1.0, "mode": "test", "epoch": 29}
{"loss": 0.6906111836433411, "acc": 0.5305022597312927, "length": 1.0001251697540283, "mode": "train", "epoch": 30}
{"loss": 0.6903099417686462, "acc": 0.5118880867958069, "length": 1.0, "mode": "test", "epoch": 30}
{"loss": 0.6897614598274231, "acc": 0.5207259654998779, "length": 1.0000805854797363, "mode": "train", "epoch": 31}
{"loss": 0.6919049024581909, "acc": 0.5050699710845947, "length": 1.0, "mode": "test", "epoch": 31}
{"loss": 0.6896222233772278, "acc": 0.5456668138504028, "length": 1.000093936920166, "mode": "train", "epoch": 32}
{"loss": 0.6888140439987183, "acc": 0.5365384221076965, "length": 1.0, "mode": "test", "epoch": 32}
{"loss": 0.6898738145828247, "acc": 0.5274587869644165, "length": 1.000138759613037, "mode": "train", "epoch": 33}
{"loss": 0.6899195909500122, "acc": 0.5136364102363586, "length": 1.0, "mode": "test", "epoch": 33}
{"loss": 0.6888161897659302, "acc": 0.5246486067771912, "length": 1.0000735521316528, "mode": "train", "epoch": 34}
{"loss": 0.6908847689628601, "acc": 0.5069929957389832, "length": 1.0, "mode": "test", "epoch": 34}
{"loss": 0.6900243163108826, "acc": 0.5310882329940796, "length": 1.000068187713623, "mode": "train", "epoch": 35}
{"loss": 0.6890349388122559, "acc": 0.5211539268493652, "length": 1.0, "mode": "test", "epoch": 35}
{"loss": 0.6899158358573914, "acc": 0.5386995077133179, "length": 1.0000665187835693, "mode": "train", "epoch": 36}
{"loss": 0.691013514995575, "acc": 0.522552490234375, "length": 1.0, "mode": "test", "epoch": 36}
{"loss": 0.6897170543670654, "acc": 0.5321424007415771, "length": 1.000071406364441, "mode": "train", "epoch": 37}
{"loss": 0.6892707347869873, "acc": 0.503496527671814, "length": 1.0, "mode": "test", "epoch": 37}
{"loss": 0.6889895796775818, "acc": 0.5392768979072571, "length": 1.0003764629364014, "mode": "train", "epoch": 38}
{"loss": 0.6889382600784302, "acc": 0.528496503829956, "length": 1.0, "mode": "test", "epoch": 38}
{"loss": 0.6880212426185608, "acc": 0.5355388522148132, "length": 1.0000900030136108, "mode": "train", "epoch": 39}
{"loss": 0.690299391746521, "acc": 0.5316433906555176, "length": 1.0, "mode": "test", "epoch": 39}
{"loss": 0.688194990158081, "acc": 0.5327275395393372, "length": 1.0000543594360352, "mode": "train", "epoch": 40}
{"loss": 0.6887682676315308, "acc": 0.5167831778526306, "length": 1.0, "mode": "test", "epoch": 40}
{"loss": 0.6878064870834351, "acc": 0.5405148267745972, "length": 1.0000652074813843, "mode": "train", "epoch": 41}
{"loss": 0.6872155666351318, "acc": 0.5307692289352417, "length": 1.0, "mode": "test", "epoch": 41}
{"loss": 0.6873850226402283, "acc": 0.5375872254371643, "length": 1.0000468492507935, "mode": "train", "epoch": 42}
{"loss": 0.6895853877067566, "acc": 0.5351399183273315, "length": 1.0, "mode": "test", "epoch": 42}
{"loss": 0.6892911791801453, "acc": 0.5378212332725525, "length": 1.0000498294830322, "mode": "train", "epoch": 43}
{"loss": 0.688032865524292, "acc": 0.538811206817627, "length": 1.0, "mode": "test", "epoch": 43}
{"loss": 0.6876773238182068, "acc": 0.5405145883560181, "length": 1.000056505203247, "mode": "train", "epoch": 44}
{"loss": 0.6857366561889648, "acc": 0.544930100440979, "length": 1.0, "mode": "test", "epoch": 44}
{"loss": 0.6868460774421692, "acc": 0.5481266379356384, "length": 1.0000311136245728, "mode": "train", "epoch": 45}
{"loss": 0.6905595660209656, "acc": 0.5139859914779663, "length": 1.0, "mode": "test", "epoch": 45}
{"loss": 0.6871945858001709, "acc": 0.5325526595115662, "length": 1.0000228881835938, "mode": "train", "epoch": 46}
{"loss": 0.6858505606651306, "acc": 0.5367133617401123, "length": 1.0, "mode": "test", "epoch": 46}
{"loss": 0.689002275466919, "acc": 0.5398712754249573, "length": 1.000040054321289, "mode": "train", "epoch": 47}
{"loss": 0.6871597170829773, "acc": 0.5237761735916138, "length": 1.0, "mode": "test", "epoch": 47}
{"loss": 0.6873700022697449, "acc": 0.5538051128387451, "length": 1.0000219345092773, "mode": "train", "epoch": 48}
{"loss": 0.6903955340385437, "acc": 0.5209790468215942, "length": 1.0, "mode": "test", "epoch": 48}
{"loss": 0.6873061656951904, "acc": 0.5368265509605408, "length": 1.00001859664917, "mode": "train", "epoch": 49}
{"loss": 0.6854122877120972, "acc": 0.5328671336174011, "length": 1.0, "mode": "test", "epoch": 49}
{"loss": 0.6868041753768921, "acc": 0.5442038178443909, "length": 1.0000388622283936, "mode": "train", "epoch": 50}
{"loss": 0.689034640789032, "acc": 0.5305944681167603, "length": 1.0, "mode": "test", "epoch": 50}
{"loss": 0.6857689619064331, "acc": 0.5347774028778076, "length": 1.0000232458114624, "mode": "train", "epoch": 51}
{"loss": 0.6868724226951599, "acc": 0.5101397037506104, "length": 1.0, "mode": "test", "epoch": 51}
{"loss": 0.6851040720939636, "acc": 0.5491212010383606, "length": 1.0000264644622803, "mode": "train", "epoch": 52}
{"loss": 0.6855751872062683, "acc": 0.5575174689292908, "length": 1.0, "mode": "test", "epoch": 52}
{"loss": 0.6849183440208435, "acc": 0.5505855679512024, "length": 1.0000165700912476, "mode": "train", "epoch": 53}
{"loss": 0.6865850687026978, "acc": 0.538986086845398, "length": 1.0, "mode": "test", "epoch": 53}
{"loss": 0.684638261795044, "acc": 0.5526930093765259, "length": 1.0000160932540894, "mode": "train", "epoch": 54}
{"loss": 0.6855425834655762, "acc": 0.5447552800178528, "length": 1.0, "mode": "test", "epoch": 54}
{"loss": 0.6840739846229553, "acc": 0.5510537624359131, "length": 1.0000221729278564, "mode": "train", "epoch": 55}
{"loss": 0.6858744025230408, "acc": 0.5305944085121155, "length": 1.0, "mode": "test", "epoch": 55}
{"loss": 0.6839902400970459, "acc": 0.5554449558258057, "length": 1.0000134706497192, "mode": "train", "epoch": 56}
{"loss": 0.6851003170013428, "acc": 0.5447552800178528, "length": 1.0, "mode": "test", "epoch": 56}
{"loss": 0.686348021030426, "acc": 0.5367096662521362, "length": 1.0000200271606445, "mode": "train", "epoch": 57}
{"loss": 0.6841042041778564, "acc": 0.5389860272407532, "length": 1.0, "mode": "test", "epoch": 57}
{"loss": 0.6841514110565186, "acc": 0.5460773706436157, "length": 1.000008463859558, "mode": "train", "epoch": 58}
{"loss": 0.6901217699050903, "acc": 0.5288461446762085, "length": 1.0, "mode": "test", "epoch": 58}
{"loss": 0.6831833124160767, "acc": 0.5581381320953369, "length": 1.000004768371582, "mode": "train", "epoch": 59}
{"loss": 0.6835786700248718, "acc": 0.5561187863349915, "length": 1.0, "mode": "test", "epoch": 59}
{"loss": 0.6832465529441833, "acc": 0.5442036986351013, "length": 1.0000072717666626, "mode": "train", "epoch": 60}
{"loss": 0.6843056678771973, "acc": 0.5445803999900818, "length": 1.0, "mode": "test", "epoch": 60}
test accuracy: 0.28483331203460693
