# ["--attributes=3", "--values=16", "--game_size=10", "--vocab_size_factor=3", "--n_epochs=60", "--batch_size=128", "--learning_rate=0.001", "--hidden_size=256", "--temp_update=0.99", "--temperature=2"]
Creating train_ds and val_ds...

Creating test_ds...
{"loss": 0.7086193561553955, "acc": 0.5211926698684692, "length": 3.4168355464935303, "mode": "train", "epoch": 1}
{"loss": 0.6928462982177734, "acc": 0.5126335024833679, "length": 1.0, "mode": "test", "epoch": 1}
{"loss": 0.7005892992019653, "acc": 0.5048037171363831, "length": 2.145775318145752, "mode": "train", "epoch": 2}
{"loss": 0.6959137916564941, "acc": 0.49163705110549927, "length": 1.0, "mode": "test", "epoch": 2}
{"loss": 0.6828168630599976, "acc": 0.5640681982040405, "length": 1.6919605731964111, "mode": "train", "epoch": 3}
{"loss": 0.6615859270095825, "acc": 0.5954576134681702, "length": 1.7686833143234253, "mode": "test", "epoch": 3}
{"loss": 0.6337646842002869, "acc": 0.6447021961212158, "length": 2.189269781112671, "mode": "train", "epoch": 4}
{"loss": 0.6251036524772644, "acc": 0.6592121124267578, "length": 1.9608540534973145, "mode": "test", "epoch": 4}
{"loss": 0.5759267807006836, "acc": 0.7094844579696655, "length": 2.396256446838379, "mode": "train", "epoch": 5}
{"loss": 0.6190645694732666, "acc": 0.6712415218353271, "length": 2.078291893005371, "mode": "test", "epoch": 5}
{"loss": 0.5357066988945007, "acc": 0.7486441135406494, "length": 2.5222833156585693, "mode": "train", "epoch": 6}
{"loss": 0.5932826399803162, "acc": 0.7394917607307434, "length": 2.846975088119507, "mode": "test", "epoch": 6}
{"loss": 0.5047218799591064, "acc": 0.7612959146499634, "length": 2.706172227859497, "mode": "train", "epoch": 7}
{"loss": 0.5930758714675903, "acc": 0.7541720867156982, "length": 2.9537365436553955, "mode": "test", "epoch": 7}
{"loss": 0.4791623055934906, "acc": 0.7894179224967957, "length": 2.7159509658813477, "mode": "train", "epoch": 8}
{"loss": 0.539318323135376, "acc": 0.7716131806373596, "length": 2.9750890731811523, "mode": "test", "epoch": 8}
{"loss": 0.453338086605072, "acc": 0.8024548888206482, "length": 2.900543689727783, "mode": "train", "epoch": 9}
{"loss": 0.515921950340271, "acc": 0.7954283952713013, "length": 3.2740213871002197, "mode": "test", "epoch": 9}
{"loss": 0.4101475477218628, "acc": 0.8192365169525146, "length": 3.2691192626953125, "mode": "train", "epoch": 10}
{"loss": 0.44119974970817566, "acc": 0.815009355545044, "length": 3.6370105743408203, "mode": "test", "epoch": 10}
{"loss": 0.38457348942756653, "acc": 0.8290448188781738, "length": 3.466521978378296, "mode": "train", "epoch": 11}
{"loss": 0.44604942202568054, "acc": 0.8145668506622314, "length": 3.6049821376800537, "mode": "test", "epoch": 11}
{"loss": 0.369971364736557, "acc": 0.8357900381088257, "length": 3.54716157913208, "mode": "train", "epoch": 12}
{"loss": 0.4560219645500183, "acc": 0.8115352392196655, "length": 3.7010676860809326, "mode": "test", "epoch": 12}
{"loss": 0.3516377806663513, "acc": 0.8472011685371399, "length": 3.5833895206451416, "mode": "train", "epoch": 13}
{"loss": 0.44378912448883057, "acc": 0.8120560050010681, "length": 3.6903915405273438, "mode": "test", "epoch": 13}
{"loss": 0.33589765429496765, "acc": 0.8516095876693726, "length": 3.676896095275879, "mode": "train", "epoch": 14}
{"loss": 0.45425209403038025, "acc": 0.8290299773216248, "length": 3.754448413848877, "mode": "test", "epoch": 14}
{"loss": 0.33191192150115967, "acc": 0.8552698493003845, "length": 3.668545722961426, "mode": "train", "epoch": 15}
{"loss": 0.3998386859893799, "acc": 0.8284710049629211, "length": 3.7758007049560547, "mode": "test", "epoch": 15}
{"loss": 0.31919801235198975, "acc": 0.8595402836799622, "length": 3.695255994796753, "mode": "train", "epoch": 16}
{"loss": 0.42293107509613037, "acc": 0.806704580783844, "length": 3.7758007049560547, "mode": "test", "epoch": 16}
{"loss": 0.3040810525417328, "acc": 0.8713237643241882, "length": 3.670276641845703, "mode": "train", "epoch": 17}
{"loss": 0.37240004539489746, "acc": 0.838218629360199, "length": 3.754448413848877, "mode": "test", "epoch": 17}
{"loss": 0.2903361916542053, "acc": 0.8753988742828369, "length": 3.7056009769439697, "mode": "train", "epoch": 18}
{"loss": 0.35556110739707947, "acc": 0.8454349040985107, "length": 3.743772268295288, "mode": "test", "epoch": 18}
{"loss": 0.27265942096710205, "acc": 0.8876833319664001, "length": 3.6644608974456787, "mode": "train", "epoch": 19}
{"loss": 0.3820391297340393, "acc": 0.8338009119033813, "length": 3.733096122741699, "mode": "test", "epoch": 19}
{"loss": 0.25696277618408203, "acc": 0.8945716023445129, "length": 3.646369218826294, "mode": "train", "epoch": 20}
{"loss": 0.37763020396232605, "acc": 0.8420916199684143, "length": 3.754448413848877, "mode": "test", "epoch": 20}
{"loss": 0.2595752477645874, "acc": 0.8928737044334412, "length": 3.60427188873291, "mode": "train", "epoch": 21}
{"loss": 0.40942367911338806, "acc": 0.8457448482513428, "length": 3.733096122741699, "mode": "test", "epoch": 21}
{"loss": 0.24579572677612305, "acc": 0.9022682309150696, "length": 3.630474090576172, "mode": "train", "epoch": 22}
{"loss": 0.3816949725151062, "acc": 0.8484652638435364, "length": 3.743772268295288, "mode": "test", "epoch": 22}
{"loss": 0.23982498049736023, "acc": 0.902100682258606, "length": 3.644833564758301, "mode": "train", "epoch": 23}
{"loss": 0.35830816626548767, "acc": 0.859789252281189, "length": 3.72953724861145, "mode": "test", "epoch": 23}
{"loss": 0.23159533739089966, "acc": 0.9089918732643127, "length": 3.6521196365356445, "mode": "train", "epoch": 24}
{"loss": 0.30691367387771606, "acc": 0.8698009252548218, "length": 3.754448413848877, "mode": "test", "epoch": 24}
{"loss": 0.2161114662885666, "acc": 0.9143811464309692, "length": 3.6837944984436035, "mode": "train", "epoch": 25}
{"loss": 0.3286578059196472, "acc": 0.8843527436256409, "length": 3.754448413848877, "mode": "test", "epoch": 25}
{"loss": 0.2106223851442337, "acc": 0.9141713380813599, "length": 3.702118158340454, "mode": "train", "epoch": 26}
{"loss": 0.30637073516845703, "acc": 0.8809887170791626, "length": 3.765124559402466, "mode": "test", "epoch": 26}
{"loss": 0.1955394595861435, "acc": 0.9219712018966675, "length": 3.779202699661255, "mode": "train", "epoch": 27}
{"loss": 0.2812846004962921, "acc": 0.8973073363304138, "length": 3.8113880157470703, "mode": "test", "epoch": 27}
{"loss": 0.1862032562494278, "acc": 0.9257016181945801, "length": 3.800163745880127, "mode": "train", "epoch": 28}
{"loss": 0.2575456500053406, "acc": 0.9056329131126404, "length": 3.935943126678467, "mode": "test", "epoch": 28}
{"loss": 0.17121508717536926, "acc": 0.9345188140869141, "length": 3.864612340927124, "mode": "train", "epoch": 29}
{"loss": 0.23219870030879974, "acc": 0.9172139763832092, "length": 3.9501779079437256, "mode": "test", "epoch": 29}
{"loss": 0.16498655080795288, "acc": 0.9365438222885132, "length": 3.868077278137207, "mode": "train", "epoch": 30}
{"loss": 0.237543523311615, "acc": 0.9248400926589966, "length": 3.985765218734741, "mode": "test", "epoch": 30}
{"loss": 0.1501399725675583, "acc": 0.9420521259307861, "length": 3.9203455448150635, "mode": "train", "epoch": 31}
{"loss": 0.22992250323295593, "acc": 0.9167383909225464, "length": 3.989323854446411, "mode": "test", "epoch": 31}
{"loss": 0.13784824311733246, "acc": 0.9503461718559265, "length": 3.924329996109009, "mode": "train", "epoch": 32}
{"loss": 0.2329159826040268, "acc": 0.9210242033004761, "length": 3.992882490158081, "mode": "test", "epoch": 32}
{"loss": 0.14079146087169647, "acc": 0.9444615244865417, "length": 3.9415650367736816, "mode": "train", "epoch": 33}
{"loss": 0.2020149528980255, "acc": 0.9334521293640137, "length": 4.0, "mode": "test", "epoch": 33}
{"loss": 0.13695695996284485, "acc": 0.9460039734840393, "length": 3.9530184268951416, "mode": "train", "epoch": 34}
{"loss": 0.18675822019577026, "acc": 0.945195734500885, "length": 4.0, "mode": "test", "epoch": 34}
{"loss": 0.11929485946893692, "acc": 0.9550937414169312, "length": 3.9637908935546875, "mode": "train", "epoch": 35}
{"loss": 0.18047988414764404, "acc": 0.9437722563743591, "length": 4.0, "mode": "test", "epoch": 35}
{"loss": 0.10786483436822891, "acc": 0.96181321144104, "length": 3.965975522994995, "mode": "train", "epoch": 36}
{"loss": 0.17588049173355103, "acc": 0.9492881298065186, "length": 4.0, "mode": "test", "epoch": 36}
{"loss": 0.10050870478153229, "acc": 0.9637213349342346, "length": 3.968454122543335, "mode": "train", "epoch": 37}
{"loss": 0.16816508769989014, "acc": 0.9455515146255493, "length": 4.0, "mode": "test", "epoch": 37}
{"loss": 0.09180722385644913, "acc": 0.9675666093826294, "length": 3.985079288482666, "mode": "train", "epoch": 38}
{"loss": 0.16945479810237885, "acc": 0.9435943961143494, "length": 4.0, "mode": "test", "epoch": 38}
{"loss": 0.09781691431999207, "acc": 0.96307373046875, "length": 3.983936071395874, "mode": "train", "epoch": 39}
{"loss": 0.1686507761478424, "acc": 0.9473310112953186, "length": 4.0, "mode": "test", "epoch": 39}
{"loss": 0.08891090750694275, "acc": 0.9659206867218018, "length": 3.988950252532959, "mode": "train", "epoch": 40}
{"loss": 0.19260472059249878, "acc": 0.9391459822654724, "length": 4.0, "mode": "test", "epoch": 40}
{"loss": 0.0790119543671608, "acc": 0.9694857001304626, "length": 3.990401029586792, "mode": "train", "epoch": 41}
{"loss": 0.1948641538619995, "acc": 0.9402135610580444, "length": 4.0, "mode": "test", "epoch": 41}
{"loss": 0.07275909185409546, "acc": 0.9735250473022461, "length": 3.9928762912750244, "mode": "train", "epoch": 42}
{"loss": 0.16322505474090576, "acc": 0.9487545490264893, "length": 4.0, "mode": "test", "epoch": 42}
{"loss": 0.07187043130397797, "acc": 0.9718360900878906, "length": 3.9930317401885986, "mode": "train", "epoch": 43}
{"loss": 0.16278515756130219, "acc": 0.9528470039367676, "length": 4.0, "mode": "test", "epoch": 43}
{"loss": 0.06081504747271538, "acc": 0.9758426547050476, "length": 3.9929039478302, "mode": "train", "epoch": 44}
{"loss": 0.15646329522132874, "acc": 0.9569395780563354, "length": 4.0, "mode": "test", "epoch": 44}
{"loss": 0.06143772602081299, "acc": 0.9783228635787964, "length": 3.9952402114868164, "mode": "train", "epoch": 45}
{"loss": 0.1834273785352707, "acc": 0.9549821019172668, "length": 4.0, "mode": "test", "epoch": 45}
{"loss": 0.06118292734026909, "acc": 0.9784517288208008, "length": 3.993583917617798, "mode": "train", "epoch": 46}
{"loss": 0.11718715727329254, "acc": 0.9638791084289551, "length": 4.0, "mode": "test", "epoch": 46}
{"loss": 0.05027259886264801, "acc": 0.9832146167755127, "length": 3.9969661235809326, "mode": "train", "epoch": 47}
{"loss": 0.22643521428108215, "acc": 0.9466190934181213, "length": 4.0, "mode": "test", "epoch": 47}
{"loss": 0.05780014395713806, "acc": 0.977532684803009, "length": 3.996159315109253, "mode": "train", "epoch": 48}
{"loss": 0.17648731172084808, "acc": 0.9585408568382263, "length": 4.0, "mode": "test", "epoch": 48}
{"loss": 0.05237695947289467, "acc": 0.9805737137794495, "length": 3.996262550354004, "mode": "train", "epoch": 49}
{"loss": 0.1853240430355072, "acc": 0.9580070376396179, "length": 4.0, "mode": "test", "epoch": 49}
{"loss": 0.05182891711592674, "acc": 0.9826706647872925, "length": 3.9969563484191895, "mode": "train", "epoch": 50}
{"loss": 0.17024874687194824, "acc": 0.9658364057540894, "length": 4.0, "mode": "test", "epoch": 50}
{"loss": 0.05118884518742561, "acc": 0.9827603697776794, "length": 3.9977095127105713, "mode": "train", "epoch": 51}
{"loss": 0.19965581595897675, "acc": 0.9606759548187256, "length": 4.0, "mode": "test", "epoch": 51}
{"loss": 0.048873383551836014, "acc": 0.9809244871139526, "length": 3.997892141342163, "mode": "train", "epoch": 52}
{"loss": 0.19497430324554443, "acc": 0.9647685885429382, "length": 4.0, "mode": "test", "epoch": 52}
{"loss": 0.04757506400346756, "acc": 0.9844356179237366, "length": 3.9979088306427, "mode": "train", "epoch": 53}
{"loss": 0.19591936469078064, "acc": 0.9706405401229858, "length": 4.0, "mode": "test", "epoch": 53}
{"loss": 0.03748790919780731, "acc": 0.9881548881530762, "length": 3.9966676235198975, "mode": "train", "epoch": 54}
{"loss": 0.18552762269973755, "acc": 0.9708182215690613, "length": 4.0, "mode": "test", "epoch": 54}
{"loss": 0.04137872904539108, "acc": 0.9859890937805176, "length": 3.998286008834839, "mode": "train", "epoch": 55}
{"loss": 0.17752540111541748, "acc": 0.969395101070404, "length": 4.0, "mode": "test", "epoch": 55}
{"loss": 0.045390497893095016, "acc": 0.9838467240333557, "length": 3.997681140899658, "mode": "train", "epoch": 56}
{"loss": 0.1627255082130432, "acc": 0.9772242307662964, "length": 4.0, "mode": "test", "epoch": 56}
{"loss": 0.06320223957300186, "acc": 0.9800942540168762, "length": 3.998270273208618, "mode": "train", "epoch": 57}
{"loss": 0.22713443636894226, "acc": 0.9588969349861145, "length": 4.0, "mode": "test", "epoch": 57}
{"loss": 0.05524454638361931, "acc": 0.9816073179244995, "length": 3.998953104019165, "mode": "train", "epoch": 58}
{"loss": 0.2085428684949875, "acc": 0.9660141468048096, "length": 4.0, "mode": "test", "epoch": 58}
{"loss": 0.04909941181540489, "acc": 0.984704852104187, "length": 3.9989094734191895, "mode": "train", "epoch": 59}
{"loss": 0.20545288920402527, "acc": 0.9741994142532349, "length": 4.0, "mode": "test", "epoch": 59}
{"loss": 0.040426503866910934, "acc": 0.9877582788467407, "length": 3.9977588653564453, "mode": "train", "epoch": 60}
{"loss": 0.10416348278522491, "acc": 0.974911093711853, "length": 4.0, "mode": "test", "epoch": 60}
test accuracy: 0.8737500309944153
