# ["--attributes=5", "--values=4", "--game_size=10", "--vocab_size_factor=3", "--n_epochs=60", "--batch_size=32", "--learning_rate=0.0005", "--hidden_size=128", "--temp_update=0.97", "--temperature=1.5"]
Creating train_ds and val_ds...

Creating test_ds...
{"loss": 0.695632815361023, "acc": 0.5018447041511536, "length": 3.385035276412964, "mode": "train", "epoch": 1}
{"loss": 0.6929804086685181, "acc": 0.5202703475952148, "length": 1.0, "mode": "test", "epoch": 1}
{"loss": 0.6842318177223206, "acc": 0.573700487613678, "length": 2.8137705326080322, "mode": "train", "epoch": 2}
{"loss": 0.6549488306045532, "acc": 0.6883498430252075, "length": 2.327702760696411, "mode": "test", "epoch": 2}
{"loss": 0.6172119379043579, "acc": 0.7139201164245605, "length": 2.9696762561798096, "mode": "train", "epoch": 3}
{"loss": 0.547082781791687, "acc": 0.7778822183609009, "length": 3.577702760696411, "mode": "test", "epoch": 3}
{"loss": 0.4992028474807739, "acc": 0.7758539319038391, "length": 3.6339683532714844, "mode": "train", "epoch": 4}
{"loss": 0.48907026648521423, "acc": 0.7635135650634766, "length": 4.0, "mode": "test", "epoch": 4}
{"loss": 0.44976454973220825, "acc": 0.7977985143661499, "length": 3.905238151550293, "mode": "train", "epoch": 5}
{"loss": 0.4608200192451477, "acc": 0.7822635769844055, "length": 4.0, "mode": "test", "epoch": 5}
{"loss": 0.4211650490760803, "acc": 0.8270369172096252, "length": 3.9552955627441406, "mode": "train", "epoch": 6}
{"loss": 0.43683862686157227, "acc": 0.8045608401298523, "length": 4.0, "mode": "test", "epoch": 6}
{"loss": 0.39834296703338623, "acc": 0.8335185050964355, "length": 3.9736428260803223, "mode": "train", "epoch": 7}
{"loss": 0.4109756648540497, "acc": 0.8322637677192688, "length": 4.0, "mode": "test", "epoch": 7}
{"loss": 0.3758726716041565, "acc": 0.8411046266555786, "length": 3.9789011478424072, "mode": "train", "epoch": 8}
{"loss": 0.3972572982311249, "acc": 0.8295608758926392, "length": 4.0, "mode": "test", "epoch": 8}
{"loss": 0.35809651017189026, "acc": 0.8498448729515076, "length": 3.9882795810699463, "mode": "train", "epoch": 9}
{"loss": 0.37539681792259216, "acc": 0.8445945978164673, "length": 4.0, "mode": "test", "epoch": 9}
{"loss": 0.34279948472976685, "acc": 0.8606005907058716, "length": 3.988894462585449, "mode": "train", "epoch": 10}
{"loss": 0.367889940738678, "acc": 0.8342905044555664, "length": 4.0, "mode": "test", "epoch": 10}
{"loss": 0.33179083466529846, "acc": 0.8582659959793091, "length": 3.9908971786499023, "mode": "train", "epoch": 11}
{"loss": 0.37927865982055664, "acc": 0.8417230248451233, "length": 4.0, "mode": "test", "epoch": 11}
{"loss": 0.3173700273036957, "acc": 0.8694368004798889, "length": 3.993680000305176, "mode": "train", "epoch": 12}
{"loss": 0.34336206316947937, "acc": 0.8596283197402954, "length": 4.0, "mode": "test", "epoch": 12}
{"loss": 0.29930242896080017, "acc": 0.878054678440094, "length": 3.9953248500823975, "mode": "train", "epoch": 13}
{"loss": 0.33891066908836365, "acc": 0.8562501668930054, "length": 4.0, "mode": "test", "epoch": 13}
{"loss": 0.2909553050994873, "acc": 0.8877032995223999, "length": 3.995570182800293, "mode": "train", "epoch": 14}
{"loss": 0.3272695541381836, "acc": 0.8648648858070374, "length": 4.0, "mode": "test", "epoch": 14}
{"loss": 0.27776116132736206, "acc": 0.8894129395484924, "length": 3.995760917663574, "mode": "train", "epoch": 15}
{"loss": 0.3046926259994507, "acc": 0.8766891956329346, "length": 4.0, "mode": "test", "epoch": 15}
{"loss": 0.2680376172065735, "acc": 0.8932148218154907, "length": 3.9959468841552734, "mode": "train", "epoch": 16}
{"loss": 0.30054551362991333, "acc": 0.8753378391265869, "length": 4.0, "mode": "test", "epoch": 16}
{"loss": 0.2601636052131653, "acc": 0.8977736830711365, "length": 3.997347831726074, "mode": "train", "epoch": 17}
{"loss": 0.29564225673675537, "acc": 0.8807432055473328, "length": 4.0, "mode": "test", "epoch": 17}
{"loss": 0.2533819079399109, "acc": 0.9012681841850281, "length": 3.9975287914276123, "mode": "train", "epoch": 18}
{"loss": 0.2967239320278168, "acc": 0.8805744051933289, "length": 4.0, "mode": "test", "epoch": 18}
{"loss": 0.24604949355125427, "acc": 0.9040709137916565, "length": 3.9968924522399902, "mode": "train", "epoch": 19}
{"loss": 0.2885231673717499, "acc": 0.8859797120094299, "length": 4.0, "mode": "test", "epoch": 19}
{"loss": 0.24526315927505493, "acc": 0.9018776416778564, "length": 3.997459650039673, "mode": "train", "epoch": 20}
{"loss": 0.2878873646259308, "acc": 0.8842905163764954, "length": 4.0, "mode": "test", "epoch": 20}
{"loss": 0.24237623810768127, "acc": 0.9072670340538025, "length": 3.998239755630493, "mode": "train", "epoch": 21}
{"loss": 0.2662474513053894, "acc": 0.8910474181175232, "length": 4.0, "mode": "test", "epoch": 21}
{"loss": 0.23152044415473938, "acc": 0.9078433513641357, "length": 3.9987266063690186, "mode": "train", "epoch": 22}
{"loss": 0.2646506726741791, "acc": 0.8940876126289368, "length": 4.0, "mode": "test", "epoch": 22}
{"loss": 0.22827279567718506, "acc": 0.9096214175224304, "length": 3.9981882572174072, "mode": "train", "epoch": 23}
{"loss": 0.2588261663913727, "acc": 0.8951013088226318, "length": 4.0, "mode": "test", "epoch": 23}
{"loss": 0.2156020849943161, "acc": 0.918562650680542, "length": 3.998563766479492, "mode": "train", "epoch": 24}
{"loss": 0.25302639603614807, "acc": 0.9021959900856018, "length": 4.0, "mode": "test", "epoch": 24}
{"loss": 0.2199963480234146, "acc": 0.9139335751533508, "length": 3.998574733734131, "mode": "train", "epoch": 25}
{"loss": 0.2575094699859619, "acc": 0.9011824131011963, "length": 4.0, "mode": "test", "epoch": 25}
{"loss": 0.21614500880241394, "acc": 0.9184592962265015, "length": 3.9985790252685547, "mode": "train", "epoch": 26}
{"loss": 0.2551829516887665, "acc": 0.9000000953674316, "length": 4.0, "mode": "test", "epoch": 26}
{"loss": 0.20374290645122528, "acc": 0.9216112494468689, "length": 3.9983479976654053, "mode": "train", "epoch": 27}
{"loss": 0.23710842430591583, "acc": 0.9072635769844055, "length": 4.0, "mode": "test", "epoch": 27}
{"loss": 0.20458649098873138, "acc": 0.9217163324356079, "length": 3.9998762607574463, "mode": "train", "epoch": 28}
{"loss": 0.24642489850521088, "acc": 0.9114865660667419, "length": 4.0, "mode": "test", "epoch": 28}
{"loss": 0.196302592754364, "acc": 0.9274799227714539, "length": 3.99942684173584, "mode": "train", "epoch": 29}
{"loss": 0.24406372010707855, "acc": 0.9113176465034485, "length": 4.0, "mode": "test", "epoch": 29}
{"loss": 0.1977703720331192, "acc": 0.9283832311630249, "length": 3.9997003078460693, "mode": "train", "epoch": 30}
{"loss": 0.23557353019714355, "acc": 0.9119932055473328, "length": 4.0, "mode": "test", "epoch": 30}
{"loss": 0.1871674358844757, "acc": 0.9300845861434937, "length": 3.999577283859253, "mode": "train", "epoch": 31}
{"loss": 0.23477120697498322, "acc": 0.9072635769844055, "length": 4.0, "mode": "test", "epoch": 31}
{"loss": 0.1853870451450348, "acc": 0.9310500621795654, "length": 3.9999070167541504, "mode": "train", "epoch": 32}
{"loss": 0.22643564641475677, "acc": 0.9162161350250244, "length": 4.0, "mode": "test", "epoch": 32}
{"loss": 0.1792781800031662, "acc": 0.933005154132843, "length": 3.9983396530151367, "mode": "train", "epoch": 33}
{"loss": 0.2229907065629959, "acc": 0.9222972989082336, "length": 4.0, "mode": "test", "epoch": 33}
{"loss": 0.18111653625965118, "acc": 0.932968258857727, "length": 3.9997644424438477, "mode": "train", "epoch": 34}
{"loss": 0.217980295419693, "acc": 0.9314188361167908, "length": 4.0, "mode": "test", "epoch": 34}
{"loss": 0.17330780625343323, "acc": 0.9400295615196228, "length": 3.999523878097534, "mode": "train", "epoch": 35}
{"loss": 0.23342406749725342, "acc": 0.9190878868103027, "length": 4.0, "mode": "test", "epoch": 35}
{"loss": 0.16693855822086334, "acc": 0.9392532706260681, "length": 3.9999935626983643, "mode": "train", "epoch": 36}
{"loss": 0.21201775968074799, "acc": 0.9300676584243774, "length": 4.0, "mode": "test", "epoch": 36}
{"loss": 0.16274641454219818, "acc": 0.9443896412849426, "length": 3.999610424041748, "mode": "train", "epoch": 37}
{"loss": 0.21446458995342255, "acc": 0.9295607805252075, "length": 4.0, "mode": "test", "epoch": 37}
{"loss": 0.15963613986968994, "acc": 0.9442275166511536, "length": 3.9997992515563965, "mode": "train", "epoch": 38}
{"loss": 0.21226537227630615, "acc": 0.9339526295661926, "length": 4.0, "mode": "test", "epoch": 38}
{"loss": 0.15790246427059174, "acc": 0.943946897983551, "length": 3.999969959259033, "mode": "train", "epoch": 39}
{"loss": 0.201189324259758, "acc": 0.9364864230155945, "length": 4.0, "mode": "test", "epoch": 39}
{"loss": 0.1468493789434433, "acc": 0.9517527222633362, "length": 3.999979019165039, "mode": "train", "epoch": 40}
{"loss": 0.20481018722057343, "acc": 0.9320946931838989, "length": 4.0, "mode": "test", "epoch": 40}
{"loss": 0.15566998720169067, "acc": 0.9446831345558167, "length": 3.999992847442627, "mode": "train", "epoch": 41}
{"loss": 0.21606691181659698, "acc": 0.9282095432281494, "length": 4.0, "mode": "test", "epoch": 41}
{"loss": 0.1443716138601303, "acc": 0.9511262774467468, "length": 3.9996979236602783, "mode": "train", "epoch": 42}
{"loss": 0.19730287790298462, "acc": 0.9317567944526672, "length": 4.0, "mode": "test", "epoch": 42}
{"loss": 0.1529788225889206, "acc": 0.9452483654022217, "length": 3.9999845027923584, "mode": "train", "epoch": 43}
{"loss": 0.2081671804189682, "acc": 0.9371621608734131, "length": 4.0, "mode": "test", "epoch": 43}
{"loss": 0.1496272087097168, "acc": 0.9491463899612427, "length": 3.9998066425323486, "mode": "train", "epoch": 44}
{"loss": 0.20477838814258575, "acc": 0.9398648142814636, "length": 4.0, "mode": "test", "epoch": 44}
{"loss": 0.14590400457382202, "acc": 0.9498298764228821, "length": 3.9999828338623047, "mode": "train", "epoch": 45}
{"loss": 0.20437489449977875, "acc": 0.9415540099143982, "length": 4.0, "mode": "test", "epoch": 45}
{"loss": 0.14757226407527924, "acc": 0.9522023797035217, "length": 3.9985191822052, "mode": "train", "epoch": 46}
{"loss": 0.1954769343137741, "acc": 0.9474661350250244, "length": 4.0, "mode": "test", "epoch": 46}
{"loss": 0.13752083480358124, "acc": 0.9526958465576172, "length": 3.999650478363037, "mode": "train", "epoch": 47}
{"loss": 0.19759564101696014, "acc": 0.9464526772499084, "length": 4.0, "mode": "test", "epoch": 47}
{"loss": 0.1307053118944168, "acc": 0.9575766324996948, "length": 3.999856472015381, "mode": "train", "epoch": 48}
{"loss": 0.20288825035095215, "acc": 0.9369931817054749, "length": 4.0, "mode": "test", "epoch": 48}
{"loss": 0.13444826006889343, "acc": 0.9533742070198059, "length": 3.998037576675415, "mode": "train", "epoch": 49}
{"loss": 0.18498574197292328, "acc": 0.9515202641487122, "length": 4.0, "mode": "test", "epoch": 49}
{"loss": 0.12367524206638336, "acc": 0.9610280394554138, "length": 3.9999141693115234, "mode": "train", "epoch": 50}
{"loss": 0.16506431996822357, "acc": 0.9479730129241943, "length": 4.0, "mode": "test", "epoch": 50}
{"loss": 0.1283511221408844, "acc": 0.9565027356147766, "length": 3.999953269958496, "mode": "train", "epoch": 51}
{"loss": 0.17026185989379883, "acc": 0.9508447647094727, "length": 4.0, "mode": "test", "epoch": 51}
{"loss": 0.1298588365316391, "acc": 0.9528278112411499, "length": 3.999995231628418, "mode": "train", "epoch": 52}
{"loss": 0.18985898792743683, "acc": 0.9478040933609009, "length": 4.0, "mode": "test", "epoch": 52}
{"loss": 0.12649299204349518, "acc": 0.9600076675415039, "length": 3.9999008178710938, "mode": "train", "epoch": 53}
{"loss": 0.1898684799671173, "acc": 0.9469594955444336, "length": 4.0, "mode": "test", "epoch": 53}
{"loss": 0.12174982577562332, "acc": 0.9596140384674072, "length": 3.999938726425171, "mode": "train", "epoch": 54}
{"loss": 0.1908113807439804, "acc": 0.9454393982887268, "length": 4.0, "mode": "test", "epoch": 54}
{"loss": 0.11856004595756531, "acc": 0.959386944770813, "length": 3.9999072551727295, "mode": "train", "epoch": 55}
{"loss": 0.17604224383831024, "acc": 0.9496622085571289, "length": 4.0, "mode": "test", "epoch": 55}
{"loss": 0.1190529316663742, "acc": 0.95859295129776, "length": 3.999887704849243, "mode": "train", "epoch": 56}
{"loss": 0.18159836530685425, "acc": 0.9476351141929626, "length": 4.0, "mode": "test", "epoch": 56}
{"loss": 0.12124714255332947, "acc": 0.9579176306724548, "length": 3.9999773502349854, "mode": "train", "epoch": 57}
{"loss": 0.1663447469472885, "acc": 0.95118248462677, "length": 4.0, "mode": "test", "epoch": 57}
{"loss": 0.11641821265220642, "acc": 0.9624998569488525, "length": 3.9999966621398926, "mode": "train", "epoch": 58}
{"loss": 0.1801774501800537, "acc": 0.9467906355857849, "length": 4.0, "mode": "test", "epoch": 58}
{"loss": 0.11732528358697891, "acc": 0.9620949029922485, "length": 3.9998645782470703, "mode": "train", "epoch": 59}
{"loss": 0.17691011726856232, "acc": 0.9496622085571289, "length": 4.0, "mode": "test", "epoch": 59}
{"loss": 0.11066301167011261, "acc": 0.9625564217567444, "length": 3.9999969005584717, "mode": "train", "epoch": 60}
{"loss": 0.19907717406749725, "acc": 0.9478040933609009, "length": 4.0, "mode": "test", "epoch": 60}
test accuracy: 0.7892308235168457
