# ["--attributes=5", "--values=4", "--game_size=10", "--vocab_size_factor=3", "--n_epochs=60", "--batch_size=32", "--learning_rate=0.0005", "--hidden_size=128", "--temp_update=0.97", "--temperature=2"]
Creating train_ds and val_ds...

Creating test_ds...
{"loss": 0.6945273280143738, "acc": 0.5172489881515503, "length": 3.5354983806610107, "mode": "train", "epoch": 1}
{"loss": 0.6806754469871521, "acc": 0.6144482493400574, "length": 1.7972028255462646, "mode": "test", "epoch": 1}
{"loss": 0.6842804551124573, "acc": 0.5551208853721619, "length": 3.454740524291992, "mode": "train", "epoch": 2}
{"loss": 0.6305162906646729, "acc": 0.6969897150993347, "length": 3.8636362552642822, "mode": "test", "epoch": 2}
{"loss": 0.614879846572876, "acc": 0.6905822157859802, "length": 3.7080695629119873, "mode": "train", "epoch": 3}
{"loss": 0.5552576780319214, "acc": 0.7309440970420837, "length": 4.0, "mode": "test", "epoch": 3}
{"loss": 0.545272171497345, "acc": 0.7316675782203674, "length": 3.921048641204834, "mode": "train", "epoch": 4}
{"loss": 0.49690791964530945, "acc": 0.7851397395133972, "length": 4.0, "mode": "test", "epoch": 4}
{"loss": 0.494035542011261, "acc": 0.7771238088607788, "length": 3.954204559326172, "mode": "train", "epoch": 5}
{"loss": 0.4767257869243622, "acc": 0.7954546809196472, "length": 4.0, "mode": "test", "epoch": 5}
{"loss": 0.4565322697162628, "acc": 0.7916765213012695, "length": 3.965211868286133, "mode": "train", "epoch": 6}
{"loss": 0.4416230320930481, "acc": 0.8216784000396729, "length": 4.0, "mode": "test", "epoch": 6}
{"loss": 0.4230756163597107, "acc": 0.823173999786377, "length": 3.962013006210327, "mode": "train", "epoch": 7}
{"loss": 0.43169742822647095, "acc": 0.828321635723114, "length": 4.0, "mode": "test", "epoch": 7}
{"loss": 0.3988451361656189, "acc": 0.8324968814849854, "length": 3.964216709136963, "mode": "train", "epoch": 8}
{"loss": 0.41695791482925415, "acc": 0.8344405889511108, "length": 4.0, "mode": "test", "epoch": 8}
{"loss": 0.37975621223449707, "acc": 0.840897262096405, "length": 3.976118564605713, "mode": "train", "epoch": 9}
{"loss": 0.4070546627044678, "acc": 0.8410840034484863, "length": 4.0, "mode": "test", "epoch": 9}
{"loss": 0.36715129017829895, "acc": 0.8435254693031311, "length": 3.984466314315796, "mode": "train", "epoch": 10}
{"loss": 0.385843962430954, "acc": 0.8414334654808044, "length": 4.0, "mode": "test", "epoch": 10}
{"loss": 0.3548457622528076, "acc": 0.8489906191825867, "length": 3.988511323928833, "mode": "train", "epoch": 11}
{"loss": 0.37609925866127014, "acc": 0.8444055914878845, "length": 4.0, "mode": "test", "epoch": 11}
{"loss": 0.3429330289363861, "acc": 0.8500078320503235, "length": 3.9933032989501953, "mode": "train", "epoch": 12}
{"loss": 0.3346390426158905, "acc": 0.8573426008224487, "length": 4.0, "mode": "test", "epoch": 12}
{"loss": 0.3294471204280853, "acc": 0.8584327697753906, "length": 3.9950923919677734, "mode": "train", "epoch": 13}
{"loss": 0.32813897728919983, "acc": 0.8722028136253357, "length": 4.0, "mode": "test", "epoch": 13}
{"loss": 0.3241085112094879, "acc": 0.855889081954956, "length": 3.9959187507629395, "mode": "train", "epoch": 14}
{"loss": 0.3224007785320282, "acc": 0.8701047301292419, "length": 4.0, "mode": "test", "epoch": 14}
{"loss": 0.31717434525489807, "acc": 0.8620893359184265, "length": 3.9972386360168457, "mode": "train", "epoch": 15}
{"loss": 0.32179704308509827, "acc": 0.875, "length": 4.0, "mode": "test", "epoch": 15}
{"loss": 0.3081970810890198, "acc": 0.8644391894340515, "length": 3.997866153717041, "mode": "train", "epoch": 16}
{"loss": 0.32360196113586426, "acc": 0.8680070638656616, "length": 4.0, "mode": "test", "epoch": 16}
{"loss": 0.30154895782470703, "acc": 0.8628055453300476, "length": 3.998380422592163, "mode": "train", "epoch": 17}
{"loss": 0.3058739900588989, "acc": 0.8825175762176514, "length": 4.0, "mode": "test", "epoch": 17}
{"loss": 0.30293914675712585, "acc": 0.8660247325897217, "length": 3.9984586238861084, "mode": "train", "epoch": 18}
{"loss": 0.312123566865921, "acc": 0.8704546689987183, "length": 4.0, "mode": "test", "epoch": 18}
{"loss": 0.2953261137008667, "acc": 0.8685467839241028, "length": 3.9990234375, "mode": "train", "epoch": 19}
{"loss": 0.31448084115982056, "acc": 0.8790209293365479, "length": 4.0, "mode": "test", "epoch": 19}
{"loss": 0.2999119460582733, "acc": 0.86467045545578, "length": 3.998871088027954, "mode": "train", "epoch": 20}
{"loss": 0.30819353461265564, "acc": 0.8804194927215576, "length": 4.0, "mode": "test", "epoch": 20}
{"loss": 0.29434046149253845, "acc": 0.8693146109580994, "length": 3.9994986057281494, "mode": "train", "epoch": 21}
{"loss": 0.30002298951148987, "acc": 0.8849650621414185, "length": 4.0, "mode": "test", "epoch": 21}
{"loss": 0.289582759141922, "acc": 0.8769819736480713, "length": 3.9995031356811523, "mode": "train", "epoch": 22}
{"loss": 0.30049368739128113, "acc": 0.8882866501808167, "length": 4.0, "mode": "test", "epoch": 22}
{"loss": 0.2835193872451782, "acc": 0.8789165616035461, "length": 3.99967360496521, "mode": "train", "epoch": 23}
{"loss": 0.29519882798194885, "acc": 0.8898601531982422, "length": 4.0, "mode": "test", "epoch": 23}
{"loss": 0.27781611680984497, "acc": 0.8785087466239929, "length": 3.999753952026367, "mode": "train", "epoch": 24}
{"loss": 0.2894095480442047, "acc": 0.8872377276420593, "length": 4.0, "mode": "test", "epoch": 24}
{"loss": 0.2768534719944, "acc": 0.8833078742027283, "length": 3.9997596740722656, "mode": "train", "epoch": 25}
{"loss": 0.2749996781349182, "acc": 0.8933565616607666, "length": 4.0, "mode": "test", "epoch": 25}
{"loss": 0.2741694152355194, "acc": 0.8807922601699829, "length": 3.9998035430908203, "mode": "train", "epoch": 26}
{"loss": 0.27095144987106323, "acc": 0.8961538076400757, "length": 4.0, "mode": "test", "epoch": 26}
{"loss": 0.26845023036003113, "acc": 0.8847740292549133, "length": 3.999828577041626, "mode": "train", "epoch": 27}
{"loss": 0.27895933389663696, "acc": 0.8907343745231628, "length": 4.0, "mode": "test", "epoch": 27}
{"loss": 0.2696472406387329, "acc": 0.876867413520813, "length": 3.9995057582855225, "mode": "train", "epoch": 28}
{"loss": 0.2801746428012848, "acc": 0.897552490234375, "length": 4.0, "mode": "test", "epoch": 28}
{"loss": 0.26828911900520325, "acc": 0.8826679587364197, "length": 3.9996936321258545, "mode": "train", "epoch": 29}
{"loss": 0.27183830738067627, "acc": 0.8968530297279358, "length": 4.0, "mode": "test", "epoch": 29}
{"loss": 0.26302453875541687, "acc": 0.8877021670341492, "length": 3.999739646911621, "mode": "train", "epoch": 30}
{"loss": 0.26127591729164124, "acc": 0.9027971625328064, "length": 4.0, "mode": "test", "epoch": 30}
{"loss": 0.25847694277763367, "acc": 0.8861780762672424, "length": 3.9988577365875244, "mode": "train", "epoch": 31}
{"loss": 0.25883111357688904, "acc": 0.9005244374275208, "length": 4.0, "mode": "test", "epoch": 31}
{"loss": 0.24934707581996918, "acc": 0.8927975296974182, "length": 3.9999468326568604, "mode": "train", "epoch": 32}
{"loss": 0.25583407282829285, "acc": 0.903496503829956, "length": 4.0, "mode": "test", "epoch": 32}
{"loss": 0.2458212822675705, "acc": 0.8961899280548096, "length": 3.999870538711548, "mode": "train", "epoch": 33}
{"loss": 0.24526415765285492, "acc": 0.9150350093841553, "length": 4.0, "mode": "test", "epoch": 33}
{"loss": 0.2452412247657776, "acc": 0.8978899717330933, "length": 3.999929189682007, "mode": "train", "epoch": 34}
{"loss": 0.25407418608665466, "acc": 0.9132867455482483, "length": 4.0, "mode": "test", "epoch": 34}
{"loss": 0.23911160230636597, "acc": 0.9004661440849304, "length": 3.999925136566162, "mode": "train", "epoch": 35}
{"loss": 0.26375406980514526, "acc": 0.8989509344100952, "length": 4.0, "mode": "test", "epoch": 35}
{"loss": 0.22982187569141388, "acc": 0.907317042350769, "length": 3.999937057495117, "mode": "train", "epoch": 36}
{"loss": 0.23151792585849762, "acc": 0.9159091114997864, "length": 4.0, "mode": "test", "epoch": 36}
{"loss": 0.22355395555496216, "acc": 0.909132182598114, "length": 3.999950647354126, "mode": "train", "epoch": 37}
{"loss": 0.2372097223997116, "acc": 0.9134615659713745, "length": 4.0, "mode": "test", "epoch": 37}
{"loss": 0.22125472128391266, "acc": 0.9109893441200256, "length": 3.9996414184570312, "mode": "train", "epoch": 38}
{"loss": 0.2244092971086502, "acc": 0.9223775863647461, "length": 4.0, "mode": "test", "epoch": 38}
{"loss": 0.2154695987701416, "acc": 0.9126459956169128, "length": 3.9999897480010986, "mode": "train", "epoch": 39}
{"loss": 0.22778494656085968, "acc": 0.9276224374771118, "length": 4.0, "mode": "test", "epoch": 39}
{"loss": 0.2115960419178009, "acc": 0.9143429398536682, "length": 3.999966859817505, "mode": "train", "epoch": 40}
{"loss": 0.21931317448616028, "acc": 0.9236013889312744, "length": 4.0, "mode": "test", "epoch": 40}
{"loss": 0.207929790019989, "acc": 0.9160414338111877, "length": 3.9999606609344482, "mode": "train", "epoch": 41}
{"loss": 0.2534180283546448, "acc": 0.9089159965515137, "length": 4.0, "mode": "test", "epoch": 41}
{"loss": 0.20522792637348175, "acc": 0.9190860390663147, "length": 3.9999794960021973, "mode": "train", "epoch": 42}
{"loss": 0.21289218962192535, "acc": 0.9290210008621216, "length": 4.0, "mode": "test", "epoch": 42}
{"loss": 0.20347420871257782, "acc": 0.9192019104957581, "length": 3.999959945678711, "mode": "train", "epoch": 43}
{"loss": 0.22725754976272583, "acc": 0.9225523471832275, "length": 4.0, "mode": "test", "epoch": 43}
{"loss": 0.20471735298633575, "acc": 0.9192194938659668, "length": 3.998152256011963, "mode": "train", "epoch": 44}
{"loss": 0.2226848304271698, "acc": 0.9246503114700317, "length": 4.0, "mode": "test", "epoch": 44}
{"loss": 0.2039116621017456, "acc": 0.9200811982154846, "length": 3.999980926513672, "mode": "train", "epoch": 45}
{"loss": 0.24985381960868835, "acc": 0.9157343506813049, "length": 4.0, "mode": "test", "epoch": 45}
{"loss": 0.19907748699188232, "acc": 0.9235362410545349, "length": 3.9999988079071045, "mode": "train", "epoch": 46}
{"loss": 0.2293049842119217, "acc": 0.9246503710746765, "length": 4.0, "mode": "test", "epoch": 46}
{"loss": 0.18606474995613098, "acc": 0.9250000715255737, "length": 3.9999985694885254, "mode": "train", "epoch": 47}
{"loss": 0.2168789654970169, "acc": 0.9297203421592712, "length": 4.0, "mode": "test", "epoch": 47}
{"loss": 0.195470929145813, "acc": 0.9236526489257812, "length": 3.999981641769409, "mode": "train", "epoch": 48}
{"loss": 0.22633586823940277, "acc": 0.9277970194816589, "length": 4.0, "mode": "test", "epoch": 48}
{"loss": 0.1923147737979889, "acc": 0.927107036113739, "length": 3.9999799728393555, "mode": "train", "epoch": 49}
{"loss": 0.22769038379192352, "acc": 0.9311190247535706, "length": 4.0, "mode": "test", "epoch": 49}
{"loss": 0.18432360887527466, "acc": 0.9290977120399475, "length": 3.9999890327453613, "mode": "train", "epoch": 50}
{"loss": 0.22025847434997559, "acc": 0.926223874092102, "length": 4.0, "mode": "test", "epoch": 50}
{"loss": 0.18014855682849884, "acc": 0.9300666451454163, "length": 3.99942946434021, "mode": "train", "epoch": 51}
{"loss": 0.21738027036190033, "acc": 0.9286713600158691, "length": 4.0, "mode": "test", "epoch": 51}
{"loss": 0.185368612408638, "acc": 0.930443525314331, "length": 3.999952554702759, "mode": "train", "epoch": 52}
{"loss": 0.20212355256080627, "acc": 0.9283217787742615, "length": 4.0, "mode": "test", "epoch": 52}
{"loss": 0.1781705766916275, "acc": 0.9322599172592163, "length": 3.9999985694885254, "mode": "train", "epoch": 53}
{"loss": 0.2171395719051361, "acc": 0.9216782450675964, "length": 4.0, "mode": "test", "epoch": 53}
{"loss": 0.17470808327198029, "acc": 0.9328364729881287, "length": 3.999311685562134, "mode": "train", "epoch": 54}
{"loss": 0.20825661718845367, "acc": 0.9218533635139465, "length": 4.0, "mode": "test", "epoch": 54}
{"loss": 0.17703655362129211, "acc": 0.9329035878181458, "length": 3.99998140335083, "mode": "train", "epoch": 55}
{"loss": 0.22090040147304535, "acc": 0.9267482161521912, "length": 4.0, "mode": "test", "epoch": 55}
{"loss": 0.1754092127084732, "acc": 0.9304943084716797, "length": 3.999751329421997, "mode": "train", "epoch": 56}
{"loss": 0.20454251766204834, "acc": 0.9258742928504944, "length": 4.0, "mode": "test", "epoch": 56}
{"loss": 0.16657006740570068, "acc": 0.9358896613121033, "length": 3.999995470046997, "mode": "train", "epoch": 57}
{"loss": 0.20848412811756134, "acc": 0.9197552800178528, "length": 4.0, "mode": "test", "epoch": 57}
{"loss": 0.1623300462961197, "acc": 0.937587559223175, "length": 3.999997138977051, "mode": "train", "epoch": 58}
{"loss": 0.20061692595481873, "acc": 0.9321677684783936, "length": 4.0, "mode": "test", "epoch": 58}
{"loss": 0.1686514914035797, "acc": 0.9346601963043213, "length": 3.999995231628418, "mode": "train", "epoch": 59}
{"loss": 0.21109360456466675, "acc": 0.9223775863647461, "length": 4.0, "mode": "test", "epoch": 59}
{"loss": 0.16779695451259613, "acc": 0.9327852129936218, "length": 3.999972343444824, "mode": "train", "epoch": 60}
{"loss": 0.20707008242607117, "acc": 0.9290210008621216, "length": 4.0, "mode": "test", "epoch": 60}
test accuracy: 0.7674999237060547
