# ["--attributes=5", "--values=4", "--game_size=10", "--vocab_size_factor=3", "--n_epochs=60", "--batch_size=32", "--learning_rate=0.0005", "--hidden_size=128", "--temp_update=0.99", "--temperature=1"]
Creating train_ds and val_ds...

Creating test_ds...
{"loss": 0.6894655823707581, "acc": 0.5352139472961426, "length": 3.5209012031555176, "mode": "train", "epoch": 1}
{"loss": 0.6670057773590088, "acc": 0.599522590637207, "length": 2.9166667461395264, "mode": "test", "epoch": 1}
{"loss": 0.674777626991272, "acc": 0.5678208470344543, "length": 3.5155417919158936, "mode": "train", "epoch": 2}
{"loss": 0.6337850689888, "acc": 0.7035156488418579, "length": 3.9479167461395264, "mode": "test", "epoch": 2}
{"loss": 0.5879203677177429, "acc": 0.7101158499717712, "length": 3.8052656650543213, "mode": "train", "epoch": 3}
{"loss": 0.5200837850570679, "acc": 0.787326455116272, "length": 4.0, "mode": "test", "epoch": 3}
{"loss": 0.4754749536514282, "acc": 0.7902960777282715, "length": 3.9495017528533936, "mode": "train", "epoch": 4}
{"loss": 0.4533831775188446, "acc": 0.8019096255302429, "length": 4.0, "mode": "test", "epoch": 4}
{"loss": 0.42112699151039124, "acc": 0.8056501746177673, "length": 3.9731712341308594, "mode": "train", "epoch": 5}
{"loss": 0.42231860756874084, "acc": 0.8112847805023193, "length": 4.0, "mode": "test", "epoch": 5}
{"loss": 0.3900456726551056, "acc": 0.8278706073760986, "length": 3.97916579246521, "mode": "train", "epoch": 6}
{"loss": 0.40844082832336426, "acc": 0.8276041150093079, "length": 4.0, "mode": "test", "epoch": 6}
{"loss": 0.3696940541267395, "acc": 0.8390898108482361, "length": 3.975956916809082, "mode": "train", "epoch": 7}
{"loss": 0.4021402895450592, "acc": 0.8335070013999939, "length": 4.0, "mode": "test", "epoch": 7}
{"loss": 0.3539731800556183, "acc": 0.8518229126930237, "length": 3.983142852783203, "mode": "train", "epoch": 8}
{"loss": 0.38779452443122864, "acc": 0.8331596851348877, "length": 4.0, "mode": "test", "epoch": 8}
{"loss": 0.34165701270103455, "acc": 0.8516365885734558, "length": 3.9846582412719727, "mode": "train", "epoch": 9}
{"loss": 0.34950563311576843, "acc": 0.8498263955116272, "length": 4.0, "mode": "test", "epoch": 9}
{"loss": 0.32129132747650146, "acc": 0.8681692481040955, "length": 3.9806621074676514, "mode": "train", "epoch": 10}
{"loss": 0.3388548195362091, "acc": 0.8711805939674377, "length": 4.0, "mode": "test", "epoch": 10}
{"loss": 0.2982162535190582, "acc": 0.8775646686553955, "length": 3.9916720390319824, "mode": "train", "epoch": 11}
{"loss": 0.317360520362854, "acc": 0.8798611164093018, "length": 4.0, "mode": "test", "epoch": 11}
{"loss": 0.2864183783531189, "acc": 0.8800482153892517, "length": 3.99430775642395, "mode": "train", "epoch": 12}
{"loss": 0.31332409381866455, "acc": 0.8769097924232483, "length": 4.0, "mode": "test", "epoch": 12}
{"loss": 0.276307076215744, "acc": 0.8897536396980286, "length": 3.9897501468658447, "mode": "train", "epoch": 13}
{"loss": 0.301159530878067, "acc": 0.8777778148651123, "length": 4.0, "mode": "test", "epoch": 13}
{"loss": 0.2688581645488739, "acc": 0.8923670649528503, "length": 3.993134021759033, "mode": "train", "epoch": 14}
{"loss": 0.2893771231174469, "acc": 0.8798611164093018, "length": 4.0, "mode": "test", "epoch": 14}
{"loss": 0.25741761922836304, "acc": 0.8966242074966431, "length": 3.995892286300659, "mode": "train", "epoch": 15}
{"loss": 0.28226080536842346, "acc": 0.8864583969116211, "length": 4.0, "mode": "test", "epoch": 15}
{"loss": 0.25080418586730957, "acc": 0.899363100528717, "length": 3.9905097484588623, "mode": "train", "epoch": 16}
{"loss": 0.2778278887271881, "acc": 0.8871527910232544, "length": 4.0, "mode": "test", "epoch": 16}
{"loss": 0.24645382165908813, "acc": 0.9014158248901367, "length": 3.998276948928833, "mode": "train", "epoch": 17}
{"loss": 0.26249241828918457, "acc": 0.8890625834465027, "length": 4.0, "mode": "test", "epoch": 17}
{"loss": 0.23012438416481018, "acc": 0.9103967547416687, "length": 3.995591878890991, "mode": "train", "epoch": 18}
{"loss": 0.24775062501430511, "acc": 0.8986111879348755, "length": 4.0, "mode": "test", "epoch": 18}
{"loss": 0.22970111668109894, "acc": 0.9091288447380066, "length": 3.993844747543335, "mode": "train", "epoch": 19}
{"loss": 0.23123367130756378, "acc": 0.9060763120651245, "length": 4.0, "mode": "test", "epoch": 19}
{"loss": 0.22424085438251495, "acc": 0.9131404757499695, "length": 3.9954402446746826, "mode": "train", "epoch": 20}
{"loss": 0.22495219111442566, "acc": 0.9121527075767517, "length": 4.0, "mode": "test", "epoch": 20}
{"loss": 0.21183893084526062, "acc": 0.9171133637428284, "length": 3.996663808822632, "mode": "train", "epoch": 21}
{"loss": 0.22225290536880493, "acc": 0.9090278148651123, "length": 4.0, "mode": "test", "epoch": 21}
{"loss": 0.20553135871887207, "acc": 0.9201616048812866, "length": 3.998375415802002, "mode": "train", "epoch": 22}
{"loss": 0.20336231589317322, "acc": 0.9164929986000061, "length": 4.0, "mode": "test", "epoch": 22}
{"loss": 0.198001891374588, "acc": 0.9229483008384705, "length": 3.99861478805542, "mode": "train", "epoch": 23}
{"loss": 0.2156844139099121, "acc": 0.9161458611488342, "length": 4.0, "mode": "test", "epoch": 23}
{"loss": 0.1936548352241516, "acc": 0.9229515194892883, "length": 3.996513605117798, "mode": "train", "epoch": 24}
{"loss": 0.19251342117786407, "acc": 0.9204861521720886, "length": 4.0, "mode": "test", "epoch": 24}
{"loss": 0.18852472305297852, "acc": 0.926082193851471, "length": 3.9992945194244385, "mode": "train", "epoch": 25}
{"loss": 0.19590787589550018, "acc": 0.9298611879348755, "length": 4.0, "mode": "test", "epoch": 25}
{"loss": 0.17871186137199402, "acc": 0.9327861070632935, "length": 3.9983952045440674, "mode": "train", "epoch": 26}
{"loss": 0.18189597129821777, "acc": 0.9291666746139526, "length": 4.0, "mode": "test", "epoch": 26}
{"loss": 0.17362262308597565, "acc": 0.9321581721305847, "length": 3.9981789588928223, "mode": "train", "epoch": 27}
{"loss": 0.17608541250228882, "acc": 0.9291666746139526, "length": 4.0, "mode": "test", "epoch": 27}
{"loss": 0.16752268373966217, "acc": 0.9355424046516418, "length": 3.999600648880005, "mode": "train", "epoch": 28}
{"loss": 0.16373459994792938, "acc": 0.9387155175209045, "length": 4.0, "mode": "test", "epoch": 28}
{"loss": 0.15849557518959045, "acc": 0.939719557762146, "length": 3.9994544982910156, "mode": "train", "epoch": 29}
{"loss": 0.15790317952632904, "acc": 0.9354166388511658, "length": 4.0, "mode": "test", "epoch": 29}
{"loss": 0.15724581480026245, "acc": 0.9415102005004883, "length": 3.999150514602661, "mode": "train", "epoch": 30}
{"loss": 0.16814561188220978, "acc": 0.9371528625488281, "length": 4.0, "mode": "test", "epoch": 30}
{"loss": 0.1525854915380478, "acc": 0.9420589208602905, "length": 3.998328924179077, "mode": "train", "epoch": 31}
{"loss": 0.15710270404815674, "acc": 0.9366319179534912, "length": 4.0, "mode": "test", "epoch": 31}
{"loss": 0.14944927394390106, "acc": 0.9431969523429871, "length": 3.9995012283325195, "mode": "train", "epoch": 32}
{"loss": 0.15191097557544708, "acc": 0.9388888478279114, "length": 4.0, "mode": "test", "epoch": 32}
{"loss": 0.1498534381389618, "acc": 0.9434278607368469, "length": 3.9995102882385254, "mode": "train", "epoch": 33}
{"loss": 0.16000789403915405, "acc": 0.9383680820465088, "length": 4.0, "mode": "test", "epoch": 33}
{"loss": 0.1485474854707718, "acc": 0.9433692693710327, "length": 3.999376058578491, "mode": "train", "epoch": 34}
{"loss": 0.171443909406662, "acc": 0.9387152791023254, "length": 4.0, "mode": "test", "epoch": 34}
{"loss": 0.14728493988513947, "acc": 0.942965567111969, "length": 3.999622344970703, "mode": "train", "epoch": 35}
{"loss": 0.1501135528087616, "acc": 0.9402778148651123, "length": 4.0, "mode": "test", "epoch": 35}
{"loss": 0.14754003286361694, "acc": 0.9426660537719727, "length": 3.999473810195923, "mode": "train", "epoch": 36}
{"loss": 0.1533564329147339, "acc": 0.9425346851348877, "length": 4.0, "mode": "test", "epoch": 36}
{"loss": 0.14284980297088623, "acc": 0.947441041469574, "length": 3.9998233318328857, "mode": "train", "epoch": 37}
{"loss": 0.168647900223732, "acc": 0.9373263120651245, "length": 4.0, "mode": "test", "epoch": 37}
{"loss": 0.14068375527858734, "acc": 0.9477918148040771, "length": 3.999861478805542, "mode": "train", "epoch": 38}
{"loss": 0.15607915818691254, "acc": 0.9404513835906982, "length": 4.0, "mode": "test", "epoch": 38}
{"loss": 0.13628484308719635, "acc": 0.9490099549293518, "length": 3.9998326301574707, "mode": "train", "epoch": 39}
{"loss": 0.16729354858398438, "acc": 0.9421875476837158, "length": 4.0, "mode": "test", "epoch": 39}
{"loss": 0.13117729127407074, "acc": 0.9507260918617249, "length": 3.99933123588562, "mode": "train", "epoch": 40}
{"loss": 0.16162779927253723, "acc": 0.9416666030883789, "length": 4.0, "mode": "test", "epoch": 40}
{"loss": 0.12670576572418213, "acc": 0.9548083543777466, "length": 3.999818801879883, "mode": "train", "epoch": 41}
{"loss": 0.14974583685398102, "acc": 0.9430555701255798, "length": 4.0, "mode": "test", "epoch": 41}
{"loss": 0.128603994846344, "acc": 0.9523149132728577, "length": 3.9998230934143066, "mode": "train", "epoch": 42}
{"loss": 0.14623385667800903, "acc": 0.9460068941116333, "length": 4.0, "mode": "test", "epoch": 42}
{"loss": 0.12400463223457336, "acc": 0.9526543617248535, "length": 3.9994912147521973, "mode": "train", "epoch": 43}
{"loss": 0.16461819410324097, "acc": 0.941319465637207, "length": 4.0, "mode": "test", "epoch": 43}
{"loss": 0.12807221710681915, "acc": 0.9501734375953674, "length": 3.99998140335083, "mode": "train", "epoch": 44}
{"loss": 0.17077219486236572, "acc": 0.9463542103767395, "length": 4.0, "mode": "test", "epoch": 44}
{"loss": 0.1265144646167755, "acc": 0.9498775601387024, "length": 3.999765396118164, "mode": "train", "epoch": 45}
{"loss": 0.15124665200710297, "acc": 0.9451388120651245, "length": 4.0, "mode": "test", "epoch": 45}
{"loss": 0.12270699441432953, "acc": 0.9527243971824646, "length": 3.9975783824920654, "mode": "train", "epoch": 46}
{"loss": 0.16190341114997864, "acc": 0.9453125, "length": 4.0, "mode": "test", "epoch": 46}
{"loss": 0.12882034480571747, "acc": 0.9523770213127136, "length": 3.9999701976776123, "mode": "train", "epoch": 47}
{"loss": 0.152101069688797, "acc": 0.9437500834465027, "length": 4.0, "mode": "test", "epoch": 47}
{"loss": 0.12313146144151688, "acc": 0.9514476656913757, "length": 3.999929189682007, "mode": "train", "epoch": 48}
{"loss": 0.17940229177474976, "acc": 0.9413193464279175, "length": 4.0, "mode": "test", "epoch": 48}
{"loss": 0.12726201117038727, "acc": 0.9524927139282227, "length": 3.999971866607666, "mode": "train", "epoch": 49}
{"loss": 0.15490593016147614, "acc": 0.9520832896232605, "length": 4.0, "mode": "test", "epoch": 49}
{"loss": 0.11918064206838608, "acc": 0.9568428993225098, "length": 3.9999637603759766, "mode": "train", "epoch": 50}
{"loss": 0.17656368017196655, "acc": 0.9418402910232544, "length": 4.0, "mode": "test", "epoch": 50}
{"loss": 0.11491136252880096, "acc": 0.9585240483283997, "length": 3.9999401569366455, "mode": "train", "epoch": 51}
{"loss": 0.176115944981575, "acc": 0.941493034362793, "length": 4.0, "mode": "test", "epoch": 51}
{"loss": 0.1113775372505188, "acc": 0.958119809627533, "length": 3.9999845027923584, "mode": "train", "epoch": 52}
{"loss": 0.1497477889060974, "acc": 0.9500000476837158, "length": 4.0, "mode": "test", "epoch": 52}
{"loss": 0.11308465152978897, "acc": 0.9564804434776306, "length": 3.999558687210083, "mode": "train", "epoch": 53}
{"loss": 0.1623152643442154, "acc": 0.9526041746139526, "length": 4.0, "mode": "test", "epoch": 53}
{"loss": 0.1140717938542366, "acc": 0.9570757150650024, "length": 3.999979257583618, "mode": "train", "epoch": 54}
{"loss": 0.1956249475479126, "acc": 0.9409722089767456, "length": 4.0, "mode": "test", "epoch": 54}
{"loss": 0.12135859578847885, "acc": 0.9549848437309265, "length": 3.999919891357422, "mode": "train", "epoch": 55}
{"loss": 0.16236720979213715, "acc": 0.9458330869674683, "length": 4.0, "mode": "test", "epoch": 55}
{"loss": 0.11487016826868057, "acc": 0.955683708190918, "length": 3.9999773502349854, "mode": "train", "epoch": 56}
{"loss": 0.1771906316280365, "acc": 0.9434027075767517, "length": 4.0, "mode": "test", "epoch": 56}
{"loss": 0.1150694489479065, "acc": 0.9562638998031616, "length": 3.999981641769409, "mode": "train", "epoch": 57}
{"loss": 0.1590939313173294, "acc": 0.9482638835906982, "length": 4.0, "mode": "test", "epoch": 57}
{"loss": 0.11243723332881927, "acc": 0.9554970264434814, "length": 3.999720573425293, "mode": "train", "epoch": 58}
{"loss": 0.15256786346435547, "acc": 0.9534721374511719, "length": 4.0, "mode": "test", "epoch": 58}
{"loss": 0.10702389478683472, "acc": 0.9607874155044556, "length": 3.999955177307129, "mode": "train", "epoch": 59}
{"loss": 0.17567138373851776, "acc": 0.9432292580604553, "length": 4.0, "mode": "test", "epoch": 59}
{"loss": 0.11430420726537704, "acc": 0.9557422399520874, "length": 3.9999940395355225, "mode": "train", "epoch": 60}
{"loss": 0.16030177474021912, "acc": 0.9520832896232605, "length": 4.0, "mode": "test", "epoch": 60}
test accuracy: 0.7884483337402344
