# ["--attributes=5", "--values=4", "--game_size=10", "--vocab_size_factor=3", "--n_epochs=60", "--batch_size=32", "--learning_rate=0.0005", "--hidden_size=128", "--temp_update=0.99", "--temperature=1.5"]
Creating train_ds and val_ds...

Creating test_ds...
{"loss": 0.6926539540290833, "acc": 0.5295695066452026, "length": 3.454713821411133, "mode": "train", "epoch": 1}
{"loss": 0.6852263808250427, "acc": 0.5432290434837341, "length": 1.0, "mode": "test", "epoch": 1}
{"loss": 0.678622841835022, "acc": 0.5750008225440979, "length": 2.87239670753479, "mode": "train", "epoch": 2}
{"loss": 0.6566217541694641, "acc": 0.634119987487793, "length": 2.180555582046509, "mode": "test", "epoch": 2}
{"loss": 0.6274905204772949, "acc": 0.6858859062194824, "length": 2.9069972038269043, "mode": "train", "epoch": 3}
{"loss": 0.5647981762886047, "acc": 0.7729111909866333, "length": 2.9201388359069824, "mode": "test", "epoch": 3}
{"loss": 0.5114708542823792, "acc": 0.794896125793457, "length": 3.1526989936828613, "mode": "train", "epoch": 4}
{"loss": 0.4787907004356384, "acc": 0.7992079257965088, "length": 3.055555582046509, "mode": "test", "epoch": 4}
{"loss": 0.4315570890903473, "acc": 0.8217084407806396, "length": 3.291574239730835, "mode": "train", "epoch": 5}
{"loss": 0.46733781695365906, "acc": 0.8074705600738525, "length": 3.284722328186035, "mode": "test", "epoch": 5}
{"loss": 0.39470258355140686, "acc": 0.840939998626709, "length": 3.3855040073394775, "mode": "train", "epoch": 6}
{"loss": 0.4377899467945099, "acc": 0.8140842914581299, "length": 3.305555582046509, "mode": "test", "epoch": 6}
{"loss": 0.3760533928871155, "acc": 0.8442400097846985, "length": 3.4464261531829834, "mode": "train", "epoch": 7}
{"loss": 0.43039464950561523, "acc": 0.8187283277511597, "length": 3.274305582046509, "mode": "test", "epoch": 7}
{"loss": 0.3609982132911682, "acc": 0.8514271974563599, "length": 3.4980342388153076, "mode": "train", "epoch": 8}
{"loss": 0.42453160881996155, "acc": 0.8220865726470947, "length": 3.4479167461395264, "mode": "test", "epoch": 8}
{"loss": 0.3515014350414276, "acc": 0.8536503911018372, "length": 3.611337661743164, "mode": "train", "epoch": 9}
{"loss": 0.4123169481754303, "acc": 0.8237630128860474, "length": 3.784722328186035, "mode": "test", "epoch": 9}
{"loss": 0.33996880054473877, "acc": 0.8595886826515198, "length": 3.817744255065918, "mode": "train", "epoch": 10}
{"loss": 0.40102243423461914, "acc": 0.8465278744697571, "length": 4.0, "mode": "test", "epoch": 10}
{"loss": 0.32848334312438965, "acc": 0.8668771982192993, "length": 3.917975902557373, "mode": "train", "epoch": 11}
{"loss": 0.38767939805984497, "acc": 0.8550347685813904, "length": 4.0, "mode": "test", "epoch": 11}
{"loss": 0.3170095980167389, "acc": 0.8718008399009705, "length": 3.956522226333618, "mode": "train", "epoch": 12}
{"loss": 0.36725059151649475, "acc": 0.8543403148651123, "length": 4.0, "mode": "test", "epoch": 12}
{"loss": 0.305438756942749, "acc": 0.8728018403053284, "length": 3.977748394012451, "mode": "train", "epoch": 13}
{"loss": 0.3705548346042633, "acc": 0.8463542461395264, "length": 4.0, "mode": "test", "epoch": 13}
{"loss": 0.307390034198761, "acc": 0.8723098039627075, "length": 3.9772133827209473, "mode": "train", "epoch": 14}
{"loss": 0.3578535318374634, "acc": 0.8366318941116333, "length": 4.0, "mode": "test", "epoch": 14}
{"loss": 0.2915206551551819, "acc": 0.8771407008171082, "length": 3.9836058616638184, "mode": "train", "epoch": 15}
{"loss": 0.33830589056015015, "acc": 0.8567708134651184, "length": 4.0, "mode": "test", "epoch": 15}
{"loss": 0.2808990180492401, "acc": 0.8813613653182983, "length": 3.9855916500091553, "mode": "train", "epoch": 16}
{"loss": 0.34448444843292236, "acc": 0.8635416030883789, "length": 4.0, "mode": "test", "epoch": 16}
{"loss": 0.2773202061653137, "acc": 0.884538471698761, "length": 3.987993001937866, "mode": "train", "epoch": 17}
{"loss": 0.327307790517807, "acc": 0.8682292103767395, "length": 4.0, "mode": "test", "epoch": 17}
{"loss": 0.27140939235687256, "acc": 0.8886644840240479, "length": 3.990006685256958, "mode": "train", "epoch": 18}
{"loss": 0.33021730184555054, "acc": 0.8682292103767395, "length": 4.0, "mode": "test", "epoch": 18}
{"loss": 0.26693660020828247, "acc": 0.88825523853302, "length": 3.9914159774780273, "mode": "train", "epoch": 19}
{"loss": 0.3209628760814667, "acc": 0.8663194179534912, "length": 4.0, "mode": "test", "epoch": 19}
{"loss": 0.2661401629447937, "acc": 0.8889164328575134, "length": 3.991161584854126, "mode": "train", "epoch": 20}
{"loss": 0.311671644449234, "acc": 0.8671875596046448, "length": 4.0, "mode": "test", "epoch": 20}
{"loss": 0.25632670521736145, "acc": 0.8921075463294983, "length": 3.9926111698150635, "mode": "train", "epoch": 21}
{"loss": 0.32030168175697327, "acc": 0.8730902075767517, "length": 4.0, "mode": "test", "epoch": 21}
{"loss": 0.2532445192337036, "acc": 0.8912356495857239, "length": 3.9926881790161133, "mode": "train", "epoch": 22}
{"loss": 0.31913939118385315, "acc": 0.8729166984558105, "length": 4.0, "mode": "test", "epoch": 22}
{"loss": 0.2550324499607086, "acc": 0.8916912078857422, "length": 3.9942760467529297, "mode": "train", "epoch": 23}
{"loss": 0.3116791546344757, "acc": 0.8746528029441833, "length": 4.0, "mode": "test", "epoch": 23}
{"loss": 0.24903593957424164, "acc": 0.89613276720047, "length": 3.995826482772827, "mode": "train", "epoch": 24}
{"loss": 0.3266139626502991, "acc": 0.866319477558136, "length": 4.0, "mode": "test", "epoch": 24}
{"loss": 0.24591496586799622, "acc": 0.8967356085777283, "length": 3.996105909347534, "mode": "train", "epoch": 25}
{"loss": 0.31528761982917786, "acc": 0.8763889074325562, "length": 4.0, "mode": "test", "epoch": 25}
{"loss": 0.2452755719423294, "acc": 0.8972298502922058, "length": 3.9956541061401367, "mode": "train", "epoch": 26}
{"loss": 0.3075234591960907, "acc": 0.8689236640930176, "length": 4.0, "mode": "test", "epoch": 26}
{"loss": 0.24326613545417786, "acc": 0.8983088731765747, "length": 3.9953858852386475, "mode": "train", "epoch": 27}
{"loss": 0.2902064025402069, "acc": 0.8835068941116333, "length": 4.0, "mode": "test", "epoch": 27}
{"loss": 0.23823586106300354, "acc": 0.8989938497543335, "length": 3.996551513671875, "mode": "train", "epoch": 28}
{"loss": 0.30072227120399475, "acc": 0.8833333849906921, "length": 4.0, "mode": "test", "epoch": 28}
{"loss": 0.23688454926013947, "acc": 0.8986921310424805, "length": 3.996457099914551, "mode": "train", "epoch": 29}
{"loss": 0.2902437746524811, "acc": 0.8774304986000061, "length": 4.0, "mode": "test", "epoch": 29}
{"loss": 0.2333189845085144, "acc": 0.9042677283287048, "length": 3.9972615242004395, "mode": "train", "epoch": 30}
{"loss": 0.3051789402961731, "acc": 0.8789930939674377, "length": 4.0, "mode": "test", "epoch": 30}
{"loss": 0.2343856543302536, "acc": 0.9017115831375122, "length": 3.9965381622314453, "mode": "train", "epoch": 31}
{"loss": 0.274911493062973, "acc": 0.8871527910232544, "length": 4.0, "mode": "test", "epoch": 31}
{"loss": 0.22651061415672302, "acc": 0.9055266976356506, "length": 3.997714042663574, "mode": "train", "epoch": 32}
{"loss": 0.27903252840042114, "acc": 0.8836805820465088, "length": 4.0, "mode": "test", "epoch": 32}
{"loss": 0.2270417958498001, "acc": 0.904507040977478, "length": 3.9970626831054688, "mode": "train", "epoch": 33}
{"loss": 0.2742191553115845, "acc": 0.8894097208976746, "length": 4.0, "mode": "test", "epoch": 33}
{"loss": 0.22287090122699738, "acc": 0.9074220657348633, "length": 3.998090982437134, "mode": "train", "epoch": 34}
{"loss": 0.27383953332901, "acc": 0.8888888955116272, "length": 4.0, "mode": "test", "epoch": 34}
{"loss": 0.22456204891204834, "acc": 0.9058972597122192, "length": 3.9976534843444824, "mode": "train", "epoch": 35}
{"loss": 0.29022765159606934, "acc": 0.8869791030883789, "length": 4.0, "mode": "test", "epoch": 35}
{"loss": 0.22050750255584717, "acc": 0.9101532101631165, "length": 3.99615740776062, "mode": "train", "epoch": 36}
{"loss": 0.2735298275947571, "acc": 0.8958332538604736, "length": 4.0, "mode": "test", "epoch": 36}
{"loss": 0.22072479128837585, "acc": 0.9071118831634521, "length": 3.9961369037628174, "mode": "train", "epoch": 37}
{"loss": 0.2807350158691406, "acc": 0.8923611044883728, "length": 4.0, "mode": "test", "epoch": 37}
{"loss": 0.21597100794315338, "acc": 0.9149297475814819, "length": 3.997596502304077, "mode": "train", "epoch": 38}
{"loss": 0.2896493673324585, "acc": 0.8876736164093018, "length": 4.0, "mode": "test", "epoch": 38}
{"loss": 0.21646778285503387, "acc": 0.9098820090293884, "length": 3.999069929122925, "mode": "train", "epoch": 39}
{"loss": 0.2887321710586548, "acc": 0.8885416388511658, "length": 4.0, "mode": "test", "epoch": 39}
{"loss": 0.20959877967834473, "acc": 0.9113439321517944, "length": 3.999211549758911, "mode": "train", "epoch": 40}
{"loss": 0.2813561260700226, "acc": 0.8923611044883728, "length": 4.0, "mode": "test", "epoch": 40}
{"loss": 0.2094474583864212, "acc": 0.9158017635345459, "length": 3.998884677886963, "mode": "train", "epoch": 41}
{"loss": 0.288227915763855, "acc": 0.8937500715255737, "length": 4.0, "mode": "test", "epoch": 41}
{"loss": 0.2097117006778717, "acc": 0.9134834408760071, "length": 3.9989876747131348, "mode": "train", "epoch": 42}
{"loss": 0.27863141894340515, "acc": 0.8930554986000061, "length": 4.0, "mode": "test", "epoch": 42}
{"loss": 0.2159421741962433, "acc": 0.9116464853286743, "length": 3.9995431900024414, "mode": "train", "epoch": 43}
{"loss": 0.2706572115421295, "acc": 0.8904513120651245, "length": 4.0, "mode": "test", "epoch": 43}
{"loss": 0.2117127627134323, "acc": 0.9141882061958313, "length": 3.9985084533691406, "mode": "train", "epoch": 44}
{"loss": 0.2794477939605713, "acc": 0.8980903625488281, "length": 4.0, "mode": "test", "epoch": 44}
{"loss": 0.20181694626808167, "acc": 0.9192953109741211, "length": 3.999447822570801, "mode": "train", "epoch": 45}
{"loss": 0.2811797857284546, "acc": 0.8897569179534912, "length": 4.0, "mode": "test", "epoch": 45}
{"loss": 0.20405176281929016, "acc": 0.9188427329063416, "length": 3.998202085494995, "mode": "train", "epoch": 46}
{"loss": 0.26230064034461975, "acc": 0.8954861164093018, "length": 4.0, "mode": "test", "epoch": 46}
{"loss": 0.20034751296043396, "acc": 0.9204030632972717, "length": 3.9996469020843506, "mode": "train", "epoch": 47}
{"loss": 0.2828907370567322, "acc": 0.8921874165534973, "length": 4.0, "mode": "test", "epoch": 47}
{"loss": 0.1948196291923523, "acc": 0.9229288697242737, "length": 3.9990081787109375, "mode": "train", "epoch": 48}
{"loss": 0.27681657671928406, "acc": 0.8920138478279114, "length": 4.0, "mode": "test", "epoch": 48}
{"loss": 0.1952427625656128, "acc": 0.9220905303955078, "length": 3.9997718334198, "mode": "train", "epoch": 49}
{"loss": 0.25628694891929626, "acc": 0.9062501192092896, "length": 4.0, "mode": "test", "epoch": 49}
{"loss": 0.19325149059295654, "acc": 0.9226664304733276, "length": 3.99963116645813, "mode": "train", "epoch": 50}
{"loss": 0.2717989683151245, "acc": 0.8965277075767517, "length": 4.0, "mode": "test", "epoch": 50}
{"loss": 0.19183683395385742, "acc": 0.9233540296554565, "length": 3.9994242191314697, "mode": "train", "epoch": 51}
{"loss": 0.26241379976272583, "acc": 0.9026041030883789, "length": 4.0, "mode": "test", "epoch": 51}
{"loss": 0.18727225065231323, "acc": 0.9263739585876465, "length": 3.9995715618133545, "mode": "train", "epoch": 52}
{"loss": 0.24680598080158234, "acc": 0.9003472924232483, "length": 4.0, "mode": "test", "epoch": 52}
{"loss": 0.17633521556854248, "acc": 0.9331073760986328, "length": 3.9996442794799805, "mode": "train", "epoch": 53}
{"loss": 0.23719020187854767, "acc": 0.903645932674408, "length": 4.0, "mode": "test", "epoch": 53}
{"loss": 0.17103031277656555, "acc": 0.9318361282348633, "length": 3.999727487564087, "mode": "train", "epoch": 54}
{"loss": 0.24520808458328247, "acc": 0.9119792580604553, "length": 4.0, "mode": "test", "epoch": 54}
{"loss": 0.17207448184490204, "acc": 0.9309612512588501, "length": 3.9996402263641357, "mode": "train", "epoch": 55}
{"loss": 0.24276262521743774, "acc": 0.9105902910232544, "length": 4.0, "mode": "test", "epoch": 55}
{"loss": 0.167794331908226, "acc": 0.9341504573822021, "length": 3.999467134475708, "mode": "train", "epoch": 56}
{"loss": 0.24007315933704376, "acc": 0.9140625, "length": 4.0, "mode": "test", "epoch": 56}
{"loss": 0.1650201827287674, "acc": 0.9350273013114929, "length": 3.9998114109039307, "mode": "train", "epoch": 57}
{"loss": 0.23499512672424316, "acc": 0.9189236760139465, "length": 4.0, "mode": "test", "epoch": 57}
{"loss": 0.16488030552864075, "acc": 0.9356689453125, "length": 3.999903917312622, "mode": "train", "epoch": 58}
{"loss": 0.24744060635566711, "acc": 0.9175347089767456, "length": 4.0, "mode": "test", "epoch": 58}
{"loss": 0.15245524048805237, "acc": 0.9445369839668274, "length": 3.999755382537842, "mode": "train", "epoch": 59}
{"loss": 0.22139671444892883, "acc": 0.9272570013999939, "length": 4.0, "mode": "test", "epoch": 59}
{"loss": 0.15382638573646545, "acc": 0.9440186023712158, "length": 3.999849796295166, "mode": "train", "epoch": 60}
{"loss": 0.22528015077114105, "acc": 0.9204860329627991, "length": 4.0, "mode": "test", "epoch": 60}
test accuracy: 0.7755172252655029
