# ["--attributes=3", "--values=4", "--game_size=10", "--vocab_size_factor=3", "--n_epochs=60", "--batch_size=32", "--learning_rate=0.001", "--hidden_size=128", "--temp_update=0.99", "--temperature=1"]
Creating train_ds and val_ds...

Creating test_ds...
{"loss": 0.6961591839790344, "acc": 0.5276782512664795, "length": 2.777752637863159, "mode": "train", "epoch": 1}
{"loss": 0.6969716548919678, "acc": 0.4786643981933594, "length": 1.0071173906326294, "mode": "test", "epoch": 1}
{"loss": 0.641802191734314, "acc": 0.6434906721115112, "length": 2.874809980392456, "mode": "train", "epoch": 2}
{"loss": 0.569319486618042, "acc": 0.7104513049125671, "length": 3.6903915405273438, "mode": "test", "epoch": 2}
{"loss": 0.5430262088775635, "acc": 0.7293887138366699, "length": 3.3775720596313477, "mode": "train", "epoch": 3}
{"loss": 0.49937692284584045, "acc": 0.791330099105835, "length": 3.338078260421753, "mode": "test", "epoch": 3}
{"loss": 0.44630923867225647, "acc": 0.7974145412445068, "length": 3.3918652534484863, "mode": "train", "epoch": 4}
{"loss": 0.4283367693424225, "acc": 0.8066329956054688, "length": 3.512455463409424, "mode": "test", "epoch": 4}
{"loss": 0.36998698115348816, "acc": 0.8383630514144897, "length": 3.6005847454071045, "mode": "train", "epoch": 5}
{"loss": 0.37349003553390503, "acc": 0.85578852891922, "length": 3.743772268295288, "mode": "test", "epoch": 5}
{"loss": 0.31665822863578796, "acc": 0.8736836314201355, "length": 3.6124494075775146, "mode": "train", "epoch": 6}
{"loss": 0.3155054450035095, "acc": 0.8757006525993347, "length": 3.6975088119506836, "mode": "test", "epoch": 6}
{"loss": 0.28299733996391296, "acc": 0.8852489590644836, "length": 3.595487594604492, "mode": "train", "epoch": 7}
{"loss": 0.2826749086380005, "acc": 0.8889473080635071, "length": 3.7224199771881104, "mode": "test", "epoch": 7}
{"loss": 0.2738962471485138, "acc": 0.893028736114502, "length": 3.5753488540649414, "mode": "train", "epoch": 8}
{"loss": 0.2657325565814972, "acc": 0.8957887887954712, "length": 3.661921739578247, "mode": "test", "epoch": 8}
{"loss": 0.25249654054641724, "acc": 0.8958304524421692, "length": 3.5825977325439453, "mode": "train", "epoch": 9}
{"loss": 0.2245728224515915, "acc": 0.9177568554878235, "length": 3.829181432723999, "mode": "test", "epoch": 9}
{"loss": 0.22895598411560059, "acc": 0.9122413992881775, "length": 3.677349328994751, "mode": "train", "epoch": 10}
{"loss": 0.21204252541065216, "acc": 0.9204025268554688, "length": 3.91103196144104, "mode": "test", "epoch": 10}
{"loss": 0.21454177796840668, "acc": 0.9150294065475464, "length": 3.78694748878479, "mode": "train", "epoch": 11}
{"loss": 0.20506027340888977, "acc": 0.9194149374961853, "length": 3.740213632583618, "mode": "test", "epoch": 11}
{"loss": 0.19856587052345276, "acc": 0.9229554533958435, "length": 3.7144672870635986, "mode": "train", "epoch": 12}
{"loss": 0.18847917020320892, "acc": 0.9322963953018188, "length": 3.676156520843506, "mode": "test", "epoch": 12}
{"loss": 0.18404634296894073, "acc": 0.931745171546936, "length": 3.7590742111206055, "mode": "train", "epoch": 13}
{"loss": 0.2075384259223938, "acc": 0.9302200675010681, "length": 3.839857578277588, "mode": "test", "epoch": 13}
{"loss": 0.1896706372499466, "acc": 0.9289896488189697, "length": 3.784135341644287, "mode": "train", "epoch": 14}
{"loss": 0.1922423094511032, "acc": 0.9255338311195374, "length": 3.836298942565918, "mode": "test", "epoch": 14}
{"loss": 0.17765961587429047, "acc": 0.9297801852226257, "length": 3.8249895572662354, "mode": "train", "epoch": 15}
{"loss": 0.17213980853557587, "acc": 0.9421761631965637, "length": 3.825622797012329, "mode": "test", "epoch": 15}
{"loss": 0.16165266931056976, "acc": 0.9394034147262573, "length": 3.8456645011901855, "mode": "train", "epoch": 16}
{"loss": 0.17124561965465546, "acc": 0.938987672328949, "length": 3.9395017623901367, "mode": "test", "epoch": 16}
{"loss": 0.14884069561958313, "acc": 0.9466274976730347, "length": 3.91349720954895, "mode": "train", "epoch": 17}
{"loss": 0.1540946513414383, "acc": 0.9491102695465088, "length": 4.0, "mode": "test", "epoch": 17}
{"loss": 0.13975077867507935, "acc": 0.9496667385101318, "length": 3.9493095874786377, "mode": "train", "epoch": 18}
{"loss": 0.1330312043428421, "acc": 0.9530249834060669, "length": 4.0, "mode": "test", "epoch": 18}
{"loss": 0.14508432149887085, "acc": 0.9473892450332642, "length": 3.960970401763916, "mode": "train", "epoch": 19}
{"loss": 0.12648874521255493, "acc": 0.956583559513092, "length": 4.0, "mode": "test", "epoch": 19}
{"loss": 0.13690166175365448, "acc": 0.9494062662124634, "length": 3.9783079624176025, "mode": "train", "epoch": 20}
{"loss": 0.14901253581047058, "acc": 0.9494662284851074, "length": 4.0, "mode": "test", "epoch": 20}
{"loss": 0.12465356290340424, "acc": 0.954282283782959, "length": 3.9832983016967773, "mode": "train", "epoch": 21}
{"loss": 0.12252262979745865, "acc": 0.9542704224586487, "length": 4.0, "mode": "test", "epoch": 21}
{"loss": 0.11408980935811996, "acc": 0.960162878036499, "length": 3.990666389465332, "mode": "train", "epoch": 22}
{"loss": 0.1100400984287262, "acc": 0.9626334309577942, "length": 4.0, "mode": "test", "epoch": 22}
{"loss": 0.10816635191440582, "acc": 0.9637442231178284, "length": 3.9912655353546143, "mode": "train", "epoch": 23}
{"loss": 0.09603251516819, "acc": 0.9677936434745789, "length": 4.0, "mode": "test", "epoch": 23}
{"loss": 0.09384449571371078, "acc": 0.9673634767532349, "length": 3.989131450653076, "mode": "train", "epoch": 24}
{"loss": 0.09746090322732925, "acc": 0.9699288010597229, "length": 4.0, "mode": "test", "epoch": 24}
{"loss": 0.08979368954896927, "acc": 0.9708214998245239, "length": 3.992899179458618, "mode": "train", "epoch": 25}
{"loss": 0.09387509524822235, "acc": 0.9692170023918152, "length": 4.0, "mode": "test", "epoch": 25}
{"loss": 0.08934461325407028, "acc": 0.9699282050132751, "length": 3.9933948516845703, "mode": "train", "epoch": 26}
{"loss": 0.07868416607379913, "acc": 0.9750889539718628, "length": 4.0, "mode": "test", "epoch": 26}
{"loss": 0.08239664137363434, "acc": 0.9736272692680359, "length": 3.995058298110962, "mode": "train", "epoch": 27}
{"loss": 0.08112667500972748, "acc": 0.9763343334197998, "length": 4.0, "mode": "test", "epoch": 27}
{"loss": 0.07470646500587463, "acc": 0.9741581678390503, "length": 3.9960381984710693, "mode": "train", "epoch": 28}
{"loss": 0.08111009746789932, "acc": 0.9725979566574097, "length": 4.0, "mode": "test", "epoch": 28}
{"loss": 0.07041873037815094, "acc": 0.9756100177764893, "length": 3.998157262802124, "mode": "train", "epoch": 29}
{"loss": 0.0759504958987236, "acc": 0.972953736782074, "length": 4.0, "mode": "test", "epoch": 29}
{"loss": 0.08624912798404694, "acc": 0.9727266430854797, "length": 3.996760606765747, "mode": "train", "epoch": 30}
{"loss": 0.06776247173547745, "acc": 0.974911093711853, "length": 4.0, "mode": "test", "epoch": 30}
{"loss": 0.06675200164318085, "acc": 0.9772692322731018, "length": 3.9980945587158203, "mode": "train", "epoch": 31}
{"loss": 0.08439462631940842, "acc": 0.9781137704849243, "length": 4.0, "mode": "test", "epoch": 31}
{"loss": 0.07175599038600922, "acc": 0.9768564701080322, "length": 3.9979922771453857, "mode": "train", "epoch": 32}
{"loss": 0.062038421630859375, "acc": 0.9800710678100586, "length": 4.0, "mode": "test", "epoch": 32}
{"loss": 0.06956597417593002, "acc": 0.9745453596115112, "length": 3.9987823963165283, "mode": "train", "epoch": 33}
{"loss": 0.0639725849032402, "acc": 0.9790036082267761, "length": 4.0, "mode": "test", "epoch": 33}
{"loss": 0.05961940065026283, "acc": 0.9786838293075562, "length": 3.9966325759887695, "mode": "train", "epoch": 34}
{"loss": 0.05646096542477608, "acc": 0.9857650399208069, "length": 4.0, "mode": "test", "epoch": 34}
{"loss": 0.05355234071612358, "acc": 0.9830624461174011, "length": 3.9989070892333984, "mode": "train", "epoch": 35}
{"loss": 0.07018183916807175, "acc": 0.9814947247505188, "length": 4.0, "mode": "test", "epoch": 35}
{"loss": 0.04605744034051895, "acc": 0.9841262698173523, "length": 3.997959613800049, "mode": "train", "epoch": 36}
{"loss": 0.047238919883966446, "acc": 0.9841635227203369, "length": 4.0, "mode": "test", "epoch": 36}
{"loss": 0.047716692090034485, "acc": 0.9826375246047974, "length": 3.9982290267944336, "mode": "train", "epoch": 37}
{"loss": 0.05757533758878708, "acc": 0.9838077425956726, "length": 4.0, "mode": "test", "epoch": 37}
{"loss": 0.04154657572507858, "acc": 0.9866350293159485, "length": 3.998772382736206, "mode": "train", "epoch": 38}
{"loss": 0.05730447545647621, "acc": 0.9797153472900391, "length": 4.0, "mode": "test", "epoch": 38}
{"loss": 0.048902757465839386, "acc": 0.983246386051178, "length": 3.999465227127075, "mode": "train", "epoch": 39}
{"loss": 0.04997736215591431, "acc": 0.9845194220542908, "length": 4.0, "mode": "test", "epoch": 39}
{"loss": 0.04764525592327118, "acc": 0.9835451245307922, "length": 3.9996025562286377, "mode": "train", "epoch": 40}
{"loss": 0.0553351454436779, "acc": 0.9832738637924194, "length": 4.0, "mode": "test", "epoch": 40}
{"loss": 0.05890989303588867, "acc": 0.9790173172950745, "length": 3.9992120265960693, "mode": "train", "epoch": 41}
{"loss": 0.06122978404164314, "acc": 0.9809608459472656, "length": 4.0, "mode": "test", "epoch": 41}
{"loss": 0.04936794936656952, "acc": 0.9819415807723999, "length": 3.999870538711548, "mode": "train", "epoch": 42}
{"loss": 0.06465780735015869, "acc": 0.982206404209137, "length": 4.0, "mode": "test", "epoch": 42}
{"loss": 0.04455035179853439, "acc": 0.9835476279258728, "length": 3.99943208694458, "mode": "train", "epoch": 43}
{"loss": 0.058349039405584335, "acc": 0.9829180836677551, "length": 4.0, "mode": "test", "epoch": 43}
{"loss": 0.045911360532045364, "acc": 0.9836076498031616, "length": 3.9996776580810547, "mode": "train", "epoch": 44}
{"loss": 0.07040328532457352, "acc": 0.9775801301002502, "length": 4.0, "mode": "test", "epoch": 44}
{"loss": 0.04612794145941734, "acc": 0.982286274433136, "length": 3.999232053756714, "mode": "train", "epoch": 45}
{"loss": 0.06862740218639374, "acc": 0.9811387062072754, "length": 4.0, "mode": "test", "epoch": 45}
{"loss": 0.06147870048880577, "acc": 0.9793762564659119, "length": 3.99971079826355, "mode": "train", "epoch": 46}
{"loss": 0.05743005499243736, "acc": 0.978291928768158, "length": 4.0, "mode": "test", "epoch": 46}
{"loss": 0.06071506813168526, "acc": 0.9791929721832275, "length": 3.999603033065796, "mode": "train", "epoch": 47}
{"loss": 0.09026840329170227, "acc": 0.9704625606536865, "length": 4.0, "mode": "test", "epoch": 47}
{"loss": 0.048758912831544876, "acc": 0.9840239882469177, "length": 3.99967885017395, "mode": "train", "epoch": 48}
{"loss": 0.06569656729698181, "acc": 0.9775801301002502, "length": 4.0, "mode": "test", "epoch": 48}
{"loss": 0.043316882103681564, "acc": 0.985316276550293, "length": 3.9986379146575928, "mode": "train", "epoch": 49}
{"loss": 0.054228052496910095, "acc": 0.9855872392654419, "length": 4.0, "mode": "test", "epoch": 49}
{"loss": 0.05419847369194031, "acc": 0.9809256196022034, "length": 3.9997384548187256, "mode": "train", "epoch": 50}
{"loss": 0.05059203878045082, "acc": 0.9838077425956726, "length": 4.0, "mode": "test", "epoch": 50}
{"loss": 0.04836619272828102, "acc": 0.982056200504303, "length": 3.999695301055908, "mode": "train", "epoch": 51}
{"loss": 0.09905526787042618, "acc": 0.9731317162513733, "length": 4.0, "mode": "test", "epoch": 51}
{"loss": 0.0407336950302124, "acc": 0.9827736616134644, "length": 3.9996228218078613, "mode": "train", "epoch": 52}
{"loss": 0.03820003941655159, "acc": 0.9868326783180237, "length": 4.0, "mode": "test", "epoch": 52}
{"loss": 0.04452475905418396, "acc": 0.9809292554855347, "length": 3.9999053478240967, "mode": "train", "epoch": 53}
{"loss": 0.05557719245553017, "acc": 0.9811387062072754, "length": 4.0, "mode": "test", "epoch": 53}
{"loss": 0.04125527665019035, "acc": 0.9835337400436401, "length": 3.9988138675689697, "mode": "train", "epoch": 54}
{"loss": 0.06737741082906723, "acc": 0.9795372486114502, "length": 4.0, "mode": "test", "epoch": 54}
{"loss": 0.037745095789432526, "acc": 0.985933780670166, "length": 3.9997897148132324, "mode": "train", "epoch": 55}
{"loss": 0.03687760978937149, "acc": 0.9862989187240601, "length": 4.0, "mode": "test", "epoch": 55}
{"loss": 0.03813574090600014, "acc": 0.9846218228340149, "length": 3.999741315841675, "mode": "train", "epoch": 56}
{"loss": 0.06612904369831085, "acc": 0.9841636419296265, "length": 4.0, "mode": "test", "epoch": 56}
{"loss": 0.041316382586956024, "acc": 0.9836692214012146, "length": 3.9997918605804443, "mode": "train", "epoch": 57}
{"loss": 0.07388073951005936, "acc": 0.9718862771987915, "length": 4.0, "mode": "test", "epoch": 57}
{"loss": 0.057010482996702194, "acc": 0.9781873822212219, "length": 3.9999547004699707, "mode": "train", "epoch": 58}
{"loss": 0.057960815727710724, "acc": 0.9806050658226013, "length": 4.0, "mode": "test", "epoch": 58}
{"loss": 0.050091855227947235, "acc": 0.9821797013282776, "length": 3.9995429515838623, "mode": "train", "epoch": 59}
{"loss": 0.09955263882875443, "acc": 0.971886157989502, "length": 4.0, "mode": "test", "epoch": 59}
{"loss": 0.046976760029792786, "acc": 0.9807416200637817, "length": 3.9987142086029053, "mode": "train", "epoch": 60}
{"loss": 0.04250486195087433, "acc": 0.9855871200561523, "length": 4.0, "mode": "test", "epoch": 60}
test accuracy: 0.8765624761581421
