# ["--attributes=5", "--values=4", "--game_size=10", "--vocab_size_factor=3", "--n_epochs=60", "--batch_size=32", "--learning_rate=0.0005", "--hidden_size=256", "--temp_update=0.97", "--temperature=1.5"]
Creating train_ds and val_ds...

Creating test_ds...
{"loss": 0.7002343535423279, "acc": 0.5003325939178467, "length": 2.686328887939453, "mode": "train", "epoch": 1}
{"loss": 0.696632981300354, "acc": 0.5026041865348816, "length": 1.0, "mode": "test", "epoch": 1}
{"loss": 0.6324527263641357, "acc": 0.6536194682121277, "length": 2.203636407852173, "mode": "train", "epoch": 2}
{"loss": 0.5703210830688477, "acc": 0.7328993678092957, "length": 2.4270832538604736, "mode": "test", "epoch": 2}
{"loss": 0.5143981575965881, "acc": 0.7629434466362, "length": 2.9147861003875732, "mode": "train", "epoch": 3}
{"loss": 0.47436508536338806, "acc": 0.8018065690994263, "length": 3.4270832538604736, "mode": "test", "epoch": 3}
{"loss": 0.4192967712879181, "acc": 0.8221774101257324, "length": 3.3344180583953857, "mode": "train", "epoch": 4}
{"loss": 0.40180841088294983, "acc": 0.8353027701377869, "length": 3.5, "mode": "test", "epoch": 4}
{"loss": 0.3806031346321106, "acc": 0.8442248702049255, "length": 3.3688924312591553, "mode": "train", "epoch": 5}
{"loss": 0.3907328248023987, "acc": 0.8391493558883667, "length": 3.5, "mode": "test", "epoch": 5}
{"loss": 0.3601973056793213, "acc": 0.8502920269966125, "length": 3.437258720397949, "mode": "train", "epoch": 6}
{"loss": 0.4018626809120178, "acc": 0.8353623151779175, "length": 3.4895832538604736, "mode": "test", "epoch": 6}
{"loss": 0.35233816504478455, "acc": 0.8526064157485962, "length": 3.44054913520813, "mode": "train", "epoch": 7}
{"loss": 0.37345874309539795, "acc": 0.8425726294517517, "length": 3.6354167461395264, "mode": "test", "epoch": 7}
{"loss": 0.34194812178611755, "acc": 0.8560194373130798, "length": 3.4877283573150635, "mode": "train", "epoch": 8}
{"loss": 0.3739565312862396, "acc": 0.8474609851837158, "length": 3.5520832538604736, "mode": "test", "epoch": 8}
{"loss": 0.3258304297924042, "acc": 0.8641199469566345, "length": 3.523437738418579, "mode": "train", "epoch": 9}
{"loss": 0.35892197489738464, "acc": 0.8526910543441772, "length": 3.5416667461395264, "mode": "test", "epoch": 9}
{"loss": 0.30746135115623474, "acc": 0.8716446161270142, "length": 3.5605478286743164, "mode": "train", "epoch": 10}
{"loss": 0.3534926474094391, "acc": 0.8617350459098816, "length": 3.59375, "mode": "test", "epoch": 10}
{"loss": 0.29707977175712585, "acc": 0.8734199404716492, "length": 3.5633299350738525, "mode": "train", "epoch": 11}
{"loss": 0.37264910340309143, "acc": 0.8436253070831299, "length": 3.6145832538604736, "mode": "test", "epoch": 11}
{"loss": 0.28313297033309937, "acc": 0.8857303857803345, "length": 3.597163200378418, "mode": "train", "epoch": 12}
{"loss": 0.336078941822052, "acc": 0.8664388060569763, "length": 3.659722328186035, "mode": "test", "epoch": 12}
{"loss": 0.269696444272995, "acc": 0.8924347162246704, "length": 3.6308445930480957, "mode": "train", "epoch": 13}
{"loss": 0.3016930818557739, "acc": 0.8812066912651062, "length": 3.9479167461395264, "mode": "test", "epoch": 13}
{"loss": 0.24828259646892548, "acc": 0.900941014289856, "length": 3.7331743240356445, "mode": "train", "epoch": 14}
{"loss": 0.29504624009132385, "acc": 0.8832628130912781, "length": 3.711805582046509, "mode": "test", "epoch": 14}
{"loss": 0.24534893035888672, "acc": 0.8996639251708984, "length": 3.680983066558838, "mode": "train", "epoch": 15}
{"loss": 0.2714764177799225, "acc": 0.8974826335906982, "length": 3.75, "mode": "test", "epoch": 15}
{"loss": 0.24037165939807892, "acc": 0.9076250791549683, "length": 3.7168707847595215, "mode": "train", "epoch": 16}
{"loss": 0.2817661166191101, "acc": 0.8914714455604553, "length": 3.784722328186035, "mode": "test", "epoch": 16}
{"loss": 0.22321267426013947, "acc": 0.9103521704673767, "length": 3.7143032550811768, "mode": "train", "epoch": 17}
{"loss": 0.25653812289237976, "acc": 0.9017415642738342, "length": 3.7326388359069824, "mode": "test", "epoch": 17}
{"loss": 0.21060596406459808, "acc": 0.916985273361206, "length": 3.7253355979919434, "mode": "train", "epoch": 18}
{"loss": 0.24218879640102386, "acc": 0.9045572280883789, "length": 3.75, "mode": "test", "epoch": 18}
{"loss": 0.2117169350385666, "acc": 0.9150570631027222, "length": 3.7280149459838867, "mode": "train", "epoch": 19}
{"loss": 0.2283952832221985, "acc": 0.9136176705360413, "length": 3.743055582046509, "mode": "test", "epoch": 19}
{"loss": 0.1959400177001953, "acc": 0.922407329082489, "length": 3.754107713699341, "mode": "train", "epoch": 20}
{"loss": 0.21476875245571136, "acc": 0.9306369423866272, "length": 3.7951388359069824, "mode": "test", "epoch": 20}
{"loss": 0.19318360090255737, "acc": 0.9236997961997986, "length": 3.7803709506988525, "mode": "train", "epoch": 21}
{"loss": 0.2392321228981018, "acc": 0.9018718004226685, "length": 3.746527671813965, "mode": "test", "epoch": 21}
{"loss": 0.18812839686870575, "acc": 0.9287575483322144, "length": 3.754660129547119, "mode": "train", "epoch": 22}
{"loss": 0.22169587016105652, "acc": 0.9225098490715027, "length": 3.84375, "mode": "test", "epoch": 22}
{"loss": 0.18009625375270844, "acc": 0.9309787154197693, "length": 3.7485384941101074, "mode": "train", "epoch": 23}
{"loss": 0.20850145816802979, "acc": 0.9265353679656982, "length": 3.871527671813965, "mode": "test", "epoch": 23}
{"loss": 0.18313781917095184, "acc": 0.9326052665710449, "length": 3.762822151184082, "mode": "train", "epoch": 24}
{"loss": 0.17789749801158905, "acc": 0.9395236968994141, "length": 3.815972328186035, "mode": "test", "epoch": 24}
{"loss": 0.1614677459001541, "acc": 0.9403036236763, "length": 3.7913641929626465, "mode": "train", "epoch": 25}
{"loss": 0.19200950860977173, "acc": 0.9315429329872131, "length": 3.836805582046509, "mode": "test", "epoch": 25}
{"loss": 0.15893204510211945, "acc": 0.9418560266494751, "length": 3.7793431282043457, "mode": "train", "epoch": 26}
{"loss": 0.1732797920703888, "acc": 0.9426867365837097, "length": 3.7638888359069824, "mode": "test", "epoch": 26}
{"loss": 0.15317374467849731, "acc": 0.9409303069114685, "length": 3.8257603645324707, "mode": "train", "epoch": 27}
{"loss": 0.1661212295293808, "acc": 0.9423829317092896, "length": 3.868055582046509, "mode": "test", "epoch": 27}
{"loss": 0.14403648674488068, "acc": 0.9479466676712036, "length": 3.8086986541748047, "mode": "train", "epoch": 28}
{"loss": 0.1731264591217041, "acc": 0.9447266459465027, "length": 3.8576388359069824, "mode": "test", "epoch": 28}
{"loss": 0.13426755368709564, "acc": 0.9504015445709229, "length": 3.8647825717926025, "mode": "train", "epoch": 29}
{"loss": 0.16116905212402344, "acc": 0.9465439915657043, "length": 3.944444417953491, "mode": "test", "epoch": 29}
{"loss": 0.11949018388986588, "acc": 0.958702802658081, "length": 3.8874664306640625, "mode": "train", "epoch": 30}
{"loss": 0.1696290522813797, "acc": 0.9439018964767456, "length": 3.9375, "mode": "test", "epoch": 30}
{"loss": 0.11855312436819077, "acc": 0.9584810137748718, "length": 3.8943729400634766, "mode": "train", "epoch": 31}
{"loss": 0.14811918139457703, "acc": 0.9566732048988342, "length": 3.9548611640930176, "mode": "test", "epoch": 31}
{"loss": 0.1063193678855896, "acc": 0.9631977677345276, "length": 3.922006130218506, "mode": "train", "epoch": 32}
{"loss": 0.13573896884918213, "acc": 0.9587240219116211, "length": 3.9166667461395264, "mode": "test", "epoch": 32}
{"loss": 0.10841737687587738, "acc": 0.9638872742652893, "length": 3.919938802719116, "mode": "train", "epoch": 33}
{"loss": 0.11203142255544662, "acc": 0.9643122553825378, "length": 3.972222328186035, "mode": "test", "epoch": 33}
{"loss": 0.09828606247901917, "acc": 0.9659005999565125, "length": 3.918421983718872, "mode": "train", "epoch": 34}
{"loss": 0.10488159209489822, "acc": 0.9681098461151123, "length": 3.961805582046509, "mode": "test", "epoch": 34}
{"loss": 0.09233943372964859, "acc": 0.9675936102867126, "length": 3.934413433074951, "mode": "train", "epoch": 35}
{"loss": 0.11010309308767319, "acc": 0.9666343331336975, "length": 3.965277671813965, "mode": "test", "epoch": 35}
{"loss": 0.08802071958780289, "acc": 0.9705004096031189, "length": 3.9286789894104004, "mode": "train", "epoch": 36}
{"loss": 0.11630259454250336, "acc": 0.9613173007965088, "length": 3.9270832538604736, "mode": "test", "epoch": 36}
{"loss": 0.10196614265441895, "acc": 0.9653713703155518, "length": 3.916297435760498, "mode": "train", "epoch": 37}
{"loss": 0.17747914791107178, "acc": 0.9579372406005859, "length": 3.96875, "mode": "test", "epoch": 37}
{"loss": 0.11917857825756073, "acc": 0.9579027891159058, "length": 3.91837739944458, "mode": "train", "epoch": 38}
{"loss": 0.11894883215427399, "acc": 0.9623317718505859, "length": 3.961805582046509, "mode": "test", "epoch": 38}
{"loss": 0.0905768871307373, "acc": 0.9684546589851379, "length": 3.916356325149536, "mode": "train", "epoch": 39}
{"loss": 0.1054450049996376, "acc": 0.9704318642616272, "length": 3.961805582046509, "mode": "test", "epoch": 39}
{"loss": 0.08626590669155121, "acc": 0.9705262780189514, "length": 3.939319610595703, "mode": "train", "epoch": 40}
{"loss": 0.10429803282022476, "acc": 0.9703667759895325, "length": 3.961805582046509, "mode": "test", "epoch": 40}
{"loss": 0.07390126585960388, "acc": 0.9728257656097412, "length": 3.953521490097046, "mode": "train", "epoch": 41}
{"loss": 0.13016164302825928, "acc": 0.956212043762207, "length": 3.9791667461395264, "mode": "test", "epoch": 41}
{"loss": 0.07884207367897034, "acc": 0.9714630842208862, "length": 3.9647388458251953, "mode": "train", "epoch": 42}
{"loss": 0.11475588381290436, "acc": 0.9641709923744202, "length": 3.9895832538604736, "mode": "test", "epoch": 42}
{"loss": 0.06875120848417282, "acc": 0.9762041568756104, "length": 3.9628169536590576, "mode": "train", "epoch": 43}
{"loss": 0.08749349415302277, "acc": 0.9715548753738403, "length": 3.993055582046509, "mode": "test", "epoch": 43}
{"loss": 0.05893902853131294, "acc": 0.978316605091095, "length": 3.970691442489624, "mode": "train", "epoch": 44}
{"loss": 0.08631771057844162, "acc": 0.9743977785110474, "length": 3.9861111640930176, "mode": "test", "epoch": 44}
{"loss": 0.05343722924590111, "acc": 0.9819619655609131, "length": 3.9636592864990234, "mode": "train", "epoch": 45}
{"loss": 0.07535945624113083, "acc": 0.9792969822883606, "length": 3.9895832538604736, "mode": "test", "epoch": 45}
{"loss": 0.051154978573322296, "acc": 0.9824117422103882, "length": 3.978520393371582, "mode": "train", "epoch": 46}
{"loss": 0.08875486999750137, "acc": 0.9756836295127869, "length": 3.996527671813965, "mode": "test", "epoch": 46}
{"loss": 0.07535620033740997, "acc": 0.974651038646698, "length": 3.988901138305664, "mode": "train", "epoch": 47}
{"loss": 0.11734814196825027, "acc": 0.9671114683151245, "length": 3.9895832538604736, "mode": "test", "epoch": 47}
{"loss": 0.06965114176273346, "acc": 0.9762189388275146, "length": 3.9656622409820557, "mode": "train", "epoch": 48}
{"loss": 0.10910209268331528, "acc": 0.9723036289215088, "length": 3.9548611640930176, "mode": "test", "epoch": 48}
{"loss": 0.08207264542579651, "acc": 0.9707475304603577, "length": 3.952228307723999, "mode": "train", "epoch": 49}
{"loss": 0.1303371638059616, "acc": 0.9673990607261658, "length": 3.9270832538604736, "mode": "test", "epoch": 49}
{"loss": 0.0599253848195076, "acc": 0.9783810973167419, "length": 3.9764633178710938, "mode": "train", "epoch": 50}
{"loss": 0.09563371539115906, "acc": 0.9718749523162842, "length": 4.0, "mode": "test", "epoch": 50}
{"loss": 0.05801983177661896, "acc": 0.9808789491653442, "length": 3.983370780944824, "mode": "train", "epoch": 51}
{"loss": 0.06291642040014267, "acc": 0.9828016757965088, "length": 3.9895832538604736, "mode": "test", "epoch": 51}
{"loss": 0.054647624492645264, "acc": 0.9822237491607666, "length": 3.978562355041504, "mode": "train", "epoch": 52}
{"loss": 0.06900282949209213, "acc": 0.9799371361732483, "length": 3.993055582046509, "mode": "test", "epoch": 52}
{"loss": 0.05126692354679108, "acc": 0.9829752445220947, "length": 3.9729137420654297, "mode": "train", "epoch": 53}
{"loss": 0.05806040018796921, "acc": 0.9789604544639587, "length": 3.996527671813965, "mode": "test", "epoch": 53}
{"loss": 0.04471372440457344, "acc": 0.9837291240692139, "length": 3.982130765914917, "mode": "train", "epoch": 54}
{"loss": 0.0635123923420906, "acc": 0.9845486879348755, "length": 4.0, "mode": "test", "epoch": 54}
{"loss": 0.041088975965976715, "acc": 0.9876404404640198, "length": 3.9870645999908447, "mode": "train", "epoch": 55}
{"loss": 0.06251763552427292, "acc": 0.9814236164093018, "length": 4.0, "mode": "test", "epoch": 55}
{"loss": 0.04034106433391571, "acc": 0.98696368932724, "length": 3.9781782627105713, "mode": "train", "epoch": 56}
{"loss": 0.08543711155653, "acc": 0.9762152433395386, "length": 4.0, "mode": "test", "epoch": 56}
{"loss": 0.054673805832862854, "acc": 0.9828826189041138, "length": 3.9890661239624023, "mode": "train", "epoch": 57}
{"loss": 0.08365070819854736, "acc": 0.9802083969116211, "length": 4.0, "mode": "test", "epoch": 57}
{"loss": 0.04482689127326012, "acc": 0.9839665293693542, "length": 3.99192214012146, "mode": "train", "epoch": 58}
{"loss": 0.06501857191324234, "acc": 0.9838540554046631, "length": 4.0, "mode": "test", "epoch": 58}
{"loss": 0.04795106127858162, "acc": 0.9836707711219788, "length": 3.9837124347686768, "mode": "train", "epoch": 59}
{"loss": 0.08445554226636887, "acc": 0.9793403148651123, "length": 4.0, "mode": "test", "epoch": 59}
{"loss": 0.04806221276521683, "acc": 0.9854230880737305, "length": 3.9889206886291504, "mode": "train", "epoch": 60}
{"loss": 0.0783354714512825, "acc": 0.9791233539581299, "length": 3.9861111640930176, "mode": "test", "epoch": 60}
test accuracy: 0.8586206436157227
