# ["--attributes=5", "--values=4", "--game_size=10", "--vocab_size_factor=3", "--n_epochs=60", "--batch_size=32", "--learning_rate=0.0005", "--hidden_size=256", "--temp_update=0.97", "--temperature=2"]
Creating train_ds and val_ds...

Creating test_ds...
{"loss": 0.6939196586608887, "acc": 0.5299072265625, "length": 3.2116363048553467, "mode": "train", "epoch": 1}
{"loss": 0.6872722506523132, "acc": 0.5230277180671692, "length": 1.1696113348007202, "mode": "test", "epoch": 1}
{"loss": 0.6138714551925659, "acc": 0.6571240425109863, "length": 2.8203020095825195, "mode": "train", "epoch": 2}
{"loss": 0.5816653966903687, "acc": 0.7243426442146301, "length": 3.4876325130462646, "mode": "test", "epoch": 2}
{"loss": 0.47977161407470703, "acc": 0.7781421542167664, "length": 3.363365888595581, "mode": "train", "epoch": 3}
{"loss": 0.44276508688926697, "acc": 0.8225817680358887, "length": 3.5865724086761475, "mode": "test", "epoch": 3}
{"loss": 0.3959936499595642, "acc": 0.8333824276924133, "length": 3.406136989593506, "mode": "train", "epoch": 4}
{"loss": 0.41204559803009033, "acc": 0.8399425148963928, "length": 3.4699647426605225, "mode": "test", "epoch": 4}
{"loss": 0.35229605436325073, "acc": 0.8576297163963318, "length": 3.46694016456604, "mode": "train", "epoch": 5}
{"loss": 0.3706515431404114, "acc": 0.8580802083015442, "length": 3.4840989112854004, "mode": "test", "epoch": 5}
{"loss": 0.3242778182029724, "acc": 0.8697763681411743, "length": 3.451781988143921, "mode": "train", "epoch": 6}
{"loss": 0.34236979484558105, "acc": 0.8709869384765625, "length": 3.5547702312469482, "mode": "test", "epoch": 6}
{"loss": 0.29739952087402344, "acc": 0.8841432332992554, "length": 3.511730670928955, "mode": "train", "epoch": 7}
{"loss": 0.34031257033348083, "acc": 0.8621549606323242, "length": 3.678445339202881, "mode": "test", "epoch": 7}
{"loss": 0.2966180443763733, "acc": 0.8833310604095459, "length": 3.566047430038452, "mode": "train", "epoch": 8}
{"loss": 0.3367660939693451, "acc": 0.8760960698127747, "length": 3.583038806915283, "mode": "test", "epoch": 8}
{"loss": 0.2775019407272339, "acc": 0.8910126686096191, "length": 3.574206590652466, "mode": "train", "epoch": 9}
{"loss": 0.35191717743873596, "acc": 0.8653172850608826, "length": 3.681978702545166, "mode": "test", "epoch": 9}
{"loss": 0.2736584544181824, "acc": 0.8872507214546204, "length": 3.622843027114868, "mode": "train", "epoch": 10}
{"loss": 0.3541468679904938, "acc": 0.8723009824752808, "length": 3.6183745861053467, "mode": "test", "epoch": 10}
{"loss": 0.2626459002494812, "acc": 0.8913907408714294, "length": 3.6095526218414307, "mode": "train", "epoch": 11}
{"loss": 0.30393877625465393, "acc": 0.8792874813079834, "length": 3.664310932159424, "mode": "test", "epoch": 11}
{"loss": 0.2463669627904892, "acc": 0.8971774578094482, "length": 3.6099913120269775, "mode": "train", "epoch": 12}
{"loss": 0.2759009599685669, "acc": 0.8952990174293518, "length": 3.6713781356811523, "mode": "test", "epoch": 12}
{"loss": 0.23623579740524292, "acc": 0.9059067964553833, "length": 3.6436166763305664, "mode": "train", "epoch": 13}
{"loss": 0.2747749090194702, "acc": 0.8989049792289734, "length": 3.621908187866211, "mode": "test", "epoch": 13}
{"loss": 0.2211654633283615, "acc": 0.9119811058044434, "length": 3.6394004821777344, "mode": "train", "epoch": 14}
{"loss": 0.27608469128608704, "acc": 0.8943041563034058, "length": 3.6996467113494873, "mode": "test", "epoch": 14}
{"loss": 0.2163824588060379, "acc": 0.9154337644577026, "length": 3.6292576789855957, "mode": "train", "epoch": 15}
{"loss": 0.2604573965072632, "acc": 0.8973256945610046, "length": 3.6325087547302246, "mode": "test", "epoch": 15}
{"loss": 0.20049512386322021, "acc": 0.9245494604110718, "length": 3.678525686264038, "mode": "train", "epoch": 16}
{"loss": 0.241817444562912, "acc": 0.9099242687225342, "length": 3.6572437286376953, "mode": "test", "epoch": 16}
{"loss": 0.18288643658161163, "acc": 0.9308003783226013, "length": 3.7183945178985596, "mode": "train", "epoch": 17}
{"loss": 0.21370850503444672, "acc": 0.9209046959877014, "length": 3.7279152870178223, "mode": "test", "epoch": 17}
{"loss": 0.17238092422485352, "acc": 0.9359877109527588, "length": 3.749751567840576, "mode": "train", "epoch": 18}
{"loss": 0.22682258486747742, "acc": 0.914580225944519, "length": 3.752650260925293, "mode": "test", "epoch": 18}
{"loss": 0.15939760208129883, "acc": 0.9424800872802734, "length": 3.741819143295288, "mode": "train", "epoch": 19}
{"loss": 0.2067522406578064, "acc": 0.9249690175056458, "length": 3.7879858016967773, "mode": "test", "epoch": 19}
{"loss": 0.15466974675655365, "acc": 0.9433728456497192, "length": 3.7939388751983643, "mode": "train", "epoch": 20}
{"loss": 0.23602737486362457, "acc": 0.9169490337371826, "length": 3.826855182647705, "mode": "test", "epoch": 20}
{"loss": 0.1507812738418579, "acc": 0.9457500576972961, "length": 3.8119077682495117, "mode": "train", "epoch": 21}
{"loss": 0.18763335049152374, "acc": 0.9385907649993896, "length": 3.7773852348327637, "mode": "test", "epoch": 21}
{"loss": 0.14644362032413483, "acc": 0.9458715319633484, "length": 3.7813048362731934, "mode": "train", "epoch": 22}
{"loss": 0.17191588878631592, "acc": 0.9415961503982544, "length": 3.7879858016967773, "mode": "test", "epoch": 22}
{"loss": 0.13458725810050964, "acc": 0.9509755969047546, "length": 3.8191680908203125, "mode": "train", "epoch": 23}
{"loss": 0.1970577985048294, "acc": 0.9301661849021912, "length": 3.8480565547943115, "mode": "test", "epoch": 23}
{"loss": 0.12915268540382385, "acc": 0.9557468295097351, "length": 3.8243069648742676, "mode": "train", "epoch": 24}
{"loss": 0.17470455169677734, "acc": 0.940707802772522, "length": 3.8056538105010986, "mode": "test", "epoch": 24}
{"loss": 0.12589572370052338, "acc": 0.9566373825073242, "length": 3.8230273723602295, "mode": "train", "epoch": 25}
{"loss": 0.1851441115140915, "acc": 0.9432916641235352, "length": 3.869257926940918, "mode": "test", "epoch": 25}
{"loss": 0.13031569123268127, "acc": 0.9542767405509949, "length": 3.8572535514831543, "mode": "train", "epoch": 26}
{"loss": 0.162205770611763, "acc": 0.9443849921226501, "length": 3.869257926940918, "mode": "test", "epoch": 26}
{"loss": 0.12859080731868744, "acc": 0.9542623162269592, "length": 3.860072374343872, "mode": "train", "epoch": 27}
{"loss": 0.16934148967266083, "acc": 0.9489288926124573, "length": 3.883392333984375, "mode": "test", "epoch": 27}
{"loss": 0.12291067093610764, "acc": 0.9577109217643738, "length": 3.86218523979187, "mode": "train", "epoch": 28}
{"loss": 0.14639468491077423, "acc": 0.9512035846710205, "length": 3.88692569732666, "mode": "test", "epoch": 28}
{"loss": 0.13213267922401428, "acc": 0.9549204111099243, "length": 3.8721933364868164, "mode": "train", "epoch": 29}
{"loss": 0.1683465987443924, "acc": 0.9489122629165649, "length": 3.883392333984375, "mode": "test", "epoch": 29}
{"loss": 0.12246940284967422, "acc": 0.9596965909004211, "length": 3.8616139888763428, "mode": "train", "epoch": 30}
{"loss": 0.1562969833612442, "acc": 0.9542955756187439, "length": 3.8798587322235107, "mode": "test", "epoch": 30}
{"loss": 0.11986248940229416, "acc": 0.9597227573394775, "length": 3.8690528869628906, "mode": "train", "epoch": 31}
{"loss": 0.13306944072246552, "acc": 0.9582266211509705, "length": 3.8763251304626465, "mode": "test", "epoch": 31}
{"loss": 0.11756473779678345, "acc": 0.958152711391449, "length": 3.888335704803467, "mode": "train", "epoch": 32}
{"loss": 0.14394444227218628, "acc": 0.9518330097198486, "length": 3.9045937061309814, "mode": "test", "epoch": 32}
{"loss": 0.11130108684301376, "acc": 0.9607020020484924, "length": 3.898385524749756, "mode": "train", "epoch": 33}
{"loss": 0.1505008488893509, "acc": 0.9542789459228516, "length": 3.8798587322235107, "mode": "test", "epoch": 33}
{"loss": 0.11226719617843628, "acc": 0.9628065824508667, "length": 3.8719253540039062, "mode": "train", "epoch": 34}
{"loss": 0.13344396650791168, "acc": 0.9548144936561584, "length": 3.8904592990875244, "mode": "test", "epoch": 34}
{"loss": 0.11775275319814682, "acc": 0.959648609161377, "length": 3.8990185260772705, "mode": "train", "epoch": 35}
{"loss": 0.13926644623279572, "acc": 0.9587952494621277, "length": 3.897526502609253, "mode": "test", "epoch": 35}
{"loss": 0.1125740110874176, "acc": 0.9604770541191101, "length": 3.877230644226074, "mode": "train", "epoch": 36}
{"loss": 0.15145133435726166, "acc": 0.9584473371505737, "length": 3.8798587322235107, "mode": "test", "epoch": 36}
{"loss": 0.10944084823131561, "acc": 0.9612348079681396, "length": 3.878633499145508, "mode": "train", "epoch": 37}
{"loss": 0.14519904553890228, "acc": 0.9511869549751282, "length": 3.929328680038452, "mode": "test", "epoch": 37}
{"loss": 0.12372422963380814, "acc": 0.9611479640007019, "length": 3.896000385284424, "mode": "train", "epoch": 38}
{"loss": 0.1844397485256195, "acc": 0.9538207650184631, "length": 3.883392333984375, "mode": "test", "epoch": 38}
{"loss": 0.11678493767976761, "acc": 0.9606788158416748, "length": 3.8815839290618896, "mode": "train", "epoch": 39}
{"loss": 0.17234516143798828, "acc": 0.9546874165534973, "length": 3.8798587322235107, "mode": "test", "epoch": 39}
{"loss": 0.1103658527135849, "acc": 0.9621250033378601, "length": 3.877885580062866, "mode": "train", "epoch": 40}
{"loss": 0.1593228578567505, "acc": 0.9501104354858398, "length": 3.8904592990875244, "mode": "test", "epoch": 40}
{"loss": 0.11331705003976822, "acc": 0.9590722918510437, "length": 3.8741884231567383, "mode": "train", "epoch": 41}
{"loss": 0.12032891809940338, "acc": 0.9626490473747253, "length": 3.883392333984375, "mode": "test", "epoch": 41}
{"loss": 0.0959373265504837, "acc": 0.9655537009239197, "length": 3.884661912918091, "mode": "train", "epoch": 42}
{"loss": 0.1173652708530426, "acc": 0.9649514555931091, "length": 3.911660671234131, "mode": "test", "epoch": 42}
{"loss": 0.10650409013032913, "acc": 0.9631277918815613, "length": 3.8874969482421875, "mode": "train", "epoch": 43}
{"loss": 0.1288064420223236, "acc": 0.9622460007667542, "length": 3.883392333984375, "mode": "test", "epoch": 43}
{"loss": 0.10192212462425232, "acc": 0.9636789560317993, "length": 3.868943929672241, "mode": "train", "epoch": 44}
{"loss": 0.16332228481769562, "acc": 0.953953206539154, "length": 3.8798587322235107, "mode": "test", "epoch": 44}
{"loss": 0.12186859548091888, "acc": 0.9594099521636963, "length": 3.8604540824890137, "mode": "train", "epoch": 45}
{"loss": 0.15165264904499054, "acc": 0.9516894817352295, "length": 3.8798587322235107, "mode": "test", "epoch": 45}
{"loss": 0.0970015674829483, "acc": 0.9649369120597839, "length": 3.8733530044555664, "mode": "train", "epoch": 46}
{"loss": 0.11468473076820374, "acc": 0.9629583358764648, "length": 3.8798587322235107, "mode": "test", "epoch": 46}
{"loss": 0.09322069585323334, "acc": 0.9670646786689758, "length": 3.8653221130371094, "mode": "train", "epoch": 47}
{"loss": 0.1292417347431183, "acc": 0.957243800163269, "length": 3.8798587322235107, "mode": "test", "epoch": 47}
{"loss": 0.1278751939535141, "acc": 0.9596709609031677, "length": 3.8612465858459473, "mode": "train", "epoch": 48}
{"loss": 0.13898859918117523, "acc": 0.9527164101600647, "length": 3.8763251304626465, "mode": "test", "epoch": 48}
{"loss": 0.1233319416642189, "acc": 0.9591894745826721, "length": 3.8837945461273193, "mode": "train", "epoch": 49}
{"loss": 0.14007337391376495, "acc": 0.9475376009941101, "length": 3.8904592990875244, "mode": "test", "epoch": 49}
{"loss": 0.12408414483070374, "acc": 0.9569361805915833, "length": 3.8805553913116455, "mode": "train", "epoch": 50}
{"loss": 0.16543857753276825, "acc": 0.9509330987930298, "length": 3.883392333984375, "mode": "test", "epoch": 50}
{"loss": 0.10844478756189346, "acc": 0.9617457985877991, "length": 3.88871169090271, "mode": "train", "epoch": 51}
{"loss": 0.13497309386730194, "acc": 0.9571610689163208, "length": 3.88692569732666, "mode": "test", "epoch": 51}
{"loss": 0.09345170110464096, "acc": 0.9682252407073975, "length": 3.8694870471954346, "mode": "train", "epoch": 52}
{"loss": 0.17101383209228516, "acc": 0.9560622572898865, "length": 3.8727915287017822, "mode": "test", "epoch": 52}
{"loss": 0.11639757454395294, "acc": 0.962424099445343, "length": 3.882244348526001, "mode": "train", "epoch": 53}
{"loss": 0.1548202633857727, "acc": 0.9424083828926086, "length": 3.9363956451416016, "mode": "test", "epoch": 53}
{"loss": 0.11297265440225601, "acc": 0.9611914157867432, "length": 3.9449782371520996, "mode": "train", "epoch": 54}
{"loss": 0.15642757713794708, "acc": 0.9441254138946533, "length": 3.9469964504241943, "mode": "test", "epoch": 54}
{"loss": 0.10955527424812317, "acc": 0.9625940918922424, "length": 3.953913688659668, "mode": "train", "epoch": 55}
{"loss": 0.14074747264385223, "acc": 0.9499503970146179, "length": 3.94346284866333, "mode": "test", "epoch": 55}
{"loss": 0.0983312726020813, "acc": 0.9653661847114563, "length": 3.9438211917877197, "mode": "train", "epoch": 56}
{"loss": 0.13028405606746674, "acc": 0.9548476934432983, "length": 3.9469964504241943, "mode": "test", "epoch": 56}
{"loss": 0.0885523185133934, "acc": 0.9661775231361389, "length": 3.9306914806365967, "mode": "train", "epoch": 57}
{"loss": 0.12235699594020844, "acc": 0.9612687826156616, "length": 3.9363956451416016, "mode": "test", "epoch": 57}
{"loss": 0.0891992598772049, "acc": 0.9680067896842957, "length": 3.9413914680480957, "mode": "train", "epoch": 58}
{"loss": 0.13086946308612823, "acc": 0.9572824239730835, "length": 3.9363956451416016, "mode": "test", "epoch": 58}
{"loss": 0.08537319302558899, "acc": 0.9703578948974609, "length": 3.9294943809509277, "mode": "train", "epoch": 59}
{"loss": 0.10239163786172867, "acc": 0.9686616659164429, "length": 3.9363956451416016, "mode": "test", "epoch": 59}
{"loss": 0.07101546227931976, "acc": 0.9751020073890686, "length": 3.9300434589385986, "mode": "train", "epoch": 60}
{"loss": 0.12005812674760818, "acc": 0.9704394936561584, "length": 3.9328622817993164, "mode": "test", "epoch": 60}
test accuracy: 0.8212600946426392
