# ["--attributes=5", "--values=4", "--game_size=10", "--vocab_size_factor=3", "--n_epochs=60", "--batch_size=32", "--learning_rate=0.0005", "--hidden_size=256", "--temp_update=0.99", "--temperature=1"]
Creating train_ds and val_ds...

Creating test_ds...
{"loss": 0.699824869632721, "acc": 0.5098167061805725, "length": 3.185739755630493, "mode": "train", "epoch": 1}
{"loss": 0.6959612369537354, "acc": 0.5089135766029358, "length": 1.073426604270935, "mode": "test", "epoch": 1}
{"loss": 0.6157817840576172, "acc": 0.6721816062927246, "length": 3.147860050201416, "mode": "train", "epoch": 2}
{"loss": 0.5886217951774597, "acc": 0.7055234313011169, "length": 3.916083812713623, "mode": "test", "epoch": 2}
{"loss": 0.5037505030632019, "acc": 0.7592901587486267, "length": 3.7809321880340576, "mode": "train", "epoch": 3}
{"loss": 0.4834088385105133, "acc": 0.796678364276886, "length": 4.0, "mode": "test", "epoch": 3}
{"loss": 0.40725916624069214, "acc": 0.8194963335990906, "length": 3.9435880184173584, "mode": "train", "epoch": 4}
{"loss": 0.4098605215549469, "acc": 0.8288460969924927, "length": 4.0, "mode": "test", "epoch": 4}
{"loss": 0.37572890520095825, "acc": 0.8359225392341614, "length": 3.986274480819702, "mode": "train", "epoch": 5}
{"loss": 0.4177500009536743, "acc": 0.8180070519447327, "length": 4.0, "mode": "test", "epoch": 5}
{"loss": 0.35926249623298645, "acc": 0.8408713340759277, "length": 3.993021011352539, "mode": "train", "epoch": 6}
{"loss": 0.4138244092464447, "acc": 0.8071678280830383, "length": 4.0, "mode": "test", "epoch": 6}
{"loss": 0.35450729727745056, "acc": 0.8446815609931946, "length": 3.9937448501586914, "mode": "train", "epoch": 7}
{"loss": 0.41975393891334534, "acc": 0.8237762451171875, "length": 4.0, "mode": "test", "epoch": 7}
{"loss": 0.351055383682251, "acc": 0.8474158048629761, "length": 3.9930782318115234, "mode": "train", "epoch": 8}
{"loss": 0.3963201344013214, "acc": 0.8213286399841309, "length": 4.0, "mode": "test", "epoch": 8}
{"loss": 0.342799574136734, "acc": 0.8500021696090698, "length": 3.9947168827056885, "mode": "train", "epoch": 9}
{"loss": 0.37864094972610474, "acc": 0.8279721140861511, "length": 4.0, "mode": "test", "epoch": 9}
{"loss": 0.32878533005714417, "acc": 0.8569613695144653, "length": 3.9947752952575684, "mode": "train", "epoch": 10}
{"loss": 0.3706405758857727, "acc": 0.8468531370162964, "length": 4.0, "mode": "test", "epoch": 10}
{"loss": 0.31405654549598694, "acc": 0.8654746413230896, "length": 3.9953925609588623, "mode": "train", "epoch": 11}
{"loss": 0.34662356972694397, "acc": 0.8550699949264526, "length": 4.0, "mode": "test", "epoch": 11}
{"loss": 0.2918788492679596, "acc": 0.8774392008781433, "length": 3.9982106685638428, "mode": "train", "epoch": 12}
{"loss": 0.3513304591178894, "acc": 0.8510488867759705, "length": 4.0, "mode": "test", "epoch": 12}
{"loss": 0.2679094672203064, "acc": 0.8857185244560242, "length": 3.9970808029174805, "mode": "train", "epoch": 13}
{"loss": 0.3131884038448334, "acc": 0.8639860153198242, "length": 4.0, "mode": "test", "epoch": 13}
{"loss": 0.2450818121433258, "acc": 0.8988977670669556, "length": 3.9978368282318115, "mode": "train", "epoch": 14}
{"loss": 0.2774844765663147, "acc": 0.8784964680671692, "length": 4.0, "mode": "test", "epoch": 14}
{"loss": 0.2344476580619812, "acc": 0.8982048034667969, "length": 3.998319625854492, "mode": "train", "epoch": 15}
{"loss": 0.2783878743648529, "acc": 0.873426616191864, "length": 4.0, "mode": "test", "epoch": 15}
{"loss": 0.22156305611133575, "acc": 0.9031381607055664, "length": 3.9987709522247314, "mode": "train", "epoch": 16}
{"loss": 0.2770162522792816, "acc": 0.897552490234375, "length": 4.0, "mode": "test", "epoch": 16}
{"loss": 0.20929719507694244, "acc": 0.9139237999916077, "length": 3.9978930950164795, "mode": "train", "epoch": 17}
{"loss": 0.24905109405517578, "acc": 0.8994755148887634, "length": 4.0, "mode": "test", "epoch": 17}
{"loss": 0.20449355244636536, "acc": 0.918009340763092, "length": 3.998312473297119, "mode": "train", "epoch": 18}
{"loss": 0.2538684606552124, "acc": 0.9085664749145508, "length": 4.0, "mode": "test", "epoch": 18}
{"loss": 0.18926189839839935, "acc": 0.9230546355247498, "length": 3.9995930194854736, "mode": "train", "epoch": 19}
{"loss": 0.23444052040576935, "acc": 0.9131118655204773, "length": 4.0, "mode": "test", "epoch": 19}
{"loss": 0.17847159504890442, "acc": 0.9295011162757874, "length": 3.9984354972839355, "mode": "train", "epoch": 20}
{"loss": 0.21572978794574738, "acc": 0.9183565378189087, "length": 4.0, "mode": "test", "epoch": 20}
{"loss": 0.17650549113750458, "acc": 0.9319378137588501, "length": 3.999295711517334, "mode": "train", "epoch": 21}
{"loss": 0.2315235137939453, "acc": 0.9146853089332581, "length": 4.0, "mode": "test", "epoch": 21}
{"loss": 0.17794065177440643, "acc": 0.9284351468086243, "length": 3.9994828701019287, "mode": "train", "epoch": 22}
{"loss": 0.21654820442199707, "acc": 0.9220280051231384, "length": 4.0, "mode": "test", "epoch": 22}
{"loss": 0.16742077469825745, "acc": 0.936799168586731, "length": 3.9994258880615234, "mode": "train", "epoch": 23}
{"loss": 0.20677843689918518, "acc": 0.9255244135856628, "length": 4.0, "mode": "test", "epoch": 23}
{"loss": 0.17237825691699982, "acc": 0.9356161952018738, "length": 3.998894691467285, "mode": "train", "epoch": 24}
{"loss": 0.23177902400493622, "acc": 0.9129369854927063, "length": 4.0, "mode": "test", "epoch": 24}
{"loss": 0.1766563504934311, "acc": 0.9296156167984009, "length": 3.9996957778930664, "mode": "train", "epoch": 25}
{"loss": 0.20671358704566956, "acc": 0.9230769276618958, "length": 4.0, "mode": "test", "epoch": 25}
{"loss": 0.18433552980422974, "acc": 0.9300256967544556, "length": 3.9997918605804443, "mode": "train", "epoch": 26}
{"loss": 0.21223662793636322, "acc": 0.918531596660614, "length": 4.0, "mode": "test", "epoch": 26}
{"loss": 0.17680956423282623, "acc": 0.9284490942955017, "length": 3.9998512268066406, "mode": "train", "epoch": 27}
{"loss": 0.20987045764923096, "acc": 0.9171329140663147, "length": 4.0, "mode": "test", "epoch": 27}
{"loss": 0.16356435418128967, "acc": 0.9365254640579224, "length": 3.9997172355651855, "mode": "train", "epoch": 28}
{"loss": 0.19885027408599854, "acc": 0.924475371837616, "length": 4.0, "mode": "test", "epoch": 28}
{"loss": 0.16301868855953217, "acc": 0.9397482872009277, "length": 3.999894618988037, "mode": "train", "epoch": 29}
{"loss": 0.2673003673553467, "acc": 0.9027970433235168, "length": 4.0, "mode": "test", "epoch": 29}
{"loss": 0.18646860122680664, "acc": 0.9237657189369202, "length": 3.9998793601989746, "mode": "train", "epoch": 30}
{"loss": 0.20006179809570312, "acc": 0.9204546809196472, "length": 4.0, "mode": "test", "epoch": 30}
{"loss": 0.1588057279586792, "acc": 0.9395145177841187, "length": 3.9998998641967773, "mode": "train", "epoch": 31}
{"loss": 0.19318124651908875, "acc": 0.9237761497497559, "length": 4.0, "mode": "test", "epoch": 31}
{"loss": 0.15675775706768036, "acc": 0.939167320728302, "length": 3.999965190887451, "mode": "train", "epoch": 32}
{"loss": 0.21674345433712006, "acc": 0.9204545617103577, "length": 4.0, "mode": "test", "epoch": 32}
{"loss": 0.16353902220726013, "acc": 0.9375233054161072, "length": 3.9998607635498047, "mode": "train", "epoch": 33}
{"loss": 0.18886829912662506, "acc": 0.9241258502006531, "length": 4.0, "mode": "test", "epoch": 33}
{"loss": 0.15319392085075378, "acc": 0.9402194023132324, "length": 3.9999353885650635, "mode": "train", "epoch": 34}
{"loss": 0.19077636301517487, "acc": 0.9236013889312744, "length": 4.0, "mode": "test", "epoch": 34}
{"loss": 0.1527399718761444, "acc": 0.9415075182914734, "length": 3.999922037124634, "mode": "train", "epoch": 35}
{"loss": 0.21138663589954376, "acc": 0.9250000715255737, "length": 4.0, "mode": "test", "epoch": 35}
{"loss": 0.15417467057704926, "acc": 0.939632773399353, "length": 3.9998769760131836, "mode": "train", "epoch": 36}
{"loss": 0.20792493224143982, "acc": 0.9286712408065796, "length": 4.0, "mode": "test", "epoch": 36}
{"loss": 0.14626070857048035, "acc": 0.945314884185791, "length": 3.999974250793457, "mode": "train", "epoch": 37}
{"loss": 0.1860038787126541, "acc": 0.9312938451766968, "length": 4.0, "mode": "test", "epoch": 37}
{"loss": 0.15752455592155457, "acc": 0.9393287897109985, "length": 3.999652862548828, "mode": "train", "epoch": 38}
{"loss": 0.18862764537334442, "acc": 0.9293707013130188, "length": 4.0, "mode": "test", "epoch": 38}
{"loss": 0.14768102765083313, "acc": 0.9433750510215759, "length": 3.9997639656066895, "mode": "train", "epoch": 39}
{"loss": 0.17226575314998627, "acc": 0.9323426485061646, "length": 4.0, "mode": "test", "epoch": 39}
{"loss": 0.1483525186777115, "acc": 0.9408650994300842, "length": 3.9999542236328125, "mode": "train", "epoch": 40}
{"loss": 0.16979503631591797, "acc": 0.9323427677154541, "length": 4.0, "mode": "test", "epoch": 40}
{"loss": 0.14678192138671875, "acc": 0.9459599256515503, "length": 3.9999916553497314, "mode": "train", "epoch": 41}
{"loss": 0.1745276302099228, "acc": 0.936188817024231, "length": 4.0, "mode": "test", "epoch": 41}
{"loss": 0.14484041929244995, "acc": 0.9451943635940552, "length": 3.9998955726623535, "mode": "train", "epoch": 42}
{"loss": 0.18276531994342804, "acc": 0.9305943846702576, "length": 4.0, "mode": "test", "epoch": 42}
{"loss": 0.14599548280239105, "acc": 0.9436753392219543, "length": 3.999864101409912, "mode": "train", "epoch": 43}
{"loss": 0.18607302010059357, "acc": 0.9304196238517761, "length": 4.0, "mode": "test", "epoch": 43}
{"loss": 0.14830997586250305, "acc": 0.9418575167655945, "length": 3.999932289123535, "mode": "train", "epoch": 44}
{"loss": 0.1805567741394043, "acc": 0.9323427677154541, "length": 4.0, "mode": "test", "epoch": 44}
{"loss": 0.14513403177261353, "acc": 0.9443204402923584, "length": 3.9999897480010986, "mode": "train", "epoch": 45}
{"loss": 0.2027059942483902, "acc": 0.9281467795372009, "length": 4.0, "mode": "test", "epoch": 45}
{"loss": 0.14777958393096924, "acc": 0.9437911510467529, "length": 3.9999358654022217, "mode": "train", "epoch": 46}
{"loss": 0.19883330166339874, "acc": 0.9288462400436401, "length": 4.0, "mode": "test", "epoch": 46}
{"loss": 0.1502789556980133, "acc": 0.9459594488143921, "length": 3.9999825954437256, "mode": "train", "epoch": 47}
{"loss": 0.2039618194103241, "acc": 0.9312937259674072, "length": 4.0, "mode": "test", "epoch": 47}
{"loss": 0.14820586144924164, "acc": 0.9439102411270142, "length": 3.9999709129333496, "mode": "train", "epoch": 48}
{"loss": 0.18682430684566498, "acc": 0.9291959404945374, "length": 4.0, "mode": "test", "epoch": 48}
{"loss": 0.14440341293811798, "acc": 0.9445545077323914, "length": 3.9999911785125732, "mode": "train", "epoch": 49}
{"loss": 0.19363342225551605, "acc": 0.9318181872367859, "length": 4.0, "mode": "test", "epoch": 49}
{"loss": 0.162255197763443, "acc": 0.937587559223175, "length": 3.9999940395355225, "mode": "train", "epoch": 50}
{"loss": 0.22681021690368652, "acc": 0.9136364459991455, "length": 4.0, "mode": "test", "epoch": 50}
{"loss": 0.1729242205619812, "acc": 0.9381139278411865, "length": 3.999985694885254, "mode": "train", "epoch": 51}
{"loss": 0.23851138353347778, "acc": 0.9206295609474182, "length": 4.0, "mode": "test", "epoch": 51}
{"loss": 0.15486189723014832, "acc": 0.9422129988670349, "length": 3.999997138977051, "mode": "train", "epoch": 52}
{"loss": 0.210858553647995, "acc": 0.9218530058860779, "length": 4.0, "mode": "test", "epoch": 52}
{"loss": 0.1543736308813095, "acc": 0.9431452751159668, "length": 3.999924421310425, "mode": "train", "epoch": 53}
{"loss": 0.20740976929664612, "acc": 0.9232516884803772, "length": 4.0, "mode": "test", "epoch": 53}
{"loss": 0.14470790326595306, "acc": 0.9437936544418335, "length": 3.9999842643737793, "mode": "train", "epoch": 54}
{"loss": 0.21891088783740997, "acc": 0.9272728562355042, "length": 4.0, "mode": "test", "epoch": 54}
{"loss": 0.14025095105171204, "acc": 0.9444964528083801, "length": 3.999995470046997, "mode": "train", "epoch": 55}
{"loss": 0.18705739080905914, "acc": 0.9305943846702576, "length": 4.0, "mode": "test", "epoch": 55}
{"loss": 0.14271095395088196, "acc": 0.9451402425765991, "length": 3.999990224838257, "mode": "train", "epoch": 56}
{"loss": 0.1975085288286209, "acc": 0.9318181872367859, "length": 4.0, "mode": "test", "epoch": 56}
{"loss": 0.1552693098783493, "acc": 0.9436182379722595, "length": 3.9999988079071045, "mode": "train", "epoch": 57}
{"loss": 0.22869332134723663, "acc": 0.9176573753356934, "length": 4.0, "mode": "test", "epoch": 57}
{"loss": 0.14737935364246368, "acc": 0.9432669878005981, "length": 3.9999983310699463, "mode": "train", "epoch": 58}
{"loss": 0.17890356481075287, "acc": 0.9277971982955933, "length": 4.0, "mode": "test", "epoch": 58}
{"loss": 0.13859553635120392, "acc": 0.9478909969329834, "length": 3.9999630451202393, "mode": "train", "epoch": 59}
{"loss": 0.18429842591285706, "acc": 0.9300699234008789, "length": 4.0, "mode": "test", "epoch": 59}
{"loss": 0.13438573479652405, "acc": 0.9487703442573547, "length": 3.999997615814209, "mode": "train", "epoch": 60}
{"loss": 0.182992085814476, "acc": 0.9340909123420715, "length": 4.0, "mode": "test", "epoch": 60}
test accuracy: 0.8145000338554382
