# ["--attributes=5", "--values=4", "--game_size=10", "--vocab_size_factor=3", "--n_epochs=60", "--batch_size=32", "--learning_rate=0.0005", "--hidden_size=256", "--temp_update=0.99", "--temperature=1.5"]
Creating train_ds and val_ds...

Creating test_ds...
{"loss": 0.6902688145637512, "acc": 0.5530051589012146, "length": 3.141242504119873, "mode": "train", "epoch": 1}
{"loss": 0.674407422542572, "acc": 0.5786057710647583, "length": 1.3356890678405762, "mode": "test", "epoch": 1}
{"loss": 0.6226842999458313, "acc": 0.6495575904846191, "length": 2.8932275772094727, "mode": "train", "epoch": 2}
{"loss": 0.5370327234268188, "acc": 0.7413556575775146, "length": 3.289752721786499, "mode": "test", "epoch": 2}
{"loss": 0.4790932834148407, "acc": 0.7730774879455566, "length": 3.676008939743042, "mode": "train", "epoch": 3}
{"loss": 0.4793340861797333, "acc": 0.7763251662254333, "length": 4.0, "mode": "test", "epoch": 3}
{"loss": 0.43519213795661926, "acc": 0.8076281547546387, "length": 3.9138295650482178, "mode": "train", "epoch": 4}
{"loss": 0.4635198414325714, "acc": 0.8106006383895874, "length": 4.0, "mode": "test", "epoch": 4}
{"loss": 0.40908145904541016, "acc": 0.8250600099563599, "length": 3.9795150756835938, "mode": "train", "epoch": 5}
{"loss": 0.46358898282051086, "acc": 0.8136041164398193, "length": 4.0, "mode": "test", "epoch": 5}
{"loss": 0.3919040262699127, "acc": 0.8335160613059998, "length": 3.983323097229004, "mode": "train", "epoch": 6}
{"loss": 0.4719875156879425, "acc": 0.8151942491531372, "length": 4.0, "mode": "test", "epoch": 6}
{"loss": 0.35331806540489197, "acc": 0.8511665463447571, "length": 3.9900858402252197, "mode": "train", "epoch": 7}
{"loss": 0.4329582452774048, "acc": 0.8397526144981384, "length": 4.0, "mode": "test", "epoch": 7}
{"loss": 0.3107491731643677, "acc": 0.8718820214271545, "length": 3.990501880645752, "mode": "train", "epoch": 8}
{"loss": 0.37349754571914673, "acc": 0.862897515296936, "length": 4.0, "mode": "test", "epoch": 8}
{"loss": 0.26640838384628296, "acc": 0.8887487649917603, "length": 3.9911861419677734, "mode": "train", "epoch": 9}
{"loss": 0.35957616567611694, "acc": 0.8666079044342041, "length": 4.0, "mode": "test", "epoch": 9}
{"loss": 0.2451368123292923, "acc": 0.9017723202705383, "length": 3.989309072494507, "mode": "train", "epoch": 10}
{"loss": 0.3337806761264801, "acc": 0.8795052170753479, "length": 4.0, "mode": "test", "epoch": 10}
{"loss": 0.22984154522418976, "acc": 0.9084947109222412, "length": 3.9904563426971436, "mode": "train", "epoch": 11}
{"loss": 0.29207363724708557, "acc": 0.8802120089530945, "length": 4.0, "mode": "test", "epoch": 11}
{"loss": 0.213871031999588, "acc": 0.9153084754943848, "length": 3.990541458129883, "mode": "train", "epoch": 12}
{"loss": 0.2865350544452667, "acc": 0.8932862877845764, "length": 4.0, "mode": "test", "epoch": 12}
{"loss": 0.20595718920230865, "acc": 0.9233363270759583, "length": 3.9939544200897217, "mode": "train", "epoch": 13}
{"loss": 0.30004993081092834, "acc": 0.8851590752601624, "length": 4.0, "mode": "test", "epoch": 13}
{"loss": 0.18627022206783295, "acc": 0.9283633232116699, "length": 3.995516300201416, "mode": "train", "epoch": 14}
{"loss": 0.28417113423347473, "acc": 0.9054769277572632, "length": 4.0, "mode": "test", "epoch": 14}
{"loss": 0.18533097207546234, "acc": 0.9283794164657593, "length": 3.996074676513672, "mode": "train", "epoch": 15}
{"loss": 0.23837916553020477, "acc": 0.908480703830719, "length": 4.0, "mode": "test", "epoch": 15}
{"loss": 0.17541161179542542, "acc": 0.9297610521316528, "length": 3.9976112842559814, "mode": "train", "epoch": 16}
{"loss": 0.23440654575824738, "acc": 0.9159011840820312, "length": 4.0, "mode": "test", "epoch": 16}
{"loss": 0.17009881138801575, "acc": 0.9327685832977295, "length": 3.997731924057007, "mode": "train", "epoch": 17}
{"loss": 0.23022420704364777, "acc": 0.9201414585113525, "length": 4.0, "mode": "test", "epoch": 17}
{"loss": 0.167699933052063, "acc": 0.9326798915863037, "length": 3.9971258640289307, "mode": "train", "epoch": 18}
{"loss": 0.21525804698467255, "acc": 0.9220848679542542, "length": 4.0, "mode": "test", "epoch": 18}
{"loss": 0.14947006106376648, "acc": 0.9423370361328125, "length": 3.9974629878997803, "mode": "train", "epoch": 19}
{"loss": 0.2028225213289261, "acc": 0.9268550872802734, "length": 4.0, "mode": "test", "epoch": 19}
{"loss": 0.1352902054786682, "acc": 0.9494800567626953, "length": 3.9983325004577637, "mode": "train", "epoch": 20}
{"loss": 0.20838408172130585, "acc": 0.9286220669746399, "length": 4.0, "mode": "test", "epoch": 20}
{"loss": 0.13230673968791962, "acc": 0.9504790306091309, "length": 3.998500108718872, "mode": "train", "epoch": 21}
{"loss": 0.20133520662784576, "acc": 0.9321555495262146, "length": 4.0, "mode": "test", "epoch": 21}
{"loss": 0.12868864834308624, "acc": 0.9503037929534912, "length": 3.998161554336548, "mode": "train", "epoch": 22}
{"loss": 0.18179890513420105, "acc": 0.9321555495262146, "length": 4.0, "mode": "test", "epoch": 22}
{"loss": 0.12299340963363647, "acc": 0.9547427296638489, "length": 3.998938798904419, "mode": "train", "epoch": 23}
{"loss": 0.18274350464344025, "acc": 0.9307422637939453, "length": 4.0, "mode": "test", "epoch": 23}
{"loss": 0.1158706545829773, "acc": 0.9559242129325867, "length": 3.998931884765625, "mode": "train", "epoch": 24}
{"loss": 0.16814865171909332, "acc": 0.9355122447013855, "length": 4.0, "mode": "test", "epoch": 24}
{"loss": 0.10274019837379456, "acc": 0.961584746837616, "length": 3.9989402294158936, "mode": "train", "epoch": 25}
{"loss": 0.1658538579940796, "acc": 0.93780916929245, "length": 4.0, "mode": "test", "epoch": 25}
{"loss": 0.09761036932468414, "acc": 0.9646615982055664, "length": 3.999016046524048, "mode": "train", "epoch": 26}
{"loss": 0.1627076268196106, "acc": 0.9376324415206909, "length": 4.0, "mode": "test", "epoch": 26}
{"loss": 0.09165672957897186, "acc": 0.9653171896934509, "length": 3.9989981651306152, "mode": "train", "epoch": 27}
{"loss": 0.1372702717781067, "acc": 0.9475265741348267, "length": 4.0, "mode": "test", "epoch": 27}
{"loss": 0.07989099621772766, "acc": 0.9709035754203796, "length": 3.9989001750946045, "mode": "train", "epoch": 28}
{"loss": 0.1400737762451172, "acc": 0.9395761489868164, "length": 4.0, "mode": "test", "epoch": 28}
{"loss": 0.10178933292627335, "acc": 0.9612417817115784, "length": 3.9991934299468994, "mode": "train", "epoch": 29}
{"loss": 0.17065207660198212, "acc": 0.9471731185913086, "length": 4.0, "mode": "test", "epoch": 29}
{"loss": 0.08704625070095062, "acc": 0.9686179161071777, "length": 3.9991517066955566, "mode": "train", "epoch": 30}
{"loss": 0.17876765131950378, "acc": 0.9441695213317871, "length": 4.0, "mode": "test", "epoch": 30}
{"loss": 0.08257488161325455, "acc": 0.9672534465789795, "length": 3.9984891414642334, "mode": "train", "epoch": 31}
{"loss": 0.14333312213420868, "acc": 0.9478798508644104, "length": 4.0, "mode": "test", "epoch": 31}
{"loss": 0.07611647248268127, "acc": 0.9727069735527039, "length": 3.998999834060669, "mode": "train", "epoch": 32}
{"loss": 0.13122142851352692, "acc": 0.9510600566864014, "length": 4.0, "mode": "test", "epoch": 32}
{"loss": 0.08402662724256516, "acc": 0.9666281342506409, "length": 3.9994466304779053, "mode": "train", "epoch": 33}
{"loss": 0.11788816004991531, "acc": 0.9643110632896423, "length": 4.0, "mode": "test", "epoch": 33}
{"loss": 0.07396061718463898, "acc": 0.9716476798057556, "length": 3.999661684036255, "mode": "train", "epoch": 34}
{"loss": 0.1365320384502411, "acc": 0.9450529217720032, "length": 4.0, "mode": "test", "epoch": 34}
{"loss": 0.07691536843776703, "acc": 0.9742482900619507, "length": 3.9997060298919678, "mode": "train", "epoch": 35}
{"loss": 0.12971718609333038, "acc": 0.9535333514213562, "length": 4.0, "mode": "test", "epoch": 35}
{"loss": 0.06715109199285507, "acc": 0.9771307110786438, "length": 3.999454975128174, "mode": "train", "epoch": 36}
{"loss": 0.13348326086997986, "acc": 0.9524734616279602, "length": 4.0, "mode": "test", "epoch": 36}
{"loss": 0.07579246163368225, "acc": 0.9699423313140869, "length": 3.999741792678833, "mode": "train", "epoch": 37}
{"loss": 0.1782878190279007, "acc": 0.9469964504241943, "length": 4.0, "mode": "test", "epoch": 37}
{"loss": 0.08420475572347641, "acc": 0.9679235816001892, "length": 3.999180793762207, "mode": "train", "epoch": 38}
{"loss": 0.11205024272203445, "acc": 0.9553003907203674, "length": 4.0, "mode": "test", "epoch": 38}
{"loss": 0.06699889153242111, "acc": 0.9756568670272827, "length": 3.9991977214813232, "mode": "train", "epoch": 39}
{"loss": 0.1650596410036087, "acc": 0.9461131691932678, "length": 4.0, "mode": "test", "epoch": 39}
{"loss": 0.0618576817214489, "acc": 0.9780855774879456, "length": 3.99961256980896, "mode": "train", "epoch": 40}
{"loss": 0.12548500299453735, "acc": 0.9554769992828369, "length": 4.0, "mode": "test", "epoch": 40}
{"loss": 0.05883180350065231, "acc": 0.9790939688682556, "length": 3.9998204708099365, "mode": "train", "epoch": 41}
{"loss": 0.1070949137210846, "acc": 0.9581272006034851, "length": 4.0, "mode": "test", "epoch": 41}
{"loss": 0.06765003502368927, "acc": 0.9773800373077393, "length": 3.999751329421997, "mode": "train", "epoch": 42}
{"loss": 0.12622752785682678, "acc": 0.9556535482406616, "length": 4.0, "mode": "test", "epoch": 42}
{"loss": 0.05309419333934784, "acc": 0.9812222123146057, "length": 3.9998841285705566, "mode": "train", "epoch": 43}
{"loss": 0.11204051971435547, "acc": 0.9644875526428223, "length": 4.0, "mode": "test", "epoch": 43}
{"loss": 0.0587402805685997, "acc": 0.9780284762382507, "length": 3.999628782272339, "mode": "train", "epoch": 44}
{"loss": 0.11032865941524506, "acc": 0.9623674154281616, "length": 4.0, "mode": "test", "epoch": 44}
{"loss": 0.053621672093868256, "acc": 0.9824599027633667, "length": 3.99979829788208, "mode": "train", "epoch": 45}
{"loss": 0.10468026995658875, "acc": 0.9659009575843811, "length": 4.0, "mode": "test", "epoch": 45}
{"loss": 0.05067873001098633, "acc": 0.9829909205436707, "length": 3.9998505115509033, "mode": "train", "epoch": 46}
{"loss": 0.10896406322717667, "acc": 0.9607773423194885, "length": 4.0, "mode": "test", "epoch": 46}
{"loss": 0.05095890164375305, "acc": 0.9817538261413574, "length": 3.9998815059661865, "mode": "train", "epoch": 47}
{"loss": 0.11176061630249023, "acc": 0.9613074064254761, "length": 4.0, "mode": "test", "epoch": 47}
{"loss": 0.04599981755018234, "acc": 0.9841142296791077, "length": 3.9998207092285156, "mode": "train", "epoch": 48}
{"loss": 0.08212337642908096, "acc": 0.9710246920585632, "length": 4.0, "mode": "test", "epoch": 48}
{"loss": 0.06288887560367584, "acc": 0.9769145846366882, "length": 3.999887704849243, "mode": "train", "epoch": 49}
{"loss": 0.1280703842639923, "acc": 0.9648410677909851, "length": 4.0, "mode": "test", "epoch": 49}
{"loss": 0.05763924866914749, "acc": 0.9796874523162842, "length": 3.9998950958251953, "mode": "train", "epoch": 50}
{"loss": 0.11504464596509933, "acc": 0.9607773423194885, "length": 4.0, "mode": "test", "epoch": 50}
{"loss": 0.04194757342338562, "acc": 0.9862420558929443, "length": 3.9999210834503174, "mode": "train", "epoch": 51}
{"loss": 0.09862148761749268, "acc": 0.9697878956794739, "length": 4.0, "mode": "test", "epoch": 51}
{"loss": 0.04526584595441818, "acc": 0.9843515157699585, "length": 3.999903917312622, "mode": "train", "epoch": 52}
{"loss": 0.10984302312135696, "acc": 0.9625442624092102, "length": 4.0, "mode": "test", "epoch": 52}
{"loss": 0.04523136466741562, "acc": 0.9838219881057739, "length": 3.9999115467071533, "mode": "train", "epoch": 53}
{"loss": 0.10219522565603256, "acc": 0.9687277674674988, "length": 4.0, "mode": "test", "epoch": 53}
{"loss": 0.0435379296541214, "acc": 0.9851191639900208, "length": 3.9998700618743896, "mode": "train", "epoch": 54}
{"loss": 0.12403634190559387, "acc": 0.9648409485816956, "length": 4.0, "mode": "test", "epoch": 54}
{"loss": 0.06036040186882019, "acc": 0.9783867001533508, "length": 3.999849796295166, "mode": "train", "epoch": 55}
{"loss": 0.15317478775978088, "acc": 0.9496466517448425, "length": 4.0, "mode": "test", "epoch": 55}
{"loss": 0.054575543850660324, "acc": 0.9808658957481384, "length": 3.999835968017578, "mode": "train", "epoch": 56}
{"loss": 0.1188851073384285, "acc": 0.9667844772338867, "length": 4.0, "mode": "test", "epoch": 56}
{"loss": 0.04031569883227348, "acc": 0.9845864176750183, "length": 3.9998438358306885, "mode": "train", "epoch": 57}
{"loss": 0.0927681177854538, "acc": 0.9750882983207703, "length": 4.0, "mode": "test", "epoch": 57}
{"loss": 0.03785622864961624, "acc": 0.9860048890113831, "length": 3.9999337196350098, "mode": "train", "epoch": 58}
{"loss": 0.09408988058567047, "acc": 0.9678444862365723, "length": 4.0, "mode": "test", "epoch": 58}
{"loss": 0.031326569616794586, "acc": 0.987187385559082, "length": 3.9999582767486572, "mode": "train", "epoch": 59}
{"loss": 0.07684823125600815, "acc": 0.972968339920044, "length": 4.0, "mode": "test", "epoch": 59}
{"loss": 0.030831361189484596, "acc": 0.9899041652679443, "length": 3.999976396560669, "mode": "train", "epoch": 60}
{"loss": 0.09202460944652557, "acc": 0.975618302822113, "length": 4.0, "mode": "test", "epoch": 60}
test accuracy: 0.8727419972419739
