# ["--attributes=5", "--values=4", "--game_size=10", "--vocab_size_factor=3", "--n_epochs=60", "--batch_size=32", "--learning_rate=0.0005", "--hidden_size=256", "--temp_update=0.99", "--temperature=2"]
Creating train_ds and val_ds...

Creating test_ds...
{"loss": 0.7061590552330017, "acc": 0.5072145462036133, "length": 2.7666091918945312, "mode": "train", "epoch": 1}
{"loss": 0.6935352087020874, "acc": 0.5018115639686584, "length": 1.0, "mode": "test", "epoch": 1}
{"loss": 0.6830314993858337, "acc": 0.5538635849952698, "length": 1.6893805265426636, "mode": "train", "epoch": 2}
{"loss": 0.6435187458992004, "acc": 0.645222008228302, "length": 1.97826087474823, "mode": "test", "epoch": 2}
{"loss": 0.5971732139587402, "acc": 0.6987071633338928, "length": 2.3687288761138916, "mode": "train", "epoch": 3}
{"loss": 0.5831321477890015, "acc": 0.6950010657310486, "length": 2.32608699798584, "mode": "test", "epoch": 3}
{"loss": 0.5062621235847473, "acc": 0.7528946995735168, "length": 2.65865159034729, "mode": "train", "epoch": 4}
{"loss": 0.46530401706695557, "acc": 0.7938632965087891, "length": 3.0217392444610596, "mode": "test", "epoch": 4}
{"loss": 0.41267240047454834, "acc": 0.8266875147819519, "length": 3.090679168701172, "mode": "train", "epoch": 5}
{"loss": 0.4123942255973816, "acc": 0.8143002390861511, "length": 3.2173912525177, "mode": "test", "epoch": 5}
{"loss": 0.35581174492836, "acc": 0.850457489490509, "length": 3.2484593391418457, "mode": "train", "epoch": 6}
{"loss": 0.36867788434028625, "acc": 0.8462262153625488, "length": 3.41304349899292, "mode": "test", "epoch": 6}
{"loss": 0.3156120777130127, "acc": 0.8719524145126343, "length": 3.325216293334961, "mode": "train", "epoch": 7}
{"loss": 0.38161394000053406, "acc": 0.8458163738250732, "length": 3.5, "mode": "test", "epoch": 7}
{"loss": 0.2877156436443329, "acc": 0.8827547430992126, "length": 3.413994550704956, "mode": "train", "epoch": 8}
{"loss": 0.3570482134819031, "acc": 0.857531726360321, "length": 3.6521739959716797, "mode": "test", "epoch": 8}
{"loss": 0.25806960463523865, "acc": 0.8964177966117859, "length": 3.6105446815490723, "mode": "train", "epoch": 9}
{"loss": 0.36050447821617126, "acc": 0.8612444400787354, "length": 3.8043477535247803, "mode": "test", "epoch": 9}
{"loss": 0.23424234986305237, "acc": 0.9049763083457947, "length": 3.673764228820801, "mode": "train", "epoch": 10}
{"loss": 0.33304572105407715, "acc": 0.88065105676651, "length": 3.95652174949646, "mode": "test", "epoch": 10}
{"loss": 0.21802809834480286, "acc": 0.9140524864196777, "length": 3.7777416706085205, "mode": "train", "epoch": 11}
{"loss": 0.3763309121131897, "acc": 0.8805615901947021, "length": 3.9891304969787598, "mode": "test", "epoch": 11}
{"loss": 0.20130999386310577, "acc": 0.9219432473182678, "length": 3.882323741912842, "mode": "train", "epoch": 12}
{"loss": 0.3126571476459503, "acc": 0.8980072140693665, "length": 4.0, "mode": "test", "epoch": 12}
{"loss": 0.1890069991350174, "acc": 0.9282048344612122, "length": 3.9180285930633545, "mode": "train", "epoch": 13}
{"loss": 0.29449236392974854, "acc": 0.9010869860649109, "length": 4.0, "mode": "test", "epoch": 13}
{"loss": 0.18165044486522675, "acc": 0.9286725521087646, "length": 3.94638991355896, "mode": "train", "epoch": 14}
{"loss": 0.2823677659034729, "acc": 0.9086957573890686, "length": 4.0, "mode": "test", "epoch": 14}
{"loss": 0.16205719113349915, "acc": 0.942466139793396, "length": 3.948577880859375, "mode": "train", "epoch": 15}
{"loss": 0.2984200716018677, "acc": 0.9103260636329651, "length": 4.0, "mode": "test", "epoch": 15}
{"loss": 0.15131250023841858, "acc": 0.9459936022758484, "length": 3.9473698139190674, "mode": "train", "epoch": 16}
{"loss": 0.27749836444854736, "acc": 0.9056159257888794, "length": 4.0, "mode": "test", "epoch": 16}
{"loss": 0.14232371747493744, "acc": 0.9466250538825989, "length": 3.9628922939300537, "mode": "train", "epoch": 17}
{"loss": 0.300619900226593, "acc": 0.9159420728683472, "length": 4.0, "mode": "test", "epoch": 17}
{"loss": 0.12825465202331543, "acc": 0.9529463648796082, "length": 3.9662137031555176, "mode": "train", "epoch": 18}
{"loss": 0.31733956933021545, "acc": 0.9182970523834229, "length": 4.0, "mode": "test", "epoch": 18}
{"loss": 0.12290774285793304, "acc": 0.9579195976257324, "length": 3.974334716796875, "mode": "train", "epoch": 19}
{"loss": 0.2763211727142334, "acc": 0.922101616859436, "length": 4.0, "mode": "test", "epoch": 19}
{"loss": 0.11303065717220306, "acc": 0.9622148871421814, "length": 3.975478410720825, "mode": "train", "epoch": 20}
{"loss": 0.23925776779651642, "acc": 0.9311594367027283, "length": 4.0, "mode": "test", "epoch": 20}
{"loss": 0.10208901762962341, "acc": 0.9628210663795471, "length": 3.982811689376831, "mode": "train", "epoch": 21}
{"loss": 0.2459423840045929, "acc": 0.9282608032226562, "length": 4.0, "mode": "test", "epoch": 21}
{"loss": 0.09757921099662781, "acc": 0.9660056233406067, "length": 3.985183000564575, "mode": "train", "epoch": 22}
{"loss": 0.22637557983398438, "acc": 0.9304348230361938, "length": 4.0, "mode": "test", "epoch": 22}
{"loss": 0.08211684226989746, "acc": 0.9706788063049316, "length": 3.988248109817505, "mode": "train", "epoch": 23}
{"loss": 0.20988106727600098, "acc": 0.9405798316001892, "length": 4.0, "mode": "test", "epoch": 23}
{"loss": 0.08322276920080185, "acc": 0.9708077311515808, "length": 3.988136053085327, "mode": "train", "epoch": 24}
{"loss": 0.22514721751213074, "acc": 0.9275363683700562, "length": 4.0, "mode": "test", "epoch": 24}
{"loss": 0.07902316004037857, "acc": 0.9709986448287964, "length": 3.9884774684906006, "mode": "train", "epoch": 25}
{"loss": 0.22210414707660675, "acc": 0.9373188018798828, "length": 4.0, "mode": "test", "epoch": 25}
{"loss": 0.07529418915510178, "acc": 0.9751424789428711, "length": 3.99031138420105, "mode": "train", "epoch": 26}
{"loss": 0.24809987843036652, "acc": 0.9246377944946289, "length": 4.0, "mode": "test", "epoch": 26}
{"loss": 0.06349465250968933, "acc": 0.979993999004364, "length": 3.9906198978424072, "mode": "train", "epoch": 27}
{"loss": 0.17489629983901978, "acc": 0.9485507011413574, "length": 4.0, "mode": "test", "epoch": 27}
{"loss": 0.06084048002958298, "acc": 0.9807845950126648, "length": 3.9909045696258545, "mode": "train", "epoch": 28}
{"loss": 0.18584808707237244, "acc": 0.9512680768966675, "length": 4.0, "mode": "test", "epoch": 28}
{"loss": 0.05732961371541023, "acc": 0.978295087814331, "length": 3.9943313598632812, "mode": "train", "epoch": 29}
{"loss": 0.18538939952850342, "acc": 0.9480072259902954, "length": 4.0, "mode": "test", "epoch": 29}
{"loss": 0.05354636162519455, "acc": 0.9832066893577576, "length": 3.9939212799072266, "mode": "train", "epoch": 30}
{"loss": 0.16460220515727997, "acc": 0.9527173042297363, "length": 4.0, "mode": "test", "epoch": 30}
{"loss": 0.055066078901290894, "acc": 0.9790645241737366, "length": 3.9956843852996826, "mode": "train", "epoch": 31}
{"loss": 0.14481638371944427, "acc": 0.9541667103767395, "length": 4.0, "mode": "test", "epoch": 31}
{"loss": 0.048163704574108124, "acc": 0.9830126166343689, "length": 3.996272325515747, "mode": "train", "epoch": 32}
{"loss": 0.18525494635105133, "acc": 0.9498187899589539, "length": 4.0, "mode": "test", "epoch": 32}
{"loss": 0.042043536901474, "acc": 0.9855832457542419, "length": 3.9969260692596436, "mode": "train", "epoch": 33}
{"loss": 0.15218156576156616, "acc": 0.9521740078926086, "length": 4.0, "mode": "test", "epoch": 33}
{"loss": 0.0379825197160244, "acc": 0.9881222248077393, "length": 3.996774673461914, "mode": "train", "epoch": 34}
{"loss": 0.15397803485393524, "acc": 0.9505435228347778, "length": 4.0, "mode": "test", "epoch": 34}
{"loss": 0.03849295526742935, "acc": 0.9875842332839966, "length": 3.9971072673797607, "mode": "train", "epoch": 35}
{"loss": 0.15972888469696045, "acc": 0.9561594128608704, "length": 4.0, "mode": "test", "epoch": 35}
{"loss": 0.038529135286808014, "acc": 0.9884690046310425, "length": 3.9964864253997803, "mode": "train", "epoch": 36}
{"loss": 0.12620221078395844, "acc": 0.9702897071838379, "length": 4.0, "mode": "test", "epoch": 36}
{"loss": 0.031206034123897552, "acc": 0.9903884530067444, "length": 3.997342586517334, "mode": "train", "epoch": 37}
{"loss": 0.168439581990242, "acc": 0.9617754220962524, "length": 4.0, "mode": "test", "epoch": 37}
{"loss": 0.032841190695762634, "acc": 0.99062579870224, "length": 3.9970028400421143, "mode": "train", "epoch": 38}
{"loss": 0.16683563590049744, "acc": 0.9583333134651184, "length": 4.0, "mode": "test", "epoch": 38}
{"loss": 0.034140150994062424, "acc": 0.9899151921272278, "length": 3.997853994369507, "mode": "train", "epoch": 39}
{"loss": 0.16810119152069092, "acc": 0.958695650100708, "length": 4.0, "mode": "test", "epoch": 39}
{"loss": 0.031585801392793655, "acc": 0.9892628788948059, "length": 3.9981679916381836, "mode": "train", "epoch": 40}
{"loss": 0.12636566162109375, "acc": 0.9663043022155762, "length": 4.0, "mode": "test", "epoch": 40}
{"loss": 0.031123153865337372, "acc": 0.9909034371376038, "length": 3.998443365097046, "mode": "train", "epoch": 41}
{"loss": 0.14798040688037872, "acc": 0.967934787273407, "length": 4.0, "mode": "test", "epoch": 41}
{"loss": 0.03069157712161541, "acc": 0.9915533661842346, "length": 3.9975266456604004, "mode": "train", "epoch": 42}
{"loss": 0.14457151293754578, "acc": 0.9644927978515625, "length": 4.0, "mode": "test", "epoch": 42}
{"loss": 0.02958538569509983, "acc": 0.990002453327179, "length": 3.998708486557007, "mode": "train", "epoch": 43}
{"loss": 0.15913206338882446, "acc": 0.96159428358078, "length": 4.0, "mode": "test", "epoch": 43}
{"loss": 0.03285853937268257, "acc": 0.990301787853241, "length": 3.998366594314575, "mode": "train", "epoch": 44}
{"loss": 0.10574807226657867, "acc": 0.9777172803878784, "length": 4.0, "mode": "test", "epoch": 44}
{"loss": 0.02334156632423401, "acc": 0.9922608137130737, "length": 3.998896598815918, "mode": "train", "epoch": 45}
{"loss": 0.1498022973537445, "acc": 0.9507246017456055, "length": 4.0, "mode": "test", "epoch": 45}
{"loss": 0.039599888026714325, "acc": 0.986059308052063, "length": 3.9985454082489014, "mode": "train", "epoch": 46}
{"loss": 0.13286584615707397, "acc": 0.9692028760910034, "length": 4.0, "mode": "test", "epoch": 46}
{"loss": 0.024940311908721924, "acc": 0.9920687675476074, "length": 3.998626708984375, "mode": "train", "epoch": 47}
{"loss": 0.10224752873182297, "acc": 0.9766303896903992, "length": 4.0, "mode": "test", "epoch": 47}
{"loss": 0.019934752956032753, "acc": 0.9932900071144104, "length": 3.999007225036621, "mode": "train", "epoch": 48}
{"loss": 0.11040425300598145, "acc": 0.9751812219619751, "length": 4.0, "mode": "test", "epoch": 48}
{"loss": 0.017443589866161346, "acc": 0.9957901239395142, "length": 3.9992716312408447, "mode": "train", "epoch": 49}
{"loss": 0.09846147149801254, "acc": 0.9769928455352783, "length": 4.0, "mode": "test", "epoch": 49}
{"loss": 0.017571618780493736, "acc": 0.9947585463523865, "length": 3.9993789196014404, "mode": "train", "epoch": 50}
{"loss": 0.10632604360580444, "acc": 0.9753623604774475, "length": 4.0, "mode": "test", "epoch": 50}
{"loss": 0.018722398206591606, "acc": 0.9945203065872192, "length": 3.999473810195923, "mode": "train", "epoch": 51}
{"loss": 0.08911974728107452, "acc": 0.978079617023468, "length": 4.0, "mode": "test", "epoch": 51}
{"loss": 0.022444797679781914, "acc": 0.9931120872497559, "length": 3.9991886615753174, "mode": "train", "epoch": 52}
{"loss": 0.14789460599422455, "acc": 0.9664855003356934, "length": 4.0, "mode": "test", "epoch": 52}
{"loss": 0.02180744707584381, "acc": 0.9944468140602112, "length": 3.9990930557250977, "mode": "train", "epoch": 53}
{"loss": 0.13204661011695862, "acc": 0.9713767170906067, "length": 4.0, "mode": "test", "epoch": 53}
{"loss": 0.013694359920918941, "acc": 0.9975429773330688, "length": 3.999154806137085, "mode": "train", "epoch": 54}
{"loss": 0.09826909005641937, "acc": 0.9702898263931274, "length": 4.0, "mode": "test", "epoch": 54}
{"loss": 0.013367949053645134, "acc": 0.9971265196800232, "length": 3.999438762664795, "mode": "train", "epoch": 55}
{"loss": 0.08431437611579895, "acc": 0.980434775352478, "length": 4.0, "mode": "test", "epoch": 55}
{"loss": 0.01699763536453247, "acc": 0.9950656890869141, "length": 3.999422550201416, "mode": "train", "epoch": 56}
{"loss": 0.09411763399839401, "acc": 0.9802535772323608, "length": 4.0, "mode": "test", "epoch": 56}
{"loss": 0.029369566589593887, "acc": 0.9902074337005615, "length": 3.99934458732605, "mode": "train", "epoch": 57}
{"loss": 0.16567237675189972, "acc": 0.970108687877655, "length": 4.0, "mode": "test", "epoch": 57}
{"loss": 0.026090489700436592, "acc": 0.991371214389801, "length": 3.9996378421783447, "mode": "train", "epoch": 58}
{"loss": 0.13010245561599731, "acc": 0.9751812219619751, "length": 4.0, "mode": "test", "epoch": 58}
{"loss": 0.01717013120651245, "acc": 0.9955593943595886, "length": 3.9996891021728516, "mode": "train", "epoch": 59}
{"loss": 0.1500120759010315, "acc": 0.9697463512420654, "length": 4.0, "mode": "test", "epoch": 59}
{"loss": 0.018328500911593437, "acc": 0.99537593126297, "length": 3.9996461868286133, "mode": "train", "epoch": 60}
{"loss": 0.15406501293182373, "acc": 0.9724637269973755, "length": 4.0, "mode": "test", "epoch": 60}
test accuracy: 0.8380882740020752
