# ["--attributes=5", "--values=4", "--game_size=10", "--vocab_size_factor=3", "--n_epochs=60", "--batch_size=32", "--learning_rate=0.001", "--hidden_size=128", "--temp_update=0.97", "--temperature=1.5"]
Creating train_ds and val_ds...

Creating test_ds...
{"loss": 0.6937340497970581, "acc": 0.5353217124938965, "length": 3.3181214332580566, "mode": "train", "epoch": 1}
{"loss": 0.6738855838775635, "acc": 0.6400445103645325, "length": 1.863309383392334, "mode": "test", "epoch": 1}
{"loss": 0.6225849390029907, "acc": 0.6631254553794861, "length": 3.5171027183532715, "mode": "train", "epoch": 2}
{"loss": 0.58381187915802, "acc": 0.7165468335151672, "length": 4.0, "mode": "test", "epoch": 2}
{"loss": 0.5264908671379089, "acc": 0.7530054450035095, "length": 3.938570499420166, "mode": "train", "epoch": 3}
{"loss": 0.5033194422721863, "acc": 0.780215859413147, "length": 4.0, "mode": "test", "epoch": 3}
{"loss": 0.4735824465751648, "acc": 0.7844327688217163, "length": 3.975029468536377, "mode": "train", "epoch": 4}
{"loss": 0.4918195307254791, "acc": 0.7883094549179077, "length": 4.0, "mode": "test", "epoch": 4}
{"loss": 0.44619089365005493, "acc": 0.80270916223526, "length": 3.9689249992370605, "mode": "train", "epoch": 5}
{"loss": 0.4790966808795929, "acc": 0.7982015013694763, "length": 4.0, "mode": "test", "epoch": 5}
{"loss": 0.4195062816143036, "acc": 0.8131436109542847, "length": 3.9446704387664795, "mode": "train", "epoch": 6}
{"loss": 0.4868720471858978, "acc": 0.7913669943809509, "length": 4.0, "mode": "test", "epoch": 6}
{"loss": 0.39789295196533203, "acc": 0.8193641304969788, "length": 3.9681711196899414, "mode": "train", "epoch": 7}
{"loss": 0.4518613815307617, "acc": 0.7937049865722656, "length": 4.0, "mode": "test", "epoch": 7}
{"loss": 0.37504732608795166, "acc": 0.8305649161338806, "length": 3.9893743991851807, "mode": "train", "epoch": 8}
{"loss": 0.4446714222431183, "acc": 0.8055754899978638, "length": 4.0, "mode": "test", "epoch": 8}
{"loss": 0.3533736765384674, "acc": 0.8399844765663147, "length": 3.992166042327881, "mode": "train", "epoch": 9}
{"loss": 0.41541343927383423, "acc": 0.8208633065223694, "length": 4.0, "mode": "test", "epoch": 9}
{"loss": 0.3445377051830292, "acc": 0.846640944480896, "length": 3.994961738586426, "mode": "train", "epoch": 10}
{"loss": 0.399425745010376, "acc": 0.8187050819396973, "length": 4.0, "mode": "test", "epoch": 10}
{"loss": 0.3294587731361389, "acc": 0.8512351512908936, "length": 3.995940685272217, "mode": "train", "epoch": 11}
{"loss": 0.3905119299888611, "acc": 0.8321943283081055, "length": 4.0, "mode": "test", "epoch": 11}
{"loss": 0.30866995453834534, "acc": 0.868441641330719, "length": 3.9942004680633545, "mode": "train", "epoch": 12}
{"loss": 0.35472816228866577, "acc": 0.8379496335983276, "length": 4.0, "mode": "test", "epoch": 12}
{"loss": 0.28823962807655334, "acc": 0.8746792078018188, "length": 3.9981133937835693, "mode": "train", "epoch": 13}
{"loss": 0.33426418900489807, "acc": 0.862230122089386, "length": 4.0, "mode": "test", "epoch": 13}
{"loss": 0.2722911834716797, "acc": 0.8811131119728088, "length": 3.997657299041748, "mode": "train", "epoch": 14}
{"loss": 0.32126352190971375, "acc": 0.8688848614692688, "length": 4.0, "mode": "test", "epoch": 14}
{"loss": 0.2483227550983429, "acc": 0.8954676389694214, "length": 3.9974095821380615, "mode": "train", "epoch": 15}
{"loss": 0.3022870123386383, "acc": 0.8807553052902222, "length": 4.0, "mode": "test", "epoch": 15}
{"loss": 0.24378588795661926, "acc": 0.8973308205604553, "length": 3.9977073669433594, "mode": "train", "epoch": 16}
{"loss": 0.27601978182792664, "acc": 0.8890288472175598, "length": 4.0, "mode": "test", "epoch": 16}
{"loss": 0.2198103964328766, "acc": 0.9070587158203125, "length": 3.9978790283203125, "mode": "train", "epoch": 17}
{"loss": 0.2722684442996979, "acc": 0.896402895450592, "length": 4.0, "mode": "test", "epoch": 17}
{"loss": 0.21321430802345276, "acc": 0.9107421040534973, "length": 3.9983878135681152, "mode": "train", "epoch": 18}
{"loss": 0.2469785511493683, "acc": 0.9086331129074097, "length": 4.0, "mode": "test", "epoch": 18}
{"loss": 0.19729045033454895, "acc": 0.917347252368927, "length": 3.998216152191162, "mode": "train", "epoch": 19}
{"loss": 0.2167075276374817, "acc": 0.9115107655525208, "length": 4.0, "mode": "test", "epoch": 19}
{"loss": 0.18537543714046478, "acc": 0.923545777797699, "length": 3.998839855194092, "mode": "train", "epoch": 20}
{"loss": 0.21643252670764923, "acc": 0.9201440215110779, "length": 4.0, "mode": "test", "epoch": 20}
{"loss": 0.1783016175031662, "acc": 0.9302172064781189, "length": 3.99812912940979, "mode": "train", "epoch": 21}
{"loss": 0.20852160453796387, "acc": 0.923561155796051, "length": 4.0, "mode": "test", "epoch": 21}
{"loss": 0.17487239837646484, "acc": 0.9298584461212158, "length": 3.9993982315063477, "mode": "train", "epoch": 22}
{"loss": 0.20887991786003113, "acc": 0.9215828776359558, "length": 4.0, "mode": "test", "epoch": 22}
{"loss": 0.16078925132751465, "acc": 0.9354467391967773, "length": 3.9994351863861084, "mode": "train", "epoch": 23}
{"loss": 0.20406509935855865, "acc": 0.932913601398468, "length": 4.0, "mode": "test", "epoch": 23}
{"loss": 0.15153926610946655, "acc": 0.9419928193092346, "length": 3.996086359024048, "mode": "train", "epoch": 24}
{"loss": 0.17954318225383759, "acc": 0.936690628528595, "length": 4.0, "mode": "test", "epoch": 24}
{"loss": 0.15591610968112946, "acc": 0.9418135285377502, "length": 3.9993667602539062, "mode": "train", "epoch": 25}
{"loss": 0.1779506951570511, "acc": 0.9341725707054138, "length": 4.0, "mode": "test", "epoch": 25}
{"loss": 0.14230738580226898, "acc": 0.9472806453704834, "length": 3.9993844032287598, "mode": "train", "epoch": 26}
{"loss": 0.17275820672512054, "acc": 0.9395684003829956, "length": 4.0, "mode": "test", "epoch": 26}
{"loss": 0.13302704691886902, "acc": 0.9495594501495361, "length": 3.999129295349121, "mode": "train", "epoch": 27}
{"loss": 0.18057425320148468, "acc": 0.9341725707054138, "length": 4.0, "mode": "test", "epoch": 27}
{"loss": 0.13107414543628693, "acc": 0.9512498378753662, "length": 3.9994313716888428, "mode": "train", "epoch": 28}
{"loss": 0.16814108192920685, "acc": 0.9379497766494751, "length": 4.0, "mode": "test", "epoch": 28}
{"loss": 0.12692531943321228, "acc": 0.9496870040893555, "length": 3.9996182918548584, "mode": "train", "epoch": 29}
{"loss": 0.13915391266345978, "acc": 0.9449639916419983, "length": 4.0, "mode": "test", "epoch": 29}
{"loss": 0.12298858910799026, "acc": 0.953180730342865, "length": 3.9989194869995117, "mode": "train", "epoch": 30}
{"loss": 0.1710897535085678, "acc": 0.9487408995628357, "length": 4.0, "mode": "test", "epoch": 30}
{"loss": 0.11525902152061462, "acc": 0.9535396099090576, "length": 3.999774694442749, "mode": "train", "epoch": 31}
{"loss": 0.14867229759693146, "acc": 0.9507193565368652, "length": 4.0, "mode": "test", "epoch": 31}
{"loss": 0.10753349214792252, "acc": 0.9602034687995911, "length": 3.999620199203491, "mode": "train", "epoch": 32}
{"loss": 0.16044916212558746, "acc": 0.9517985582351685, "length": 4.0, "mode": "test", "epoch": 32}
{"loss": 0.10580731183290482, "acc": 0.9635091423988342, "length": 3.9992690086364746, "mode": "train", "epoch": 33}
{"loss": 0.14493995904922485, "acc": 0.9426259398460388, "length": 4.0, "mode": "test", "epoch": 33}
{"loss": 0.11248081922531128, "acc": 0.9560756683349609, "length": 3.9988222122192383, "mode": "train", "epoch": 34}
{"loss": 0.16370327770709991, "acc": 0.941366970539093, "length": 4.0, "mode": "test", "epoch": 34}
{"loss": 0.11410660296678543, "acc": 0.9579903483390808, "length": 3.9999122619628906, "mode": "train", "epoch": 35}
{"loss": 0.15824078023433685, "acc": 0.9489209055900574, "length": 4.0, "mode": "test", "epoch": 35}
{"loss": 0.1051158457994461, "acc": 0.9601024985313416, "length": 3.9992637634277344, "mode": "train", "epoch": 36}
{"loss": 0.1441696584224701, "acc": 0.9485613107681274, "length": 4.0, "mode": "test", "epoch": 36}
{"loss": 0.10119644552469254, "acc": 0.9659219980239868, "length": 3.9999232292175293, "mode": "train", "epoch": 37}
{"loss": 0.14092376828193665, "acc": 0.9575541019439697, "length": 4.0, "mode": "test", "epoch": 37}
{"loss": 0.09668964147567749, "acc": 0.9655590653419495, "length": 3.9996581077575684, "mode": "train", "epoch": 38}
{"loss": 0.15031883120536804, "acc": 0.9589928388595581, "length": 4.0, "mode": "test", "epoch": 38}
{"loss": 0.08679944276809692, "acc": 0.9691008925437927, "length": 3.9996795654296875, "mode": "train", "epoch": 39}
{"loss": 0.11762666702270508, "acc": 0.9616906642913818, "length": 4.0, "mode": "test", "epoch": 39}
{"loss": 0.08383174985647202, "acc": 0.9703118801116943, "length": 3.9999804496765137, "mode": "train", "epoch": 40}
{"loss": 0.14372044801712036, "acc": 0.9546763300895691, "length": 4.0, "mode": "test", "epoch": 40}
{"loss": 0.07785842567682266, "acc": 0.9722945094108582, "length": 3.99997615814209, "mode": "train", "epoch": 41}
{"loss": 0.13951744139194489, "acc": 0.9651080965995789, "length": 4.0, "mode": "test", "epoch": 41}
{"loss": 0.07269421219825745, "acc": 0.9753573536872864, "length": 3.9999196529388428, "mode": "train", "epoch": 42}
{"loss": 0.1199239119887352, "acc": 0.9624101519584656, "length": 4.0, "mode": "test", "epoch": 42}
{"loss": 0.07198558002710342, "acc": 0.9745782613754272, "length": 3.9999775886535645, "mode": "train", "epoch": 43}
{"loss": 0.1205812320113182, "acc": 0.9647483825683594, "length": 4.0, "mode": "test", "epoch": 43}
{"loss": 0.07601803541183472, "acc": 0.9742041230201721, "length": 3.999798059463501, "mode": "train", "epoch": 44}
{"loss": 0.09804738312959671, "acc": 0.9735612273216248, "length": 4.0, "mode": "test", "epoch": 44}
{"loss": 0.06354880332946777, "acc": 0.9788450598716736, "length": 3.9999709129333496, "mode": "train", "epoch": 45}
{"loss": 0.10384079813957214, "acc": 0.9749999642372131, "length": 4.0, "mode": "test", "epoch": 45}
{"loss": 0.07321528345346451, "acc": 0.975417971611023, "length": 3.9999003410339355, "mode": "train", "epoch": 46}
{"loss": 0.12748335301876068, "acc": 0.9606114625930786, "length": 4.0, "mode": "test", "epoch": 46}
{"loss": 0.07521383464336395, "acc": 0.9725216627120972, "length": 3.9997851848602295, "mode": "train", "epoch": 47}
{"loss": 0.129360631108284, "acc": 0.9678056836128235, "length": 4.0, "mode": "test", "epoch": 47}
{"loss": 0.09757943451404572, "acc": 0.962670624256134, "length": 3.9998652935028076, "mode": "train", "epoch": 48}
{"loss": 0.1661035418510437, "acc": 0.9514387249946594, "length": 4.0, "mode": "test", "epoch": 48}
{"loss": 0.12069720029830933, "acc": 0.959442675113678, "length": 3.998772621154785, "mode": "train", "epoch": 49}
{"loss": 0.17033734917640686, "acc": 0.9501798152923584, "length": 4.0, "mode": "test", "epoch": 49}
{"loss": 0.09091799706220627, "acc": 0.9653196930885315, "length": 3.999798059463501, "mode": "train", "epoch": 50}
{"loss": 0.15061356127262115, "acc": 0.9516186714172363, "length": 4.0, "mode": "test", "epoch": 50}
{"loss": 0.07151723653078079, "acc": 0.9715752005577087, "length": 3.998546838760376, "mode": "train", "epoch": 51}
{"loss": 0.14032484591007233, "acc": 0.9645684361457825, "length": 4.0, "mode": "test", "epoch": 51}
{"loss": 0.06510845571756363, "acc": 0.9783049821853638, "length": 3.9999940395355225, "mode": "train", "epoch": 52}
{"loss": 0.10686421394348145, "acc": 0.9723020195960999, "length": 4.0, "mode": "test", "epoch": 52}
{"loss": 0.06333400309085846, "acc": 0.9755961298942566, "length": 3.999910831451416, "mode": "train", "epoch": 53}
{"loss": 0.14326263964176178, "acc": 0.9591727256774902, "length": 4.0, "mode": "test", "epoch": 53}
{"loss": 0.08039636164903641, "acc": 0.9733003377914429, "length": 3.9996583461761475, "mode": "train", "epoch": 54}
{"loss": 0.12061422318220139, "acc": 0.965827226638794, "length": 4.0, "mode": "test", "epoch": 54}
{"loss": 0.05678291618824005, "acc": 0.9800401329994202, "length": 3.9998011589050293, "mode": "train", "epoch": 55}
{"loss": 0.10335841029882431, "acc": 0.9760791659355164, "length": 4.0, "mode": "test", "epoch": 55}
{"loss": 0.051114168018102646, "acc": 0.981536865234375, "length": 3.998912811279297, "mode": "train", "epoch": 56}
{"loss": 0.11662910878658295, "acc": 0.9616904258728027, "length": 4.0, "mode": "test", "epoch": 56}
{"loss": 0.06279243528842926, "acc": 0.9773880243301392, "length": 3.998798370361328, "mode": "train", "epoch": 57}
{"loss": 0.16600699722766876, "acc": 0.9616905450820923, "length": 4.0, "mode": "test", "epoch": 57}
{"loss": 0.05559235066175461, "acc": 0.9811893701553345, "length": 3.999988555908203, "mode": "train", "epoch": 58}
{"loss": 0.14130355417728424, "acc": 0.9615107178688049, "length": 4.0, "mode": "test", "epoch": 58}
{"loss": 0.05800801143050194, "acc": 0.9810094237327576, "length": 3.9999887943267822, "mode": "train", "epoch": 59}
{"loss": 0.12952585518360138, "acc": 0.9663668870925903, "length": 4.0, "mode": "test", "epoch": 59}
{"loss": 0.04575891047716141, "acc": 0.9857550859451294, "length": 3.999911069869995, "mode": "train", "epoch": 60}
{"loss": 0.12483026087284088, "acc": 0.9690647125244141, "length": 4.0, "mode": "test", "epoch": 60}
test accuracy: 0.8966666460037231
