# ["--attributes=3", "--values=4", "--game_size=10", "--vocab_size_factor=3", "--n_epochs=60", "--batch_size=32", "--learning_rate=0.001", "--hidden_size=128", "--temp_update=0.99", "--temperature=1.5"]
Creating train_ds and val_ds...

Creating test_ds...
{"loss": 0.692061722278595, "acc": 0.5200862884521484, "length": 3.119805097579956, "mode": "train", "epoch": 1}
{"loss": 0.6809859871864319, "acc": 0.5578992962837219, "length": 1.7465277910232544, "mode": "test", "epoch": 1}
{"loss": 0.6304836273193359, "acc": 0.6457385420799255, "length": 3.1840431690216064, "mode": "train", "epoch": 2}
{"loss": 0.5685194730758667, "acc": 0.7081434726715088, "length": 3.625, "mode": "test", "epoch": 2}
{"loss": 0.51901775598526, "acc": 0.7633192539215088, "length": 3.2617671489715576, "mode": "train", "epoch": 3}
{"loss": 0.519616425037384, "acc": 0.7785481810569763, "length": 3.256944417953491, "mode": "test", "epoch": 3}
{"loss": 0.455365926027298, "acc": 0.8006750345230103, "length": 3.3844871520996094, "mode": "train", "epoch": 4}
{"loss": 0.47916698455810547, "acc": 0.7936632037162781, "length": 3.6458332538604736, "mode": "test", "epoch": 4}
{"loss": 0.41457799077033997, "acc": 0.8166522979736328, "length": 3.647282600402832, "mode": "train", "epoch": 5}
{"loss": 0.4119270443916321, "acc": 0.8196777701377869, "length": 3.9548611640930176, "mode": "test", "epoch": 5}
{"loss": 0.3605339527130127, "acc": 0.8462682962417603, "length": 3.8351693153381348, "mode": "train", "epoch": 6}
{"loss": 0.36495113372802734, "acc": 0.8516058921813965, "length": 3.9548611640930176, "mode": "test", "epoch": 6}
{"loss": 0.32407358288764954, "acc": 0.86555016040802, "length": 3.9028332233428955, "mode": "train", "epoch": 7}
{"loss": 0.30744022130966187, "acc": 0.8701388835906982, "length": 4.0, "mode": "test", "epoch": 7}
{"loss": 0.2955385446548462, "acc": 0.8756882548332214, "length": 3.9622669219970703, "mode": "train", "epoch": 8}
{"loss": 0.28423160314559937, "acc": 0.8843749165534973, "length": 4.0, "mode": "test", "epoch": 8}
{"loss": 0.2648950219154358, "acc": 0.88958740234375, "length": 3.9721920490264893, "mode": "train", "epoch": 9}
{"loss": 0.23675192892551422, "acc": 0.9123265147209167, "length": 4.0, "mode": "test", "epoch": 9}
{"loss": 0.2543959319591522, "acc": 0.901807963848114, "length": 3.985398530960083, "mode": "train", "epoch": 10}
{"loss": 0.24215205013751984, "acc": 0.9074652791023254, "length": 4.0, "mode": "test", "epoch": 10}
{"loss": 0.23853646218776703, "acc": 0.9103484749794006, "length": 3.9902195930480957, "mode": "train", "epoch": 11}
{"loss": 0.2319037914276123, "acc": 0.9065972566604614, "length": 4.0, "mode": "test", "epoch": 11}
{"loss": 0.23556043207645416, "acc": 0.9081105589866638, "length": 3.9893593788146973, "mode": "train", "epoch": 12}
{"loss": 0.2388688176870346, "acc": 0.9060763120651245, "length": 4.0, "mode": "test", "epoch": 12}
{"loss": 0.22645381093025208, "acc": 0.9123058915138245, "length": 3.9919254779815674, "mode": "train", "epoch": 13}
{"loss": 0.22465020418167114, "acc": 0.9177083969116211, "length": 4.0, "mode": "test", "epoch": 13}
{"loss": 0.20696114003658295, "acc": 0.9234097003936768, "length": 3.994147539138794, "mode": "train", "epoch": 14}
{"loss": 0.2070852816104889, "acc": 0.9251735210418701, "length": 4.0, "mode": "test", "epoch": 14}
{"loss": 0.19732558727264404, "acc": 0.9234758019447327, "length": 3.9945247173309326, "mode": "train", "epoch": 15}
{"loss": 0.21714258193969727, "acc": 0.9244791865348816, "length": 4.0, "mode": "test", "epoch": 15}
{"loss": 0.20070281624794006, "acc": 0.9226604104042053, "length": 3.9942188262939453, "mode": "train", "epoch": 16}
{"loss": 0.199799582362175, "acc": 0.9277777075767517, "length": 4.0, "mode": "test", "epoch": 16}
{"loss": 0.17789964377880096, "acc": 0.935578465461731, "length": 3.9927515983581543, "mode": "train", "epoch": 17}
{"loss": 0.1885806918144226, "acc": 0.9368056058883667, "length": 4.0, "mode": "test", "epoch": 17}
{"loss": 0.16799774765968323, "acc": 0.9397973418235779, "length": 3.9955077171325684, "mode": "train", "epoch": 18}
{"loss": 0.17723841965198517, "acc": 0.9399304986000061, "length": 4.0, "mode": "test", "epoch": 18}
{"loss": 0.15692086517810822, "acc": 0.9398351907730103, "length": 3.9971518516540527, "mode": "train", "epoch": 19}
{"loss": 0.17460544407367706, "acc": 0.9375, "length": 4.0, "mode": "test", "epoch": 19}
{"loss": 0.14270740747451782, "acc": 0.9504002332687378, "length": 3.995753288269043, "mode": "train", "epoch": 20}
{"loss": 0.1806541085243225, "acc": 0.9373263120651245, "length": 4.0, "mode": "test", "epoch": 20}
{"loss": 0.1373964250087738, "acc": 0.9503965973854065, "length": 3.9972596168518066, "mode": "train", "epoch": 21}
{"loss": 0.15918710827827454, "acc": 0.9375, "length": 4.0, "mode": "test", "epoch": 21}
{"loss": 0.13374848663806915, "acc": 0.9519644975662231, "length": 3.9975409507751465, "mode": "train", "epoch": 22}
{"loss": 0.1456531286239624, "acc": 0.9477429986000061, "length": 4.0, "mode": "test", "epoch": 22}
{"loss": 0.12249031662940979, "acc": 0.9547248482704163, "length": 3.995595932006836, "mode": "train", "epoch": 23}
{"loss": 0.14337751269340515, "acc": 0.9500000476837158, "length": 4.0, "mode": "test", "epoch": 23}
{"loss": 0.1050320491194725, "acc": 0.9634557962417603, "length": 3.9971084594726562, "mode": "train", "epoch": 24}
{"loss": 0.11181069910526276, "acc": 0.9621527791023254, "length": 4.0, "mode": "test", "epoch": 24}
{"loss": 0.1098887249827385, "acc": 0.9625458121299744, "length": 3.9984099864959717, "mode": "train", "epoch": 25}
{"loss": 0.1415412425994873, "acc": 0.9529513120651245, "length": 4.0, "mode": "test", "epoch": 25}
{"loss": 0.09254879504442215, "acc": 0.9697375893592834, "length": 3.998328447341919, "mode": "train", "epoch": 26}
{"loss": 0.12120156735181808, "acc": 0.9588541388511658, "length": 4.0, "mode": "test", "epoch": 26}
{"loss": 0.08030081540346146, "acc": 0.9743710160255432, "length": 3.998380184173584, "mode": "train", "epoch": 27}
{"loss": 0.09232886880636215, "acc": 0.9703124165534973, "length": 4.0, "mode": "test", "epoch": 27}
{"loss": 0.06992488354444504, "acc": 0.9765297770500183, "length": 3.998652458190918, "mode": "train", "epoch": 28}
{"loss": 0.10692831128835678, "acc": 0.964756965637207, "length": 4.0, "mode": "test", "epoch": 28}
{"loss": 0.08537884801626205, "acc": 0.971379280090332, "length": 3.9989535808563232, "mode": "train", "epoch": 29}
{"loss": 0.10003621876239777, "acc": 0.9684027433395386, "length": 4.0, "mode": "test", "epoch": 29}
{"loss": 0.0696563646197319, "acc": 0.978852391242981, "length": 3.9983720779418945, "mode": "train", "epoch": 30}
{"loss": 0.07982850819826126, "acc": 0.9751736521720886, "length": 4.0, "mode": "test", "epoch": 30}
{"loss": 0.053641729056835175, "acc": 0.9833298921585083, "length": 3.9992425441741943, "mode": "train", "epoch": 31}
{"loss": 0.0699186772108078, "acc": 0.9741320013999939, "length": 4.0, "mode": "test", "epoch": 31}
{"loss": 0.04767604544758797, "acc": 0.9866344332695007, "length": 3.99912166595459, "mode": "train", "epoch": 32}
{"loss": 0.06637635827064514, "acc": 0.9746527075767517, "length": 4.0, "mode": "test", "epoch": 32}
{"loss": 0.04023709148168564, "acc": 0.9894063472747803, "length": 3.998854637145996, "mode": "train", "epoch": 33}
{"loss": 0.06671535968780518, "acc": 0.9772568941116333, "length": 4.0, "mode": "test", "epoch": 33}
{"loss": 0.039709921926259995, "acc": 0.9893162250518799, "length": 3.999549150466919, "mode": "train", "epoch": 34}
{"loss": 0.06435102969408035, "acc": 0.9833332896232605, "length": 4.0, "mode": "test", "epoch": 34}
{"loss": 0.03961457684636116, "acc": 0.9879774451255798, "length": 3.999488592147827, "mode": "train", "epoch": 35}
{"loss": 0.05204698070883751, "acc": 0.9835069179534912, "length": 4.0, "mode": "test", "epoch": 35}
{"loss": 0.030482670292258263, "acc": 0.9934245347976685, "length": 3.9993882179260254, "mode": "train", "epoch": 36}
{"loss": 0.05782627314329147, "acc": 0.9836806058883667, "length": 4.0, "mode": "test", "epoch": 36}
{"loss": 0.03614845871925354, "acc": 0.9901275038719177, "length": 3.999702215194702, "mode": "train", "epoch": 37}
{"loss": 0.06721476465463638, "acc": 0.9711804986000061, "length": 4.0, "mode": "test", "epoch": 37}
{"loss": 0.03959202766418457, "acc": 0.98844975233078, "length": 3.999717950820923, "mode": "train", "epoch": 38}
{"loss": 0.056593816727399826, "acc": 0.9729166030883789, "length": 4.0, "mode": "test", "epoch": 38}
{"loss": 0.02717212401330471, "acc": 0.9927991032600403, "length": 3.999713897705078, "mode": "train", "epoch": 39}
{"loss": 0.04394393786787987, "acc": 0.9819445013999939, "length": 4.0, "mode": "test", "epoch": 39}
{"loss": 0.035137247294187546, "acc": 0.9886818528175354, "length": 3.9997718334198, "mode": "train", "epoch": 40}
{"loss": 0.037858061492443085, "acc": 0.9907986521720886, "length": 4.0, "mode": "test", "epoch": 40}
{"loss": 0.022426787763834, "acc": 0.9952386617660522, "length": 3.999826192855835, "mode": "train", "epoch": 41}
{"loss": 0.047708235681056976, "acc": 0.9859374165534973, "length": 4.0, "mode": "test", "epoch": 41}
{"loss": 0.019662339240312576, "acc": 0.9963973760604858, "length": 3.9997832775115967, "mode": "train", "epoch": 42}
{"loss": 0.057207804173231125, "acc": 0.9838540554046631, "length": 4.0, "mode": "test", "epoch": 42}
{"loss": 0.024396242573857307, "acc": 0.9942519068717957, "length": 3.9998557567596436, "mode": "train", "epoch": 43}
{"loss": 0.048810239881277084, "acc": 0.9868054986000061, "length": 4.0, "mode": "test", "epoch": 43}
{"loss": 0.01981688290834427, "acc": 0.9952109456062317, "length": 3.9985904693603516, "mode": "train", "epoch": 44}
{"loss": 0.05647013708949089, "acc": 0.9817708134651184, "length": 4.0, "mode": "test", "epoch": 44}
{"loss": 0.03405596688389778, "acc": 0.9900743961334229, "length": 3.999821186065674, "mode": "train", "epoch": 45}
{"loss": 0.06727469712495804, "acc": 0.9819445013999939, "length": 4.0, "mode": "test", "epoch": 45}
{"loss": 0.030419666320085526, "acc": 0.9921028017997742, "length": 3.9997711181640625, "mode": "train", "epoch": 46}
{"loss": 0.06333691626787186, "acc": 0.9796874523162842, "length": 4.0, "mode": "test", "epoch": 46}
{"loss": 0.023044385015964508, "acc": 0.9944257140159607, "length": 3.999847888946533, "mode": "train", "epoch": 47}
{"loss": 0.0502755381166935, "acc": 0.9871528148651123, "length": 4.0, "mode": "test", "epoch": 47}
{"loss": 0.014575274661183357, "acc": 0.99761563539505, "length": 3.999798536300659, "mode": "train", "epoch": 48}
{"loss": 0.0485735721886158, "acc": 0.9864583611488342, "length": 4.0, "mode": "test", "epoch": 48}
{"loss": 0.02117118611931801, "acc": 0.9962844252586365, "length": 3.999904155731201, "mode": "train", "epoch": 49}
{"loss": 0.059690773487091064, "acc": 0.9857639670372009, "length": 4.0, "mode": "test", "epoch": 49}
{"loss": 0.012713590636849403, "acc": 0.9979681968688965, "length": 3.9999470710754395, "mode": "train", "epoch": 50}
{"loss": 0.0467284694314003, "acc": 0.9859374165534973, "length": 4.0, "mode": "test", "epoch": 50}
{"loss": 0.01926225610077381, "acc": 0.9954155087471008, "length": 3.9999277591705322, "mode": "train", "epoch": 51}
{"loss": 0.04862526059150696, "acc": 0.9845486879348755, "length": 4.0, "mode": "test", "epoch": 51}
{"loss": 0.01925285905599594, "acc": 0.9955317378044128, "length": 3.999948263168335, "mode": "train", "epoch": 52}
{"loss": 0.06758810579776764, "acc": 0.9800347089767456, "length": 4.0, "mode": "test", "epoch": 52}
{"loss": 0.02219494991004467, "acc": 0.9950103163719177, "length": 3.9999568462371826, "mode": "train", "epoch": 53}
{"loss": 0.07105133682489395, "acc": 0.9748263955116272, "length": 4.0, "mode": "test", "epoch": 53}
{"loss": 0.015533959493041039, "acc": 0.9973883032798767, "length": 3.9999423027038574, "mode": "train", "epoch": 54}
{"loss": 0.036647070199251175, "acc": 0.9899305701255798, "length": 4.0, "mode": "test", "epoch": 54}
{"loss": 0.016707370057702065, "acc": 0.995878279209137, "length": 3.99984073638916, "mode": "train", "epoch": 55}
{"loss": 0.0770379975438118, "acc": 0.9788195490837097, "length": 4.0, "mode": "test", "epoch": 55}
{"loss": 0.017179716378450394, "acc": 0.9954167604446411, "length": 3.999971866607666, "mode": "train", "epoch": 56}
{"loss": 0.0323437862098217, "acc": 0.9934027791023254, "length": 4.0, "mode": "test", "epoch": 56}
{"loss": 0.023657284677028656, "acc": 0.9939651489257812, "length": 3.9999120235443115, "mode": "train", "epoch": 57}
{"loss": 0.0491659976541996, "acc": 0.9874999523162842, "length": 4.0, "mode": "test", "epoch": 57}
{"loss": 0.020179791375994682, "acc": 0.9944876432418823, "length": 3.999957323074341, "mode": "train", "epoch": 58}
{"loss": 0.043741948902606964, "acc": 0.9885416030883789, "length": 4.0, "mode": "test", "epoch": 58}
{"loss": 0.014551394619047642, "acc": 0.9969829320907593, "length": 3.999971866607666, "mode": "train", "epoch": 59}
{"loss": 0.055933959782123566, "acc": 0.9869791865348816, "length": 4.0, "mode": "test", "epoch": 59}
{"loss": 0.01869562827050686, "acc": 0.9950692057609558, "length": 3.9999876022338867, "mode": "train", "epoch": 60}
{"loss": 0.025826286524534225, "acc": 0.9907986521720886, "length": 4.0, "mode": "test", "epoch": 60}
test accuracy: 0.856034517288208
