# ["--attributes=5", "--values=4", "--game_size=10", "--vocab_size_factor=3", "--n_epochs=60", "--batch_size=32", "--learning_rate=0.001", "--hidden_size=128", "--temp_update=0.99", "--temperature=1.5"]
Creating train_ds and val_ds...

Creating test_ds...
{"loss": 0.698217511177063, "acc": 0.5200284719467163, "length": 2.8620126247406006, "mode": "train", "epoch": 1}
{"loss": 0.691253125667572, "acc": 0.533629834651947, "length": 1.0, "mode": "test", "epoch": 1}
{"loss": 0.6549258232116699, "acc": 0.6097154021263123, "length": 2.537139892578125, "mode": "train", "epoch": 2}
{"loss": 0.5735990405082703, "acc": 0.7213252186775208, "length": 2.6868326663970947, "mode": "test", "epoch": 2}
{"loss": 0.5241774916648865, "acc": 0.7589076161384583, "length": 2.973280668258667, "mode": "train", "epoch": 3}
{"loss": 0.5324697494506836, "acc": 0.7480373978614807, "length": 2.9323842525482178, "mode": "test", "epoch": 3}
{"loss": 0.4857959449291229, "acc": 0.7719999551773071, "length": 2.948375940322876, "mode": "train", "epoch": 4}
{"loss": 0.5045869946479797, "acc": 0.7637068629264832, "length": 2.8896796703338623, "mode": "test", "epoch": 4}
{"loss": 0.47184014320373535, "acc": 0.7751560807228088, "length": 2.946545362472534, "mode": "train", "epoch": 5}
{"loss": 0.5109872817993164, "acc": 0.7580420970916748, "length": 2.9644129276275635, "mode": "test", "epoch": 5}
{"loss": 0.4585186243057251, "acc": 0.7835954427719116, "length": 2.9960062503814697, "mode": "train", "epoch": 6}
{"loss": 0.4806136190891266, "acc": 0.7632569074630737, "length": 3.1032028198242188, "mode": "test", "epoch": 6}
{"loss": 0.4343431890010834, "acc": 0.7837788462638855, "length": 3.147101879119873, "mode": "train", "epoch": 7}
{"loss": 0.4685266315937042, "acc": 0.7683069705963135, "length": 3.1032028198242188, "mode": "test", "epoch": 7}
{"loss": 0.41788142919540405, "acc": 0.7871140241622925, "length": 3.254196882247925, "mode": "train", "epoch": 8}
{"loss": 0.4394325315952301, "acc": 0.764386773109436, "length": 3.156583547592163, "mode": "test", "epoch": 8}
{"loss": 0.40965938568115234, "acc": 0.7876240611076355, "length": 3.2186408042907715, "mode": "train", "epoch": 9}
{"loss": 0.43541398644447327, "acc": 0.7726773023605347, "length": 3.1138789653778076, "mode": "test", "epoch": 9}
{"loss": 0.3979545831680298, "acc": 0.7868038415908813, "length": 3.2454655170440674, "mode": "train", "epoch": 10}
{"loss": 0.42769357562065125, "acc": 0.7719708681106567, "length": 3.1352312564849854, "mode": "test", "epoch": 10}
{"loss": 0.38945984840393066, "acc": 0.7899564504623413, "length": 3.353882312774658, "mode": "train", "epoch": 11}
{"loss": 0.42135384678840637, "acc": 0.7741559147834778, "length": 3.508896827697754, "mode": "test", "epoch": 11}
{"loss": 0.38462355732917786, "acc": 0.7927737832069397, "length": 3.4825613498687744, "mode": "train", "epoch": 12}
{"loss": 0.41357627511024475, "acc": 0.7743698358535767, "length": 3.6903915405273438, "mode": "test", "epoch": 12}
{"loss": 0.37643876671791077, "acc": 0.7934855222702026, "length": 3.565568208694458, "mode": "train", "epoch": 13}
{"loss": 0.40886470675468445, "acc": 0.7775984406471252, "length": 3.7117438316345215, "mode": "test", "epoch": 13}
{"loss": 0.3683887720108032, "acc": 0.798920214176178, "length": 3.600356101989746, "mode": "train", "epoch": 14}
{"loss": 0.40377601981163025, "acc": 0.7793874740600586, "length": 3.7117438316345215, "mode": "test", "epoch": 14}
{"loss": 0.36246639490127563, "acc": 0.8086501359939575, "length": 3.6281673908233643, "mode": "train", "epoch": 15}
{"loss": 0.39332056045532227, "acc": 0.7897357940673828, "length": 3.7117438316345215, "mode": "test", "epoch": 15}
{"loss": 0.356191486120224, "acc": 0.8202890157699585, "length": 3.6419003009796143, "mode": "train", "epoch": 16}
{"loss": 0.3869899809360504, "acc": 0.7994292378425598, "length": 3.7010676860809326, "mode": "test", "epoch": 16}
{"loss": 0.3475090563297272, "acc": 0.8258723020553589, "length": 3.62984561920166, "mode": "train", "epoch": 17}
{"loss": 0.36581671237945557, "acc": 0.817661464214325, "length": 3.7117438316345215, "mode": "test", "epoch": 17}
{"loss": 0.31959736347198486, "acc": 0.840025782585144, "length": 3.6658709049224854, "mode": "train", "epoch": 18}
{"loss": 0.3314659595489502, "acc": 0.8339577913284302, "length": 3.733096122741699, "mode": "test", "epoch": 18}
{"loss": 0.2992745637893677, "acc": 0.8567472100257874, "length": 3.700505018234253, "mode": "train", "epoch": 19}
{"loss": 0.3142679035663605, "acc": 0.8499673008918762, "length": 3.900355815887451, "mode": "test", "epoch": 19}
{"loss": 0.2938080132007599, "acc": 0.8619123101234436, "length": 3.745183229446411, "mode": "train", "epoch": 20}
{"loss": 0.30564138293266296, "acc": 0.8522273302078247, "length": 3.7971529960632324, "mode": "test", "epoch": 20}
{"loss": 0.2836976647377014, "acc": 0.8662338256835938, "length": 3.773423433303833, "mode": "train", "epoch": 21}
{"loss": 0.30172231793403625, "acc": 0.8607931733131409, "length": 3.8967971801757812, "mode": "test", "epoch": 21}
{"loss": 0.27828097343444824, "acc": 0.8703965544700623, "length": 3.791661024093628, "mode": "train", "epoch": 22}
{"loss": 0.3068818747997284, "acc": 0.8665002584457397, "length": 3.900355815887451, "mode": "test", "epoch": 22}
{"loss": 0.2710629105567932, "acc": 0.8737066984176636, "length": 3.829216480255127, "mode": "train", "epoch": 23}
{"loss": 0.30542683601379395, "acc": 0.8605166673660278, "length": 3.81850528717041, "mode": "test", "epoch": 23}
{"loss": 0.2667110860347748, "acc": 0.8783385753631592, "length": 3.787709951400757, "mode": "train", "epoch": 24}
{"loss": 0.31115156412124634, "acc": 0.8647756576538086, "length": 3.843416452407837, "mode": "test", "epoch": 24}
{"loss": 0.2673666179180145, "acc": 0.88518226146698, "length": 3.800816774368286, "mode": "train", "epoch": 25}
{"loss": 0.30501583218574524, "acc": 0.8782169818878174, "length": 3.8861210346221924, "mode": "test", "epoch": 25}
{"loss": 0.24824348092079163, "acc": 0.8939989805221558, "length": 3.790022134780884, "mode": "train", "epoch": 26}
{"loss": 0.2832922041416168, "acc": 0.884985625743866, "length": 3.8576512336730957, "mode": "test", "epoch": 26}
{"loss": 0.24237996339797974, "acc": 0.9007571339607239, "length": 3.819263219833374, "mode": "train", "epoch": 27}
{"loss": 0.27924543619155884, "acc": 0.8905996084213257, "length": 3.8790035247802734, "mode": "test", "epoch": 27}
{"loss": 0.24369128048419952, "acc": 0.8983750343322754, "length": 3.768117904663086, "mode": "train", "epoch": 28}
{"loss": 0.27328604459762573, "acc": 0.891981303691864, "length": 3.8790035247802734, "mode": "test", "epoch": 28}
{"loss": 0.2337418794631958, "acc": 0.9039762616157532, "length": 3.8345038890838623, "mode": "train", "epoch": 29}
{"loss": 0.2703877091407776, "acc": 0.8884802460670471, "length": 3.8790035247802734, "mode": "test", "epoch": 29}
{"loss": 0.21935071051120758, "acc": 0.9083743691444397, "length": 3.8243913650512695, "mode": "train", "epoch": 30}
{"loss": 0.27628007531166077, "acc": 0.8905349969863892, "length": 3.8896796703338623, "mode": "test", "epoch": 30}
{"loss": 0.20732028782367706, "acc": 0.9177536368370056, "length": 3.8238658905029297, "mode": "train", "epoch": 31}
{"loss": 0.2632184624671936, "acc": 0.8894779682159424, "length": 3.8896796703338623, "mode": "test", "epoch": 31}
{"loss": 0.1987031102180481, "acc": 0.9209069609642029, "length": 3.822878122329712, "mode": "train", "epoch": 32}
{"loss": 0.2436659038066864, "acc": 0.8958896398544312, "length": 3.8825621604919434, "mode": "test", "epoch": 32}
{"loss": 0.19662339985370636, "acc": 0.9250873327255249, "length": 3.816391706466675, "mode": "train", "epoch": 33}
{"loss": 0.26727762818336487, "acc": 0.8972733616828918, "length": 3.854092597961426, "mode": "test", "epoch": 33}
{"loss": 0.19795504212379456, "acc": 0.9260725975036621, "length": 3.8317630290985107, "mode": "train", "epoch": 34}
{"loss": 0.2510402798652649, "acc": 0.9010371565818787, "length": 3.921708106994629, "mode": "test", "epoch": 34}
{"loss": 0.20180557668209076, "acc": 0.9262544512748718, "length": 3.8660027980804443, "mode": "train", "epoch": 35}
{"loss": 0.23959679901599884, "acc": 0.9027841091156006, "length": 3.925266981124878, "mode": "test", "epoch": 35}
{"loss": 0.23581469058990479, "acc": 0.9123209118843079, "length": 3.8343498706817627, "mode": "train", "epoch": 36}
{"loss": 0.272695392370224, "acc": 0.895658016204834, "length": 3.90747332572937, "mode": "test", "epoch": 36}
{"loss": 0.1920810341835022, "acc": 0.926336944103241, "length": 3.867873430252075, "mode": "train", "epoch": 37}
{"loss": 0.27055028080940247, "acc": 0.8934827446937561, "length": 3.8896796703338623, "mode": "test", "epoch": 37}
{"loss": 0.185172900557518, "acc": 0.9307465553283691, "length": 3.8511083126068115, "mode": "train", "epoch": 38}
{"loss": 0.2525161802768707, "acc": 0.899919867515564, "length": 3.8861210346221924, "mode": "test", "epoch": 38}
{"loss": 0.17890669405460358, "acc": 0.9310877919197083, "length": 3.8612186908721924, "mode": "train", "epoch": 39}
{"loss": 0.2599637806415558, "acc": 0.8977978229522705, "length": 3.8861210346221924, "mode": "test", "epoch": 39}
{"loss": 0.1765693575143814, "acc": 0.932404100894928, "length": 3.8568358421325684, "mode": "train", "epoch": 40}
{"loss": 0.2705318331718445, "acc": 0.9084585905075073, "length": 3.8896796703338623, "mode": "test", "epoch": 40}
{"loss": 0.17542923986911774, "acc": 0.9335976243019104, "length": 3.846776008605957, "mode": "train", "epoch": 41}
{"loss": 0.2401980310678482, "acc": 0.9025662541389465, "length": 3.8967971801757812, "mode": "test", "epoch": 41}
{"loss": 0.1714879274368286, "acc": 0.9312317371368408, "length": 3.877554416656494, "mode": "train", "epoch": 42}
{"loss": 0.2632703185081482, "acc": 0.9093618988990784, "length": 3.921708106994629, "mode": "test", "epoch": 42}
{"loss": 0.16359694302082062, "acc": 0.937270998954773, "length": 3.8891823291778564, "mode": "train", "epoch": 43}
{"loss": 0.26428723335266113, "acc": 0.9027500152587891, "length": 3.9466192722320557, "mode": "test", "epoch": 43}
{"loss": 0.16362331807613373, "acc": 0.9358372688293457, "length": 3.9609572887420654, "mode": "train", "epoch": 44}
{"loss": 0.23929639160633087, "acc": 0.9084075093269348, "length": 3.992882490158081, "mode": "test", "epoch": 44}
{"loss": 0.18244419991970062, "acc": 0.9253948926925659, "length": 3.9885151386260986, "mode": "train", "epoch": 45}
{"loss": 0.23708364367485046, "acc": 0.9138789772987366, "length": 4.0, "mode": "test", "epoch": 45}
{"loss": 0.1683465838432312, "acc": 0.9385089874267578, "length": 3.9929709434509277, "mode": "train", "epoch": 46}
{"loss": 0.2576889395713806, "acc": 0.9060500860214233, "length": 4.0, "mode": "test", "epoch": 46}
{"loss": 0.1664360910654068, "acc": 0.9389750361442566, "length": 3.993391990661621, "mode": "train", "epoch": 47}
{"loss": 0.2522870600223541, "acc": 0.9153025150299072, "length": 4.0, "mode": "test", "epoch": 47}
{"loss": 0.16179557144641876, "acc": 0.9386118650436401, "length": 3.997018814086914, "mode": "train", "epoch": 48}
{"loss": 0.22334030270576477, "acc": 0.91263347864151, "length": 4.0, "mode": "test", "epoch": 48}
{"loss": 0.15618883073329926, "acc": 0.9419155716896057, "length": 3.997718572616577, "mode": "train", "epoch": 49}
{"loss": 0.21372660994529724, "acc": 0.917971670627594, "length": 4.0, "mode": "test", "epoch": 49}
{"loss": 0.1597658097743988, "acc": 0.9404913783073425, "length": 3.998103380203247, "mode": "train", "epoch": 50}
{"loss": 0.2319815456867218, "acc": 0.9151245355606079, "length": 4.0, "mode": "test", "epoch": 50}
{"loss": 0.1571839451789856, "acc": 0.9376181960105896, "length": 3.9972429275512695, "mode": "train", "epoch": 51}
{"loss": 0.20508921146392822, "acc": 0.9167261123657227, "length": 4.0, "mode": "test", "epoch": 51}
{"loss": 0.17507009208202362, "acc": 0.9310864806175232, "length": 3.998854637145996, "mode": "train", "epoch": 52}
{"loss": 0.31096336245536804, "acc": 0.8793594837188721, "length": 4.0, "mode": "test", "epoch": 52}
{"loss": 0.20958371460437775, "acc": 0.9194735288619995, "length": 3.999302864074707, "mode": "train", "epoch": 53}
{"loss": 0.295437216758728, "acc": 0.8980428576469421, "length": 4.0, "mode": "test", "epoch": 53}
{"loss": 0.17101679742336273, "acc": 0.9396721124649048, "length": 3.9990196228027344, "mode": "train", "epoch": 54}
{"loss": 0.26383647322654724, "acc": 0.9080073237419128, "length": 4.0, "mode": "test", "epoch": 54}
{"loss": 0.1563877910375595, "acc": 0.940156877040863, "length": 3.9994003772735596, "mode": "train", "epoch": 55}
{"loss": 0.23302705585956573, "acc": 0.9131670594215393, "length": 4.0, "mode": "test", "epoch": 55}
{"loss": 0.14829684793949127, "acc": 0.9416470527648926, "length": 3.999544858932495, "mode": "train", "epoch": 56}
{"loss": 0.24867762625217438, "acc": 0.9069395065307617, "length": 4.0, "mode": "test", "epoch": 56}
{"loss": 0.1474498212337494, "acc": 0.943496823310852, "length": 3.999680280685425, "mode": "train", "epoch": 57}
{"loss": 0.23052345216274261, "acc": 0.920284628868103, "length": 4.0, "mode": "test", "epoch": 57}
{"loss": 0.14788158237934113, "acc": 0.9446157217025757, "length": 3.998755931854248, "mode": "train", "epoch": 58}
{"loss": 0.24684925377368927, "acc": 0.9140570759773254, "length": 4.0, "mode": "test", "epoch": 58}
{"loss": 0.14772437512874603, "acc": 0.9411707520484924, "length": 3.9993510246276855, "mode": "train", "epoch": 59}
{"loss": 0.23481819033622742, "acc": 0.9185053706169128, "length": 4.0, "mode": "test", "epoch": 59}
{"loss": 0.14186525344848633, "acc": 0.9452791810035706, "length": 3.9991989135742188, "mode": "train", "epoch": 60}
{"loss": 0.23835760354995728, "acc": 0.9160143136978149, "length": 4.0, "mode": "test", "epoch": 60}
test accuracy: 0.8309375047683716
