# ["--attributes=5", "--values=4", "--game_size=10", "--vocab_size_factor=3", "--n_epochs=60", "--batch_size=32", "--learning_rate=0.001", "--hidden_size=128", "--temp_update=0.99", "--temperature=2"]
Creating train_ds and val_ds...

Creating test_ds...
{"loss": 0.6989508271217346, "acc": 0.5205506682395935, "length": 2.721580743789673, "mode": "train", "epoch": 1}
{"loss": 0.6906152367591858, "acc": 0.5347902774810791, "length": 1.0, "mode": "test", "epoch": 1}
{"loss": 0.6776952147483826, "acc": 0.5703179240226746, "length": 2.0108225345611572, "mode": "train", "epoch": 2}
{"loss": 0.6367987990379333, "acc": 0.679247260093689, "length": 2.5489511489868164, "mode": "test", "epoch": 2}
{"loss": 0.5717089176177979, "acc": 0.722965657711029, "length": 2.8493425846099854, "mode": "train", "epoch": 3}
{"loss": 0.5325210690498352, "acc": 0.7544907927513123, "length": 3.192307710647583, "mode": "test", "epoch": 3}
{"loss": 0.464683473110199, "acc": 0.7986571788787842, "length": 3.0774314403533936, "mode": "train", "epoch": 4}
{"loss": 0.47002485394477844, "acc": 0.807284414768219, "length": 3.5489511489868164, "mode": "test", "epoch": 4}
{"loss": 0.3961707651615143, "acc": 0.8338255882263184, "length": 3.644700288772583, "mode": "train", "epoch": 5}
{"loss": 0.43335479497909546, "acc": 0.8220824599266052, "length": 3.9790210723876953, "mode": "test", "epoch": 5}
{"loss": 0.35268816351890564, "acc": 0.8517229557037354, "length": 3.8511135578155518, "mode": "train", "epoch": 6}
{"loss": 0.44721391797065735, "acc": 0.8229021430015564, "length": 4.0, "mode": "test", "epoch": 6}
{"loss": 0.3222622573375702, "acc": 0.8611928820610046, "length": 3.8881187438964844, "mode": "train", "epoch": 7}
{"loss": 0.42069944739341736, "acc": 0.8333916068077087, "length": 4.0, "mode": "test", "epoch": 7}
{"loss": 0.29910948872566223, "acc": 0.8723645806312561, "length": 3.937542676925659, "mode": "train", "epoch": 8}
{"loss": 0.4066944420337677, "acc": 0.8519231081008911, "length": 4.0, "mode": "test", "epoch": 8}
{"loss": 0.27437540888786316, "acc": 0.8864055871963501, "length": 3.9553310871124268, "mode": "train", "epoch": 9}
{"loss": 0.3962518274784088, "acc": 0.8526223301887512, "length": 4.0, "mode": "test", "epoch": 9}
{"loss": 0.25003382563591003, "acc": 0.8972153663635254, "length": 3.9710001945495605, "mode": "train", "epoch": 10}
{"loss": 0.3617696762084961, "acc": 0.8580418825149536, "length": 4.0, "mode": "test", "epoch": 10}
{"loss": 0.24135448038578033, "acc": 0.9038538932800293, "length": 3.9770619869232178, "mode": "train", "epoch": 11}
{"loss": 0.3355013132095337, "acc": 0.867307722568512, "length": 4.0, "mode": "test", "epoch": 11}
{"loss": 0.21299603581428528, "acc": 0.9173164963722229, "length": 3.9842405319213867, "mode": "train", "epoch": 12}
{"loss": 0.29775553941726685, "acc": 0.8811187744140625, "length": 4.0, "mode": "test", "epoch": 12}
{"loss": 0.19162757694721222, "acc": 0.9262211322784424, "length": 3.9882194995880127, "mode": "train", "epoch": 13}
{"loss": 0.2873433232307434, "acc": 0.8847901821136475, "length": 4.0, "mode": "test", "epoch": 13}
{"loss": 0.18174459040164948, "acc": 0.9336251020431519, "length": 3.9902286529541016, "mode": "train", "epoch": 14}
{"loss": 0.2568810284137726, "acc": 0.8980770707130432, "length": 4.0, "mode": "test", "epoch": 14}
{"loss": 0.1717127114534378, "acc": 0.931313157081604, "length": 3.9908392429351807, "mode": "train", "epoch": 15}
{"loss": 0.2622939646244049, "acc": 0.8975523710250854, "length": 4.0, "mode": "test", "epoch": 15}
{"loss": 0.1579752266407013, "acc": 0.9390875101089478, "length": 3.991999626159668, "mode": "train", "epoch": 16}
{"loss": 0.24846087396144867, "acc": 0.9124126434326172, "length": 4.0, "mode": "test", "epoch": 16}
{"loss": 0.14829222857952118, "acc": 0.9427291750907898, "length": 3.9932103157043457, "mode": "train", "epoch": 17}
{"loss": 0.2850750684738159, "acc": 0.8994755148887634, "length": 4.0, "mode": "test", "epoch": 17}
{"loss": 0.1289038211107254, "acc": 0.9529408812522888, "length": 3.9948983192443848, "mode": "train", "epoch": 18}
{"loss": 0.2580946683883667, "acc": 0.9057691097259521, "length": 4.0, "mode": "test", "epoch": 18}
{"loss": 0.1309189796447754, "acc": 0.9521163702011108, "length": 3.99523663520813, "mode": "train", "epoch": 19}
{"loss": 0.2333911806344986, "acc": 0.910139799118042, "length": 4.0, "mode": "test", "epoch": 19}
{"loss": 0.11262574046850204, "acc": 0.9601507782936096, "length": 3.9954071044921875, "mode": "train", "epoch": 20}
{"loss": 0.25524306297302246, "acc": 0.9073425531387329, "length": 4.0, "mode": "test", "epoch": 20}
{"loss": 0.10763269662857056, "acc": 0.9639931321144104, "length": 3.9966773986816406, "mode": "train", "epoch": 21}
{"loss": 0.24328994750976562, "acc": 0.9199302196502686, "length": 4.0, "mode": "test", "epoch": 21}
{"loss": 0.09311024099588394, "acc": 0.9695684909820557, "length": 3.9972732067108154, "mode": "train", "epoch": 22}
{"loss": 0.21733082830905914, "acc": 0.9220280051231384, "length": 4.0, "mode": "test", "epoch": 22}
{"loss": 0.09371837228536606, "acc": 0.9683967232704163, "length": 3.997177839279175, "mode": "train", "epoch": 23}
{"loss": 0.17881160974502563, "acc": 0.9335665106773376, "length": 4.0, "mode": "test", "epoch": 23}
{"loss": 0.08858348429203033, "acc": 0.9657754302024841, "length": 3.997457504272461, "mode": "train", "epoch": 24}
{"loss": 0.18572095036506653, "acc": 0.926223874092102, "length": 4.0, "mode": "test", "epoch": 24}
{"loss": 0.08798140287399292, "acc": 0.967193603515625, "length": 3.997812271118164, "mode": "train", "epoch": 25}
{"loss": 0.22620879113674164, "acc": 0.9218531250953674, "length": 4.0, "mode": "test", "epoch": 25}
{"loss": 0.08164285123348236, "acc": 0.9709561467170715, "length": 3.9983608722686768, "mode": "train", "epoch": 26}
{"loss": 0.1569308042526245, "acc": 0.9363635778427124, "length": 4.0, "mode": "test", "epoch": 26}
{"loss": 0.0853244885802269, "acc": 0.9696422815322876, "length": 3.997929573059082, "mode": "train", "epoch": 27}
{"loss": 0.18771624565124512, "acc": 0.9237762689590454, "length": 4.0, "mode": "test", "epoch": 27}
{"loss": 0.07343724370002747, "acc": 0.9761163592338562, "length": 3.9986441135406494, "mode": "train", "epoch": 28}
{"loss": 0.16838809847831726, "acc": 0.940734326839447, "length": 4.0, "mode": "test", "epoch": 28}
{"loss": 0.06601304560899734, "acc": 0.9760465621948242, "length": 3.9983432292938232, "mode": "train", "epoch": 29}
{"loss": 0.13924631476402283, "acc": 0.9494755864143372, "length": 4.0, "mode": "test", "epoch": 29}
{"loss": 0.06135439872741699, "acc": 0.9799903035163879, "length": 3.998814105987549, "mode": "train", "epoch": 30}
{"loss": 0.16577836871147156, "acc": 0.9433566927909851, "length": 4.0, "mode": "test", "epoch": 30}
{"loss": 0.05928947776556015, "acc": 0.9799940586090088, "length": 3.9990124702453613, "mode": "train", "epoch": 31}
{"loss": 0.14730313420295715, "acc": 0.9484265446662903, "length": 4.0, "mode": "test", "epoch": 31}
{"loss": 0.05777573585510254, "acc": 0.9813461899757385, "length": 3.99906063079834, "mode": "train", "epoch": 32}
{"loss": 0.20449554920196533, "acc": 0.9388110637664795, "length": 4.0, "mode": "test", "epoch": 32}
{"loss": 0.07390836626291275, "acc": 0.976259171962738, "length": 3.9991559982299805, "mode": "train", "epoch": 33}
{"loss": 0.20196576416492462, "acc": 0.9367132782936096, "length": 4.0, "mode": "test", "epoch": 33}
{"loss": 0.06036378815770149, "acc": 0.9805336594581604, "length": 3.9992456436157227, "mode": "train", "epoch": 34}
{"loss": 0.14991040527820587, "acc": 0.9396852254867554, "length": 4.0, "mode": "test", "epoch": 34}
{"loss": 0.050528332591056824, "acc": 0.9826421737670898, "length": 3.999283790588379, "mode": "train", "epoch": 35}
{"loss": 0.141133651137352, "acc": 0.9529719948768616, "length": 4.0, "mode": "test", "epoch": 35}
{"loss": 0.05530638247728348, "acc": 0.9794828295707703, "length": 3.9992470741271973, "mode": "train", "epoch": 36}
{"loss": 0.14706070721149445, "acc": 0.9540209770202637, "length": 4.0, "mode": "test", "epoch": 36}
{"loss": 0.04679647088050842, "acc": 0.9868308901786804, "length": 3.9987993240356445, "mode": "train", "epoch": 37}
{"loss": 0.16216062009334564, "acc": 0.9561189413070679, "length": 4.0, "mode": "test", "epoch": 37}
{"loss": 0.04018297791481018, "acc": 0.9885616302490234, "length": 3.9994304180145264, "mode": "train", "epoch": 38}
{"loss": 0.145094633102417, "acc": 0.9571677446365356, "length": 4.0, "mode": "test", "epoch": 38}
{"loss": 0.04480511322617531, "acc": 0.985871434211731, "length": 3.999452829360962, "mode": "train", "epoch": 39}
{"loss": 0.1284702867269516, "acc": 0.9601398706436157, "length": 4.0, "mode": "test", "epoch": 39}
{"loss": 0.03916935250163078, "acc": 0.9903130531311035, "length": 3.9994184970855713, "mode": "train", "epoch": 40}
{"loss": 0.13962748646736145, "acc": 0.9585663080215454, "length": 4.0, "mode": "test", "epoch": 40}
{"loss": 0.03421543911099434, "acc": 0.9890379905700684, "length": 3.9996118545532227, "mode": "train", "epoch": 41}
{"loss": 0.15703193843364716, "acc": 0.9603147506713867, "length": 4.0, "mode": "test", "epoch": 41}
{"loss": 0.03873588517308235, "acc": 0.9863453507423401, "length": 3.999640703201294, "mode": "train", "epoch": 42}
{"loss": 0.14186401665210724, "acc": 0.9569929242134094, "length": 4.0, "mode": "test", "epoch": 42}
{"loss": 0.037438638508319855, "acc": 0.9876917600631714, "length": 3.999645471572876, "mode": "train", "epoch": 43}
{"loss": 0.1657887101173401, "acc": 0.9548951387405396, "length": 4.0, "mode": "test", "epoch": 43}
{"loss": 0.03628081828355789, "acc": 0.9883352518081665, "length": 3.999677896499634, "mode": "train", "epoch": 44}
{"loss": 0.14886543154716492, "acc": 0.9632866978645325, "length": 4.0, "mode": "test", "epoch": 44}
{"loss": 0.0374876968562603, "acc": 0.9881595969200134, "length": 3.999650716781616, "mode": "train", "epoch": 45}
{"loss": 0.14039619266986847, "acc": 0.9676573276519775, "length": 4.0, "mode": "test", "epoch": 45}
{"loss": 0.03558739647269249, "acc": 0.988041877746582, "length": 3.9995317459106445, "mode": "train", "epoch": 46}
{"loss": 0.11368843168020248, "acc": 0.969580352306366, "length": 4.0, "mode": "test", "epoch": 46}
{"loss": 0.04033272713422775, "acc": 0.9882237911224365, "length": 3.9997472763061523, "mode": "train", "epoch": 47}
{"loss": 0.10910861939191818, "acc": 0.9660840034484863, "length": 4.0, "mode": "test", "epoch": 47}
{"loss": 0.03570334240794182, "acc": 0.9891008138656616, "length": 3.9997060298919678, "mode": "train", "epoch": 48}
{"loss": 0.11422427743673325, "acc": 0.9667832255363464, "length": 4.0, "mode": "test", "epoch": 48}
{"loss": 0.031472526490688324, "acc": 0.9917358756065369, "length": 3.9997990131378174, "mode": "train", "epoch": 49}
{"loss": 0.102901391685009, "acc": 0.9709790349006653, "length": 4.0, "mode": "test", "epoch": 49}
{"loss": 0.026561465114355087, "acc": 0.9923841953277588, "length": 3.9998676776885986, "mode": "train", "epoch": 50}
{"loss": 0.11396075785160065, "acc": 0.9697553515434265, "length": 4.0, "mode": "test", "epoch": 50}
{"loss": 0.020767131820321083, "acc": 0.9953120350837708, "length": 3.9998779296875, "mode": "train", "epoch": 51}
{"loss": 0.08037105947732925, "acc": 0.9762238264083862, "length": 4.0, "mode": "test", "epoch": 51}
{"loss": 0.02168031595647335, "acc": 0.9948433041572571, "length": 3.9998831748962402, "mode": "train", "epoch": 52}
{"loss": 0.08880172669887543, "acc": 0.9748251438140869, "length": 4.0, "mode": "test", "epoch": 52}
{"loss": 0.020081499591469765, "acc": 0.995838463306427, "length": 3.999882459640503, "mode": "train", "epoch": 53}
{"loss": 0.09251407533884048, "acc": 0.9749999046325684, "length": 4.0, "mode": "test", "epoch": 53}
{"loss": 0.01912037283182144, "acc": 0.9958969354629517, "length": 3.999852418899536, "mode": "train", "epoch": 54}
{"loss": 0.08852660655975342, "acc": 0.9777972102165222, "length": 4.0, "mode": "test", "epoch": 54}
{"loss": 0.01742078922688961, "acc": 0.9963071346282959, "length": 3.9998817443847656, "mode": "train", "epoch": 55}
{"loss": 0.09810449928045273, "acc": 0.977622389793396, "length": 4.0, "mode": "test", "epoch": 55}
{"loss": 0.02094632014632225, "acc": 0.9939075112342834, "length": 3.9998936653137207, "mode": "train", "epoch": 56}
{"loss": 0.08759555965662003, "acc": 0.9743005633354187, "length": 4.0, "mode": "test", "epoch": 56}
{"loss": 0.01891387812793255, "acc": 0.9943172931671143, "length": 3.9999005794525146, "mode": "train", "epoch": 57}
{"loss": 0.08006444573402405, "acc": 0.9797202944755554, "length": 4.0, "mode": "test", "epoch": 57}
{"loss": 0.01917104609310627, "acc": 0.9942598342895508, "length": 3.999940872192383, "mode": "train", "epoch": 58}
{"loss": 0.08388819545507431, "acc": 0.9797202944755554, "length": 4.0, "mode": "test", "epoch": 58}
{"loss": 0.016764530912041664, "acc": 0.99595707654953, "length": 3.999908447265625, "mode": "train", "epoch": 59}
{"loss": 0.12165975570678711, "acc": 0.9732518792152405, "length": 4.0, "mode": "test", "epoch": 59}
{"loss": 0.01797056384384632, "acc": 0.9960755705833435, "length": 3.9999425411224365, "mode": "train", "epoch": 60}
{"loss": 0.10396112501621246, "acc": 0.9720280766487122, "length": 4.0, "mode": "test", "epoch": 60}
test accuracy: 0.7043333053588867
