# ["--attributes=5", "--values=4", "--game_size=10", "--vocab_size_factor=3", "--n_epochs=60", "--batch_size=32", "--learning_rate=0.001", "--hidden_size=256", "--temp_update=0.97", "--temperature=1"]
Creating train_ds and val_ds...

Creating test_ds...
{"loss": 0.708904504776001, "acc": 0.5032684206962585, "length": 1.743069052696228, "mode": "train", "epoch": 1}
{"loss": 0.6946783065795898, "acc": 0.5171820521354675, "length": 1.0, "mode": "test", "epoch": 1}
{"loss": 0.6980360150337219, "acc": 0.5225549936294556, "length": 1.0001764297485352, "mode": "train", "epoch": 2}
{"loss": 0.6962205171585083, "acc": 0.5118557214736938, "length": 1.0, "mode": "test", "epoch": 2}
{"loss": 0.6955164670944214, "acc": 0.5091479420661926, "length": 1.000093936920166, "mode": "train", "epoch": 3}
{"loss": 0.6909658312797546, "acc": 0.5252576470375061, "length": 1.0, "mode": "test", "epoch": 3}
{"loss": 0.6954810619354248, "acc": 0.5075362324714661, "length": 1.0001182556152344, "mode": "train", "epoch": 4}
{"loss": 0.6985920667648315, "acc": 0.5073883533477783, "length": 1.0, "mode": "test", "epoch": 4}
{"loss": 0.6992833614349365, "acc": 0.49672016501426697, "length": 1.0000461339950562, "mode": "train", "epoch": 5}
{"loss": 0.695551335811615, "acc": 0.4920962154865265, "length": 1.0, "mode": "test", "epoch": 5}
{"loss": 0.6947519183158875, "acc": 0.5096666812896729, "length": 1.0000489950180054, "mode": "train", "epoch": 6}
{"loss": 0.693969190120697, "acc": 0.489003449678421, "length": 1.0, "mode": "test", "epoch": 6}
{"loss": 0.6935951709747314, "acc": 0.5174311399459839, "length": 1.000065565109253, "mode": "train", "epoch": 7}
{"loss": 0.6947686672210693, "acc": 0.5185566544532776, "length": 1.0, "mode": "test", "epoch": 7}
{"loss": 0.6934288740158081, "acc": 0.5087456703186035, "length": 1.0000174045562744, "mode": "train", "epoch": 8}
{"loss": 0.6906123757362366, "acc": 0.507560133934021, "length": 1.0, "mode": "test", "epoch": 8}
{"loss": 0.6935045123100281, "acc": 0.5079978704452515, "length": 1.000020980834961, "mode": "train", "epoch": 9}
{"loss": 0.6950465440750122, "acc": 0.47182130813598633, "length": 1.0, "mode": "test", "epoch": 9}
{"loss": 0.6937118768692017, "acc": 0.5136378407478333, "length": 1.0004634857177734, "mode": "train", "epoch": 10}
{"loss": 0.6931062936782837, "acc": 0.5230240225791931, "length": 1.0, "mode": "test", "epoch": 10}
{"loss": 0.6910576224327087, "acc": 0.5282508730888367, "length": 1.0000057220458984, "mode": "train", "epoch": 11}
{"loss": 0.6967731714248657, "acc": 0.4764605164527893, "length": 1.0, "mode": "test", "epoch": 11}
{"loss": 0.6912992000579834, "acc": 0.5170885920524597, "length": 1.0000054836273193, "mode": "train", "epoch": 12}
{"loss": 0.6920472383499146, "acc": 0.49278348684310913, "length": 1.0, "mode": "test", "epoch": 12}
{"loss": 0.6919907331466675, "acc": 0.5110471248626709, "length": 1.0000042915344238, "mode": "train", "epoch": 13}
{"loss": 0.695742666721344, "acc": 0.5084192156791687, "length": 1.0, "mode": "test", "epoch": 13}
{"loss": 0.694267213344574, "acc": 0.509953498840332, "length": 1.0000323057174683, "mode": "train", "epoch": 14}
{"loss": 0.6886800527572632, "acc": 0.5228522419929504, "length": 1.0, "mode": "test", "epoch": 14}
{"loss": 0.6916108727455139, "acc": 0.525719165802002, "length": 1.0000368356704712, "mode": "train", "epoch": 15}
{"loss": 0.692306637763977, "acc": 0.5333333015441895, "length": 1.0, "mode": "test", "epoch": 15}
{"loss": 0.688453733921051, "acc": 0.5292865037918091, "length": 1.000002145767212, "mode": "train", "epoch": 16}
{"loss": 0.6889374852180481, "acc": 0.5151203274726868, "length": 1.0, "mode": "test", "epoch": 16}
{"loss": 0.6906514763832092, "acc": 0.5204833149909973, "length": 1.0000054836273193, "mode": "train", "epoch": 17}
{"loss": 0.689746081829071, "acc": 0.4996563494205475, "length": 1.0, "mode": "test", "epoch": 17}
{"loss": 0.6909582614898682, "acc": 0.5198503732681274, "length": 1.0000001192092896, "mode": "train", "epoch": 18}
{"loss": 0.6886574029922485, "acc": 0.5173539519309998, "length": 1.0, "mode": "test", "epoch": 18}
{"loss": 0.6866667866706848, "acc": 0.5305523872375488, "length": 1.000000238418579, "mode": "train", "epoch": 19}
{"loss": 0.6894551515579224, "acc": 0.5149484872817993, "length": 1.0, "mode": "test", "epoch": 19}
{"loss": 0.6871238350868225, "acc": 0.5292289853096008, "length": 1.0000007152557373, "mode": "train", "epoch": 20}
{"loss": 0.6874034404754639, "acc": 0.5020619034767151, "length": 1.0, "mode": "test", "epoch": 20}
{"loss": 0.6858498454093933, "acc": 0.534867525100708, "length": 1.0000014305114746, "mode": "train", "epoch": 21}
{"loss": 0.6903260350227356, "acc": 0.5013746023178101, "length": 1.0, "mode": "test", "epoch": 21}
{"loss": 0.6849424839019775, "acc": 0.5429814457893372, "length": 1.000028133392334, "mode": "train", "epoch": 22}
{"loss": 0.6916487216949463, "acc": 0.5274913907051086, "length": 1.0, "mode": "test", "epoch": 22}
{"loss": 0.68846195936203, "acc": 0.5375719666481018, "length": 1.0000001192092896, "mode": "train", "epoch": 23}
{"loss": 0.6899521946907043, "acc": 0.5223367810249329, "length": 1.0, "mode": "test", "epoch": 23}
{"loss": 0.6875636577606201, "acc": 0.5328628420829773, "length": 1.000220537185669, "mode": "train", "epoch": 24}
{"loss": 0.6911239624023438, "acc": 0.52044677734375, "length": 1.0, "mode": "test", "epoch": 24}
{"loss": 0.6867021322250366, "acc": 0.5346375107765198, "length": 1.0000001192092896, "mode": "train", "epoch": 25}
{"loss": 0.689008891582489, "acc": 0.5140893459320068, "length": 1.0, "mode": "test", "epoch": 25}
{"loss": 0.6882528066635132, "acc": 0.5317031145095825, "length": 1.0000001192092896, "mode": "train", "epoch": 26}
{"loss": 0.6886166930198669, "acc": 0.5099655985832214, "length": 1.0, "mode": "test", "epoch": 26}
{"loss": 0.6857196092605591, "acc": 0.5336018800735474, "length": 1.0000001192092896, "mode": "train", "epoch": 27}
{"loss": 0.6891927123069763, "acc": 0.5350516438484192, "length": 1.0, "mode": "test", "epoch": 27}
{"loss": 0.6841896772384644, "acc": 0.54695063829422, "length": 1.0000001192092896, "mode": "train", "epoch": 28}
{"loss": 0.6910091638565063, "acc": 0.5120275020599365, "length": 1.0, "mode": "test", "epoch": 28}
{"loss": 0.6848191618919373, "acc": 0.5394706130027771, "length": 1.0000005960464478, "mode": "train", "epoch": 29}
{"loss": 0.6885826587677002, "acc": 0.523539662361145, "length": 1.0, "mode": "test", "epoch": 29}
{"loss": 0.6836827397346497, "acc": 0.5360759496688843, "length": 1.0000003576278687, "mode": "train", "epoch": 30}
{"loss": 0.689113438129425, "acc": 0.5225086212158203, "length": 1.0, "mode": "test", "epoch": 30}
{"loss": 0.6861861944198608, "acc": 0.5348101854324341, "length": 1.0000001192092896, "mode": "train", "epoch": 31}
{"loss": 0.689044177532196, "acc": 0.5048109889030457, "length": 1.0, "mode": "test", "epoch": 31}
{"loss": 0.6834450960159302, "acc": 0.5356156826019287, "length": 1.000000238418579, "mode": "train", "epoch": 32}
{"loss": 0.6905173659324646, "acc": 0.5201030969619751, "length": 1.0, "mode": "test", "epoch": 32}
{"loss": 0.6855685710906982, "acc": 0.5384341478347778, "length": 1.0002532005310059, "mode": "train", "epoch": 33}
{"loss": 0.69200599193573, "acc": 0.5166667103767395, "length": 1.0, "mode": "test", "epoch": 33}
{"loss": 0.6858705878257751, "acc": 0.5360184907913208, "length": 1.0, "mode": "train", "epoch": 34}
{"loss": 0.6908359527587891, "acc": 0.5134020447731018, "length": 1.0, "mode": "test", "epoch": 34}
{"loss": 0.6856447458267212, "acc": 0.538550078868866, "length": 1.0, "mode": "train", "epoch": 35}
{"loss": 0.6886250972747803, "acc": 0.5225086212158203, "length": 1.0, "mode": "test", "epoch": 35}
{"loss": 0.6835211515426636, "acc": 0.5495972633361816, "length": 1.0, "mode": "train", "epoch": 36}
{"loss": 0.6885409951210022, "acc": 0.5173539519309998, "length": 1.0, "mode": "test", "epoch": 36}
{"loss": 0.6846930980682373, "acc": 0.5363637208938599, "length": 1.0, "mode": "train", "epoch": 37}
{"loss": 0.6877002120018005, "acc": 0.5020619034767151, "length": 1.0, "mode": "test", "epoch": 37}
{"loss": 0.6842213869094849, "acc": 0.5436133742332458, "length": 1.0, "mode": "train", "epoch": 38}
{"loss": 0.6888296008110046, "acc": 0.5025773048400879, "length": 1.0, "mode": "test", "epoch": 38}
{"loss": 0.6835002303123474, "acc": 0.5379757285118103, "length": 1.0000888109207153, "mode": "train", "epoch": 39}
{"loss": 0.6876063942909241, "acc": 0.5298969745635986, "length": 1.0, "mode": "test", "epoch": 39}
{"loss": 0.6824144124984741, "acc": 0.5363061428070068, "length": 1.0, "mode": "train", "epoch": 40}
{"loss": 0.6899553537368774, "acc": 0.5073883533477783, "length": 1.0, "mode": "test", "epoch": 40}
{"loss": 0.6833640933036804, "acc": 0.5435557961463928, "length": 1.0, "mode": "train", "epoch": 41}
{"loss": 0.6893334984779358, "acc": 0.5185566544532776, "length": 1.0, "mode": "test", "epoch": 41}
{"loss": 0.685071587562561, "acc": 0.5417721271514893, "length": 1.0, "mode": "train", "epoch": 42}
{"loss": 0.6885867118835449, "acc": 0.5094501972198486, "length": 1.0, "mode": "test", "epoch": 42}
{"loss": 0.6846448183059692, "acc": 0.5331990718841553, "length": 1.0, "mode": "train", "epoch": 43}
{"loss": 0.6883681416511536, "acc": 0.5020619034767151, "length": 1.0, "mode": "test", "epoch": 43}
{"loss": 0.684074342250824, "acc": 0.5516685843467712, "length": 1.0, "mode": "train", "epoch": 44}
{"loss": 0.6903225779533386, "acc": 0.5115119814872742, "length": 1.0, "mode": "test", "epoch": 44}
{"loss": 0.6839684844017029, "acc": 0.5369390249252319, "length": 1.0000001192092896, "mode": "train", "epoch": 45}
{"loss": 0.6886420249938965, "acc": 0.5190721750259399, "length": 1.0, "mode": "test", "epoch": 45}
{"loss": 0.68485426902771, "acc": 0.5493096113204956, "length": 1.0, "mode": "train", "epoch": 46}
{"loss": 0.6893773674964905, "acc": 0.5161512494087219, "length": 1.0, "mode": "test", "epoch": 46}
{"loss": 0.6820915341377258, "acc": 0.5422324538230896, "length": 1.0, "mode": "train", "epoch": 47}
{"loss": 0.6873942613601685, "acc": 0.5025773048400879, "length": 1.0, "mode": "test", "epoch": 47}
{"loss": 0.6824489235877991, "acc": 0.5484464764595032, "length": 1.0, "mode": "train", "epoch": 48}
{"loss": 0.6897830963134766, "acc": 0.5225086212158203, "length": 1.0, "mode": "test", "epoch": 48}
{"loss": 0.6822779774665833, "acc": 0.5449367761611938, "length": 1.0000005960464478, "mode": "train", "epoch": 49}
{"loss": 0.6881238222122192, "acc": 0.5190721750259399, "length": 1.0, "mode": "test", "epoch": 49}
{"loss": 0.6834467649459839, "acc": 0.5509206056594849, "length": 1.0000001192092896, "mode": "train", "epoch": 50}
{"loss": 0.6885936856269836, "acc": 0.5190721750259399, "length": 1.0, "mode": "test", "epoch": 50}
{"loss": 0.6819365620613098, "acc": 0.5437284111976624, "length": 1.0, "mode": "train", "epoch": 51}
{"loss": 0.6886764168739319, "acc": 0.5030928254127502, "length": 1.0, "mode": "test", "epoch": 51}
{"loss": 0.6839550733566284, "acc": 0.5388952493667603, "length": 1.0, "mode": "train", "epoch": 52}
{"loss": 0.6906980276107788, "acc": 0.5161512494087219, "length": 1.0, "mode": "test", "epoch": 52}
{"loss": 0.6828569769859314, "acc": 0.5534523129463196, "length": 1.0, "mode": "train", "epoch": 53}
{"loss": 0.6895041465759277, "acc": 0.5206185579299927, "length": 1.0, "mode": "test", "epoch": 53}
{"loss": 0.68288254737854, "acc": 0.5430955290794373, "length": 1.0, "mode": "train", "epoch": 54}
{"loss": 0.6877521872520447, "acc": 0.5020619034767151, "length": 1.0, "mode": "test", "epoch": 54}
{"loss": 0.683667004108429, "acc": 0.5510357022285461, "length": 1.0, "mode": "train", "epoch": 55}
{"loss": 0.6899170279502869, "acc": 0.5185566544532776, "length": 1.0, "mode": "test", "epoch": 55}
{"loss": 0.6843392252922058, "acc": 0.5349827408790588, "length": 1.0, "mode": "train", "epoch": 56}
{"loss": 0.68930983543396, "acc": 0.5020619034767151, "length": 1.0, "mode": "test", "epoch": 56}
{"loss": 0.6835089921951294, "acc": 0.548446536064148, "length": 1.0, "mode": "train", "epoch": 57}
{"loss": 0.6889586448669434, "acc": 0.49914082884788513, "length": 1.0, "mode": "test", "epoch": 57}
{"loss": 0.6818435788154602, "acc": 0.5450517535209656, "length": 1.0, "mode": "train", "epoch": 58}
{"loss": 0.6892176270484924, "acc": 0.5190721750259399, "length": 1.0, "mode": "test", "epoch": 58}
{"loss": 0.6811934113502502, "acc": 0.5453394055366516, "length": 1.0, "mode": "train", "epoch": 59}
{"loss": 0.6882177591323853, "acc": 0.5020619034767151, "length": 1.0, "mode": "test", "epoch": 59}
{"loss": 0.6814561486244202, "acc": 0.5510356426239014, "length": 1.000000238418579, "mode": "train", "epoch": 60}
{"loss": 0.6896231174468994, "acc": 0.5030928254127502, "length": 1.0, "mode": "test", "epoch": 60}
test accuracy: 0.3439285457134247
