# ["--attributes=5", "--values=4", "--game_size=10", "--vocab_size_factor=3", "--n_epochs=60", "--batch_size=32", "--learning_rate=0.001", "--hidden_size=256", "--temp_update=0.97", "--temperature=1.5"]
Creating train_ds and val_ds...

Creating test_ds...
{"loss": 0.7069077491760254, "acc": 0.5300681591033936, "length": 1.7898287773132324, "mode": "train", "epoch": 1}
{"loss": 0.701202929019928, "acc": 0.5114842057228088, "length": 1.0, "mode": "test", "epoch": 1}
{"loss": 0.69521164894104, "acc": 0.5310366153717041, "length": 1.0036545991897583, "mode": "train", "epoch": 2}
{"loss": 0.6904533505439758, "acc": 0.5325088500976562, "length": 1.0, "mode": "test", "epoch": 2}
{"loss": 0.6919951438903809, "acc": 0.5299949645996094, "length": 1.0024174451828003, "mode": "train", "epoch": 3}
{"loss": 0.6904528141021729, "acc": 0.5236748456954956, "length": 1.0, "mode": "test", "epoch": 3}
{"loss": 0.6914363503456116, "acc": 0.5436218976974487, "length": 1.0023289918899536, "mode": "train", "epoch": 4}
{"loss": 0.6930941343307495, "acc": 0.5268551111221313, "length": 1.0, "mode": "test", "epoch": 4}
{"loss": 0.6941316723823547, "acc": 0.5233808159828186, "length": 1.0018739700317383, "mode": "train", "epoch": 5}
{"loss": 0.6894444823265076, "acc": 0.5590105652809143, "length": 1.0, "mode": "test", "epoch": 5}
{"loss": 0.6915740370750427, "acc": 0.540972113609314, "length": 1.001381278038025, "mode": "train", "epoch": 6}
{"loss": 0.6894994974136353, "acc": 0.5348057150840759, "length": 1.0, "mode": "test", "epoch": 6}
{"loss": 0.6913465857505798, "acc": 0.5201966762542725, "length": 1.0012309551239014, "mode": "train", "epoch": 7}
{"loss": 0.6920638680458069, "acc": 0.5250884890556335, "length": 1.0, "mode": "test", "epoch": 7}
{"loss": 0.6910955905914307, "acc": 0.5325557589530945, "length": 1.0046225786209106, "mode": "train", "epoch": 8}
{"loss": 0.6907960176467896, "acc": 0.5381625294685364, "length": 1.0, "mode": "test", "epoch": 8}
{"loss": 0.6441264748573303, "acc": 0.6167271137237549, "length": 1.8914965391159058, "mode": "train", "epoch": 9}
{"loss": 0.6041435599327087, "acc": 0.6712605357170105, "length": 2.6007068157196045, "mode": "test", "epoch": 9}
{"loss": 0.5926075577735901, "acc": 0.6812584400177002, "length": 2.141767978668213, "mode": "train", "epoch": 10}
{"loss": 0.5755661725997925, "acc": 0.6947405934333801, "length": 2.1342756748199463, "mode": "test", "epoch": 10}
{"loss": 0.5415090322494507, "acc": 0.7181219458580017, "length": 2.62565541267395, "mode": "train", "epoch": 11}
{"loss": 0.5079450011253357, "acc": 0.7285956144332886, "length": 3.374558210372925, "mode": "test", "epoch": 11}
{"loss": 0.479356050491333, "acc": 0.7769941091537476, "length": 3.2173144817352295, "mode": "train", "epoch": 12}
{"loss": 0.4768041670322418, "acc": 0.7844289541244507, "length": 3.4275617599487305, "mode": "test", "epoch": 12}
{"loss": 0.46355974674224854, "acc": 0.7860004305839539, "length": 3.3016762733459473, "mode": "train", "epoch": 13}
{"loss": 0.4750621020793915, "acc": 0.7883184552192688, "length": 3.4275617599487305, "mode": "test", "epoch": 13}
{"loss": 0.4468826651573181, "acc": 0.792589545249939, "length": 3.3097455501556396, "mode": "train", "epoch": 14}
{"loss": 0.45250454545021057, "acc": 0.7984325885772705, "length": 3.416961193084717, "mode": "test", "epoch": 14}
{"loss": 0.4213486313819885, "acc": 0.8101881742477417, "length": 3.371464252471924, "mode": "train", "epoch": 15}
{"loss": 0.4258093237876892, "acc": 0.8114685416221619, "length": 3.565371036529541, "mode": "test", "epoch": 15}
{"loss": 0.3724466860294342, "acc": 0.8355463743209839, "length": 3.48767352104187, "mode": "train", "epoch": 16}
{"loss": 0.3990538418292999, "acc": 0.8381075263023376, "length": 3.480565309524536, "mode": "test", "epoch": 16}
{"loss": 0.34683123230934143, "acc": 0.8497300744056702, "length": 3.675041913986206, "mode": "train", "epoch": 17}
{"loss": 0.3980647623538971, "acc": 0.8187273144721985, "length": 3.883392333984375, "mode": "test", "epoch": 17}
{"loss": 0.33019784092903137, "acc": 0.8533019423484802, "length": 3.718393564224243, "mode": "train", "epoch": 18}
{"loss": 0.360321581363678, "acc": 0.839985191822052, "length": 3.883392333984375, "mode": "test", "epoch": 18}
{"loss": 0.33170685172080994, "acc": 0.853309154510498, "length": 3.805676221847534, "mode": "train", "epoch": 19}
{"loss": 0.37547463178634644, "acc": 0.8337839841842651, "length": 3.883392333984375, "mode": "test", "epoch": 19}
{"loss": 0.3267051875591278, "acc": 0.8558279275894165, "length": 3.8145551681518555, "mode": "train", "epoch": 20}
{"loss": 0.36024710536003113, "acc": 0.8486121892929077, "length": 3.8445229530334473, "mode": "test", "epoch": 20}
{"loss": 0.3140485882759094, "acc": 0.8642712235450745, "length": 3.7586028575897217, "mode": "train", "epoch": 21}
{"loss": 0.3491699993610382, "acc": 0.8521947860717773, "length": 3.883392333984375, "mode": "test", "epoch": 21}
{"loss": 0.3034203052520752, "acc": 0.8743231892585754, "length": 3.7809946537017822, "mode": "train", "epoch": 22}
{"loss": 0.3404933512210846, "acc": 0.8596091270446777, "length": 3.883392333984375, "mode": "test", "epoch": 22}
{"loss": 0.28734439611434937, "acc": 0.8843399882316589, "length": 3.7756805419921875, "mode": "train", "epoch": 23}
{"loss": 0.3196716010570526, "acc": 0.8698485493659973, "length": 3.883392333984375, "mode": "test", "epoch": 23}
{"loss": 0.27435436844825745, "acc": 0.8912093639373779, "length": 3.797175168991089, "mode": "train", "epoch": 24}
{"loss": 0.3085643947124481, "acc": 0.8810808062553406, "length": 3.883392333984375, "mode": "test", "epoch": 24}
{"loss": 0.2699735164642334, "acc": 0.8922719955444336, "length": 3.786891460418701, "mode": "train", "epoch": 25}
{"loss": 0.30264046788215637, "acc": 0.8777764439582825, "length": 3.883392333984375, "mode": "test", "epoch": 25}
{"loss": 0.2580055594444275, "acc": 0.8949156999588013, "length": 3.789952516555786, "mode": "train", "epoch": 26}
{"loss": 0.2836465537548065, "acc": 0.8916675448417664, "length": 3.883392333984375, "mode": "test", "epoch": 26}
{"loss": 0.25342968106269836, "acc": 0.9053962826728821, "length": 3.825395345687866, "mode": "train", "epoch": 27}
{"loss": 0.2901550829410553, "acc": 0.8852581977844238, "length": 3.88692569732666, "mode": "test", "epoch": 27}
{"loss": 0.242710143327713, "acc": 0.9072401523590088, "length": 3.8176190853118896, "mode": "train", "epoch": 28}
{"loss": 0.2756842076778412, "acc": 0.8991012573242188, "length": 3.8939929008483887, "mode": "test", "epoch": 28}
{"loss": 0.22289276123046875, "acc": 0.9158262014389038, "length": 3.838418483734131, "mode": "train", "epoch": 29}
{"loss": 0.27499598264694214, "acc": 0.9047378301620483, "length": 3.9045937061309814, "mode": "test", "epoch": 29}
{"loss": 0.23355136811733246, "acc": 0.9149307608604431, "length": 3.845219135284424, "mode": "train", "epoch": 30}
{"loss": 0.2764737904071808, "acc": 0.8987107276916504, "length": 3.901060104370117, "mode": "test", "epoch": 30}
{"loss": 0.23039941489696503, "acc": 0.9162394404411316, "length": 3.867004871368408, "mode": "train", "epoch": 31}
{"loss": 0.27305832505226135, "acc": 0.8992429375648499, "length": 3.901060104370117, "mode": "test", "epoch": 31}
{"loss": 0.23365123569965363, "acc": 0.9136933088302612, "length": 3.8556149005889893, "mode": "train", "epoch": 32}
{"loss": 0.26056385040283203, "acc": 0.906520664691925, "length": 3.9045937061309814, "mode": "test", "epoch": 32}
{"loss": 0.21269340813159943, "acc": 0.9208221435546875, "length": 3.8845269680023193, "mode": "train", "epoch": 33}
{"loss": 0.2589612305164337, "acc": 0.9087241888046265, "length": 3.954063653945923, "mode": "test", "epoch": 33}
{"loss": 0.20095442235469818, "acc": 0.9269813895225525, "length": 3.8757615089416504, "mode": "train", "epoch": 34}
{"loss": 0.24493376910686493, "acc": 0.9216530919075012, "length": 3.9222614765167236, "mode": "test", "epoch": 34}
{"loss": 0.19495037198066711, "acc": 0.9311630129814148, "length": 3.8764383792877197, "mode": "train", "epoch": 35}
{"loss": 0.23257404565811157, "acc": 0.9223179817199707, "length": 3.9222614765167236, "mode": "test", "epoch": 35}
{"loss": 0.2135922908782959, "acc": 0.9231850504875183, "length": 3.8726279735565186, "mode": "train", "epoch": 36}
{"loss": 0.3176155984401703, "acc": 0.8925182819366455, "length": 3.9222614765167236, "mode": "test", "epoch": 36}
{"loss": 0.24002967774868011, "acc": 0.9071860909461975, "length": 3.868201494216919, "mode": "train", "epoch": 37}
{"loss": 0.2721441388130188, "acc": 0.9032086133956909, "length": 3.9222614765167236, "mode": "test", "epoch": 37}
{"loss": 0.20998181402683258, "acc": 0.9202563762664795, "length": 3.8665831089019775, "mode": "train", "epoch": 38}
{"loss": 0.26459312438964844, "acc": 0.9014832377433777, "length": 3.8939929008483887, "mode": "test", "epoch": 38}
{"loss": 0.20883114635944366, "acc": 0.91642826795578, "length": 3.8336851596832275, "mode": "train", "epoch": 39}
{"loss": 0.2489621937274933, "acc": 0.9131940007209778, "length": 3.9045937061309814, "mode": "test", "epoch": 39}
{"loss": 0.1963796317577362, "acc": 0.9270167350769043, "length": 3.84055233001709, "mode": "train", "epoch": 40}
{"loss": 0.2282695323228836, "acc": 0.9206833839416504, "length": 3.9045937061309814, "mode": "test", "epoch": 40}
{"loss": 0.19023722410202026, "acc": 0.928362250328064, "length": 3.8740360736846924, "mode": "train", "epoch": 41}
{"loss": 0.2320224791765213, "acc": 0.9174382090568542, "length": 3.8727915287017822, "mode": "test", "epoch": 41}
{"loss": 0.16918304562568665, "acc": 0.9351616501808167, "length": 3.8229706287384033, "mode": "train", "epoch": 42}
{"loss": 0.21896547079086304, "acc": 0.9200245141983032, "length": 3.8727915287017822, "mode": "test", "epoch": 42}
{"loss": 0.16070044040679932, "acc": 0.9376592040061951, "length": 3.8181211948394775, "mode": "train", "epoch": 43}
{"loss": 0.219234898686409, "acc": 0.9199581146240234, "length": 3.8904592990875244, "mode": "test", "epoch": 43}
{"loss": 0.16280412673950195, "acc": 0.9392340183258057, "length": 3.850701332092285, "mode": "train", "epoch": 44}
{"loss": 0.21471282839775085, "acc": 0.9286637306213379, "length": 3.883392333984375, "mode": "test", "epoch": 44}
{"loss": 0.15081560611724854, "acc": 0.9450477957725525, "length": 3.8661816120147705, "mode": "train", "epoch": 45}
{"loss": 0.19189149141311646, "acc": 0.9330593347549438, "length": 3.901060104370117, "mode": "test", "epoch": 45}
{"loss": 0.14548379182815552, "acc": 0.9477039575576782, "length": 3.853553056716919, "mode": "train", "epoch": 46}
{"loss": 0.19207996129989624, "acc": 0.9363044500350952, "length": 3.8939929008483887, "mode": "test", "epoch": 46}
{"loss": 0.13687637448310852, "acc": 0.9495573043823242, "length": 3.8526577949523926, "mode": "train", "epoch": 47}
{"loss": 0.1768348664045334, "acc": 0.9350904226303101, "length": 3.8939929008483887, "mode": "test", "epoch": 47}
{"loss": 0.13773305714130402, "acc": 0.9509662389755249, "length": 3.84800386428833, "mode": "train", "epoch": 48}
{"loss": 0.1659189909696579, "acc": 0.9448533058166504, "length": 3.883392333984375, "mode": "test", "epoch": 48}
{"loss": 0.13318435847759247, "acc": 0.9519964456558228, "length": 3.8705365657806396, "mode": "train", "epoch": 49}
{"loss": 0.18044990301132202, "acc": 0.9400530457496643, "length": 3.9045937061309814, "mode": "test", "epoch": 49}
{"loss": 0.13496048748493195, "acc": 0.9501230120658875, "length": 3.8723011016845703, "mode": "train", "epoch": 50}
{"loss": 0.18374204635620117, "acc": 0.9441894888877869, "length": 3.88692569732666, "mode": "test", "epoch": 50}
{"loss": 0.12325923889875412, "acc": 0.9558757543563843, "length": 3.8382763862609863, "mode": "train", "epoch": 51}
{"loss": 0.20333623886108398, "acc": 0.9368424415588379, "length": 3.851590156555176, "mode": "test", "epoch": 51}
{"loss": 0.12065105140209198, "acc": 0.9588484764099121, "length": 3.8498218059539795, "mode": "train", "epoch": 52}
{"loss": 0.161563903093338, "acc": 0.9435093998908997, "length": 3.8657243251800537, "mode": "test", "epoch": 52}
{"loss": 0.12264814972877502, "acc": 0.9587821960449219, "length": 3.864579200744629, "mode": "train", "epoch": 53}
{"loss": 0.17995144426822662, "acc": 0.9424504041671753, "length": 3.8657243251800537, "mode": "test", "epoch": 53}
{"loss": 0.12841346859931946, "acc": 0.9575737118721008, "length": 3.8273775577545166, "mode": "train", "epoch": 54}
{"loss": 0.17427577078342438, "acc": 0.9513677954673767, "length": 3.8197879791259766, "mode": "test", "epoch": 54}
{"loss": 0.12256167083978653, "acc": 0.9569392204284668, "length": 3.7995190620422363, "mode": "train", "epoch": 55}
{"loss": 0.1726248860359192, "acc": 0.9489330053329468, "length": 3.8657243251800537, "mode": "test", "epoch": 55}
{"loss": 0.13629640638828278, "acc": 0.9557978510856628, "length": 3.8630564212799072, "mode": "train", "epoch": 56}
{"loss": 0.1690148264169693, "acc": 0.9415885806083679, "length": 3.840989351272583, "mode": "test", "epoch": 56}
{"loss": 0.12119606882333755, "acc": 0.9561675190925598, "length": 3.8556602001190186, "mode": "train", "epoch": 57}
{"loss": 0.16712187230587006, "acc": 0.9463297128677368, "length": 3.88692569732666, "mode": "test", "epoch": 57}
{"loss": 0.11214199662208557, "acc": 0.9628946781158447, "length": 3.868413209915161, "mode": "train", "epoch": 58}
{"loss": 0.1472252905368805, "acc": 0.9493640065193176, "length": 3.840989351272583, "mode": "test", "epoch": 58}
{"loss": 0.10730231553316116, "acc": 0.9663074612617493, "length": 3.818791627883911, "mode": "train", "epoch": 59}
{"loss": 0.14313828945159912, "acc": 0.9543992877006531, "length": 3.840989351272583, "mode": "test", "epoch": 59}
{"loss": 0.10417824983596802, "acc": 0.9657812714576721, "length": 3.8069560527801514, "mode": "train", "epoch": 60}
{"loss": 0.16253863275051117, "acc": 0.947260320186615, "length": 3.8056538105010986, "mode": "test", "epoch": 60}
test accuracy: 0.8288640379905701
