# ["--attributes=5", "--values=4", "--game_size=10", "--vocab_size_factor=3", "--n_epochs=60", "--batch_size=32", "--learning_rate=0.001", "--hidden_size=256", "--temp_update=0.97", "--temperature=2"]
Creating train_ds and val_ds...

Creating test_ds...
{"loss": 0.7105830907821655, "acc": 0.5086240172386169, "length": 1.9032061100006104, "mode": "train", "epoch": 1}
{"loss": 0.7054652571678162, "acc": 0.48243245482444763, "length": 1.0, "mode": "test", "epoch": 1}
{"loss": 0.696032702922821, "acc": 0.5100017786026001, "length": 1.0337731838226318, "mode": "train", "epoch": 2}
{"loss": 0.7032252550125122, "acc": 0.48986485600471497, "length": 1.0, "mode": "test", "epoch": 2}
{"loss": 0.683803379535675, "acc": 0.5552148222923279, "length": 1.4187965393066406, "mode": "train", "epoch": 3}
{"loss": 0.6253587007522583, "acc": 0.6755489706993103, "length": 2.3074324131011963, "mode": "test", "epoch": 3}
{"loss": 0.59974604845047, "acc": 0.6762733459472656, "length": 2.414259195327759, "mode": "train", "epoch": 4}
{"loss": 0.5906100273132324, "acc": 0.6721917390823364, "length": 2.854729652404785, "mode": "test", "epoch": 4}
{"loss": 0.556765615940094, "acc": 0.7099795937538147, "length": 2.81803297996521, "mode": "train", "epoch": 5}
{"loss": 0.5473447442054749, "acc": 0.753853440284729, "length": 2.9560811519622803, "mode": "test", "epoch": 5}
{"loss": 0.48922836780548096, "acc": 0.7733677625656128, "length": 2.687265634536743, "mode": "train", "epoch": 6}
{"loss": 0.5113556981086731, "acc": 0.7646748423576355, "length": 2.854729652404785, "mode": "test", "epoch": 6}
{"loss": 0.4526587724685669, "acc": 0.7902924418449402, "length": 2.7167470455169678, "mode": "train", "epoch": 7}
{"loss": 0.4830537736415863, "acc": 0.7776499390602112, "length": 2.9560811519622803, "mode": "test", "epoch": 7}
{"loss": 0.4078574478626251, "acc": 0.8086735606193542, "length": 3.1030726432800293, "mode": "train", "epoch": 8}
{"loss": 0.4172261357307434, "acc": 0.8172191381454468, "length": 3.1182432174682617, "mode": "test", "epoch": 8}
{"loss": 0.3517926037311554, "acc": 0.8467681407928467, "length": 3.116501808166504, "mode": "train", "epoch": 9}
{"loss": 0.3874927759170532, "acc": 0.8261454701423645, "length": 3.2094595432281494, "mode": "test", "epoch": 9}
{"loss": 0.3233596086502075, "acc": 0.8618374466896057, "length": 3.2092649936676025, "mode": "train", "epoch": 10}
{"loss": 0.3852963447570801, "acc": 0.8413798213005066, "length": 3.047297239303589, "mode": "test", "epoch": 10}
{"loss": 0.3208724558353424, "acc": 0.8567876219749451, "length": 3.201456308364868, "mode": "train", "epoch": 11}
{"loss": 0.3662116229534149, "acc": 0.8449430465698242, "length": 3.077702760696411, "mode": "test", "epoch": 11}
{"loss": 0.2932804226875305, "acc": 0.8722240328788757, "length": 3.2378554344177246, "mode": "train", "epoch": 12}
{"loss": 0.3693682551383972, "acc": 0.8448321223258972, "length": 3.1891891956329346, "mode": "test", "epoch": 12}
{"loss": 0.273945152759552, "acc": 0.8846074938774109, "length": 3.3525147438049316, "mode": "train", "epoch": 13}
{"loss": 0.3285857141017914, "acc": 0.861465334892273, "length": 3.2398648262023926, "mode": "test", "epoch": 13}
{"loss": 0.2562054991722107, "acc": 0.8976321816444397, "length": 3.4167871475219727, "mode": "train", "epoch": 14}
{"loss": 0.3040618598461151, "acc": 0.874276876449585, "length": 3.554054021835327, "mode": "test", "epoch": 14}
{"loss": 0.23576025664806366, "acc": 0.905582070350647, "length": 3.551290988922119, "mode": "train", "epoch": 15}
{"loss": 0.2817342281341553, "acc": 0.8834301829338074, "length": 3.6554055213928223, "mode": "test", "epoch": 15}
{"loss": 0.23000755906105042, "acc": 0.9114640355110168, "length": 3.68422269821167, "mode": "train", "epoch": 16}
{"loss": 0.27974024415016174, "acc": 0.8943834900856018, "length": 3.7905404567718506, "mode": "test", "epoch": 16}
{"loss": 0.21814817190170288, "acc": 0.9168024659156799, "length": 3.7827584743499756, "mode": "train", "epoch": 17}
{"loss": 0.25836196541786194, "acc": 0.9069942831993103, "length": 3.8851351737976074, "mode": "test", "epoch": 17}
{"loss": 0.20269732177257538, "acc": 0.9243484139442444, "length": 3.895759344100952, "mode": "train", "epoch": 18}
{"loss": 0.22884781658649445, "acc": 0.9166489839553833, "length": 3.9864864349365234, "mode": "test", "epoch": 18}
{"loss": 0.199301078915596, "acc": 0.9248270392417908, "length": 3.906048059463501, "mode": "train", "epoch": 19}
{"loss": 0.24132990837097168, "acc": 0.9143581986427307, "length": 3.979729652404785, "mode": "test", "epoch": 19}
{"loss": 0.196415975689888, "acc": 0.9271345734596252, "length": 3.95339298248291, "mode": "train", "epoch": 20}
{"loss": 0.24605098366737366, "acc": 0.9126690030097961, "length": 4.0, "mode": "test", "epoch": 20}
{"loss": 0.19169320166110992, "acc": 0.9259204864501953, "length": 3.974942684173584, "mode": "train", "epoch": 21}
{"loss": 0.22633333504199982, "acc": 0.9219595193862915, "length": 4.0, "mode": "test", "epoch": 21}
{"loss": 0.17020803689956665, "acc": 0.9366939663887024, "length": 3.980924367904663, "mode": "train", "epoch": 22}
{"loss": 0.22160974144935608, "acc": 0.9141892194747925, "length": 4.0, "mode": "test", "epoch": 22}
{"loss": 0.17399533092975616, "acc": 0.9350940585136414, "length": 3.9793331623077393, "mode": "train", "epoch": 23}
{"loss": 0.2154255211353302, "acc": 0.9283784627914429, "length": 4.0, "mode": "test", "epoch": 23}
{"loss": 0.16169434785842896, "acc": 0.9412035346031189, "length": 3.995713710784912, "mode": "train", "epoch": 24}
{"loss": 0.21102206408977509, "acc": 0.9302365183830261, "length": 4.0, "mode": "test", "epoch": 24}
{"loss": 0.1548149287700653, "acc": 0.9414322376251221, "length": 3.992859363555908, "mode": "train", "epoch": 25}
{"loss": 0.19571134448051453, "acc": 0.9356418251991272, "length": 4.0, "mode": "test", "epoch": 25}
{"loss": 0.13160154223442078, "acc": 0.9549349546432495, "length": 3.99160099029541, "mode": "train", "epoch": 26}
{"loss": 0.16660384833812714, "acc": 0.9488174915313721, "length": 4.0, "mode": "test", "epoch": 26}
{"loss": 0.12664411962032318, "acc": 0.9572522640228271, "length": 3.9943597316741943, "mode": "train", "epoch": 27}
{"loss": 0.14955155551433563, "acc": 0.9525337219238281, "length": 4.0, "mode": "test", "epoch": 27}
{"loss": 0.11605392396450043, "acc": 0.961979329586029, "length": 3.997217893600464, "mode": "train", "epoch": 28}
{"loss": 0.1568034142255783, "acc": 0.9501689076423645, "length": 4.0, "mode": "test", "epoch": 28}
{"loss": 0.11153355240821838, "acc": 0.9635656476020813, "length": 3.9987998008728027, "mode": "train", "epoch": 29}
{"loss": 0.15764576196670532, "acc": 0.9525337219238281, "length": 4.0, "mode": "test", "epoch": 29}
{"loss": 0.11334562301635742, "acc": 0.9645851254463196, "length": 3.9982659816741943, "mode": "train", "epoch": 30}
{"loss": 0.14710046350955963, "acc": 0.9454392194747925, "length": 4.0, "mode": "test", "epoch": 30}
{"loss": 0.11782974004745483, "acc": 0.9640803933143616, "length": 3.9944069385528564, "mode": "train", "epoch": 31}
{"loss": 0.14384113252162933, "acc": 0.9586148858070374, "length": 4.0, "mode": "test", "epoch": 31}
{"loss": 0.10415229946374893, "acc": 0.9665687680244446, "length": 3.9993536472320557, "mode": "train", "epoch": 32}
{"loss": 0.15966981649398804, "acc": 0.9435811638832092, "length": 4.0, "mode": "test", "epoch": 32}
{"loss": 0.09977392107248306, "acc": 0.9676481485366821, "length": 3.999293327331543, "mode": "train", "epoch": 33}
{"loss": 0.17952679097652435, "acc": 0.9422298073768616, "length": 4.0, "mode": "test", "epoch": 33}
{"loss": 0.09682991355657578, "acc": 0.9679269790649414, "length": 3.999708890914917, "mode": "train", "epoch": 34}
{"loss": 0.121289923787117, "acc": 0.9601351022720337, "length": 4.0, "mode": "test", "epoch": 34}
{"loss": 0.09075140208005905, "acc": 0.970417857170105, "length": 3.998739242553711, "mode": "train", "epoch": 35}
{"loss": 0.13448987901210785, "acc": 0.9579392671585083, "length": 4.0, "mode": "test", "epoch": 35}
{"loss": 0.0921042338013649, "acc": 0.9684287309646606, "length": 3.9988980293273926, "mode": "train", "epoch": 36}
{"loss": 0.14809668064117432, "acc": 0.9527027010917664, "length": 4.0, "mode": "test", "epoch": 36}
{"loss": 0.09326281398534775, "acc": 0.9679863452911377, "length": 3.9999003410339355, "mode": "train", "epoch": 37}
{"loss": 0.13833598792552948, "acc": 0.9543918967247009, "length": 4.0, "mode": "test", "epoch": 37}
{"loss": 0.11950447410345078, "acc": 0.9615947604179382, "length": 3.998849630355835, "mode": "train", "epoch": 38}
{"loss": 0.16818653047084808, "acc": 0.9396960139274597, "length": 4.0, "mode": "test", "epoch": 38}
{"loss": 0.11766422539949417, "acc": 0.9586564898490906, "length": 3.9984185695648193, "mode": "train", "epoch": 39}
{"loss": 0.19184036552906036, "acc": 0.9483107328414917, "length": 4.0, "mode": "test", "epoch": 39}
{"loss": 0.12107577174901962, "acc": 0.9590487480163574, "length": 3.9996070861816406, "mode": "train", "epoch": 40}
{"loss": 0.16322094202041626, "acc": 0.9415541887283325, "length": 4.0, "mode": "test", "epoch": 40}
{"loss": 0.13193830847740173, "acc": 0.9578573703765869, "length": 3.9986624717712402, "mode": "train", "epoch": 41}
{"loss": 0.14787231385707855, "acc": 0.9562500715255737, "length": 4.0, "mode": "test", "epoch": 41}
{"loss": 0.08603017777204514, "acc": 0.9721147418022156, "length": 3.999882698059082, "mode": "train", "epoch": 42}
{"loss": 0.1259446144104004, "acc": 0.9648649096488953, "length": 4.0, "mode": "test", "epoch": 42}
{"loss": 0.08134808391332626, "acc": 0.9720011353492737, "length": 3.9999196529388428, "mode": "train", "epoch": 43}
{"loss": 0.1201956644654274, "acc": 0.9663851857185364, "length": 4.0, "mode": "test", "epoch": 43}
{"loss": 0.07938496023416519, "acc": 0.9747169613838196, "length": 3.9999802112579346, "mode": "train", "epoch": 44}
{"loss": 0.13717348873615265, "acc": 0.9587838649749756, "length": 4.0, "mode": "test", "epoch": 44}
{"loss": 0.08839800953865051, "acc": 0.9717772603034973, "length": 3.9997878074645996, "mode": "train", "epoch": 45}
{"loss": 0.12760376930236816, "acc": 0.9609796404838562, "length": 4.0, "mode": "test", "epoch": 45}
{"loss": 0.08357606828212738, "acc": 0.9723367691040039, "length": 3.999389886856079, "mode": "train", "epoch": 46}
{"loss": 0.113084577023983, "acc": 0.9646959900856018, "length": 4.0, "mode": "test", "epoch": 46}
{"loss": 0.07526090741157532, "acc": 0.9744910597801208, "length": 3.999630928039551, "mode": "train", "epoch": 47}
{"loss": 0.10984565317630768, "acc": 0.9673986434936523, "length": 4.0, "mode": "test", "epoch": 47}
{"loss": 0.0728331133723259, "acc": 0.9764136672019958, "length": 3.9999516010284424, "mode": "train", "epoch": 48}
{"loss": 0.11433859914541245, "acc": 0.9668918251991272, "length": 4.0, "mode": "test", "epoch": 48}
{"loss": 0.07034097611904144, "acc": 0.9751696586608887, "length": 3.9998693466186523, "mode": "train", "epoch": 49}
{"loss": 0.1431981474161148, "acc": 0.9613176584243774, "length": 4.0, "mode": "test", "epoch": 49}
{"loss": 0.08291943371295929, "acc": 0.9734163880348206, "length": 3.999990701675415, "mode": "train", "epoch": 50}
{"loss": 0.13152943551540375, "acc": 0.958108127117157, "length": 4.0, "mode": "test", "epoch": 50}
{"loss": 0.08637087792158127, "acc": 0.9712672233581543, "length": 3.999907970428467, "mode": "train", "epoch": 51}
{"loss": 0.12413827329874039, "acc": 0.961148738861084, "length": 4.0, "mode": "test", "epoch": 51}
{"loss": 0.085120290517807, "acc": 0.9728498458862305, "length": 3.999689817428589, "mode": "train", "epoch": 52}
{"loss": 0.14449553191661835, "acc": 0.9565877914428711, "length": 4.0, "mode": "test", "epoch": 52}
{"loss": 0.0747087150812149, "acc": 0.9761295318603516, "length": 3.999863862991333, "mode": "train", "epoch": 53}
{"loss": 0.16909091174602509, "acc": 0.95506751537323, "length": 4.0, "mode": "test", "epoch": 53}
{"loss": 0.08737731724977493, "acc": 0.9705081582069397, "length": 3.9989960193634033, "mode": "train", "epoch": 54}
{"loss": 0.14108745753765106, "acc": 0.9559121131896973, "length": 4.0, "mode": "test", "epoch": 54}
{"loss": 0.08531226962804794, "acc": 0.9724549055099487, "length": 3.999995470046997, "mode": "train", "epoch": 55}
{"loss": 0.12382154911756516, "acc": 0.9623309969902039, "length": 4.0, "mode": "test", "epoch": 55}
{"loss": 0.077364981174469, "acc": 0.9746041893959045, "length": 3.9999563694000244, "mode": "train", "epoch": 56}
{"loss": 0.10593686252832413, "acc": 0.968074381351471, "length": 4.0, "mode": "test", "epoch": 56}
{"loss": 0.0742688775062561, "acc": 0.974830150604248, "length": 3.999988079071045, "mode": "train", "epoch": 57}
{"loss": 0.09686025232076645, "acc": 0.9701011180877686, "length": 4.0, "mode": "test", "epoch": 57}
{"loss": 0.0638691633939743, "acc": 0.9785068035125732, "length": 3.999988317489624, "mode": "train", "epoch": 58}
{"loss": 0.09392423182725906, "acc": 0.9726352095603943, "length": 4.0, "mode": "test", "epoch": 58}
{"loss": 0.06323029100894928, "acc": 0.9772058129310608, "length": 3.999994993209839, "mode": "train", "epoch": 59}
{"loss": 0.11381571739912033, "acc": 0.9679054021835327, "length": 4.0, "mode": "test", "epoch": 59}
{"loss": 0.06883344054222107, "acc": 0.9755071997642517, "length": 3.9999115467071533, "mode": "train", "epoch": 60}
{"loss": 0.11297451704740524, "acc": 0.968074381351471, "length": 4.0, "mode": "test", "epoch": 60}
test accuracy: 0.8648077249526978
