# ["--attributes=5", "--values=4", "--game_size=10", "--vocab_size_factor=3", "--n_epochs=60", "--batch_size=32", "--learning_rate=0.001", "--hidden_size=256", "--temp_update=0.99", "--temperature=1"]
Creating train_ds and val_ds...

Creating test_ds...
{"loss": 0.7026379108428955, "acc": 0.5049908757209778, "length": 1.612465500831604, "mode": "train", "epoch": 1}
{"loss": 0.686497688293457, "acc": 0.5510677695274353, "length": 1.0, "mode": "test", "epoch": 1}
{"loss": 0.6968870759010315, "acc": 0.5280610918998718, "length": 1.0007011890411377, "mode": "train", "epoch": 2}
{"loss": 0.6971774101257324, "acc": 0.483273983001709, "length": 1.0, "mode": "test", "epoch": 2}
{"loss": 0.6973417401313782, "acc": 0.5117841362953186, "length": 1.0022644996643066, "mode": "train", "epoch": 3}
{"loss": 0.6954565048217773, "acc": 0.5190392136573792, "length": 1.0, "mode": "test", "epoch": 3}
{"loss": 0.6944066286087036, "acc": 0.5167454481124878, "length": 1.0001585483551025, "mode": "train", "epoch": 4}
{"loss": 0.696212887763977, "acc": 0.510320246219635, "length": 1.0, "mode": "test", "epoch": 4}
{"loss": 0.6941195130348206, "acc": 0.5200244784355164, "length": 1.0001475811004639, "mode": "train", "epoch": 5}
{"loss": 0.6887123584747314, "acc": 0.5295373797416687, "length": 1.0, "mode": "test", "epoch": 5}
{"loss": 0.695239245891571, "acc": 0.5235395431518555, "length": 1.0003081560134888, "mode": "train", "epoch": 6}
{"loss": 0.6915918588638306, "acc": 0.5411032438278198, "length": 1.0, "mode": "test", "epoch": 6}
{"loss": 0.6936581134796143, "acc": 0.517224133014679, "length": 1.0001661777496338, "mode": "train", "epoch": 7}
{"loss": 0.6911507844924927, "acc": 0.5217081904411316, "length": 1.0, "mode": "test", "epoch": 7}
{"loss": 0.6913020014762878, "acc": 0.5178787708282471, "length": 1.0000370740890503, "mode": "train", "epoch": 8}
{"loss": 0.6859512329101562, "acc": 0.5309609174728394, "length": 1.0, "mode": "test", "epoch": 8}
{"loss": 0.6898809671401978, "acc": 0.5263414978981018, "length": 1.0000510215759277, "mode": "train", "epoch": 9}
{"loss": 0.691566526889801, "acc": 0.5330961346626282, "length": 1.0, "mode": "test", "epoch": 9}
{"loss": 0.6914795637130737, "acc": 0.525393009185791, "length": 1.000389814376831, "mode": "train", "epoch": 10}
{"loss": 0.6885942816734314, "acc": 0.5309609174728394, "length": 1.0, "mode": "test", "epoch": 10}
{"loss": 0.6919872760772705, "acc": 0.5144819021224976, "length": 1.0000510215759277, "mode": "train", "epoch": 11}
{"loss": 0.6902093291282654, "acc": 0.534519612789154, "length": 1.0, "mode": "test", "epoch": 11}
{"loss": 0.6948113441467285, "acc": 0.5159116983413696, "length": 1.0000293254852295, "mode": "train", "epoch": 12}
{"loss": 0.6872076988220215, "acc": 0.5238434076309204, "length": 1.0, "mode": "test", "epoch": 12}
{"loss": 0.6932010650634766, "acc": 0.5230031609535217, "length": 1.000034213066101, "mode": "train", "epoch": 13}
{"loss": 0.6852218508720398, "acc": 0.5343416333198547, "length": 1.0, "mode": "test", "epoch": 13}
{"loss": 0.6878510117530823, "acc": 0.5354591012001038, "length": 1.0000320672988892, "mode": "train", "epoch": 14}
{"loss": 0.6874083280563354, "acc": 0.5398576855659485, "length": 1.0, "mode": "test", "epoch": 14}
{"loss": 0.6897541284561157, "acc": 0.5351608395576477, "length": 1.0000196695327759, "mode": "train", "epoch": 15}
{"loss": 0.689643383026123, "acc": 0.5217081308364868, "length": 1.0, "mode": "test", "epoch": 15}
{"loss": 0.690605640411377, "acc": 0.5300354361534119, "length": 1.0000323057174683, "mode": "train", "epoch": 16}
{"loss": 0.6851133704185486, "acc": 0.5645907521247864, "length": 1.0, "mode": "test", "epoch": 16}
{"loss": 0.6919341087341309, "acc": 0.5252082347869873, "length": 1.000024676322937, "mode": "train", "epoch": 17}
{"loss": 0.6836111545562744, "acc": 0.5784697532653809, "length": 1.0, "mode": "test", "epoch": 17}
{"loss": 0.6881347894668579, "acc": 0.5363528728485107, "length": 1.0000144243240356, "mode": "train", "epoch": 18}
{"loss": 0.6878605484962463, "acc": 0.5291814804077148, "length": 1.0, "mode": "test", "epoch": 18}
{"loss": 0.6905000805854797, "acc": 0.5292014479637146, "length": 1.0000150203704834, "mode": "train", "epoch": 19}
{"loss": 0.6868693828582764, "acc": 0.5414590239524841, "length": 1.0, "mode": "test", "epoch": 19}
{"loss": 0.6901880502700806, "acc": 0.5340878963470459, "length": 1.0000324249267578, "mode": "train", "epoch": 20}
{"loss": 0.6848130226135254, "acc": 0.5816726088523865, "length": 1.0, "mode": "test", "epoch": 20}
{"loss": 0.6892712712287903, "acc": 0.5404647588729858, "length": 1.0000174045562744, "mode": "train", "epoch": 21}
{"loss": 0.6871137619018555, "acc": 0.5412811040878296, "length": 1.0, "mode": "test", "epoch": 21}
{"loss": 0.6888388395309448, "acc": 0.5291417837142944, "length": 1.0000078678131104, "mode": "train", "epoch": 22}
{"loss": 0.6847328543663025, "acc": 0.5466192364692688, "length": 1.0, "mode": "test", "epoch": 22}
{"loss": 0.6891337037086487, "acc": 0.5354587435722351, "length": 1.0000110864639282, "mode": "train", "epoch": 23}
{"loss": 0.6905485391616821, "acc": 0.535231351852417, "length": 1.0, "mode": "test", "epoch": 23}
{"loss": 0.6870899200439453, "acc": 0.5398681163787842, "length": 1.0000380277633667, "mode": "train", "epoch": 24}
{"loss": 0.6845445036888123, "acc": 0.5546264052391052, "length": 1.0, "mode": "test", "epoch": 24}
{"loss": 0.6875617504119873, "acc": 0.5455284118652344, "length": 1.0001062154769897, "mode": "train", "epoch": 25}
{"loss": 0.6914194226264954, "acc": 0.5245552062988281, "length": 1.0, "mode": "test", "epoch": 25}
{"loss": 0.6918186545372009, "acc": 0.5379618406295776, "length": 1.0000053644180298, "mode": "train", "epoch": 26}
{"loss": 0.6835766434669495, "acc": 0.571530282497406, "length": 1.0, "mode": "test", "epoch": 26}
{"loss": 0.6874858140945435, "acc": 0.5443387031555176, "length": 1.000024676322937, "mode": "train", "epoch": 27}
{"loss": 0.6866456270217896, "acc": 0.5624554753303528, "length": 1.0, "mode": "test", "epoch": 27}
{"loss": 0.6861476302146912, "acc": 0.5457091927528381, "length": 1.0000041723251343, "mode": "train", "epoch": 28}
{"loss": 0.6827635169029236, "acc": 0.5873665809631348, "length": 1.0, "mode": "test", "epoch": 28}
{"loss": 0.6879158616065979, "acc": 0.5420737862586975, "length": 1.0000025033950806, "mode": "train", "epoch": 29}
{"loss": 0.6845563054084778, "acc": 0.5542705059051514, "length": 1.0, "mode": "test", "epoch": 29}
{"loss": 0.688154935836792, "acc": 0.5446364879608154, "length": 1.0000016689300537, "mode": "train", "epoch": 30}
{"loss": 0.6845020651817322, "acc": 0.5587189197540283, "length": 1.0, "mode": "test", "epoch": 30}
{"loss": 0.6854830980300903, "acc": 0.5469009876251221, "length": 1.0000014305114746, "mode": "train", "epoch": 31}
{"loss": 0.6810460686683655, "acc": 0.5830960869789124, "length": 1.0, "mode": "test", "epoch": 31}
{"loss": 0.6862905621528625, "acc": 0.5558997988700867, "length": 1.000001072883606, "mode": "train", "epoch": 32}
{"loss": 0.6875270009040833, "acc": 0.5414590835571289, "length": 1.0, "mode": "test", "epoch": 32}
{"loss": 0.6860824823379517, "acc": 0.5519064664840698, "length": 1.0000495910644531, "mode": "train", "epoch": 33}
{"loss": 0.681649386882782, "acc": 0.582918107509613, "length": 1.0, "mode": "test", "epoch": 33}
{"loss": 0.6858691573143005, "acc": 0.5466030240058899, "length": 1.000002384185791, "mode": "train", "epoch": 34}
{"loss": 0.6871169209480286, "acc": 0.5428825616836548, "length": 1.0, "mode": "test", "epoch": 34}
{"loss": 0.686470091342926, "acc": 0.5513113737106323, "length": 1.000016689300537, "mode": "train", "epoch": 35}
{"loss": 0.6809713840484619, "acc": 0.5816726088523865, "length": 1.0, "mode": "test", "epoch": 35}
{"loss": 0.6874229907989502, "acc": 0.5458282828330994, "length": 1.000002145767212, "mode": "train", "epoch": 36}
{"loss": 0.6824949979782104, "acc": 0.5873665809631348, "length": 1.0, "mode": "test", "epoch": 36}
{"loss": 0.686276376247406, "acc": 0.5513110160827637, "length": 1.0000005960464478, "mode": "train", "epoch": 37}
{"loss": 0.6848919987678528, "acc": 0.575444757938385, "length": 1.0, "mode": "test", "epoch": 37}
{"loss": 0.6870729923248291, "acc": 0.5492848753929138, "length": 1.0000011920928955, "mode": "train", "epoch": 38}
{"loss": 0.6803154349327087, "acc": 0.5818504691123962, "length": 1.0, "mode": "test", "epoch": 38}
{"loss": 0.6845967173576355, "acc": 0.5572680234909058, "length": 1.000101923942566, "mode": "train", "epoch": 39}
{"loss": 0.6845546960830688, "acc": 0.5510677099227905, "length": 1.0, "mode": "test", "epoch": 39}
{"loss": 0.6866320967674255, "acc": 0.554052472114563, "length": 1.0000004768371582, "mode": "train", "epoch": 40}
{"loss": 0.6852614879608154, "acc": 0.5556939244270325, "length": 1.0, "mode": "test", "epoch": 40}
{"loss": 0.6854022741317749, "acc": 0.5565534830093384, "length": 1.0000276565551758, "mode": "train", "epoch": 41}
{"loss": 0.6818996071815491, "acc": 0.5861209630966187, "length": 1.0, "mode": "test", "epoch": 41}
{"loss": 0.6847748160362244, "acc": 0.5555453300476074, "length": 1.000213384628296, "mode": "train", "epoch": 42}
{"loss": 0.6815402507781982, "acc": 0.5756227970123291, "length": 1.0, "mode": "test", "epoch": 42}
{"loss": 0.6852290630340576, "acc": 0.5576281547546387, "length": 1.0000051259994507, "mode": "train", "epoch": 43}
{"loss": 0.6841227412223816, "acc": 0.5741992592811584, "length": 1.0, "mode": "test", "epoch": 43}
{"loss": 0.6866477131843567, "acc": 0.5470202565193176, "length": 1.0000014305114746, "mode": "train", "epoch": 44}
{"loss": 0.6811478734016418, "acc": 0.5873665809631348, "length": 1.0, "mode": "test", "epoch": 44}
{"loss": 0.6849613785743713, "acc": 0.5541120171546936, "length": 1.0000025033950806, "mode": "train", "epoch": 45}
{"loss": 0.6835956573486328, "acc": 0.5613879561424255, "length": 1.0, "mode": "test", "epoch": 45}
{"loss": 0.6841384172439575, "acc": 0.5551844835281372, "length": 1.000015377998352, "mode": "train", "epoch": 46}
{"loss": 0.684144139289856, "acc": 0.5743772983551025, "length": 1.0, "mode": "test", "epoch": 46}
{"loss": 0.6849802136421204, "acc": 0.5595352053642273, "length": 1.0000008344650269, "mode": "train", "epoch": 47}
{"loss": 0.6799749135971069, "acc": 0.5875445008277893, "length": 1.0, "mode": "test", "epoch": 47}
{"loss": 0.6856217384338379, "acc": 0.5581644773483276, "length": 1.0000014305114746, "mode": "train", "epoch": 48}
{"loss": 0.6822481751441956, "acc": 0.5512456297874451, "length": 1.0, "mode": "test", "epoch": 48}
{"loss": 0.683844268321991, "acc": 0.5587007403373718, "length": 1.0000025033950806, "mode": "train", "epoch": 49}
{"loss": 0.6805108189582825, "acc": 0.5873665809631348, "length": 1.0, "mode": "test", "epoch": 49}
{"loss": 0.6859952211380005, "acc": 0.5643622875213623, "length": 1.000003457069397, "mode": "train", "epoch": 50}
{"loss": 0.6847420930862427, "acc": 0.5460854172706604, "length": 1.0, "mode": "test", "epoch": 50}
{"loss": 0.6853564977645874, "acc": 0.5509923696517944, "length": 1.0005191564559937, "mode": "train", "epoch": 51}
{"loss": 0.6819940209388733, "acc": 0.5615658164024353, "length": 1.0, "mode": "test", "epoch": 51}
{"loss": 0.6853641271591187, "acc": 0.5514301061630249, "length": 1.0000120401382446, "mode": "train", "epoch": 52}
{"loss": 0.6794832348823547, "acc": 0.5830960869789124, "length": 1.0, "mode": "test", "epoch": 52}
{"loss": 0.684098482131958, "acc": 0.5550662279129028, "length": 1.0000269412994385, "mode": "train", "epoch": 53}
{"loss": 0.6809702515602112, "acc": 0.5741992592811584, "length": 1.0, "mode": "test", "epoch": 53}
{"loss": 0.6848614811897278, "acc": 0.5582255125045776, "length": 1.0001579523086548, "mode": "train", "epoch": 54}
{"loss": 0.6809500455856323, "acc": 0.5747331380844116, "length": 1.0, "mode": "test", "epoch": 54}
{"loss": 0.6845400929450989, "acc": 0.5553476214408875, "length": 1.0011677742004395, "mode": "train", "epoch": 55}
{"loss": 0.6801260113716125, "acc": 0.5823843479156494, "length": 1.0, "mode": "test", "epoch": 55}
{"loss": 0.6840537190437317, "acc": 0.5569338798522949, "length": 1.0017187595367432, "mode": "train", "epoch": 56}
{"loss": 0.6833290457725525, "acc": 0.5487544536590576, "length": 1.0, "mode": "test", "epoch": 56}
{"loss": 0.6840660572052002, "acc": 0.5566150546073914, "length": 1.0, "mode": "train", "epoch": 57}
{"loss": 0.6813810467720032, "acc": 0.5729538202285767, "length": 1.0, "mode": "test", "epoch": 57}
{"loss": 0.6825533509254456, "acc": 0.5643027424812317, "length": 1.0, "mode": "train", "epoch": 58}
{"loss": 0.6807366609573364, "acc": 0.575444757938385, "length": 1.0, "mode": "test", "epoch": 58}
{"loss": 0.685034990310669, "acc": 0.5582836270332336, "length": 1.0, "mode": "train", "epoch": 59}
{"loss": 0.6812129020690918, "acc": 0.5741992592811584, "length": 1.0, "mode": "test", "epoch": 59}
{"loss": 0.6858648657798767, "acc": 0.5543503761291504, "length": 1.0, "mode": "train", "epoch": 60}
{"loss": 0.6812168955802917, "acc": 0.5651245713233948, "length": 1.0, "mode": "test", "epoch": 60}
test accuracy: 0.292656272649765
