# ["--attributes=5", "--values=4", "--game_size=10", "--vocab_size_factor=3", "--n_epochs=60", "--batch_size=32", "--learning_rate=0.001", "--hidden_size=256", "--temp_update=0.99", "--temperature=1.5"]
Creating train_ds and val_ds...

Creating test_ds...
{"loss": 0.6989670395851135, "acc": 0.5309436321258545, "length": 2.1115689277648926, "mode": "train", "epoch": 1}
{"loss": 0.6470268368721008, "acc": 0.6381075978279114, "length": 1.9791666269302368, "mode": "test", "epoch": 1}
{"loss": 0.5741190314292908, "acc": 0.7127290368080139, "length": 2.4850778579711914, "mode": "train", "epoch": 2}
{"loss": 0.513069748878479, "acc": 0.7659559845924377, "length": 3.1354167461395264, "mode": "test", "epoch": 2}
{"loss": 0.45849382877349854, "acc": 0.801964282989502, "length": 3.107574224472046, "mode": "train", "epoch": 3}
{"loss": 0.46359115839004517, "acc": 0.8128743171691895, "length": 3.0416667461395264, "mode": "test", "epoch": 3}
{"loss": 0.38946449756622314, "acc": 0.8356465697288513, "length": 3.167269229888916, "mode": "train", "epoch": 4}
{"loss": 0.4536155164241791, "acc": 0.7997612953186035, "length": 3.4270832538604736, "mode": "test", "epoch": 4}
{"loss": 0.360607385635376, "acc": 0.8519477844238281, "length": 3.2477035522460938, "mode": "train", "epoch": 5}
{"loss": 0.3975260257720947, "acc": 0.8373426198959351, "length": 3.40625, "mode": "test", "epoch": 5}
{"loss": 0.3277309238910675, "acc": 0.8626747131347656, "length": 3.2466394901275635, "mode": "train", "epoch": 6}
{"loss": 0.37151461839675903, "acc": 0.8426649570465088, "length": 3.40625, "mode": "test", "epoch": 6}
{"loss": 0.31108400225639343, "acc": 0.8707417249679565, "length": 3.2637648582458496, "mode": "train", "epoch": 7}
{"loss": 0.389375776052475, "acc": 0.8358994722366333, "length": 3.4201388359069824, "mode": "test", "epoch": 7}
{"loss": 0.29001444578170776, "acc": 0.8808386325836182, "length": 3.245553970336914, "mode": "train", "epoch": 8}
{"loss": 0.39245688915252686, "acc": 0.849744975566864, "length": 3.350694417953491, "mode": "test", "epoch": 8}
{"loss": 0.284811794757843, "acc": 0.8819524645805359, "length": 3.25246262550354, "mode": "train", "epoch": 9}
{"loss": 0.3660118877887726, "acc": 0.8492079377174377, "length": 3.371527671813965, "mode": "test", "epoch": 9}
{"loss": 0.27749645709991455, "acc": 0.8854641914367676, "length": 3.274078130722046, "mode": "train", "epoch": 10}
{"loss": 0.31712836027145386, "acc": 0.8679091930389404, "length": 3.2291667461395264, "mode": "test", "epoch": 10}
{"loss": 0.26381030678749084, "acc": 0.8909801840782166, "length": 3.2395172119140625, "mode": "train", "epoch": 11}
{"loss": 0.3042033314704895, "acc": 0.8818305730819702, "length": 3.284722328186035, "mode": "test", "epoch": 11}
{"loss": 0.2514244318008423, "acc": 0.8993303179740906, "length": 3.2784457206726074, "mode": "train", "epoch": 12}
{"loss": 0.31790295243263245, "acc": 0.8625434041023254, "length": 3.409722328186035, "mode": "test", "epoch": 12}
{"loss": 0.23802955448627472, "acc": 0.8982751369476318, "length": 3.3231067657470703, "mode": "train", "epoch": 13}
{"loss": 0.2903616726398468, "acc": 0.8728244304656982, "length": 3.253472328186035, "mode": "test", "epoch": 13}
{"loss": 0.2180418223142624, "acc": 0.9105940461158752, "length": 3.3261144161224365, "mode": "train", "epoch": 14}
{"loss": 0.28214508295059204, "acc": 0.8903375267982483, "length": 3.21875, "mode": "test", "epoch": 14}
{"loss": 0.2057361900806427, "acc": 0.9158437252044678, "length": 3.337352991104126, "mode": "train", "epoch": 15}
{"loss": 0.2566416561603546, "acc": 0.9040906429290771, "length": 3.256944417953491, "mode": "test", "epoch": 15}
{"loss": 0.19072596728801727, "acc": 0.9246106147766113, "length": 3.377922534942627, "mode": "train", "epoch": 16}
{"loss": 0.24186021089553833, "acc": 0.9078125357627869, "length": 3.3541667461395264, "mode": "test", "epoch": 16}
{"loss": 0.1746765673160553, "acc": 0.9314385652542114, "length": 3.423236131668091, "mode": "train", "epoch": 17}
{"loss": 0.2246086597442627, "acc": 0.9122232794761658, "length": 3.444444417953491, "mode": "test", "epoch": 17}
{"loss": 0.17068450152873993, "acc": 0.9303174018859863, "length": 3.44508695602417, "mode": "train", "epoch": 18}
{"loss": 0.21020722389221191, "acc": 0.9278537034988403, "length": 3.465277671813965, "mode": "test", "epoch": 18}
{"loss": 0.15273936092853546, "acc": 0.9388063549995422, "length": 3.4850783348083496, "mode": "train", "epoch": 19}
{"loss": 0.1935470998287201, "acc": 0.9239203929901123, "length": 3.524305582046509, "mode": "test", "epoch": 19}
{"loss": 0.13360372185707092, "acc": 0.94903564453125, "length": 3.4525840282440186, "mode": "train", "epoch": 20}
{"loss": 0.1697084754705429, "acc": 0.9369738101959229, "length": 3.413194417953491, "mode": "test", "epoch": 20}
{"loss": 0.1328764110803604, "acc": 0.947648823261261, "length": 3.4768998622894287, "mode": "train", "epoch": 21}
{"loss": 0.1767023354768753, "acc": 0.9322320222854614, "length": 3.472222328186035, "mode": "test", "epoch": 21}
{"loss": 0.13373439013957977, "acc": 0.9489517211914062, "length": 3.4594807624816895, "mode": "train", "epoch": 22}
{"loss": 0.18930822610855103, "acc": 0.9366047978401184, "length": 3.4270832538604736, "mode": "test", "epoch": 22}
{"loss": 0.11489091068506241, "acc": 0.9572353363037109, "length": 3.535947322845459, "mode": "train", "epoch": 23}
{"loss": 0.17259594798088074, "acc": 0.9387532472610474, "length": 3.618055582046509, "mode": "test", "epoch": 23}
{"loss": 0.10994591563940048, "acc": 0.9585183262825012, "length": 3.5808327198028564, "mode": "train", "epoch": 24}
{"loss": 0.17637448012828827, "acc": 0.9417426586151123, "length": 3.534722328186035, "mode": "test", "epoch": 24}
{"loss": 0.10617271065711975, "acc": 0.960151195526123, "length": 3.5539743900299072, "mode": "train", "epoch": 25}
{"loss": 0.13880771398544312, "acc": 0.9486111402511597, "length": 3.5451388359069824, "mode": "test", "epoch": 25}
{"loss": 0.09123421460390091, "acc": 0.9656881093978882, "length": 3.5858962535858154, "mode": "train", "epoch": 26}
{"loss": 0.13907310366630554, "acc": 0.9473633170127869, "length": 3.569444417953491, "mode": "test", "epoch": 26}
{"loss": 0.09502329677343369, "acc": 0.9659860730171204, "length": 3.546600341796875, "mode": "train", "epoch": 27}
{"loss": 0.1544700562953949, "acc": 0.9499457478523254, "length": 3.569444417953491, "mode": "test", "epoch": 27}
{"loss": 0.08637575060129166, "acc": 0.9686082005500793, "length": 3.561856508255005, "mode": "train", "epoch": 28}
{"loss": 0.13014021515846252, "acc": 0.9583442211151123, "length": 3.4895832538604736, "mode": "test", "epoch": 28}
{"loss": 0.08287306874990463, "acc": 0.9697108268737793, "length": 3.592877149581909, "mode": "train", "epoch": 29}
{"loss": 0.12890024483203888, "acc": 0.9563477039337158, "length": 3.5833332538604736, "mode": "test", "epoch": 29}
{"loss": 0.08324578404426575, "acc": 0.9698882699012756, "length": 3.56294584274292, "mode": "train", "epoch": 30}
{"loss": 0.14801807701587677, "acc": 0.9550835490226746, "length": 3.5104167461395264, "mode": "test", "epoch": 30}
{"loss": 0.0734594464302063, "acc": 0.9737412929534912, "length": 3.59963059425354, "mode": "train", "epoch": 31}
{"loss": 0.15075357258319855, "acc": 0.9561306834220886, "length": 3.6041667461395264, "mode": "test", "epoch": 31}
{"loss": 0.07986459136009216, "acc": 0.9712843894958496, "length": 3.6153907775878906, "mode": "train", "epoch": 32}
{"loss": 0.14089642465114594, "acc": 0.9580674767494202, "length": 3.4791667461395264, "mode": "test", "epoch": 32}
{"loss": 0.08196975290775299, "acc": 0.9710649251937866, "length": 3.5850534439086914, "mode": "train", "epoch": 33}
{"loss": 0.13480138778686523, "acc": 0.9556804299354553, "length": 3.569444417953491, "mode": "test", "epoch": 33}
{"loss": 0.073611781001091, "acc": 0.9740550518035889, "length": 3.6535189151763916, "mode": "train", "epoch": 34}
{"loss": 0.11753159016370773, "acc": 0.9609755277633667, "length": 3.6145832538604736, "mode": "test", "epoch": 34}
{"loss": 0.06784191727638245, "acc": 0.9747422933578491, "length": 3.6111207008361816, "mode": "train", "epoch": 35}
{"loss": 0.16407035291194916, "acc": 0.9555718302726746, "length": 3.565972328186035, "mode": "test", "epoch": 35}
{"loss": 0.06458388268947601, "acc": 0.9764129519462585, "length": 3.623185396194458, "mode": "train", "epoch": 36}
{"loss": 0.10593287646770477, "acc": 0.9702311754226685, "length": 3.621527671813965, "mode": "test", "epoch": 36}
{"loss": 0.06240232661366463, "acc": 0.9804815649986267, "length": 3.6718976497650146, "mode": "train", "epoch": 37}
{"loss": 0.12977851927280426, "acc": 0.9565375447273254, "length": 3.6354167461395264, "mode": "test", "epoch": 37}
{"loss": 0.0559273436665535, "acc": 0.9809924364089966, "length": 3.711392641067505, "mode": "train", "epoch": 38}
{"loss": 0.13646253943443298, "acc": 0.9608615040779114, "length": 3.746527671813965, "mode": "test", "epoch": 38}
{"loss": 0.04497004300355911, "acc": 0.9849635362625122, "length": 3.8034987449645996, "mode": "train", "epoch": 39}
{"loss": 0.12258397042751312, "acc": 0.9654622673988342, "length": 3.8541667461395264, "mode": "test", "epoch": 39}
{"loss": 0.04380349814891815, "acc": 0.9852495789527893, "length": 3.8029894828796387, "mode": "train", "epoch": 40}
{"loss": 0.1290631890296936, "acc": 0.9621472954750061, "length": 3.840277671813965, "mode": "test", "epoch": 40}
{"loss": 0.04552032798528671, "acc": 0.9855931997299194, "length": 3.845064640045166, "mode": "train", "epoch": 41}
{"loss": 0.10324251651763916, "acc": 0.9734755754470825, "length": 3.9201388359069824, "mode": "test", "epoch": 41}
{"loss": 0.05374441295862198, "acc": 0.9815726280212402, "length": 3.923184394836426, "mode": "train", "epoch": 42}
{"loss": 0.15284180641174316, "acc": 0.9620442986488342, "length": 3.940972328186035, "mode": "test", "epoch": 42}
{"loss": 0.10009945929050446, "acc": 0.9688611626625061, "length": 3.8776206970214844, "mode": "train", "epoch": 43}
{"loss": 0.14555777609348297, "acc": 0.9553331732749939, "length": 3.756944417953491, "mode": "test", "epoch": 43}
{"loss": 0.08123483508825302, "acc": 0.9716578722000122, "length": 3.7914862632751465, "mode": "train", "epoch": 44}
{"loss": 0.19512899219989777, "acc": 0.9433592557907104, "length": 3.8576388359069824, "mode": "test", "epoch": 44}
{"loss": 0.06820107996463776, "acc": 0.9779211282730103, "length": 3.8904592990875244, "mode": "train", "epoch": 45}
{"loss": 0.1380918025970459, "acc": 0.9601075053215027, "length": 3.930555582046509, "mode": "test", "epoch": 45}
{"loss": 0.06784049421548843, "acc": 0.977023184299469, "length": 3.938018560409546, "mode": "train", "epoch": 46}
{"loss": 0.10822893679141998, "acc": 0.9737738370895386, "length": 3.996527671813965, "mode": "test", "epoch": 46}
{"loss": 0.04263528808951378, "acc": 0.9863554835319519, "length": 3.9618749618530273, "mode": "train", "epoch": 47}
{"loss": 0.1753884106874466, "acc": 0.9609862565994263, "length": 3.9791667461395264, "mode": "test", "epoch": 47}
{"loss": 0.041134610772132874, "acc": 0.9870730042457581, "length": 3.9588398933410645, "mode": "train", "epoch": 48}
{"loss": 0.1316070258617401, "acc": 0.9716254472732544, "length": 3.996527671813965, "mode": "test", "epoch": 48}
{"loss": 0.030761172994971275, "acc": 0.9908267259597778, "length": 3.957736015319824, "mode": "train", "epoch": 49}
{"loss": 0.1145319938659668, "acc": 0.973719596862793, "length": 3.9861111640930176, "mode": "test", "epoch": 49}
{"loss": 0.031442709267139435, "acc": 0.9898190498352051, "length": 3.956183671951294, "mode": "train", "epoch": 50}
{"loss": 0.1275051385164261, "acc": 0.968343198299408, "length": 3.996527671813965, "mode": "test", "epoch": 50}
{"loss": 0.02899828925728798, "acc": 0.9911461472511292, "length": 3.977339029312134, "mode": "train", "epoch": 51}
{"loss": 0.16068407893180847, "acc": 0.9718316197395325, "length": 3.996527671813965, "mode": "test", "epoch": 51}
{"loss": 0.02286631241440773, "acc": 0.9928328990936279, "length": 3.979987382888794, "mode": "train", "epoch": 52}
{"loss": 0.16223253309726715, "acc": 0.9652777910232544, "length": 4.0, "mode": "test", "epoch": 52}
{"loss": 0.03928203508257866, "acc": 0.9877586960792542, "length": 3.984743118286133, "mode": "train", "epoch": 53}
{"loss": 0.10563559085130692, "acc": 0.9710069298744202, "length": 4.0, "mode": "test", "epoch": 53}
{"loss": 0.03885941207408905, "acc": 0.9894654154777527, "length": 3.980881929397583, "mode": "train", "epoch": 54}
{"loss": 0.15202432870864868, "acc": 0.965961217880249, "length": 3.9895832538604736, "mode": "test", "epoch": 54}
{"loss": 0.06040337681770325, "acc": 0.9790836572647095, "length": 3.9820313453674316, "mode": "train", "epoch": 55}
{"loss": 0.12987923622131348, "acc": 0.9661295413970947, "length": 3.996527671813965, "mode": "test", "epoch": 55}
{"loss": 0.04567151516675949, "acc": 0.9848330616950989, "length": 3.974987030029297, "mode": "train", "epoch": 56}
{"loss": 0.10365203022956848, "acc": 0.9750216603279114, "length": 3.9895832538604736, "mode": "test", "epoch": 56}
{"loss": 0.03789537400007248, "acc": 0.9873287677764893, "length": 3.979837656021118, "mode": "train", "epoch": 57}
{"loss": 0.06935305148363113, "acc": 0.9822916388511658, "length": 4.0, "mode": "test", "epoch": 57}
{"loss": 0.028444871306419373, "acc": 0.9902563095092773, "length": 3.988752603530884, "mode": "train", "epoch": 58}
{"loss": 0.08221860975027084, "acc": 0.9821180701255798, "length": 4.0, "mode": "test", "epoch": 58}
{"loss": 0.0254350733011961, "acc": 0.9926086664199829, "length": 3.9878106117248535, "mode": "train", "epoch": 59}
{"loss": 0.10069868713617325, "acc": 0.9826281070709229, "length": 3.996527671813965, "mode": "test", "epoch": 59}
{"loss": 0.036122653633356094, "acc": 0.987503170967102, "length": 3.976639747619629, "mode": "train", "epoch": 60}
{"loss": 0.1138799712061882, "acc": 0.9780436754226685, "length": 3.975694417953491, "mode": "test", "epoch": 60}
test accuracy: 0.7730119228363037
