# ["--attributes=5", "--values=4", "--game_size=10", "--vocab_size_factor=3", "--n_epochs=60", "--batch_size=64", "--learning_rate=0.0005", "--hidden_size=128", "--temp_update=0.97", "--temperature=1"]
Creating train_ds and val_ds...

Creating test_ds...
{"loss": 0.693138837814331, "acc": 0.5166588425636292, "length": 3.5413174629211426, "mode": "train", "epoch": 1}
{"loss": 0.6759636998176575, "acc": 0.5954931378364563, "length": 3.6868326663970947, "mode": "test", "epoch": 1}
{"loss": 0.6922516226768494, "acc": 0.5171203017234802, "length": 3.5173463821411133, "mode": "train", "epoch": 2}
{"loss": 0.6674496531486511, "acc": 0.6219659447669983, "length": 3.1992883682250977, "mode": "test", "epoch": 2}
{"loss": 0.6878907084465027, "acc": 0.5369683504104614, "length": 3.403383493423462, "mode": "train", "epoch": 3}
{"loss": 0.6616520285606384, "acc": 0.6239501237869263, "length": 3.412811279296875, "mode": "test", "epoch": 3}
{"loss": 0.6709415316581726, "acc": 0.5961977243423462, "length": 3.4870831966400146, "mode": "train", "epoch": 4}
{"loss": 0.6282748579978943, "acc": 0.7281848192214966, "length": 3.921708106994629, "mode": "test", "epoch": 4}
{"loss": 0.6117461323738098, "acc": 0.7352246046066284, "length": 3.6868770122528076, "mode": "train", "epoch": 5}
{"loss": 0.5642257928848267, "acc": 0.7556940913200378, "length": 4.0, "mode": "test", "epoch": 5}
{"loss": 0.5281950831413269, "acc": 0.7654886245727539, "length": 3.910426378250122, "mode": "train", "epoch": 6}
{"loss": 0.5077906250953674, "acc": 0.7861209511756897, "length": 4.0, "mode": "test", "epoch": 6}
{"loss": 0.47158363461494446, "acc": 0.7948052883148193, "length": 3.9545540809631348, "mode": "train", "epoch": 7}
{"loss": 0.46634531021118164, "acc": 0.810676097869873, "length": 4.0, "mode": "test", "epoch": 7}
{"loss": 0.43066850304603577, "acc": 0.8090583086013794, "length": 3.9831490516662598, "mode": "train", "epoch": 8}
{"loss": 0.44856080412864685, "acc": 0.8126335144042969, "length": 4.0, "mode": "test", "epoch": 8}
{"loss": 0.40362387895584106, "acc": 0.8281732201576233, "length": 3.984884262084961, "mode": "train", "epoch": 9}
{"loss": 0.41411611437797546, "acc": 0.8268682360649109, "length": 4.0, "mode": "test", "epoch": 9}
{"loss": 0.3821655809879303, "acc": 0.8361545205116272, "length": 3.98576283454895, "mode": "train", "epoch": 10}
{"loss": 0.4108462333679199, "acc": 0.8197509050369263, "length": 4.0, "mode": "test", "epoch": 10}
{"loss": 0.37470540404319763, "acc": 0.8422573804855347, "length": 3.9840803146362305, "mode": "train", "epoch": 11}
{"loss": 0.41302505135536194, "acc": 0.8254448771476746, "length": 4.0, "mode": "test", "epoch": 11}
{"loss": 0.36338555812835693, "acc": 0.8477303981781006, "length": 3.99149751663208, "mode": "train", "epoch": 12}
{"loss": 0.39319223165512085, "acc": 0.8266903758049011, "length": 4.0, "mode": "test", "epoch": 12}
{"loss": 0.35772261023521423, "acc": 0.8502088189125061, "length": 3.9941093921661377, "mode": "train", "epoch": 13}
{"loss": 0.39063623547554016, "acc": 0.8345196843147278, "length": 4.0, "mode": "test", "epoch": 13}
{"loss": 0.352959007024765, "acc": 0.8536486029624939, "length": 3.9933509826660156, "mode": "train", "epoch": 14}
{"loss": 0.37528401613235474, "acc": 0.8370106816291809, "length": 4.0, "mode": "test", "epoch": 14}
{"loss": 0.344788521528244, "acc": 0.8584838509559631, "length": 3.994797706604004, "mode": "train", "epoch": 15}
{"loss": 0.3746522068977356, "acc": 0.8435943126678467, "length": 4.0, "mode": "test", "epoch": 15}
{"loss": 0.3473617136478424, "acc": 0.8638441562652588, "length": 3.996960401535034, "mode": "train", "epoch": 16}
{"loss": 0.362165242433548, "acc": 0.8476867079734802, "length": 4.0, "mode": "test", "epoch": 16}
{"loss": 0.3270992040634155, "acc": 0.8667241930961609, "length": 3.996875286102295, "mode": "train", "epoch": 17}
{"loss": 0.34755244851112366, "acc": 0.8626335263252258, "length": 4.0, "mode": "test", "epoch": 17}
{"loss": 0.3194379508495331, "acc": 0.8727960586547852, "length": 3.9974560737609863, "mode": "train", "epoch": 18}
{"loss": 0.34523534774780273, "acc": 0.8565835356712341, "length": 4.0, "mode": "test", "epoch": 18}
{"loss": 0.314202219247818, "acc": 0.8778484463691711, "length": 3.996959686279297, "mode": "train", "epoch": 19}
{"loss": 0.32155004143714905, "acc": 0.8690391778945923, "length": 4.0, "mode": "test", "epoch": 19}
{"loss": 0.2948269546031952, "acc": 0.8784676790237427, "length": 3.9986376762390137, "mode": "train", "epoch": 20}
{"loss": 0.32613256573677063, "acc": 0.8631672263145447, "length": 4.0, "mode": "test", "epoch": 20}
{"loss": 0.28012439608573914, "acc": 0.8819254636764526, "length": 3.999058246612549, "mode": "train", "epoch": 21}
{"loss": 0.30898186564445496, "acc": 0.8745553493499756, "length": 4.0, "mode": "test", "epoch": 21}
{"loss": 0.2845383882522583, "acc": 0.8829794526100159, "length": 3.9959843158721924, "mode": "train", "epoch": 22}
{"loss": 0.3078419864177704, "acc": 0.8761565685272217, "length": 4.0, "mode": "test", "epoch": 22}
{"loss": 0.2771851420402527, "acc": 0.8837212324142456, "length": 3.9970033168792725, "mode": "train", "epoch": 23}
{"loss": 0.307138592004776, "acc": 0.8759787082672119, "length": 4.0, "mode": "test", "epoch": 23}
{"loss": 0.26466745138168335, "acc": 0.8905810713768005, "length": 3.9998576641082764, "mode": "train", "epoch": 24}
{"loss": 0.2972117066383362, "acc": 0.8813168406486511, "length": 4.0, "mode": "test", "epoch": 24}
{"loss": 0.25938281416893005, "acc": 0.8951629996299744, "length": 3.9997599124908447, "mode": "train", "epoch": 25}
{"loss": 0.29477429389953613, "acc": 0.8822063207626343, "length": 4.0, "mode": "test", "epoch": 25}
{"loss": 0.2517966032028198, "acc": 0.897779643535614, "length": 3.9940438270568848, "mode": "train", "epoch": 26}
{"loss": 0.28822264075279236, "acc": 0.8843416571617126, "length": 4.0, "mode": "test", "epoch": 26}
{"loss": 0.2509332299232483, "acc": 0.9013405442237854, "length": 3.9962234497070312, "mode": "train", "epoch": 27}
{"loss": 0.2911393642425537, "acc": 0.887722373008728, "length": 4.0, "mode": "test", "epoch": 27}
{"loss": 0.25482940673828125, "acc": 0.9016342163085938, "length": 3.9973833560943604, "mode": "train", "epoch": 28}
{"loss": 0.27069249749183655, "acc": 0.8928824663162231, "length": 4.0, "mode": "test", "epoch": 28}
{"loss": 0.25355857610702515, "acc": 0.9037188291549683, "length": 3.998655319213867, "mode": "train", "epoch": 29}
{"loss": 0.2641521692276001, "acc": 0.8907474279403687, "length": 4.0, "mode": "test", "epoch": 29}
{"loss": 0.2360977679491043, "acc": 0.9073131084442139, "length": 3.999382257461548, "mode": "train", "epoch": 30}
{"loss": 0.2905219793319702, "acc": 0.8822063207626343, "length": 4.0, "mode": "test", "epoch": 30}
{"loss": 0.2350022941827774, "acc": 0.9068641066551208, "length": 3.998135566711426, "mode": "train", "epoch": 31}
{"loss": 0.2539845108985901, "acc": 0.9030249118804932, "length": 4.0, "mode": "test", "epoch": 31}
{"loss": 0.22744132578372955, "acc": 0.9156414270401001, "length": 3.9993114471435547, "mode": "train", "epoch": 32}
{"loss": 0.24800458550453186, "acc": 0.9069395065307617, "length": 4.0, "mode": "test", "epoch": 32}
{"loss": 0.20948712527751923, "acc": 0.9193825721740723, "length": 3.9956982135772705, "mode": "train", "epoch": 33}
{"loss": 0.2458234280347824, "acc": 0.9048042893409729, "length": 4.0, "mode": "test", "epoch": 33}
{"loss": 0.24167992174625397, "acc": 0.9185180068016052, "length": 3.9992332458496094, "mode": "train", "epoch": 34}
{"loss": 0.2545021176338196, "acc": 0.9007117748260498, "length": 4.0, "mode": "test", "epoch": 34}
{"loss": 0.23015159368515015, "acc": 0.9145181775093079, "length": 3.9990243911743164, "mode": "train", "epoch": 35}
{"loss": 0.25067827105522156, "acc": 0.9056938290596008, "length": 4.0, "mode": "test", "epoch": 35}
{"loss": 0.22516143321990967, "acc": 0.9142856001853943, "length": 3.999721050262451, "mode": "train", "epoch": 36}
{"loss": 0.23282483220100403, "acc": 0.9092527627944946, "length": 4.0, "mode": "test", "epoch": 36}
{"loss": 0.21371214091777802, "acc": 0.9193929433822632, "length": 3.99853515625, "mode": "train", "epoch": 37}
{"loss": 0.2361995279788971, "acc": 0.9056939482688904, "length": 4.0, "mode": "test", "epoch": 37}
{"loss": 0.21333613991737366, "acc": 0.9269607663154602, "length": 3.9981555938720703, "mode": "train", "epoch": 38}
{"loss": 0.23917625844478607, "acc": 0.903380811214447, "length": 4.0, "mode": "test", "epoch": 38}
{"loss": 0.2116674929857254, "acc": 0.9214850664138794, "length": 3.9986252784729004, "mode": "train", "epoch": 39}
{"loss": 0.22857025265693665, "acc": 0.9133452773094177, "length": 4.0, "mode": "test", "epoch": 39}
{"loss": 0.19581761956214905, "acc": 0.9324043989181519, "length": 3.999216318130493, "mode": "train", "epoch": 40}
{"loss": 0.22573240101337433, "acc": 0.9169039726257324, "length": 4.0, "mode": "test", "epoch": 40}
{"loss": 0.18735358119010925, "acc": 0.932345449924469, "length": 3.9996612071990967, "mode": "train", "epoch": 41}
{"loss": 0.20533786714076996, "acc": 0.9238432049751282, "length": 4.0, "mode": "test", "epoch": 41}
{"loss": 0.1870182454586029, "acc": 0.9344941973686218, "length": 3.9984970092773438, "mode": "train", "epoch": 42}
{"loss": 0.20784468948841095, "acc": 0.9254447817802429, "length": 4.0, "mode": "test", "epoch": 42}
{"loss": 0.17437638342380524, "acc": 0.9352120757102966, "length": 3.999804735183716, "mode": "train", "epoch": 43}
{"loss": 0.21018953621387482, "acc": 0.9241992235183716, "length": 4.0, "mode": "test", "epoch": 43}
{"loss": 0.18376462161540985, "acc": 0.9363951086997986, "length": 3.9996066093444824, "mode": "train", "epoch": 44}
{"loss": 0.20593641698360443, "acc": 0.9250890016555786, "length": 4.0, "mode": "test", "epoch": 44}
{"loss": 0.18023766577243805, "acc": 0.9343925714492798, "length": 3.9989547729492188, "mode": "train", "epoch": 45}
{"loss": 0.21657505631446838, "acc": 0.9218860864639282, "length": 4.0, "mode": "test", "epoch": 45}
{"loss": 0.19054000079631805, "acc": 0.9367191791534424, "length": 3.9986345767974854, "mode": "train", "epoch": 46}
{"loss": 0.19614891707897186, "acc": 0.9217081665992737, "length": 4.0, "mode": "test", "epoch": 46}
{"loss": 0.18539254367351532, "acc": 0.9315040111541748, "length": 3.9992482662200928, "mode": "train", "epoch": 47}
{"loss": 0.21048937737941742, "acc": 0.9238435626029968, "length": 4.0, "mode": "test", "epoch": 47}
{"loss": 0.17711946368217468, "acc": 0.9333627820014954, "length": 3.9997777938842773, "mode": "train", "epoch": 48}
{"loss": 0.19718845188617706, "acc": 0.9259787201881409, "length": 4.0, "mode": "test", "epoch": 48}
{"loss": 0.1645004153251648, "acc": 0.9404019117355347, "length": 3.999913215637207, "mode": "train", "epoch": 49}
{"loss": 0.18719510734081268, "acc": 0.9297152757644653, "length": 4.0, "mode": "test", "epoch": 49}
{"loss": 0.1643431931734085, "acc": 0.9446289539337158, "length": 3.999898910522461, "mode": "train", "epoch": 50}
{"loss": 0.18301041424274445, "acc": 0.9316725730895996, "length": 4.0, "mode": "test", "epoch": 50}
{"loss": 0.15334539115428925, "acc": 0.9456984996795654, "length": 3.999764919281006, "mode": "train", "epoch": 51}
{"loss": 0.1862179934978485, "acc": 0.9268682599067688, "length": 4.0, "mode": "test", "epoch": 51}
{"loss": 0.15035955607891083, "acc": 0.9453895688056946, "length": 3.9993293285369873, "mode": "train", "epoch": 52}
{"loss": 0.1896160989999771, "acc": 0.9275801777839661, "length": 4.0, "mode": "test", "epoch": 52}
{"loss": 0.15646910667419434, "acc": 0.9437475800514221, "length": 3.998753786087036, "mode": "train", "epoch": 53}
{"loss": 0.19037266075611115, "acc": 0.9297152757644653, "length": 4.0, "mode": "test", "epoch": 53}
{"loss": 0.15310148894786835, "acc": 0.9461959004402161, "length": 3.9968771934509277, "mode": "train", "epoch": 54}
{"loss": 0.17545826733112335, "acc": 0.9341638088226318, "length": 4.0, "mode": "test", "epoch": 54}
{"loss": 0.14638757705688477, "acc": 0.947019636631012, "length": 3.9999337196350098, "mode": "train", "epoch": 55}
{"loss": 0.19267360866069794, "acc": 0.9258008003234863, "length": 4.0, "mode": "test", "epoch": 55}
{"loss": 0.15259519219398499, "acc": 0.9433975219726562, "length": 3.999319553375244, "mode": "train", "epoch": 56}
{"loss": 0.18061700463294983, "acc": 0.9290035963058472, "length": 4.0, "mode": "test", "epoch": 56}
{"loss": 0.15173374116420746, "acc": 0.9498148560523987, "length": 3.9998998641967773, "mode": "train", "epoch": 57}
{"loss": 0.16600719094276428, "acc": 0.9327402114868164, "length": 4.0, "mode": "test", "epoch": 57}
{"loss": 0.16015765070915222, "acc": 0.9378638863563538, "length": 3.996798038482666, "mode": "train", "epoch": 58}
{"loss": 0.18893814086914062, "acc": 0.9288256168365479, "length": 4.0, "mode": "test", "epoch": 58}
{"loss": 0.15143468976020813, "acc": 0.946259617805481, "length": 3.999345302581787, "mode": "train", "epoch": 59}
{"loss": 0.18921884894371033, "acc": 0.9293594360351562, "length": 4.0, "mode": "test", "epoch": 59}
{"loss": 0.13556857407093048, "acc": 0.9468140006065369, "length": 3.999659538269043, "mode": "train", "epoch": 60}
{"loss": 0.1785440295934677, "acc": 0.9336298108100891, "length": 4.0, "mode": "test", "epoch": 60}
test accuracy: 0.8589062690734863
