# ["--attributes=5", "--values=4", "--game_size=10", "--vocab_size_factor=3", "--n_epochs=60", "--batch_size=64", "--learning_rate=0.0005", "--hidden_size=128", "--temp_update=0.97", "--temperature=1.5"]
Creating train_ds and val_ds...

Creating test_ds...
{"loss": 0.6979722380638123, "acc": 0.4994506239891052, "length": 3.512197256088257, "mode": "train", "epoch": 1}
{"loss": 0.695885181427002, "acc": 0.48676973581314087, "length": 1.0, "mode": "test", "epoch": 1}
{"loss": 0.6913020014762878, "acc": 0.5317853093147278, "length": 3.3579342365264893, "mode": "train", "epoch": 2}
{"loss": 0.6957926154136658, "acc": 0.4754241704940796, "length": 1.0034364461898804, "mode": "test", "epoch": 2}
{"loss": 0.6865652203559875, "acc": 0.5482113361358643, "length": 3.0790200233459473, "mode": "train", "epoch": 3}
{"loss": 0.6800485849380493, "acc": 0.5750101804733276, "length": 1.8659794330596924, "mode": "test", "epoch": 3}
{"loss": 0.6643762588500977, "acc": 0.6309758424758911, "length": 3.109154224395752, "mode": "train", "epoch": 4}
{"loss": 0.6410016417503357, "acc": 0.6601299047470093, "length": 3.5635738372802734, "mode": "test", "epoch": 4}
{"loss": 0.6085392832756042, "acc": 0.7006363868713379, "length": 3.6215224266052246, "mode": "train", "epoch": 5}
{"loss": 0.5992692112922668, "acc": 0.6897172927856445, "length": 3.92439866065979, "mode": "test", "epoch": 5}
{"loss": 0.5638156533241272, "acc": 0.7042920589447021, "length": 3.8705482482910156, "mode": "train", "epoch": 6}
{"loss": 0.6154685020446777, "acc": 0.6953124403953552, "length": 3.979381561279297, "mode": "test", "epoch": 6}
{"loss": 0.5462398529052734, "acc": 0.7253308296203613, "length": 3.865626811981201, "mode": "train", "epoch": 7}
{"loss": 0.574489951133728, "acc": 0.7292607426643372, "length": 3.975944995880127, "mode": "test", "epoch": 7}
{"loss": 0.5114217400550842, "acc": 0.7731824517250061, "length": 3.863121747970581, "mode": "train", "epoch": 8}
{"loss": 0.545522153377533, "acc": 0.7591066360473633, "length": 4.0, "mode": "test", "epoch": 8}
{"loss": 0.4637371599674225, "acc": 0.8003624081611633, "length": 3.9275362491607666, "mode": "train", "epoch": 9}
{"loss": 0.5025181770324707, "acc": 0.7821304798126221, "length": 4.0, "mode": "test", "epoch": 9}
{"loss": 0.42701610922813416, "acc": 0.8165420293807983, "length": 3.97054123878479, "mode": "train", "epoch": 10}
{"loss": 0.4743080735206604, "acc": 0.7896907925605774, "length": 4.0, "mode": "test", "epoch": 10}
{"loss": 0.39579227566719055, "acc": 0.8255237936973572, "length": 3.978919267654419, "mode": "train", "epoch": 11}
{"loss": 0.45356836915016174, "acc": 0.8056700229644775, "length": 4.0, "mode": "test", "epoch": 11}
{"loss": 0.37678971886634827, "acc": 0.8308956027030945, "length": 3.9852049350738525, "mode": "train", "epoch": 12}
{"loss": 0.44862064719200134, "acc": 0.803608238697052, "length": 4.0, "mode": "test", "epoch": 12}
{"loss": 0.3551059663295746, "acc": 0.8446367979049683, "length": 3.98929762840271, "mode": "train", "epoch": 13}
{"loss": 0.4513090252876282, "acc": 0.8051546216011047, "length": 4.0, "mode": "test", "epoch": 13}
{"loss": 0.34671109914779663, "acc": 0.8466928005218506, "length": 3.9869563579559326, "mode": "train", "epoch": 14}
{"loss": 0.45106005668640137, "acc": 0.8092784285545349, "length": 4.0, "mode": "test", "epoch": 14}
{"loss": 0.33666926622390747, "acc": 0.8543826937675476, "length": 3.9905011653900146, "mode": "train", "epoch": 15}
{"loss": 0.429014652967453, "acc": 0.8166667222976685, "length": 4.0, "mode": "test", "epoch": 15}
{"loss": 0.32223963737487793, "acc": 0.8621324896812439, "length": 3.99358868598938, "mode": "train", "epoch": 16}
{"loss": 0.41314956545829773, "acc": 0.8240551352500916, "length": 4.0, "mode": "test", "epoch": 16}
{"loss": 0.3132338225841522, "acc": 0.8662281036376953, "length": 3.9953737258911133, "mode": "train", "epoch": 17}
{"loss": 0.4104568660259247, "acc": 0.8362542390823364, "length": 4.0, "mode": "test", "epoch": 17}
{"loss": 0.3104773461818695, "acc": 0.8701072931289673, "length": 3.9974069595336914, "mode": "train", "epoch": 18}
{"loss": 0.400050550699234, "acc": 0.8403781652450562, "length": 4.0, "mode": "test", "epoch": 18}
{"loss": 0.30290549993515015, "acc": 0.8723435997962952, "length": 3.996425151824951, "mode": "train", "epoch": 19}
{"loss": 0.39069315791130066, "acc": 0.8426117300987244, "length": 4.0, "mode": "test", "epoch": 19}
{"loss": 0.3009850084781647, "acc": 0.8737305402755737, "length": 3.9981203079223633, "mode": "train", "epoch": 20}
{"loss": 0.37061768770217896, "acc": 0.8390034437179565, "length": 4.0, "mode": "test", "epoch": 20}
{"loss": 0.2965119779109955, "acc": 0.8734533190727234, "length": 3.9958302974700928, "mode": "train", "epoch": 21}
{"loss": 0.3658870756626129, "acc": 0.8443300127983093, "length": 4.0, "mode": "test", "epoch": 21}
{"loss": 0.29358381032943726, "acc": 0.8798941373825073, "length": 3.998023271560669, "mode": "train", "epoch": 22}
{"loss": 0.3707464635372162, "acc": 0.849656343460083, "length": 4.0, "mode": "test", "epoch": 22}
{"loss": 0.28070715069770813, "acc": 0.8845545649528503, "length": 3.9980311393737793, "mode": "train", "epoch": 23}
{"loss": 0.3707641363143921, "acc": 0.8465636372566223, "length": 4.0, "mode": "test", "epoch": 23}
{"loss": 0.28004881739616394, "acc": 0.8837099075317383, "length": 3.9956066608428955, "mode": "train", "epoch": 24}
{"loss": 0.35345029830932617, "acc": 0.8525773286819458, "length": 4.0, "mode": "test", "epoch": 24}
{"loss": 0.2710312008857727, "acc": 0.889003574848175, "length": 3.9992926120758057, "mode": "train", "epoch": 25}
{"loss": 0.33242982625961304, "acc": 0.8592783212661743, "length": 4.0, "mode": "test", "epoch": 25}
{"loss": 0.26549676060676575, "acc": 0.8927884697914124, "length": 3.998584508895874, "mode": "train", "epoch": 26}
{"loss": 0.34042975306510925, "acc": 0.8642610907554626, "length": 4.0, "mode": "test", "epoch": 26}
{"loss": 0.2590109705924988, "acc": 0.8988322019577026, "length": 3.9989802837371826, "mode": "train", "epoch": 27}
{"loss": 0.3323846757411957, "acc": 0.8702749013900757, "length": 4.0, "mode": "test", "epoch": 27}
{"loss": 0.25767776370048523, "acc": 0.8998377919197083, "length": 3.99773907661438, "mode": "train", "epoch": 28}
{"loss": 0.33558639883995056, "acc": 0.8687285780906677, "length": 4.0, "mode": "test", "epoch": 28}
{"loss": 0.24708092212677002, "acc": 0.9031864404678345, "length": 3.9949870109558105, "mode": "train", "epoch": 29}
{"loss": 0.31734925508499146, "acc": 0.8768041133880615, "length": 4.0, "mode": "test", "epoch": 29}
{"loss": 0.23970627784729004, "acc": 0.907105565071106, "length": 3.9986093044281006, "mode": "train", "epoch": 30}
{"loss": 0.3164134621620178, "acc": 0.8914088010787964, "length": 4.0, "mode": "test", "epoch": 30}
{"loss": 0.24033120274543762, "acc": 0.9100081920623779, "length": 3.9998600482940674, "mode": "train", "epoch": 31}
{"loss": 0.3150457739830017, "acc": 0.8836769461631775, "length": 4.0, "mode": "test", "epoch": 31}
{"loss": 0.23738862574100494, "acc": 0.9105792045593262, "length": 3.999411106109619, "mode": "train", "epoch": 32}
{"loss": 0.31402280926704407, "acc": 0.894501805305481, "length": 4.0, "mode": "test", "epoch": 32}
{"loss": 0.23437222838401794, "acc": 0.9117814898490906, "length": 3.999138593673706, "mode": "train", "epoch": 33}
{"loss": 0.31805309653282166, "acc": 0.8963918685913086, "length": 4.0, "mode": "test", "epoch": 33}
{"loss": 0.23357149958610535, "acc": 0.91086345911026, "length": 3.9973652362823486, "mode": "train", "epoch": 34}
{"loss": 0.29334503412246704, "acc": 0.901030957698822, "length": 4.0, "mode": "test", "epoch": 34}
{"loss": 0.2197994589805603, "acc": 0.9201130867004395, "length": 3.998983860015869, "mode": "train", "epoch": 35}
{"loss": 0.3060501217842102, "acc": 0.8982817530632019, "length": 4.0, "mode": "test", "epoch": 35}
{"loss": 0.2209484726190567, "acc": 0.918062150478363, "length": 3.999870777130127, "mode": "train", "epoch": 36}
{"loss": 0.2852451503276825, "acc": 0.9048110842704773, "length": 4.0, "mode": "test", "epoch": 36}
{"loss": 0.22267168760299683, "acc": 0.919378399848938, "length": 3.9996371269226074, "mode": "train", "epoch": 37}
{"loss": 0.2867903411388397, "acc": 0.9008591771125793, "length": 4.0, "mode": "test", "epoch": 37}
{"loss": 0.2195453643798828, "acc": 0.9201245307922363, "length": 3.9997544288635254, "mode": "train", "epoch": 38}
{"loss": 0.27895674109458923, "acc": 0.897938072681427, "length": 4.0, "mode": "test", "epoch": 38}
{"loss": 0.2229049801826477, "acc": 0.915291965007782, "length": 3.9990673065185547, "mode": "train", "epoch": 39}
{"loss": 0.2939240038394928, "acc": 0.9134019017219543, "length": 4.0, "mode": "test", "epoch": 39}
{"loss": 0.20915883779525757, "acc": 0.9246825575828552, "length": 3.999974250793457, "mode": "train", "epoch": 40}
{"loss": 0.2862313687801361, "acc": 0.8987973928451538, "length": 4.0, "mode": "test", "epoch": 40}
{"loss": 0.20255814492702484, "acc": 0.9260631203651428, "length": 3.999948501586914, "mode": "train", "epoch": 41}
{"loss": 0.2701767683029175, "acc": 0.9096219539642334, "length": 4.0, "mode": "test", "epoch": 41}
{"loss": 0.1974867731332779, "acc": 0.9276151657104492, "length": 3.9999144077301025, "mode": "train", "epoch": 42}
{"loss": 0.26592808961868286, "acc": 0.9080756306648254, "length": 4.0, "mode": "test", "epoch": 42}
{"loss": 0.19168584048748016, "acc": 0.9271500706672668, "length": 3.999535083770752, "mode": "train", "epoch": 43}
{"loss": 0.2815552353858948, "acc": 0.9065291881561279, "length": 4.0, "mode": "test", "epoch": 43}
{"loss": 0.20034009218215942, "acc": 0.9261770844459534, "length": 3.9999442100524902, "mode": "train", "epoch": 44}
{"loss": 0.27382275462150574, "acc": 0.9053264856338501, "length": 4.0, "mode": "test", "epoch": 44}
{"loss": 0.18404217064380646, "acc": 0.9364172220230103, "length": 3.99990177154541, "mode": "train", "epoch": 45}
{"loss": 0.25231242179870605, "acc": 0.9144331216812134, "length": 4.0, "mode": "test", "epoch": 45}
{"loss": 0.19141627848148346, "acc": 0.9309490919113159, "length": 3.999601125717163, "mode": "train", "epoch": 46}
{"loss": 0.26893994212150574, "acc": 0.9106529355049133, "length": 4.0, "mode": "test", "epoch": 46}
{"loss": 0.18246515095233917, "acc": 0.9362366199493408, "length": 3.9995620250701904, "mode": "train", "epoch": 47}
{"loss": 0.26346662640571594, "acc": 0.9068728089332581, "length": 4.0, "mode": "test", "epoch": 47}
{"loss": 0.17836543917655945, "acc": 0.9357331395149231, "length": 3.9981393814086914, "mode": "train", "epoch": 48}
{"loss": 0.26211294531822205, "acc": 0.9109965562820435, "length": 4.0, "mode": "test", "epoch": 48}
{"loss": 0.17721281945705414, "acc": 0.9334855079650879, "length": 3.99995493888855, "mode": "train", "epoch": 49}
{"loss": 0.2590407431125641, "acc": 0.9101374745368958, "length": 4.0, "mode": "test", "epoch": 49}
{"loss": 0.1752823144197464, "acc": 0.9363048672676086, "length": 3.9999747276306152, "mode": "train", "epoch": 50}
{"loss": 0.28828105330467224, "acc": 0.8982816338539124, "length": 4.0, "mode": "test", "epoch": 50}
{"loss": 0.17995545268058777, "acc": 0.9339457750320435, "length": 3.9999606609344482, "mode": "train", "epoch": 51}
{"loss": 0.2769767940044403, "acc": 0.9075600504875183, "length": 4.0, "mode": "test", "epoch": 51}
{"loss": 0.17097918689250946, "acc": 0.9396923780441284, "length": 3.9997730255126953, "mode": "train", "epoch": 52}
{"loss": 0.2630039155483246, "acc": 0.9106529355049133, "length": 4.0, "mode": "test", "epoch": 52}
{"loss": 0.16705355048179626, "acc": 0.9384915828704834, "length": 3.999976396560669, "mode": "train", "epoch": 53}
{"loss": 0.24859371781349182, "acc": 0.9176976680755615, "length": 4.0, "mode": "test", "epoch": 53}
{"loss": 0.162015900015831, "acc": 0.9431495070457458, "length": 3.9999160766601562, "mode": "train", "epoch": 54}
{"loss": 0.2464199811220169, "acc": 0.9121992588043213, "length": 4.0, "mode": "test", "epoch": 54}
{"loss": 0.15686047077178955, "acc": 0.9469404220581055, "length": 3.9998772144317627, "mode": "train", "epoch": 55}
{"loss": 0.24189920723438263, "acc": 0.9195875525474548, "length": 4.0, "mode": "test", "epoch": 55}
{"loss": 0.15006668865680695, "acc": 0.9430459141731262, "length": 3.998868465423584, "mode": "train", "epoch": 56}
{"loss": 0.25519710779190063, "acc": 0.9187284111976624, "length": 4.0, "mode": "test", "epoch": 56}
{"loss": 0.14530806243419647, "acc": 0.9466621279716492, "length": 3.9999899864196777, "mode": "train", "epoch": 57}
{"loss": 0.2578694224357605, "acc": 0.9106529355049133, "length": 4.0, "mode": "test", "epoch": 57}
{"loss": 0.14446470141410828, "acc": 0.9482024312019348, "length": 3.9996628761291504, "mode": "train", "epoch": 58}
{"loss": 0.23141980171203613, "acc": 0.9269759654998779, "length": 4.0, "mode": "test", "epoch": 58}
{"loss": 0.14058725535869598, "acc": 0.948904812335968, "length": 3.9999518394470215, "mode": "train", "epoch": 59}
{"loss": 0.2458430379629135, "acc": 0.9238829612731934, "length": 4.0, "mode": "test", "epoch": 59}
{"loss": 0.13931171596050262, "acc": 0.9491650462150574, "length": 3.998882293701172, "mode": "train", "epoch": 60}
{"loss": 0.25556236505508423, "acc": 0.916151225566864, "length": 4.0, "mode": "test", "epoch": 60}
test accuracy: 0.7666071653366089
