# ["--attributes=3", "--values=4", "--game_size=10", "--vocab_size_factor=3", "--n_epochs=60", "--batch_size=32", "--learning_rate=0.001", "--hidden_size=128", "--temp_update=0.99", "--temperature=2"]
Creating train_ds and val_ds...

Creating test_ds...
{"loss": 0.6936609745025635, "acc": 0.5301390886306763, "length": 3.309466600418091, "mode": "train", "epoch": 1}
{"loss": 0.679280161857605, "acc": 0.5846626162528992, "length": 1.7916666269302368, "mode": "test", "epoch": 1}
{"loss": 0.6327846050262451, "acc": 0.6695345044136047, "length": 3.354436159133911, "mode": "train", "epoch": 2}
{"loss": 0.5241107940673828, "acc": 0.7479167580604553, "length": 4.0, "mode": "test", "epoch": 2}
{"loss": 0.49076807498931885, "acc": 0.75868821144104, "length": 3.9024035930633545, "mode": "train", "epoch": 3}
{"loss": 0.46593883633613586, "acc": 0.7565972805023193, "length": 4.0, "mode": "test", "epoch": 3}
{"loss": 0.45186978578567505, "acc": 0.7863367199897766, "length": 3.9464774131774902, "mode": "train", "epoch": 4}
{"loss": 0.43510115146636963, "acc": 0.8118056058883667, "length": 4.0, "mode": "test", "epoch": 4}
{"loss": 0.4036793112754822, "acc": 0.8265875577926636, "length": 3.9667887687683105, "mode": "train", "epoch": 5}
{"loss": 0.41731417179107666, "acc": 0.8321180939674377, "length": 4.0, "mode": "test", "epoch": 5}
{"loss": 0.36389848589897156, "acc": 0.8456544280052185, "length": 3.9750301837921143, "mode": "train", "epoch": 6}
{"loss": 0.41388529539108276, "acc": 0.8434028029441833, "length": 4.0, "mode": "test", "epoch": 6}
{"loss": 0.3388209939002991, "acc": 0.8598257303237915, "length": 3.979863166809082, "mode": "train", "epoch": 7}
{"loss": 0.3751678466796875, "acc": 0.8427082896232605, "length": 4.0, "mode": "test", "epoch": 7}
{"loss": 0.3170382082462311, "acc": 0.8658422231674194, "length": 3.9854929447174072, "mode": "train", "epoch": 8}
{"loss": 0.34547460079193115, "acc": 0.8692708015441895, "length": 4.0, "mode": "test", "epoch": 8}
{"loss": 0.3110891282558441, "acc": 0.867764413356781, "length": 3.98919939994812, "mode": "train", "epoch": 9}
{"loss": 0.3738824129104614, "acc": 0.8555555939674377, "length": 4.0, "mode": "test", "epoch": 9}
{"loss": 0.30800551176071167, "acc": 0.8699873089790344, "length": 3.9909632205963135, "mode": "train", "epoch": 10}
{"loss": 0.3533882200717926, "acc": 0.8501735925674438, "length": 4.0, "mode": "test", "epoch": 10}
{"loss": 0.2956659495830536, "acc": 0.8786236047744751, "length": 3.991863250732422, "mode": "train", "epoch": 11}
{"loss": 0.3387135863304138, "acc": 0.8680555820465088, "length": 4.0, "mode": "test", "epoch": 11}
{"loss": 0.28932875394821167, "acc": 0.8726676106452942, "length": 3.9926111698150635, "mode": "train", "epoch": 12}
{"loss": 0.3305667042732239, "acc": 0.8680555820465088, "length": 4.0, "mode": "test", "epoch": 12}
{"loss": 0.28403711318969727, "acc": 0.8782473206520081, "length": 3.993847131729126, "mode": "train", "epoch": 13}
{"loss": 0.33403247594833374, "acc": 0.8652777075767517, "length": 4.0, "mode": "test", "epoch": 13}
{"loss": 0.27298304438591003, "acc": 0.8827513456344604, "length": 3.9936234951019287, "mode": "train", "epoch": 14}
{"loss": 0.324236661195755, "acc": 0.8673611879348755, "length": 4.0, "mode": "test", "epoch": 14}
{"loss": 0.27006494998931885, "acc": 0.8813918828964233, "length": 3.9954774379730225, "mode": "train", "epoch": 15}
{"loss": 0.33176082372665405, "acc": 0.864062488079071, "length": 4.0, "mode": "test", "epoch": 15}
{"loss": 0.2657199501991272, "acc": 0.8848168253898621, "length": 3.996022939682007, "mode": "train", "epoch": 16}
{"loss": 0.29613277316093445, "acc": 0.8800346851348877, "length": 4.0, "mode": "test", "epoch": 16}
{"loss": 0.257703959941864, "acc": 0.8901616930961609, "length": 3.9967780113220215, "mode": "train", "epoch": 17}
{"loss": 0.2976302206516266, "acc": 0.876736044883728, "length": 4.0, "mode": "test", "epoch": 17}
{"loss": 0.24405726790428162, "acc": 0.8942258358001709, "length": 3.997380495071411, "mode": "train", "epoch": 18}
{"loss": 0.28935566544532776, "acc": 0.8852429389953613, "length": 4.0, "mode": "test", "epoch": 18}
{"loss": 0.2358262836933136, "acc": 0.8989253640174866, "length": 3.9975855350494385, "mode": "train", "epoch": 19}
{"loss": 0.30610162019729614, "acc": 0.8765623569488525, "length": 4.0, "mode": "test", "epoch": 19}
{"loss": 0.22554521262645721, "acc": 0.9021196365356445, "length": 3.997860908508301, "mode": "train", "epoch": 20}
{"loss": 0.29337355494499207, "acc": 0.8861110210418701, "length": 4.0, "mode": "test", "epoch": 20}
{"loss": 0.22124072909355164, "acc": 0.9073410630226135, "length": 3.998198986053467, "mode": "train", "epoch": 21}
{"loss": 0.269191175699234, "acc": 0.8947916030883789, "length": 4.0, "mode": "test", "epoch": 21}
{"loss": 0.2120751291513443, "acc": 0.91017746925354, "length": 3.997959852218628, "mode": "train", "epoch": 22}
{"loss": 0.28323134779930115, "acc": 0.8927083611488342, "length": 4.0, "mode": "test", "epoch": 22}
{"loss": 0.20621567964553833, "acc": 0.9100786447525024, "length": 3.9982433319091797, "mode": "train", "epoch": 23}
{"loss": 0.3126200735569, "acc": 0.8696179986000061, "length": 4.0, "mode": "test", "epoch": 23}
{"loss": 0.1947927623987198, "acc": 0.9213204979896545, "length": 3.9985334873199463, "mode": "train", "epoch": 24}
{"loss": 0.2586844861507416, "acc": 0.9039930701255798, "length": 4.0, "mode": "test", "epoch": 24}
{"loss": 0.1893249750137329, "acc": 0.9252021908760071, "length": 3.998257637023926, "mode": "train", "epoch": 25}
{"loss": 0.2625941336154938, "acc": 0.9088541865348816, "length": 4.0, "mode": "test", "epoch": 25}
{"loss": 0.18606548011302948, "acc": 0.9224785566329956, "length": 3.9982964992523193, "mode": "train", "epoch": 26}
{"loss": 0.24840445816516876, "acc": 0.9078124165534973, "length": 4.0, "mode": "test", "epoch": 26}
{"loss": 0.16231060028076172, "acc": 0.9383042454719543, "length": 3.9984283447265625, "mode": "train", "epoch": 27}
{"loss": 0.2245105654001236, "acc": 0.9180556535720825, "length": 4.0, "mode": "test", "epoch": 27}
{"loss": 0.15337462723255157, "acc": 0.9420858025550842, "length": 3.999000310897827, "mode": "train", "epoch": 28}
{"loss": 0.2112545669078827, "acc": 0.933680534362793, "length": 4.0, "mode": "test", "epoch": 28}
{"loss": 0.14744505286216736, "acc": 0.9425491094589233, "length": 3.9989867210388184, "mode": "train", "epoch": 29}
{"loss": 0.21115829050540924, "acc": 0.9217013120651245, "length": 4.0, "mode": "test", "epoch": 29}
{"loss": 0.13829655945301056, "acc": 0.9500840902328491, "length": 3.9990246295928955, "mode": "train", "epoch": 30}
{"loss": 0.19692066311836243, "acc": 0.9333333969116211, "length": 4.0, "mode": "test", "epoch": 30}
{"loss": 0.12972354888916016, "acc": 0.9523512125015259, "length": 3.9991307258605957, "mode": "train", "epoch": 31}
{"loss": 0.18464219570159912, "acc": 0.9364582896232605, "length": 4.0, "mode": "test", "epoch": 31}
{"loss": 0.11476653814315796, "acc": 0.9578552842140198, "length": 3.9991250038146973, "mode": "train", "epoch": 32}
{"loss": 0.15283051133155823, "acc": 0.9463542103767395, "length": 4.0, "mode": "test", "epoch": 32}
{"loss": 0.1118447408080101, "acc": 0.9567651748657227, "length": 3.999390125274658, "mode": "train", "epoch": 33}
{"loss": 0.15527373552322388, "acc": 0.9454861879348755, "length": 4.0, "mode": "test", "epoch": 33}
{"loss": 0.10484340786933899, "acc": 0.9596485495567322, "length": 3.9990596771240234, "mode": "train", "epoch": 34}
{"loss": 0.14990508556365967, "acc": 0.9454861879348755, "length": 4.0, "mode": "test", "epoch": 34}
{"loss": 0.09463126957416534, "acc": 0.964134693145752, "length": 3.9994874000549316, "mode": "train", "epoch": 35}
{"loss": 0.1570226401090622, "acc": 0.9475695490837097, "length": 4.0, "mode": "test", "epoch": 35}
{"loss": 0.09200688451528549, "acc": 0.9648903608322144, "length": 3.999566078186035, "mode": "train", "epoch": 36}
{"loss": 0.13577914237976074, "acc": 0.9522570371627808, "length": 4.0, "mode": "test", "epoch": 36}
{"loss": 0.08469314873218536, "acc": 0.9700520634651184, "length": 3.9995837211608887, "mode": "train", "epoch": 37}
{"loss": 0.15512782335281372, "acc": 0.9454861879348755, "length": 4.0, "mode": "test", "epoch": 37}
{"loss": 0.08173052221536636, "acc": 0.9704122543334961, "length": 3.9989702701568604, "mode": "train", "epoch": 38}
{"loss": 0.19657066464424133, "acc": 0.933506965637207, "length": 4.0, "mode": "test", "epoch": 38}
{"loss": 0.10502795875072479, "acc": 0.9583982825279236, "length": 3.999666929244995, "mode": "train", "epoch": 39}
{"loss": 0.138956680893898, "acc": 0.9532986879348755, "length": 4.0, "mode": "test", "epoch": 39}
{"loss": 0.08639335632324219, "acc": 0.970116138458252, "length": 3.9996578693389893, "mode": "train", "epoch": 40}
{"loss": 0.1320262849330902, "acc": 0.9565972089767456, "length": 4.0, "mode": "test", "epoch": 40}
{"loss": 0.0716618075966835, "acc": 0.974001944065094, "length": 3.999729871749878, "mode": "train", "epoch": 41}
{"loss": 0.13458780944347382, "acc": 0.9564235210418701, "length": 4.0, "mode": "test", "epoch": 41}
{"loss": 0.06801755726337433, "acc": 0.9748719334602356, "length": 3.999652147293091, "mode": "train", "epoch": 42}
{"loss": 0.1301347017288208, "acc": 0.9588541388511658, "length": 4.0, "mode": "test", "epoch": 42}
{"loss": 0.06729760020971298, "acc": 0.9750502109527588, "length": 3.9997828006744385, "mode": "train", "epoch": 43}
{"loss": 0.10989273339509964, "acc": 0.9612847566604614, "length": 4.0, "mode": "test", "epoch": 43}
{"loss": 0.06508848816156387, "acc": 0.9747020602226257, "length": 3.999807357788086, "mode": "train", "epoch": 44}
{"loss": 0.12169154733419418, "acc": 0.9578125476837158, "length": 4.0, "mode": "test", "epoch": 44}
{"loss": 0.059865813702344894, "acc": 0.9800951480865479, "length": 3.999785900115967, "mode": "train", "epoch": 45}
{"loss": 0.11665485799312592, "acc": 0.9626736044883728, "length": 4.0, "mode": "test", "epoch": 45}
{"loss": 0.06523396074771881, "acc": 0.9779477715492249, "length": 3.9997856616973877, "mode": "train", "epoch": 46}
{"loss": 0.1167340949177742, "acc": 0.9624999165534973, "length": 4.0, "mode": "test", "epoch": 46}
{"loss": 0.05367005616426468, "acc": 0.9822446703910828, "length": 3.999837636947632, "mode": "train", "epoch": 47}
{"loss": 0.11048325151205063, "acc": 0.9579861164093018, "length": 4.0, "mode": "test", "epoch": 47}
{"loss": 0.04975543171167374, "acc": 0.982825517654419, "length": 3.999892473220825, "mode": "train", "epoch": 48}
{"loss": 0.11394333839416504, "acc": 0.9628472924232483, "length": 4.0, "mode": "test", "epoch": 48}
{"loss": 0.04948129504919052, "acc": 0.9853777885437012, "length": 3.999890089035034, "mode": "train", "epoch": 49}
{"loss": 0.11171069741249084, "acc": 0.9642360210418701, "length": 4.0, "mode": "test", "epoch": 49}
{"loss": 0.05070741847157478, "acc": 0.9842765927314758, "length": 3.9999003410339355, "mode": "train", "epoch": 50}
{"loss": 0.11460212618112564, "acc": 0.9644097089767456, "length": 4.0, "mode": "test", "epoch": 50}
{"loss": 0.04938569292426109, "acc": 0.9830016493797302, "length": 3.9999215602874756, "mode": "train", "epoch": 51}
{"loss": 0.10059883445501328, "acc": 0.9671875834465027, "length": 4.0, "mode": "test", "epoch": 51}
{"loss": 0.0355498380959034, "acc": 0.9902505278587341, "length": 3.999898910522461, "mode": "train", "epoch": 52}
{"loss": 0.09504571557044983, "acc": 0.9697917103767395, "length": 4.0, "mode": "test", "epoch": 52}
{"loss": 0.047253478318452835, "acc": 0.9851484298706055, "length": 3.999939441680908, "mode": "train", "epoch": 53}
{"loss": 0.09856309741735458, "acc": 0.9701388478279114, "length": 4.0, "mode": "test", "epoch": 53}
{"loss": 0.0557321235537529, "acc": 0.9832898378372192, "length": 3.9998738765716553, "mode": "train", "epoch": 54}
{"loss": 0.11711682379245758, "acc": 0.9670138955116272, "length": 4.0, "mode": "test", "epoch": 54}
{"loss": 0.051028668880462646, "acc": 0.9829989671707153, "length": 3.9998793601989746, "mode": "train", "epoch": 55}
{"loss": 0.09734596312046051, "acc": 0.9718750715255737, "length": 4.0, "mode": "test", "epoch": 55}
{"loss": 0.040406592190265656, "acc": 0.9888590574264526, "length": 3.9998984336853027, "mode": "train", "epoch": 56}
{"loss": 0.06790094822645187, "acc": 0.980381965637207, "length": 4.0, "mode": "test", "epoch": 56}
{"loss": 0.040163855999708176, "acc": 0.9877009987831116, "length": 3.999948501586914, "mode": "train", "epoch": 57}
{"loss": 0.07610686123371124, "acc": 0.9756944179534912, "length": 4.0, "mode": "test", "epoch": 57}
{"loss": 0.033443253487348557, "acc": 0.9913556575775146, "length": 3.9999608993530273, "mode": "train", "epoch": 58}
{"loss": 0.08164948970079422, "acc": 0.9802083969116211, "length": 4.0, "mode": "test", "epoch": 58}
{"loss": 0.03291706368327141, "acc": 0.9909490942955017, "length": 3.9999496936798096, "mode": "train", "epoch": 59}
{"loss": 0.0774962306022644, "acc": 0.9729166030883789, "length": 4.0, "mode": "test", "epoch": 59}
{"loss": 0.03759656101465225, "acc": 0.9891514778137207, "length": 3.999960422515869, "mode": "train", "epoch": 60}
{"loss": 0.10656306892633438, "acc": 0.9704861044883728, "length": 4.0, "mode": "test", "epoch": 60}
test accuracy: 0.8708620667457581
