# ["--attributes=5", "--values=4", "--game_size=10", "--vocab_size_factor=3", "--n_epochs=60", "--batch_size=64", "--learning_rate=0.0005", "--hidden_size=128", "--temp_update=0.97", "--temperature=2"]
Creating train_ds and val_ds...

Creating test_ds...
{"loss": 0.6962838172912598, "acc": 0.5161244869232178, "length": 3.5328004360198975, "mode": "train", "epoch": 1}
{"loss": 0.688254714012146, "acc": 0.5607913732528687, "length": 1.0, "mode": "test", "epoch": 1}
{"loss": 0.6895775198936462, "acc": 0.5378246307373047, "length": 3.4530105590820312, "mode": "train", "epoch": 2}
{"loss": 0.6868544816970825, "acc": 0.5339928269386292, "length": 1.0, "mode": "test", "epoch": 2}
{"loss": 0.6863366961479187, "acc": 0.5482845902442932, "length": 3.3381714820861816, "mode": "train", "epoch": 3}
{"loss": 0.6810161471366882, "acc": 0.5836254358291626, "length": 1.5323741436004639, "mode": "test", "epoch": 3}
{"loss": 0.6767308115959167, "acc": 0.5772247910499573, "length": 3.320962429046631, "mode": "train", "epoch": 4}
{"loss": 0.6424737572669983, "acc": 0.6734538674354553, "length": 3.827338218688965, "mode": "test", "epoch": 4}
{"loss": 0.6473149657249451, "acc": 0.6547847390174866, "length": 3.504190683364868, "mode": "train", "epoch": 5}
{"loss": 0.5987536907196045, "acc": 0.7327339053153992, "length": 4.0, "mode": "test", "epoch": 5}
{"loss": 0.58001708984375, "acc": 0.7705504298210144, "length": 3.7674310207366943, "mode": "train", "epoch": 6}
{"loss": 0.5337499976158142, "acc": 0.7559353113174438, "length": 4.0, "mode": "test", "epoch": 6}
{"loss": 0.4891742467880249, "acc": 0.7915506362915039, "length": 3.922576427459717, "mode": "train", "epoch": 7}
{"loss": 0.5107601881027222, "acc": 0.7622302770614624, "length": 4.0, "mode": "test", "epoch": 7}
{"loss": 0.4385012686252594, "acc": 0.7998090982437134, "length": 3.960211753845215, "mode": "train", "epoch": 8}
{"loss": 0.4701356589794159, "acc": 0.7879496216773987, "length": 4.0, "mode": "test", "epoch": 8}
{"loss": 0.4098327159881592, "acc": 0.8151511549949646, "length": 3.973787546157837, "mode": "train", "epoch": 9}
{"loss": 0.4576137959957123, "acc": 0.8007194399833679, "length": 4.0, "mode": "test", "epoch": 9}
{"loss": 0.3893198072910309, "acc": 0.8341450095176697, "length": 3.98183274269104, "mode": "train", "epoch": 10}
{"loss": 0.4384807050228119, "acc": 0.8179857134819031, "length": 4.0, "mode": "test", "epoch": 10}
{"loss": 0.37442439794540405, "acc": 0.8450450301170349, "length": 3.9848339557647705, "mode": "train", "epoch": 11}
{"loss": 0.431387722492218, "acc": 0.8212229609489441, "length": 4.0, "mode": "test", "epoch": 11}
{"loss": 0.3662056624889374, "acc": 0.8440077900886536, "length": 3.9904286861419678, "mode": "train", "epoch": 12}
{"loss": 0.41804051399230957, "acc": 0.8248201012611389, "length": 4.0, "mode": "test", "epoch": 12}
{"loss": 0.3560236096382141, "acc": 0.8532029390335083, "length": 3.9918622970581055, "mode": "train", "epoch": 13}
{"loss": 0.4109766483306885, "acc": 0.8205036520957947, "length": 4.0, "mode": "test", "epoch": 13}
{"loss": 0.34944576025009155, "acc": 0.855461061000824, "length": 3.9942572116851807, "mode": "train", "epoch": 14}
{"loss": 0.40428993105888367, "acc": 0.8262588977813721, "length": 4.0, "mode": "test", "epoch": 14}
{"loss": 0.34466469287872314, "acc": 0.8549386262893677, "length": 3.9941956996917725, "mode": "train", "epoch": 15}
{"loss": 0.4026695787906647, "acc": 0.823381245136261, "length": 4.0, "mode": "test", "epoch": 15}
{"loss": 0.341600239276886, "acc": 0.8560782074928284, "length": 3.9955363273620605, "mode": "train", "epoch": 16}
{"loss": 0.4099102020263672, "acc": 0.818705141544342, "length": 4.0, "mode": "test", "epoch": 16}
{"loss": 0.3398110866546631, "acc": 0.8563945293426514, "length": 3.996241331100464, "mode": "train", "epoch": 17}
{"loss": 0.41035017371177673, "acc": 0.8179855346679688, "length": 4.0, "mode": "test", "epoch": 17}
{"loss": 0.33606699109077454, "acc": 0.8572909832000732, "length": 3.9961419105529785, "mode": "train", "epoch": 18}
{"loss": 0.4120096266269684, "acc": 0.8199639916419983, "length": 4.0, "mode": "test", "epoch": 18}
{"loss": 0.33672088384628296, "acc": 0.8570000529289246, "length": 3.9969050884246826, "mode": "train", "epoch": 19}
{"loss": 0.40399184823036194, "acc": 0.8276978731155396, "length": 4.0, "mode": "test", "epoch": 19}
{"loss": 0.33416229486465454, "acc": 0.8564088344573975, "length": 3.9977850914001465, "mode": "train", "epoch": 20}
{"loss": 0.39830657839775085, "acc": 0.8278776407241821, "length": 4.0, "mode": "test", "epoch": 20}
{"loss": 0.32913994789123535, "acc": 0.8562281727790833, "length": 3.9978179931640625, "mode": "train", "epoch": 21}
{"loss": 0.3992970883846283, "acc": 0.8242805600166321, "length": 4.0, "mode": "test", "epoch": 21}
{"loss": 0.3264046907424927, "acc": 0.8561071157455444, "length": 3.997785806655884, "mode": "train", "epoch": 22}
{"loss": 0.3966832160949707, "acc": 0.8266188502311707, "length": 4.0, "mode": "test", "epoch": 22}
{"loss": 0.3214360773563385, "acc": 0.8603286743164062, "length": 3.9985055923461914, "mode": "train", "epoch": 23}
{"loss": 0.3904702365398407, "acc": 0.8219424486160278, "length": 4.0, "mode": "test", "epoch": 23}
{"loss": 0.31869515776634216, "acc": 0.8611890077590942, "length": 3.995659112930298, "mode": "train", "epoch": 24}
{"loss": 0.3793620765209198, "acc": 0.8275180459022522, "length": 4.0, "mode": "test", "epoch": 24}
{"loss": 0.3092670440673828, "acc": 0.8670453429222107, "length": 3.998424530029297, "mode": "train", "epoch": 25}
{"loss": 0.3756885230541229, "acc": 0.8330935835838318, "length": 4.0, "mode": "test", "epoch": 25}
{"loss": 0.3032217025756836, "acc": 0.8665708303451538, "length": 3.998735189437866, "mode": "train", "epoch": 26}
{"loss": 0.36587080359458923, "acc": 0.8255396485328674, "length": 4.0, "mode": "test", "epoch": 26}
{"loss": 0.2929949462413788, "acc": 0.8719874620437622, "length": 3.9993157386779785, "mode": "train", "epoch": 27}
{"loss": 0.3603074550628662, "acc": 0.832374095916748, "length": 4.0, "mode": "test", "epoch": 27}
{"loss": 0.28764256834983826, "acc": 0.8734877109527588, "length": 3.9990503787994385, "mode": "train", "epoch": 28}
{"loss": 0.34778329730033875, "acc": 0.8455036878585815, "length": 4.0, "mode": "test", "epoch": 28}
{"loss": 0.28057146072387695, "acc": 0.8793173432350159, "length": 3.9995577335357666, "mode": "train", "epoch": 29}
{"loss": 0.3427874743938446, "acc": 0.8460432291030884, "length": 4.0, "mode": "test", "epoch": 29}
{"loss": 0.27710244059562683, "acc": 0.8807051777839661, "length": 3.999788522720337, "mode": "train", "epoch": 30}
{"loss": 0.3363265097141266, "acc": 0.8541366457939148, "length": 4.0, "mode": "test", "epoch": 30}
{"loss": 0.27294039726257324, "acc": 0.8841766119003296, "length": 3.9992587566375732, "mode": "train", "epoch": 31}
{"loss": 0.32948005199432373, "acc": 0.8510792851448059, "length": 4.0, "mode": "test", "epoch": 31}
{"loss": 0.2655465602874756, "acc": 0.8857476711273193, "length": 3.9996707439422607, "mode": "train", "epoch": 32}
{"loss": 0.3290008008480072, "acc": 0.8624100685119629, "length": 4.0, "mode": "test", "epoch": 32}
{"loss": 0.2636359930038452, "acc": 0.8837078809738159, "length": 3.9997658729553223, "mode": "train", "epoch": 33}
{"loss": 0.31917500495910645, "acc": 0.8685252666473389, "length": 4.0, "mode": "test", "epoch": 33}
{"loss": 0.2591865360736847, "acc": 0.8898995518684387, "length": 3.9997735023498535, "mode": "train", "epoch": 34}
{"loss": 0.3154592216014862, "acc": 0.869604229927063, "length": 4.0, "mode": "test", "epoch": 34}
{"loss": 0.25712868571281433, "acc": 0.8883402943611145, "length": 3.999960422515869, "mode": "train", "epoch": 35}
{"loss": 0.31194090843200684, "acc": 0.8696042895317078, "length": 4.0, "mode": "test", "epoch": 35}
{"loss": 0.25789719820022583, "acc": 0.8856315612792969, "length": 3.999689817428589, "mode": "train", "epoch": 36}
{"loss": 0.30951038002967834, "acc": 0.8706834316253662, "length": 4.0, "mode": "test", "epoch": 36}
{"loss": 0.25450190901756287, "acc": 0.8894815444946289, "length": 3.999929904937744, "mode": "train", "epoch": 37}
{"loss": 0.30459538102149963, "acc": 0.8697841167449951, "length": 4.0, "mode": "test", "epoch": 37}
{"loss": 0.2509136497974396, "acc": 0.8894227743148804, "length": 3.999955177307129, "mode": "train", "epoch": 38}
{"loss": 0.2965400815010071, "acc": 0.8735611438751221, "length": 4.0, "mode": "test", "epoch": 38}
{"loss": 0.24896490573883057, "acc": 0.8909250497817993, "length": 3.999976634979248, "mode": "train", "epoch": 39}
{"loss": 0.3021053075790405, "acc": 0.8782373070716858, "length": 4.0, "mode": "test", "epoch": 39}
{"loss": 0.25322216749191284, "acc": 0.8871379494667053, "length": 3.9998691082000732, "mode": "train", "epoch": 40}
{"loss": 0.3011971712112427, "acc": 0.8696042895317078, "length": 4.0, "mode": "test", "epoch": 40}
{"loss": 0.24966147541999817, "acc": 0.889602780342102, "length": 3.9999780654907227, "mode": "train", "epoch": 41}
{"loss": 0.2970985770225525, "acc": 0.8732014894485474, "length": 4.0, "mode": "test", "epoch": 41}
{"loss": 0.24959376454353333, "acc": 0.8884603977203369, "length": 3.9999547004699707, "mode": "train", "epoch": 42}
{"loss": 0.2971007525920868, "acc": 0.8771583437919617, "length": 4.0, "mode": "test", "epoch": 42}
{"loss": 0.25055789947509766, "acc": 0.8877995610237122, "length": 3.9999451637268066, "mode": "train", "epoch": 43}
{"loss": 0.2931956350803375, "acc": 0.8811151385307312, "length": 4.0, "mode": "test", "epoch": 43}
{"loss": 0.2469169646501541, "acc": 0.8890624642372131, "length": 3.9999985694885254, "mode": "train", "epoch": 44}
{"loss": 0.28836071491241455, "acc": 0.8798561692237854, "length": 4.0, "mode": "test", "epoch": 44}
{"loss": 0.24138742685317993, "acc": 0.8952522873878479, "length": 3.999990940093994, "mode": "train", "epoch": 45}
{"loss": 0.2846245765686035, "acc": 0.8780576586723328, "length": 4.0, "mode": "test", "epoch": 45}
{"loss": 0.23498991131782532, "acc": 0.8984956741333008, "length": 3.9999537467956543, "mode": "train", "epoch": 46}
{"loss": 0.2810163199901581, "acc": 0.8830936551094055, "length": 4.0, "mode": "test", "epoch": 46}
{"loss": 0.2355474978685379, "acc": 0.8986173868179321, "length": 3.9999873638153076, "mode": "train", "epoch": 47}
{"loss": 0.2852262258529663, "acc": 0.8825538754463196, "length": 4.0, "mode": "test", "epoch": 47}
{"loss": 0.23518158495426178, "acc": 0.8978964686393738, "length": 3.999997854232788, "mode": "train", "epoch": 48}
{"loss": 0.27411913871765137, "acc": 0.8841727375984192, "length": 4.0, "mode": "test", "epoch": 48}
{"loss": 0.2318110167980194, "acc": 0.9011996388435364, "length": 3.9999165534973145, "mode": "train", "epoch": 49}
{"loss": 0.2640606760978699, "acc": 0.8857912421226501, "length": 4.0, "mode": "test", "epoch": 49}
{"loss": 0.228703573346138, "acc": 0.90318363904953, "length": 3.999962329864502, "mode": "train", "epoch": 50}
{"loss": 0.26191291213035583, "acc": 0.8915466666221619, "length": 4.0, "mode": "test", "epoch": 50}
{"loss": 0.22686049342155457, "acc": 0.9054171442985535, "length": 3.9969029426574707, "mode": "train", "epoch": 51}
{"loss": 0.26333221793174744, "acc": 0.889748215675354, "length": 4.0, "mode": "test", "epoch": 51}
{"loss": 0.22330254316329956, "acc": 0.9081729054450989, "length": 3.999990224838257, "mode": "train", "epoch": 52}
{"loss": 0.255264550447464, "acc": 0.9019785523414612, "length": 4.0, "mode": "test", "epoch": 52}
{"loss": 0.22246183454990387, "acc": 0.9081729054450989, "length": 3.9999940395355225, "mode": "train", "epoch": 53}
{"loss": 0.2567196786403656, "acc": 0.8991007804870605, "length": 4.0, "mode": "test", "epoch": 53}
{"loss": 0.2183314859867096, "acc": 0.9100357890129089, "length": 3.9999887943267822, "mode": "train", "epoch": 54}
{"loss": 0.265865296125412, "acc": 0.8892085552215576, "length": 4.0, "mode": "test", "epoch": 54}
{"loss": 0.22107098996639252, "acc": 0.9116033315658569, "length": 3.9974517822265625, "mode": "train", "epoch": 55}
{"loss": 0.25354495644569397, "acc": 0.8938847780227661, "length": 4.0, "mode": "test", "epoch": 55}
{"loss": 0.21638785302639008, "acc": 0.9105167388916016, "length": 3.9999783039093018, "mode": "train", "epoch": 56}
{"loss": 0.25265222787857056, "acc": 0.9023382067680359, "length": 4.0, "mode": "test", "epoch": 56}
{"loss": 0.21169286966323853, "acc": 0.9138208031654358, "length": 3.9999654293060303, "mode": "train", "epoch": 57}
{"loss": 0.2565581500530243, "acc": 0.8940647840499878, "length": 4.0, "mode": "test", "epoch": 57}
{"loss": 0.2128971964120865, "acc": 0.911057710647583, "length": 3.9999990463256836, "mode": "train", "epoch": 58}
{"loss": 0.24395973980426788, "acc": 0.9075539112091064, "length": 4.0, "mode": "test", "epoch": 58}
{"loss": 0.20887331664562225, "acc": 0.9131890535354614, "length": 3.998850107192993, "mode": "train", "epoch": 59}
{"loss": 0.24372899532318115, "acc": 0.9032374024391174, "length": 4.0, "mode": "test", "epoch": 59}
{"loss": 0.20510901510715485, "acc": 0.9170671105384827, "length": 3.9999940395355225, "mode": "train", "epoch": 60}
{"loss": 0.24131827056407928, "acc": 0.9041367173194885, "length": 4.0, "mode": "test", "epoch": 60}
test accuracy: 0.887121319770813
