# ["--attributes=5", "--values=4", "--game_size=10", "--vocab_size_factor=3", "--n_epochs=60", "--batch_size=64", "--learning_rate=0.0005", "--hidden_size=128", "--temp_update=0.99", "--temperature=1"]
Creating train_ds and val_ds...

Creating test_ds...
{"loss": 0.6928076148033142, "acc": 0.5198643207550049, "length": 3.548734664916992, "mode": "train", "epoch": 1}
{"loss": 0.679872453212738, "acc": 0.5637369155883789, "length": 1.8771331310272217, "mode": "test", "epoch": 1}
{"loss": 0.6889420747756958, "acc": 0.5431472063064575, "length": 3.460092782974243, "mode": "train", "epoch": 2}
{"loss": 0.6737576127052307, "acc": 0.6133573651313782, "length": 2.3549487590789795, "mode": "test", "epoch": 2}
{"loss": 0.6813943386077881, "acc": 0.5686709880828857, "length": 3.196094512939453, "mode": "train", "epoch": 3}
{"loss": 0.6586493849754333, "acc": 0.6565077304840088, "length": 3.0068259239196777, "mode": "test", "epoch": 3}
{"loss": 0.6517937779426575, "acc": 0.6373566389083862, "length": 3.3239858150482178, "mode": "train", "epoch": 4}
{"loss": 0.6151537299156189, "acc": 0.7120742797851562, "length": 3.7952218055725098, "mode": "test", "epoch": 4}
{"loss": 0.590665340423584, "acc": 0.7138325572013855, "length": 3.66569447517395, "mode": "train", "epoch": 5}
{"loss": 0.5575968623161316, "acc": 0.7318686246871948, "length": 3.9351534843444824, "mode": "test", "epoch": 5}
{"loss": 0.5381349325180054, "acc": 0.7285498380661011, "length": 3.7318053245544434, "mode": "train", "epoch": 6}
{"loss": 0.5279228091239929, "acc": 0.7462457418441772, "length": 4.0, "mode": "test", "epoch": 6}
{"loss": 0.4946627616882324, "acc": 0.7533482909202576, "length": 3.8559248447418213, "mode": "train", "epoch": 7}
{"loss": 0.47750529646873474, "acc": 0.7964164018630981, "length": 4.0, "mode": "test", "epoch": 7}
{"loss": 0.4556778073310852, "acc": 0.7870437502861023, "length": 3.9546573162078857, "mode": "train", "epoch": 8}
{"loss": 0.4554823040962219, "acc": 0.8069965243339539, "length": 4.0, "mode": "test", "epoch": 8}
{"loss": 0.44527101516723633, "acc": 0.7977046370506287, "length": 3.9810116291046143, "mode": "train", "epoch": 9}
{"loss": 0.45280638337135315, "acc": 0.8116040825843811, "length": 4.0, "mode": "test", "epoch": 9}
{"loss": 0.4341977834701538, "acc": 0.805178701877594, "length": 3.990067720413208, "mode": "train", "epoch": 10}
{"loss": 0.44810396432876587, "acc": 0.8129692077636719, "length": 4.0, "mode": "test", "epoch": 10}
{"loss": 0.4199073910713196, "acc": 0.8183044195175171, "length": 3.990781307220459, "mode": "train", "epoch": 11}
{"loss": 0.4328778386116028, "acc": 0.8127986788749695, "length": 4.0, "mode": "test", "epoch": 11}
{"loss": 0.4036838710308075, "acc": 0.8219677805900574, "length": 3.989267349243164, "mode": "train", "epoch": 12}
{"loss": 0.4281380772590637, "acc": 0.8192832469940186, "length": 4.0, "mode": "test", "epoch": 12}
{"loss": 0.3896626830101013, "acc": 0.8261995315551758, "length": 3.989095687866211, "mode": "train", "epoch": 13}
{"loss": 0.40401679277420044, "acc": 0.8197951316833496, "length": 4.0, "mode": "test", "epoch": 13}
{"loss": 0.376482218503952, "acc": 0.8290090560913086, "length": 3.9865236282348633, "mode": "train", "epoch": 14}
{"loss": 0.40052157640457153, "acc": 0.8228669762611389, "length": 4.0, "mode": "test", "epoch": 14}
{"loss": 0.3625911474227905, "acc": 0.8375930786132812, "length": 3.9886066913604736, "mode": "train", "epoch": 15}
{"loss": 0.3663214445114136, "acc": 0.8402730226516724, "length": 4.0, "mode": "test", "epoch": 15}
{"loss": 0.33890190720558167, "acc": 0.8535590767860413, "length": 3.9961719512939453, "mode": "train", "epoch": 16}
{"loss": 0.35934409499168396, "acc": 0.8464164733886719, "length": 4.0, "mode": "test", "epoch": 16}
{"loss": 0.3203693926334381, "acc": 0.8640942573547363, "length": 3.99501895904541, "mode": "train", "epoch": 17}
{"loss": 0.33806130290031433, "acc": 0.8544369339942932, "length": 4.0, "mode": "test", "epoch": 17}
{"loss": 0.302934467792511, "acc": 0.8689783811569214, "length": 3.991971969604492, "mode": "train", "epoch": 18}
{"loss": 0.3236641585826874, "acc": 0.874402642250061, "length": 4.0, "mode": "test", "epoch": 18}
{"loss": 0.2880678176879883, "acc": 0.8883053660392761, "length": 3.994436264038086, "mode": "train", "epoch": 19}
{"loss": 0.3234136700630188, "acc": 0.8725254535675049, "length": 4.0, "mode": "test", "epoch": 19}
{"loss": 0.27640649676322937, "acc": 0.8928332328796387, "length": 3.997211456298828, "mode": "train", "epoch": 20}
{"loss": 0.3024411201477051, "acc": 0.8810579180717468, "length": 4.0, "mode": "test", "epoch": 20}
{"loss": 0.26540952920913696, "acc": 0.8963636755943298, "length": 3.997066020965576, "mode": "train", "epoch": 21}
{"loss": 0.30240315198898315, "acc": 0.8819112181663513, "length": 4.0, "mode": "test", "epoch": 21}
{"loss": 0.2609497606754303, "acc": 0.8942199349403381, "length": 3.9954328536987305, "mode": "train", "epoch": 22}
{"loss": 0.3005307614803314, "acc": 0.882081925868988, "length": 4.0, "mode": "test", "epoch": 22}
{"loss": 0.25660523772239685, "acc": 0.9043566584587097, "length": 3.997713565826416, "mode": "train", "epoch": 23}
{"loss": 0.2824230194091797, "acc": 0.891808807849884, "length": 4.0, "mode": "test", "epoch": 23}
{"loss": 0.24946856498718262, "acc": 0.9039600491523743, "length": 3.9937360286712646, "mode": "train", "epoch": 24}
{"loss": 0.28205281496047974, "acc": 0.8970988988876343, "length": 4.0, "mode": "test", "epoch": 24}
{"loss": 0.24029703438282013, "acc": 0.9117410182952881, "length": 3.9970862865448, "mode": "train", "epoch": 25}
{"loss": 0.26647016406059265, "acc": 0.9073379039764404, "length": 4.0, "mode": "test", "epoch": 25}
{"loss": 0.23415955901145935, "acc": 0.912519633769989, "length": 3.9955835342407227, "mode": "train", "epoch": 26}
{"loss": 0.2592258155345917, "acc": 0.9121161699295044, "length": 4.0, "mode": "test", "epoch": 26}
{"loss": 0.22691696882247925, "acc": 0.9210574626922607, "length": 3.995208740234375, "mode": "train", "epoch": 27}
{"loss": 0.26149803400039673, "acc": 0.9044367671012878, "length": 4.0, "mode": "test", "epoch": 27}
{"loss": 0.22467297315597534, "acc": 0.9209429621696472, "length": 3.996080160140991, "mode": "train", "epoch": 28}
{"loss": 0.24846820533275604, "acc": 0.920648455619812, "length": 4.0, "mode": "test", "epoch": 28}
{"loss": 0.21891441941261292, "acc": 0.9213905930519104, "length": 3.997074842453003, "mode": "train", "epoch": 29}
{"loss": 0.24179740250110626, "acc": 0.9237200021743774, "length": 4.0, "mode": "test", "epoch": 29}
{"loss": 0.21319922804832458, "acc": 0.9215115308761597, "length": 3.9980106353759766, "mode": "train", "epoch": 30}
{"loss": 0.23726943135261536, "acc": 0.9235495924949646, "length": 4.0, "mode": "test", "epoch": 30}
{"loss": 0.21258465945720673, "acc": 0.9245978593826294, "length": 3.9972190856933594, "mode": "train", "epoch": 31}
{"loss": 0.2275627702474594, "acc": 0.9284982681274414, "length": 4.0, "mode": "test", "epoch": 31}
{"loss": 0.20788660645484924, "acc": 0.925852358341217, "length": 3.998073101043701, "mode": "train", "epoch": 32}
{"loss": 0.24002046883106232, "acc": 0.9267919659614563, "length": 4.0, "mode": "test", "epoch": 32}
{"loss": 0.20437398552894592, "acc": 0.9272117018699646, "length": 3.9965357780456543, "mode": "train", "epoch": 33}
{"loss": 0.23824730515480042, "acc": 0.9293513894081116, "length": 4.0, "mode": "test", "epoch": 33}
{"loss": 0.20220884680747986, "acc": 0.9284090399742126, "length": 3.9967715740203857, "mode": "train", "epoch": 34}
{"loss": 0.23649461567401886, "acc": 0.929010272026062, "length": 4.0, "mode": "test", "epoch": 34}
{"loss": 0.2048620581626892, "acc": 0.9297818541526794, "length": 3.9978959560394287, "mode": "train", "epoch": 35}
{"loss": 0.22023777663707733, "acc": 0.9308874011039734, "length": 4.0, "mode": "test", "epoch": 35}
{"loss": 0.19504855573177338, "acc": 0.9292474985122681, "length": 3.997894763946533, "mode": "train", "epoch": 36}
{"loss": 0.2113954871892929, "acc": 0.929010272026062, "length": 4.0, "mode": "test", "epoch": 36}
{"loss": 0.19051554799079895, "acc": 0.929556131362915, "length": 3.9982924461364746, "mode": "train", "epoch": 37}
{"loss": 0.21421287953853607, "acc": 0.9276449084281921, "length": 4.0, "mode": "test", "epoch": 37}
{"loss": 0.18943578004837036, "acc": 0.9306444525718689, "length": 3.9991846084594727, "mode": "train", "epoch": 38}
{"loss": 0.2051527500152588, "acc": 0.9313992857933044, "length": 4.0, "mode": "test", "epoch": 38}
{"loss": 0.18644744157791138, "acc": 0.9320940971374512, "length": 3.9997973442077637, "mode": "train", "epoch": 39}
{"loss": 0.21750767529010773, "acc": 0.9327645897865295, "length": 4.0, "mode": "test", "epoch": 39}
{"loss": 0.1917780488729477, "acc": 0.9285539984703064, "length": 3.9994235038757324, "mode": "train", "epoch": 40}
{"loss": 0.22027893364429474, "acc": 0.9293515086174011, "length": 4.0, "mode": "test", "epoch": 40}
{"loss": 0.1856442391872406, "acc": 0.9346868395805359, "length": 3.9985530376434326, "mode": "train", "epoch": 41}
{"loss": 0.20439258217811584, "acc": 0.9319112300872803, "length": 4.0, "mode": "test", "epoch": 41}
{"loss": 0.18091066181659698, "acc": 0.9359961748123169, "length": 3.9988937377929688, "mode": "train", "epoch": 42}
{"loss": 0.2103900909423828, "acc": 0.9293516278266907, "length": 4.0, "mode": "test", "epoch": 42}
{"loss": 0.1743381917476654, "acc": 0.9371249079704285, "length": 3.9971725940704346, "mode": "train", "epoch": 43}
{"loss": 0.20008035004138947, "acc": 0.929692804813385, "length": 4.0, "mode": "test", "epoch": 43}
{"loss": 0.1695990115404129, "acc": 0.9386518001556396, "length": 3.999863862991333, "mode": "train", "epoch": 44}
{"loss": 0.20108507573604584, "acc": 0.9358361959457397, "length": 4.0, "mode": "test", "epoch": 44}
{"loss": 0.1682199090719223, "acc": 0.9368833303451538, "length": 3.999823570251465, "mode": "train", "epoch": 45}
{"loss": 0.20746460556983948, "acc": 0.9334471821784973, "length": 4.0, "mode": "test", "epoch": 45}
{"loss": 0.17036275565624237, "acc": 0.9387521743774414, "length": 3.9991369247436523, "mode": "train", "epoch": 46}
{"loss": 0.19302606582641602, "acc": 0.936348021030426, "length": 4.0, "mode": "test", "epoch": 46}
{"loss": 0.1654825508594513, "acc": 0.9386362433433533, "length": 3.999143123626709, "mode": "train", "epoch": 47}
{"loss": 0.19781477749347687, "acc": 0.9361775517463684, "length": 4.0, "mode": "test", "epoch": 47}
{"loss": 0.1669434905052185, "acc": 0.9410437941551208, "length": 3.999845027923584, "mode": "train", "epoch": 48}
{"loss": 0.1946709007024765, "acc": 0.9334471225738525, "length": 4.0, "mode": "test", "epoch": 48}
{"loss": 0.15865087509155273, "acc": 0.9416183829307556, "length": 3.999957799911499, "mode": "train", "epoch": 49}
{"loss": 0.1945035308599472, "acc": 0.9383958578109741, "length": 4.0, "mode": "test", "epoch": 49}
{"loss": 0.1572260558605194, "acc": 0.9445801973342896, "length": 3.9998881816864014, "mode": "train", "epoch": 50}
{"loss": 0.19567009806632996, "acc": 0.9397609829902649, "length": 4.0, "mode": "test", "epoch": 50}
{"loss": 0.15636716783046722, "acc": 0.9447537064552307, "length": 3.9999349117279053, "mode": "train", "epoch": 51}
{"loss": 0.18544618785381317, "acc": 0.9365187287330627, "length": 4.0, "mode": "test", "epoch": 51}
{"loss": 0.14831790328025818, "acc": 0.94697505235672, "length": 3.9998316764831543, "mode": "train", "epoch": 52}
{"loss": 0.1815352886915207, "acc": 0.9365187287330627, "length": 4.0, "mode": "test", "epoch": 52}
{"loss": 0.1449686586856842, "acc": 0.9468631148338318, "length": 3.999940872192383, "mode": "train", "epoch": 53}
{"loss": 0.19122563302516937, "acc": 0.932081937789917, "length": 4.0, "mode": "test", "epoch": 53}
{"loss": 0.14208054542541504, "acc": 0.9482309818267822, "length": 3.9999241828918457, "mode": "train", "epoch": 54}
{"loss": 0.1896398812532425, "acc": 0.9407849907875061, "length": 4.0, "mode": "test", "epoch": 54}
{"loss": 0.14174608886241913, "acc": 0.9470902681350708, "length": 3.999908685684204, "mode": "train", "epoch": 55}
{"loss": 0.18455740809440613, "acc": 0.9395902752876282, "length": 4.0, "mode": "test", "epoch": 55}
{"loss": 0.13798469305038452, "acc": 0.9489564895629883, "length": 3.9987428188323975, "mode": "train", "epoch": 56}
{"loss": 0.18536952137947083, "acc": 0.941808819770813, "length": 4.0, "mode": "test", "epoch": 56}
{"loss": 0.13106779754161835, "acc": 0.952332079410553, "length": 3.999781847000122, "mode": "train", "epoch": 57}
{"loss": 0.18259647488594055, "acc": 0.9428327679634094, "length": 4.0, "mode": "test", "epoch": 57}
{"loss": 0.13606801629066467, "acc": 0.9501126408576965, "length": 3.9999537467956543, "mode": "train", "epoch": 58}
{"loss": 0.1766895204782486, "acc": 0.940443754196167, "length": 4.0, "mode": "test", "epoch": 58}
{"loss": 0.13175101578235626, "acc": 0.9514244794845581, "length": 3.999959945678711, "mode": "train", "epoch": 59}
{"loss": 0.1911972463130951, "acc": 0.9419795274734497, "length": 4.0, "mode": "test", "epoch": 59}
{"loss": 0.13116371631622314, "acc": 0.9518666863441467, "length": 3.9991862773895264, "mode": "train", "epoch": 60}
{"loss": 0.18335598707199097, "acc": 0.9404436349868774, "length": 4.0, "mode": "test", "epoch": 60}
test accuracy: 0.7370371222496033
