# ["--attributes=5", "--values=4", "--game_size=10", "--vocab_size_factor=3", "--n_epochs=60", "--batch_size=64", "--learning_rate=0.0005", "--hidden_size=128", "--temp_update=0.99", "--temperature=1.5"]
Creating train_ds and val_ds...

Creating test_ds...
{"loss": 0.6936057209968567, "acc": 0.5201732516288757, "length": 3.531179428100586, "mode": "train", "epoch": 1}
{"loss": 0.6865805983543396, "acc": 0.5545979738235474, "length": 1.90625, "mode": "test", "epoch": 1}
{"loss": 0.6888726949691772, "acc": 0.5378902554512024, "length": 3.4507884979248047, "mode": "train", "epoch": 2}
{"loss": 0.6787983775138855, "acc": 0.6044108867645264, "length": 1.8020833730697632, "mode": "test", "epoch": 2}
{"loss": 0.6840351819992065, "acc": 0.5644522905349731, "length": 3.353407382965088, "mode": "train", "epoch": 3}
{"loss": 0.6600861549377441, "acc": 0.6663221716880798, "length": 2.7048611640930176, "mode": "test", "epoch": 3}
{"loss": 0.6668822169303894, "acc": 0.6180752515792847, "length": 3.241551399230957, "mode": "train", "epoch": 4}
{"loss": 0.6258765459060669, "acc": 0.7129151225090027, "length": 3.4583332538604736, "mode": "test", "epoch": 4}
{"loss": 0.6172754168510437, "acc": 0.7182250618934631, "length": 3.5495505332946777, "mode": "train", "epoch": 5}
{"loss": 0.5457596778869629, "acc": 0.800265908241272, "length": 3.961805582046509, "mode": "test", "epoch": 5}
{"loss": 0.5221485495567322, "acc": 0.7799136638641357, "length": 3.8289921283721924, "mode": "train", "epoch": 6}
{"loss": 0.46442705392837524, "acc": 0.8100695610046387, "length": 4.0, "mode": "test", "epoch": 6}
{"loss": 0.4449114203453064, "acc": 0.8082817196846008, "length": 3.9166133403778076, "mode": "train", "epoch": 7}
{"loss": 0.4336487948894501, "acc": 0.8109375834465027, "length": 4.0, "mode": "test", "epoch": 7}
{"loss": 0.4153818190097809, "acc": 0.8239991664886475, "length": 3.9510793685913086, "mode": "train", "epoch": 8}
{"loss": 0.42062345147132874, "acc": 0.8282986879348755, "length": 4.0, "mode": "test", "epoch": 8}
{"loss": 0.37937334179878235, "acc": 0.8512829542160034, "length": 3.9695441722869873, "mode": "train", "epoch": 9}
{"loss": 0.3916099965572357, "acc": 0.8373264074325562, "length": 4.0, "mode": "test", "epoch": 9}
{"loss": 0.34954044222831726, "acc": 0.8632829785346985, "length": 3.9750330448150635, "mode": "train", "epoch": 10}
{"loss": 0.379826158285141, "acc": 0.8395833969116211, "length": 4.0, "mode": "test", "epoch": 10}
{"loss": 0.3286527395248413, "acc": 0.8680665493011475, "length": 3.985102891921997, "mode": "train", "epoch": 11}
{"loss": 0.368764191865921, "acc": 0.8506944179534912, "length": 4.0, "mode": "test", "epoch": 11}
{"loss": 0.317976176738739, "acc": 0.877952516078949, "length": 3.9888875484466553, "mode": "train", "epoch": 12}
{"loss": 0.3657665252685547, "acc": 0.8555555939674377, "length": 4.0, "mode": "test", "epoch": 12}
{"loss": 0.31107303500175476, "acc": 0.8753997087478638, "length": 3.9880688190460205, "mode": "train", "epoch": 13}
{"loss": 0.34730321168899536, "acc": 0.8578125834465027, "length": 4.0, "mode": "test", "epoch": 13}
{"loss": 0.30011260509490967, "acc": 0.8821507692337036, "length": 3.99165940284729, "mode": "train", "epoch": 14}
{"loss": 0.34352222084999084, "acc": 0.8645833730697632, "length": 4.0, "mode": "test", "epoch": 14}
{"loss": 0.29851260781288147, "acc": 0.8819353580474854, "length": 3.992436647415161, "mode": "train", "epoch": 15}
{"loss": 0.33874842524528503, "acc": 0.8685764074325562, "length": 4.0, "mode": "test", "epoch": 15}
{"loss": 0.2906733751296997, "acc": 0.8826628923416138, "length": 3.9940805435180664, "mode": "train", "epoch": 16}
{"loss": 0.34610041975975037, "acc": 0.8612847924232483, "length": 4.0, "mode": "test", "epoch": 16}
{"loss": 0.2895395755767822, "acc": 0.8830776214599609, "length": 3.993739604949951, "mode": "train", "epoch": 17}
{"loss": 0.3438436686992645, "acc": 0.8649305105209351, "length": 4.0, "mode": "test", "epoch": 17}
{"loss": 0.28812357783317566, "acc": 0.8834311962127686, "length": 3.995056390762329, "mode": "train", "epoch": 18}
{"loss": 0.34016329050064087, "acc": 0.8611111640930176, "length": 4.0, "mode": "test", "epoch": 18}
{"loss": 0.2784699499607086, "acc": 0.8905199766159058, "length": 3.99568247795105, "mode": "train", "epoch": 19}
{"loss": 0.3531559705734253, "acc": 0.8480902314186096, "length": 4.0, "mode": "test", "epoch": 19}
{"loss": 0.27328282594680786, "acc": 0.8878605961799622, "length": 3.9955737590789795, "mode": "train", "epoch": 20}
{"loss": 0.3478113114833832, "acc": 0.8498263955116272, "length": 4.0, "mode": "test", "epoch": 20}
{"loss": 0.27542242407798767, "acc": 0.8908110857009888, "length": 3.996650457382202, "mode": "train", "epoch": 21}
{"loss": 0.31358155608177185, "acc": 0.8663194179534912, "length": 4.0, "mode": "test", "epoch": 21}
{"loss": 0.26724106073379517, "acc": 0.8920872211456299, "length": 3.9954075813293457, "mode": "train", "epoch": 22}
{"loss": 0.30533596873283386, "acc": 0.8736110925674438, "length": 4.0, "mode": "test", "epoch": 22}
{"loss": 0.26347610354423523, "acc": 0.8935126066207886, "length": 3.9974141120910645, "mode": "train", "epoch": 23}
{"loss": 0.29864054918289185, "acc": 0.8736110925674438, "length": 4.0, "mode": "test", "epoch": 23}
{"loss": 0.2656446099281311, "acc": 0.892641544342041, "length": 3.997331380844116, "mode": "train", "epoch": 24}
{"loss": 0.31439369916915894, "acc": 0.8652777075767517, "length": 4.0, "mode": "test", "epoch": 24}
{"loss": 0.2566254138946533, "acc": 0.8965930342674255, "length": 3.9977097511291504, "mode": "train", "epoch": 25}
{"loss": 0.3059934973716736, "acc": 0.864062488079071, "length": 4.0, "mode": "test", "epoch": 25}
{"loss": 0.25269922614097595, "acc": 0.8910409212112427, "length": 3.997680902481079, "mode": "train", "epoch": 26}
{"loss": 0.29896122217178345, "acc": 0.8694444894790649, "length": 4.0, "mode": "test", "epoch": 26}
{"loss": 0.24683812260627747, "acc": 0.900646448135376, "length": 3.997488021850586, "mode": "train", "epoch": 27}
{"loss": 0.2946208417415619, "acc": 0.8689236640930176, "length": 4.0, "mode": "test", "epoch": 27}
{"loss": 0.24540987610816956, "acc": 0.900841236114502, "length": 3.998117446899414, "mode": "train", "epoch": 28}
{"loss": 0.2980288863182068, "acc": 0.8680555820465088, "length": 4.0, "mode": "test", "epoch": 28}
{"loss": 0.23428881168365479, "acc": 0.9019755721092224, "length": 3.9976112842559814, "mode": "train", "epoch": 29}
{"loss": 0.27979594469070435, "acc": 0.8789930939674377, "length": 4.0, "mode": "test", "epoch": 29}
{"loss": 0.2399234175682068, "acc": 0.9039623737335205, "length": 3.9981689453125, "mode": "train", "epoch": 30}
{"loss": 0.28129276633262634, "acc": 0.881944477558136, "length": 4.0, "mode": "test", "epoch": 30}
{"loss": 0.2334103286266327, "acc": 0.9004392027854919, "length": 3.9986467361450195, "mode": "train", "epoch": 31}
{"loss": 0.2586406171321869, "acc": 0.8940972089767456, "length": 4.0, "mode": "test", "epoch": 31}
{"loss": 0.2288668304681778, "acc": 0.9084944128990173, "length": 3.998218536376953, "mode": "train", "epoch": 32}
{"loss": 0.24790239334106445, "acc": 0.9005208611488342, "length": 4.0, "mode": "test", "epoch": 32}
{"loss": 0.2218286544084549, "acc": 0.9109349250793457, "length": 3.998535633087158, "mode": "train", "epoch": 33}
{"loss": 0.24089168012142181, "acc": 0.9078124165534973, "length": 4.0, "mode": "test", "epoch": 33}
{"loss": 0.22090895473957062, "acc": 0.9128279685974121, "length": 3.9982523918151855, "mode": "train", "epoch": 34}
{"loss": 0.23932257294654846, "acc": 0.9012153148651123, "length": 4.0, "mode": "test", "epoch": 34}
{"loss": 0.2174663096666336, "acc": 0.9083168506622314, "length": 3.9985718727111816, "mode": "train", "epoch": 35}
{"loss": 0.22795987129211426, "acc": 0.9116320013999939, "length": 4.0, "mode": "test", "epoch": 35}
{"loss": 0.21401003003120422, "acc": 0.9119738936424255, "length": 3.9979896545410156, "mode": "train", "epoch": 36}
{"loss": 0.2333008497953415, "acc": 0.8984375, "length": 4.0, "mode": "test", "epoch": 36}
{"loss": 0.21178266406059265, "acc": 0.9149433374404907, "length": 3.9990992546081543, "mode": "train", "epoch": 37}
{"loss": 0.22101373970508575, "acc": 0.9154513478279114, "length": 4.0, "mode": "test", "epoch": 37}
{"loss": 0.20570431649684906, "acc": 0.9187173247337341, "length": 3.999163866043091, "mode": "train", "epoch": 38}
{"loss": 0.22504878044128418, "acc": 0.9138888120651245, "length": 4.0, "mode": "test", "epoch": 38}
{"loss": 0.2061855047941208, "acc": 0.9184222221374512, "length": 3.998960494995117, "mode": "train", "epoch": 39}
{"loss": 0.22032487392425537, "acc": 0.9133681058883667, "length": 4.0, "mode": "test", "epoch": 39}
{"loss": 0.19664981961250305, "acc": 0.9228368997573853, "length": 3.99939227104187, "mode": "train", "epoch": 40}
{"loss": 0.21017339825630188, "acc": 0.9182291030883789, "length": 4.0, "mode": "test", "epoch": 40}
{"loss": 0.18883700668811798, "acc": 0.923880934715271, "length": 3.999387741088867, "mode": "train", "epoch": 41}
{"loss": 0.21283362805843353, "acc": 0.9151042103767395, "length": 4.0, "mode": "test", "epoch": 41}
{"loss": 0.1996910274028778, "acc": 0.919985830783844, "length": 3.9989330768585205, "mode": "train", "epoch": 42}
{"loss": 0.21419282257556915, "acc": 0.918055534362793, "length": 4.0, "mode": "test", "epoch": 42}
{"loss": 0.18763722479343414, "acc": 0.9221937656402588, "length": 3.99924898147583, "mode": "train", "epoch": 43}
{"loss": 0.21064148843288422, "acc": 0.9168403148651123, "length": 4.0, "mode": "test", "epoch": 43}
{"loss": 0.18903842568397522, "acc": 0.9193538427352905, "length": 3.9993083477020264, "mode": "train", "epoch": 44}
{"loss": 0.20902355015277863, "acc": 0.9203125834465027, "length": 4.0, "mode": "test", "epoch": 44}
{"loss": 0.18604399263858795, "acc": 0.9298580288887024, "length": 3.9994935989379883, "mode": "train", "epoch": 45}
{"loss": 0.2138126641511917, "acc": 0.9199652075767517, "length": 4.0, "mode": "test", "epoch": 45}
{"loss": 0.18076492846012115, "acc": 0.9297440648078918, "length": 3.99958872795105, "mode": "train", "epoch": 46}
{"loss": 0.19211849570274353, "acc": 0.9310764670372009, "length": 4.0, "mode": "test", "epoch": 46}
{"loss": 0.1739107072353363, "acc": 0.9330978989601135, "length": 3.99941349029541, "mode": "train", "epoch": 47}
{"loss": 0.19570980966091156, "acc": 0.9248263835906982, "length": 4.0, "mode": "test", "epoch": 47}
{"loss": 0.17330817878246307, "acc": 0.9307355880737305, "length": 3.9997448921203613, "mode": "train", "epoch": 48}
{"loss": 0.20389890670776367, "acc": 0.9223959445953369, "length": 4.0, "mode": "test", "epoch": 48}
{"loss": 0.17143069207668304, "acc": 0.9337624311447144, "length": 3.997051239013672, "mode": "train", "epoch": 49}
{"loss": 0.19752570986747742, "acc": 0.9260416030883789, "length": 4.0, "mode": "test", "epoch": 49}
{"loss": 0.17325781285762787, "acc": 0.9347385764122009, "length": 3.999788761138916, "mode": "train", "epoch": 50}
{"loss": 0.18841439485549927, "acc": 0.9291666746139526, "length": 4.0, "mode": "test", "epoch": 50}
{"loss": 0.16840599477291107, "acc": 0.9325900673866272, "length": 3.999689817428589, "mode": "train", "epoch": 51}
{"loss": 0.1871384084224701, "acc": 0.9312499165534973, "length": 4.0, "mode": "test", "epoch": 51}
{"loss": 0.16601884365081787, "acc": 0.9365366101264954, "length": 3.9998068809509277, "mode": "train", "epoch": 52}
{"loss": 0.18790927529335022, "acc": 0.9347221851348877, "length": 4.0, "mode": "test", "epoch": 52}
{"loss": 0.1603330820798874, "acc": 0.9410437941551208, "length": 3.999565362930298, "mode": "train", "epoch": 53}
{"loss": 0.18744516372680664, "acc": 0.9277777075767517, "length": 4.0, "mode": "test", "epoch": 53}
{"loss": 0.16049766540527344, "acc": 0.9372333884239197, "length": 3.999680995941162, "mode": "train", "epoch": 54}
{"loss": 0.18775656819343567, "acc": 0.9331597089767456, "length": 4.0, "mode": "test", "epoch": 54}
{"loss": 0.16181650757789612, "acc": 0.9416995048522949, "length": 3.9997620582580566, "mode": "train", "epoch": 55}
{"loss": 0.1888456791639328, "acc": 0.9375, "length": 4.0, "mode": "test", "epoch": 55}
{"loss": 0.15528956055641174, "acc": 0.941402018070221, "length": 3.999722957611084, "mode": "train", "epoch": 56}
{"loss": 0.19979192316532135, "acc": 0.9260416030883789, "length": 4.0, "mode": "test", "epoch": 56}
{"loss": 0.15778182446956635, "acc": 0.9429165720939636, "length": 3.9998342990875244, "mode": "train", "epoch": 57}
{"loss": 0.18590906262397766, "acc": 0.9373263120651245, "length": 4.0, "mode": "test", "epoch": 57}
{"loss": 0.15131404995918274, "acc": 0.9430350065231323, "length": 3.9998867511749268, "mode": "train", "epoch": 58}
{"loss": 0.1773938536643982, "acc": 0.9345486164093018, "length": 4.0, "mode": "test", "epoch": 58}
{"loss": 0.14980049431324005, "acc": 0.9436128735542297, "length": 3.999817132949829, "mode": "train", "epoch": 59}
{"loss": 0.16934579610824585, "acc": 0.9321179986000061, "length": 4.0, "mode": "test", "epoch": 59}
{"loss": 0.15667781233787537, "acc": 0.9398448467254639, "length": 3.9998700618743896, "mode": "train", "epoch": 60}
{"loss": 0.19111321866512299, "acc": 0.9347221851348877, "length": 4.0, "mode": "test", "epoch": 60}
test accuracy: 0.8217241168022156
