# ["--attributes=5", "--values=4", "--game_size=10", "--vocab_size_factor=3", "--n_epochs=60", "--batch_size=64", "--learning_rate=0.0005", "--hidden_size=128", "--temp_update=0.99", "--temperature=2"]
Creating train_ds and val_ds...

Creating test_ds...
{"loss": 0.6940533518791199, "acc": 0.5185974836349487, "length": 3.558889389038086, "mode": "train", "epoch": 1}
{"loss": 0.6891900300979614, "acc": 0.56324702501297, "length": 3.733096122741699, "mode": "test", "epoch": 1}
{"loss": 0.6882367730140686, "acc": 0.5369820594787598, "length": 3.5347838401794434, "mode": "train", "epoch": 2}
{"loss": 0.6696683764457703, "acc": 0.5731130838394165, "length": 3.427046298980713, "mode": "test", "epoch": 2}
{"loss": 0.6832614541053772, "acc": 0.5461977124214172, "length": 3.4827919006347656, "mode": "train", "epoch": 3}
{"loss": 0.6570164561271667, "acc": 0.6156348586082458, "length": 3.982206344604492, "mode": "test", "epoch": 3}
{"loss": 0.656622052192688, "acc": 0.6186355948448181, "length": 3.5418734550476074, "mode": "train", "epoch": 4}
{"loss": 0.6094052195549011, "acc": 0.7211743593215942, "length": 4.0, "mode": "test", "epoch": 4}
{"loss": 0.5998175144195557, "acc": 0.691501259803772, "length": 3.7680606842041016, "mode": "train", "epoch": 5}
{"loss": 0.5621326565742493, "acc": 0.7241991758346558, "length": 4.0, "mode": "test", "epoch": 5}
{"loss": 0.5460721850395203, "acc": 0.7166036367416382, "length": 3.8672232627868652, "mode": "train", "epoch": 6}
{"loss": 0.5502022504806519, "acc": 0.7587187886238098, "length": 4.0, "mode": "test", "epoch": 6}
{"loss": 0.5108609199523926, "acc": 0.7507704496383667, "length": 3.8968346118927, "mode": "train", "epoch": 7}
{"loss": 0.510665774345398, "acc": 0.7779359221458435, "length": 4.0, "mode": "test", "epoch": 7}
{"loss": 0.48411422967910767, "acc": 0.791193425655365, "length": 3.924936532974243, "mode": "train", "epoch": 8}
{"loss": 0.4939458966255188, "acc": 0.793416440486908, "length": 4.0, "mode": "test", "epoch": 8}
{"loss": 0.4629547595977783, "acc": 0.7975301146507263, "length": 3.9310574531555176, "mode": "train", "epoch": 9}
{"loss": 0.49072393774986267, "acc": 0.7976868152618408, "length": 4.0, "mode": "test", "epoch": 9}
{"loss": 0.45650508999824524, "acc": 0.7999876737594604, "length": 3.9426889419555664, "mode": "train", "epoch": 10}
{"loss": 0.4939109981060028, "acc": 0.7964411973953247, "length": 4.0, "mode": "test", "epoch": 10}
{"loss": 0.4450818598270416, "acc": 0.8029607534408569, "length": 3.9495952129364014, "mode": "train", "epoch": 11}
{"loss": 0.4994850158691406, "acc": 0.7998219728469849, "length": 4.0, "mode": "test", "epoch": 11}
{"loss": 0.4192778468132019, "acc": 0.8053089380264282, "length": 3.958949089050293, "mode": "train", "epoch": 12}
{"loss": 0.512178897857666, "acc": 0.7973310351371765, "length": 4.0, "mode": "test", "epoch": 12}
{"loss": 0.42836281657218933, "acc": 0.8059870004653931, "length": 3.9658074378967285, "mode": "train", "epoch": 13}
{"loss": 0.5075467228889465, "acc": 0.7903913855552673, "length": 4.0, "mode": "test", "epoch": 13}
{"loss": 0.4192446768283844, "acc": 0.8106920123100281, "length": 3.9707233905792236, "mode": "train", "epoch": 14}
{"loss": 0.49519965052604675, "acc": 0.7994662523269653, "length": 4.0, "mode": "test", "epoch": 14}
{"loss": 0.40759536623954773, "acc": 0.8139134645462036, "length": 3.977583408355713, "mode": "train", "epoch": 15}
{"loss": 0.4762892723083496, "acc": 0.7994662523269653, "length": 4.0, "mode": "test", "epoch": 15}
{"loss": 0.39962875843048096, "acc": 0.8150835633277893, "length": 3.9814364910125732, "mode": "train", "epoch": 16}
{"loss": 0.45309415459632874, "acc": 0.8140569925308228, "length": 4.0, "mode": "test", "epoch": 16}
{"loss": 0.3965534269809723, "acc": 0.8232336044311523, "length": 3.9823598861694336, "mode": "train", "epoch": 17}
{"loss": 0.44753631949424744, "acc": 0.8211745619773865, "length": 4.0, "mode": "test", "epoch": 17}
{"loss": 0.3839106857776642, "acc": 0.8273729085922241, "length": 3.9851696491241455, "mode": "train", "epoch": 18}
{"loss": 0.43016496300697327, "acc": 0.8241991400718689, "length": 4.0, "mode": "test", "epoch": 18}
{"loss": 0.3678323030471802, "acc": 0.842391848564148, "length": 3.9875400066375732, "mode": "train", "epoch": 19}
{"loss": 0.41555842757225037, "acc": 0.8297151923179626, "length": 4.0, "mode": "test", "epoch": 19}
{"loss": 0.360912948846817, "acc": 0.8506608605384827, "length": 3.9884228706359863, "mode": "train", "epoch": 20}
{"loss": 0.3957049548625946, "acc": 0.8343415856361389, "length": 4.0, "mode": "test", "epoch": 20}
{"loss": 0.3391360640525818, "acc": 0.8546142578125, "length": 3.989135980606079, "mode": "train", "epoch": 21}
{"loss": 0.4036772847175598, "acc": 0.8313166499137878, "length": 4.0, "mode": "test", "epoch": 21}
{"loss": 0.3059656620025635, "acc": 0.8644442558288574, "length": 3.989652633666992, "mode": "train", "epoch": 22}
{"loss": 0.38140031695365906, "acc": 0.8409252762794495, "length": 4.0, "mode": "test", "epoch": 22}
{"loss": 0.29109543561935425, "acc": 0.8734259605407715, "length": 3.991858720779419, "mode": "train", "epoch": 23}
{"loss": 0.3742808997631073, "acc": 0.8434165120124817, "length": 4.0, "mode": "test", "epoch": 23}
{"loss": 0.2954860329627991, "acc": 0.8820080757141113, "length": 3.993004560470581, "mode": "train", "epoch": 24}
{"loss": 0.3770609498023987, "acc": 0.8444840312004089, "length": 4.0, "mode": "test", "epoch": 24}
{"loss": 0.27934539318084717, "acc": 0.8836694359779358, "length": 3.992974281311035, "mode": "train", "epoch": 25}
{"loss": 0.3724720776081085, "acc": 0.8443061113357544, "length": 4.0, "mode": "test", "epoch": 25}
{"loss": 0.2784491777420044, "acc": 0.8842294812202454, "length": 3.9921414852142334, "mode": "train", "epoch": 26}
{"loss": 0.39834848046302795, "acc": 0.8437721729278564, "length": 4.0, "mode": "test", "epoch": 26}
{"loss": 0.27672064304351807, "acc": 0.8872407078742981, "length": 3.9937658309936523, "mode": "train", "epoch": 27}
{"loss": 0.36288660764694214, "acc": 0.8480428457260132, "length": 4.0, "mode": "test", "epoch": 27}
{"loss": 0.26699501276016235, "acc": 0.8901740908622742, "length": 3.99465274810791, "mode": "train", "epoch": 28}
{"loss": 0.3587002456188202, "acc": 0.8391459584236145, "length": 4.0, "mode": "test", "epoch": 28}
{"loss": 0.2664623558521271, "acc": 0.893245279788971, "length": 3.9938135147094727, "mode": "train", "epoch": 29}
{"loss": 0.33028092980384827, "acc": 0.8692171573638916, "length": 4.0, "mode": "test", "epoch": 29}
{"loss": 0.25714540481567383, "acc": 0.898064136505127, "length": 3.993987798690796, "mode": "train", "epoch": 30}
{"loss": 0.3358381688594818, "acc": 0.8596084713935852, "length": 4.0, "mode": "test", "epoch": 30}
{"loss": 0.23987536132335663, "acc": 0.901584804058075, "length": 3.993854522705078, "mode": "train", "epoch": 31}
{"loss": 0.35075509548187256, "acc": 0.8663701415061951, "length": 4.0, "mode": "test", "epoch": 31}
{"loss": 0.23877084255218506, "acc": 0.9078770875930786, "length": 3.9928231239318848, "mode": "train", "epoch": 32}
{"loss": 0.36023351550102234, "acc": 0.8633451461791992, "length": 4.0, "mode": "test", "epoch": 32}
{"loss": 0.2295636683702469, "acc": 0.9093993902206421, "length": 3.992988348007202, "mode": "train", "epoch": 33}
{"loss": 0.3434445559978485, "acc": 0.8725979328155518, "length": 4.0, "mode": "test", "epoch": 33}
{"loss": 0.2248557060956955, "acc": 0.9171635508537292, "length": 3.995047092437744, "mode": "train", "epoch": 34}
{"loss": 0.33267903327941895, "acc": 0.8750889897346497, "length": 4.0, "mode": "test", "epoch": 34}
{"loss": 0.20737144351005554, "acc": 0.9161953330039978, "length": 3.994649887084961, "mode": "train", "epoch": 35}
{"loss": 0.3022676408290863, "acc": 0.8871885538101196, "length": 4.0, "mode": "test", "epoch": 35}
{"loss": 0.2116817682981491, "acc": 0.9184869527816772, "length": 3.9960453510284424, "mode": "train", "epoch": 36}
{"loss": 0.3010497987270355, "acc": 0.8864767551422119, "length": 4.0, "mode": "test", "epoch": 36}
{"loss": 0.2058507651090622, "acc": 0.9260429739952087, "length": 3.9960172176361084, "mode": "train", "epoch": 37}
{"loss": 0.2772291898727417, "acc": 0.9019572138786316, "length": 4.0, "mode": "test", "epoch": 37}
{"loss": 0.19447200000286102, "acc": 0.9296252727508545, "length": 3.9965169429779053, "mode": "train", "epoch": 38}
{"loss": 0.26691126823425293, "acc": 0.8994662165641785, "length": 4.0, "mode": "test", "epoch": 38}
{"loss": 0.1916055977344513, "acc": 0.9298750162124634, "length": 3.996638536453247, "mode": "train", "epoch": 39}
{"loss": 0.24836008250713348, "acc": 0.908719003200531, "length": 4.0, "mode": "test", "epoch": 39}
{"loss": 0.18953607976436615, "acc": 0.92989182472229, "length": 3.996914863586426, "mode": "train", "epoch": 40}
{"loss": 0.242151141166687, "acc": 0.9092525839805603, "length": 4.0, "mode": "test", "epoch": 40}
{"loss": 0.17635326087474823, "acc": 0.9338536858558655, "length": 3.9965662956237793, "mode": "train", "epoch": 41}
{"loss": 0.245880126953125, "acc": 0.9131672978401184, "length": 4.0, "mode": "test", "epoch": 41}
{"loss": 0.18105104565620422, "acc": 0.9350101947784424, "length": 3.996915102005005, "mode": "train", "epoch": 42}
{"loss": 0.24335558712482452, "acc": 0.9119216799736023, "length": 4.0, "mode": "test", "epoch": 42}
{"loss": 0.1683267503976822, "acc": 0.9359025359153748, "length": 3.997351884841919, "mode": "train", "epoch": 43}
{"loss": 0.23373471200466156, "acc": 0.9145907759666443, "length": 4.0, "mode": "test", "epoch": 43}
{"loss": 0.1646302044391632, "acc": 0.9378134608268738, "length": 3.996661424636841, "mode": "train", "epoch": 44}
{"loss": 0.21975751221179962, "acc": 0.9145907759666443, "length": 4.0, "mode": "test", "epoch": 44}
{"loss": 0.15630486607551575, "acc": 0.9407288432121277, "length": 3.997340679168701, "mode": "train", "epoch": 45}
{"loss": 0.21936391294002533, "acc": 0.9165480136871338, "length": 4.0, "mode": "test", "epoch": 45}
{"loss": 0.16858309507369995, "acc": 0.9360731244087219, "length": 3.996739387512207, "mode": "train", "epoch": 46}
{"loss": 0.2133554071187973, "acc": 0.9208183884620667, "length": 4.0, "mode": "test", "epoch": 46}
{"loss": 0.15661361813545227, "acc": 0.9391947984695435, "length": 3.997722625732422, "mode": "train", "epoch": 47}
{"loss": 0.20539617538452148, "acc": 0.9252669215202332, "length": 4.0, "mode": "test", "epoch": 47}
{"loss": 0.1412738561630249, "acc": 0.9446341395378113, "length": 3.997962236404419, "mode": "train", "epoch": 48}
{"loss": 0.20972394943237305, "acc": 0.9243771433830261, "length": 4.0, "mode": "test", "epoch": 48}
{"loss": 0.14006327092647552, "acc": 0.9433457851409912, "length": 3.996992826461792, "mode": "train", "epoch": 49}
{"loss": 0.19422544538974762, "acc": 0.9236653447151184, "length": 4.0, "mode": "test", "epoch": 49}
{"loss": 0.1352732628583908, "acc": 0.9480386972427368, "length": 3.9986093044281006, "mode": "train", "epoch": 50}
{"loss": 0.19247572124004364, "acc": 0.92633455991745, "length": 4.0, "mode": "test", "epoch": 50}
{"loss": 0.12769752740859985, "acc": 0.951850950717926, "length": 3.9985921382904053, "mode": "train", "epoch": 51}
{"loss": 0.20685572922229767, "acc": 0.9254447817802429, "length": 4.0, "mode": "test", "epoch": 51}
{"loss": 0.1322760432958603, "acc": 0.9520499110221863, "length": 3.998971462249756, "mode": "train", "epoch": 52}
{"loss": 0.19350844621658325, "acc": 0.9334518909454346, "length": 4.0, "mode": "test", "epoch": 52}
{"loss": 0.12452054023742676, "acc": 0.9498992562294006, "length": 3.998988151550293, "mode": "train", "epoch": 53}
{"loss": 0.19356940686702728, "acc": 0.9240214228630066, "length": 4.0, "mode": "test", "epoch": 53}
{"loss": 0.13092279434204102, "acc": 0.9546635150909424, "length": 3.9988958835601807, "mode": "train", "epoch": 54}
{"loss": 0.18639115989208221, "acc": 0.9314947724342346, "length": 4.0, "mode": "test", "epoch": 54}
{"loss": 0.12327566742897034, "acc": 0.954993724822998, "length": 3.998457193374634, "mode": "train", "epoch": 55}
{"loss": 0.1811627298593521, "acc": 0.9304271936416626, "length": 4.0, "mode": "test", "epoch": 55}
{"loss": 0.11731716245412827, "acc": 0.9530672430992126, "length": 3.9990739822387695, "mode": "train", "epoch": 56}
{"loss": 0.19366832077503204, "acc": 0.9295375347137451, "length": 4.0, "mode": "test", "epoch": 56}
{"loss": 0.1236565113067627, "acc": 0.9580329656600952, "length": 3.998411178588867, "mode": "train", "epoch": 57}
{"loss": 0.18585312366485596, "acc": 0.9355872869491577, "length": 4.0, "mode": "test", "epoch": 57}
{"loss": 0.11955390870571136, "acc": 0.9566918015480042, "length": 3.9987804889678955, "mode": "train", "epoch": 58}
{"loss": 0.162973091006279, "acc": 0.9382563233375549, "length": 4.0, "mode": "test", "epoch": 58}
{"loss": 0.11256806552410126, "acc": 0.9582315683364868, "length": 3.998842239379883, "mode": "train", "epoch": 59}
{"loss": 0.16337303817272186, "acc": 0.9325623512268066, "length": 4.0, "mode": "test", "epoch": 59}
{"loss": 0.11124373227357864, "acc": 0.9586653709411621, "length": 3.999108076095581, "mode": "train", "epoch": 60}
{"loss": 0.1762998402118683, "acc": 0.9373666644096375, "length": 4.0, "mode": "test", "epoch": 60}
test accuracy: 0.821093738079071
