# ["--attributes=5", "--values=4", "--game_size=10", "--vocab_size_factor=3", "--n_epochs=60", "--batch_size=64", "--learning_rate=0.0005", "--hidden_size=256", "--temp_update=0.97", "--temperature=1"]
Creating train_ds and val_ds...

Creating test_ds...
{"loss": 0.7021859288215637, "acc": 0.5114371180534363, "length": 3.349689483642578, "mode": "train", "epoch": 1}
{"loss": 0.6949553489685059, "acc": 0.4985765814781189, "length": 1.0, "mode": "test", "epoch": 1}
{"loss": 0.6878131628036499, "acc": 0.5473318696022034, "length": 2.4136226177215576, "mode": "train", "epoch": 2}
{"loss": 0.6771611571311951, "acc": 0.5523150563240051, "length": 1.2846975326538086, "mode": "test", "epoch": 2}
{"loss": 0.6391498446464539, "acc": 0.66852205991745, "length": 2.6208481788635254, "mode": "train", "epoch": 3}
{"loss": 0.5668222904205322, "acc": 0.7522169351577759, "length": 3.0498220920562744, "mode": "test", "epoch": 3}
{"loss": 0.5156829357147217, "acc": 0.7822992205619812, "length": 3.242138147354126, "mode": "train", "epoch": 4}
{"loss": 0.4917924106121063, "acc": 0.7935433983802795, "length": 3.4804270267486572, "mode": "test", "epoch": 4}
{"loss": 0.4259520173072815, "acc": 0.8137721419334412, "length": 3.4285573959350586, "mode": "train", "epoch": 5}
{"loss": 0.42866936326026917, "acc": 0.8186246156692505, "length": 3.6903915405273438, "mode": "test", "epoch": 5}
{"loss": 0.39449211955070496, "acc": 0.8335996270179749, "length": 3.5171008110046387, "mode": "train", "epoch": 6}
{"loss": 0.39831027388572693, "acc": 0.8269013166427612, "length": 3.7188611030578613, "mode": "test", "epoch": 6}
{"loss": 0.36686885356903076, "acc": 0.8426288366317749, "length": 3.4987552165985107, "mode": "train", "epoch": 7}
{"loss": 0.39817366003990173, "acc": 0.8310148119926453, "length": 3.72953724861145, "mode": "test", "epoch": 7}
{"loss": 0.3700210750102997, "acc": 0.8452611565589905, "length": 3.6162490844726562, "mode": "train", "epoch": 8}
{"loss": 0.3901292085647583, "acc": 0.8293356895446777, "length": 3.6903915405273438, "mode": "test", "epoch": 8}
{"loss": 0.34904536604881287, "acc": 0.8502829670906067, "length": 3.5845565795898438, "mode": "train", "epoch": 9}
{"loss": 0.393624871969223, "acc": 0.824802815914154, "length": 3.761565923690796, "mode": "test", "epoch": 9}
{"loss": 0.3403550684452057, "acc": 0.8584607839584351, "length": 3.62213134765625, "mode": "train", "epoch": 10}
{"loss": 0.3850063383579254, "acc": 0.8495031595230103, "length": 3.6334519386291504, "mode": "test", "epoch": 10}
{"loss": 0.3361413776874542, "acc": 0.8551506996154785, "length": 3.5650124549865723, "mode": "train", "epoch": 11}
{"loss": 0.39396658539772034, "acc": 0.8384671211242676, "length": 3.740213632583618, "mode": "test", "epoch": 11}
{"loss": 0.31398454308509827, "acc": 0.8690316677093506, "length": 3.635848045349121, "mode": "train", "epoch": 12}
{"loss": 0.3653099238872528, "acc": 0.8487455248832703, "length": 3.672597885131836, "mode": "test", "epoch": 12}
{"loss": 0.3047036826610565, "acc": 0.8713657259941101, "length": 3.575910806655884, "mode": "train", "epoch": 13}
{"loss": 0.36816054582595825, "acc": 0.8546742796897888, "length": 3.7259786128997803, "mode": "test", "epoch": 13}
{"loss": 0.3045918643474579, "acc": 0.8764088153839111, "length": 3.6035101413726807, "mode": "train", "epoch": 14}
{"loss": 0.34117501974105835, "acc": 0.860312819480896, "length": 3.6370105743408203, "mode": "test", "epoch": 14}
{"loss": 0.3016658425331116, "acc": 0.8745137453079224, "length": 3.5718443393707275, "mode": "train", "epoch": 15}
{"loss": 0.3545088768005371, "acc": 0.8584307432174683, "length": 3.669039249420166, "mode": "test", "epoch": 15}
{"loss": 0.29304829239845276, "acc": 0.8791349530220032, "length": 3.5842177867889404, "mode": "train", "epoch": 16}
{"loss": 0.3242969214916229, "acc": 0.8657577037811279, "length": 3.647686719894409, "mode": "test", "epoch": 16}
{"loss": 0.28456246852874756, "acc": 0.8796522617340088, "length": 3.6217966079711914, "mode": "train", "epoch": 17}
{"loss": 0.3074180781841278, "acc": 0.8683474659919739, "length": 3.6227757930755615, "mode": "test", "epoch": 17}
{"loss": 0.2885776460170746, "acc": 0.8802573680877686, "length": 3.5262248516082764, "mode": "train", "epoch": 18}
{"loss": 0.3210139572620392, "acc": 0.8588055372238159, "length": 3.6405694484710693, "mode": "test", "epoch": 18}
{"loss": 0.30142152309417725, "acc": 0.8791489601135254, "length": 3.5904908180236816, "mode": "train", "epoch": 19}
{"loss": 0.3210197985172272, "acc": 0.8594850301742554, "length": 3.7046263217926025, "mode": "test", "epoch": 19}
{"loss": 0.3139467239379883, "acc": 0.8844013214111328, "length": 3.5941641330718994, "mode": "train", "epoch": 20}
{"loss": 0.29945093393325806, "acc": 0.8731076121330261, "length": 3.736654758453369, "mode": "test", "epoch": 20}
{"loss": 0.2842235863208771, "acc": 0.8844475150108337, "length": 3.6305325031280518, "mode": "train", "epoch": 21}
{"loss": 0.3106650114059448, "acc": 0.8668572902679443, "length": 3.6192171573638916, "mode": "test", "epoch": 21}
{"loss": 0.27542299032211304, "acc": 0.8846564888954163, "length": 3.5662474632263184, "mode": "train", "epoch": 22}
{"loss": 0.30025172233581543, "acc": 0.8746386766433716, "length": 3.6939501762390137, "mode": "test", "epoch": 22}
{"loss": 0.26195207238197327, "acc": 0.8909186124801636, "length": 3.61645770072937, "mode": "train", "epoch": 23}
{"loss": 0.2842901647090912, "acc": 0.8785248398780823, "length": 3.669039249420166, "mode": "test", "epoch": 23}
{"loss": 0.2651236057281494, "acc": 0.8942514061927795, "length": 3.682932138442993, "mode": "train", "epoch": 24}
{"loss": 0.28946125507354736, "acc": 0.8760519623756409, "length": 3.672597885131836, "mode": "test", "epoch": 24}
{"loss": 0.2518892288208008, "acc": 0.8931558728218079, "length": 3.5808022022247314, "mode": "train", "epoch": 25}
{"loss": 0.3202466666698456, "acc": 0.8648766875267029, "length": 3.6975088119506836, "mode": "test", "epoch": 25}
{"loss": 0.2523950934410095, "acc": 0.8971109986305237, "length": 3.637544631958008, "mode": "train", "epoch": 26}
{"loss": 0.27429479360580444, "acc": 0.883558988571167, "length": 3.6441280841827393, "mode": "test", "epoch": 26}
{"loss": 0.25723788142204285, "acc": 0.8993770480155945, "length": 3.6640079021453857, "mode": "train", "epoch": 27}
{"loss": 0.27854326367378235, "acc": 0.886820375919342, "length": 3.672597885131836, "mode": "test", "epoch": 27}
{"loss": 0.2396753579378128, "acc": 0.9033592939376831, "length": 3.6290578842163086, "mode": "train", "epoch": 28}
{"loss": 0.2802097499370575, "acc": 0.887200653553009, "length": 3.6903915405273438, "mode": "test", "epoch": 28}
{"loss": 0.24905821681022644, "acc": 0.8999821543693542, "length": 3.641414165496826, "mode": "train", "epoch": 29}
{"loss": 0.26965194940567017, "acc": 0.8860354423522949, "length": 3.6939501762390137, "mode": "test", "epoch": 29}
{"loss": 0.23678238689899445, "acc": 0.9027204513549805, "length": 3.652495861053467, "mode": "train", "epoch": 30}
{"loss": 0.2792088985443115, "acc": 0.8822000026702881, "length": 3.6334519386291504, "mode": "test", "epoch": 30}
{"loss": 0.2322634905576706, "acc": 0.9008446335792542, "length": 3.6000845432281494, "mode": "train", "epoch": 31}
{"loss": 0.26119276881217957, "acc": 0.8962722420692444, "length": 3.6903915405273438, "mode": "test", "epoch": 31}
{"loss": 0.24284367263317108, "acc": 0.9046118855476379, "length": 3.6805167198181152, "mode": "train", "epoch": 32}
{"loss": 0.2852592468261719, "acc": 0.880275547504425, "length": 3.72953724861145, "mode": "test", "epoch": 32}
{"loss": 0.23473788797855377, "acc": 0.9024744629859924, "length": 3.695871591567993, "mode": "train", "epoch": 33}
{"loss": 0.2528208792209625, "acc": 0.8965295553207397, "length": 3.8007116317749023, "mode": "test", "epoch": 33}
{"loss": 0.2350369691848755, "acc": 0.9073826670646667, "length": 3.7107579708099365, "mode": "train", "epoch": 34}
{"loss": 0.2550375163555145, "acc": 0.8997536301612854, "length": 3.7224199771881104, "mode": "test", "epoch": 34}
{"loss": 0.231175035238266, "acc": 0.9036573767662048, "length": 3.6959140300750732, "mode": "train", "epoch": 35}
{"loss": 0.285195916891098, "acc": 0.8834189772605896, "length": 3.754448413848877, "mode": "test", "epoch": 35}
{"loss": 0.22386819124221802, "acc": 0.9023483991622925, "length": 3.710740566253662, "mode": "train", "epoch": 36}
{"loss": 0.27227532863616943, "acc": 0.8976735472679138, "length": 3.7900354862213135, "mode": "test", "epoch": 36}
{"loss": 0.22881777584552765, "acc": 0.9107342958450317, "length": 3.780583620071411, "mode": "train", "epoch": 37}
{"loss": 0.28413936495780945, "acc": 0.8920490145683289, "length": 3.6939501762390137, "mode": "test", "epoch": 37}
{"loss": 0.23683327436447144, "acc": 0.9078622460365295, "length": 3.689227342605591, "mode": "train", "epoch": 38}
{"loss": 0.26375147700309753, "acc": 0.9028727412223816, "length": 3.7864768505096436, "mode": "test", "epoch": 38}
{"loss": 0.22908474504947662, "acc": 0.9045003056526184, "length": 3.7306573390960693, "mode": "train", "epoch": 39}
{"loss": 0.29233622550964355, "acc": 0.8869162797927856, "length": 3.740213632583618, "mode": "test", "epoch": 39}
{"loss": 0.251037061214447, "acc": 0.9007636904716492, "length": 3.684342861175537, "mode": "train", "epoch": 40}
{"loss": 0.2695753276348114, "acc": 0.9022610783576965, "length": 3.736654758453369, "mode": "test", "epoch": 40}
{"loss": 0.22524654865264893, "acc": 0.9131386280059814, "length": 3.7587358951568604, "mode": "train", "epoch": 41}
{"loss": 0.2552213966846466, "acc": 0.9096100926399231, "length": 3.7686831951141357, "mode": "test", "epoch": 41}
{"loss": 0.21489568054676056, "acc": 0.9153587818145752, "length": 3.7562737464904785, "mode": "train", "epoch": 42}
{"loss": 0.24541445076465607, "acc": 0.9061995148658752, "length": 3.7722420692443848, "mode": "test", "epoch": 42}
{"loss": 0.21574029326438904, "acc": 0.9173269867897034, "length": 3.740466594696045, "mode": "train", "epoch": 43}
{"loss": 0.25069132447242737, "acc": 0.9076359272003174, "length": 3.743772268295288, "mode": "test", "epoch": 43}
{"loss": 0.20693551003932953, "acc": 0.9180300235748291, "length": 3.735963821411133, "mode": "train", "epoch": 44}
{"loss": 0.2374284565448761, "acc": 0.9090141654014587, "length": 3.765124559402466, "mode": "test", "epoch": 44}
{"loss": 0.20877449214458466, "acc": 0.9206473231315613, "length": 3.734708786010742, "mode": "train", "epoch": 45}
{"loss": 0.25986599922180176, "acc": 0.9077694416046143, "length": 3.765124559402466, "mode": "test", "epoch": 45}
{"loss": 0.19694560766220093, "acc": 0.9220208525657654, "length": 3.7177960872650146, "mode": "train", "epoch": 46}
{"loss": 0.24311740696430206, "acc": 0.9109918475151062, "length": 3.7864768505096436, "mode": "test", "epoch": 46}
{"loss": 0.20010115206241608, "acc": 0.921657383441925, "length": 3.771247625350952, "mode": "train", "epoch": 47}
{"loss": 0.24260082840919495, "acc": 0.9092692136764526, "length": 3.7793593406677246, "mode": "test", "epoch": 47}
{"loss": 0.19137431681156158, "acc": 0.9196627736091614, "length": 3.7793712615966797, "mode": "train", "epoch": 48}
{"loss": 0.24820862710475922, "acc": 0.9116138219833374, "length": 3.81850528717041, "mode": "test", "epoch": 48}
{"loss": 0.18537098169326782, "acc": 0.9262973070144653, "length": 3.7545223236083984, "mode": "train", "epoch": 49}
{"loss": 0.28634902834892273, "acc": 0.9039129018783569, "length": 3.7758007049560547, "mode": "test", "epoch": 49}
{"loss": 0.19382089376449585, "acc": 0.9204553365707397, "length": 3.770969867706299, "mode": "train", "epoch": 50}
{"loss": 0.24313126504421234, "acc": 0.9018316864967346, "length": 3.7864768505096436, "mode": "test", "epoch": 50}
{"loss": 0.19951747357845306, "acc": 0.9177571535110474, "length": 3.6881306171417236, "mode": "train", "epoch": 51}
{"loss": 0.2740972936153412, "acc": 0.9047049880027771, "length": 3.765124559402466, "mode": "test", "epoch": 51}
{"loss": 0.20400205254554749, "acc": 0.9215853810310364, "length": 3.7224676609039307, "mode": "train", "epoch": 52}
{"loss": 0.280818372964859, "acc": 0.906965970993042, "length": 3.7935943603515625, "mode": "test", "epoch": 52}
{"loss": 0.2269027829170227, "acc": 0.9146642088890076, "length": 3.691409111022949, "mode": "train", "epoch": 53}
{"loss": 0.2621909976005554, "acc": 0.907012939453125, "length": 3.740213632583618, "mode": "test", "epoch": 53}
{"loss": 0.20092171430587769, "acc": 0.9203975200653076, "length": 3.74310564994812, "mode": "train", "epoch": 54}
{"loss": 0.2555496394634247, "acc": 0.9003829956054688, "length": 3.765124559402466, "mode": "test", "epoch": 54}
{"loss": 0.19364148378372192, "acc": 0.9208341240882874, "length": 3.7285168170928955, "mode": "train", "epoch": 55}
{"loss": 0.23869729042053223, "acc": 0.9048216342926025, "length": 3.7758007049560547, "mode": "test", "epoch": 55}
{"loss": 0.19494125247001648, "acc": 0.9220508337020874, "length": 3.7465646266937256, "mode": "train", "epoch": 56}
{"loss": 0.25324884057044983, "acc": 0.9018988013267517, "length": 3.7864768505096436, "mode": "test", "epoch": 56}
{"loss": 0.18538203835487366, "acc": 0.9263921976089478, "length": 3.728731870651245, "mode": "train", "epoch": 57}
{"loss": 0.2430654764175415, "acc": 0.9109513163566589, "length": 3.7864768505096436, "mode": "test", "epoch": 57}
{"loss": 0.18701580166816711, "acc": 0.9277074337005615, "length": 3.7778255939483643, "mode": "train", "epoch": 58}
{"loss": 0.2481878101825714, "acc": 0.9141820669174194, "length": 3.822064161300659, "mode": "test", "epoch": 58}
{"loss": 0.18241769075393677, "acc": 0.9254530668258667, "length": 3.773564100265503, "mode": "train", "epoch": 59}
{"loss": 0.24973130226135254, "acc": 0.9050004482269287, "length": 3.758007049560547, "mode": "test", "epoch": 59}
{"loss": 0.17881904542446136, "acc": 0.9291124939918518, "length": 3.746290445327759, "mode": "train", "epoch": 60}
{"loss": 0.2626062333583832, "acc": 0.910295307636261, "length": 3.839857578277588, "mode": "test", "epoch": 60}
test accuracy: 0.7314502000808716
