# ["--attributes=5", "--values=4", "--game_size=10", "--vocab_size_factor=3", "--n_epochs=60", "--batch_size=64", "--learning_rate=0.0005", "--hidden_size=256", "--temp_update=0.97", "--temperature=1.5"]
Creating train_ds and val_ds...

Creating test_ds...
{"loss": 0.7005409002304077, "acc": 0.5188323259353638, "length": 3.47396183013916, "mode": "train", "epoch": 1}
{"loss": 0.6928132772445679, "acc": 0.5293401479721069, "length": 1.0, "mode": "test", "epoch": 1}
{"loss": 0.6899319291114807, "acc": 0.5376074910163879, "length": 2.9179306030273438, "mode": "train", "epoch": 2}
{"loss": 0.6809348464012146, "acc": 0.5378254652023315, "length": 1.34375, "mode": "test", "epoch": 2}
{"loss": 0.628280520439148, "acc": 0.6525595784187317, "length": 3.2113640308380127, "mode": "train", "epoch": 3}
{"loss": 0.5488438010215759, "acc": 0.7510281801223755, "length": 3.75, "mode": "test", "epoch": 3}
{"loss": 0.5074108242988586, "acc": 0.7717419862747192, "length": 3.6913902759552, "mode": "train", "epoch": 4}
{"loss": 0.4770188331604004, "acc": 0.7828395366668701, "length": 3.9791667461395264, "mode": "test", "epoch": 4}
{"loss": 0.4448719918727875, "acc": 0.788082480430603, "length": 3.81286358833313, "mode": "train", "epoch": 5}
{"loss": 0.45516109466552734, "acc": 0.7835395336151123, "length": 3.9270832538604736, "mode": "test", "epoch": 5}
{"loss": 0.4158952832221985, "acc": 0.8035429120063782, "length": 3.6714985370635986, "mode": "train", "epoch": 6}
{"loss": 0.42388445138931274, "acc": 0.803493857383728, "length": 3.743055582046509, "mode": "test", "epoch": 6}
{"loss": 0.38114258646965027, "acc": 0.8341952562332153, "length": 3.6202311515808105, "mode": "train", "epoch": 7}
{"loss": 0.39966198801994324, "acc": 0.8238742351531982, "length": 3.7916667461395264, "mode": "test", "epoch": 7}
{"loss": 0.35207492113113403, "acc": 0.8475289344787598, "length": 3.734299421310425, "mode": "train", "epoch": 8}
{"loss": 0.3824956715106964, "acc": 0.841235339641571, "length": 3.8333332538604736, "mode": "test", "epoch": 8}
{"loss": 0.3208657205104828, "acc": 0.862637996673584, "length": 3.7415740489959717, "mode": "train", "epoch": 9}
{"loss": 0.3680509030818939, "acc": 0.8405382037162781, "length": 3.8888888359069824, "mode": "test", "epoch": 9}
{"loss": 0.3115609586238861, "acc": 0.870998740196228, "length": 3.8309271335601807, "mode": "train", "epoch": 10}
{"loss": 0.35749971866607666, "acc": 0.850428581237793, "length": 3.8923611640930176, "mode": "test", "epoch": 10}
{"loss": 0.2923515737056732, "acc": 0.8759055733680725, "length": 3.835252046585083, "mode": "train", "epoch": 11}
{"loss": 0.32287120819091797, "acc": 0.8683865070343018, "length": 3.881944417953491, "mode": "test", "epoch": 11}
{"loss": 0.28179532289505005, "acc": 0.8846133947372437, "length": 3.850395917892456, "mode": "train", "epoch": 12}
{"loss": 0.3087340295314789, "acc": 0.8686659336090088, "length": 3.90625, "mode": "test", "epoch": 12}
{"loss": 0.2799808084964752, "acc": 0.8846402764320374, "length": 3.8781015872955322, "mode": "train", "epoch": 13}
{"loss": 0.3245660364627838, "acc": 0.8639376759529114, "length": 3.8888888359069824, "mode": "test", "epoch": 13}
{"loss": 0.26323533058166504, "acc": 0.894501805305481, "length": 3.8510375022888184, "mode": "train", "epoch": 14}
{"loss": 0.30169177055358887, "acc": 0.8710368871688843, "length": 3.8854167461395264, "mode": "test", "epoch": 14}
{"loss": 0.25509753823280334, "acc": 0.8990968465805054, "length": 3.862245559692383, "mode": "train", "epoch": 15}
{"loss": 0.2821504771709442, "acc": 0.890223503112793, "length": 3.909722328186035, "mode": "test", "epoch": 15}
{"loss": 0.24664360284805298, "acc": 0.8992964029312134, "length": 3.8694727420806885, "mode": "train", "epoch": 16}
{"loss": 0.26959097385406494, "acc": 0.8981932401657104, "length": 3.9201388359069824, "mode": "test", "epoch": 16}
{"loss": 0.24136358499526978, "acc": 0.9063324332237244, "length": 3.887166738510132, "mode": "train", "epoch": 17}
{"loss": 0.2550343871116638, "acc": 0.8995985388755798, "length": 3.9201388359069824, "mode": "test", "epoch": 17}
{"loss": 0.23896700143814087, "acc": 0.9058529734611511, "length": 3.8852627277374268, "mode": "train", "epoch": 18}
{"loss": 0.2525998055934906, "acc": 0.9009277820587158, "length": 3.940972328186035, "mode": "test", "epoch": 18}
{"loss": 0.24126537144184113, "acc": 0.907705545425415, "length": 3.8770575523376465, "mode": "train", "epoch": 19}
{"loss": 0.26319047808647156, "acc": 0.9011854529380798, "length": 3.9479167461395264, "mode": "test", "epoch": 19}
{"loss": 0.2393474280834198, "acc": 0.902955174446106, "length": 3.8665542602539062, "mode": "train", "epoch": 20}
{"loss": 0.24518433213233948, "acc": 0.9052626490592957, "length": 3.9375, "mode": "test", "epoch": 20}
{"loss": 0.22423315048217773, "acc": 0.9112521409988403, "length": 3.8278305530548096, "mode": "train", "epoch": 21}
{"loss": 0.23762893676757812, "acc": 0.9138211011886597, "length": 3.930555582046509, "mode": "test", "epoch": 21}
{"loss": 0.2156396061182022, "acc": 0.9175589680671692, "length": 3.8888633251190186, "mode": "train", "epoch": 22}
{"loss": 0.23174233734607697, "acc": 0.9093207120895386, "length": 3.9375, "mode": "test", "epoch": 22}
{"loss": 0.20924435555934906, "acc": 0.9160942435264587, "length": 3.8450772762298584, "mode": "train", "epoch": 23}
{"loss": 0.2407795488834381, "acc": 0.9070963263511658, "length": 3.878472328186035, "mode": "test", "epoch": 23}
{"loss": 0.19656045734882355, "acc": 0.9242807626724243, "length": 3.827507495880127, "mode": "train", "epoch": 24}
{"loss": 0.22021625936031342, "acc": 0.9118868708610535, "length": 3.881944417953491, "mode": "test", "epoch": 24}
{"loss": 0.19437040388584137, "acc": 0.9210256338119507, "length": 3.7941603660583496, "mode": "train", "epoch": 25}
{"loss": 0.21771755814552307, "acc": 0.912109375, "length": 3.8923611640930176, "mode": "test", "epoch": 25}
{"loss": 0.18747490644454956, "acc": 0.9315024614334106, "length": 3.843848466873169, "mode": "train", "epoch": 26}
{"loss": 0.2078639268875122, "acc": 0.9199870228767395, "length": 3.725694417953491, "mode": "test", "epoch": 26}
{"loss": 0.1743430346250534, "acc": 0.9357842803001404, "length": 3.7849974632263184, "mode": "train", "epoch": 27}
{"loss": 0.19229665398597717, "acc": 0.931499719619751, "length": 3.8020832538604736, "mode": "test", "epoch": 27}
{"loss": 0.1717916876077652, "acc": 0.9346528649330139, "length": 3.8341715335845947, "mode": "train", "epoch": 28}
{"loss": 0.19095809757709503, "acc": 0.9304714202880859, "length": 3.8333332538604736, "mode": "test", "epoch": 28}
{"loss": 0.172371968626976, "acc": 0.9388608336448669, "length": 3.758613348007202, "mode": "train", "epoch": 29}
{"loss": 0.2025744467973709, "acc": 0.9286242723464966, "length": 3.715277671813965, "mode": "test", "epoch": 29}
{"loss": 0.1658983826637268, "acc": 0.9380662441253662, "length": 3.77428936958313, "mode": "train", "epoch": 30}
{"loss": 0.18693409860134125, "acc": 0.935175359249115, "length": 3.7395832538604736, "mode": "test", "epoch": 30}
{"loss": 0.150944322347641, "acc": 0.9457329511642456, "length": 3.7449679374694824, "mode": "train", "epoch": 31}
{"loss": 0.17961765825748444, "acc": 0.9389078617095947, "length": 3.815972328186035, "mode": "test", "epoch": 31}
{"loss": 0.14964374899864197, "acc": 0.9467962384223938, "length": 3.759150981903076, "mode": "train", "epoch": 32}
{"loss": 0.20672781765460968, "acc": 0.936314582824707, "length": 3.875, "mode": "test", "epoch": 32}
{"loss": 0.14767193794250488, "acc": 0.9475797414779663, "length": 3.772545337677002, "mode": "train", "epoch": 33}
{"loss": 0.19357268512248993, "acc": 0.9360813498497009, "length": 3.659722328186035, "mode": "test", "epoch": 33}
{"loss": 0.1364404261112213, "acc": 0.9538352489471436, "length": 3.717153787612915, "mode": "train", "epoch": 34}
{"loss": 0.19042526185512543, "acc": 0.938593327999115, "length": 3.7638888359069824, "mode": "test", "epoch": 34}
{"loss": 0.13480597734451294, "acc": 0.9522996544837952, "length": 3.754946231842041, "mode": "train", "epoch": 35}
{"loss": 0.15438471734523773, "acc": 0.9487575888633728, "length": 3.75, "mode": "test", "epoch": 35}
{"loss": 0.12239823490381241, "acc": 0.9558234214782715, "length": 3.737936019897461, "mode": "train", "epoch": 36}
{"loss": 0.139457568526268, "acc": 0.9477214813232422, "length": 3.7361111640930176, "mode": "test", "epoch": 36}
{"loss": 0.1296856850385666, "acc": 0.9516737461090088, "length": 3.7236196994781494, "mode": "train", "epoch": 37}
{"loss": 0.13865558803081512, "acc": 0.9533392786979675, "length": 3.7083332538604736, "mode": "test", "epoch": 37}
{"loss": 0.12107131630182266, "acc": 0.9559556245803833, "length": 3.724058151245117, "mode": "train", "epoch": 38}
{"loss": 0.16608433425426483, "acc": 0.9512397050857544, "length": 3.743055582046509, "mode": "test", "epoch": 38}
{"loss": 0.11914132535457611, "acc": 0.958982527256012, "length": 3.6999778747558594, "mode": "train", "epoch": 39}
{"loss": 0.15688255429267883, "acc": 0.9501954317092896, "length": 3.6354167461395264, "mode": "test", "epoch": 39}
{"loss": 0.11941573768854141, "acc": 0.9575775861740112, "length": 3.65486478805542, "mode": "train", "epoch": 40}
{"loss": 0.1481926292181015, "acc": 0.9505072832107544, "length": 3.75, "mode": "test", "epoch": 40}
{"loss": 0.12402381002902985, "acc": 0.9557003974914551, "length": 3.7022159099578857, "mode": "train", "epoch": 41}
{"loss": 0.1966582089662552, "acc": 0.9452040195465088, "length": 3.7048611640930176, "mode": "test", "epoch": 41}
{"loss": 0.1139318123459816, "acc": 0.9607502818107605, "length": 3.7255349159240723, "mode": "train", "epoch": 42}
{"loss": 0.15069885551929474, "acc": 0.9473551511764526, "length": 3.6770832538604736, "mode": "test", "epoch": 42}
{"loss": 0.10292356461286545, "acc": 0.9643362164497375, "length": 3.6879842281341553, "mode": "train", "epoch": 43}
{"loss": 0.143808975815773, "acc": 0.9545925855636597, "length": 3.756944417953491, "mode": "test", "epoch": 43}
{"loss": 0.09878260642290115, "acc": 0.9675276875495911, "length": 3.7183120250701904, "mode": "train", "epoch": 44}
{"loss": 0.17368637025356293, "acc": 0.9480902552604675, "length": 3.774305582046509, "mode": "test", "epoch": 44}
{"loss": 0.1041334792971611, "acc": 0.9616948366165161, "length": 3.6800007820129395, "mode": "train", "epoch": 45}
{"loss": 0.1513865441083908, "acc": 0.9583117365837097, "length": 3.649305582046509, "mode": "test", "epoch": 45}
{"loss": 0.09902077168226242, "acc": 0.9645129442214966, "length": 3.7183620929718018, "mode": "train", "epoch": 46}
{"loss": 0.13897912204265594, "acc": 0.9544677734375, "length": 3.7291667461395264, "mode": "test", "epoch": 46}
{"loss": 0.08886213600635529, "acc": 0.9682989716529846, "length": 3.769946575164795, "mode": "train", "epoch": 47}
{"loss": 0.12019391357898712, "acc": 0.9587239027023315, "length": 3.774305582046509, "mode": "test", "epoch": 47}
{"loss": 0.09196015447378159, "acc": 0.9693068861961365, "length": 3.7424163818359375, "mode": "train", "epoch": 48}
{"loss": 0.1356513351202011, "acc": 0.9602972865104675, "length": 3.722222328186035, "mode": "test", "epoch": 48}
{"loss": 0.0953555628657341, "acc": 0.967734694480896, "length": 3.692615032196045, "mode": "train", "epoch": 49}
{"loss": 0.14180736243724823, "acc": 0.9570421576499939, "length": 3.6666667461395264, "mode": "test", "epoch": 49}
{"loss": 0.09037405997514725, "acc": 0.9679527878761292, "length": 3.7511305809020996, "mode": "train", "epoch": 50}
{"loss": 0.17101988196372986, "acc": 0.9555989503860474, "length": 3.78125, "mode": "test", "epoch": 50}
{"loss": 0.09772340208292007, "acc": 0.9667920470237732, "length": 3.7523274421691895, "mode": "train", "epoch": 51}
{"loss": 0.12912042438983917, "acc": 0.9574409127235413, "length": 3.7395832538604736, "mode": "test", "epoch": 51}
{"loss": 0.09693146497011185, "acc": 0.9690307378768921, "length": 3.7374749183654785, "mode": "train", "epoch": 52}
{"loss": 0.180392786860466, "acc": 0.9436198472976685, "length": 3.753472328186035, "mode": "test", "epoch": 52}
{"loss": 0.11037085205316544, "acc": 0.960054337978363, "length": 3.7269482612609863, "mode": "train", "epoch": 53}
{"loss": 0.14297954738140106, "acc": 0.9502686262130737, "length": 3.715277671813965, "mode": "test", "epoch": 53}
{"loss": 0.09586403518915176, "acc": 0.9647379517555237, "length": 3.7081425189971924, "mode": "train", "epoch": 54}
{"loss": 0.15183578431606293, "acc": 0.9542155861854553, "length": 3.7395832538604736, "mode": "test", "epoch": 54}
{"loss": 0.09813085198402405, "acc": 0.9644597172737122, "length": 3.7067596912384033, "mode": "train", "epoch": 55}
{"loss": 0.13028162717819214, "acc": 0.9612658023834229, "length": 3.7013888359069824, "mode": "test", "epoch": 55}
{"loss": 0.08089317381381989, "acc": 0.9705600142478943, "length": 3.708392381668091, "mode": "train", "epoch": 56}
{"loss": 0.14123289287090302, "acc": 0.9606147408485413, "length": 3.753472328186035, "mode": "test", "epoch": 56}
{"loss": 0.0798225849866867, "acc": 0.9724937081336975, "length": 3.7520453929901123, "mode": "train", "epoch": 57}
{"loss": 0.13918845355510712, "acc": 0.9569199681282043, "length": 3.743055582046509, "mode": "test", "epoch": 57}
{"loss": 0.07533063739538193, "acc": 0.9735755920410156, "length": 3.754534959793091, "mode": "train", "epoch": 58}
{"loss": 0.12099163979291916, "acc": 0.9634793400764465, "length": 3.756944417953491, "mode": "test", "epoch": 58}
{"loss": 0.06900371611118317, "acc": 0.9779634475708008, "length": 3.75187611579895, "mode": "train", "epoch": 59}
{"loss": 0.10216515511274338, "acc": 0.9678086042404175, "length": 3.7604167461395264, "mode": "test", "epoch": 59}
{"loss": 0.06583050638437271, "acc": 0.9783172011375427, "length": 3.756197452545166, "mode": "train", "epoch": 60}
{"loss": 0.11515539139509201, "acc": 0.9680635929107666, "length": 3.7361111640930176, "mode": "test", "epoch": 60}
test accuracy: 0.8351695537567139
