# ["--attributes=5", "--values=4", "--game_size=10", "--vocab_size_factor=3", "--n_epochs=60", "--batch_size=64", "--learning_rate=0.0005", "--hidden_size=256", "--temp_update=0.97", "--temperature=2"]
Creating train_ds and val_ds...

Creating test_ds...
{"loss": 0.6947923302650452, "acc": 0.5279771089553833, "length": 3.4926528930664062, "mode": "train", "epoch": 1}
{"loss": 0.6793093085289001, "acc": 0.5566352009773254, "length": 1.4195804595947266, "mode": "test", "epoch": 1}
{"loss": 0.680149495601654, "acc": 0.5580673217773438, "length": 3.3303911685943604, "mode": "train", "epoch": 2}
{"loss": 0.6280800700187683, "acc": 0.6793614029884338, "length": 3.216783285140991, "mode": "test", "epoch": 2}
{"loss": 0.6079074740409851, "acc": 0.6825762987136841, "length": 3.587759017944336, "mode": "train", "epoch": 3}
{"loss": 0.5883257985115051, "acc": 0.6818181872367859, "length": 4.0, "mode": "test", "epoch": 3}
{"loss": 0.5629377365112305, "acc": 0.7174032330513, "length": 3.8188230991363525, "mode": "train", "epoch": 4}
{"loss": 0.5598195195198059, "acc": 0.7384614944458008, "length": 4.0, "mode": "test", "epoch": 4}
{"loss": 0.5226888656616211, "acc": 0.7550941705703735, "length": 3.723130464553833, "mode": "train", "epoch": 5}
{"loss": 0.5535772442817688, "acc": 0.7318181395530701, "length": 4.0, "mode": "test", "epoch": 5}
{"loss": 0.4683251678943634, "acc": 0.7937561869621277, "length": 3.8364977836608887, "mode": "train", "epoch": 6}
{"loss": 0.4879446029663086, "acc": 0.7776223421096802, "length": 4.0, "mode": "test", "epoch": 6}
{"loss": 0.4170127809047699, "acc": 0.817910373210907, "length": 3.9580252170562744, "mode": "train", "epoch": 7}
{"loss": 0.4562910199165344, "acc": 0.8010488152503967, "length": 4.0, "mode": "test", "epoch": 7}
{"loss": 0.37305718660354614, "acc": 0.8228185772895813, "length": 3.9791760444641113, "mode": "train", "epoch": 8}
{"loss": 0.47140032052993774, "acc": 0.7944055199623108, "length": 4.0, "mode": "test", "epoch": 8}
{"loss": 0.350028395652771, "acc": 0.843317449092865, "length": 3.983924627304077, "mode": "train", "epoch": 9}
{"loss": 0.4460664391517639, "acc": 0.8213286995887756, "length": 4.0, "mode": "test", "epoch": 9}
{"loss": 0.3256784677505493, "acc": 0.8633425235748291, "length": 3.989948034286499, "mode": "train", "epoch": 10}
{"loss": 0.41861557960510254, "acc": 0.8360140919685364, "length": 4.0, "mode": "test", "epoch": 10}
{"loss": 0.3082484006881714, "acc": 0.8783656358718872, "length": 3.992208480834961, "mode": "train", "epoch": 11}
{"loss": 0.39010336995124817, "acc": 0.8384615778923035, "length": 4.0, "mode": "test", "epoch": 11}
{"loss": 0.29074546694755554, "acc": 0.8828860521316528, "length": 3.9945733547210693, "mode": "train", "epoch": 12}
{"loss": 0.38970932364463806, "acc": 0.8430068492889404, "length": 4.0, "mode": "test", "epoch": 12}
{"loss": 0.28338801860809326, "acc": 0.8887583017349243, "length": 3.9955101013183594, "mode": "train", "epoch": 13}
{"loss": 0.3928566873073578, "acc": 0.8400350213050842, "length": 4.0, "mode": "test", "epoch": 13}
{"loss": 0.2721042037010193, "acc": 0.883397102355957, "length": 3.9969868659973145, "mode": "train", "epoch": 14}
{"loss": 0.37972840666770935, "acc": 0.8489511013031006, "length": 4.0, "mode": "test", "epoch": 14}
{"loss": 0.26754358410835266, "acc": 0.8905351758003235, "length": 3.9978950023651123, "mode": "train", "epoch": 15}
{"loss": 0.3874644637107849, "acc": 0.847377598285675, "length": 4.0, "mode": "test", "epoch": 15}
{"loss": 0.27321237325668335, "acc": 0.8893723487854004, "length": 3.9975080490112305, "mode": "train", "epoch": 16}
{"loss": 0.3584199547767639, "acc": 0.8564685583114624, "length": 4.0, "mode": "test", "epoch": 16}
{"loss": 0.25610753893852234, "acc": 0.8995575308799744, "length": 3.9985969066619873, "mode": "train", "epoch": 17}
{"loss": 0.32695403695106506, "acc": 0.8695803284645081, "length": 4.0, "mode": "test", "epoch": 17}
{"loss": 0.2481354922056198, "acc": 0.9051308631896973, "length": 3.9990358352661133, "mode": "train", "epoch": 18}
{"loss": 0.3296683132648468, "acc": 0.8725525736808777, "length": 4.0, "mode": "test", "epoch": 18}
{"loss": 0.24141597747802734, "acc": 0.8982861042022705, "length": 3.9991097450256348, "mode": "train", "epoch": 19}
{"loss": 0.30312225222587585, "acc": 0.8692305088043213, "length": 4.0, "mode": "test", "epoch": 19}
{"loss": 0.2347697764635086, "acc": 0.9056580662727356, "length": 3.9987070560455322, "mode": "train", "epoch": 20}
{"loss": 0.3171273469924927, "acc": 0.8797203302383423, "length": 4.0, "mode": "test", "epoch": 20}
{"loss": 0.22684939205646515, "acc": 0.9087062478065491, "length": 3.99930739402771, "mode": "train", "epoch": 21}
{"loss": 0.304852157831192, "acc": 0.8823427557945251, "length": 4.0, "mode": "test", "epoch": 21}
{"loss": 0.22891871631145477, "acc": 0.9099982976913452, "length": 3.999451160430908, "mode": "train", "epoch": 22}
{"loss": 0.29288122057914734, "acc": 0.8907343745231628, "length": 4.0, "mode": "test", "epoch": 22}
{"loss": 0.21965950727462769, "acc": 0.9136194586753845, "length": 3.9993069171905518, "mode": "train", "epoch": 23}
{"loss": 0.29080289602279663, "acc": 0.8870628476142883, "length": 4.0, "mode": "test", "epoch": 23}
{"loss": 0.21485337615013123, "acc": 0.9149230718612671, "length": 3.999713897705078, "mode": "train", "epoch": 24}
{"loss": 0.3052108585834503, "acc": 0.8895105719566345, "length": 4.0, "mode": "test", "epoch": 24}
{"loss": 0.20852699875831604, "acc": 0.9176688194274902, "length": 3.999218463897705, "mode": "train", "epoch": 25}
{"loss": 0.2785949409008026, "acc": 0.8926573991775513, "length": 4.0, "mode": "test", "epoch": 25}
{"loss": 0.20601335167884827, "acc": 0.9185527563095093, "length": 3.999725818634033, "mode": "train", "epoch": 26}
{"loss": 0.2927909195423126, "acc": 0.8924825191497803, "length": 4.0, "mode": "test", "epoch": 26}
{"loss": 0.2065652310848236, "acc": 0.915394127368927, "length": 3.9998207092285156, "mode": "train", "epoch": 27}
{"loss": 0.27948513627052307, "acc": 0.8958041071891785, "length": 4.0, "mode": "test", "epoch": 27}
{"loss": 0.20157712697982788, "acc": 0.9215420484542847, "length": 3.9998674392700195, "mode": "train", "epoch": 28}
{"loss": 0.2754797637462616, "acc": 0.8959790468215942, "length": 4.0, "mode": "test", "epoch": 28}
{"loss": 0.20111402869224548, "acc": 0.9201746582984924, "length": 3.9993278980255127, "mode": "train", "epoch": 29}
{"loss": 0.2888476550579071, "acc": 0.8903846740722656, "length": 4.0, "mode": "test", "epoch": 29}
{"loss": 0.20005887746810913, "acc": 0.9207826852798462, "length": 3.999922037124634, "mode": "train", "epoch": 30}
{"loss": 0.27257052063941956, "acc": 0.8937063813209534, "length": 4.0, "mode": "test", "epoch": 30}
{"loss": 0.20173783600330353, "acc": 0.9214277267456055, "length": 3.9999663829803467, "mode": "train", "epoch": 31}
{"loss": 0.2779211103916168, "acc": 0.8867132663726807, "length": 4.0, "mode": "test", "epoch": 31}
{"loss": 0.20295605063438416, "acc": 0.9187337756156921, "length": 3.9999496936798096, "mode": "train", "epoch": 32}
{"loss": 0.2911737859249115, "acc": 0.8914334774017334, "length": 4.0, "mode": "test", "epoch": 32}
{"loss": 0.20552465319633484, "acc": 0.9187339544296265, "length": 3.999945640563965, "mode": "train", "epoch": 33}
{"loss": 0.27109962701797485, "acc": 0.892482578754425, "length": 4.0, "mode": "test", "epoch": 33}
{"loss": 0.19460240006446838, "acc": 0.9227730631828308, "length": 3.9999094009399414, "mode": "train", "epoch": 34}
{"loss": 0.27198752760887146, "acc": 0.8933565616607666, "length": 4.0, "mode": "test", "epoch": 34}
{"loss": 0.19261139631271362, "acc": 0.9258184432983398, "length": 3.9999313354492188, "mode": "train", "epoch": 35}
{"loss": 0.2615378797054291, "acc": 0.8963288068771362, "length": 4.0, "mode": "test", "epoch": 35}
{"loss": 0.18661461770534515, "acc": 0.9258775115013123, "length": 3.999983072280884, "mode": "train", "epoch": 36}
{"loss": 0.2793445289134979, "acc": 0.8956294655799866, "length": 4.0, "mode": "test", "epoch": 36}
{"loss": 0.18404929339885712, "acc": 0.926521360874176, "length": 3.9999685287475586, "mode": "train", "epoch": 37}
{"loss": 0.272262841463089, "acc": 0.9048951864242554, "length": 4.0, "mode": "test", "epoch": 37}
{"loss": 0.1764732301235199, "acc": 0.9302095770835876, "length": 3.999950647354126, "mode": "train", "epoch": 38}
{"loss": 0.2772216796875, "acc": 0.8996503949165344, "length": 4.0, "mode": "test", "epoch": 38}
{"loss": 0.1859416514635086, "acc": 0.9284999370574951, "length": 3.9997000694274902, "mode": "train", "epoch": 39}
{"loss": 0.2601289749145508, "acc": 0.901922881603241, "length": 4.0, "mode": "test", "epoch": 39}
{"loss": 0.19235087931156158, "acc": 0.922482430934906, "length": 3.9999969005584717, "mode": "train", "epoch": 40}
{"loss": 0.2532602548599243, "acc": 0.8989511728286743, "length": 4.0, "mode": "test", "epoch": 40}
{"loss": 0.1851968616247177, "acc": 0.9253511428833008, "length": 3.999995470046997, "mode": "train", "epoch": 41}
{"loss": 0.2629989683628082, "acc": 0.9020977020263672, "length": 4.0, "mode": "test", "epoch": 41}
{"loss": 0.1779475063085556, "acc": 0.9321426153182983, "length": 3.9999966621398926, "mode": "train", "epoch": 42}
{"loss": 0.26902613043785095, "acc": 0.9041959047317505, "length": 4.0, "mode": "test", "epoch": 42}
{"loss": 0.17571710050106049, "acc": 0.9308521151542664, "length": 3.999934196472168, "mode": "train", "epoch": 43}
{"loss": 0.262008398771286, "acc": 0.9038461446762085, "length": 4.0, "mode": "test", "epoch": 43}
{"loss": 0.18134690821170807, "acc": 0.9284858703613281, "length": 3.9980969429016113, "mode": "train", "epoch": 44}
{"loss": 0.2589230239391327, "acc": 0.9047203063964844, "length": 4.0, "mode": "test", "epoch": 44}
{"loss": 0.181002676486969, "acc": 0.9295664429664612, "length": 3.999990463256836, "mode": "train", "epoch": 45}
{"loss": 0.24972212314605713, "acc": 0.9148601293563843, "length": 4.0, "mode": "test", "epoch": 45}
{"loss": 0.17612557113170624, "acc": 0.9344261288642883, "length": 3.999997138977051, "mode": "train", "epoch": 46}
{"loss": 0.26355278491973877, "acc": 0.9075174331665039, "length": 4.0, "mode": "test", "epoch": 46}
{"loss": 0.17139805853366852, "acc": 0.9295667409896851, "length": 4.0, "mode": "train", "epoch": 47}
{"loss": 0.26277849078178406, "acc": 0.9015733599662781, "length": 4.0, "mode": "test", "epoch": 47}
{"loss": 0.17496322095394135, "acc": 0.9347773790359497, "length": 3.999995231628418, "mode": "train", "epoch": 48}
{"loss": 0.25305378437042236, "acc": 0.9132867455482483, "length": 4.0, "mode": "test", "epoch": 48}
{"loss": 0.18060311675071716, "acc": 0.9270492792129517, "length": 3.9999983310699463, "mode": "train", "epoch": 49}
{"loss": 0.2809736430644989, "acc": 0.895804226398468, "length": 4.0, "mode": "test", "epoch": 49}
{"loss": 0.19865651428699493, "acc": 0.9255269765853882, "length": 3.9999990463256836, "mode": "train", "epoch": 50}
{"loss": 0.2565898895263672, "acc": 0.9096152782440186, "length": 4.0, "mode": "test", "epoch": 50}
{"loss": 0.17667840421199799, "acc": 0.9278102517127991, "length": 3.9999985694885254, "mode": "train", "epoch": 51}
{"loss": 0.2711981534957886, "acc": 0.9073425531387329, "length": 4.0, "mode": "test", "epoch": 51}
{"loss": 0.17919562757015228, "acc": 0.9300341010093689, "length": 3.999971866607666, "mode": "train", "epoch": 52}
{"loss": 0.2310009002685547, "acc": 0.9152097702026367, "length": 4.0, "mode": "test", "epoch": 52}
{"loss": 0.1689118593931198, "acc": 0.935128390789032, "length": 3.9999868869781494, "mode": "train", "epoch": 53}
{"loss": 0.2441534548997879, "acc": 0.9131118655204773, "length": 4.0, "mode": "test", "epoch": 53}
{"loss": 0.16105394065380096, "acc": 0.936709463596344, "length": 3.9999988079071045, "mode": "train", "epoch": 54}
{"loss": 0.2501353323459625, "acc": 0.9157343506813049, "length": 4.0, "mode": "test", "epoch": 54}
{"loss": 0.16754241287708282, "acc": 0.9364748597145081, "length": 3.999976634979248, "mode": "train", "epoch": 55}
{"loss": 0.250633180141449, "acc": 0.9108391404151917, "length": 4.0, "mode": "test", "epoch": 55}
{"loss": 0.16804616153240204, "acc": 0.9355972409248352, "length": 3.999999523162842, "mode": "train", "epoch": 56}
{"loss": 0.2507346570491791, "acc": 0.9185314178466797, "length": 4.0, "mode": "test", "epoch": 56}
{"loss": 0.17631252110004425, "acc": 0.9287471175193787, "length": 3.999999761581421, "mode": "train", "epoch": 57}
{"loss": 0.2738071084022522, "acc": 0.9062936305999756, "length": 4.0, "mode": "test", "epoch": 57}
{"loss": 0.17217956483364105, "acc": 0.934484601020813, "length": 3.9999942779541016, "mode": "train", "epoch": 58}
{"loss": 0.25515368580818176, "acc": 0.9227273464202881, "length": 4.0, "mode": "test", "epoch": 58}
{"loss": 0.16255822777748108, "acc": 0.9371193647384644, "length": 3.999999761581421, "mode": "train", "epoch": 59}
{"loss": 0.2394828051328659, "acc": 0.9152098894119263, "length": 4.0, "mode": "test", "epoch": 59}
{"loss": 0.15174071490764618, "acc": 0.9393442869186401, "length": 3.999999523162842, "mode": "train", "epoch": 60}
{"loss": 0.23789358139038086, "acc": 0.9215034246444702, "length": 4.0, "mode": "test", "epoch": 60}
test accuracy: 0.7709999084472656
