# ["--attributes=5", "--values=4", "--game_size=10", "--vocab_size_factor=3", "--n_epochs=60", "--batch_size=64", "--learning_rate=0.0005", "--hidden_size=256", "--temp_update=0.99", "--temperature=1"]
Creating train_ds and val_ds...

Creating test_ds...
{"loss": 0.7018111944198608, "acc": 0.5119442343711853, "length": 3.3986854553222656, "mode": "train", "epoch": 1}
{"loss": 0.6924735903739929, "acc": 0.5226351618766785, "length": 1.0, "mode": "test", "epoch": 1}
{"loss": 0.6844000220298767, "acc": 0.5532774329185486, "length": 2.3585588932037354, "mode": "train", "epoch": 2}
{"loss": 0.6520221829414368, "acc": 0.6468316912651062, "length": 1.8513513803482056, "mode": "test", "epoch": 2}
{"loss": 0.6098963022232056, "acc": 0.707372784614563, "length": 2.8404335975646973, "mode": "train", "epoch": 3}
{"loss": 0.5535640120506287, "acc": 0.7414304614067078, "length": 3.2905404567718506, "mode": "test", "epoch": 3}
{"loss": 0.5228736400604248, "acc": 0.7425941824913025, "length": 3.060349941253662, "mode": "train", "epoch": 4}
{"loss": 0.504772961139679, "acc": 0.7809850573539734, "length": 3.1114864349365234, "mode": "test", "epoch": 4}
{"loss": 0.4752920866012573, "acc": 0.7817735075950623, "length": 3.0604283809661865, "mode": "train", "epoch": 5}
{"loss": 0.4365521967411041, "acc": 0.8170217275619507, "length": 3.2094595432281494, "mode": "test", "epoch": 5}
{"loss": 0.4229651391506195, "acc": 0.8201450109481812, "length": 3.25230073928833, "mode": "train", "epoch": 6}
{"loss": 0.4101202189922333, "acc": 0.8350896835327148, "length": 3.2804055213928223, "mode": "test", "epoch": 6}
{"loss": 0.38249480724334717, "acc": 0.8416122794151306, "length": 3.2209787368774414, "mode": "train", "epoch": 7}
{"loss": 0.39268624782562256, "acc": 0.8459311127662659, "length": 3.2668919563293457, "mode": "test", "epoch": 7}
{"loss": 0.35602709650993347, "acc": 0.8519697189331055, "length": 3.2373547554016113, "mode": "train", "epoch": 8}
{"loss": 0.376669317483902, "acc": 0.8529481887817383, "length": 3.2331080436706543, "mode": "test", "epoch": 8}
{"loss": 0.33325591683387756, "acc": 0.8635889291763306, "length": 3.2413365840911865, "mode": "train", "epoch": 9}
{"loss": 0.36313092708587646, "acc": 0.84958815574646, "length": 3.4155404567718506, "mode": "test", "epoch": 9}
{"loss": 0.31477123498916626, "acc": 0.8696730732917786, "length": 3.2657203674316406, "mode": "train", "epoch": 10}
{"loss": 0.3644959330558777, "acc": 0.8573732376098633, "length": 3.3581080436706543, "mode": "test", "epoch": 10}
{"loss": 0.3054036796092987, "acc": 0.8773017525672913, "length": 3.2915475368499756, "mode": "train", "epoch": 11}
{"loss": 0.3423534631729126, "acc": 0.8644684553146362, "length": 3.297297239303589, "mode": "test", "epoch": 11}
{"loss": 0.29463157057762146, "acc": 0.8770368695259094, "length": 3.284907341003418, "mode": "train", "epoch": 12}
{"loss": 0.3235808312892914, "acc": 0.8672789335250854, "length": 3.4087836742401123, "mode": "test", "epoch": 12}
{"loss": 0.2748861014842987, "acc": 0.8919885754585266, "length": 3.339951992034912, "mode": "train", "epoch": 13}
{"loss": 0.31116533279418945, "acc": 0.8775095343589783, "length": 3.479729652404785, "mode": "test", "epoch": 13}
{"loss": 0.26382946968078613, "acc": 0.8948720693588257, "length": 3.3560283184051514, "mode": "train", "epoch": 14}
{"loss": 0.3181505501270294, "acc": 0.8879660367965698, "length": 3.2635135650634766, "mode": "test", "epoch": 14}
{"loss": 0.26458239555358887, "acc": 0.8972591757774353, "length": 3.340486526489258, "mode": "train", "epoch": 15}
{"loss": 0.28921952843666077, "acc": 0.8949218988418579, "length": 3.449324369430542, "mode": "test", "epoch": 15}
{"loss": 0.24906028807163239, "acc": 0.9097233414649963, "length": 3.4181926250457764, "mode": "train", "epoch": 16}
{"loss": 0.2600584030151367, "acc": 0.9079708456993103, "length": 3.3918919563293457, "mode": "test", "epoch": 16}
{"loss": 0.23588621616363525, "acc": 0.9139581322669983, "length": 3.4002139568328857, "mode": "train", "epoch": 17}
{"loss": 0.25388795137405396, "acc": 0.9079734086990356, "length": 3.429054021835327, "mode": "test", "epoch": 17}
{"loss": 0.2326720654964447, "acc": 0.9161432385444641, "length": 3.397908926010132, "mode": "train", "epoch": 18}
{"loss": 0.23665232956409454, "acc": 0.9164791703224182, "length": 3.3817567825317383, "mode": "test", "epoch": 18}
{"loss": 0.22339756786823273, "acc": 0.9210783243179321, "length": 3.403557538986206, "mode": "train", "epoch": 19}
{"loss": 0.24250483512878418, "acc": 0.918415367603302, "length": 3.3648648262023926, "mode": "test", "epoch": 19}
{"loss": 0.21883624792099, "acc": 0.9210280776023865, "length": 3.4116106033325195, "mode": "train", "epoch": 20}
{"loss": 0.2393939048051834, "acc": 0.9200274348258972, "length": 3.395270347595215, "mode": "test", "epoch": 20}
{"loss": 0.2162877768278122, "acc": 0.9200316667556763, "length": 3.4088897705078125, "mode": "train", "epoch": 21}
{"loss": 0.2280658334493637, "acc": 0.926222026348114, "length": 3.3851351737976074, "mode": "test", "epoch": 21}
{"loss": 0.2070101946592331, "acc": 0.9259700179100037, "length": 3.4320738315582275, "mode": "train", "epoch": 22}
{"loss": 0.22555887699127197, "acc": 0.9275696277618408, "length": 3.3817567825317383, "mode": "test", "epoch": 22}
{"loss": 0.19845466315746307, "acc": 0.9264302849769592, "length": 3.4428489208221436, "mode": "train", "epoch": 23}
{"loss": 0.22271442413330078, "acc": 0.9297982454299927, "length": 3.398648738861084, "mode": "test", "epoch": 23}
{"loss": 0.19172586500644684, "acc": 0.931808590888977, "length": 3.4598023891448975, "mode": "train", "epoch": 24}
{"loss": 0.2251599282026291, "acc": 0.92842698097229, "length": 3.503378391265869, "mode": "test", "epoch": 24}
{"loss": 0.18491552770137787, "acc": 0.9325466156005859, "length": 3.476731777191162, "mode": "train", "epoch": 25}
{"loss": 0.20506449043750763, "acc": 0.9322651028633118, "length": 3.5439188480377197, "mode": "test", "epoch": 25}
{"loss": 0.18023504316806793, "acc": 0.9356077313423157, "length": 3.47770619392395, "mode": "train", "epoch": 26}
{"loss": 0.2007756233215332, "acc": 0.9349598288536072, "length": 3.523648738861084, "mode": "test", "epoch": 26}
{"loss": 0.17246553301811218, "acc": 0.9354802370071411, "length": 3.5200507640838623, "mode": "train", "epoch": 27}
{"loss": 0.18876153230667114, "acc": 0.9382421374320984, "length": 3.4932432174682617, "mode": "test", "epoch": 27}
{"loss": 0.15747959911823273, "acc": 0.9436033964157104, "length": 3.5562098026275635, "mode": "train", "epoch": 28}
{"loss": 0.14634224772453308, "acc": 0.9482253789901733, "length": 3.621621608734131, "mode": "test", "epoch": 28}
{"loss": 0.1428491771221161, "acc": 0.951408326625824, "length": 3.5530917644500732, "mode": "train", "epoch": 29}
{"loss": 0.15614163875579834, "acc": 0.9509554505348206, "length": 3.5, "mode": "test", "epoch": 29}
{"loss": 0.13738080859184265, "acc": 0.9535965919494629, "length": 3.5910115242004395, "mode": "train", "epoch": 30}
{"loss": 0.1411363184452057, "acc": 0.9555742144584656, "length": 3.6081080436706543, "mode": "test", "epoch": 30}
{"loss": 0.12629929184913635, "acc": 0.955589771270752, "length": 3.6257264614105225, "mode": "train", "epoch": 31}
{"loss": 0.13004344701766968, "acc": 0.9555779695510864, "length": 3.6385135650634766, "mode": "test", "epoch": 31}
{"loss": 0.12104465067386627, "acc": 0.9594680070877075, "length": 3.643519878387451, "mode": "train", "epoch": 32}
{"loss": 0.13811913132667542, "acc": 0.957560658454895, "length": 3.6621620655059814, "mode": "test", "epoch": 32}
{"loss": 0.11318222433328629, "acc": 0.9605435729026794, "length": 3.688093662261963, "mode": "train", "epoch": 33}
{"loss": 0.11452537775039673, "acc": 0.961861252784729, "length": 3.6621620655059814, "mode": "test", "epoch": 33}
{"loss": 0.1123657077550888, "acc": 0.9608098864555359, "length": 3.681962013244629, "mode": "train", "epoch": 34}
{"loss": 0.11389253288507462, "acc": 0.9654229879379272, "length": 3.679054021835327, "mode": "test", "epoch": 34}
{"loss": 0.10934247076511383, "acc": 0.9637495279312134, "length": 3.706774950027466, "mode": "train", "epoch": 35}
{"loss": 0.11191918700933456, "acc": 0.9638861417770386, "length": 3.7162163257598877, "mode": "test", "epoch": 35}
{"loss": 0.10713531821966171, "acc": 0.9625639319419861, "length": 3.7015609741210938, "mode": "train", "epoch": 36}
{"loss": 0.11252796649932861, "acc": 0.9590224027633667, "length": 3.7398648262023926, "mode": "test", "epoch": 36}
{"loss": 0.10190412402153015, "acc": 0.9648178815841675, "length": 3.7223398685455322, "mode": "train", "epoch": 37}
{"loss": 0.12577088177204132, "acc": 0.9590123295783997, "length": 3.702702760696411, "mode": "test", "epoch": 37}
{"loss": 0.09600455313920975, "acc": 0.9656351804733276, "length": 3.7121949195861816, "mode": "train", "epoch": 38}
{"loss": 0.10017373412847519, "acc": 0.9671711325645447, "length": 3.7567567825317383, "mode": "test", "epoch": 38}
{"loss": 0.08431503921747208, "acc": 0.9696205854415894, "length": 3.7020745277404785, "mode": "train", "epoch": 39}
{"loss": 0.09868480265140533, "acc": 0.9668760299682617, "length": 3.7162163257598877, "mode": "test", "epoch": 39}
{"loss": 0.08083295822143555, "acc": 0.9711903929710388, "length": 3.7163610458374023, "mode": "train", "epoch": 40}
{"loss": 0.09199335426092148, "acc": 0.9694321155548096, "length": 3.7601351737976074, "mode": "test", "epoch": 40}
{"loss": 0.08094694465398788, "acc": 0.9722808003425598, "length": 3.730083703994751, "mode": "train", "epoch": 41}
{"loss": 0.07648637145757675, "acc": 0.9752649664878845, "length": 3.722972869873047, "mode": "test", "epoch": 41}
{"loss": 0.06660529226064682, "acc": 0.9766862988471985, "length": 3.725024938583374, "mode": "train", "epoch": 42}
{"loss": 0.08986681699752808, "acc": 0.9753426313400269, "length": 3.7567567825317383, "mode": "test", "epoch": 42}
{"loss": 0.06236793473362923, "acc": 0.9787036180496216, "length": 3.735158681869507, "mode": "train", "epoch": 43}
{"loss": 0.07790418714284897, "acc": 0.978317141532898, "length": 3.746621608734131, "mode": "test", "epoch": 43}
{"loss": 0.056408900767564774, "acc": 0.9796168208122253, "length": 3.734774112701416, "mode": "train", "epoch": 44}
{"loss": 0.07380571961402893, "acc": 0.9777354598045349, "length": 3.7331080436706543, "mode": "test", "epoch": 44}
{"loss": 0.05956820398569107, "acc": 0.9808602929115295, "length": 3.7123284339904785, "mode": "train", "epoch": 45}
{"loss": 0.05896536260843277, "acc": 0.9825448989868164, "length": 3.7398648262023926, "mode": "test", "epoch": 45}
{"loss": 0.06981438398361206, "acc": 0.976239025592804, "length": 3.7200136184692383, "mode": "train", "epoch": 46}
{"loss": 0.07555834949016571, "acc": 0.978561520576477, "length": 3.7432432174682617, "mode": "test", "epoch": 46}
{"loss": 0.0685025230050087, "acc": 0.9764108657836914, "length": 3.739070177078247, "mode": "train", "epoch": 47}
{"loss": 0.08137854933738708, "acc": 0.980758547782898, "length": 3.7364864349365234, "mode": "test", "epoch": 47}
{"loss": 0.06353285163640976, "acc": 0.9787653088569641, "length": 3.7306277751922607, "mode": "train", "epoch": 48}
{"loss": 0.07565455883741379, "acc": 0.9791927933692932, "length": 3.702702760696411, "mode": "test", "epoch": 48}
{"loss": 0.06304792314767838, "acc": 0.9773308038711548, "length": 3.7186591625213623, "mode": "train", "epoch": 49}
{"loss": 0.08058928698301315, "acc": 0.9789707064628601, "length": 3.7331080436706543, "mode": "test", "epoch": 49}
{"loss": 0.05736229196190834, "acc": 0.9808890223503113, "length": 3.7442421913146973, "mode": "train", "epoch": 50}
{"loss": 0.06422748416662216, "acc": 0.9875004887580872, "length": 3.7398648262023926, "mode": "test", "epoch": 50}
{"loss": 0.05915481224656105, "acc": 0.9804902076721191, "length": 3.7175750732421875, "mode": "train", "epoch": 51}
{"loss": 0.08637290447950363, "acc": 0.9763777256011963, "length": 3.7128379344940186, "mode": "test", "epoch": 51}
{"loss": 0.051542993634939194, "acc": 0.9833858609199524, "length": 3.7245731353759766, "mode": "train", "epoch": 52}
{"loss": 0.05559803918004036, "acc": 0.9829492568969727, "length": 3.7331080436706543, "mode": "test", "epoch": 52}
{"loss": 0.04970375820994377, "acc": 0.9827322959899902, "length": 3.7207565307617188, "mode": "train", "epoch": 53}
{"loss": 0.061470936983823776, "acc": 0.981744110584259, "length": 3.7364864349365234, "mode": "test", "epoch": 53}
{"loss": 0.052536480128765106, "acc": 0.9827963709831238, "length": 3.72487473487854, "mode": "train", "epoch": 54}
{"loss": 0.047205954790115356, "acc": 0.9846848249435425, "length": 3.7398648262023926, "mode": "test", "epoch": 54}
{"loss": 0.04040229320526123, "acc": 0.9868857860565186, "length": 3.723240375518799, "mode": "train", "epoch": 55}
{"loss": 0.04138874262571335, "acc": 0.9888148903846741, "length": 3.7331080436706543, "mode": "test", "epoch": 55}
{"loss": 0.04185282066464424, "acc": 0.9866377115249634, "length": 3.7057266235351562, "mode": "train", "epoch": 56}
{"loss": 0.06382649391889572, "acc": 0.9822486639022827, "length": 3.7364864349365234, "mode": "test", "epoch": 56}
{"loss": 0.04527083411812782, "acc": 0.9844034314155579, "length": 3.7287211418151855, "mode": "train", "epoch": 57}
{"loss": 0.0806913897395134, "acc": 0.9788080453872681, "length": 3.7364864349365234, "mode": "test", "epoch": 57}
{"loss": 0.04142601788043976, "acc": 0.9871490001678467, "length": 3.7241950035095215, "mode": "train", "epoch": 58}
{"loss": 0.06686219573020935, "acc": 0.9817736744880676, "length": 3.7364864349365234, "mode": "test", "epoch": 58}
{"loss": 0.04364239424467087, "acc": 0.9852253198623657, "length": 3.725825071334839, "mode": "train", "epoch": 59}
{"loss": 0.05504612252116203, "acc": 0.9834749102592468, "length": 3.7398648262023926, "mode": "test", "epoch": 59}
{"loss": 0.04829929769039154, "acc": 0.982389509677887, "length": 3.7287490367889404, "mode": "train", "epoch": 60}
{"loss": 0.05655144527554512, "acc": 0.9849687814712524, "length": 3.7331080436706543, "mode": "test", "epoch": 60}
test accuracy: 0.8368420004844666
