# ["--attributes=5", "--values=4", "--game_size=10", "--vocab_size_factor=3", "--n_epochs=60", "--batch_size=64", "--learning_rate=0.0005", "--hidden_size=256", "--temp_update=0.99", "--temperature=1.5"]
Creating train_ds and val_ds...

Creating test_ds...
{"loss": 0.7000302076339722, "acc": 0.5008785724639893, "length": 3.4563608169555664, "mode": "train", "epoch": 1}
{"loss": 0.6970204710960388, "acc": 0.5195876955986023, "length": 1.0, "mode": "test", "epoch": 1}
{"loss": 0.6866139769554138, "acc": 0.5616698861122131, "length": 2.6826863288879395, "mode": "train", "epoch": 2}
{"loss": 0.6530700922012329, "acc": 0.6603279709815979, "length": 2.350515365600586, "mode": "test", "epoch": 2}
{"loss": 0.6162036657333374, "acc": 0.6814396977424622, "length": 3.334151029586792, "mode": "train", "epoch": 3}
{"loss": 0.585314929485321, "acc": 0.7068727612495422, "length": 4.0, "mode": "test", "epoch": 3}
{"loss": 0.5588763952255249, "acc": 0.7197113037109375, "length": 3.7917280197143555, "mode": "train", "epoch": 4}
{"loss": 0.5590389370918274, "acc": 0.7127152681350708, "length": 3.8900344371795654, "mode": "test", "epoch": 4}
{"loss": 0.48089540004730225, "acc": 0.7790474891662598, "length": 3.7548069953918457, "mode": "train", "epoch": 5}
{"loss": 0.48992252349853516, "acc": 0.7836770415306091, "length": 4.0, "mode": "test", "epoch": 5}
{"loss": 0.4358825981616974, "acc": 0.8054653406143188, "length": 3.8892781734466553, "mode": "train", "epoch": 6}
{"loss": 0.4764160215854645, "acc": 0.8049827814102173, "length": 4.0, "mode": "test", "epoch": 6}
{"loss": 0.40294530987739563, "acc": 0.8314386010169983, "length": 3.9400086402893066, "mode": "train", "epoch": 7}
{"loss": 0.45357903838157654, "acc": 0.8182130455970764, "length": 4.0, "mode": "test", "epoch": 7}
{"loss": 0.3802591562271118, "acc": 0.8363669514656067, "length": 3.9507291316986084, "mode": "train", "epoch": 8}
{"loss": 0.4250585734844208, "acc": 0.8343642950057983, "length": 4.0, "mode": "test", "epoch": 8}
{"loss": 0.3482345938682556, "acc": 0.852407693862915, "length": 3.9540698528289795, "mode": "train", "epoch": 9}
{"loss": 0.4087681770324707, "acc": 0.8438143730163574, "length": 4.0, "mode": "test", "epoch": 9}
{"loss": 0.3145156800746918, "acc": 0.8669930100440979, "length": 3.927578926086426, "mode": "train", "epoch": 10}
{"loss": 0.4175611436367035, "acc": 0.84501713514328, "length": 4.0, "mode": "test", "epoch": 10}
{"loss": 0.2930830121040344, "acc": 0.8792181015014648, "length": 3.9553885459899902, "mode": "train", "epoch": 11}
{"loss": 0.41095781326293945, "acc": 0.8453606963157654, "length": 4.0, "mode": "test", "epoch": 11}
{"loss": 0.2741679847240448, "acc": 0.8846352100372314, "length": 3.972911834716797, "mode": "train", "epoch": 12}
{"loss": 0.3802545666694641, "acc": 0.8517182469367981, "length": 4.0, "mode": "test", "epoch": 12}
{"loss": 0.25932177901268005, "acc": 0.8897318243980408, "length": 3.979660987854004, "mode": "train", "epoch": 13}
{"loss": 0.3532167673110962, "acc": 0.8541237711906433, "length": 4.0, "mode": "test", "epoch": 13}
{"loss": 0.24558770656585693, "acc": 0.8997610211372375, "length": 3.983851432800293, "mode": "train", "epoch": 14}
{"loss": 0.37244006991386414, "acc": 0.8470790386199951, "length": 4.0, "mode": "test", "epoch": 14}
{"loss": 0.23183204233646393, "acc": 0.9020243287086487, "length": 3.9891550540924072, "mode": "train", "epoch": 15}
{"loss": 0.3866719603538513, "acc": 0.8493127226829529, "length": 4.0, "mode": "test", "epoch": 15}
{"loss": 0.23657724261283875, "acc": 0.9013392329216003, "length": 3.9918036460876465, "mode": "train", "epoch": 16}
{"loss": 0.3583618700504303, "acc": 0.8620274066925049, "length": 4.0, "mode": "test", "epoch": 16}
{"loss": 0.21182705461978912, "acc": 0.9143298268318176, "length": 3.991889476776123, "mode": "train", "epoch": 17}
{"loss": 0.3253752589225769, "acc": 0.8790377378463745, "length": 4.0, "mode": "test", "epoch": 17}
{"loss": 0.1990424543619156, "acc": 0.9229381084442139, "length": 3.99409818649292, "mode": "train", "epoch": 18}
{"loss": 0.3107166886329651, "acc": 0.8824741840362549, "length": 4.0, "mode": "test", "epoch": 18}
{"loss": 0.1867460161447525, "acc": 0.9297894239425659, "length": 3.994870901107788, "mode": "train", "epoch": 19}
{"loss": 0.2776235044002533, "acc": 0.8872852921485901, "length": 4.0, "mode": "test", "epoch": 19}
{"loss": 0.1809501349925995, "acc": 0.9309345483779907, "length": 3.9949655532836914, "mode": "train", "epoch": 20}
{"loss": 0.2625681459903717, "acc": 0.9034364223480225, "length": 4.0, "mode": "test", "epoch": 20}
{"loss": 0.16730079054832458, "acc": 0.9380240440368652, "length": 3.995912551879883, "mode": "train", "epoch": 21}
{"loss": 0.25025254487991333, "acc": 0.9006872773170471, "length": 4.0, "mode": "test", "epoch": 21}
{"loss": 0.1625261753797531, "acc": 0.939965009689331, "length": 3.996494770050049, "mode": "train", "epoch": 22}
{"loss": 0.24032478034496307, "acc": 0.9130585789680481, "length": 4.0, "mode": "test", "epoch": 22}
{"loss": 0.15506808459758759, "acc": 0.943056046962738, "length": 3.996443271636963, "mode": "train", "epoch": 23}
{"loss": 0.23452416062355042, "acc": 0.9154639840126038, "length": 4.0, "mode": "test", "epoch": 23}
{"loss": 0.14149236679077148, "acc": 0.9480134844779968, "length": 3.994126796722412, "mode": "train", "epoch": 24}
{"loss": 0.22771143913269043, "acc": 0.9192439913749695, "length": 4.0, "mode": "test", "epoch": 24}
{"loss": 0.14276352524757385, "acc": 0.9447412490844727, "length": 3.9960105419158936, "mode": "train", "epoch": 25}
{"loss": 0.1986318677663803, "acc": 0.9218212962150574, "length": 4.0, "mode": "test", "epoch": 25}
{"loss": 0.13105587661266327, "acc": 0.9512916803359985, "length": 3.996958017349243, "mode": "train", "epoch": 26}
{"loss": 0.17833088338375092, "acc": 0.9319589138031006, "length": 4.0, "mode": "test", "epoch": 26}
{"loss": 0.12053756415843964, "acc": 0.9541277885437012, "length": 3.997035026550293, "mode": "train", "epoch": 27}
{"loss": 0.1849057525396347, "acc": 0.9304123520851135, "length": 4.0, "mode": "test", "epoch": 27}
{"loss": 0.11138306558132172, "acc": 0.9581920504570007, "length": 3.997427225112915, "mode": "train", "epoch": 28}
{"loss": 0.20660820603370667, "acc": 0.9329895973205566, "length": 4.0, "mode": "test", "epoch": 28}
{"loss": 0.11230985820293427, "acc": 0.9581790566444397, "length": 3.996415376663208, "mode": "train", "epoch": 29}
{"loss": 0.16114485263824463, "acc": 0.9383161067962646, "length": 4.0, "mode": "test", "epoch": 29}
{"loss": 0.10259879380464554, "acc": 0.9617144465446472, "length": 3.994969129562378, "mode": "train", "epoch": 30}
{"loss": 0.16127820312976837, "acc": 0.9402061104774475, "length": 4.0, "mode": "test", "epoch": 30}
{"loss": 0.10332629084587097, "acc": 0.9624010920524597, "length": 3.9959499835968018, "mode": "train", "epoch": 31}
{"loss": 0.1533811241388321, "acc": 0.9398625493049622, "length": 4.0, "mode": "test", "epoch": 31}
{"loss": 0.0909404307603836, "acc": 0.9642234444618225, "length": 3.9968068599700928, "mode": "train", "epoch": 32}
{"loss": 0.14409860968589783, "acc": 0.9439862966537476, "length": 4.0, "mode": "test", "epoch": 32}
{"loss": 0.088933065533638, "acc": 0.9678652882575989, "length": 3.997450113296509, "mode": "train", "epoch": 33}
{"loss": 0.16736085712909698, "acc": 0.9400344491004944, "length": 4.0, "mode": "test", "epoch": 33}
{"loss": 0.08213623613119125, "acc": 0.9695608615875244, "length": 3.9982621669769287, "mode": "train", "epoch": 34}
{"loss": 0.1406945437192917, "acc": 0.9494845867156982, "length": 4.0, "mode": "test", "epoch": 34}
{"loss": 0.06636609882116318, "acc": 0.9766959547996521, "length": 3.998382329940796, "mode": "train", "epoch": 35}
{"loss": 0.13976916670799255, "acc": 0.9487974047660828, "length": 4.0, "mode": "test", "epoch": 35}
{"loss": 0.06508194655179977, "acc": 0.9774291515350342, "length": 3.99829363822937, "mode": "train", "epoch": 36}
{"loss": 0.12380422651767731, "acc": 0.9546391367912292, "length": 4.0, "mode": "test", "epoch": 36}
{"loss": 0.06443235278129578, "acc": 0.9733721017837524, "length": 3.9988467693328857, "mode": "train", "epoch": 37}
{"loss": 0.13713856041431427, "acc": 0.9500000476837158, "length": 4.0, "mode": "test", "epoch": 37}
{"loss": 0.06397733837366104, "acc": 0.9752838611602783, "length": 3.99776291847229, "mode": "train", "epoch": 38}
{"loss": 0.11308310180902481, "acc": 0.9587628841400146, "length": 4.0, "mode": "test", "epoch": 38}
{"loss": 0.0629357099533081, "acc": 0.9795279502868652, "length": 3.9989748001098633, "mode": "train", "epoch": 39}
{"loss": 0.13585446774959564, "acc": 0.9575602412223816, "length": 4.0, "mode": "test", "epoch": 39}
{"loss": 0.054186832159757614, "acc": 0.9821376204490662, "length": 3.999324083328247, "mode": "train", "epoch": 40}
{"loss": 0.1270495504140854, "acc": 0.9573883414268494, "length": 4.0, "mode": "test", "epoch": 40}
{"loss": 0.055197253823280334, "acc": 0.979479968547821, "length": 3.999192953109741, "mode": "train", "epoch": 41}
{"loss": 0.09010092914104462, "acc": 0.967525839805603, "length": 4.0, "mode": "test", "epoch": 41}
{"loss": 0.0501888170838356, "acc": 0.9832925796508789, "length": 3.9996016025543213, "mode": "train", "epoch": 42}
{"loss": 0.1003551110625267, "acc": 0.9675257205963135, "length": 4.0, "mode": "test", "epoch": 42}
{"loss": 0.054975830018520355, "acc": 0.9817469716072083, "length": 3.9995977878570557, "mode": "train", "epoch": 43}
{"loss": 0.10895092785358429, "acc": 0.9639175534248352, "length": 4.0, "mode": "test", "epoch": 43}
{"loss": 0.04772130772471428, "acc": 0.9834541082382202, "length": 3.9991378784179688, "mode": "train", "epoch": 44}
{"loss": 0.10108911991119385, "acc": 0.9704468250274658, "length": 4.0, "mode": "test", "epoch": 44}
{"loss": 0.04328519478440285, "acc": 0.985599935054779, "length": 3.9995079040527344, "mode": "train", "epoch": 45}
{"loss": 0.08565762639045715, "acc": 0.9687286019325256, "length": 4.0, "mode": "test", "epoch": 45}
{"loss": 0.043349627405405045, "acc": 0.9859476089477539, "length": 3.999718427658081, "mode": "train", "epoch": 46}
{"loss": 0.09388517588376999, "acc": 0.9711340665817261, "length": 4.0, "mode": "test", "epoch": 46}
{"loss": 0.03652215749025345, "acc": 0.988673210144043, "length": 3.9988598823547363, "mode": "train", "epoch": 47}
{"loss": 0.07871031761169434, "acc": 0.9730240106582642, "length": 4.0, "mode": "test", "epoch": 47}
{"loss": 0.033927854150533676, "acc": 0.9895132780075073, "length": 3.9995694160461426, "mode": "train", "epoch": 48}
{"loss": 0.07590490579605103, "acc": 0.9714776873588562, "length": 4.0, "mode": "test", "epoch": 48}
{"loss": 0.03685590252280235, "acc": 0.9871010184288025, "length": 3.9997096061706543, "mode": "train", "epoch": 49}
{"loss": 0.10094888508319855, "acc": 0.9689003825187683, "length": 4.0, "mode": "test", "epoch": 49}
{"loss": 0.04192109778523445, "acc": 0.9858351945877075, "length": 3.9997239112854004, "mode": "train", "epoch": 50}
{"loss": 0.08512680977582932, "acc": 0.9709622859954834, "length": 4.0, "mode": "test", "epoch": 50}
{"loss": 0.033849555999040604, "acc": 0.9888883829116821, "length": 3.9998435974121094, "mode": "train", "epoch": 51}
{"loss": 0.07291452586650848, "acc": 0.9757732152938843, "length": 4.0, "mode": "test", "epoch": 51}
{"loss": 0.03243289142847061, "acc": 0.9883143305778503, "length": 3.999851703643799, "mode": "train", "epoch": 52}
{"loss": 0.07274866849184036, "acc": 0.9790377020835876, "length": 4.0, "mode": "test", "epoch": 52}
{"loss": 0.037819840013980865, "acc": 0.989342212677002, "length": 3.9994499683380127, "mode": "train", "epoch": 53}
{"loss": 0.07160580158233643, "acc": 0.9773195385932922, "length": 4.0, "mode": "test", "epoch": 53}
{"loss": 0.035008568316698074, "acc": 0.9890862703323364, "length": 3.9992942810058594, "mode": "train", "epoch": 54}
{"loss": 0.10462719202041626, "acc": 0.967525839805603, "length": 4.0, "mode": "test", "epoch": 54}
{"loss": 0.033184342086315155, "acc": 0.9917019605636597, "length": 3.9997148513793945, "mode": "train", "epoch": 55}
{"loss": 0.09620463103055954, "acc": 0.9725086688995361, "length": 4.0, "mode": "test", "epoch": 55}
{"loss": 0.029141979292035103, "acc": 0.9913076758384705, "length": 3.9998745918273926, "mode": "train", "epoch": 56}
{"loss": 0.089592844247818, "acc": 0.9776632189750671, "length": 4.0, "mode": "test", "epoch": 56}
{"loss": 0.02315995655953884, "acc": 0.9938393235206604, "length": 3.9998738765716553, "mode": "train", "epoch": 57}
{"loss": 0.054920494556427, "acc": 0.9833332300186157, "length": 4.0, "mode": "test", "epoch": 57}
{"loss": 0.023291220888495445, "acc": 0.9931456446647644, "length": 3.9996578693389893, "mode": "train", "epoch": 58}
{"loss": 0.04991477355360985, "acc": 0.9819585680961609, "length": 4.0, "mode": "test", "epoch": 58}
{"loss": 0.021958710625767708, "acc": 0.9937791228294373, "length": 3.999872922897339, "mode": "train", "epoch": 59}
{"loss": 0.07115466892719269, "acc": 0.9835051894187927, "length": 4.0, "mode": "test", "epoch": 59}
{"loss": 0.024566926062107086, "acc": 0.9925176501274109, "length": 3.9999420642852783, "mode": "train", "epoch": 60}
{"loss": 0.05302442982792854, "acc": 0.9869416356086731, "length": 4.0, "mode": "test", "epoch": 60}
test accuracy: 0.8455356359481812
