# ["--attributes=5", "--values=4", "--game_size=10", "--vocab_size_factor=3", "--n_epochs=60", "--batch_size=64", "--learning_rate=0.0005", "--hidden_size=256", "--temp_update=0.99", "--temperature=2"]
Creating train_ds and val_ds...

Creating test_ds...
{"loss": 0.6974304914474487, "acc": 0.5242705941200256, "length": 3.4422197341918945, "mode": "train", "epoch": 1}
{"loss": 0.6940430998802185, "acc": 0.504687488079071, "length": 1.0, "mode": "test", "epoch": 1}
{"loss": 0.6905282735824585, "acc": 0.5350325703620911, "length": 2.8497238159179688, "mode": "train", "epoch": 2}
{"loss": 0.6728649139404297, "acc": 0.564596951007843, "length": 1.4479166269302368, "mode": "test", "epoch": 2}
{"loss": 0.6344208121299744, "acc": 0.6683586239814758, "length": 3.006836414337158, "mode": "train", "epoch": 3}
{"loss": 0.5560963153839111, "acc": 0.7505941390991211, "length": 3.5416667461395264, "mode": "test", "epoch": 3}
{"loss": 0.5394847393035889, "acc": 0.7350348234176636, "length": 3.4732487201690674, "mode": "train", "epoch": 4}
{"loss": 0.5108603835105896, "acc": 0.7676975131034851, "length": 3.350694417953491, "mode": "test", "epoch": 4}
{"loss": 0.481923907995224, "acc": 0.7770991325378418, "length": 3.4122915267944336, "mode": "train", "epoch": 5}
{"loss": 0.4631836414337158, "acc": 0.791267991065979, "length": 3.8298611640930176, "mode": "test", "epoch": 5}
{"loss": 0.44081711769104004, "acc": 0.7956176400184631, "length": 3.7199339866638184, "mode": "train", "epoch": 6}
{"loss": 0.45754361152648926, "acc": 0.8046875596046448, "length": 4.0, "mode": "test", "epoch": 6}
{"loss": 0.4151591658592224, "acc": 0.8087890148162842, "length": 3.887233257293701, "mode": "train", "epoch": 7}
{"loss": 0.4435757100582123, "acc": 0.8112847805023193, "length": 4.0, "mode": "test", "epoch": 7}
{"loss": 0.38646966218948364, "acc": 0.8216835856437683, "length": 3.9204001426696777, "mode": "train", "epoch": 8}
{"loss": 0.4268481731414795, "acc": 0.8347222805023193, "length": 4.0, "mode": "test", "epoch": 8}
{"loss": 0.36535385251045227, "acc": 0.8333811163902283, "length": 3.9323770999908447, "mode": "train", "epoch": 9}
{"loss": 0.43410682678222656, "acc": 0.8322916030883789, "length": 4.0, "mode": "test", "epoch": 9}
{"loss": 0.3509175181388855, "acc": 0.8512155413627625, "length": 3.9452898502349854, "mode": "train", "epoch": 10}
{"loss": 0.42817601561546326, "acc": 0.8397569060325623, "length": 4.0, "mode": "test", "epoch": 10}
{"loss": 0.33579543232917786, "acc": 0.8601927161216736, "length": 3.9533393383026123, "mode": "train", "epoch": 11}
{"loss": 0.4505143165588379, "acc": 0.8335070610046387, "length": 4.0, "mode": "test", "epoch": 11}
{"loss": 0.32070866227149963, "acc": 0.870150625705719, "length": 3.967949390411377, "mode": "train", "epoch": 12}
{"loss": 0.3911888599395752, "acc": 0.8512153625488281, "length": 4.0, "mode": "test", "epoch": 12}
{"loss": 0.31017938256263733, "acc": 0.8721146583557129, "length": 3.9741859436035156, "mode": "train", "epoch": 13}
{"loss": 0.3808169960975647, "acc": 0.8394097089767456, "length": 4.0, "mode": "test", "epoch": 13}
{"loss": 0.29142922163009644, "acc": 0.8782235383987427, "length": 3.976203441619873, "mode": "train", "epoch": 14}
{"loss": 0.3854893743991852, "acc": 0.8512153029441833, "length": 4.0, "mode": "test", "epoch": 14}
{"loss": 0.2808791399002075, "acc": 0.8826285004615784, "length": 3.978925943374634, "mode": "train", "epoch": 15}
{"loss": 0.3655960261821747, "acc": 0.8607639074325562, "length": 4.0, "mode": "test", "epoch": 15}
{"loss": 0.26616808772087097, "acc": 0.8913012146949768, "length": 3.9816513061523438, "mode": "train", "epoch": 16}
{"loss": 0.3393057882785797, "acc": 0.8657985925674438, "length": 4.0, "mode": "test", "epoch": 16}
{"loss": 0.25555822253227234, "acc": 0.8927643895149231, "length": 3.9818115234375, "mode": "train", "epoch": 17}
{"loss": 0.37806999683380127, "acc": 0.8621528148651123, "length": 4.0, "mode": "test", "epoch": 17}
{"loss": 0.23739302158355713, "acc": 0.9014320373535156, "length": 3.9875295162200928, "mode": "train", "epoch": 18}
{"loss": 0.32160863280296326, "acc": 0.8744791150093079, "length": 4.0, "mode": "test", "epoch": 18}
{"loss": 0.22378495335578918, "acc": 0.9076724052429199, "length": 3.98909854888916, "mode": "train", "epoch": 19}
{"loss": 0.31805962324142456, "acc": 0.8746528029441833, "length": 4.0, "mode": "test", "epoch": 19}
{"loss": 0.21119697391986847, "acc": 0.9162728786468506, "length": 3.9883787631988525, "mode": "train", "epoch": 20}
{"loss": 0.29634711146354675, "acc": 0.8909722566604614, "length": 4.0, "mode": "test", "epoch": 20}
{"loss": 0.20017163455486298, "acc": 0.9225675463676453, "length": 3.9902937412261963, "mode": "train", "epoch": 21}
{"loss": 0.2894044816493988, "acc": 0.8987847566604614, "length": 4.0, "mode": "test", "epoch": 21}
{"loss": 0.19770865142345428, "acc": 0.9253767132759094, "length": 3.991488218307495, "mode": "train", "epoch": 22}
{"loss": 0.28742659091949463, "acc": 0.8942708969116211, "length": 4.0, "mode": "test", "epoch": 22}
{"loss": 0.18949083983898163, "acc": 0.9264945387840271, "length": 3.991889476776123, "mode": "train", "epoch": 23}
{"loss": 0.2890928089618683, "acc": 0.8934028148651123, "length": 4.0, "mode": "test", "epoch": 23}
{"loss": 0.17845505475997925, "acc": 0.9295282363891602, "length": 3.9930741786956787, "mode": "train", "epoch": 24}
{"loss": 0.2668876051902771, "acc": 0.8956596851348877, "length": 4.0, "mode": "test", "epoch": 24}
{"loss": 0.17200571298599243, "acc": 0.9334607124328613, "length": 3.9932949542999268, "mode": "train", "epoch": 25}
{"loss": 0.265572190284729, "acc": 0.8994792103767395, "length": 4.0, "mode": "test", "epoch": 25}
{"loss": 0.15557615458965302, "acc": 0.9403171539306641, "length": 3.9939911365509033, "mode": "train", "epoch": 26}
{"loss": 0.2303871214389801, "acc": 0.9109374284744263, "length": 4.0, "mode": "test", "epoch": 26}
{"loss": 0.14729289710521698, "acc": 0.9434937834739685, "length": 3.993960380554199, "mode": "train", "epoch": 27}
{"loss": 0.2286340743303299, "acc": 0.9210069179534912, "length": 4.0, "mode": "test", "epoch": 27}
{"loss": 0.14242805540561676, "acc": 0.9479863047599792, "length": 3.9951140880584717, "mode": "train", "epoch": 28}
{"loss": 0.23364196717739105, "acc": 0.9171874523162842, "length": 4.0, "mode": "test", "epoch": 28}
{"loss": 0.14029638469219208, "acc": 0.9496210813522339, "length": 3.9955289363861084, "mode": "train", "epoch": 29}
{"loss": 0.25210341811180115, "acc": 0.9130207896232605, "length": 4.0, "mode": "test", "epoch": 29}
{"loss": 0.13431939482688904, "acc": 0.9482331275939941, "length": 3.9956729412078857, "mode": "train", "epoch": 30}
{"loss": 0.22693590819835663, "acc": 0.9192708134651184, "length": 4.0, "mode": "test", "epoch": 30}
{"loss": 0.12936826050281525, "acc": 0.9509081840515137, "length": 3.996260404586792, "mode": "train", "epoch": 31}
{"loss": 0.22005748748779297, "acc": 0.9255208969116211, "length": 4.0, "mode": "test", "epoch": 31}
{"loss": 0.12304439395666122, "acc": 0.9555863738059998, "length": 3.9961376190185547, "mode": "train", "epoch": 32}
{"loss": 0.2032661885023117, "acc": 0.9282986521720886, "length": 4.0, "mode": "test", "epoch": 32}
{"loss": 0.11197070777416229, "acc": 0.9597654342651367, "length": 3.996546745300293, "mode": "train", "epoch": 33}
{"loss": 0.21151874959468842, "acc": 0.933506965637207, "length": 4.0, "mode": "test", "epoch": 33}
{"loss": 0.10944916307926178, "acc": 0.9592081308364868, "length": 3.9968559741973877, "mode": "train", "epoch": 34}
{"loss": 0.18617162108421326, "acc": 0.9345486760139465, "length": 4.0, "mode": "test", "epoch": 34}
{"loss": 0.10160113126039505, "acc": 0.9647066593170166, "length": 3.996788740158081, "mode": "train", "epoch": 35}
{"loss": 0.19845804572105408, "acc": 0.9361111521720886, "length": 4.0, "mode": "test", "epoch": 35}
{"loss": 0.10717523843050003, "acc": 0.9619225859642029, "length": 3.9969725608825684, "mode": "train", "epoch": 36}
{"loss": 0.18225637078285217, "acc": 0.9447916746139526, "length": 4.0, "mode": "test", "epoch": 36}
{"loss": 0.0999009981751442, "acc": 0.9625353217124939, "length": 3.9979071617126465, "mode": "train", "epoch": 37}
{"loss": 0.1653154492378235, "acc": 0.9456597566604614, "length": 4.0, "mode": "test", "epoch": 37}
{"loss": 0.09399770200252533, "acc": 0.966757595539093, "length": 3.9979372024536133, "mode": "train", "epoch": 38}
{"loss": 0.18369869887828827, "acc": 0.9333333969116211, "length": 4.0, "mode": "test", "epoch": 38}
{"loss": 0.09810258448123932, "acc": 0.9621977806091309, "length": 3.9982457160949707, "mode": "train", "epoch": 39}
{"loss": 0.18134133517742157, "acc": 0.9414931535720825, "length": 4.0, "mode": "test", "epoch": 39}
{"loss": 0.1028066948056221, "acc": 0.9650800824165344, "length": 3.99782395362854, "mode": "train", "epoch": 40}
{"loss": 0.22136835753917694, "acc": 0.9300346374511719, "length": 4.0, "mode": "test", "epoch": 40}
{"loss": 0.08715838938951492, "acc": 0.9659019708633423, "length": 3.9981372356414795, "mode": "train", "epoch": 41}
{"loss": 0.1693522185087204, "acc": 0.9388889670372009, "length": 4.0, "mode": "test", "epoch": 41}
{"loss": 0.08998335897922516, "acc": 0.9671836495399475, "length": 3.9984347820281982, "mode": "train", "epoch": 42}
{"loss": 0.17328302562236786, "acc": 0.9487847089767456, "length": 4.0, "mode": "test", "epoch": 42}
{"loss": 0.07645054161548615, "acc": 0.97193843126297, "length": 3.9983863830566406, "mode": "train", "epoch": 43}
{"loss": 0.16293033957481384, "acc": 0.9499999284744263, "length": 4.0, "mode": "test", "epoch": 43}
{"loss": 0.0681925117969513, "acc": 0.9766380786895752, "length": 3.998610496520996, "mode": "train", "epoch": 44}
{"loss": 0.15629525482654572, "acc": 0.9491318464279175, "length": 4.0, "mode": "test", "epoch": 44}
{"loss": 0.05981068313121796, "acc": 0.9800460934638977, "length": 3.998025417327881, "mode": "train", "epoch": 45}
{"loss": 0.16067743301391602, "acc": 0.9421874284744263, "length": 4.0, "mode": "test", "epoch": 45}
{"loss": 0.05322020500898361, "acc": 0.9830228090286255, "length": 3.998737096786499, "mode": "train", "epoch": 46}
{"loss": 0.1705438196659088, "acc": 0.9479166865348816, "length": 4.0, "mode": "test", "epoch": 46}
{"loss": 0.05470160022377968, "acc": 0.9815529584884644, "length": 3.997741222381592, "mode": "train", "epoch": 47}
{"loss": 0.15934769809246063, "acc": 0.9520832896232605, "length": 4.0, "mode": "test", "epoch": 47}
{"loss": 0.050578467547893524, "acc": 0.9852889776229858, "length": 3.9987897872924805, "mode": "train", "epoch": 48}
{"loss": 0.1744387447834015, "acc": 0.9421874284744263, "length": 4.0, "mode": "test", "epoch": 48}
{"loss": 0.05145000293850899, "acc": 0.9848237037658691, "length": 3.9989888668060303, "mode": "train", "epoch": 49}
{"loss": 0.211325004696846, "acc": 0.9470486044883728, "length": 4.0, "mode": "test", "epoch": 49}
{"loss": 0.05494875833392143, "acc": 0.9815874099731445, "length": 3.9992294311523438, "mode": "train", "epoch": 50}
{"loss": 0.14477728307247162, "acc": 0.9545138478279114, "length": 4.0, "mode": "test", "epoch": 50}
{"loss": 0.04667298495769501, "acc": 0.9856973886489868, "length": 3.9989116191864014, "mode": "train", "epoch": 51}
{"loss": 0.14688996970653534, "acc": 0.9588542580604553, "length": 4.0, "mode": "test", "epoch": 51}
{"loss": 0.04003899544477463, "acc": 0.9857047200202942, "length": 3.9992847442626953, "mode": "train", "epoch": 52}
{"loss": 0.13601841032505035, "acc": 0.9572916030883789, "length": 4.0, "mode": "test", "epoch": 52}
{"loss": 0.042744141072034836, "acc": 0.9852953553199768, "length": 3.999267339706421, "mode": "train", "epoch": 53}
{"loss": 0.14511071145534515, "acc": 0.9612846374511719, "length": 4.0, "mode": "test", "epoch": 53}
{"loss": 0.04005378484725952, "acc": 0.9870876669883728, "length": 3.999009370803833, "mode": "train", "epoch": 54}
{"loss": 0.12826770544052124, "acc": 0.9618055820465088, "length": 4.0, "mode": "test", "epoch": 54}
{"loss": 0.03930126130580902, "acc": 0.987619936466217, "length": 3.9991769790649414, "mode": "train", "epoch": 55}
{"loss": 0.12494420260190964, "acc": 0.9657986164093018, "length": 4.0, "mode": "test", "epoch": 55}
{"loss": 0.04211767762899399, "acc": 0.9874587655067444, "length": 3.999636173248291, "mode": "train", "epoch": 56}
{"loss": 0.1329965591430664, "acc": 0.9626734852790833, "length": 4.0, "mode": "test", "epoch": 56}
{"loss": 0.03906584903597832, "acc": 0.9879200458526611, "length": 3.999617338180542, "mode": "train", "epoch": 57}
{"loss": 0.1324744075536728, "acc": 0.9647568464279175, "length": 4.0, "mode": "test", "epoch": 57}
{"loss": 0.035778481513261795, "acc": 0.9906646013259888, "length": 3.998533248901367, "mode": "train", "epoch": 58}
{"loss": 0.11074816435575485, "acc": 0.9741320013999939, "length": 4.0, "mode": "test", "epoch": 58}
{"loss": 0.028596213087439537, "acc": 0.9930849671363831, "length": 3.999636650085449, "mode": "train", "epoch": 59}
{"loss": 0.12131085246801376, "acc": 0.9701388478279114, "length": 4.0, "mode": "test", "epoch": 59}
{"loss": 0.03351151570677757, "acc": 0.989936351776123, "length": 3.998927354812622, "mode": "train", "epoch": 60}
{"loss": 0.13960905373096466, "acc": 0.9618054628372192, "length": 4.0, "mode": "test", "epoch": 60}
test accuracy: 0.8362069129943848
