# ["--attributes=3", "--values=4", "--game_size=10", "--vocab_size_factor=3", "--n_epochs=60", "--batch_size=32", "--learning_rate=0.001", "--hidden_size=256", "--temp_update=0.97", "--temperature=1"]
Creating train_ds and val_ds...

Creating test_ds...
{"loss": 0.705380380153656, "acc": 0.510498583316803, "length": 1.792272686958313, "mode": "train", "epoch": 1}
{"loss": 0.6922706365585327, "acc": 0.5073883533477783, "length": 1.0, "mode": "test", "epoch": 1}
{"loss": 0.6932371258735657, "acc": 0.5295131802558899, "length": 1.000408411026001, "mode": "train", "epoch": 2}
{"loss": 0.6917576193809509, "acc": 0.5348796844482422, "length": 1.0, "mode": "test", "epoch": 2}
{"loss": 0.6941006183624268, "acc": 0.5311846733093262, "length": 1.000107765197754, "mode": "train", "epoch": 3}
{"loss": 0.6939813494682312, "acc": 0.5061856508255005, "length": 1.0, "mode": "test", "epoch": 3}
{"loss": 0.6954100728034973, "acc": 0.5232451558113098, "length": 1.000075101852417, "mode": "train", "epoch": 4}
{"loss": 0.6888468861579895, "acc": 0.5350514650344849, "length": 1.0, "mode": "test", "epoch": 4}
{"loss": 0.6942111253738403, "acc": 0.5200799107551575, "length": 1.0000982284545898, "mode": "train", "epoch": 5}
{"loss": 0.691699743270874, "acc": 0.5230239629745483, "length": 1.0, "mode": "test", "epoch": 5}
{"loss": 0.6950646042823792, "acc": 0.5256034135818481, "length": 1.0001120567321777, "mode": "train", "epoch": 6}
{"loss": 0.6967768669128418, "acc": 0.5115121006965637, "length": 1.0, "mode": "test", "epoch": 6}
{"loss": 0.692249596118927, "acc": 0.508400559425354, "length": 1.000038743019104, "mode": "train", "epoch": 7}
{"loss": 0.6897674202919006, "acc": 0.5451889634132385, "length": 1.0, "mode": "test", "epoch": 7}
{"loss": 0.6899922490119934, "acc": 0.5336019992828369, "length": 1.0000377893447876, "mode": "train", "epoch": 8}
{"loss": 0.6915190815925598, "acc": 0.5297250747680664, "length": 1.0, "mode": "test", "epoch": 8}
{"loss": 0.691603422164917, "acc": 0.5201953649520874, "length": 1.0000252723693848, "mode": "train", "epoch": 9}
{"loss": 0.6899654269218445, "acc": 0.5400344133377075, "length": 1.0, "mode": "test", "epoch": 9}
{"loss": 0.6919435858726501, "acc": 0.528538703918457, "length": 1.000028371810913, "mode": "train", "epoch": 10}
{"loss": 0.6920364499092102, "acc": 0.513573944568634, "length": 1.0, "mode": "test", "epoch": 10}
{"loss": 0.6928606629371643, "acc": 0.5056960582733154, "length": 1.0000418424606323, "mode": "train", "epoch": 11}
{"loss": 0.6899315714836121, "acc": 0.5278350710868835, "length": 1.0, "mode": "test", "epoch": 11}
{"loss": 0.6918841600418091, "acc": 0.530494749546051, "length": 1.00001060962677, "mode": "train", "epoch": 12}
{"loss": 0.6905273795127869, "acc": 0.5310996770858765, "length": 1.0, "mode": "test", "epoch": 12}
{"loss": 0.690455973148346, "acc": 0.5277331471443176, "length": 1.0000252723693848, "mode": "train", "epoch": 13}
{"loss": 0.685032844543457, "acc": 0.5182130932807922, "length": 1.0, "mode": "test", "epoch": 13}
{"loss": 0.690409779548645, "acc": 0.5236477255821228, "length": 1.0000219345092773, "mode": "train", "epoch": 14}
{"loss": 0.691438615322113, "acc": 0.5199312567710876, "length": 1.0, "mode": "test", "epoch": 14}
{"loss": 0.6891162991523743, "acc": 0.536424994468689, "length": 1.0004088878631592, "mode": "train", "epoch": 15}
{"loss": 0.6844300031661987, "acc": 0.5640893578529358, "length": 1.0, "mode": "test", "epoch": 15}
{"loss": 0.6873182058334351, "acc": 0.5345199704170227, "length": 1.0001282691955566, "mode": "train", "epoch": 16}
{"loss": 0.6898557543754578, "acc": 0.5194157958030701, "length": 1.0, "mode": "test", "epoch": 16}
{"loss": 0.689103364944458, "acc": 0.5304372906684875, "length": 1.0000025033950806, "mode": "train", "epoch": 17}
{"loss": 0.683233916759491, "acc": 0.5463917255401611, "length": 1.0, "mode": "test", "epoch": 17}
{"loss": 0.6882851719856262, "acc": 0.5320491194725037, "length": 1.0000180006027222, "mode": "train", "epoch": 18}
{"loss": 0.6898537874221802, "acc": 0.5012026429176331, "length": 1.0, "mode": "test", "epoch": 18}
{"loss": 0.686120331287384, "acc": 0.5323935151100159, "length": 1.0000113248825073, "mode": "train", "epoch": 19}
{"loss": 0.6855997443199158, "acc": 0.5451890230178833, "length": 1.0, "mode": "test", "epoch": 19}
{"loss": 0.6897825002670288, "acc": 0.5287110805511475, "length": 1.0000053644180298, "mode": "train", "epoch": 20}
{"loss": 0.6852455735206604, "acc": 0.5304123163223267, "length": 1.0, "mode": "test", "epoch": 20}
{"loss": 0.6865509152412415, "acc": 0.5283694267272949, "length": 1.0001519918441772, "mode": "train", "epoch": 21}
{"loss": 0.6836531162261963, "acc": 0.5567010641098022, "length": 1.0, "mode": "test", "epoch": 21}
{"loss": 0.6885160803794861, "acc": 0.5322785973548889, "length": 1.0000004768371582, "mode": "train", "epoch": 22}
{"loss": 0.6810765266418457, "acc": 0.5565292239189148, "length": 1.0, "mode": "test", "epoch": 22}
{"loss": 0.6860725283622742, "acc": 0.5323935151100159, "length": 1.000001072883606, "mode": "train", "epoch": 23}
{"loss": 0.6856915354728699, "acc": 0.5278350710868835, "length": 1.0, "mode": "test", "epoch": 23}
{"loss": 0.6836472153663635, "acc": 0.5338320732116699, "length": 1.0000001192092896, "mode": "train", "epoch": 24}
{"loss": 0.6840288043022156, "acc": 0.5410652756690979, "length": 1.0, "mode": "test", "epoch": 24}
{"loss": 0.6858723759651184, "acc": 0.5325087904930115, "length": 1.0000001192092896, "mode": "train", "epoch": 25}
{"loss": 0.6777446866035461, "acc": 0.5561856031417847, "length": 1.0, "mode": "test", "epoch": 25}
{"loss": 0.6859342455863953, "acc": 0.5304948091506958, "length": 1.0000014305114746, "mode": "train", "epoch": 26}
{"loss": 0.6826233267784119, "acc": 0.5414090156555176, "length": 1.0, "mode": "test", "epoch": 26}
{"loss": 0.6827862858772278, "acc": 0.5376294851303101, "length": 1.0000001192092896, "mode": "train", "epoch": 27}
{"loss": 0.6878167390823364, "acc": 0.5256013870239258, "length": 1.0, "mode": "test", "epoch": 27}
{"loss": 0.6841323971748352, "acc": 0.5338895320892334, "length": 1.0000016689300537, "mode": "train", "epoch": 28}
{"loss": 0.6832367777824402, "acc": 0.5565292239189148, "length": 1.0, "mode": "test", "epoch": 28}
{"loss": 0.6821327805519104, "acc": 0.5277905464172363, "length": 1.0000001192092896, "mode": "train", "epoch": 29}
{"loss": 0.6799101233482361, "acc": 0.5503436923027039, "length": 1.0, "mode": "test", "epoch": 29}
{"loss": 0.6840593218803406, "acc": 0.5406776666641235, "length": 1.0000381469726562, "mode": "train", "epoch": 30}
{"loss": 0.6802138090133667, "acc": 0.5250858664512634, "length": 1.0, "mode": "test", "epoch": 30}
{"loss": 0.6813451647758484, "acc": 0.5232452154159546, "length": 1.0000096559524536, "mode": "train", "epoch": 31}
{"loss": 0.6833279728889465, "acc": 0.5438144207000732, "length": 1.0, "mode": "test", "epoch": 31}
{"loss": 0.683306872844696, "acc": 0.5341771841049194, "length": 1.0000032186508179, "mode": "train", "epoch": 32}
{"loss": 0.679083526134491, "acc": 0.566494882106781, "length": 1.0, "mode": "test", "epoch": 32}
{"loss": 0.681915819644928, "acc": 0.5369965434074402, "length": 1.0000100135803223, "mode": "train", "epoch": 33}
{"loss": 0.6787174940109253, "acc": 0.5649484395980835, "length": 1.0, "mode": "test", "epoch": 33}
{"loss": 0.6796811819076538, "acc": 0.5438361167907715, "length": 1.0001661777496338, "mode": "train", "epoch": 34}
{"loss": 0.680261492729187, "acc": 0.5438144207000732, "length": 1.0, "mode": "test", "epoch": 34}
{"loss": 0.6822699308395386, "acc": 0.5305522680282593, "length": 1.000004768371582, "mode": "train", "epoch": 35}
{"loss": 0.6782849431037903, "acc": 0.5707903504371643, "length": 1.0, "mode": "test", "epoch": 35}
{"loss": 0.6808860898017883, "acc": 0.5420599579811096, "length": 1.0000001192092896, "mode": "train", "epoch": 36}
{"loss": 0.6838235855102539, "acc": 0.5634021162986755, "length": 1.0, "mode": "test", "epoch": 36}
{"loss": 0.6809099316596985, "acc": 0.5341772437095642, "length": 1.0, "mode": "train", "epoch": 37}
{"loss": 0.6789305210113525, "acc": 0.5396907329559326, "length": 1.0, "mode": "test", "epoch": 37}
{"loss": 0.678611159324646, "acc": 0.5457422137260437, "length": 1.0, "mode": "train", "epoch": 38}
{"loss": 0.6765321493148804, "acc": 0.5601375102996826, "length": 1.0, "mode": "test", "epoch": 38}
{"loss": 0.6814190745353699, "acc": 0.5350977778434753, "length": 1.0000001192092896, "mode": "train", "epoch": 39}
{"loss": 0.6762869358062744, "acc": 0.5312715172767639, "length": 1.0, "mode": "test", "epoch": 39}
{"loss": 0.6807278394699097, "acc": 0.5429804921150208, "length": 1.0000004768371582, "mode": "train", "epoch": 40}
{"loss": 0.6790048480033875, "acc": 0.5591065883636475, "length": 1.0, "mode": "test", "epoch": 40}
{"loss": 0.682029664516449, "acc": 0.537341833114624, "length": 1.0, "mode": "train", "epoch": 41}
{"loss": 0.6786674857139587, "acc": 0.5621992945671082, "length": 1.0, "mode": "test", "epoch": 41}
{"loss": 0.6807172298431396, "acc": 0.5427502989768982, "length": 1.0000005960464478, "mode": "train", "epoch": 42}
{"loss": 0.6772023439407349, "acc": 0.5644329786300659, "length": 1.0, "mode": "test", "epoch": 42}
{"loss": 0.679059624671936, "acc": 0.5435558557510376, "length": 1.000000238418579, "mode": "train", "epoch": 43}
{"loss": 0.678628146648407, "acc": 0.5524054765701294, "length": 1.0, "mode": "test", "epoch": 43}
{"loss": 0.6810135245323181, "acc": 0.5398734211921692, "length": 1.0000001192092896, "mode": "train", "epoch": 44}
{"loss": 0.6801266670227051, "acc": 0.5417525768280029, "length": 1.0, "mode": "test", "epoch": 44}
{"loss": 0.6792407631874084, "acc": 0.5322209596633911, "length": 1.0000001192092896, "mode": "train", "epoch": 45}
{"loss": 0.676880419254303, "acc": 0.5649484395980835, "length": 1.0, "mode": "test", "epoch": 45}
{"loss": 0.6808447241783142, "acc": 0.5413117408752441, "length": 1.0000042915344238, "mode": "train", "epoch": 46}
{"loss": 0.6795757412910461, "acc": 0.5613402724266052, "length": 1.0, "mode": "test", "epoch": 46}
{"loss": 0.6797784566879272, "acc": 0.5489068031311035, "length": 1.0000001192092896, "mode": "train", "epoch": 47}
{"loss": 0.675198495388031, "acc": 0.5596219897270203, "length": 1.0, "mode": "test", "epoch": 47}
{"loss": 0.6792004108428955, "acc": 0.5430376529693604, "length": 1.000014066696167, "mode": "train", "epoch": 48}
{"loss": 0.6853653788566589, "acc": 0.5634021162986755, "length": 1.0, "mode": "test", "epoch": 48}
{"loss": 0.6823207139968872, "acc": 0.5451669096946716, "length": 1.0, "mode": "train", "epoch": 49}
{"loss": 0.6760138869285583, "acc": 0.5463917255401611, "length": 1.0, "mode": "test", "epoch": 49}
{"loss": 0.6803480386734009, "acc": 0.5436708927154541, "length": 1.0, "mode": "train", "epoch": 50}
{"loss": 0.6789200901985168, "acc": 0.5293814539909363, "length": 1.0, "mode": "test", "epoch": 50}
{"loss": 0.6785651445388794, "acc": 0.5408027172088623, "length": 1.0002514123916626, "mode": "train", "epoch": 51}
{"loss": 0.6773271560668945, "acc": 0.5656357407569885, "length": 1.0, "mode": "test", "epoch": 51}
{"loss": 0.6795785427093506, "acc": 0.5425201654434204, "length": 1.0, "mode": "train", "epoch": 52}
{"loss": 0.6800484657287598, "acc": 0.5532646179199219, "length": 1.0, "mode": "test", "epoch": 52}
{"loss": 0.6796348690986633, "acc": 0.5299193859100342, "length": 1.0, "mode": "train", "epoch": 53}
{"loss": 0.6765376329421997, "acc": 0.5635738968849182, "length": 1.0, "mode": "test", "epoch": 53}
{"loss": 0.6804149746894836, "acc": 0.5421748757362366, "length": 1.0, "mode": "train", "epoch": 54}
{"loss": 0.6757067441940308, "acc": 0.5656357407569885, "length": 1.0, "mode": "test", "epoch": 54}
{"loss": 0.6774049401283264, "acc": 0.5495396852493286, "length": 1.0, "mode": "train", "epoch": 55}
{"loss": 0.6774460077285767, "acc": 0.5582473874092102, "length": 1.0, "mode": "test", "epoch": 55}
{"loss": 0.6786636710166931, "acc": 0.5510357022285461, "length": 1.0, "mode": "train", "epoch": 56}
{"loss": 0.6785289645195007, "acc": 0.5692440271377563, "length": 1.0, "mode": "test", "epoch": 56}
{"loss": 0.679381251335144, "acc": 0.5402761697769165, "length": 1.0, "mode": "train", "epoch": 57}
{"loss": 0.6786918044090271, "acc": 0.5723367929458618, "length": 1.0, "mode": "test", "epoch": 57}
{"loss": 0.6785094141960144, "acc": 0.5420598387718201, "length": 1.0, "mode": "train", "epoch": 58}
{"loss": 0.6759210824966431, "acc": 0.5730240345001221, "length": 1.0, "mode": "test", "epoch": 58}
{"loss": 0.6777181029319763, "acc": 0.5421174168586731, "length": 1.0000001192092896, "mode": "train", "epoch": 59}
{"loss": 0.6789889335632324, "acc": 0.5625429153442383, "length": 1.0, "mode": "test", "epoch": 59}
{"loss": 0.6809058785438538, "acc": 0.5411391854286194, "length": 1.0, "mode": "train", "epoch": 60}
{"loss": 0.6834346652030945, "acc": 0.5412370562553406, "length": 1.0, "mode": "test", "epoch": 60}
test accuracy: 0.3162499964237213
