# ["--attributes=5", "--values=4", "--game_size=10", "--vocab_size_factor=3", "--n_epochs=60", "--batch_size=64", "--learning_rate=0.001", "--hidden_size=128", "--temp_update=0.97", "--temperature=1"]
Creating train_ds and val_ds...

Creating test_ds...
{"loss": 0.697612464427948, "acc": 0.5183214545249939, "length": 3.4409313201904297, "mode": "train", "epoch": 1}
{"loss": 0.6866229176521301, "acc": 0.5501035451889038, "length": 1.1484098434448242, "mode": "test", "epoch": 1}
{"loss": 0.6826269626617432, "acc": 0.5451726317405701, "length": 3.034480333328247, "mode": "train", "epoch": 2}
{"loss": 0.6609029173851013, "acc": 0.6362271308898926, "length": 2.3144876956939697, "mode": "test", "epoch": 2}
{"loss": 0.6283008456230164, "acc": 0.6806297898292542, "length": 3.032057046890259, "mode": "train", "epoch": 3}
{"loss": 0.5840502977371216, "acc": 0.7241376638412476, "length": 3.2685513496398926, "mode": "test", "epoch": 3}
{"loss": 0.5224193334579468, "acc": 0.769575297832489, "length": 3.5678887367248535, "mode": "train", "epoch": 4}
{"loss": 0.5027610659599304, "acc": 0.7951663136482239, "length": 3.985865831375122, "mode": "test", "epoch": 4}
{"loss": 0.43782109022140503, "acc": 0.8113747239112854, "length": 3.9087202548980713, "mode": "train", "epoch": 5}
{"loss": 0.4455542266368866, "acc": 0.8007066249847412, "length": 4.0, "mode": "test", "epoch": 5}
{"loss": 0.39330992102622986, "acc": 0.8266345858573914, "length": 3.9750893115997314, "mode": "train", "epoch": 6}
{"loss": 0.4177846908569336, "acc": 0.8312720656394958, "length": 4.0, "mode": "test", "epoch": 6}
{"loss": 0.37711402773857117, "acc": 0.839076817035675, "length": 3.98677134513855, "mode": "train", "epoch": 7}
{"loss": 0.4140285551548004, "acc": 0.8141342997550964, "length": 4.0, "mode": "test", "epoch": 7}
{"loss": 0.3650011420249939, "acc": 0.8466734290122986, "length": 3.9860928058624268, "mode": "train", "epoch": 8}
{"loss": 0.3998301923274994, "acc": 0.8250883221626282, "length": 4.0, "mode": "test", "epoch": 8}
{"loss": 0.34747588634490967, "acc": 0.8547636866569519, "length": 3.98701810836792, "mode": "train", "epoch": 9}
{"loss": 0.40018483996391296, "acc": 0.8360423445701599, "length": 4.0, "mode": "test", "epoch": 9}
{"loss": 0.34164100885391235, "acc": 0.8560164570808411, "length": 3.989675283432007, "mode": "train", "epoch": 10}
{"loss": 0.3881984353065491, "acc": 0.8395760655403137, "length": 4.0, "mode": "test", "epoch": 10}
{"loss": 0.34293505549430847, "acc": 0.8590995073318481, "length": 3.9903266429901123, "mode": "train", "epoch": 11}
{"loss": 0.38272950053215027, "acc": 0.8409892916679382, "length": 4.0, "mode": "test", "epoch": 11}
{"loss": 0.3319595456123352, "acc": 0.8623517155647278, "length": 3.9962451457977295, "mode": "train", "epoch": 12}
{"loss": 0.37976187467575073, "acc": 0.8395760655403137, "length": 4.0, "mode": "test", "epoch": 12}
{"loss": 0.3293379545211792, "acc": 0.8634967803955078, "length": 3.9915270805358887, "mode": "train", "epoch": 13}
{"loss": 0.36684560775756836, "acc": 0.8425793647766113, "length": 4.0, "mode": "test", "epoch": 13}
{"loss": 0.3200332224369049, "acc": 0.8653210401535034, "length": 3.994692802429199, "mode": "train", "epoch": 14}
{"loss": 0.34961986541748047, "acc": 0.8478797674179077, "length": 4.0, "mode": "test", "epoch": 14}
{"loss": 0.3099687993526459, "acc": 0.8659052848815918, "length": 3.9974327087402344, "mode": "train", "epoch": 15}
{"loss": 0.34975358843803406, "acc": 0.8553004264831543, "length": 4.0, "mode": "test", "epoch": 15}
{"loss": 0.3032711148262024, "acc": 0.8764680027961731, "length": 3.996634006500244, "mode": "train", "epoch": 16}
{"loss": 0.3269343376159668, "acc": 0.8708481788635254, "length": 4.0, "mode": "test", "epoch": 16}
{"loss": 0.2891022861003876, "acc": 0.8810749650001526, "length": 3.9968628883361816, "mode": "train", "epoch": 17}
{"loss": 0.3191099762916565, "acc": 0.8568904399871826, "length": 4.0, "mode": "test", "epoch": 17}
{"loss": 0.2823493182659149, "acc": 0.8806399703025818, "length": 3.9949116706848145, "mode": "train", "epoch": 18}
{"loss": 0.2971545159816742, "acc": 0.8818022012710571, "length": 4.0, "mode": "test", "epoch": 18}
{"loss": 0.2716129422187805, "acc": 0.8865603804588318, "length": 3.9972968101501465, "mode": "train", "epoch": 19}
{"loss": 0.29583534598350525, "acc": 0.8782685399055481, "length": 4.0, "mode": "test", "epoch": 19}
{"loss": 0.26402387022972107, "acc": 0.8899719715118408, "length": 3.995253324508667, "mode": "train", "epoch": 20}
{"loss": 0.27775275707244873, "acc": 0.8837454915046692, "length": 4.0, "mode": "test", "epoch": 20}
{"loss": 0.25667572021484375, "acc": 0.8983526229858398, "length": 3.996907949447632, "mode": "train", "epoch": 21}
{"loss": 0.2766558527946472, "acc": 0.8876324892044067, "length": 4.0, "mode": "test", "epoch": 21}
{"loss": 0.24807941913604736, "acc": 0.9000162482261658, "length": 3.997734308242798, "mode": "train", "epoch": 22}
{"loss": 0.28766369819641113, "acc": 0.8858656883239746, "length": 4.0, "mode": "test", "epoch": 22}
{"loss": 0.24291476607322693, "acc": 0.9028517007827759, "length": 3.997633457183838, "mode": "train", "epoch": 23}
{"loss": 0.2561045289039612, "acc": 0.9028268456459045, "length": 4.0, "mode": "test", "epoch": 23}
{"loss": 0.23482927680015564, "acc": 0.9090228080749512, "length": 3.9994733333587646, "mode": "train", "epoch": 24}
{"loss": 0.27849718928337097, "acc": 0.8936396241188049, "length": 4.0, "mode": "test", "epoch": 24}
{"loss": 0.23427779972553253, "acc": 0.905813455581665, "length": 3.9986002445220947, "mode": "train", "epoch": 25}
{"loss": 0.24797530472278595, "acc": 0.9091872572898865, "length": 4.0, "mode": "test", "epoch": 25}
{"loss": 0.2238261103630066, "acc": 0.9130401015281677, "length": 3.9997682571411133, "mode": "train", "epoch": 26}
{"loss": 0.26319488883018494, "acc": 0.8992932438850403, "length": 4.0, "mode": "test", "epoch": 26}
{"loss": 0.2199818193912506, "acc": 0.9109848141670227, "length": 3.998577356338501, "mode": "train", "epoch": 27}
{"loss": 0.26299959421157837, "acc": 0.8964663743972778, "length": 4.0, "mode": "test", "epoch": 27}
{"loss": 0.21704939007759094, "acc": 0.9136300086975098, "length": 3.999664783477783, "mode": "train", "epoch": 28}
{"loss": 0.24839042127132416, "acc": 0.8973497748374939, "length": 4.0, "mode": "test", "epoch": 28}
{"loss": 0.21134339272975922, "acc": 0.9169943332672119, "length": 3.9997243881225586, "mode": "train", "epoch": 29}
{"loss": 0.24113929271697998, "acc": 0.9007068276405334, "length": 4.0, "mode": "test", "epoch": 29}
{"loss": 0.21259567141532898, "acc": 0.9191253185272217, "length": 3.9999003410339355, "mode": "train", "epoch": 30}
{"loss": 0.25083455443382263, "acc": 0.9038870334625244, "length": 4.0, "mode": "test", "epoch": 30}
{"loss": 0.2073725163936615, "acc": 0.9181071519851685, "length": 3.999312162399292, "mode": "train", "epoch": 31}
{"loss": 0.25271162390708923, "acc": 0.8987631797790527, "length": 4.0, "mode": "test", "epoch": 31}
{"loss": 0.20598527789115906, "acc": 0.9179883003234863, "length": 3.999358892440796, "mode": "train", "epoch": 32}
{"loss": 0.26060447096824646, "acc": 0.8950530290603638, "length": 4.0, "mode": "test", "epoch": 32}
{"loss": 0.21367639303207397, "acc": 0.9143933057785034, "length": 3.999545097351074, "mode": "train", "epoch": 33}
{"loss": 0.25261378288269043, "acc": 0.8938160538673401, "length": 4.0, "mode": "test", "epoch": 33}
{"loss": 0.21030597388744354, "acc": 0.9150797128677368, "length": 3.9982893466949463, "mode": "train", "epoch": 34}
{"loss": 0.24732883274555206, "acc": 0.9030035734176636, "length": 4.0, "mode": "test", "epoch": 34}
{"loss": 0.1966342031955719, "acc": 0.9256678223609924, "length": 3.999591827392578, "mode": "train", "epoch": 35}
{"loss": 0.2192978411912918, "acc": 0.9106007218360901, "length": 4.0, "mode": "test", "epoch": 35}
{"loss": 0.1993669867515564, "acc": 0.9254406094551086, "length": 3.9998984336853027, "mode": "train", "epoch": 36}
{"loss": 0.24234072864055634, "acc": 0.91166090965271, "length": 4.0, "mode": "test", "epoch": 36}
{"loss": 0.19094163179397583, "acc": 0.9245849251747131, "length": 3.9985761642456055, "mode": "train", "epoch": 37}
{"loss": 0.22544048726558685, "acc": 0.906183660030365, "length": 4.0, "mode": "test", "epoch": 37}
{"loss": 0.18424004316329956, "acc": 0.9267140030860901, "length": 3.9983839988708496, "mode": "train", "epoch": 38}
{"loss": 0.23292283713817596, "acc": 0.9097173810005188, "length": 4.0, "mode": "test", "epoch": 38}
{"loss": 0.18471285700798035, "acc": 0.9337122440338135, "length": 3.998314380645752, "mode": "train", "epoch": 39}
{"loss": 0.24694645404815674, "acc": 0.9132508039474487, "length": 4.0, "mode": "test", "epoch": 39}
{"loss": 0.1835208684206009, "acc": 0.9267346262931824, "length": 3.9995930194854736, "mode": "train", "epoch": 40}
{"loss": 0.22728314995765686, "acc": 0.9164311289787292, "length": 4.0, "mode": "test", "epoch": 40}
{"loss": 0.18500064313411713, "acc": 0.9349621534347534, "length": 3.998267650604248, "mode": "train", "epoch": 41}
{"loss": 0.21453706920146942, "acc": 0.9273852109909058, "length": 4.0, "mode": "test", "epoch": 41}
{"loss": 0.17797015607357025, "acc": 0.9342809319496155, "length": 3.999359130859375, "mode": "train", "epoch": 42}
{"loss": 0.2121131867170334, "acc": 0.926148533821106, "length": 4.0, "mode": "test", "epoch": 42}
{"loss": 0.19020916521549225, "acc": 0.9261922240257263, "length": 3.999138832092285, "mode": "train", "epoch": 43}
{"loss": 0.20679906010627747, "acc": 0.9102473855018616, "length": 4.0, "mode": "test", "epoch": 43}
{"loss": 0.18004730343818665, "acc": 0.9260836839675903, "length": 3.99434494972229, "mode": "train", "epoch": 44}
{"loss": 0.23614993691444397, "acc": 0.9118373990058899, "length": 4.0, "mode": "test", "epoch": 44}
{"loss": 0.1945141851902008, "acc": 0.9253990650177002, "length": 3.9974215030670166, "mode": "train", "epoch": 45}
{"loss": 0.2165050506591797, "acc": 0.9171377420425415, "length": 4.0, "mode": "test", "epoch": 45}
{"loss": 0.19105197489261627, "acc": 0.9251732230186462, "length": 3.9985873699188232, "mode": "train", "epoch": 46}
{"loss": 0.2348758429288864, "acc": 0.9174911379814148, "length": 4.0, "mode": "test", "epoch": 46}
{"loss": 0.1699923574924469, "acc": 0.9321920871734619, "length": 3.9982662200927734, "mode": "train", "epoch": 47}
{"loss": 0.2150256633758545, "acc": 0.9199645519256592, "length": 4.0, "mode": "test", "epoch": 47}
{"loss": 0.1802636682987213, "acc": 0.9299275279045105, "length": 3.991138219833374, "mode": "train", "epoch": 48}
{"loss": 0.24487422406673431, "acc": 0.9061837792396545, "length": 4.0, "mode": "test", "epoch": 48}
{"loss": 0.181033194065094, "acc": 0.9317822456359863, "length": 3.998432159423828, "mode": "train", "epoch": 49}
{"loss": 0.19864873588085175, "acc": 0.9226147532463074, "length": 4.0, "mode": "test", "epoch": 49}
{"loss": 0.18504133820533752, "acc": 0.9304984211921692, "length": 3.999631643295288, "mode": "train", "epoch": 50}
{"loss": 0.20861919224262238, "acc": 0.918021023273468, "length": 4.0, "mode": "test", "epoch": 50}
{"loss": 0.18600787222385406, "acc": 0.9292144775390625, "length": 3.9980480670928955, "mode": "train", "epoch": 51}
{"loss": 0.1837705671787262, "acc": 0.923498272895813, "length": 4.0, "mode": "test", "epoch": 51}
{"loss": 0.18136633932590485, "acc": 0.9325217604637146, "length": 3.9985573291778564, "mode": "train", "epoch": 52}
{"loss": 0.215178444981575, "acc": 0.9185511469841003, "length": 4.0, "mode": "test", "epoch": 52}
{"loss": 0.17529745399951935, "acc": 0.9338834285736084, "length": 3.997990608215332, "mode": "train", "epoch": 53}
{"loss": 0.18761835992336273, "acc": 0.923498272895813, "length": 4.0, "mode": "test", "epoch": 53}
{"loss": 0.16431079804897308, "acc": 0.9351096749305725, "length": 3.9965176582336426, "mode": "train", "epoch": 54}
{"loss": 0.20420949161052704, "acc": 0.9204946160316467, "length": 4.0, "mode": "test", "epoch": 54}
{"loss": 0.1713731437921524, "acc": 0.9348120093345642, "length": 3.9986677169799805, "mode": "train", "epoch": 55}
{"loss": 0.19791977107524872, "acc": 0.9247350096702576, "length": 4.0, "mode": "test", "epoch": 55}
{"loss": 0.15810327231884003, "acc": 0.9394199848175049, "length": 3.9992411136627197, "mode": "train", "epoch": 56}
{"loss": 0.17166797816753387, "acc": 0.9277384877204895, "length": 4.0, "mode": "test", "epoch": 56}
{"loss": 0.15433691442012787, "acc": 0.9408912062644958, "length": 3.9994449615478516, "mode": "train", "epoch": 57}
{"loss": 0.1668810248374939, "acc": 0.9307421445846558, "length": 4.0, "mode": "test", "epoch": 57}
{"loss": 0.1501477062702179, "acc": 0.9422468543052673, "length": 3.999462604522705, "mode": "train", "epoch": 58}
{"loss": 0.16021449863910675, "acc": 0.9388691782951355, "length": 4.0, "mode": "test", "epoch": 58}
{"loss": 0.13715215027332306, "acc": 0.9471026062965393, "length": 3.9998743534088135, "mode": "train", "epoch": 59}
{"loss": 0.1621517390012741, "acc": 0.934628963470459, "length": 4.0, "mode": "test", "epoch": 59}
{"loss": 0.1413828730583191, "acc": 0.9477238655090332, "length": 3.998853921890259, "mode": "train", "epoch": 60}
{"loss": 0.17135338485240936, "acc": 0.9369257688522339, "length": 4.0, "mode": "test", "epoch": 60}
test accuracy: 0.6709677577018738
