# ["--attributes=5", "--values=4", "--game_size=10", "--vocab_size_factor=3", "--n_epochs=60", "--batch_size=64", "--learning_rate=0.001", "--hidden_size=128", "--temp_update=0.97", "--temperature=1.5"]
Creating train_ds and val_ds...

Creating test_ds...
{"loss": 0.6901389360427856, "acc": 0.5401639938354492, "length": 3.5606322288513184, "mode": "train", "epoch": 1}
{"loss": 0.6788346767425537, "acc": 0.58500736951828, "length": 1.7898551225662231, "mode": "test", "epoch": 1}
{"loss": 0.6850623488426208, "acc": 0.5539640188217163, "length": 3.3600082397460938, "mode": "train", "epoch": 2}
{"loss": 0.6518433690071106, "acc": 0.6537047624588013, "length": 3.0978260040283203, "mode": "test", "epoch": 2}
{"loss": 0.6487343907356262, "acc": 0.6429476141929626, "length": 3.4749131202697754, "mode": "train", "epoch": 3}
{"loss": 0.5790271162986755, "acc": 0.761413037776947, "length": 4.0, "mode": "test", "epoch": 3}
{"loss": 0.5385960340499878, "acc": 0.7596816420555115, "length": 3.8966052532196045, "mode": "train", "epoch": 4}
{"loss": 0.47106266021728516, "acc": 0.7811594605445862, "length": 4.0, "mode": "test", "epoch": 4}
{"loss": 0.4761285185813904, "acc": 0.7773758769035339, "length": 3.9649391174316406, "mode": "train", "epoch": 5}
{"loss": 0.49547529220581055, "acc": 0.7740941047668457, "length": 4.0, "mode": "test", "epoch": 5}
{"loss": 0.4502926170825958, "acc": 0.7891494035720825, "length": 3.9617772102355957, "mode": "train", "epoch": 6}
{"loss": 0.4669817388057709, "acc": 0.7954709529876709, "length": 4.0, "mode": "test", "epoch": 6}
{"loss": 0.42052122950553894, "acc": 0.8036579489707947, "length": 3.9825680255889893, "mode": "train", "epoch": 7}
{"loss": 0.478841632604599, "acc": 0.7971014976501465, "length": 4.0, "mode": "test", "epoch": 7}
{"loss": 0.39511433243751526, "acc": 0.8169417977333069, "length": 3.989116668701172, "mode": "train", "epoch": 8}
{"loss": 0.4125671982765198, "acc": 0.8117754459381104, "length": 4.0, "mode": "test", "epoch": 8}
{"loss": 0.3674468398094177, "acc": 0.833021879196167, "length": 3.992253303527832, "mode": "train", "epoch": 9}
{"loss": 0.393604040145874, "acc": 0.830978274345398, "length": 4.0, "mode": "test", "epoch": 9}
{"loss": 0.35024309158325195, "acc": 0.8386313319206238, "length": 3.994753122329712, "mode": "train", "epoch": 10}
{"loss": 0.355258047580719, "acc": 0.8476447463035583, "length": 4.0, "mode": "test", "epoch": 10}
{"loss": 0.3311750888824463, "acc": 0.8505219221115112, "length": 3.996140480041504, "mode": "train", "epoch": 11}
{"loss": 0.3414326310157776, "acc": 0.8456522226333618, "length": 4.0, "mode": "test", "epoch": 11}
{"loss": 0.3142361640930176, "acc": 0.8650622367858887, "length": 3.9955062866210938, "mode": "train", "epoch": 12}
{"loss": 0.33869802951812744, "acc": 0.85326087474823, "length": 4.0, "mode": "test", "epoch": 12}
{"loss": 0.3048228919506073, "acc": 0.8717934489250183, "length": 3.997037172317505, "mode": "train", "epoch": 13}
{"loss": 0.3271404206752777, "acc": 0.8518114686012268, "length": 4.0, "mode": "test", "epoch": 13}
{"loss": 0.2999733090400696, "acc": 0.8703612685203552, "length": 3.997774362564087, "mode": "train", "epoch": 14}
{"loss": 0.3368557095527649, "acc": 0.8487319946289062, "length": 4.0, "mode": "test", "epoch": 14}
{"loss": 0.29725468158721924, "acc": 0.8735854029655457, "length": 3.996979236602783, "mode": "train", "epoch": 15}
{"loss": 0.3130542039871216, "acc": 0.866304337978363, "length": 4.0, "mode": "test", "epoch": 15}
{"loss": 0.2899142801761627, "acc": 0.8797143697738647, "length": 3.998487710952759, "mode": "train", "epoch": 16}
{"loss": 0.30462145805358887, "acc": 0.8733694553375244, "length": 4.0, "mode": "test", "epoch": 16}
{"loss": 0.28430092334747314, "acc": 0.880203127861023, "length": 3.998633623123169, "mode": "train", "epoch": 17}
{"loss": 0.30214083194732666, "acc": 0.8759058117866516, "length": 4.0, "mode": "test", "epoch": 17}
{"loss": 0.2808150351047516, "acc": 0.8813886046409607, "length": 3.9969820976257324, "mode": "train", "epoch": 18}
{"loss": 0.2937938868999481, "acc": 0.8746377825737, "length": 4.0, "mode": "test", "epoch": 18}
{"loss": 0.275147408246994, "acc": 0.8838367462158203, "length": 3.9983460903167725, "mode": "train", "epoch": 19}
{"loss": 0.2933387756347656, "acc": 0.8820652961730957, "length": 4.0, "mode": "test", "epoch": 19}
{"loss": 0.26975083351135254, "acc": 0.8850640058517456, "length": 3.9994444847106934, "mode": "train", "epoch": 20}
{"loss": 0.2877388894557953, "acc": 0.8751811981201172, "length": 4.0, "mode": "test", "epoch": 20}
{"loss": 0.2683207094669342, "acc": 0.8856915831565857, "length": 3.994898557662964, "mode": "train", "epoch": 21}
{"loss": 0.2984634041786194, "acc": 0.8759058117866516, "length": 4.0, "mode": "test", "epoch": 21}
{"loss": 0.2659287452697754, "acc": 0.8888857364654541, "length": 3.9995834827423096, "mode": "train", "epoch": 22}
{"loss": 0.2846662998199463, "acc": 0.8809782862663269, "length": 4.0, "mode": "test", "epoch": 22}
{"loss": 0.25130587816238403, "acc": 0.8930794596672058, "length": 3.9997873306274414, "mode": "train", "epoch": 23}
{"loss": 0.27927395701408386, "acc": 0.8824275732040405, "length": 4.0, "mode": "test", "epoch": 23}
{"loss": 0.24950703978538513, "acc": 0.8928861021995544, "length": 3.9991135597229004, "mode": "train", "epoch": 24}
{"loss": 0.2649798095226288, "acc": 0.8929346799850464, "length": 4.0, "mode": "test", "epoch": 24}
{"loss": 0.24017998576164246, "acc": 0.8950021266937256, "length": 3.9989404678344727, "mode": "train", "epoch": 25}
{"loss": 0.25591740012168884, "acc": 0.8898550868034363, "length": 4.0, "mode": "test", "epoch": 25}
{"loss": 0.23404107987880707, "acc": 0.9058228731155396, "length": 3.9998600482940674, "mode": "train", "epoch": 26}
{"loss": 0.2557278275489807, "acc": 0.8981884121894836, "length": 4.0, "mode": "test", "epoch": 26}
{"loss": 0.23759223520755768, "acc": 0.9002348780632019, "length": 3.9996166229248047, "mode": "train", "epoch": 27}
{"loss": 0.26080796122550964, "acc": 0.902536153793335, "length": 4.0, "mode": "test", "epoch": 27}
{"loss": 0.22781045734882355, "acc": 0.9079451560974121, "length": 3.999842882156372, "mode": "train", "epoch": 28}
{"loss": 0.25060975551605225, "acc": 0.9019927978515625, "length": 4.0, "mode": "test", "epoch": 28}
{"loss": 0.22017991542816162, "acc": 0.91443932056427, "length": 3.9998440742492676, "mode": "train", "epoch": 29}
{"loss": 0.24334576725959778, "acc": 0.9045289754867554, "length": 4.0, "mode": "test", "epoch": 29}
{"loss": 0.21083766222000122, "acc": 0.9154706001281738, "length": 3.9998464584350586, "mode": "train", "epoch": 30}
{"loss": 0.2223045378923416, "acc": 0.9181158542633057, "length": 4.0, "mode": "test", "epoch": 30}
{"loss": 0.20314711332321167, "acc": 0.9225073456764221, "length": 3.999889373779297, "mode": "train", "epoch": 31}
{"loss": 0.2305094450712204, "acc": 0.9150362014770508, "length": 4.0, "mode": "test", "epoch": 31}
{"loss": 0.2022157460451126, "acc": 0.9213547110557556, "length": 3.999763011932373, "mode": "train", "epoch": 32}
{"loss": 0.24625344574451447, "acc": 0.9146738648414612, "length": 4.0, "mode": "test", "epoch": 32}
{"loss": 0.2035285383462906, "acc": 0.9193556904792786, "length": 3.999943733215332, "mode": "train", "epoch": 33}
{"loss": 0.22642318904399872, "acc": 0.9202898144721985, "length": 4.0, "mode": "test", "epoch": 33}
{"loss": 0.194364994764328, "acc": 0.9278441667556763, "length": 3.999641180038452, "mode": "train", "epoch": 34}
{"loss": 0.2281234711408615, "acc": 0.9114130735397339, "length": 4.0, "mode": "test", "epoch": 34}
{"loss": 0.18806234002113342, "acc": 0.9293834567070007, "length": 3.998652219772339, "mode": "train", "epoch": 35}
{"loss": 0.2150357961654663, "acc": 0.9230071306228638, "length": 4.0, "mode": "test", "epoch": 35}
{"loss": 0.18433956801891327, "acc": 0.9318556785583496, "length": 3.9999451637268066, "mode": "train", "epoch": 36}
{"loss": 0.23985512554645538, "acc": 0.9143114686012268, "length": 4.0, "mode": "test", "epoch": 36}
{"loss": 0.17187561094760895, "acc": 0.9370138645172119, "length": 3.9999735355377197, "mode": "train", "epoch": 37}
{"loss": 0.2188386768102646, "acc": 0.9277174472808838, "length": 4.0, "mode": "test", "epoch": 37}
{"loss": 0.17628291249275208, "acc": 0.9345528483390808, "length": 3.9990732669830322, "mode": "train", "epoch": 38}
{"loss": 0.2129901498556137, "acc": 0.9201087355613708, "length": 4.0, "mode": "test", "epoch": 38}
{"loss": 0.17316362261772156, "acc": 0.9374275803565979, "length": 3.9996178150177, "mode": "train", "epoch": 39}
{"loss": 0.19929321110248566, "acc": 0.9324274659156799, "length": 4.0, "mode": "test", "epoch": 39}
{"loss": 0.16829916834831238, "acc": 0.938161313533783, "length": 3.999634027481079, "mode": "train", "epoch": 40}
{"loss": 0.20783869922161102, "acc": 0.928985595703125, "length": 4.0, "mode": "test", "epoch": 40}
{"loss": 0.16091208159923553, "acc": 0.9424110054969788, "length": 3.999835252761841, "mode": "train", "epoch": 41}
{"loss": 0.18882012367248535, "acc": 0.9318841099739075, "length": 4.0, "mode": "test", "epoch": 41}
{"loss": 0.15972934663295746, "acc": 0.9413352012634277, "length": 3.9979565143585205, "mode": "train", "epoch": 42}
{"loss": 0.20301015675067902, "acc": 0.9311595559120178, "length": 4.0, "mode": "test", "epoch": 42}
{"loss": 0.15241506695747375, "acc": 0.9432623982429504, "length": 3.9999287128448486, "mode": "train", "epoch": 43}
{"loss": 0.1889926642179489, "acc": 0.927355170249939, "length": 4.0, "mode": "test", "epoch": 43}
{"loss": 0.14869225025177002, "acc": 0.9455638527870178, "length": 3.999798536300659, "mode": "train", "epoch": 44}
{"loss": 0.21840839087963104, "acc": 0.9273550510406494, "length": 4.0, "mode": "test", "epoch": 44}
{"loss": 0.14158402383327484, "acc": 0.9472664594650269, "length": 3.9998865127563477, "mode": "train", "epoch": 45}
{"loss": 0.1883474737405777, "acc": 0.9344201683998108, "length": 4.0, "mode": "test", "epoch": 45}
{"loss": 0.14899685978889465, "acc": 0.9474486708641052, "length": 3.999913215637207, "mode": "train", "epoch": 46}
{"loss": 0.20172086358070374, "acc": 0.9304349422454834, "length": 4.0, "mode": "test", "epoch": 46}
{"loss": 0.14198274910449982, "acc": 0.9498153328895569, "length": 3.9998927116394043, "mode": "train", "epoch": 47}
{"loss": 0.1888921558856964, "acc": 0.9318839907646179, "length": 4.0, "mode": "test", "epoch": 47}
{"loss": 0.1367839276790619, "acc": 0.952010989189148, "length": 3.99811053276062, "mode": "train", "epoch": 48}
{"loss": 0.19582104682922363, "acc": 0.9391304850578308, "length": 4.0, "mode": "test", "epoch": 48}
{"loss": 0.13596473634243011, "acc": 0.9519391655921936, "length": 3.9998905658721924, "mode": "train", "epoch": 49}
{"loss": 0.18543651700019836, "acc": 0.9403985142707825, "length": 4.0, "mode": "test", "epoch": 49}
{"loss": 0.12857435643672943, "acc": 0.9546067118644714, "length": 3.9998514652252197, "mode": "train", "epoch": 50}
{"loss": 0.20286034047603607, "acc": 0.9360507726669312, "length": 4.0, "mode": "test", "epoch": 50}
{"loss": 0.13691779971122742, "acc": 0.9509086012840271, "length": 3.999967336654663, "mode": "train", "epoch": 51}
{"loss": 0.1866609901189804, "acc": 0.9413043260574341, "length": 4.0, "mode": "test", "epoch": 51}
{"loss": 0.13157008588314056, "acc": 0.9530911445617676, "length": 3.999919891357422, "mode": "train", "epoch": 52}
{"loss": 0.16778211295604706, "acc": 0.9452898502349854, "length": 4.0, "mode": "test", "epoch": 52}
{"loss": 0.12203247100114822, "acc": 0.9555185437202454, "length": 3.9999008178710938, "mode": "train", "epoch": 53}
{"loss": 0.16869919002056122, "acc": 0.9461956024169922, "length": 4.0, "mode": "test", "epoch": 53}
{"loss": 0.12682387232780457, "acc": 0.9546110033988953, "length": 3.999979019165039, "mode": "train", "epoch": 54}
{"loss": 0.17171238362789154, "acc": 0.9474636316299438, "length": 4.0, "mode": "test", "epoch": 54}
{"loss": 0.12009288370609283, "acc": 0.9584935903549194, "length": 3.9999587535858154, "mode": "train", "epoch": 55}
{"loss": 0.15615561604499817, "acc": 0.9471015334129333, "length": 4.0, "mode": "test", "epoch": 55}
{"loss": 0.11690622568130493, "acc": 0.9577023983001709, "length": 3.999908208847046, "mode": "train", "epoch": 56}
{"loss": 0.17329847812652588, "acc": 0.9436594843864441, "length": 4.0, "mode": "test", "epoch": 56}
{"loss": 0.1092328131198883, "acc": 0.959283173084259, "length": 3.999976873397827, "mode": "train", "epoch": 57}
{"loss": 0.19034825265407562, "acc": 0.9411231875419617, "length": 4.0, "mode": "test", "epoch": 57}
{"loss": 0.10307267308235168, "acc": 0.9634692072868347, "length": 3.999959945678711, "mode": "train", "epoch": 58}
{"loss": 0.1784384548664093, "acc": 0.9494564533233643, "length": 4.0, "mode": "test", "epoch": 58}
{"loss": 0.10021153092384338, "acc": 0.9646235108375549, "length": 3.9999923706054688, "mode": "train", "epoch": 59}
{"loss": 0.15428248047828674, "acc": 0.9554347991943359, "length": 4.0, "mode": "test", "epoch": 59}
{"loss": 0.09902665764093399, "acc": 0.9647441506385803, "length": 3.999979257583618, "mode": "train", "epoch": 60}
{"loss": 0.15148985385894775, "acc": 0.9496377110481262, "length": 4.0, "mode": "test", "epoch": 60}
test accuracy: 0.8244118094444275
