# ["--attributes=5", "--values=4", "--game_size=10", "--vocab_size_factor=3", "--n_epochs=60", "--batch_size=64", "--learning_rate=0.001", "--hidden_size=128", "--temp_update=0.99", "--temperature=1.5"]
Creating train_ds and val_ds...

Creating test_ds...
{"loss": 0.7036188840866089, "acc": 0.5116371512413025, "length": 3.3860156536102295, "mode": "train", "epoch": 1}
{"loss": 0.6929156184196472, "acc": 0.49539247155189514, "length": 1.0, "mode": "test", "epoch": 1}
{"loss": 0.6901147961616516, "acc": 0.5316451787948608, "length": 2.281947374343872, "mode": "train", "epoch": 2}
{"loss": 0.6875867247581482, "acc": 0.5285727977752686, "length": 1.1569966077804565, "mode": "test", "epoch": 2}
{"loss": 0.6574587821960449, "acc": 0.6530318260192871, "length": 2.232492208480835, "mode": "train", "epoch": 3}
{"loss": 0.6238690614700317, "acc": 0.6951485872268677, "length": 2.2696244716644287, "mode": "test", "epoch": 3}
{"loss": 0.5983306169509888, "acc": 0.6986607909202576, "length": 2.273452043533325, "mode": "train", "epoch": 4}
{"loss": 0.6027666330337524, "acc": 0.6671679019927979, "length": 2.0375425815582275, "mode": "test", "epoch": 4}
{"loss": 0.558917224407196, "acc": 0.705540120601654, "length": 2.2499728202819824, "mode": "train", "epoch": 5}
{"loss": 0.5538921356201172, "acc": 0.7405216097831726, "length": 2.399317502975464, "mode": "test", "epoch": 5}
{"loss": 0.5109763741493225, "acc": 0.7570109963417053, "length": 2.566152572631836, "mode": "train", "epoch": 6}
{"loss": 0.5047092437744141, "acc": 0.7726845741271973, "length": 2.8225255012512207, "mode": "test", "epoch": 6}
{"loss": 0.47808703780174255, "acc": 0.7791207432746887, "length": 2.7502212524414062, "mode": "train", "epoch": 7}
{"loss": 0.48032641410827637, "acc": 0.7864378690719604, "length": 2.8020477294921875, "mode": "test", "epoch": 7}
{"loss": 0.4625217914581299, "acc": 0.7920008301734924, "length": 2.6968302726745605, "mode": "train", "epoch": 8}
{"loss": 0.45966625213623047, "acc": 0.8050299882888794, "length": 2.6484642028808594, "mode": "test", "epoch": 8}
{"loss": 0.4417434334754944, "acc": 0.8018969893455505, "length": 2.719050645828247, "mode": "train", "epoch": 9}
{"loss": 0.4431289732456207, "acc": 0.8156250715255737, "length": 2.689419746398926, "mode": "test", "epoch": 9}
{"loss": 0.41400787234306335, "acc": 0.8133366703987122, "length": 2.9136710166931152, "mode": "train", "epoch": 10}
{"loss": 0.4049018323421478, "acc": 0.8288788199424744, "length": 3.2218430042266846, "mode": "test", "epoch": 10}
{"loss": 0.3883008062839508, "acc": 0.8290826082229614, "length": 3.189990520477295, "mode": "train", "epoch": 11}
{"loss": 0.39857321977615356, "acc": 0.8294772505760193, "length": 3.262798547744751, "mode": "test", "epoch": 11}
{"loss": 0.368379682302475, "acc": 0.8350324630737305, "length": 3.226520299911499, "mode": "train", "epoch": 12}
{"loss": 0.3981439173221588, "acc": 0.8323109149932861, "length": 3.29351544380188, "mode": "test", "epoch": 12}
{"loss": 0.35320621728897095, "acc": 0.8467917442321777, "length": 3.212956428527832, "mode": "train", "epoch": 13}
{"loss": 0.40379443764686584, "acc": 0.8313961029052734, "length": 3.2730374336242676, "mode": "test", "epoch": 13}
{"loss": 0.3481750786304474, "acc": 0.8518580198287964, "length": 3.2550129890441895, "mode": "train", "epoch": 14}
{"loss": 0.39290717244148254, "acc": 0.8365052938461304, "length": 3.2730374336242676, "mode": "test", "epoch": 14}
{"loss": 0.33954307436943054, "acc": 0.8567986488342285, "length": 3.2823076248168945, "mode": "train", "epoch": 15}
{"loss": 0.3794398903846741, "acc": 0.8404240608215332, "length": 3.29351544380188, "mode": "test", "epoch": 15}
{"loss": 0.3296484351158142, "acc": 0.8596869111061096, "length": 3.27915620803833, "mode": "train", "epoch": 16}
{"loss": 0.3858778178691864, "acc": 0.8375030159950256, "length": 3.2218430042266846, "mode": "test", "epoch": 16}
{"loss": 0.3255595266819, "acc": 0.8618535995483398, "length": 3.2984163761138916, "mode": "train", "epoch": 17}
{"loss": 0.38535308837890625, "acc": 0.832748532295227, "length": 3.2832765579223633, "mode": "test", "epoch": 17}
{"loss": 0.3164311945438385, "acc": 0.8674464225769043, "length": 3.3374252319335938, "mode": "train", "epoch": 18}
{"loss": 0.38920852541923523, "acc": 0.8436456322669983, "length": 3.344709873199463, "mode": "test", "epoch": 18}
{"loss": 0.3129323124885559, "acc": 0.8695546984672546, "length": 3.3199493885040283, "mode": "train", "epoch": 19}
{"loss": 0.36389589309692383, "acc": 0.844031035900116, "length": 3.395904541015625, "mode": "test", "epoch": 19}
{"loss": 0.30353018641471863, "acc": 0.8702650666236877, "length": 3.366823196411133, "mode": "train", "epoch": 20}
{"loss": 0.36090007424354553, "acc": 0.8583856225013733, "length": 3.313993215560913, "mode": "test", "epoch": 20}
{"loss": 0.2915371358394623, "acc": 0.8797145485877991, "length": 3.32831072807312, "mode": "train", "epoch": 21}
{"loss": 0.33694347739219666, "acc": 0.8612639307975769, "length": 3.4061434268951416, "mode": "test", "epoch": 21}
{"loss": 0.2830241322517395, "acc": 0.8872239589691162, "length": 3.3375518321990967, "mode": "train", "epoch": 22}
{"loss": 0.3293960392475128, "acc": 0.8659454584121704, "length": 3.3549487590789795, "mode": "test", "epoch": 22}
{"loss": 0.2678791284561157, "acc": 0.8911358714103699, "length": 3.4071297645568848, "mode": "train", "epoch": 23}
{"loss": 0.31483766436576843, "acc": 0.8752229809761047, "length": 3.498293399810791, "mode": "test", "epoch": 23}
{"loss": 0.2660123407840729, "acc": 0.8903608918190002, "length": 3.4944989681243896, "mode": "train", "epoch": 24}
{"loss": 0.31961876153945923, "acc": 0.8580032587051392, "length": 3.5904436111450195, "mode": "test", "epoch": 24}
{"loss": 0.25913211703300476, "acc": 0.8946687579154968, "length": 3.4874260425567627, "mode": "train", "epoch": 25}
{"loss": 0.29859867691993713, "acc": 0.8813400268554688, "length": 3.6723549365997314, "mode": "test", "epoch": 25}
{"loss": 0.2494974583387375, "acc": 0.8982873558998108, "length": 3.5929532051086426, "mode": "train", "epoch": 26}
{"loss": 0.2862642705440521, "acc": 0.8841981887817383, "length": 3.682593822479248, "mode": "test", "epoch": 26}
{"loss": 0.2350611686706543, "acc": 0.9073617458343506, "length": 3.669660806655884, "mode": "train", "epoch": 27}
{"loss": 0.2789658010005951, "acc": 0.8868929147720337, "length": 3.73378849029541, "mode": "test", "epoch": 27}
{"loss": 0.21546387672424316, "acc": 0.9156206250190735, "length": 3.826364040374756, "mode": "train", "epoch": 28}
{"loss": 0.2567466199398041, "acc": 0.8974403142929077, "length": 4.0, "mode": "test", "epoch": 28}
{"loss": 0.208258256316185, "acc": 0.922258734703064, "length": 3.9427103996276855, "mode": "train", "epoch": 29}
{"loss": 0.26768434047698975, "acc": 0.9046075940132141, "length": 4.0, "mode": "test", "epoch": 29}
{"loss": 0.2013995498418808, "acc": 0.9250661134719849, "length": 3.9880502223968506, "mode": "train", "epoch": 30}
{"loss": 0.23675112426280975, "acc": 0.9054607152938843, "length": 4.0, "mode": "test", "epoch": 30}
{"loss": 0.19295600056648254, "acc": 0.9231866598129272, "length": 3.990457534790039, "mode": "train", "epoch": 31}
{"loss": 0.26849448680877686, "acc": 0.8970988988876343, "length": 4.0, "mode": "test", "epoch": 31}
{"loss": 0.18738697469234467, "acc": 0.9317091107368469, "length": 3.991847515106201, "mode": "train", "epoch": 32}
{"loss": 0.23276475071907043, "acc": 0.9056313037872314, "length": 4.0, "mode": "test", "epoch": 32}
{"loss": 0.17369093000888824, "acc": 0.9347470998764038, "length": 3.9921422004699707, "mode": "train", "epoch": 33}
{"loss": 0.22332119941711426, "acc": 0.9088736772537231, "length": 4.0, "mode": "test", "epoch": 33}
{"loss": 0.16560277342796326, "acc": 0.9401238560676575, "length": 3.996415376663208, "mode": "train", "epoch": 34}
{"loss": 0.2128593474626541, "acc": 0.9177474975585938, "length": 4.0, "mode": "test", "epoch": 34}
{"loss": 0.15597185492515564, "acc": 0.9437618255615234, "length": 3.9977641105651855, "mode": "train", "epoch": 35}
{"loss": 0.20634733140468597, "acc": 0.9250853657722473, "length": 4.0, "mode": "test", "epoch": 35}
{"loss": 0.1495271772146225, "acc": 0.9443536400794983, "length": 3.9969635009765625, "mode": "train", "epoch": 36}
{"loss": 0.2026127427816391, "acc": 0.9232081770896912, "length": 4.0, "mode": "test", "epoch": 36}
{"loss": 0.15052253007888794, "acc": 0.9447287321090698, "length": 3.9975900650024414, "mode": "train", "epoch": 37}
{"loss": 0.20093190670013428, "acc": 0.9216722846031189, "length": 4.0, "mode": "test", "epoch": 37}
{"loss": 0.14484389126300812, "acc": 0.9487564563751221, "length": 3.99682879447937, "mode": "train", "epoch": 38}
{"loss": 0.20431838929653168, "acc": 0.9175769090652466, "length": 4.0, "mode": "test", "epoch": 38}
{"loss": 0.13976502418518066, "acc": 0.9474994540214539, "length": 3.998833656311035, "mode": "train", "epoch": 39}
{"loss": 0.19335368275642395, "acc": 0.9235495328903198, "length": 4.0, "mode": "test", "epoch": 39}
{"loss": 0.1384221911430359, "acc": 0.9483687281608582, "length": 3.9992237091064453, "mode": "train", "epoch": 40}
{"loss": 0.21487684547901154, "acc": 0.917064905166626, "length": 4.0, "mode": "test", "epoch": 40}
{"loss": 0.13199520111083984, "acc": 0.9516623616218567, "length": 3.999023675918579, "mode": "train", "epoch": 41}
{"loss": 0.1954973042011261, "acc": 0.9254264831542969, "length": 4.0, "mode": "test", "epoch": 41}
{"loss": 0.12751010060310364, "acc": 0.9550095200538635, "length": 3.998591661453247, "mode": "train", "epoch": 42}
{"loss": 0.17772163450717926, "acc": 0.9346415400505066, "length": 4.0, "mode": "test", "epoch": 42}
{"loss": 0.12496200948953629, "acc": 0.9552662372589111, "length": 3.9992246627807617, "mode": "train", "epoch": 43}
{"loss": 0.18525861203670502, "acc": 0.9325938820838928, "length": 4.0, "mode": "test", "epoch": 43}
{"loss": 0.11958052217960358, "acc": 0.9572014212608337, "length": 3.9991931915283203, "mode": "train", "epoch": 44}
{"loss": 0.19135533273220062, "acc": 0.926109254360199, "length": 4.0, "mode": "test", "epoch": 44}
{"loss": 0.11394187808036804, "acc": 0.9597280025482178, "length": 3.9995996952056885, "mode": "train", "epoch": 45}
{"loss": 0.1775948852300644, "acc": 0.9392489790916443, "length": 4.0, "mode": "test", "epoch": 45}
{"loss": 0.11172909289598465, "acc": 0.9595638513565063, "length": 3.999753952026367, "mode": "train", "epoch": 46}
{"loss": 0.16042695939540863, "acc": 0.9472696781158447, "length": 4.0, "mode": "test", "epoch": 46}
{"loss": 0.10876838117837906, "acc": 0.9616760611534119, "length": 3.9997990131378174, "mode": "train", "epoch": 47}
{"loss": 0.18303707242012024, "acc": 0.9365187287330627, "length": 4.0, "mode": "test", "epoch": 47}
{"loss": 0.11492349952459335, "acc": 0.9598377346992493, "length": 3.99953031539917, "mode": "train", "epoch": 48}
{"loss": 0.16344349086284637, "acc": 0.940443754196167, "length": 4.0, "mode": "test", "epoch": 48}
{"loss": 0.10775692760944366, "acc": 0.9619045257568359, "length": 3.999814987182617, "mode": "train", "epoch": 49}
{"loss": 0.17353978753089905, "acc": 0.9402731657028198, "length": 4.0, "mode": "test", "epoch": 49}
{"loss": 0.10515210777521133, "acc": 0.9591719508171082, "length": 3.999864339828491, "mode": "train", "epoch": 50}
{"loss": 0.17179305851459503, "acc": 0.937201201915741, "length": 4.0, "mode": "test", "epoch": 50}
{"loss": 0.1006116196513176, "acc": 0.9625920653343201, "length": 3.9998586177825928, "mode": "train", "epoch": 51}
{"loss": 0.1615273803472519, "acc": 0.9443686604499817, "length": 4.0, "mode": "test", "epoch": 51}
{"loss": 0.09496758878231049, "acc": 0.9634438157081604, "length": 3.9998371601104736, "mode": "train", "epoch": 52}
{"loss": 0.1524701714515686, "acc": 0.9500000476837158, "length": 4.0, "mode": "test", "epoch": 52}
{"loss": 0.09136029332876205, "acc": 0.9661276936531067, "length": 3.9999032020568848, "mode": "train", "epoch": 53}
{"loss": 0.1550237387418747, "acc": 0.950853168964386, "length": 4.0, "mode": "test", "epoch": 53}
{"loss": 0.09631173312664032, "acc": 0.9663583040237427, "length": 3.9999301433563232, "mode": "train", "epoch": 54}
{"loss": 0.16064584255218506, "acc": 0.9470988512039185, "length": 4.0, "mode": "test", "epoch": 54}
{"loss": 0.08832038193941116, "acc": 0.9689804315567017, "length": 3.999929666519165, "mode": "train", "epoch": 55}
{"loss": 0.15899066627025604, "acc": 0.9476109147071838, "length": 4.0, "mode": "test", "epoch": 55}
{"loss": 0.08642224222421646, "acc": 0.9694936871528625, "length": 3.9999167919158936, "mode": "train", "epoch": 56}
{"loss": 0.15707406401634216, "acc": 0.9481229186058044, "length": 4.0, "mode": "test", "epoch": 56}
{"loss": 0.09043007344007492, "acc": 0.9683545827865601, "length": 3.999943256378174, "mode": "train", "epoch": 57}
{"loss": 0.15538495779037476, "acc": 0.9491468071937561, "length": 4.0, "mode": "test", "epoch": 57}
{"loss": 0.08411362767219543, "acc": 0.9693098664283752, "length": 3.999816656112671, "mode": "train", "epoch": 58}
{"loss": 0.17492344975471497, "acc": 0.9450511932373047, "length": 4.0, "mode": "test", "epoch": 58}
{"loss": 0.08912631869316101, "acc": 0.9676154851913452, "length": 3.999979019165039, "mode": "train", "epoch": 59}
{"loss": 0.1563396453857422, "acc": 0.9522184133529663, "length": 4.0, "mode": "test", "epoch": 59}
{"loss": 0.0942024439573288, "acc": 0.966927707195282, "length": 3.999901056289673, "mode": "train", "epoch": 60}
{"loss": 0.13414549827575684, "acc": 0.9588736295700073, "length": 4.0, "mode": "test", "epoch": 60}
test accuracy: 0.8011110424995422
