# ["--attributes=5", "--values=4", "--game_size=10", "--vocab_size_factor=3", "--n_epochs=60", "--batch_size=64", "--learning_rate=0.001", "--hidden_size=256", "--temp_update=0.97", "--temperature=1"]
Creating train_ds and val_ds...

Creating test_ds...
{"loss": 0.708465039730072, "acc": 0.5171637535095215, "length": 2.1900441646575928, "mode": "train", "epoch": 1}
{"loss": 0.6922628879547119, "acc": 0.5389493107795715, "length": 1.0, "mode": "test", "epoch": 1}
{"loss": 0.6927509307861328, "acc": 0.5239753723144531, "length": 1.0017192363739014, "mode": "train", "epoch": 2}
{"loss": 0.692412257194519, "acc": 0.5398550629615784, "length": 1.0, "mode": "test", "epoch": 2}
{"loss": 0.6913135051727295, "acc": 0.5403521656990051, "length": 1.0001509189605713, "mode": "train", "epoch": 3}
{"loss": 0.6883339285850525, "acc": 0.5432971119880676, "length": 1.0, "mode": "test", "epoch": 3}
{"loss": 0.6921126842498779, "acc": 0.5436884164810181, "length": 1.0001252889633179, "mode": "train", "epoch": 4}
{"loss": 0.6875284314155579, "acc": 0.5471014976501465, "length": 1.0, "mode": "test", "epoch": 4}
{"loss": 0.690217137336731, "acc": 0.5242106318473816, "length": 1.0000792741775513, "mode": "train", "epoch": 5}
{"loss": 0.691103458404541, "acc": 0.548731803894043, "length": 1.0, "mode": "test", "epoch": 5}
{"loss": 0.6927874684333801, "acc": 0.5393821001052856, "length": 1.0001002550125122, "mode": "train", "epoch": 6}
{"loss": 0.6872300505638123, "acc": 0.5452898144721985, "length": 1.0, "mode": "test", "epoch": 6}
{"loss": 0.69167160987854, "acc": 0.5282766222953796, "length": 1.0000333786010742, "mode": "train", "epoch": 7}
{"loss": 0.6899091601371765, "acc": 0.5268115997314453, "length": 1.0, "mode": "test", "epoch": 7}
{"loss": 0.6895020008087158, "acc": 0.5345874428749084, "length": 1.0000264644622803, "mode": "train", "epoch": 8}
{"loss": 0.6885834336280823, "acc": 0.5338768362998962, "length": 1.0, "mode": "test", "epoch": 8}
{"loss": 0.6891775131225586, "acc": 0.5513951778411865, "length": 1.000020980834961, "mode": "train", "epoch": 9}
{"loss": 0.6878945827484131, "acc": 0.5416666865348816, "length": 1.0, "mode": "test", "epoch": 9}
{"loss": 0.6892133355140686, "acc": 0.5452669858932495, "length": 1.0000163316726685, "mode": "train", "epoch": 10}
{"loss": 0.6867868304252625, "acc": 0.5471014976501465, "length": 1.0, "mode": "test", "epoch": 10}
{"loss": 0.6893349885940552, "acc": 0.5456914901733398, "length": 1.000018835067749, "mode": "train", "epoch": 11}
{"loss": 0.6872748732566833, "acc": 0.5565217137336731, "length": 1.0, "mode": "test", "epoch": 11}
{"loss": 0.6890295743942261, "acc": 0.5387735962867737, "length": 1.0003739595413208, "mode": "train", "epoch": 12}
{"loss": 0.6887969374656677, "acc": 0.5340580344200134, "length": 1.0, "mode": "test", "epoch": 12}
{"loss": 0.6891148090362549, "acc": 0.5500000715255737, "length": 1.000011920928955, "mode": "train", "epoch": 13}
{"loss": 0.685954213142395, "acc": 0.5496376752853394, "length": 1.0, "mode": "test", "epoch": 13}
{"loss": 0.6878968477249146, "acc": 0.5495753884315491, "length": 1.0000007152557373, "mode": "train", "epoch": 14}
{"loss": 0.686926007270813, "acc": 0.5568841099739075, "length": 1.0, "mode": "test", "epoch": 14}
{"loss": 0.6892749071121216, "acc": 0.5424150228500366, "length": 1.000001072883606, "mode": "train", "epoch": 15}
{"loss": 0.6894780993461609, "acc": 0.5259057879447937, "length": 1.0, "mode": "test", "epoch": 15}
{"loss": 0.6878833174705505, "acc": 0.548968493938446, "length": 1.0, "mode": "train", "epoch": 16}
{"loss": 0.6846603751182556, "acc": 0.5496376752853394, "length": 1.0, "mode": "test", "epoch": 16}
{"loss": 0.6874749660491943, "acc": 0.5552184581756592, "length": 1.0000008344650269, "mode": "train", "epoch": 17}
{"loss": 0.6857691407203674, "acc": 0.5617753267288208, "length": 1.0, "mode": "test", "epoch": 17}
{"loss": 0.6874042749404907, "acc": 0.5496965050697327, "length": 1.0000039339065552, "mode": "train", "epoch": 18}
{"loss": 0.6857384443283081, "acc": 0.5568841099739075, "length": 1.0, "mode": "test", "epoch": 18}
{"loss": 0.6875505447387695, "acc": 0.5526093244552612, "length": 1.000000238418579, "mode": "train", "epoch": 19}
{"loss": 0.6854974627494812, "acc": 0.5617753267288208, "length": 1.0, "mode": "test", "epoch": 19}
{"loss": 0.6860669255256653, "acc": 0.5556432604789734, "length": 1.0000001192092896, "mode": "train", "epoch": 20}
{"loss": 0.6850242614746094, "acc": 0.5340580344200134, "length": 1.0, "mode": "test", "epoch": 20}
{"loss": 0.6868283748626709, "acc": 0.5574636459350586, "length": 1.0000003576278687, "mode": "train", "epoch": 21}
{"loss": 0.6844392418861389, "acc": 0.5617753267288208, "length": 1.0, "mode": "test", "epoch": 21}
{"loss": 0.6870793700218201, "acc": 0.5503033399581909, "length": 1.0000040531158447, "mode": "train", "epoch": 22}
{"loss": 0.6851324439048767, "acc": 0.5545290112495422, "length": 1.0, "mode": "test", "epoch": 22}
{"loss": 0.6873831152915955, "acc": 0.5608615875244141, "length": 1.0000001192092896, "mode": "train", "epoch": 23}
{"loss": 0.6834015846252441, "acc": 0.5663043856620789, "length": 1.0, "mode": "test", "epoch": 23}
{"loss": 0.6881676912307739, "acc": 0.5404734015464783, "length": 1.0, "mode": "train", "epoch": 24}
{"loss": 0.6840083003044128, "acc": 0.5568841099739075, "length": 1.0, "mode": "test", "epoch": 24}
{"loss": 0.6879190802574158, "acc": 0.5597694516181946, "length": 1.0, "mode": "train", "epoch": 25}
{"loss": 0.6828291416168213, "acc": 0.5617753267288208, "length": 1.0, "mode": "test", "epoch": 25}
{"loss": 0.6877332925796509, "acc": 0.5583131313323975, "length": 1.0000001192092896, "mode": "train", "epoch": 26}
{"loss": 0.6828248500823975, "acc": 0.573550820350647, "length": 1.0, "mode": "test", "epoch": 26}
{"loss": 0.6873550415039062, "acc": 0.5541868209838867, "length": 1.0000001192092896, "mode": "train", "epoch": 27}
{"loss": 0.6864787936210632, "acc": 0.5268115997314453, "length": 1.0, "mode": "test", "epoch": 27}
{"loss": 0.686730146408081, "acc": 0.5496965646743774, "length": 1.0000001192092896, "mode": "train", "epoch": 28}
{"loss": 0.6845869421958923, "acc": 0.5442028641700745, "length": 1.0, "mode": "test", "epoch": 28}
{"loss": 0.6863118410110474, "acc": 0.5445995330810547, "length": 1.0, "mode": "train", "epoch": 29}
{"loss": 0.6843882203102112, "acc": 0.5568841099739075, "length": 1.0, "mode": "test", "epoch": 29}
{"loss": 0.6843386888504028, "acc": 0.5574636459350586, "length": 1.0, "mode": "train", "epoch": 30}
{"loss": 0.682049572467804, "acc": 0.5617753267288208, "length": 1.0, "mode": "test", "epoch": 30}
{"loss": 0.6857290267944336, "acc": 0.5596479773521423, "length": 1.0, "mode": "train", "epoch": 31}
{"loss": 0.6830610036849976, "acc": 0.5545290112495422, "length": 1.0, "mode": "test", "epoch": 31}
{"loss": 0.6859548687934875, "acc": 0.5435073375701904, "length": 1.0000001192092896, "mode": "train", "epoch": 32}
{"loss": 0.6833924651145935, "acc": 0.5565217137336731, "length": 1.0, "mode": "test", "epoch": 32}
{"loss": 0.6842039823532104, "acc": 0.5558252930641174, "length": 1.0, "mode": "train", "epoch": 33}
{"loss": 0.6851382851600647, "acc": 0.5465579628944397, "length": 1.0, "mode": "test", "epoch": 33}
{"loss": 0.683984100818634, "acc": 0.5539441704750061, "length": 1.0, "mode": "train", "epoch": 34}
{"loss": 0.681278645992279, "acc": 0.5719203352928162, "length": 1.0, "mode": "test", "epoch": 34}
{"loss": 0.6849656701087952, "acc": 0.5591021180152893, "length": 1.0000001192092896, "mode": "train", "epoch": 35}
{"loss": 0.6828514933586121, "acc": 0.553804337978363, "length": 1.0, "mode": "test", "epoch": 35}
{"loss": 0.6836953163146973, "acc": 0.5604369044303894, "length": 1.0, "mode": "train", "epoch": 36}
{"loss": 0.6810984015464783, "acc": 0.573550820350647, "length": 1.0, "mode": "test", "epoch": 36}
{"loss": 0.6846618056297302, "acc": 0.5645630955696106, "length": 1.0000001192092896, "mode": "train", "epoch": 37}
{"loss": 0.6851054430007935, "acc": 0.5340580344200134, "length": 1.0, "mode": "test", "epoch": 37}
{"loss": 0.6859298944473267, "acc": 0.5523058772087097, "length": 1.000000238418579, "mode": "train", "epoch": 38}
{"loss": 0.6810899972915649, "acc": 0.573550820350647, "length": 1.0, "mode": "test", "epoch": 38}
{"loss": 0.6836015582084656, "acc": 0.5645023584365845, "length": 1.0, "mode": "train", "epoch": 39}
{"loss": 0.6811497807502747, "acc": 0.5719203352928162, "length": 1.0, "mode": "test", "epoch": 39}
{"loss": 0.6828052997589111, "acc": 0.5607402920722961, "length": 1.0000001192092896, "mode": "train", "epoch": 40}
{"loss": 0.6812267303466797, "acc": 0.5617753267288208, "length": 1.0, "mode": "test", "epoch": 40}
{"loss": 0.6841163039207458, "acc": 0.5623180270195007, "length": 1.0000001192092896, "mode": "train", "epoch": 41}
{"loss": 0.681438148021698, "acc": 0.5617753267288208, "length": 1.0, "mode": "test", "epoch": 41}
{"loss": 0.6830334067344666, "acc": 0.5691140294075012, "length": 1.000000238418579, "mode": "train", "epoch": 42}
{"loss": 0.681519627571106, "acc": 0.5719203352928162, "length": 1.0, "mode": "test", "epoch": 42}
{"loss": 0.6821370124816895, "acc": 0.5652912855148315, "length": 1.0, "mode": "train", "epoch": 43}
{"loss": 0.680648684501648, "acc": 0.573550820350647, "length": 1.0, "mode": "test", "epoch": 43}
{"loss": 0.6828402876853943, "acc": 0.5634709000587463, "length": 1.0000008344650269, "mode": "train", "epoch": 44}
{"loss": 0.6823725700378418, "acc": 0.5639492869377136, "length": 1.0, "mode": "test", "epoch": 44}
{"loss": 0.6833655834197998, "acc": 0.569114089012146, "length": 1.0000001192092896, "mode": "train", "epoch": 45}
{"loss": 0.6807422041893005, "acc": 0.573550820350647, "length": 1.0, "mode": "test", "epoch": 45}
{"loss": 0.6820158958435059, "acc": 0.5695388317108154, "length": 1.0, "mode": "train", "epoch": 46}
{"loss": 0.6807048320770264, "acc": 0.5719203352928162, "length": 1.0, "mode": "test", "epoch": 46}
{"loss": 0.6819199323654175, "acc": 0.5623785853385925, "length": 1.0000008344650269, "mode": "train", "epoch": 47}
{"loss": 0.6810210347175598, "acc": 0.573550820350647, "length": 1.0, "mode": "test", "epoch": 47}
{"loss": 0.6831251382827759, "acc": 0.5621358752250671, "length": 1.0, "mode": "train", "epoch": 48}
{"loss": 0.6810514330863953, "acc": 0.5681159496307373, "length": 1.0, "mode": "test", "epoch": 48}
{"loss": 0.6842506527900696, "acc": 0.5685679316520691, "length": 1.0, "mode": "train", "epoch": 49}
{"loss": 0.6803784370422363, "acc": 0.573550820350647, "length": 1.0, "mode": "test", "epoch": 49}
{"loss": 0.6831797361373901, "acc": 0.5612257719039917, "length": 1.000000238418579, "mode": "train", "epoch": 50}
{"loss": 0.6846782565116882, "acc": 0.5447463989257812, "length": 1.0, "mode": "test", "epoch": 50}
{"loss": 0.6820124983787537, "acc": 0.560194194316864, "length": 1.0000008344650269, "mode": "train", "epoch": 51}
{"loss": 0.6824548244476318, "acc": 0.5764492154121399, "length": 1.0, "mode": "test", "epoch": 51}
{"loss": 0.6837618350982666, "acc": 0.5661408305168152, "length": 1.0, "mode": "train", "epoch": 52}
{"loss": 0.6813711524009705, "acc": 0.5659419894218445, "length": 1.0, "mode": "test", "epoch": 52}
{"loss": 0.6826400756835938, "acc": 0.5682645440101624, "length": 1.000000238418579, "mode": "train", "epoch": 53}
{"loss": 0.6819667220115662, "acc": 0.5757246017456055, "length": 1.0, "mode": "test", "epoch": 53}
{"loss": 0.6813468337059021, "acc": 0.5688713192939758, "length": 1.0, "mode": "train", "epoch": 54}
{"loss": 0.679940402507782, "acc": 0.573550820350647, "length": 1.0, "mode": "test", "epoch": 54}
{"loss": 0.6821818947792053, "acc": 0.563895583152771, "length": 1.0000001192092896, "mode": "train", "epoch": 55}
{"loss": 0.6830984950065613, "acc": 0.5661231279373169, "length": 1.0, "mode": "test", "epoch": 55}
{"loss": 0.6827827095985413, "acc": 0.5561286211013794, "length": 1.0, "mode": "train", "epoch": 56}
{"loss": 0.6791291236877441, "acc": 0.573550820350647, "length": 1.0, "mode": "test", "epoch": 56}
{"loss": 0.6829190254211426, "acc": 0.5660800933837891, "length": 1.0, "mode": "train", "epoch": 57}
{"loss": 0.6809470057487488, "acc": 0.5740942358970642, "length": 1.0, "mode": "test", "epoch": 57}
{"loss": 0.6816359758377075, "acc": 0.556796133518219, "length": 1.0, "mode": "train", "epoch": 58}
{"loss": 0.683391273021698, "acc": 0.5559782981872559, "length": 1.0, "mode": "test", "epoch": 58}
{"loss": 0.6825884580612183, "acc": 0.565109372138977, "length": 1.0, "mode": "train", "epoch": 59}
{"loss": 0.6788120269775391, "acc": 0.5757246017456055, "length": 1.0, "mode": "test", "epoch": 59}
{"loss": 0.6827104091644287, "acc": 0.5671116709709167, "length": 1.0000001192092896, "mode": "train", "epoch": 60}
{"loss": 0.6807190775871277, "acc": 0.5617753267288208, "length": 1.0, "mode": "test", "epoch": 60}
test accuracy: 0.30088236927986145
