# ["--attributes=5", "--values=4", "--game_size=10", "--vocab_size_factor=3", "--n_epochs=60", "--batch_size=64", "--learning_rate=0.001", "--hidden_size=256", "--temp_update=0.97", "--temperature=1.5"]
Creating train_ds and val_ds...

Creating test_ds...
{"loss": 0.7054089307785034, "acc": 0.5021613836288452, "length": 2.29089617729187, "mode": "train", "epoch": 1}
{"loss": 0.6920365691184998, "acc": 0.5201030969619751, "length": 1.0, "mode": "test", "epoch": 1}
{"loss": 0.6980854272842407, "acc": 0.5006847381591797, "length": 1.0130894184112549, "mode": "train", "epoch": 2}
{"loss": 0.6984702944755554, "acc": 0.4994845688343048, "length": 1.0, "mode": "test", "epoch": 2}
{"loss": 0.6951093077659607, "acc": 0.505743145942688, "length": 1.003581166267395, "mode": "train", "epoch": 3}
{"loss": 0.6910983920097351, "acc": 0.5176975727081299, "length": 1.0, "mode": "test", "epoch": 3}
{"loss": 0.6940613389015198, "acc": 0.512869119644165, "length": 1.003183364868164, "mode": "train", "epoch": 4}
{"loss": 0.6946235299110413, "acc": 0.5146047472953796, "length": 1.0, "mode": "test", "epoch": 4}
{"loss": 0.6924815773963928, "acc": 0.5230081677436829, "length": 1.0098503828048706, "mode": "train", "epoch": 5}
{"loss": 0.6958677172660828, "acc": 0.5063573718070984, "length": 1.0, "mode": "test", "epoch": 5}
{"loss": 0.658021867275238, "acc": 0.5919097661972046, "length": 1.6098147630691528, "mode": "train", "epoch": 6}
{"loss": 0.598046600818634, "acc": 0.7058336734771729, "length": 2.144329786300659, "mode": "test", "epoch": 6}
{"loss": 0.5539791584014893, "acc": 0.7293902039527893, "length": 2.531320333480835, "mode": "train", "epoch": 7}
{"loss": 0.5149024128913879, "acc": 0.7627641558647156, "length": 2.7319588661193848, "mode": "test", "epoch": 7}
{"loss": 0.5006623268127441, "acc": 0.7707414627075195, "length": 2.7275521755218506, "mode": "train", "epoch": 8}
{"loss": 0.49124032258987427, "acc": 0.7882034182548523, "length": 2.701030969619751, "mode": "test", "epoch": 8}
{"loss": 0.475203275680542, "acc": 0.7863332629203796, "length": 2.617461681365967, "mode": "train", "epoch": 9}
{"loss": 0.4817453920841217, "acc": 0.7812538146972656, "length": 2.7938144207000732, "mode": "test", "epoch": 9}
{"loss": 0.4631270170211792, "acc": 0.7923561930656433, "length": 2.744450569152832, "mode": "train", "epoch": 10}
{"loss": 0.47794613242149353, "acc": 0.7782089710235596, "length": 2.6323025226593018, "mode": "test", "epoch": 10}
{"loss": 0.4507785439491272, "acc": 0.7939958572387695, "length": 2.7097625732421875, "mode": "train", "epoch": 11}
{"loss": 0.4742473065853119, "acc": 0.7880099415779114, "length": 2.896907329559326, "mode": "test", "epoch": 11}
{"loss": 0.4262635409832001, "acc": 0.804758608341217, "length": 3.0547077655792236, "mode": "train", "epoch": 12}
{"loss": 0.4319007098674774, "acc": 0.7999727725982666, "length": 3.3161511421203613, "mode": "test", "epoch": 12}
{"loss": 0.39532655477523804, "acc": 0.8215640783309937, "length": 3.450971841812134, "mode": "train", "epoch": 13}
{"loss": 0.4546898901462555, "acc": 0.7824189066886902, "length": 3.6632301807403564, "mode": "test", "epoch": 13}
{"loss": 0.3844000995159149, "acc": 0.8282280564308167, "length": 3.660292148590088, "mode": "train", "epoch": 14}
{"loss": 0.4233972132205963, "acc": 0.8121115565299988, "length": 3.84536075592041, "mode": "test", "epoch": 14}
{"loss": 0.36686956882476807, "acc": 0.8370786905288696, "length": 3.8025968074798584, "mode": "train", "epoch": 15}
{"loss": 0.39982232451438904, "acc": 0.827257513999939, "length": 3.8419244289398193, "mode": "test", "epoch": 15}
{"loss": 0.35668736696243286, "acc": 0.8372719883918762, "length": 3.8065290451049805, "mode": "train", "epoch": 16}
{"loss": 0.4055781364440918, "acc": 0.8212317228317261, "length": 3.896907329559326, "mode": "test", "epoch": 16}
{"loss": 0.34962689876556396, "acc": 0.8437208533287048, "length": 3.867457866668701, "mode": "train", "epoch": 17}
{"loss": 0.3847854733467102, "acc": 0.8423365354537964, "length": 3.903779983520508, "mode": "test", "epoch": 17}
{"loss": 0.3456035852432251, "acc": 0.8454498052597046, "length": 3.921618700027466, "mode": "train", "epoch": 18}
{"loss": 0.351262629032135, "acc": 0.8401936888694763, "length": 3.9072165489196777, "mode": "test", "epoch": 18}
{"loss": 0.31720325350761414, "acc": 0.8542254567146301, "length": 3.9435572624206543, "mode": "train", "epoch": 19}
{"loss": 0.3396908640861511, "acc": 0.8591790795326233, "length": 3.9347078800201416, "mode": "test", "epoch": 19}
{"loss": 0.27451395988464355, "acc": 0.8814401626586914, "length": 3.9493775367736816, "mode": "train", "epoch": 20}
{"loss": 0.28930744528770447, "acc": 0.8816782236099243, "length": 3.9862542152404785, "mode": "test", "epoch": 20}
{"loss": 0.2412162572145462, "acc": 0.8953601717948914, "length": 3.9749462604522705, "mode": "train", "epoch": 21}
{"loss": 0.28729769587516785, "acc": 0.8805840611457825, "length": 4.0, "mode": "test", "epoch": 21}
{"loss": 0.23733127117156982, "acc": 0.900195837020874, "length": 3.991321325302124, "mode": "train", "epoch": 22}
{"loss": 0.27255862951278687, "acc": 0.8946733474731445, "length": 4.0, "mode": "test", "epoch": 22}
{"loss": 0.22617501020431519, "acc": 0.911694347858429, "length": 3.9970760345458984, "mode": "train", "epoch": 23}
{"loss": 0.2687247693538666, "acc": 0.8945016860961914, "length": 4.0, "mode": "test", "epoch": 23}
{"loss": 0.21964626014232635, "acc": 0.9150517582893372, "length": 3.9981486797332764, "mode": "train", "epoch": 24}
{"loss": 0.28205734491348267, "acc": 0.8967353105545044, "length": 4.0, "mode": "test", "epoch": 24}
{"loss": 0.22384454309940338, "acc": 0.9143432974815369, "length": 3.9985313415527344, "mode": "train", "epoch": 25}
{"loss": 0.2612180709838867, "acc": 0.9077320694923401, "length": 4.0, "mode": "test", "epoch": 25}
{"loss": 0.20880566537380219, "acc": 0.9197395443916321, "length": 3.998610496520996, "mode": "train", "epoch": 26}
{"loss": 0.23991572856903076, "acc": 0.9111683368682861, "length": 4.0, "mode": "test", "epoch": 26}
{"loss": 0.19623605906963348, "acc": 0.9247620105743408, "length": 3.998303174972534, "mode": "train", "epoch": 27}
{"loss": 0.21193432807922363, "acc": 0.9226803183555603, "length": 4.0, "mode": "test", "epoch": 27}
{"loss": 0.18825645744800568, "acc": 0.9274730682373047, "length": 3.999006509780884, "mode": "train", "epoch": 28}
{"loss": 0.22958199679851532, "acc": 0.9149484634399414, "length": 4.0, "mode": "test", "epoch": 28}
{"loss": 0.18308167159557343, "acc": 0.9303131699562073, "length": 3.9980928897857666, "mode": "train", "epoch": 29}
{"loss": 0.21981413662433624, "acc": 0.9189003109931946, "length": 4.0, "mode": "test", "epoch": 29}
{"loss": 0.17564183473587036, "acc": 0.9328984618186951, "length": 3.9997150897979736, "mode": "train", "epoch": 30}
{"loss": 0.21270851790905, "acc": 0.9190719723701477, "length": 4.0, "mode": "test", "epoch": 30}
{"loss": 0.18393634259700775, "acc": 0.9302022457122803, "length": 3.997464179992676, "mode": "train", "epoch": 31}
{"loss": 0.23604749143123627, "acc": 0.9058418273925781, "length": 4.0, "mode": "test", "epoch": 31}
{"loss": 0.18790434300899506, "acc": 0.9267205595970154, "length": 3.9993367195129395, "mode": "train", "epoch": 32}
{"loss": 0.24476304650306702, "acc": 0.911512017250061, "length": 4.0, "mode": "test", "epoch": 32}
{"loss": 0.18859024345874786, "acc": 0.9276074171066284, "length": 3.999723434448242, "mode": "train", "epoch": 33}
{"loss": 0.2209128886461258, "acc": 0.9197595119476318, "length": 4.0, "mode": "test", "epoch": 33}
{"loss": 0.1847665160894394, "acc": 0.9347378015518188, "length": 3.9995200634002686, "mode": "train", "epoch": 34}
{"loss": 0.22874759137630463, "acc": 0.9187285304069519, "length": 4.0, "mode": "test", "epoch": 34}
{"loss": 0.17301520705223083, "acc": 0.9342807531356812, "length": 3.9998183250427246, "mode": "train", "epoch": 35}
{"loss": 0.2162550538778305, "acc": 0.9281787276268005, "length": 4.0, "mode": "test", "epoch": 35}
{"loss": 0.16692687571048737, "acc": 0.9411221742630005, "length": 3.99969744682312, "mode": "train", "epoch": 36}
{"loss": 0.2260397970676422, "acc": 0.9231960773468018, "length": 4.0, "mode": "test", "epoch": 36}
{"loss": 0.15781623125076294, "acc": 0.943228542804718, "length": 3.997471809387207, "mode": "train", "epoch": 37}
{"loss": 0.21547996997833252, "acc": 0.9286941289901733, "length": 4.0, "mode": "test", "epoch": 37}
{"loss": 0.19817431271076202, "acc": 0.925199568271637, "length": 3.999948024749756, "mode": "train", "epoch": 38}
{"loss": 0.2702520191669464, "acc": 0.9017181992530823, "length": 4.0, "mode": "test", "epoch": 38}
{"loss": 0.18924163281917572, "acc": 0.9346114993095398, "length": 3.9989089965820312, "mode": "train", "epoch": 39}
{"loss": 0.22734597325325012, "acc": 0.913058340549469, "length": 4.0, "mode": "test", "epoch": 39}
{"loss": 0.16495738923549652, "acc": 0.9398117661476135, "length": 3.999910593032837, "mode": "train", "epoch": 40}
{"loss": 0.20996277034282684, "acc": 0.9189004302024841, "length": 4.0, "mode": "test", "epoch": 40}
{"loss": 0.16339880228042603, "acc": 0.9405195116996765, "length": 3.9989750385284424, "mode": "train", "epoch": 41}
{"loss": 0.21452461183071136, "acc": 0.9238831996917725, "length": 4.0, "mode": "test", "epoch": 41}
{"loss": 0.17807859182357788, "acc": 0.9393644332885742, "length": 3.9991064071655273, "mode": "train", "epoch": 42}
{"loss": 0.2613458037376404, "acc": 0.9151202440261841, "length": 4.0, "mode": "test", "epoch": 42}
{"loss": 0.16913935542106628, "acc": 0.9425582885742188, "length": 3.9996488094329834, "mode": "train", "epoch": 43}
{"loss": 0.2093956023454666, "acc": 0.9292097091674805, "length": 4.0, "mode": "test", "epoch": 43}
{"loss": 0.15977200865745544, "acc": 0.9477190971374512, "length": 3.9960713386535645, "mode": "train", "epoch": 44}
{"loss": 0.20438967645168304, "acc": 0.9274913668632507, "length": 4.0, "mode": "test", "epoch": 44}
{"loss": 0.14723104238510132, "acc": 0.9488099217414856, "length": 3.998912811279297, "mode": "train", "epoch": 45}
{"loss": 0.21089132130146027, "acc": 0.9286941289901733, "length": 4.0, "mode": "test", "epoch": 45}
{"loss": 0.13580797612667084, "acc": 0.9537392258644104, "length": 3.998826026916504, "mode": "train", "epoch": 46}
{"loss": 0.2100829929113388, "acc": 0.9223368763923645, "length": 4.0, "mode": "test", "epoch": 46}
{"loss": 0.1452426016330719, "acc": 0.9518364667892456, "length": 3.998853921890259, "mode": "train", "epoch": 47}
{"loss": 0.273648202419281, "acc": 0.9121993780136108, "length": 4.0, "mode": "test", "epoch": 47}
{"loss": 0.16620171070098877, "acc": 0.9407558441162109, "length": 3.9992661476135254, "mode": "train", "epoch": 48}
{"loss": 0.2416388988494873, "acc": 0.9034364223480225, "length": 4.0, "mode": "test", "epoch": 48}
{"loss": 0.1591261625289917, "acc": 0.9408414959907532, "length": 3.9996938705444336, "mode": "train", "epoch": 49}
{"loss": 0.2366308718919754, "acc": 0.9247422814369202, "length": 4.0, "mode": "test", "epoch": 49}
{"loss": 0.19106297194957733, "acc": 0.91977858543396, "length": 3.999656915664673, "mode": "train", "epoch": 50}
{"loss": 0.21323838829994202, "acc": 0.9180411100387573, "length": 4.0, "mode": "test", "epoch": 50}
{"loss": 0.1777694672346115, "acc": 0.9338641166687012, "length": 3.9995481967926025, "mode": "train", "epoch": 51}
{"loss": 0.17446255683898926, "acc": 0.9353951215744019, "length": 4.0, "mode": "test", "epoch": 51}
{"loss": 0.1773434281349182, "acc": 0.9397122263908386, "length": 3.9988372325897217, "mode": "train", "epoch": 52}
{"loss": 0.19776611030101776, "acc": 0.9321305751800537, "length": 4.0, "mode": "test", "epoch": 52}
{"loss": 0.1556178778409958, "acc": 0.9432136416435242, "length": 3.998603105545044, "mode": "train", "epoch": 53}
{"loss": 0.17674608528614044, "acc": 0.9331615567207336, "length": 4.0, "mode": "test", "epoch": 53}
{"loss": 0.14704632759094238, "acc": 0.9472948908805847, "length": 3.9999797344207764, "mode": "train", "epoch": 54}
{"loss": 0.1805439293384552, "acc": 0.9324742555618286, "length": 4.0, "mode": "test", "epoch": 54}
{"loss": 0.13330774009227753, "acc": 0.9511436223983765, "length": 3.9998996257781982, "mode": "train", "epoch": 55}
{"loss": 0.15580187737941742, "acc": 0.9484534859657288, "length": 4.0, "mode": "test", "epoch": 55}
{"loss": 0.11987904459238052, "acc": 0.9578819274902344, "length": 3.999986410140991, "mode": "train", "epoch": 56}
{"loss": 0.15128181874752045, "acc": 0.9472507238388062, "length": 4.0, "mode": "test", "epoch": 56}
{"loss": 0.11739736795425415, "acc": 0.9585133194923401, "length": 3.9999639987945557, "mode": "train", "epoch": 57}
{"loss": 0.1600598245859146, "acc": 0.9472508430480957, "length": 4.0, "mode": "test", "epoch": 57}
{"loss": 0.1130746379494667, "acc": 0.9595494270324707, "length": 3.9999687671661377, "mode": "train", "epoch": 58}
{"loss": 0.14612475037574768, "acc": 0.9500000476837158, "length": 4.0, "mode": "test", "epoch": 58}
{"loss": 0.10640690475702286, "acc": 0.9624853134155273, "length": 3.9999947547912598, "mode": "train", "epoch": 59}
{"loss": 0.13943590223789215, "acc": 0.9524053931236267, "length": 4.0, "mode": "test", "epoch": 59}
{"loss": 0.10564276576042175, "acc": 0.9622978568077087, "length": 3.999645948410034, "mode": "train", "epoch": 60}
{"loss": 0.14115290343761444, "acc": 0.9506873488426208, "length": 4.0, "mode": "test", "epoch": 60}
test accuracy: 0.7719643712043762
