# ["--attributes=5", "--values=4", "--game_size=10", "--vocab_size_factor=3", "--n_epochs=60", "--batch_size=64", "--learning_rate=0.001", "--hidden_size=256", "--temp_update=0.97", "--temperature=2"]
Creating train_ds and val_ds...

Creating test_ds...
{"loss": 0.7121893763542175, "acc": 0.5144177675247192, "length": 2.696295976638794, "mode": "train", "epoch": 1}
{"loss": 0.6957809329032898, "acc": 0.5040636658668518, "length": 1.0, "mode": "test", "epoch": 1}
{"loss": 0.6959860324859619, "acc": 0.5091172456741333, "length": 1.0878721475601196, "mode": "train", "epoch": 2}
{"loss": 0.6983740329742432, "acc": 0.5019435286521912, "length": 1.0, "mode": "test", "epoch": 2}
{"loss": 0.6681638360023499, "acc": 0.5862186551094055, "length": 1.6777976751327515, "mode": "train", "epoch": 3}
{"loss": 0.6347714066505432, "acc": 0.6610666513442993, "length": 2.3003532886505127, "mode": "test", "epoch": 3}
{"loss": 0.6073037981987, "acc": 0.6637040972709656, "length": 2.3502612113952637, "mode": "train", "epoch": 4}
{"loss": 0.623937726020813, "acc": 0.6739587187767029, "length": 2.2508833408355713, "mode": "test", "epoch": 4}
{"loss": 0.582521915435791, "acc": 0.6950095295906067, "length": 2.4252102375030518, "mode": "train", "epoch": 5}
{"loss": 0.5841392278671265, "acc": 0.7000752687454224, "length": 2.4840989112854004, "mode": "test", "epoch": 5}
{"loss": 0.5439267158508301, "acc": 0.719491183757782, "length": 2.7350552082061768, "mode": "train", "epoch": 6}
{"loss": 0.5155472755432129, "acc": 0.7536725401878357, "length": 3.130742073059082, "mode": "test", "epoch": 6}
{"loss": 0.4495057463645935, "acc": 0.7944391965866089, "length": 3.2371723651885986, "mode": "train", "epoch": 7}
{"loss": 0.4197966158390045, "acc": 0.8313155174255371, "length": 3.448763132095337, "mode": "test", "epoch": 7}
{"loss": 0.3840056359767914, "acc": 0.8503013849258423, "length": 3.4239914417266846, "mode": "train", "epoch": 8}
{"loss": 0.4266606271266937, "acc": 0.8292685151100159, "length": 3.5865724086761475, "mode": "test", "epoch": 8}
{"loss": 0.3516685664653778, "acc": 0.8612415790557861, "length": 3.467198371887207, "mode": "train", "epoch": 9}
{"loss": 0.3907020092010498, "acc": 0.8387995958328247, "length": 3.639575958251953, "mode": "test", "epoch": 9}
{"loss": 0.3290855884552002, "acc": 0.8669919967651367, "length": 3.492802143096924, "mode": "train", "epoch": 10}
{"loss": 0.39655789732933044, "acc": 0.8393304944038391, "length": 3.3427562713623047, "mode": "test", "epoch": 10}
{"loss": 0.3135809004306793, "acc": 0.8743476271629333, "length": 3.437741279602051, "mode": "train", "epoch": 11}
{"loss": 0.3823338449001312, "acc": 0.8569502830505371, "length": 3.607773780822754, "mode": "test", "epoch": 11}
{"loss": 0.3083967864513397, "acc": 0.8761803507804871, "length": 3.5422580242156982, "mode": "train", "epoch": 12}
{"loss": 0.37375345826148987, "acc": 0.8580202460289001, "length": 3.565371036529541, "mode": "test", "epoch": 12}
{"loss": 0.28496187925338745, "acc": 0.8851445317268372, "length": 3.5914106369018555, "mode": "train", "epoch": 13}
{"loss": 0.355886310338974, "acc": 0.86192387342453, "length": 3.7208480834960938, "mode": "test", "epoch": 13}
{"loss": 0.2811928987503052, "acc": 0.8857633471488953, "length": 3.6606056690216064, "mode": "train", "epoch": 14}
{"loss": 0.3342425227165222, "acc": 0.8678092956542969, "length": 3.6855123043060303, "mode": "test", "epoch": 14}
{"loss": 0.25702062249183655, "acc": 0.8946307897567749, "length": 3.717315196990967, "mode": "train", "epoch": 15}
{"loss": 0.3324684202671051, "acc": 0.87591552734375, "length": 3.696113109588623, "mode": "test", "epoch": 15}
{"loss": 0.24458500742912292, "acc": 0.8997496366500854, "length": 3.7580811977386475, "mode": "train", "epoch": 16}
{"loss": 0.31862199306488037, "acc": 0.8808171153068542, "length": 3.9045937061309814, "mode": "test", "epoch": 16}
{"loss": 0.22667452692985535, "acc": 0.9155293107032776, "length": 3.862943410873413, "mode": "train", "epoch": 17}
{"loss": 0.24168208241462708, "acc": 0.909572958946228, "length": 3.9081273078918457, "mode": "test", "epoch": 17}
{"loss": 0.20472897589206696, "acc": 0.922898530960083, "length": 3.8605690002441406, "mode": "train", "epoch": 18}
{"loss": 0.23499611020088196, "acc": 0.9102555513381958, "length": 3.9893991947174072, "mode": "test", "epoch": 18}
{"loss": 0.18030183017253876, "acc": 0.9322625994682312, "length": 3.9166347980499268, "mode": "train", "epoch": 19}
{"loss": 0.2011406421661377, "acc": 0.9286218881607056, "length": 4.0, "mode": "test", "epoch": 19}
{"loss": 0.1799614578485489, "acc": 0.9359450936317444, "length": 3.951242208480835, "mode": "train", "epoch": 20}
{"loss": 0.19369080662727356, "acc": 0.9305654168128967, "length": 4.0, "mode": "test", "epoch": 20}
{"loss": 0.16035911440849304, "acc": 0.9397661685943604, "length": 3.9655280113220215, "mode": "train", "epoch": 21}
{"loss": 0.17665518820285797, "acc": 0.9374998807907104, "length": 3.9964663982391357, "mode": "test", "epoch": 21}
{"loss": 0.15295255184173584, "acc": 0.9386487007141113, "length": 3.967916488647461, "mode": "train", "epoch": 22}
{"loss": 0.17448656260967255, "acc": 0.9378092885017395, "length": 4.0, "mode": "test", "epoch": 22}
{"loss": 0.13596147298812866, "acc": 0.9494574666023254, "length": 3.9795758724212646, "mode": "train", "epoch": 23}
{"loss": 0.1825859248638153, "acc": 0.9409895539283752, "length": 4.0, "mode": "test", "epoch": 23}
{"loss": 0.12259168922901154, "acc": 0.9526966214179993, "length": 3.985879898071289, "mode": "train", "epoch": 24}
{"loss": 0.17113207280635834, "acc": 0.9462897181510925, "length": 4.0, "mode": "test", "epoch": 24}
{"loss": 0.11228364706039429, "acc": 0.9554517865180969, "length": 3.9948058128356934, "mode": "train", "epoch": 25}
{"loss": 0.18901075422763824, "acc": 0.9390459656715393, "length": 4.0, "mode": "test", "epoch": 25}
{"loss": 0.11526179313659668, "acc": 0.9570558667182922, "length": 3.9959092140197754, "mode": "train", "epoch": 26}
{"loss": 0.1517924815416336, "acc": 0.9508833289146423, "length": 4.0, "mode": "test", "epoch": 26}
{"loss": 0.11199019849300385, "acc": 0.9599360227584839, "length": 3.9964776039123535, "mode": "train", "epoch": 27}
{"loss": 0.14576475322246552, "acc": 0.9577738046646118, "length": 4.0, "mode": "test", "epoch": 27}
{"loss": 0.09380783885717392, "acc": 0.9668643474578857, "length": 3.9968700408935547, "mode": "train", "epoch": 28}
{"loss": 0.12378555536270142, "acc": 0.9558305144309998, "length": 4.0, "mode": "test", "epoch": 28}
{"loss": 0.08833273500204086, "acc": 0.9721857905387878, "length": 3.997187852859497, "mode": "train", "epoch": 29}
{"loss": 0.15031485259532928, "acc": 0.9553002715110779, "length": 4.0, "mode": "test", "epoch": 29}
{"loss": 0.07416686415672302, "acc": 0.9731003046035767, "length": 3.9983599185943604, "mode": "train", "epoch": 30}
{"loss": 0.15990059077739716, "acc": 0.9547701478004456, "length": 4.0, "mode": "test", "epoch": 30}
{"loss": 0.06955642998218536, "acc": 0.9744811058044434, "length": 3.9977548122406006, "mode": "train", "epoch": 31}
{"loss": 0.1056586503982544, "acc": 0.9637807011604309, "length": 4.0, "mode": "test", "epoch": 31}
{"loss": 0.06826379895210266, "acc": 0.9740525484085083, "length": 3.9987103939056396, "mode": "train", "epoch": 32}
{"loss": 0.1495618373155594, "acc": 0.9583039283752441, "length": 4.0, "mode": "test", "epoch": 32}
{"loss": 0.05985571816563606, "acc": 0.979203999042511, "length": 3.9993035793304443, "mode": "train", "epoch": 33}
{"loss": 0.1626090705394745, "acc": 0.9634275436401367, "length": 4.0, "mode": "test", "epoch": 33}
{"loss": 0.05941065028309822, "acc": 0.9788369536399841, "length": 3.9990060329437256, "mode": "train", "epoch": 34}
{"loss": 0.1402512788772583, "acc": 0.9602473378181458, "length": 4.0, "mode": "test", "epoch": 34}
{"loss": 0.05978645011782646, "acc": 0.9807446599006653, "length": 3.9995734691619873, "mode": "train", "epoch": 35}
{"loss": 0.13898999989032745, "acc": 0.9636041522026062, "length": 4.0, "mode": "test", "epoch": 35}
{"loss": 0.05651915445923805, "acc": 0.9797464609146118, "length": 3.9994239807128906, "mode": "train", "epoch": 36}
{"loss": 0.1609494537115097, "acc": 0.9607773423194885, "length": 4.0, "mode": "test", "epoch": 36}
{"loss": 0.06012583523988724, "acc": 0.9772944450378418, "length": 3.9988386631011963, "mode": "train", "epoch": 37}
{"loss": 0.16816066205501556, "acc": 0.9611307382583618, "length": 4.0, "mode": "test", "epoch": 37}
{"loss": 0.04980780556797981, "acc": 0.9829297065734863, "length": 3.9978208541870117, "mode": "train", "epoch": 38}
{"loss": 0.11688989400863647, "acc": 0.966431200504303, "length": 4.0, "mode": "test", "epoch": 38}
{"loss": 0.06012777239084244, "acc": 0.9829305410385132, "length": 3.9997708797454834, "mode": "train", "epoch": 39}
{"loss": 0.23445849120616913, "acc": 0.9538869857788086, "length": 4.0, "mode": "test", "epoch": 39}
{"loss": 0.07614868879318237, "acc": 0.9741626977920532, "length": 3.998404026031494, "mode": "train", "epoch": 40}
{"loss": 0.17390644550323486, "acc": 0.9591874480247498, "length": 4.0, "mode": "test", "epoch": 40}
{"loss": 0.05564165860414505, "acc": 0.9802667498588562, "length": 3.9974427223205566, "mode": "train", "epoch": 41}
{"loss": 0.13081397116184235, "acc": 0.9726147055625916, "length": 4.0, "mode": "test", "epoch": 41}
{"loss": 0.06892238557338715, "acc": 0.98249351978302, "length": 3.9992685317993164, "mode": "train", "epoch": 42}
{"loss": 0.10759510844945908, "acc": 0.9772083163261414, "length": 4.0, "mode": "test", "epoch": 42}
{"loss": 0.055988866835832596, "acc": 0.9816362261772156, "length": 3.999885082244873, "mode": "train", "epoch": 43}
{"loss": 0.12549670040607452, "acc": 0.9733216166496277, "length": 4.0, "mode": "test", "epoch": 43}
{"loss": 0.06396566331386566, "acc": 0.982642650604248, "length": 3.9999189376831055, "mode": "train", "epoch": 44}
{"loss": 0.10570778697729111, "acc": 0.9685511589050293, "length": 4.0, "mode": "test", "epoch": 44}
{"loss": 0.0822453498840332, "acc": 0.9737886190414429, "length": 3.999953508377075, "mode": "train", "epoch": 45}
{"loss": 0.11010972410440445, "acc": 0.9643110632896423, "length": 4.0, "mode": "test", "epoch": 45}
{"loss": 0.0857972726225853, "acc": 0.9700075387954712, "length": 3.9998223781585693, "mode": "train", "epoch": 46}
{"loss": 0.19725604355335236, "acc": 0.9533568620681763, "length": 4.0, "mode": "test", "epoch": 46}
{"loss": 0.07189875841140747, "acc": 0.9780399799346924, "length": 3.9999916553497314, "mode": "train", "epoch": 47}
{"loss": 0.12675867974758148, "acc": 0.9648410677909851, "length": 4.0, "mode": "test", "epoch": 47}
{"loss": 0.07346036285161972, "acc": 0.9759733080863953, "length": 3.999972105026245, "mode": "train", "epoch": 48}
{"loss": 0.16983531415462494, "acc": 0.96378093957901, "length": 4.0, "mode": "test", "epoch": 48}
{"loss": 0.056522030383348465, "acc": 0.981103241443634, "length": 3.9997377395629883, "mode": "train", "epoch": 49}
{"loss": 0.12613505125045776, "acc": 0.966254472732544, "length": 4.0, "mode": "test", "epoch": 49}
{"loss": 0.03464701771736145, "acc": 0.9903153777122498, "length": 3.9998152256011963, "mode": "train", "epoch": 50}
{"loss": 0.129902645945549, "acc": 0.9659010767936707, "length": 4.0, "mode": "test", "epoch": 50}
{"loss": 0.052768781781196594, "acc": 0.9837069511413574, "length": 3.999990701675415, "mode": "train", "epoch": 51}
{"loss": 0.11175890266895294, "acc": 0.9719082117080688, "length": 4.0, "mode": "test", "epoch": 51}
{"loss": 0.038979463279247284, "acc": 0.9903320670127869, "length": 3.9985544681549072, "mode": "train", "epoch": 52}
{"loss": 0.11943387985229492, "acc": 0.9731447696685791, "length": 4.0, "mode": "test", "epoch": 52}
{"loss": 0.042262740433216095, "acc": 0.9863023161888123, "length": 3.9999258518218994, "mode": "train", "epoch": 53}
{"loss": 0.12536919116973877, "acc": 0.9703179597854614, "length": 4.0, "mode": "test", "epoch": 53}
{"loss": 0.04488362744450569, "acc": 0.9875990748405457, "length": 3.9997830390930176, "mode": "train", "epoch": 54}
{"loss": 0.12573257088661194, "acc": 0.9802122116088867, "length": 4.0, "mode": "test", "epoch": 54}
{"loss": 0.04522131383419037, "acc": 0.9870662689208984, "length": 3.9996347427368164, "mode": "train", "epoch": 55}
{"loss": 0.11490129679441452, "acc": 0.9724380970001221, "length": 4.0, "mode": "test", "epoch": 55}
{"loss": 0.09988302737474442, "acc": 0.9679451584815979, "length": 3.9999756813049316, "mode": "train", "epoch": 56}
{"loss": 0.12143107503652573, "acc": 0.9664309620857239, "length": 4.0, "mode": "test", "epoch": 56}
{"loss": 0.06909766793251038, "acc": 0.978744626045227, "length": 3.999882459640503, "mode": "train", "epoch": 57}
{"loss": 0.15107478201389313, "acc": 0.9655476808547974, "length": 4.0, "mode": "test", "epoch": 57}
{"loss": 0.05696914717555046, "acc": 0.9806965589523315, "length": 3.9999988079071045, "mode": "train", "epoch": 58}
{"loss": 0.10915900766849518, "acc": 0.9733216762542725, "length": 4.0, "mode": "test", "epoch": 58}
{"loss": 0.057421665638685226, "acc": 0.9840455651283264, "length": 3.999335527420044, "mode": "train", "epoch": 59}
{"loss": 0.13727454841136932, "acc": 0.9577739238739014, "length": 4.0, "mode": "test", "epoch": 59}
{"loss": 0.04088960587978363, "acc": 0.9858336448669434, "length": 3.999436855316162, "mode": "train", "epoch": 60}
{"loss": 0.13346441090106964, "acc": 0.9710246920585632, "length": 4.0, "mode": "test", "epoch": 60}
test accuracy: 0.865483820438385
