# ["--attributes=5", "--values=4", "--game_size=10", "--vocab_size_factor=3", "--n_epochs=60", "--batch_size=64", "--learning_rate=0.001", "--hidden_size=256", "--temp_update=0.99", "--temperature=1"]
Creating train_ds and val_ds...

Creating test_ds...
{"loss": 0.7041304707527161, "acc": 0.5231589674949646, "length": 2.216794490814209, "mode": "train", "epoch": 1}
{"loss": 0.6896803975105286, "acc": 0.5319587588310242, "length": 1.0, "mode": "test", "epoch": 1}
{"loss": 0.6898410320281982, "acc": 0.5334422588348389, "length": 1.0052989721298218, "mode": "train", "epoch": 2}
{"loss": 0.6818720698356628, "acc": 0.5512027144432068, "length": 1.0, "mode": "test", "epoch": 2}
{"loss": 0.6895225048065186, "acc": 0.5288766026496887, "length": 1.001081109046936, "mode": "train", "epoch": 3}
{"loss": 0.6850304007530212, "acc": 0.5367697477340698, "length": 1.0, "mode": "test", "epoch": 3}
{"loss": 0.6876975893974304, "acc": 0.5386101007461548, "length": 1.0011221170425415, "mode": "train", "epoch": 4}
{"loss": 0.6815727353096008, "acc": 0.5541237592697144, "length": 1.0, "mode": "test", "epoch": 4}
{"loss": 0.6880326867103577, "acc": 0.5416389107704163, "length": 1.0011847019195557, "mode": "train", "epoch": 5}
{"loss": 0.6844077110290527, "acc": 0.5491409301757812, "length": 1.0, "mode": "test", "epoch": 5}
{"loss": 0.6878258585929871, "acc": 0.5330883860588074, "length": 1.000694990158081, "mode": "train", "epoch": 6}
{"loss": 0.6815624833106995, "acc": 0.5503436923027039, "length": 1.0, "mode": "test", "epoch": 6}
{"loss": 0.6868746280670166, "acc": 0.537975549697876, "length": 1.000375747680664, "mode": "train", "epoch": 7}
{"loss": 0.6868455410003662, "acc": 0.5408934354782104, "length": 1.0, "mode": "test", "epoch": 7}
{"loss": 0.6867634057998657, "acc": 0.5409074425697327, "length": 1.0002082586288452, "mode": "train", "epoch": 8}
{"loss": 0.6812919974327087, "acc": 0.5463917851448059, "length": 1.0, "mode": "test", "epoch": 8}
{"loss": 0.6864588856697083, "acc": 0.5295171737670898, "length": 1.0002814531326294, "mode": "train", "epoch": 9}
{"loss": 0.6862723231315613, "acc": 0.5438144207000732, "length": 1.0, "mode": "test", "epoch": 9}
{"loss": 0.6882500052452087, "acc": 0.5413118004798889, "length": 1.0001966953277588, "mode": "train", "epoch": 10}
{"loss": 0.6822090148925781, "acc": 0.5455326437950134, "length": 1.0, "mode": "test", "epoch": 10}
{"loss": 0.6896835565567017, "acc": 0.5166296362876892, "length": 1.0004005432128906, "mode": "train", "epoch": 11}
{"loss": 0.6847159266471863, "acc": 0.5372852683067322, "length": 1.0, "mode": "test", "epoch": 11}
{"loss": 0.6886451244354248, "acc": 0.5283678770065308, "length": 1.0002087354660034, "mode": "train", "epoch": 12}
{"loss": 0.6828345656394958, "acc": 0.5426116585731506, "length": 1.0, "mode": "test", "epoch": 12}
{"loss": 0.6880103945732117, "acc": 0.5399885177612305, "length": 1.0002734661102295, "mode": "train", "epoch": 13}
{"loss": 0.68175208568573, "acc": 0.551374614238739, "length": 1.0, "mode": "test", "epoch": 13}
{"loss": 0.6885491013526917, "acc": 0.5271010994911194, "length": 1.000349760055542, "mode": "train", "epoch": 14}
{"loss": 0.6829988360404968, "acc": 0.5463917851448059, "length": 1.0, "mode": "test", "epoch": 14}
{"loss": 0.6883744597434998, "acc": 0.5408570170402527, "length": 1.0026386976242065, "mode": "train", "epoch": 15}
{"loss": 0.6806484460830688, "acc": 0.5548110008239746, "length": 1.0, "mode": "test", "epoch": 15}
{"loss": 0.6591810584068298, "acc": 0.5954240560531616, "length": 1.6591275930404663, "mode": "train", "epoch": 16}
{"loss": 0.5926201939582825, "acc": 0.7141632437705994, "length": 2.422680377960205, "mode": "test", "epoch": 16}
{"loss": 0.5682654976844788, "acc": 0.7276610732078552, "length": 2.293949842453003, "mode": "train", "epoch": 17}
{"loss": 0.5297549366950989, "acc": 0.7732243537902832, "length": 2.649484634399414, "mode": "test", "epoch": 17}
{"loss": 0.485014945268631, "acc": 0.7793530821800232, "length": 2.470024585723877, "mode": "train", "epoch": 18}
{"loss": 0.4560178220272064, "acc": 0.7928420901298523, "length": 2.4845361709594727, "mode": "test", "epoch": 18}
{"loss": 0.42080017924308777, "acc": 0.8111502528190613, "length": 2.6396288871765137, "mode": "train", "epoch": 19}
{"loss": 0.41434022784233093, "acc": 0.8103436827659607, "length": 3.072165012359619, "mode": "test", "epoch": 19}
{"loss": 0.394358366727829, "acc": 0.8322290182113647, "length": 2.97135066986084, "mode": "train", "epoch": 20}
{"loss": 0.4228702485561371, "acc": 0.8109246492385864, "length": 3.144329786300659, "mode": "test", "epoch": 20}
{"loss": 0.37271326780319214, "acc": 0.8386467695236206, "length": 2.887862205505371, "mode": "train", "epoch": 21}
{"loss": 0.40268778800964355, "acc": 0.8184495568275452, "length": 3.15463924407959, "mode": "test", "epoch": 21}
{"loss": 0.37742212414741516, "acc": 0.836233377456665, "length": 2.9331183433532715, "mode": "train", "epoch": 22}
{"loss": 0.3907216191291809, "acc": 0.8036543726921082, "length": 3.07903790473938, "mode": "test", "epoch": 22}
{"loss": 0.36606356501579285, "acc": 0.8406407833099365, "length": 2.9441475868225098, "mode": "train", "epoch": 23}
{"loss": 0.38197585940361023, "acc": 0.8218590021133423, "length": 3.144329786300659, "mode": "test", "epoch": 23}
{"loss": 0.35390105843544006, "acc": 0.8471616506576538, "length": 2.890950918197632, "mode": "train", "epoch": 24}
{"loss": 0.3849932551383972, "acc": 0.8290477395057678, "length": 2.8865978717803955, "mode": "test", "epoch": 24}
{"loss": 0.3517553210258484, "acc": 0.8480235934257507, "length": 2.8581719398498535, "mode": "train", "epoch": 25}
{"loss": 0.3733147382736206, "acc": 0.8311966061592102, "length": 2.969072103500366, "mode": "test", "epoch": 25}
{"loss": 0.34676286578178406, "acc": 0.8483946919441223, "length": 2.801295042037964, "mode": "train", "epoch": 26}
{"loss": 0.36640483140945435, "acc": 0.8310900330543518, "length": 2.869415760040283, "mode": "test", "epoch": 26}
{"loss": 0.344714492559433, "acc": 0.8505653142929077, "length": 2.8690507411956787, "mode": "train", "epoch": 27}
{"loss": 0.3691636621952057, "acc": 0.8322180509567261, "length": 2.7869415283203125, "mode": "test", "epoch": 27}
{"loss": 0.33831968903541565, "acc": 0.8557360768318176, "length": 2.730792760848999, "mode": "train", "epoch": 28}
{"loss": 0.37031036615371704, "acc": 0.8329054713249207, "length": 2.6804122924804688, "mode": "test", "epoch": 28}
{"loss": 0.3398662209510803, "acc": 0.8518022894859314, "length": 2.7312674522399902, "mode": "train", "epoch": 29}
{"loss": 0.3582964241504669, "acc": 0.8358602523803711, "length": 2.7800686359405518, "mode": "test", "epoch": 29}
{"loss": 0.3326376676559448, "acc": 0.8564310669898987, "length": 2.7302613258361816, "mode": "train", "epoch": 30}
{"loss": 0.3564460873603821, "acc": 0.837664783000946, "length": 2.721649408340454, "mode": "test", "epoch": 30}
{"loss": 0.33049094676971436, "acc": 0.8567214608192444, "length": 2.697883129119873, "mode": "train", "epoch": 31}
{"loss": 0.3597165048122406, "acc": 0.8381032943725586, "length": 2.725085973739624, "mode": "test", "epoch": 31}
{"loss": 0.33138570189476013, "acc": 0.8552749156951904, "length": 2.7505295276641846, "mode": "train", "epoch": 32}
{"loss": 0.35646653175354004, "acc": 0.8397117257118225, "length": 2.6666667461395264, "mode": "test", "epoch": 32}
{"loss": 0.3319547772407532, "acc": 0.8580992221832275, "length": 2.6710190773010254, "mode": "train", "epoch": 33}
{"loss": 0.35083818435668945, "acc": 0.8387507796287537, "length": 2.7560136318206787, "mode": "test", "epoch": 33}
{"loss": 0.33118245005607605, "acc": 0.8556415438652039, "length": 2.7189834117889404, "mode": "train", "epoch": 34}
{"loss": 0.3483611047267914, "acc": 0.8386409878730774, "length": 2.6907217502593994, "mode": "test", "epoch": 34}
{"loss": 0.328003466129303, "acc": 0.8586863875389099, "length": 2.6866462230682373, "mode": "train", "epoch": 35}
{"loss": 0.35173484683036804, "acc": 0.8368569016456604, "length": 2.6666667461395264, "mode": "test", "epoch": 35}
{"loss": 0.3266468942165375, "acc": 0.8562183380126953, "length": 2.6903891563415527, "mode": "train", "epoch": 36}
{"loss": 0.3468937277793884, "acc": 0.8376038670539856, "length": 2.7113401889801025, "mode": "test", "epoch": 36}
{"loss": 0.3256092965602875, "acc": 0.8562059998512268, "length": 2.701068878173828, "mode": "train", "epoch": 37}
{"loss": 0.36063137650489807, "acc": 0.8372155427932739, "length": 2.6941580772399902, "mode": "test", "epoch": 37}
{"loss": 0.3248712718486786, "acc": 0.8560177087783813, "length": 2.648770809173584, "mode": "train", "epoch": 38}
{"loss": 0.34599992632865906, "acc": 0.8365209102630615, "length": 2.6804122924804688, "mode": "test", "epoch": 38}
{"loss": 0.32260042428970337, "acc": 0.8574202656745911, "length": 2.6748673915863037, "mode": "train", "epoch": 39}
{"loss": 0.3520509898662567, "acc": 0.8393517732620239, "length": 2.6082475185394287, "mode": "test", "epoch": 39}
{"loss": 0.3179567754268646, "acc": 0.8598495721817017, "length": 2.6249501705169678, "mode": "train", "epoch": 40}
{"loss": 0.34577518701553345, "acc": 0.838640034198761, "length": 2.676975965499878, "mode": "test", "epoch": 40}
{"loss": 0.31925806403160095, "acc": 0.861181914806366, "length": 2.680513381958008, "mode": "train", "epoch": 41}
{"loss": 0.34390902519226074, "acc": 0.8404996991157532, "length": 2.6632301807403564, "mode": "test", "epoch": 41}
{"loss": 0.3214632272720337, "acc": 0.8587644100189209, "length": 2.6700589656829834, "mode": "train", "epoch": 42}
{"loss": 0.34822216629981995, "acc": 0.8383169174194336, "length": 2.7079038619995117, "mode": "test", "epoch": 42}
{"loss": 0.32190337777137756, "acc": 0.8589356541633606, "length": 2.6305720806121826, "mode": "train", "epoch": 43}
{"loss": 0.3425685465335846, "acc": 0.838154137134552, "length": 2.676975965499878, "mode": "test", "epoch": 43}
{"loss": 0.3205570578575134, "acc": 0.8589438796043396, "length": 2.6840803623199463, "mode": "train", "epoch": 44}
{"loss": 0.3500383496284485, "acc": 0.8399604558944702, "length": 2.6941580772399902, "mode": "test", "epoch": 44}
{"loss": 0.3206886649131775, "acc": 0.8577734231948853, "length": 2.6751270294189453, "mode": "train", "epoch": 45}
{"loss": 0.3519035279750824, "acc": 0.8349507451057434, "length": 2.6941580772399902, "mode": "test", "epoch": 45}
{"loss": 0.32203736901283264, "acc": 0.8589608669281006, "length": 2.689203977584839, "mode": "train", "epoch": 46}
{"loss": 0.35803356766700745, "acc": 0.8357947468757629, "length": 2.7079038619995117, "mode": "test", "epoch": 46}
{"loss": 0.32077571749687195, "acc": 0.858618974685669, "length": 2.6820852756500244, "mode": "train", "epoch": 47}
{"loss": 0.3429199159145355, "acc": 0.8401548862457275, "length": 2.7079038619995117, "mode": "test", "epoch": 47}
{"loss": 0.32418784499168396, "acc": 0.8589898943901062, "length": 2.687148332595825, "mode": "train", "epoch": 48}
{"loss": 0.3533540964126587, "acc": 0.8359180092811584, "length": 2.6941580772399902, "mode": "test", "epoch": 48}
{"loss": 0.31885096430778503, "acc": 0.8582108616828918, "length": 2.688483953475952, "mode": "train", "epoch": 49}
{"loss": 0.34484073519706726, "acc": 0.8411104679107666, "length": 2.701030969619751, "mode": "test", "epoch": 49}
{"loss": 0.31958410143852234, "acc": 0.8575778007507324, "length": 2.7123031616210938, "mode": "train", "epoch": 50}
{"loss": 0.3474413752555847, "acc": 0.8369760513305664, "length": 2.697594404220581, "mode": "test", "epoch": 50}
{"loss": 0.31895703077316284, "acc": 0.8562385439872742, "length": 2.705331563949585, "mode": "train", "epoch": 51}
{"loss": 0.34331485629081726, "acc": 0.8397842049598694, "length": 2.701030969619751, "mode": "test", "epoch": 51}
{"loss": 0.31408584117889404, "acc": 0.860727071762085, "length": 2.750941514968872, "mode": "train", "epoch": 52}
{"loss": 0.3549119830131531, "acc": 0.8352532982826233, "length": 2.7079038619995117, "mode": "test", "epoch": 52}
{"loss": 0.31676793098449707, "acc": 0.8592005372047424, "length": 2.7269842624664307, "mode": "train", "epoch": 53}
{"loss": 0.3466285169124603, "acc": 0.8367577195167542, "length": 2.725085973739624, "mode": "test", "epoch": 53}
{"loss": 0.31546318531036377, "acc": 0.8586092591285706, "length": 2.7471630573272705, "mode": "train", "epoch": 54}
{"loss": 0.3391115367412567, "acc": 0.8380784392356873, "length": 2.752577304840088, "mode": "test", "epoch": 54}
{"loss": 0.3133014738559723, "acc": 0.8599582314491272, "length": 2.730097532272339, "mode": "train", "epoch": 55}
{"loss": 0.34258002042770386, "acc": 0.841274082660675, "length": 2.7594501972198486, "mode": "test", "epoch": 55}
{"loss": 0.31600233912467957, "acc": 0.8586626648902893, "length": 2.7506263256073, "mode": "train", "epoch": 56}
{"loss": 0.3427536189556122, "acc": 0.8417362570762634, "length": 2.7594501972198486, "mode": "test", "epoch": 56}
{"loss": 0.31361547112464905, "acc": 0.8588646650314331, "length": 2.7535905838012695, "mode": "train", "epoch": 57}
{"loss": 0.33627787232398987, "acc": 0.8414767980575562, "length": 2.745704412460327, "mode": "test", "epoch": 57}
{"loss": 0.31450319290161133, "acc": 0.8586307764053345, "length": 2.733032464981079, "mode": "train", "epoch": 58}
{"loss": 0.3418268859386444, "acc": 0.8398256301879883, "length": 2.745704412460327, "mode": "test", "epoch": 58}
{"loss": 0.31297075748443604, "acc": 0.8580319285392761, "length": 2.748213768005371, "mode": "train", "epoch": 59}
{"loss": 0.337277889251709, "acc": 0.8410184383392334, "length": 2.7353951930999756, "mode": "test", "epoch": 59}
{"loss": 0.312723308801651, "acc": 0.8598100543022156, "length": 2.7496871948242188, "mode": "train", "epoch": 60}
{"loss": 0.331301748752594, "acc": 0.8435316681861877, "length": 2.7594501972198486, "mode": "test", "epoch": 60}
test accuracy: 0.7960798740386963
