# ["--attributes=3", "--values=4", "--game_size=10", "--vocab_size_factor=3", "--n_epochs=60", "--batch_size=32", "--learning_rate=0.001", "--hidden_size=256", "--temp_update=0.97", "--temperature=1.5"]
Creating train_ds and val_ds...

Creating test_ds...
{"loss": 0.7053917050361633, "acc": 0.5062332153320312, "length": 1.9009268283843994, "mode": "train", "epoch": 1}
{"loss": 0.7064383029937744, "acc": 0.5124555826187134, "length": 1.0, "mode": "test", "epoch": 1}
{"loss": 0.6328886151313782, "acc": 0.6401017308235168, "length": 1.8681714534759521, "mode": "train", "epoch": 2}
{"loss": 0.6121224761009216, "acc": 0.685637354850769, "length": 2.014234781265259, "mode": "test", "epoch": 2}
{"loss": 0.5808486342430115, "acc": 0.6964290142059326, "length": 1.9986088275909424, "mode": "train", "epoch": 3}
{"loss": 0.5735401511192322, "acc": 0.7103427052497864, "length": 2.1209964752197266, "mode": "test", "epoch": 3}
{"loss": 0.5451741814613342, "acc": 0.728334367275238, "length": 2.259542942047119, "mode": "train", "epoch": 4}
{"loss": 0.5180490612983704, "acc": 0.7713780999183655, "length": 2.3665480613708496, "mode": "test", "epoch": 4}
{"loss": 0.4808114469051361, "acc": 0.7862901091575623, "length": 2.640817403793335, "mode": "train", "epoch": 5}
{"loss": 0.46711742877960205, "acc": 0.8060678839683533, "length": 2.72953724861145, "mode": "test", "epoch": 5}
{"loss": 0.43142032623291016, "acc": 0.8073251843452454, "length": 2.635127067565918, "mode": "train", "epoch": 6}
{"loss": 0.4092760384082794, "acc": 0.821262001991272, "length": 2.676156520843506, "mode": "test", "epoch": 6}
{"loss": 0.4072534143924713, "acc": 0.8262866735458374, "length": 2.588606357574463, "mode": "train", "epoch": 7}
{"loss": 0.4081011414527893, "acc": 0.8313260674476624, "length": 2.676156520843506, "mode": "test", "epoch": 7}
{"loss": 0.3991869390010834, "acc": 0.8261657357215881, "length": 2.5231237411499023, "mode": "train", "epoch": 8}
{"loss": 0.4010709822177887, "acc": 0.8360625505447388, "length": 2.6868326663970947, "mode": "test", "epoch": 8}
{"loss": 0.38501617312431335, "acc": 0.8326248526573181, "length": 2.5807137489318848, "mode": "train", "epoch": 9}
{"loss": 0.40564897656440735, "acc": 0.8355928063392639, "length": 2.676156520843506, "mode": "test", "epoch": 9}
{"loss": 0.38240906596183777, "acc": 0.8307822942733765, "length": 2.551476240158081, "mode": "train", "epoch": 10}
{"loss": 0.39182692766189575, "acc": 0.8388109803199768, "length": 2.6868326663970947, "mode": "test", "epoch": 10}
{"loss": 0.3748031258583069, "acc": 0.8336511850357056, "length": 2.5639424324035645, "mode": "train", "epoch": 11}
{"loss": 0.37958258390426636, "acc": 0.8417771458625793, "length": 2.679715394973755, "mode": "test", "epoch": 11}
{"loss": 0.3724197447299957, "acc": 0.8367049098014832, "length": 2.5278942584991455, "mode": "train", "epoch": 12}
{"loss": 0.3815150260925293, "acc": 0.8453500270843506, "length": 2.683274030685425, "mode": "test", "epoch": 12}
{"loss": 0.36935096979141235, "acc": 0.8409156203269958, "length": 2.5529909133911133, "mode": "train", "epoch": 13}
{"loss": 0.37022992968559265, "acc": 0.841866135597229, "length": 2.7259786128997803, "mode": "test", "epoch": 13}
{"loss": 0.3555018901824951, "acc": 0.8412485122680664, "length": 2.7446935176849365, "mode": "train", "epoch": 14}
{"loss": 0.3651728928089142, "acc": 0.8407806754112244, "length": 2.8505337238311768, "mode": "test", "epoch": 14}
{"loss": 0.34431302547454834, "acc": 0.8477858901023865, "length": 3.0035574436187744, "mode": "train", "epoch": 15}
{"loss": 0.34132272005081177, "acc": 0.8599021434783936, "length": 3.1174378395080566, "mode": "test", "epoch": 15}
{"loss": 0.31721535325050354, "acc": 0.863592803478241, "length": 3.0302908420562744, "mode": "train", "epoch": 16}
{"loss": 0.3146158754825592, "acc": 0.867500901222229, "length": 3.156583547592163, "mode": "test", "epoch": 16}
{"loss": 0.2971092760562897, "acc": 0.8772513270378113, "length": 3.0159530639648438, "mode": "train", "epoch": 17}
{"loss": 0.30402615666389465, "acc": 0.8704469203948975, "length": 3.099644184112549, "mode": "test", "epoch": 17}
{"loss": 0.2910797894001007, "acc": 0.8717153072357178, "length": 3.0341672897338867, "mode": "train", "epoch": 18}
{"loss": 0.2889055609703064, "acc": 0.8790798783302307, "length": 2.8042705059051514, "mode": "test", "epoch": 18}
{"loss": 0.2764817774295807, "acc": 0.8807616829872131, "length": 2.9927427768707275, "mode": "train", "epoch": 19}
{"loss": 0.2752394676208496, "acc": 0.8862989544868469, "length": 3.0498220920562744, "mode": "test", "epoch": 19}
{"loss": 0.26831310987472534, "acc": 0.8859237432479858, "length": 3.021425247192383, "mode": "train", "epoch": 20}
{"loss": 0.26463282108306885, "acc": 0.8914688229560852, "length": 2.8790035247802734, "mode": "test", "epoch": 20}
{"loss": 0.2693292200565338, "acc": 0.8852817416191101, "length": 2.919297456741333, "mode": "train", "epoch": 21}
{"loss": 0.2730558216571808, "acc": 0.8859522342681885, "length": 2.9323842525482178, "mode": "test", "epoch": 21}
{"loss": 0.2578667402267456, "acc": 0.888297438621521, "length": 2.8867990970611572, "mode": "train", "epoch": 22}
{"loss": 0.25527265667915344, "acc": 0.8889673948287964, "length": 2.8967971801757812, "mode": "test", "epoch": 22}
{"loss": 0.24044263362884521, "acc": 0.8995317220687866, "length": 3.0396828651428223, "mode": "train", "epoch": 23}
{"loss": 0.2373979389667511, "acc": 0.8986908793449402, "length": 3.078291893005371, "mode": "test", "epoch": 23}
{"loss": 0.23170781135559082, "acc": 0.9042903184890747, "length": 3.1887524127960205, "mode": "train", "epoch": 24}
{"loss": 0.2425471693277359, "acc": 0.9026788473129272, "length": 3.160142421722412, "mode": "test", "epoch": 24}
{"loss": 0.20740777254104614, "acc": 0.9180506467819214, "length": 3.272974729537964, "mode": "train", "epoch": 25}
{"loss": 0.20557525753974915, "acc": 0.9261654615402222, "length": 3.494661808013916, "mode": "test", "epoch": 25}
{"loss": 0.1963360607624054, "acc": 0.9232484102249146, "length": 3.4005067348480225, "mode": "train", "epoch": 26}
{"loss": 0.25727277994155884, "acc": 0.9027804732322693, "length": 3.505338191986084, "mode": "test", "epoch": 26}
{"loss": 0.19927379488945007, "acc": 0.9212782382965088, "length": 3.4683008193969727, "mode": "train", "epoch": 27}
{"loss": 0.20236897468566895, "acc": 0.9222451448440552, "length": 3.5444839000701904, "mode": "test", "epoch": 27}
{"loss": 0.23728352785110474, "acc": 0.9030992984771729, "length": 3.2687323093414307, "mode": "train", "epoch": 28}
{"loss": 0.23090821504592896, "acc": 0.9122418761253357, "length": 3.6085410118103027, "mode": "test", "epoch": 28}
{"loss": 0.18858028948307037, "acc": 0.9228384494781494, "length": 3.492685317993164, "mode": "train", "epoch": 29}
{"loss": 0.21760399639606476, "acc": 0.9208552241325378, "length": 3.665480375289917, "mode": "test", "epoch": 29}
{"loss": 0.1827905923128128, "acc": 0.9279101490974426, "length": 3.528275966644287, "mode": "train", "epoch": 30}
{"loss": 0.18073296546936035, "acc": 0.9300426244735718, "length": 3.683274030685425, "mode": "test", "epoch": 30}
{"loss": 0.1666407585144043, "acc": 0.9324793815612793, "length": 3.5001862049102783, "mode": "train", "epoch": 31}
{"loss": 0.19034011662006378, "acc": 0.9297244548797607, "length": 3.6085410118103027, "mode": "test", "epoch": 31}
{"loss": 0.1685694009065628, "acc": 0.9322276711463928, "length": 3.51815128326416, "mode": "train", "epoch": 32}
{"loss": 0.17592456936836243, "acc": 0.9382667541503906, "length": 3.651245594024658, "mode": "test", "epoch": 32}
{"loss": 0.1690334528684616, "acc": 0.9313089847564697, "length": 3.5577614307403564, "mode": "train", "epoch": 33}
{"loss": 0.19820430874824524, "acc": 0.9278865456581116, "length": 3.6370105743408203, "mode": "test", "epoch": 33}
{"loss": 0.15752047300338745, "acc": 0.9375399947166443, "length": 3.5424225330352783, "mode": "train", "epoch": 34}
{"loss": 0.1665610820055008, "acc": 0.9346125721931458, "length": 3.6263344287872314, "mode": "test", "epoch": 34}
{"loss": 0.1483081430196762, "acc": 0.9420613646507263, "length": 3.496882915496826, "mode": "train", "epoch": 35}
{"loss": 0.15921121835708618, "acc": 0.9387604594230652, "length": 3.5373666286468506, "mode": "test", "epoch": 35}
{"loss": 0.1414848119020462, "acc": 0.943784236907959, "length": 3.5440056324005127, "mode": "train", "epoch": 36}
{"loss": 0.16615177690982819, "acc": 0.9386353492736816, "length": 3.6370105743408203, "mode": "test", "epoch": 36}
{"loss": 0.14951620995998383, "acc": 0.9363865852355957, "length": 3.500824451446533, "mode": "train", "epoch": 37}
{"loss": 0.17785322666168213, "acc": 0.9292711019515991, "length": 3.580071210861206, "mode": "test", "epoch": 37}
{"loss": 0.14374640583992004, "acc": 0.9424563050270081, "length": 3.520291566848755, "mode": "train", "epoch": 38}
{"loss": 0.14616723358631134, "acc": 0.9438115954399109, "length": 3.583629846572876, "mode": "test", "epoch": 38}
{"loss": 0.1267075538635254, "acc": 0.9515143632888794, "length": 3.5041491985321045, "mode": "train", "epoch": 39}
{"loss": 0.141954243183136, "acc": 0.9481265544891357, "length": 3.6263344287872314, "mode": "test", "epoch": 39}
{"loss": 0.1281157284975052, "acc": 0.9539685845375061, "length": 3.5044026374816895, "mode": "train", "epoch": 40}
{"loss": 0.1615414172410965, "acc": 0.9384204149246216, "length": 3.5409252643585205, "mode": "test", "epoch": 40}
{"loss": 0.1275959610939026, "acc": 0.9533088803291321, "length": 3.51055908203125, "mode": "train", "epoch": 41}
{"loss": 0.14147169888019562, "acc": 0.9449571371078491, "length": 3.6227757930755615, "mode": "test", "epoch": 41}
{"loss": 0.11428259313106537, "acc": 0.9554835557937622, "length": 3.5658726692199707, "mode": "train", "epoch": 42}
{"loss": 0.1538754105567932, "acc": 0.9429115056991577, "length": 3.6441280841827393, "mode": "test", "epoch": 42}
{"loss": 0.10912223905324936, "acc": 0.9578214287757874, "length": 3.559335947036743, "mode": "train", "epoch": 43}
{"loss": 0.13214083015918732, "acc": 0.9481222629547119, "length": 3.651245594024658, "mode": "test", "epoch": 43}
{"loss": 0.11355149745941162, "acc": 0.9567399024963379, "length": 3.5490379333496094, "mode": "train", "epoch": 44}
{"loss": 0.14900445938110352, "acc": 0.948275089263916, "length": 3.6334519386291504, "mode": "test", "epoch": 44}
{"loss": 0.12794336676597595, "acc": 0.9515781402587891, "length": 3.4502744674682617, "mode": "train", "epoch": 45}
{"loss": 0.14088207483291626, "acc": 0.9464929103851318, "length": 3.5444839000701904, "mode": "test", "epoch": 45}
{"loss": 0.11702051758766174, "acc": 0.955512523651123, "length": 3.4412569999694824, "mode": "train", "epoch": 46}
{"loss": 0.12767772376537323, "acc": 0.9513112306594849, "length": 3.4697508811950684, "mode": "test", "epoch": 46}
{"loss": 0.11443298310041428, "acc": 0.9545643329620361, "length": 3.478431463241577, "mode": "train", "epoch": 47}
{"loss": 0.14624346792697906, "acc": 0.9460179805755615, "length": 3.5302491188049316, "mode": "test", "epoch": 47}
{"loss": 0.10378345102071762, "acc": 0.9593737125396729, "length": 3.5290896892547607, "mode": "train", "epoch": 48}
{"loss": 0.11533115059137344, "acc": 0.9544764757156372, "length": 3.569395065307617, "mode": "test", "epoch": 48}
{"loss": 0.10386533290147781, "acc": 0.9583272933959961, "length": 3.5078959465026855, "mode": "train", "epoch": 49}
{"loss": 0.10715746134519577, "acc": 0.9568901658058167, "length": 3.5587189197540283, "mode": "test", "epoch": 49}
{"loss": 0.09120481461286545, "acc": 0.9635676145553589, "length": 3.5100505352020264, "mode": "train", "epoch": 50}
{"loss": 0.1175227016210556, "acc": 0.9496027827262878, "length": 3.597864866256714, "mode": "test", "epoch": 50}
{"loss": 0.11939767748117447, "acc": 0.9543167352676392, "length": 3.5184175968170166, "mode": "train", "epoch": 51}
{"loss": 0.12161009758710861, "acc": 0.9497151970863342, "length": 3.491103172302246, "mode": "test", "epoch": 51}
{"loss": 0.1135571300983429, "acc": 0.9565451741218567, "length": 3.404986619949341, "mode": "train", "epoch": 52}
{"loss": 0.10994578897953033, "acc": 0.9511240720748901, "length": 3.5266904830932617, "mode": "test", "epoch": 52}
{"loss": 0.09554189443588257, "acc": 0.9621062874794006, "length": 3.4781382083892822, "mode": "train", "epoch": 53}
{"loss": 0.10665217787027359, "acc": 0.9558270573616028, "length": 3.498220682144165, "mode": "test", "epoch": 53}
{"loss": 0.08826017379760742, "acc": 0.965431272983551, "length": 3.4841086864471436, "mode": "train", "epoch": 54}
{"loss": 0.09916964918375015, "acc": 0.9589505791664124, "length": 3.5266904830932617, "mode": "test", "epoch": 54}
{"loss": 0.08398579806089401, "acc": 0.9665688872337341, "length": 3.4726598262786865, "mode": "train", "epoch": 55}
{"loss": 0.10572458803653717, "acc": 0.9579201936721802, "length": 3.5409252643585205, "mode": "test", "epoch": 55}
{"loss": 0.08404697477817535, "acc": 0.9660044312477112, "length": 3.524779796600342, "mode": "train", "epoch": 56}
{"loss": 0.10566475987434387, "acc": 0.9580651521682739, "length": 3.5266904830932617, "mode": "test", "epoch": 56}
{"loss": 0.0998503640294075, "acc": 0.9621505737304688, "length": 3.5204076766967773, "mode": "train", "epoch": 57}
{"loss": 0.11417564004659653, "acc": 0.9586831331253052, "length": 3.5622775554656982, "mode": "test", "epoch": 57}
{"loss": 0.11097841709852219, "acc": 0.9556887745857239, "length": 3.524639844894409, "mode": "train", "epoch": 58}
{"loss": 0.11925899982452393, "acc": 0.9616086483001709, "length": 3.6156582832336426, "mode": "test", "epoch": 58}
{"loss": 0.10643299669027328, "acc": 0.9616804718971252, "length": 3.555824041366577, "mode": "train", "epoch": 59}
{"loss": 0.09352666139602661, "acc": 0.9626962542533875, "length": 3.5231316089630127, "mode": "test", "epoch": 59}
{"loss": 0.10120583325624466, "acc": 0.9625534415245056, "length": 3.5424845218658447, "mode": "train", "epoch": 60}
{"loss": 0.11881058663129807, "acc": 0.9493139982223511, "length": 3.6049821376800537, "mode": "test", "epoch": 60}
test accuracy: 0.8781542778015137
