# ["--attributes=5", "--values=4", "--game_size=10", "--vocab_size_factor=3", "--n_epochs=60", "--batch_size=64", "--learning_rate=0.001", "--hidden_size=256", "--temp_update=0.99", "--temperature=1.5"]
Creating train_ds and val_ds...

Creating test_ds...
{"loss": 0.708098828792572, "acc": 0.5240936279296875, "length": 2.344111204147339, "mode": "train", "epoch": 1}
{"loss": 0.6918022632598877, "acc": 0.5083038806915283, "length": 1.0, "mode": "test", "epoch": 1}
{"loss": 0.6926897764205933, "acc": 0.5435768961906433, "length": 1.0135338306427002, "mode": "train", "epoch": 2}
{"loss": 0.6885973215103149, "acc": 0.5323321223258972, "length": 1.0, "mode": "test", "epoch": 2}
{"loss": 0.69154292345047, "acc": 0.5253424644470215, "length": 1.0055222511291504, "mode": "train", "epoch": 3}
{"loss": 0.6869314312934875, "acc": 0.5234982967376709, "length": 1.0, "mode": "test", "epoch": 3}
{"loss": 0.6931873559951782, "acc": 0.5364217162132263, "length": 1.0047099590301514, "mode": "train", "epoch": 4}
{"loss": 0.686521053314209, "acc": 0.524911642074585, "length": 1.0, "mode": "test", "epoch": 4}
{"loss": 0.690148651599884, "acc": 0.5303742289543152, "length": 1.0034902095794678, "mode": "train", "epoch": 5}
{"loss": 0.6854426264762878, "acc": 0.5159010887145996, "length": 1.0, "mode": "test", "epoch": 5}
{"loss": 0.6876504421234131, "acc": 0.5331025123596191, "length": 1.0072320699691772, "mode": "train", "epoch": 6}
{"loss": 0.6871023178100586, "acc": 0.5215547680854797, "length": 1.0, "mode": "test", "epoch": 6}
{"loss": 0.6678324937820435, "acc": 0.5806493163108826, "length": 1.5605030059814453, "mode": "train", "epoch": 7}
{"loss": 0.5998160243034363, "acc": 0.6866021752357483, "length": 2.6996467113494873, "mode": "test", "epoch": 7}
{"loss": 0.5940120220184326, "acc": 0.6883764266967773, "length": 2.584428548812866, "mode": "train", "epoch": 8}
{"loss": 0.5485661029815674, "acc": 0.735904335975647, "length": 3.0671377182006836, "mode": "test", "epoch": 8}
{"loss": 0.5443350076675415, "acc": 0.7352198362350464, "length": 2.874920129776001, "mode": "train", "epoch": 9}
{"loss": 0.5140129923820496, "acc": 0.7795531153678894, "length": 3.098939895629883, "mode": "test", "epoch": 9}
{"loss": 0.4965856373310089, "acc": 0.7821028828620911, "length": 2.8792262077331543, "mode": "train", "epoch": 10}
{"loss": 0.49475041031837463, "acc": 0.7933322787284851, "length": 3.045936346054077, "mode": "test", "epoch": 10}
{"loss": 0.4768146276473999, "acc": 0.7935729622840881, "length": 2.906404972076416, "mode": "train", "epoch": 11}
{"loss": 0.45712944865226746, "acc": 0.8080757260322571, "length": 3.0671377182006836, "mode": "test", "epoch": 11}
{"loss": 0.4460829794406891, "acc": 0.8075023889541626, "length": 3.0307300090789795, "mode": "train", "epoch": 12}
{"loss": 0.45736804604530334, "acc": 0.8006454110145569, "length": 3.1837456226348877, "mode": "test", "epoch": 12}
{"loss": 0.41343939304351807, "acc": 0.8156761527061462, "length": 3.14477276802063, "mode": "train", "epoch": 13}
{"loss": 0.4362125098705292, "acc": 0.8174598217010498, "length": 3.3851590156555176, "mode": "test", "epoch": 13}
{"loss": 0.3913321793079376, "acc": 0.8366207480430603, "length": 3.212635040283203, "mode": "train", "epoch": 14}
{"loss": 0.3993746340274811, "acc": 0.8412467241287231, "length": 3.374558210372925, "mode": "test", "epoch": 14}
{"loss": 0.3540734350681305, "acc": 0.8524238467216492, "length": 3.3402676582336426, "mode": "train", "epoch": 15}
{"loss": 0.35516807436943054, "acc": 0.850669801235199, "length": 3.5123674869537354, "mode": "test", "epoch": 15}
{"loss": 0.32212454080581665, "acc": 0.8685344457626343, "length": 3.4953794479370117, "mode": "train", "epoch": 16}
{"loss": 0.36488771438598633, "acc": 0.8595010638237, "length": 3.650176763534546, "mode": "test", "epoch": 16}
{"loss": 0.29027238488197327, "acc": 0.8738232254981995, "length": 3.5847554206848145, "mode": "train", "epoch": 17}
{"loss": 0.36380520462989807, "acc": 0.8534929156303406, "length": 3.7561838626861572, "mode": "test", "epoch": 17}
{"loss": 0.2707124352455139, "acc": 0.8863385319709778, "length": 3.6472902297973633, "mode": "train", "epoch": 18}
{"loss": 0.30085572600364685, "acc": 0.8777612447738647, "length": 3.780918836593628, "mode": "test", "epoch": 18}
{"loss": 0.23896679282188416, "acc": 0.9045917987823486, "length": 3.7458865642547607, "mode": "train", "epoch": 19}
{"loss": 0.28413355350494385, "acc": 0.8764575123786926, "length": 3.968197822570801, "mode": "test", "epoch": 19}
{"loss": 0.2140277773141861, "acc": 0.9196438789367676, "length": 3.8786306381225586, "mode": "train", "epoch": 20}
{"loss": 0.24282346665859222, "acc": 0.9150176048278809, "length": 4.0, "mode": "test", "epoch": 20}
{"loss": 0.18454769253730774, "acc": 0.934285581111908, "length": 3.9608876705169678, "mode": "train", "epoch": 21}
{"loss": 0.2556619346141815, "acc": 0.9079505801200867, "length": 4.0, "mode": "test", "epoch": 21}
{"loss": 0.17783115804195404, "acc": 0.9333124160766602, "length": 3.9788706302642822, "mode": "train", "epoch": 22}
{"loss": 0.22990654408931732, "acc": 0.913780927658081, "length": 4.0, "mode": "test", "epoch": 22}
{"loss": 0.16698278486728668, "acc": 0.9372497200965881, "length": 3.9791059494018555, "mode": "train", "epoch": 23}
{"loss": 0.22800584137439728, "acc": 0.9215548634529114, "length": 4.0, "mode": "test", "epoch": 23}
{"loss": 0.15489605069160461, "acc": 0.9387328028678894, "length": 3.978616237640381, "mode": "train", "epoch": 24}
{"loss": 0.24290691316127777, "acc": 0.9134275913238525, "length": 4.0, "mode": "test", "epoch": 24}
{"loss": 0.13169799745082855, "acc": 0.9496768116950989, "length": 3.9928901195526123, "mode": "train", "epoch": 25}
{"loss": 0.1675933450460434, "acc": 0.9374560117721558, "length": 4.0, "mode": "test", "epoch": 25}
{"loss": 0.11619935929775238, "acc": 0.9572232961654663, "length": 3.9925684928894043, "mode": "train", "epoch": 26}
{"loss": 0.16749872267246246, "acc": 0.9363957643508911, "length": 4.0, "mode": "test", "epoch": 26}
{"loss": 0.10779570043087006, "acc": 0.9573837518692017, "length": 3.9928040504455566, "mode": "train", "epoch": 27}
{"loss": 0.14324277639389038, "acc": 0.9466431736946106, "length": 4.0, "mode": "test", "epoch": 27}
{"loss": 0.09269426763057709, "acc": 0.9674618244171143, "length": 3.9957761764526367, "mode": "train", "epoch": 28}
{"loss": 0.1322150081396103, "acc": 0.9528269171714783, "length": 4.0, "mode": "test", "epoch": 28}
{"loss": 0.08476796001195908, "acc": 0.970119297504425, "length": 3.9955029487609863, "mode": "train", "epoch": 29}
{"loss": 0.10876276344060898, "acc": 0.9630741477012634, "length": 4.0, "mode": "test", "epoch": 29}
{"loss": 0.0654614269733429, "acc": 0.9759747982025146, "length": 3.9966518878936768, "mode": "train", "epoch": 30}
{"loss": 0.12034004181623459, "acc": 0.9598938822746277, "length": 4.0, "mode": "test", "epoch": 30}
{"loss": 0.06376186013221741, "acc": 0.97918701171875, "length": 3.995008707046509, "mode": "train", "epoch": 31}
{"loss": 0.11778777092695236, "acc": 0.9676678776741028, "length": 4.0, "mode": "test", "epoch": 31}
{"loss": 0.06552894413471222, "acc": 0.9767183065414429, "length": 3.9960153102874756, "mode": "train", "epoch": 32}
{"loss": 0.08892941474914551, "acc": 0.9777386784553528, "length": 4.0, "mode": "test", "epoch": 32}
{"loss": 0.05999306961894035, "acc": 0.9789232015609741, "length": 3.9961140155792236, "mode": "train", "epoch": 33}
{"loss": 0.10567575693130493, "acc": 0.9757949113845825, "length": 4.0, "mode": "test", "epoch": 33}
{"loss": 0.04699332267045975, "acc": 0.9837371706962585, "length": 3.998026132583618, "mode": "train", "epoch": 34}
{"loss": 0.08432966470718384, "acc": 0.9803887605667114, "length": 4.0, "mode": "test", "epoch": 34}
{"loss": 0.04829088971018791, "acc": 0.9843931794166565, "length": 3.9987809658050537, "mode": "train", "epoch": 35}
{"loss": 0.08285383135080338, "acc": 0.9842755794525146, "length": 4.0, "mode": "test", "epoch": 35}
{"loss": 0.03920886665582657, "acc": 0.9868174195289612, "length": 3.9989140033721924, "mode": "train", "epoch": 36}
{"loss": 0.05970801040530205, "acc": 0.9885160326957703, "length": 4.0, "mode": "test", "epoch": 36}
{"loss": 0.02399454452097416, "acc": 0.9942231774330139, "length": 3.9952595233917236, "mode": "train", "epoch": 37}
{"loss": 0.057895004749298096, "acc": 0.989046037197113, "length": 4.0, "mode": "test", "epoch": 37}
{"loss": 0.023683685809373856, "acc": 0.9927873015403748, "length": 3.9992458820343018, "mode": "train", "epoch": 38}
{"loss": 0.04498670622706413, "acc": 0.9908127188682556, "length": 4.0, "mode": "test", "epoch": 38}
{"loss": 0.02921280823647976, "acc": 0.9910723567008972, "length": 3.9988977909088135, "mode": "train", "epoch": 39}
{"loss": 0.052825409919023514, "acc": 0.9892227649688721, "length": 4.0, "mode": "test", "epoch": 39}
{"loss": 0.02060260809957981, "acc": 0.9942668676376343, "length": 3.999358892440796, "mode": "train", "epoch": 40}
{"loss": 0.03685716912150383, "acc": 0.9920494556427002, "length": 4.0, "mode": "test", "epoch": 40}
{"loss": 0.015084112994372845, "acc": 0.9963898658752441, "length": 3.999344825744629, "mode": "train", "epoch": 41}
{"loss": 0.022051973268389702, "acc": 0.9964664578437805, "length": 4.0, "mode": "test", "epoch": 41}
{"loss": 0.03153228014707565, "acc": 0.9920219779014587, "length": 3.999232530593872, "mode": "train", "epoch": 42}
{"loss": 0.04736941307783127, "acc": 0.9908127188682556, "length": 4.0, "mode": "test", "epoch": 42}
{"loss": 0.022582119330763817, "acc": 0.9944353699684143, "length": 3.9986398220062256, "mode": "train", "epoch": 43}
{"loss": 0.025878921151161194, "acc": 0.9929328560829163, "length": 4.0, "mode": "test", "epoch": 43}
{"loss": 0.01753247156739235, "acc": 0.9958043694496155, "length": 3.999704599380493, "mode": "train", "epoch": 44}
{"loss": 0.018520427867770195, "acc": 0.9955830574035645, "length": 4.0, "mode": "test", "epoch": 44}
{"loss": 0.03553704917430878, "acc": 0.9906120896339417, "length": 3.9998366832733154, "mode": "train", "epoch": 45}
{"loss": 0.030097464099526405, "acc": 0.9939928650856018, "length": 4.0, "mode": "test", "epoch": 45}
{"loss": 0.028184738010168076, "acc": 0.991378128528595, "length": 3.999809980392456, "mode": "train", "epoch": 46}
{"loss": 0.037302982062101364, "acc": 0.9918727278709412, "length": 4.0, "mode": "test", "epoch": 46}
{"loss": 0.024747617542743683, "acc": 0.9925013780593872, "length": 3.9999024868011475, "mode": "train", "epoch": 47}
{"loss": 0.043555326759815216, "acc": 0.990105926990509, "length": 4.0, "mode": "test", "epoch": 47}
{"loss": 0.03600487858057022, "acc": 0.991969108581543, "length": 3.9998552799224854, "mode": "train", "epoch": 48}
{"loss": 0.027806753292679787, "acc": 0.9957597851753235, "length": 4.0, "mode": "test", "epoch": 48}
{"loss": 0.021750377491116524, "acc": 0.9932098984718323, "length": 3.99990177154541, "mode": "train", "epoch": 49}
{"loss": 0.0374394990503788, "acc": 0.9929329752922058, "length": 4.0, "mode": "test", "epoch": 49}
{"loss": 0.020413018763065338, "acc": 0.9945672154426575, "length": 3.9998419284820557, "mode": "train", "epoch": 50}
{"loss": 0.03986920788884163, "acc": 0.9939929842948914, "length": 4.0, "mode": "test", "epoch": 50}
{"loss": 0.01706448569893837, "acc": 0.9959848523139954, "length": 3.999877691268921, "mode": "train", "epoch": 51}
{"loss": 0.03323769196867943, "acc": 0.9946996569633484, "length": 4.0, "mode": "test", "epoch": 51}
{"loss": 0.011637678369879723, "acc": 0.9969871044158936, "length": 3.999866247177124, "mode": "train", "epoch": 52}
{"loss": 0.031878430396318436, "acc": 0.9948763847351074, "length": 4.0, "mode": "test", "epoch": 52}
{"loss": 0.008874071761965752, "acc": 0.9980509281158447, "length": 3.9999239444732666, "mode": "train", "epoch": 53}
{"loss": 0.023929188027977943, "acc": 0.9957597851753235, "length": 4.0, "mode": "test", "epoch": 53}
{"loss": 0.006573774386197329, "acc": 0.9985823631286621, "length": 3.9998250007629395, "mode": "train", "epoch": 54}
{"loss": 0.03570472449064255, "acc": 0.9938161373138428, "length": 4.0, "mode": "test", "epoch": 54}
{"loss": 0.009577414020895958, "acc": 0.998110294342041, "length": 3.999939441680908, "mode": "train", "epoch": 55}
{"loss": 0.02346884459257126, "acc": 0.9952297806739807, "length": 4.0, "mode": "test", "epoch": 55}
{"loss": 0.018189750611782074, "acc": 0.9955710172653198, "length": 3.99983811378479, "mode": "train", "epoch": 56}
{"loss": 0.07378549873828888, "acc": 0.9863958358764648, "length": 4.0, "mode": "test", "epoch": 56}
{"loss": 0.021971162408590317, "acc": 0.9949222803115845, "length": 3.9998955726623535, "mode": "train", "epoch": 57}
{"loss": 0.06074800714850426, "acc": 0.9885157942771912, "length": 4.0, "mode": "test", "epoch": 57}
{"loss": 0.014397954568266869, "acc": 0.9960438013076782, "length": 3.999910831451416, "mode": "train", "epoch": 58}
{"loss": 0.029009098187088966, "acc": 0.9954063892364502, "length": 4.0, "mode": "test", "epoch": 58}
{"loss": 0.00964382104575634, "acc": 0.9978151917457581, "length": 3.9999547004699707, "mode": "train", "epoch": 59}
{"loss": 0.02239730767905712, "acc": 0.9932862520217896, "length": 4.0, "mode": "test", "epoch": 59}
{"loss": 0.012563597410917282, "acc": 0.9974586367607117, "length": 3.999873161315918, "mode": "train", "epoch": 60}
{"loss": 0.026715010404586792, "acc": 0.9961130619049072, "length": 4.0, "mode": "test", "epoch": 60}
test accuracy: 0.9111290574073792
