# ["--attributes=5", "--values=4", "--game_size=10", "--vocab_size_factor=3", "--n_epochs=60", "--batch_size=64", "--learning_rate=0.001", "--hidden_size=256", "--temp_update=0.99", "--temperature=2"]
Creating train_ds and val_ds...

Creating test_ds...
{"loss": 0.7142771482467651, "acc": 0.514319121837616, "length": 2.6547505855560303, "mode": "train", "epoch": 1}
{"loss": 0.6958491206169128, "acc": 0.5, "length": 1.0, "mode": "test", "epoch": 1}
{"loss": 0.695300281047821, "acc": 0.5065359473228455, "length": 1.124489188194275, "mode": "train", "epoch": 2}
{"loss": 0.7000475525856018, "acc": 0.5233221650123596, "length": 1.0, "mode": "test", "epoch": 2}
{"loss": 0.6550652384757996, "acc": 0.6138324737548828, "length": 1.9511082172393799, "mode": "train", "epoch": 3}
{"loss": 0.627945601940155, "acc": 0.6732974648475647, "length": 2.26845645904541, "mode": "test", "epoch": 3}
{"loss": 0.5828763842582703, "acc": 0.6970868706703186, "length": 2.371817111968994, "mode": "train", "epoch": 4}
{"loss": 0.6079315543174744, "acc": 0.6924968361854553, "length": 2.661073923110962, "mode": "test", "epoch": 4}
{"loss": 0.5367614030838013, "acc": 0.7387828230857849, "length": 2.5185325145721436, "mode": "train", "epoch": 5}
{"loss": 0.5568980574607849, "acc": 0.7366672158241272, "length": 2.973154306411743, "mode": "test", "epoch": 5}
{"loss": 0.4926694631576538, "acc": 0.760624885559082, "length": 2.808868169784546, "mode": "train", "epoch": 6}
{"loss": 0.5299370288848877, "acc": 0.784125566482544, "length": 3.1845638751983643, "mode": "test", "epoch": 6}
{"loss": 0.45584672689437866, "acc": 0.7981058955192566, "length": 2.9620954990386963, "mode": "train", "epoch": 7}
{"loss": 0.5052884817123413, "acc": 0.7820008993148804, "length": 3.436241626739502, "mode": "test", "epoch": 7}
{"loss": 0.4221579134464264, "acc": 0.8129582405090332, "length": 3.172006130218506, "mode": "train", "epoch": 8}
{"loss": 0.46026164293289185, "acc": 0.8032171130180359, "length": 3.5469799041748047, "mode": "test", "epoch": 8}
{"loss": 0.3683028519153595, "acc": 0.8413481712341309, "length": 3.4043290615081787, "mode": "train", "epoch": 9}
{"loss": 0.46904587745666504, "acc": 0.813402533531189, "length": 3.738255023956299, "mode": "test", "epoch": 9}
{"loss": 0.33449608087539673, "acc": 0.8537209033966064, "length": 3.4858663082122803, "mode": "train", "epoch": 10}
{"loss": 0.4063374698162079, "acc": 0.8341844081878662, "length": 3.6879193782806396, "mode": "test", "epoch": 10}
{"loss": 0.3048771023750305, "acc": 0.8733933568000793, "length": 3.5366177558898926, "mode": "train", "epoch": 11}
{"loss": 0.40366330742836, "acc": 0.8457603454589844, "length": 3.7583892345428467, "mode": "test", "epoch": 11}
{"loss": 0.27189067006111145, "acc": 0.8892114162445068, "length": 3.6190788745880127, "mode": "train", "epoch": 12}
{"loss": 0.3661324977874756, "acc": 0.843292772769928, "length": 3.859060287475586, "mode": "test", "epoch": 12}
{"loss": 0.23866017162799835, "acc": 0.9083659052848816, "length": 3.7749762535095215, "mode": "train", "epoch": 13}
{"loss": 0.37660151720046997, "acc": 0.8548793196678162, "length": 3.9194631576538086, "mode": "test", "epoch": 13}
{"loss": 0.21968276798725128, "acc": 0.9069557785987854, "length": 3.8711488246917725, "mode": "train", "epoch": 14}
{"loss": 0.32802629470825195, "acc": 0.8734899163246155, "length": 4.0, "mode": "test", "epoch": 14}
{"loss": 0.2011631578207016, "acc": 0.9152875542640686, "length": 3.933276891708374, "mode": "train", "epoch": 15}
{"loss": 0.2663296163082123, "acc": 0.8971475958824158, "length": 4.0, "mode": "test", "epoch": 15}
{"loss": 0.17868711054325104, "acc": 0.9289073944091797, "length": 3.9609649181365967, "mode": "train", "epoch": 16}
{"loss": 0.26928526163101196, "acc": 0.8865771293640137, "length": 4.0, "mode": "test", "epoch": 16}
{"loss": 0.16822856664657593, "acc": 0.9300811886787415, "length": 3.9826793670654297, "mode": "train", "epoch": 17}
{"loss": 0.254496306180954, "acc": 0.8951342105865479, "length": 4.0, "mode": "test", "epoch": 17}
{"loss": 0.15779004991054535, "acc": 0.9369370937347412, "length": 3.9880497455596924, "mode": "train", "epoch": 18}
{"loss": 0.24995779991149902, "acc": 0.9157717823982239, "length": 4.0, "mode": "test", "epoch": 18}
{"loss": 0.15030473470687866, "acc": 0.9405406713485718, "length": 3.989048480987549, "mode": "train", "epoch": 19}
{"loss": 0.23965339362621307, "acc": 0.9016777873039246, "length": 4.0, "mode": "test", "epoch": 19}
{"loss": 0.14258499443531036, "acc": 0.9431323409080505, "length": 3.9908154010772705, "mode": "train", "epoch": 20}
{"loss": 0.2326548546552658, "acc": 0.9156039357185364, "length": 4.0, "mode": "test", "epoch": 20}
{"loss": 0.13233043253421783, "acc": 0.9499119520187378, "length": 3.990591526031494, "mode": "train", "epoch": 21}
{"loss": 0.20629195868968964, "acc": 0.9280201196670532, "length": 4.0, "mode": "test", "epoch": 21}
{"loss": 0.1290084570646286, "acc": 0.9506319761276245, "length": 3.9933393001556396, "mode": "train", "epoch": 22}
{"loss": 0.21464841067790985, "acc": 0.9268456697463989, "length": 4.0, "mode": "test", "epoch": 22}
{"loss": 0.12190517038106918, "acc": 0.9521827101707458, "length": 3.9947307109832764, "mode": "train", "epoch": 23}
{"loss": 0.20762185752391815, "acc": 0.9323824644088745, "length": 4.0, "mode": "test", "epoch": 23}
{"loss": 0.11264235526323318, "acc": 0.9572410583496094, "length": 3.9952168464660645, "mode": "train", "epoch": 24}
{"loss": 0.17661550641059875, "acc": 0.9323827028274536, "length": 4.0, "mode": "test", "epoch": 24}
{"loss": 0.11044512689113617, "acc": 0.9563040137290955, "length": 3.9963204860687256, "mode": "train", "epoch": 25}
{"loss": 0.18693862855434418, "acc": 0.9365772008895874, "length": 4.0, "mode": "test", "epoch": 25}
{"loss": 0.10662084072828293, "acc": 0.9580643773078918, "length": 3.9971513748168945, "mode": "train", "epoch": 26}
{"loss": 0.17801061272621155, "acc": 0.9401006698608398, "length": 4.0, "mode": "test", "epoch": 26}
{"loss": 0.09745480120182037, "acc": 0.9652474522590637, "length": 3.997831106185913, "mode": "train", "epoch": 27}
{"loss": 0.17054259777069092, "acc": 0.9382550716400146, "length": 4.0, "mode": "test", "epoch": 27}
{"loss": 0.10387687385082245, "acc": 0.961722731590271, "length": 3.998018503189087, "mode": "train", "epoch": 28}
{"loss": 0.17876559495925903, "acc": 0.9402685165405273, "length": 4.0, "mode": "test", "epoch": 28}
{"loss": 0.10543595254421234, "acc": 0.9624495506286621, "length": 3.997910499572754, "mode": "train", "epoch": 29}
{"loss": 0.1673891395330429, "acc": 0.9402682781219482, "length": 4.0, "mode": "test", "epoch": 29}
{"loss": 0.10195757448673248, "acc": 0.9623459577560425, "length": 3.998264789581299, "mode": "train", "epoch": 30}
{"loss": 0.1600436121225357, "acc": 0.9444632530212402, "length": 4.0, "mode": "test", "epoch": 30}
{"loss": 0.0920945480465889, "acc": 0.9654175043106079, "length": 3.997856616973877, "mode": "train", "epoch": 31}
{"loss": 0.16521809995174408, "acc": 0.9468120336532593, "length": 4.0, "mode": "test", "epoch": 31}
{"loss": 0.08585360646247864, "acc": 0.9694050550460815, "length": 3.998382329940796, "mode": "train", "epoch": 32}
{"loss": 0.15200184285640717, "acc": 0.9483221769332886, "length": 4.0, "mode": "test", "epoch": 32}
{"loss": 0.08222996443510056, "acc": 0.9683467745780945, "length": 3.9985241889953613, "mode": "train", "epoch": 33}
{"loss": 0.1379786878824234, "acc": 0.9543623924255371, "length": 4.0, "mode": "test", "epoch": 33}
{"loss": 0.07943923771381378, "acc": 0.9717109799385071, "length": 3.998866081237793, "mode": "train", "epoch": 34}
{"loss": 0.15891888737678528, "acc": 0.951845645904541, "length": 4.0, "mode": "test", "epoch": 34}
{"loss": 0.07766703516244888, "acc": 0.9701557159423828, "length": 3.9991471767425537, "mode": "train", "epoch": 35}
{"loss": 0.13772155344486237, "acc": 0.9587247967720032, "length": 4.0, "mode": "test", "epoch": 35}
{"loss": 0.07053714245557785, "acc": 0.9743944406509399, "length": 3.998718500137329, "mode": "train", "epoch": 36}
{"loss": 0.12798964977264404, "acc": 0.958221435546875, "length": 4.0, "mode": "test", "epoch": 36}
{"loss": 0.06840001791715622, "acc": 0.9760342836380005, "length": 3.999098539352417, "mode": "train", "epoch": 37}
{"loss": 0.1318679302930832, "acc": 0.958221435546875, "length": 4.0, "mode": "test", "epoch": 37}
{"loss": 0.0752389058470726, "acc": 0.973907470703125, "length": 3.999262571334839, "mode": "train", "epoch": 38}
{"loss": 0.18441615998744965, "acc": 0.9511745572090149, "length": 4.0, "mode": "test", "epoch": 38}
{"loss": 0.07362929731607437, "acc": 0.974364161491394, "length": 3.9993340969085693, "mode": "train", "epoch": 39}
{"loss": 0.10326196253299713, "acc": 0.9671140313148499, "length": 4.0, "mode": "test", "epoch": 39}
{"loss": 0.06728541105985641, "acc": 0.976104199886322, "length": 3.9994428157806396, "mode": "train", "epoch": 40}
{"loss": 0.11560261249542236, "acc": 0.9654361009597778, "length": 4.0, "mode": "test", "epoch": 40}
{"loss": 0.06052236631512642, "acc": 0.979350209236145, "length": 3.9994213581085205, "mode": "train", "epoch": 41}
{"loss": 0.1308286488056183, "acc": 0.9620805978775024, "length": 4.0, "mode": "test", "epoch": 41}
{"loss": 0.05688942223787308, "acc": 0.9797461032867432, "length": 3.999483585357666, "mode": "train", "epoch": 42}
{"loss": 0.1324446201324463, "acc": 0.9654361605644226, "length": 4.0, "mode": "test", "epoch": 42}
{"loss": 0.05267290771007538, "acc": 0.9825443625450134, "length": 3.999418020248413, "mode": "train", "epoch": 43}
{"loss": 0.1170513778924942, "acc": 0.9656040072441101, "length": 4.0, "mode": "test", "epoch": 43}
{"loss": 0.045808397233486176, "acc": 0.9834496974945068, "length": 3.999635696411133, "mode": "train", "epoch": 44}
{"loss": 0.11740654706954956, "acc": 0.9671140313148499, "length": 4.0, "mode": "test", "epoch": 44}
{"loss": 0.04835133999586105, "acc": 0.9816553592681885, "length": 3.999650478363037, "mode": "train", "epoch": 45}
{"loss": 0.11233321577310562, "acc": 0.9625838994979858, "length": 4.0, "mode": "test", "epoch": 45}
{"loss": 0.04938028007745743, "acc": 0.9846324324607849, "length": 3.999781608581543, "mode": "train", "epoch": 46}
{"loss": 0.15985175967216492, "acc": 0.9520134925842285, "length": 4.0, "mode": "test", "epoch": 46}
{"loss": 0.05426241084933281, "acc": 0.9823301434516907, "length": 3.9997034072875977, "mode": "train", "epoch": 47}
{"loss": 0.12841103971004486, "acc": 0.9630871415138245, "length": 4.0, "mode": "test", "epoch": 47}
{"loss": 0.047595757991075516, "acc": 0.9839013814926147, "length": 3.9996583461761475, "mode": "train", "epoch": 48}
{"loss": 0.1226339116692543, "acc": 0.9669463634490967, "length": 4.0, "mode": "test", "epoch": 48}
{"loss": 0.05057466775178909, "acc": 0.9846919178962708, "length": 3.9998464584350586, "mode": "train", "epoch": 49}
{"loss": 0.121609628200531, "acc": 0.9642618894577026, "length": 4.0, "mode": "test", "epoch": 49}
{"loss": 0.04578075930476189, "acc": 0.9864286184310913, "length": 3.9998433589935303, "mode": "train", "epoch": 50}
{"loss": 0.11113148182630539, "acc": 0.9644296169281006, "length": 4.0, "mode": "test", "epoch": 50}
{"loss": 0.04956445470452309, "acc": 0.9830670952796936, "length": 3.9998815059661865, "mode": "train", "epoch": 51}
{"loss": 0.12973783910274506, "acc": 0.9587247967720032, "length": 4.0, "mode": "test", "epoch": 51}
{"loss": 0.03705744817852974, "acc": 0.9873203039169312, "length": 3.9996848106384277, "mode": "train", "epoch": 52}
{"loss": 0.11460109800100327, "acc": 0.9612416625022888, "length": 4.0, "mode": "test", "epoch": 52}
{"loss": 0.034354377537965775, "acc": 0.9892308712005615, "length": 3.999847888946533, "mode": "train", "epoch": 53}
{"loss": 0.11762399971485138, "acc": 0.9694631695747375, "length": 4.0, "mode": "test", "epoch": 53}
{"loss": 0.03226538002490997, "acc": 0.9900721311569214, "length": 3.9998557567596436, "mode": "train", "epoch": 54}
{"loss": 0.1111082062125206, "acc": 0.9719798564910889, "length": 4.0, "mode": "test", "epoch": 54}
{"loss": 0.0339849591255188, "acc": 0.9879982471466064, "length": 3.9998674392700195, "mode": "train", "epoch": 55}
{"loss": 0.11161722987890244, "acc": 0.9676174521446228, "length": 4.0, "mode": "test", "epoch": 55}
{"loss": 0.033556368201971054, "acc": 0.9896795153617859, "length": 3.999847650527954, "mode": "train", "epoch": 56}
{"loss": 0.09120167046785355, "acc": 0.9731543660163879, "length": 4.0, "mode": "test", "epoch": 56}
{"loss": 0.03925333172082901, "acc": 0.9878309965133667, "length": 3.999882221221924, "mode": "train", "epoch": 57}
{"loss": 0.1138809323310852, "acc": 0.9699665904045105, "length": 4.0, "mode": "test", "epoch": 57}
{"loss": 0.03741162270307541, "acc": 0.9870466589927673, "length": 3.999884843826294, "mode": "train", "epoch": 58}
{"loss": 0.11671208590269089, "acc": 0.9721477031707764, "length": 4.0, "mode": "test", "epoch": 58}
{"loss": 0.034697163850069046, "acc": 0.9876615405082703, "length": 3.999878168106079, "mode": "train", "epoch": 59}
{"loss": 0.12667815387248993, "acc": 0.9713086485862732, "length": 4.0, "mode": "test", "epoch": 59}
{"loss": 0.03505919128656387, "acc": 0.9884495735168457, "length": 3.999925374984741, "mode": "train", "epoch": 60}
{"loss": 0.11412479728460312, "acc": 0.9692954421043396, "length": 4.0, "mode": "test", "epoch": 60}
test accuracy: 0.7132001519203186
