# ["--attributes=5", "--values=4", "--game_size=10", "--vocab_size_factor=3", "--n_epochs=60", "--batch_size=128", "--learning_rate=0.0005", "--hidden_size=128", "--temp_update=0.97", "--temperature=1"]
Creating train_ds and val_ds...

Creating test_ds...
{"loss": 0.703227162361145, "acc": 0.5048649907112122, "length": 3.5181100368499756, "mode": "train", "epoch": 1}
{"loss": 0.6928150057792664, "acc": 0.49787989258766174, "length": 1.0, "mode": "test", "epoch": 1}
{"loss": 0.6924054622650146, "acc": 0.5289391279220581, "length": 3.4237358570098877, "mode": "train", "epoch": 2}
{"loss": 0.6876001358032227, "acc": 0.5505589842796326, "length": 1.0600706338882446, "mode": "test", "epoch": 2}
{"loss": 0.6916086077690125, "acc": 0.5339860916137695, "length": 3.397186756134033, "mode": "train", "epoch": 3}
{"loss": 0.6874627470970154, "acc": 0.567825198173523, "length": 1.0600706338882446, "mode": "test", "epoch": 3}
{"loss": 0.688211977481842, "acc": 0.5375936031341553, "length": 3.2351365089416504, "mode": "train", "epoch": 4}
{"loss": 0.6868705749511719, "acc": 0.5488923788070679, "length": 1.095406413078308, "mode": "test", "epoch": 4}
{"loss": 0.6847845911979675, "acc": 0.555537223815918, "length": 2.9479687213897705, "mode": "train", "epoch": 5}
{"loss": 0.6836423873901367, "acc": 0.5618161559104919, "length": 1.233215570449829, "mode": "test", "epoch": 5}
{"loss": 0.6771234273910522, "acc": 0.5870543718338013, "length": 2.6444902420043945, "mode": "train", "epoch": 6}
{"loss": 0.672744870185852, "acc": 0.624411940574646, "length": 1.7950530052185059, "mode": "test", "epoch": 6}
{"loss": 0.6602266430854797, "acc": 0.6319077014923096, "length": 2.5714633464813232, "mode": "train", "epoch": 7}
{"loss": 0.6459267139434814, "acc": 0.7158025503158569, "length": 2.5583038330078125, "mode": "test", "epoch": 7}
{"loss": 0.6359951496124268, "acc": 0.687705397605896, "length": 2.8358640670776367, "mode": "train", "epoch": 8}
{"loss": 0.6163216829299927, "acc": 0.7333774566650391, "length": 2.9505300521850586, "mode": "test", "epoch": 8}
{"loss": 0.606073260307312, "acc": 0.7256170511245728, "length": 2.95829701423645, "mode": "train", "epoch": 9}
{"loss": 0.5801622867584229, "acc": 0.7542436718940735, "length": 3.098939895629883, "mode": "test", "epoch": 9}
{"loss": 0.5652586817741394, "acc": 0.7525725364685059, "length": 3.103795289993286, "mode": "train", "epoch": 10}
{"loss": 0.5510530471801758, "acc": 0.76460862159729, "length": 3.1625442504882812, "mode": "test", "epoch": 10}
{"loss": 0.5311191082000732, "acc": 0.7649421095848083, "length": 3.1645827293395996, "mode": "train", "epoch": 11}
{"loss": 0.5264996886253357, "acc": 0.7652397751808167, "length": 3.2791519165039062, "mode": "test", "epoch": 11}
{"loss": 0.5033552050590515, "acc": 0.7733068466186523, "length": 3.337399959564209, "mode": "train", "epoch": 12}
{"loss": 0.5062600374221802, "acc": 0.7742665410041809, "length": 3.420494794845581, "mode": "test", "epoch": 12}
{"loss": 0.4714560806751251, "acc": 0.7890504002571106, "length": 3.432465076446533, "mode": "train", "epoch": 13}
{"loss": 0.4782068431377411, "acc": 0.7830179333686829, "length": 3.4876325130462646, "mode": "test", "epoch": 13}
{"loss": 0.44925323128700256, "acc": 0.7996094226837158, "length": 3.505385398864746, "mode": "train", "epoch": 14}
{"loss": 0.4591678977012634, "acc": 0.7843157649040222, "length": 3.522968292236328, "mode": "test", "epoch": 14}
{"loss": 0.4275447428226471, "acc": 0.809614360332489, "length": 3.5603883266448975, "mode": "train", "epoch": 15}
{"loss": 0.45554208755493164, "acc": 0.787483274936676, "length": 3.583038806915283, "mode": "test", "epoch": 15}
{"loss": 0.40664300322532654, "acc": 0.8195724487304688, "length": 3.5409774780273438, "mode": "train", "epoch": 16}
{"loss": 0.438201367855072, "acc": 0.8176116347312927, "length": 3.522968292236328, "mode": "test", "epoch": 16}
{"loss": 0.3966583013534546, "acc": 0.8354632258415222, "length": 3.6022133827209473, "mode": "train", "epoch": 17}
{"loss": 0.43624162673950195, "acc": 0.8191442489624023, "length": 3.625441789627075, "mode": "test", "epoch": 17}
{"loss": 0.38352033495903015, "acc": 0.831226646900177, "length": 3.650423765182495, "mode": "train", "epoch": 18}
{"loss": 0.43116170167922974, "acc": 0.8274898529052734, "length": 3.5724382400512695, "mode": "test", "epoch": 18}
{"loss": 0.37842994928359985, "acc": 0.8368728160858154, "length": 3.635659694671631, "mode": "train", "epoch": 19}
{"loss": 0.42723703384399414, "acc": 0.8242368102073669, "length": 3.6325087547302246, "mode": "test", "epoch": 19}
{"loss": 0.36460766196250916, "acc": 0.8399022817611694, "length": 3.7121360301971436, "mode": "train", "epoch": 20}
{"loss": 0.4150933623313904, "acc": 0.8285381197929382, "length": 3.8162543773651123, "mode": "test", "epoch": 20}
{"loss": 0.35804125666618347, "acc": 0.8433290719985962, "length": 3.7991020679473877, "mode": "train", "epoch": 21}
{"loss": 0.4093117415904999, "acc": 0.8299165964126587, "length": 3.9222614765167236, "mode": "test", "epoch": 21}
{"loss": 0.3478298485279083, "acc": 0.8507232666015625, "length": 3.850433349609375, "mode": "train", "epoch": 22}
{"loss": 0.3891438841819763, "acc": 0.8303844928741455, "length": 3.9505300521850586, "mode": "test", "epoch": 22}
{"loss": 0.34163448214530945, "acc": 0.851804256439209, "length": 3.893350839614868, "mode": "train", "epoch": 23}
{"loss": 0.38703006505966187, "acc": 0.8452778458595276, "length": 3.968197822570801, "mode": "test", "epoch": 23}
{"loss": 0.3388374447822571, "acc": 0.8521763682365417, "length": 3.9425060749053955, "mode": "train", "epoch": 24}
{"loss": 0.39288854598999023, "acc": 0.844016432762146, "length": 3.9893991947174072, "mode": "test", "epoch": 24}
{"loss": 0.3287062644958496, "acc": 0.8639054298400879, "length": 3.9666800498962402, "mode": "train", "epoch": 25}
{"loss": 0.39736542105674744, "acc": 0.8409894704818726, "length": 4.0, "mode": "test", "epoch": 25}
{"loss": 0.32242879271507263, "acc": 0.8609885573387146, "length": 3.9565773010253906, "mode": "train", "epoch": 26}
{"loss": 0.3820652663707733, "acc": 0.8473498821258545, "length": 4.0, "mode": "test", "epoch": 26}
{"loss": 0.31286826729774475, "acc": 0.8677093386650085, "length": 3.948568820953369, "mode": "train", "epoch": 27}
{"loss": 0.37817102670669556, "acc": 0.8443464040756226, "length": 4.0, "mode": "test", "epoch": 27}
{"loss": 0.30647918581962585, "acc": 0.8720530271530151, "length": 3.9554381370544434, "mode": "train", "epoch": 28}
{"loss": 0.3770771026611328, "acc": 0.8575972318649292, "length": 4.0, "mode": "test", "epoch": 28}
{"loss": 0.30080878734588623, "acc": 0.8738076686859131, "length": 3.9555001258850098, "mode": "train", "epoch": 29}
{"loss": 0.36927101016044617, "acc": 0.8510600924491882, "length": 4.0, "mode": "test", "epoch": 29}
{"loss": 0.2947964668273926, "acc": 0.8815615773200989, "length": 3.965663433074951, "mode": "train", "epoch": 30}
{"loss": 0.3746826648712158, "acc": 0.8540636301040649, "length": 4.0, "mode": "test", "epoch": 30}
{"loss": 0.29168590903282166, "acc": 0.8795956969261169, "length": 3.9734609127044678, "mode": "train", "epoch": 31}
{"loss": 0.37378358840942383, "acc": 0.8583040237426758, "length": 4.0, "mode": "test", "epoch": 31}
{"loss": 0.28995949029922485, "acc": 0.8820743560791016, "length": 3.9777534008026123, "mode": "train", "epoch": 32}
{"loss": 0.38635489344596863, "acc": 0.8517666459083557, "length": 4.0, "mode": "test", "epoch": 32}
{"loss": 0.28574830293655396, "acc": 0.8827244639396667, "length": 3.9756174087524414, "mode": "train", "epoch": 33}
{"loss": 0.3799072504043579, "acc": 0.8653709888458252, "length": 4.0, "mode": "test", "epoch": 33}
{"loss": 0.27798789739608765, "acc": 0.8863205909729004, "length": 3.981580972671509, "mode": "train", "epoch": 34}
{"loss": 0.37321358919143677, "acc": 0.8606007099151611, "length": 4.0, "mode": "test", "epoch": 34}
{"loss": 0.2723435163497925, "acc": 0.8864158987998962, "length": 3.98041033744812, "mode": "train", "epoch": 35}
{"loss": 0.35790061950683594, "acc": 0.8659011125564575, "length": 4.0, "mode": "test", "epoch": 35}
{"loss": 0.26571908593177795, "acc": 0.8909239172935486, "length": 3.9825565814971924, "mode": "train", "epoch": 36}
{"loss": 0.34641286730766296, "acc": 0.8680211901664734, "length": 4.0, "mode": "test", "epoch": 36}
{"loss": 0.26532065868377686, "acc": 0.8942628502845764, "length": 3.9739956855773926, "mode": "train", "epoch": 37}
{"loss": 0.34805506467819214, "acc": 0.8724381327629089, "length": 4.0, "mode": "test", "epoch": 37}
{"loss": 0.26070305705070496, "acc": 0.8916096091270447, "length": 3.9839913845062256, "mode": "train", "epoch": 38}
{"loss": 0.34164124727249146, "acc": 0.8720847368240356, "length": 4.0, "mode": "test", "epoch": 38}
{"loss": 0.2538933753967285, "acc": 0.8987330794334412, "length": 3.993596076965332, "mode": "train", "epoch": 39}
{"loss": 0.3223726451396942, "acc": 0.8814486861228943, "length": 4.0, "mode": "test", "epoch": 39}
{"loss": 0.2512989640235901, "acc": 0.8966259956359863, "length": 3.9820969104766846, "mode": "train", "epoch": 40}
{"loss": 0.3106927275657654, "acc": 0.8752650022506714, "length": 4.0, "mode": "test", "epoch": 40}
{"loss": 0.242061048746109, "acc": 0.901996910572052, "length": 3.9901533126831055, "mode": "train", "epoch": 41}
{"loss": 0.31679314374923706, "acc": 0.8835689425468445, "length": 4.0, "mode": "test", "epoch": 41}
{"loss": 0.2418234497308731, "acc": 0.9024209976196289, "length": 3.9898204803466797, "mode": "train", "epoch": 42}
{"loss": 0.2917652428150177, "acc": 0.8871026635169983, "length": 4.0, "mode": "test", "epoch": 42}
{"loss": 0.23571297526359558, "acc": 0.907483696937561, "length": 3.990642547607422, "mode": "train", "epoch": 43}
{"loss": 0.28789815306663513, "acc": 0.8846290707588196, "length": 4.0, "mode": "test", "epoch": 43}
{"loss": 0.22342976927757263, "acc": 0.9113237261772156, "length": 3.9958348274230957, "mode": "train", "epoch": 44}
{"loss": 0.2932162284851074, "acc": 0.8901059031486511, "length": 4.0, "mode": "test", "epoch": 44}
{"loss": 0.2232334315776825, "acc": 0.9119203090667725, "length": 3.991438865661621, "mode": "train", "epoch": 45}
{"loss": 0.28350359201431274, "acc": 0.8932864665985107, "length": 4.0, "mode": "test", "epoch": 45}
{"loss": 0.21821321547031403, "acc": 0.9157717823982239, "length": 3.9968342781066895, "mode": "train", "epoch": 46}
{"loss": 0.2801284193992615, "acc": 0.9047700762748718, "length": 4.0, "mode": "test", "epoch": 46}
{"loss": 0.21394091844558716, "acc": 0.9155614972114563, "length": 3.9936437606811523, "mode": "train", "epoch": 47}
{"loss": 0.28130048513412476, "acc": 0.9121909141540527, "length": 4.0, "mode": "test", "epoch": 47}
{"loss": 0.2035199999809265, "acc": 0.924180269241333, "length": 3.991905689239502, "mode": "train", "epoch": 48}
{"loss": 0.28875240683555603, "acc": 0.902296781539917, "length": 4.0, "mode": "test", "epoch": 48}
{"loss": 0.20562319457530975, "acc": 0.9241947531700134, "length": 3.989504814147949, "mode": "train", "epoch": 49}
{"loss": 0.26204508543014526, "acc": 0.9054770469665527, "length": 4.0, "mode": "test", "epoch": 49}
{"loss": 0.19810698926448822, "acc": 0.9254927039146423, "length": 3.9958395957946777, "mode": "train", "epoch": 50}
{"loss": 0.26316291093826294, "acc": 0.9086573123931885, "length": 4.0, "mode": "test", "epoch": 50}
{"loss": 0.19584009051322937, "acc": 0.9285158514976501, "length": 3.996725082397461, "mode": "train", "epoch": 51}
{"loss": 0.2786940038204193, "acc": 0.908480703830719, "length": 4.0, "mode": "test", "epoch": 51}
{"loss": 0.19379225373268127, "acc": 0.9280170202255249, "length": 3.994943857192993, "mode": "train", "epoch": 52}
{"loss": 0.2672196328639984, "acc": 0.9067137837409973, "length": 4.0, "mode": "test", "epoch": 52}
{"loss": 0.19821491837501526, "acc": 0.9299479722976685, "length": 3.995083808898926, "mode": "train", "epoch": 53}
{"loss": 0.2664377689361572, "acc": 0.9074204564094543, "length": 4.0, "mode": "test", "epoch": 53}
{"loss": 0.18680359423160553, "acc": 0.933137059211731, "length": 3.997379779815674, "mode": "train", "epoch": 54}
{"loss": 0.25476598739624023, "acc": 0.9047703742980957, "length": 4.0, "mode": "test", "epoch": 54}
{"loss": 0.18299992382526398, "acc": 0.9355303049087524, "length": 3.9973669052124023, "mode": "train", "epoch": 55}
{"loss": 0.2578977942466736, "acc": 0.9155477285385132, "length": 4.0, "mode": "test", "epoch": 55}
{"loss": 0.17768694460391998, "acc": 0.9388575553894043, "length": 3.995527744293213, "mode": "train", "epoch": 56}
{"loss": 0.2548968493938446, "acc": 0.9150176048278809, "length": 4.0, "mode": "test", "epoch": 56}
{"loss": 0.17643125355243683, "acc": 0.9376980662345886, "length": 3.9929568767547607, "mode": "train", "epoch": 57}
{"loss": 0.25485557317733765, "acc": 0.9203178286552429, "length": 4.0, "mode": "test", "epoch": 57}
{"loss": 0.17870596051216125, "acc": 0.9405583143234253, "length": 3.997636318206787, "mode": "train", "epoch": 58}
{"loss": 0.2564109265804291, "acc": 0.9181978106498718, "length": 4.0, "mode": "test", "epoch": 58}
{"loss": 0.17907516658306122, "acc": 0.9378721714019775, "length": 3.9979093074798584, "mode": "train", "epoch": 59}
{"loss": 0.251461923122406, "acc": 0.9171377420425415, "length": 4.0, "mode": "test", "epoch": 59}
{"loss": 0.1762014776468277, "acc": 0.9376192688941956, "length": 3.9948277473449707, "mode": "train", "epoch": 60}
{"loss": 0.24922232329845428, "acc": 0.921024739742279, "length": 4.0, "mode": "test", "epoch": 60}
test accuracy: 0.7919355034828186
