# ["--attributes=5", "--values=4", "--game_size=10", "--vocab_size_factor=3", "--n_epochs=60", "--batch_size=128", "--learning_rate=0.0005", "--hidden_size=128", "--temp_update=0.97", "--temperature=1.5"]
Creating train_ds and val_ds...

Creating test_ds...
{"loss": 0.6937445402145386, "acc": 0.5214105248451233, "length": 3.5602047443389893, "mode": "train", "epoch": 1}
{"loss": 0.6903301477432251, "acc": 0.5188925266265869, "length": 1.2805755138397217, "mode": "test", "epoch": 1}
{"loss": 0.6910284757614136, "acc": 0.5212592482566833, "length": 3.5304369926452637, "mode": "train", "epoch": 2}
{"loss": 0.6886083483695984, "acc": 0.5359715819358826, "length": 1.2913669347763062, "mode": "test", "epoch": 2}
{"loss": 0.6908528804779053, "acc": 0.5226273536682129, "length": 3.502918004989624, "mode": "train", "epoch": 3}
{"loss": 0.6886853575706482, "acc": 0.5336667895317078, "length": 1.557554006576538, "mode": "test", "epoch": 3}
{"loss": 0.6883037686347961, "acc": 0.5394100546836853, "length": 3.453791618347168, "mode": "train", "epoch": 4}
{"loss": 0.684199333190918, "acc": 0.5698516368865967, "length": 1.805755376815796, "mode": "test", "epoch": 4}
{"loss": 0.68654865026474, "acc": 0.545336127281189, "length": 3.3890295028686523, "mode": "train", "epoch": 5}
{"loss": 0.6667125225067139, "acc": 0.6172983646392822, "length": 2.816546678543091, "mode": "test", "epoch": 5}
{"loss": 0.6821259260177612, "acc": 0.5603827834129333, "length": 3.32598614692688, "mode": "train", "epoch": 6}
{"loss": 0.6467515826225281, "acc": 0.6760562658309937, "length": 3.4712231159210205, "mode": "test", "epoch": 6}
{"loss": 0.6679589152336121, "acc": 0.6212636232376099, "length": 3.3128645420074463, "mode": "train", "epoch": 7}
{"loss": 0.6223270893096924, "acc": 0.7395431399345398, "length": 3.920863389968872, "mode": "test", "epoch": 7}
{"loss": 0.6413257122039795, "acc": 0.7016320824623108, "length": 3.5324900150299072, "mode": "train", "epoch": 8}
{"loss": 0.5839959383010864, "acc": 0.7660071849822998, "length": 4.0, "mode": "test", "epoch": 8}
{"loss": 0.5975043177604675, "acc": 0.7335032224655151, "length": 3.762484073638916, "mode": "train", "epoch": 9}
{"loss": 0.5377109050750732, "acc": 0.7769783735275269, "length": 4.0, "mode": "test", "epoch": 9}
{"loss": 0.5417136549949646, "acc": 0.7585770487785339, "length": 3.89447021484375, "mode": "train", "epoch": 10}
{"loss": 0.5020734071731567, "acc": 0.792266309261322, "length": 4.0, "mode": "test", "epoch": 10}
{"loss": 0.4947880506515503, "acc": 0.781612753868103, "length": 3.9426112174987793, "mode": "train", "epoch": 11}
{"loss": 0.4846043586730957, "acc": 0.767805814743042, "length": 4.0, "mode": "test", "epoch": 11}
{"loss": 0.4628075957298279, "acc": 0.7809617519378662, "length": 3.9676737785339355, "mode": "train", "epoch": 12}
{"loss": 0.47725123167037964, "acc": 0.7690646648406982, "length": 4.0, "mode": "test", "epoch": 12}
{"loss": 0.44883817434310913, "acc": 0.7951826453208923, "length": 3.981820583343506, "mode": "train", "epoch": 13}
{"loss": 0.4581542909145355, "acc": 0.7892084717750549, "length": 4.0, "mode": "test", "epoch": 13}
{"loss": 0.43668919801712036, "acc": 0.8060420751571655, "length": 3.983567953109741, "mode": "train", "epoch": 14}
{"loss": 0.4466119706630707, "acc": 0.7969424724578857, "length": 4.0, "mode": "test", "epoch": 14}
{"loss": 0.4195847809314728, "acc": 0.8098382949829102, "length": 3.989271640777588, "mode": "train", "epoch": 15}
{"loss": 0.4362056851387024, "acc": 0.8062950372695923, "length": 4.0, "mode": "test", "epoch": 15}
{"loss": 0.4083258807659149, "acc": 0.8161484599113464, "length": 3.9850564002990723, "mode": "train", "epoch": 16}
{"loss": 0.4343414902687073, "acc": 0.8075539469718933, "length": 4.0, "mode": "test", "epoch": 16}
{"loss": 0.3909322917461395, "acc": 0.8208907246589661, "length": 3.9889352321624756, "mode": "train", "epoch": 17}
{"loss": 0.40208718180656433, "acc": 0.8188848495483398, "length": 4.0, "mode": "test", "epoch": 17}
{"loss": 0.3792954981327057, "acc": 0.8257672786712646, "length": 3.993601083755493, "mode": "train", "epoch": 18}
{"loss": 0.4010842740535736, "acc": 0.8232015371322632, "length": 4.0, "mode": "test", "epoch": 18}
{"loss": 0.36422979831695557, "acc": 0.833051323890686, "length": 3.9948675632476807, "mode": "train", "epoch": 19}
{"loss": 0.38889527320861816, "acc": 0.8298562169075012, "length": 4.0, "mode": "test", "epoch": 19}
{"loss": 0.3547174632549286, "acc": 0.843041181564331, "length": 3.996042490005493, "mode": "train", "epoch": 20}
{"loss": 0.3850131630897522, "acc": 0.8327339291572571, "length": 4.0, "mode": "test", "epoch": 20}
{"loss": 0.3381093740463257, "acc": 0.8478330373764038, "length": 3.9968080520629883, "mode": "train", "epoch": 21}
{"loss": 0.3678435981273651, "acc": 0.8419064283370972, "length": 4.0, "mode": "test", "epoch": 21}
{"loss": 0.3281784951686859, "acc": 0.8547011017799377, "length": 3.9977400302886963, "mode": "train", "epoch": 22}
{"loss": 0.36019545793533325, "acc": 0.8483812212944031, "length": 4.0, "mode": "test", "epoch": 22}
{"loss": 0.3203953802585602, "acc": 0.8633288145065308, "length": 3.9959847927093506, "mode": "train", "epoch": 23}
{"loss": 0.36523526906967163, "acc": 0.8487410545349121, "length": 4.0, "mode": "test", "epoch": 23}
{"loss": 0.3152676224708557, "acc": 0.8688161373138428, "length": 3.997955560684204, "mode": "train", "epoch": 24}
{"loss": 0.3568747043609619, "acc": 0.8541367053985596, "length": 4.0, "mode": "test", "epoch": 24}
{"loss": 0.30857032537460327, "acc": 0.8664608001708984, "length": 3.992870807647705, "mode": "train", "epoch": 25}
{"loss": 0.34922441840171814, "acc": 0.8523381352424622, "length": 4.0, "mode": "test", "epoch": 25}
{"loss": 0.3019767701625824, "acc": 0.8714939951896667, "length": 3.999128580093384, "mode": "train", "epoch": 26}
{"loss": 0.34393972158432007, "acc": 0.8566548228263855, "length": 4.0, "mode": "test", "epoch": 26}
{"loss": 0.3069523572921753, "acc": 0.8736013770103455, "length": 3.9992494583129883, "mode": "train", "epoch": 27}
{"loss": 0.3513977527618408, "acc": 0.8489208817481995, "length": 4.0, "mode": "test", "epoch": 27}
{"loss": 0.2997561991214752, "acc": 0.8767319917678833, "length": 3.9994966983795166, "mode": "train", "epoch": 28}
{"loss": 0.3414621949195862, "acc": 0.8512589931488037, "length": 4.0, "mode": "test", "epoch": 28}
{"loss": 0.29509517550468445, "acc": 0.8772863745689392, "length": 3.9972734451293945, "mode": "train", "epoch": 29}
{"loss": 0.3384091854095459, "acc": 0.8514388799667358, "length": 4.0, "mode": "test", "epoch": 29}
{"loss": 0.2906798720359802, "acc": 0.8780440092086792, "length": 3.999204158782959, "mode": "train", "epoch": 30}
{"loss": 0.33289167284965515, "acc": 0.8634892106056213, "length": 4.0, "mode": "test", "epoch": 30}
{"loss": 0.2872382402420044, "acc": 0.8780593872070312, "length": 3.999614953994751, "mode": "train", "epoch": 31}
{"loss": 0.3265557885169983, "acc": 0.8660073280334473, "length": 4.0, "mode": "test", "epoch": 31}
{"loss": 0.284940630197525, "acc": 0.8781381249427795, "length": 3.998124837875366, "mode": "train", "epoch": 32}
{"loss": 0.3252251148223877, "acc": 0.8710431456565857, "length": 4.0, "mode": "test", "epoch": 32}
{"loss": 0.2864663302898407, "acc": 0.8821662664413452, "length": 3.9960570335388184, "mode": "train", "epoch": 33}
{"loss": 0.31812334060668945, "acc": 0.8705034852027893, "length": 4.0, "mode": "test", "epoch": 33}
{"loss": 0.2834307849407196, "acc": 0.8839837312698364, "length": 3.9992358684539795, "mode": "train", "epoch": 34}
{"loss": 0.3177550435066223, "acc": 0.8791366219520569, "length": 4.0, "mode": "test", "epoch": 34}
{"loss": 0.27766573429107666, "acc": 0.8871424794197083, "length": 3.9958536624908447, "mode": "train", "epoch": 35}
{"loss": 0.3126879930496216, "acc": 0.8723022937774658, "length": 4.0, "mode": "test", "epoch": 35}
{"loss": 0.27186039090156555, "acc": 0.8826776742935181, "length": 3.9991610050201416, "mode": "train", "epoch": 36}
{"loss": 0.313060462474823, "acc": 0.8805756568908691, "length": 4.0, "mode": "test", "epoch": 36}
{"loss": 0.27435654401779175, "acc": 0.8852857351303101, "length": 3.997896909713745, "mode": "train", "epoch": 37}
{"loss": 0.314126193523407, "acc": 0.8796762824058533, "length": 4.0, "mode": "test", "epoch": 37}
{"loss": 0.2781931161880493, "acc": 0.8875260949134827, "length": 3.9954562187194824, "mode": "train", "epoch": 38}
{"loss": 0.30804044008255005, "acc": 0.8895683288574219, "length": 4.0, "mode": "test", "epoch": 38}
{"loss": 0.2752488851547241, "acc": 0.8834664225578308, "length": 3.999746799468994, "mode": "train", "epoch": 39}
{"loss": 0.31039345264434814, "acc": 0.8802158832550049, "length": 4.0, "mode": "test", "epoch": 39}
{"loss": 0.2705846130847931, "acc": 0.8870766758918762, "length": 3.9998953342437744, "mode": "train", "epoch": 40}
{"loss": 0.3054340183734894, "acc": 0.884352445602417, "length": 4.0, "mode": "test", "epoch": 40}
{"loss": 0.26495450735092163, "acc": 0.8878126740455627, "length": 3.998835563659668, "mode": "train", "epoch": 41}
{"loss": 0.29939866065979004, "acc": 0.8919064998626709, "length": 4.0, "mode": "test", "epoch": 41}
{"loss": 0.2642051577568054, "acc": 0.8904333114624023, "length": 3.9994101524353027, "mode": "train", "epoch": 42}
{"loss": 0.2958250939846039, "acc": 0.8852517008781433, "length": 4.0, "mode": "test", "epoch": 42}
{"loss": 0.2620354890823364, "acc": 0.8882805705070496, "length": 3.999969959259033, "mode": "train", "epoch": 43}
{"loss": 0.2946630120277405, "acc": 0.8879497051239014, "length": 4.0, "mode": "test", "epoch": 43}
{"loss": 0.2574498653411865, "acc": 0.8902597427368164, "length": 3.9998738765716553, "mode": "train", "epoch": 44}
{"loss": 0.290547251701355, "acc": 0.8870505094528198, "length": 4.0, "mode": "test", "epoch": 44}
{"loss": 0.2578667402267456, "acc": 0.8902238011360168, "length": 3.99741530418396, "mode": "train", "epoch": 45}
{"loss": 0.2906333804130554, "acc": 0.8919064402580261, "length": 4.0, "mode": "test", "epoch": 45}
{"loss": 0.2525240182876587, "acc": 0.8916276693344116, "length": 3.9988653659820557, "mode": "train", "epoch": 46}
{"loss": 0.2894889712333679, "acc": 0.8926259875297546, "length": 4.0, "mode": "test", "epoch": 46}
{"loss": 0.25698432326316833, "acc": 0.8922951221466064, "length": 3.999730110168457, "mode": "train", "epoch": 47}
{"loss": 0.2986939549446106, "acc": 0.8874099850654602, "length": 4.0, "mode": "test", "epoch": 47}
{"loss": 0.25392061471939087, "acc": 0.8920062780380249, "length": 3.9999642372131348, "mode": "train", "epoch": 48}
{"loss": 0.289090633392334, "acc": 0.8982014060020447, "length": 4.0, "mode": "test", "epoch": 48}
{"loss": 0.2489006668329239, "acc": 0.8946507573127747, "length": 3.9999735355377197, "mode": "train", "epoch": 49}
{"loss": 0.2908986210823059, "acc": 0.8942447304725647, "length": 4.0, "mode": "test", "epoch": 49}
{"loss": 0.24796783924102783, "acc": 0.8935678005218506, "length": 3.9998533725738525, "mode": "train", "epoch": 50}
{"loss": 0.2860015630722046, "acc": 0.8962228894233704, "length": 4.0, "mode": "test", "epoch": 50}
{"loss": 0.24735455214977264, "acc": 0.8974627256393433, "length": 3.9993374347686768, "mode": "train", "epoch": 51}
{"loss": 0.2849600315093994, "acc": 0.8949639797210693, "length": 4.0, "mode": "test", "epoch": 51}
{"loss": 0.24895942211151123, "acc": 0.8955196738243103, "length": 3.9994969367980957, "mode": "train", "epoch": 52}
{"loss": 0.2863219082355499, "acc": 0.8938849568367004, "length": 4.0, "mode": "test", "epoch": 52}
{"loss": 0.2505301237106323, "acc": 0.8939295411109924, "length": 3.999964475631714, "mode": "train", "epoch": 53}
{"loss": 0.2910776734352112, "acc": 0.8938848972320557, "length": 4.0, "mode": "test", "epoch": 53}
{"loss": 0.23918919265270233, "acc": 0.8990870714187622, "length": 3.998579263687134, "mode": "train", "epoch": 54}
{"loss": 0.29584959149360657, "acc": 0.8942445516586304, "length": 4.0, "mode": "test", "epoch": 54}
{"loss": 0.2447604537010193, "acc": 0.8964536190032959, "length": 3.9999732971191406, "mode": "train", "epoch": 55}
{"loss": 0.29780465364456177, "acc": 0.8985610604286194, "length": 4.0, "mode": "test", "epoch": 55}
{"loss": 0.24450138211250305, "acc": 0.8987678289413452, "length": 3.9994571208953857, "mode": "train", "epoch": 56}
{"loss": 0.2878078520298004, "acc": 0.9003598093986511, "length": 4.0, "mode": "test", "epoch": 56}
{"loss": 0.24575336277484894, "acc": 0.8987353444099426, "length": 3.9997313022613525, "mode": "train", "epoch": 57}
{"loss": 0.2939540147781372, "acc": 0.8971222639083862, "length": 4.0, "mode": "test", "epoch": 57}
{"loss": 0.24418766796588898, "acc": 0.8988538980484009, "length": 3.9997851848602295, "mode": "train", "epoch": 58}
{"loss": 0.2840643525123596, "acc": 0.8998201489448547, "length": 4.0, "mode": "test", "epoch": 58}
{"loss": 0.23881645500659943, "acc": 0.8985251188278198, "length": 3.998838186264038, "mode": "train", "epoch": 59}
{"loss": 0.2794530987739563, "acc": 0.8998200297355652, "length": 4.0, "mode": "test", "epoch": 59}
{"loss": 0.2371077686548233, "acc": 0.8987370133399963, "length": 3.999983310699463, "mode": "train", "epoch": 60}
{"loss": 0.2828250527381897, "acc": 0.8951437473297119, "length": 4.0, "mode": "test", "epoch": 60}
test accuracy: 0.8213636875152588
