# ["--attributes=5", "--values=4", "--game_size=10", "--vocab_size_factor=3", "--n_epochs=60", "--batch_size=128", "--learning_rate=0.0005", "--hidden_size=128", "--temp_update=0.97", "--temperature=2"]
Creating train_ds and val_ds...

Creating test_ds...
{"loss": 0.6956688761711121, "acc": 0.5127255916595459, "length": 3.5330779552459717, "mode": "train", "epoch": 1}
{"loss": 0.6855413913726807, "acc": 0.5893855690956116, "length": 3.3533568382263184, "mode": "test", "epoch": 1}
{"loss": 0.6899028420448303, "acc": 0.545103907585144, "length": 3.5385117530822754, "mode": "train", "epoch": 2}
{"loss": 0.6774105429649353, "acc": 0.5828800201416016, "length": 3.1837456226348877, "mode": "test", "epoch": 2}
{"loss": 0.6878208518028259, "acc": 0.5539406538009644, "length": 3.524430990219116, "mode": "train", "epoch": 3}
{"loss": 0.6712799072265625, "acc": 0.6066386103630066, "length": 2.812720775604248, "mode": "test", "epoch": 3}
{"loss": 0.68564373254776, "acc": 0.5600045323371887, "length": 3.490844964981079, "mode": "train", "epoch": 4}
{"loss": 0.6683751940727234, "acc": 0.610453724861145, "length": 2.4840989112854004, "mode": "test", "epoch": 4}
{"loss": 0.683786928653717, "acc": 0.5626037120819092, "length": 3.42453670501709, "mode": "train", "epoch": 5}
{"loss": 0.6644290685653687, "acc": 0.6653693914413452, "length": 2.462897539138794, "mode": "test", "epoch": 5}
{"loss": 0.6778112649917603, "acc": 0.5793523192405701, "length": 3.248044967651367, "mode": "train", "epoch": 6}
{"loss": 0.6574287414550781, "acc": 0.6745888590812683, "length": 2.289752721786499, "mode": "test", "epoch": 6}
{"loss": 0.6658400893211365, "acc": 0.6123892664909363, "length": 3.051974296569824, "mode": "train", "epoch": 7}
{"loss": 0.6399654746055603, "acc": 0.7005131244659424, "length": 2.4134275913238525, "mode": "test", "epoch": 7}
{"loss": 0.6424469351768494, "acc": 0.6586361527442932, "length": 2.9438204765319824, "mode": "train", "epoch": 8}
{"loss": 0.6101058721542358, "acc": 0.7390889525413513, "length": 2.607773780822754, "mode": "test", "epoch": 8}
{"loss": 0.6074484586715698, "acc": 0.7274960875511169, "length": 3.0621774196624756, "mode": "train", "epoch": 9}
{"loss": 0.5665337443351746, "acc": 0.7833619713783264, "length": 2.8939929008483887, "mode": "test", "epoch": 9}
{"loss": 0.5551039576530457, "acc": 0.7782566547393799, "length": 3.2384307384490967, "mode": "train", "epoch": 10}
{"loss": 0.5107572078704834, "acc": 0.7810449004173279, "length": 3.480565309524536, "mode": "test", "epoch": 10}
{"loss": 0.5028695464134216, "acc": 0.783345639705658, "length": 3.5140879154205322, "mode": "train", "epoch": 11}
{"loss": 0.4709305167198181, "acc": 0.7918727993965149, "length": 4.0, "mode": "test", "epoch": 11}
{"loss": 0.4659329354763031, "acc": 0.7942286729812622, "length": 3.79196834564209, "mode": "train", "epoch": 12}
{"loss": 0.4562903642654419, "acc": 0.7996466159820557, "length": 4.0, "mode": "test", "epoch": 12}
{"loss": 0.43801912665367126, "acc": 0.7983925938606262, "length": 3.8977882862091064, "mode": "train", "epoch": 13}
{"loss": 0.4383665919303894, "acc": 0.8063606023788452, "length": 4.0, "mode": "test", "epoch": 13}
{"loss": 0.424001008272171, "acc": 0.8124194145202637, "length": 3.942885398864746, "mode": "train", "epoch": 14}
{"loss": 0.4366258978843689, "acc": 0.7959365248680115, "length": 4.0, "mode": "test", "epoch": 14}
{"loss": 0.41285303235054016, "acc": 0.8206380605697632, "length": 3.955442428588867, "mode": "train", "epoch": 15}
{"loss": 0.4367169141769409, "acc": 0.8012367486953735, "length": 4.0, "mode": "test", "epoch": 15}
{"loss": 0.3991614580154419, "acc": 0.8172020316123962, "length": 3.9640212059020996, "mode": "train", "epoch": 16}
{"loss": 0.4373878836631775, "acc": 0.8100706934928894, "length": 4.0, "mode": "test", "epoch": 16}
{"loss": 0.39576512575149536, "acc": 0.824414849281311, "length": 3.973820924758911, "mode": "train", "epoch": 17}
{"loss": 0.44386979937553406, "acc": 0.8083037734031677, "length": 4.0, "mode": "test", "epoch": 17}
{"loss": 0.38751906156539917, "acc": 0.8325402140617371, "length": 3.974891185760498, "mode": "train", "epoch": 18}
{"loss": 0.42565566301345825, "acc": 0.821378231048584, "length": 4.0, "mode": "test", "epoch": 18}
{"loss": 0.38008806109428406, "acc": 0.8341156840324402, "length": 3.9707717895507812, "mode": "train", "epoch": 19}
{"loss": 0.4087693691253662, "acc": 0.8270317316055298, "length": 4.0, "mode": "test", "epoch": 19}
{"loss": 0.37536776065826416, "acc": 0.8353329300880432, "length": 3.986274480819702, "mode": "train", "epoch": 20}
{"loss": 0.4282691478729248, "acc": 0.8219081163406372, "length": 4.0, "mode": "test", "epoch": 20}
{"loss": 0.3709014058113098, "acc": 0.8386588096618652, "length": 3.987640857696533, "mode": "train", "epoch": 21}
{"loss": 0.40246593952178955, "acc": 0.8300352692604065, "length": 4.0, "mode": "test", "epoch": 21}
{"loss": 0.36253467202186584, "acc": 0.8440797924995422, "length": 3.9891598224639893, "mode": "train", "epoch": 22}
{"loss": 0.388949453830719, "acc": 0.8325088620185852, "length": 4.0, "mode": "test", "epoch": 22}
{"loss": 0.35354259610176086, "acc": 0.8456357717514038, "length": 3.9918735027313232, "mode": "train", "epoch": 23}
{"loss": 0.3926273286342621, "acc": 0.8310953974723816, "length": 4.0, "mode": "test", "epoch": 23}
{"loss": 0.34869271516799927, "acc": 0.847584068775177, "length": 3.996204137802124, "mode": "train", "epoch": 24}
{"loss": 0.37901684641838074, "acc": 0.8424027562141418, "length": 4.0, "mode": "test", "epoch": 24}
{"loss": 0.33617064356803894, "acc": 0.8558701872825623, "length": 3.9949734210968018, "mode": "train", "epoch": 25}
{"loss": 0.3653446137905121, "acc": 0.8567138314247131, "length": 4.0, "mode": "test", "epoch": 25}
{"loss": 0.32822200655937195, "acc": 0.8569127917289734, "length": 3.996783971786499, "mode": "train", "epoch": 26}
{"loss": 0.3701997697353363, "acc": 0.8544170260429382, "length": 4.0, "mode": "test", "epoch": 26}
{"loss": 0.3230704665184021, "acc": 0.8640027642250061, "length": 3.9976425170898438, "mode": "train", "epoch": 27}
{"loss": 0.35366079211235046, "acc": 0.8593639731407166, "length": 4.0, "mode": "test", "epoch": 27}
{"loss": 0.31764766573905945, "acc": 0.8673099875450134, "length": 3.9973368644714355, "mode": "train", "epoch": 28}
{"loss": 0.3516232967376709, "acc": 0.8609541058540344, "length": 4.0, "mode": "test", "epoch": 28}
{"loss": 0.3056787848472595, "acc": 0.8720932006835938, "length": 3.9979329109191895, "mode": "train", "epoch": 29}
{"loss": 0.34257060289382935, "acc": 0.8630741238594055, "length": 4.0, "mode": "test", "epoch": 29}
{"loss": 0.30074676871299744, "acc": 0.8724559545516968, "length": 3.9980313777923584, "mode": "train", "epoch": 30}
{"loss": 0.3202437162399292, "acc": 0.8671379685401917, "length": 4.0, "mode": "test", "epoch": 30}
{"loss": 0.29224076867103577, "acc": 0.8788297176361084, "length": 3.998061180114746, "mode": "train", "epoch": 31}
{"loss": 0.31643912196159363, "acc": 0.8664311766624451, "length": 4.0, "mode": "test", "epoch": 31}
{"loss": 0.28863057494163513, "acc": 0.8810323476791382, "length": 3.9966702461242676, "mode": "train", "epoch": 32}
{"loss": 0.30201661586761475, "acc": 0.8683745265007019, "length": 4.0, "mode": "test", "epoch": 32}
{"loss": 0.27889925241470337, "acc": 0.8856781721115112, "length": 3.998065948486328, "mode": "train", "epoch": 33}
{"loss": 0.30048978328704834, "acc": 0.8736748695373535, "length": 4.0, "mode": "test", "epoch": 33}
{"loss": 0.27594780921936035, "acc": 0.8851652145385742, "length": 3.999127149581909, "mode": "train", "epoch": 34}
{"loss": 0.296378493309021, "acc": 0.8757951259613037, "length": 4.0, "mode": "test", "epoch": 34}
{"loss": 0.2706666886806488, "acc": 0.8868109583854675, "length": 3.998812437057495, "mode": "train", "epoch": 35}
{"loss": 0.29309147596359253, "acc": 0.8754416704177856, "length": 4.0, "mode": "test", "epoch": 35}
{"loss": 0.2628849446773529, "acc": 0.889591634273529, "length": 3.999110698699951, "mode": "train", "epoch": 36}
{"loss": 0.2848615348339081, "acc": 0.8800352215766907, "length": 4.0, "mode": "test", "epoch": 36}
{"loss": 0.2629406154155731, "acc": 0.889767050743103, "length": 3.999317169189453, "mode": "train", "epoch": 37}
{"loss": 0.2724868059158325, "acc": 0.8893992900848389, "length": 4.0, "mode": "test", "epoch": 37}
{"loss": 0.2569887042045593, "acc": 0.8897032141685486, "length": 3.9986822605133057, "mode": "train", "epoch": 38}
{"loss": 0.27237164974212646, "acc": 0.8883392810821533, "length": 4.0, "mode": "test", "epoch": 38}
{"loss": 0.2526460886001587, "acc": 0.900407075881958, "length": 3.9997622966766357, "mode": "train", "epoch": 39}
{"loss": 0.25812575221061707, "acc": 0.8964664340019226, "length": 4.0, "mode": "test", "epoch": 39}
{"loss": 0.2522214651107788, "acc": 0.8997264504432678, "length": 3.998845100402832, "mode": "train", "epoch": 40}
{"loss": 0.26279109716415405, "acc": 0.8938161134719849, "length": 4.0, "mode": "test", "epoch": 40}
{"loss": 0.24398186802864075, "acc": 0.901188313961029, "length": 3.998232841491699, "mode": "train", "epoch": 41}
{"loss": 0.26448488235473633, "acc": 0.8925793766975403, "length": 4.0, "mode": "test", "epoch": 41}
{"loss": 0.23995186388492584, "acc": 0.901339590549469, "length": 3.9993019104003906, "mode": "train", "epoch": 42}
{"loss": 0.2499464601278305, "acc": 0.8977032899856567, "length": 4.0, "mode": "test", "epoch": 42}
{"loss": 0.2364083230495453, "acc": 0.905315101146698, "length": 3.9971706867218018, "mode": "train", "epoch": 43}
{"loss": 0.25104090571403503, "acc": 0.9014135599136353, "length": 4.0, "mode": "test", "epoch": 43}
{"loss": 0.23408247530460358, "acc": 0.9061051607131958, "length": 3.9989752769470215, "mode": "train", "epoch": 44}
{"loss": 0.24200193583965302, "acc": 0.8994699120521545, "length": 4.0, "mode": "test", "epoch": 44}
{"loss": 0.2369779646396637, "acc": 0.9044569730758667, "length": 3.9982473850250244, "mode": "train", "epoch": 45}
{"loss": 0.24577650427818298, "acc": 0.8984100222587585, "length": 4.0, "mode": "test", "epoch": 45}
{"loss": 0.2240283042192459, "acc": 0.9113208651542664, "length": 3.9964449405670166, "mode": "train", "epoch": 46}
{"loss": 0.24800555408000946, "acc": 0.9003533720970154, "length": 4.0, "mode": "test", "epoch": 46}
{"loss": 0.22470732033252716, "acc": 0.9088791012763977, "length": 3.998588800430298, "mode": "train", "epoch": 47}
{"loss": 0.24281927943229675, "acc": 0.9030036330223083, "length": 4.0, "mode": "test", "epoch": 47}
{"loss": 0.22588038444519043, "acc": 0.910270631313324, "length": 3.9980826377868652, "mode": "train", "epoch": 48}
{"loss": 0.24598559737205505, "acc": 0.9030036330223083, "length": 4.0, "mode": "test", "epoch": 48}
{"loss": 0.22534336149692535, "acc": 0.9137815237045288, "length": 3.999248743057251, "mode": "train", "epoch": 49}
{"loss": 0.2352333515882492, "acc": 0.9031801223754883, "length": 4.0, "mode": "test", "epoch": 49}
{"loss": 0.21802200376987457, "acc": 0.9122555255889893, "length": 3.9985859394073486, "mode": "train", "epoch": 50}
{"loss": 0.24833068251609802, "acc": 0.9008833765983582, "length": 4.0, "mode": "test", "epoch": 50}
{"loss": 0.2196272611618042, "acc": 0.9135076999664307, "length": 3.9996092319488525, "mode": "train", "epoch": 51}
{"loss": 0.23824617266654968, "acc": 0.9074205756187439, "length": 4.0, "mode": "test", "epoch": 51}
{"loss": 0.21415744721889496, "acc": 0.9140845537185669, "length": 3.998863458633423, "mode": "train", "epoch": 52}
{"loss": 0.23626631498336792, "acc": 0.9063604474067688, "length": 4.0, "mode": "test", "epoch": 52}
{"loss": 0.21264341473579407, "acc": 0.9172918796539307, "length": 3.999908447265625, "mode": "train", "epoch": 53}
{"loss": 0.23222005367279053, "acc": 0.9045937657356262, "length": 4.0, "mode": "test", "epoch": 53}
{"loss": 0.2106933295726776, "acc": 0.9168660640716553, "length": 3.9995555877685547, "mode": "train", "epoch": 54}
{"loss": 0.2188940942287445, "acc": 0.91501784324646, "length": 4.0, "mode": "test", "epoch": 54}
{"loss": 0.2027137130498886, "acc": 0.9212202429771423, "length": 3.9992146492004395, "mode": "train", "epoch": 55}
{"loss": 0.22892402112483978, "acc": 0.9093641042709351, "length": 4.0, "mode": "test", "epoch": 55}
{"loss": 0.2071901112794876, "acc": 0.9181732535362244, "length": 3.9998016357421875, "mode": "train", "epoch": 56}
{"loss": 0.2323600947856903, "acc": 0.9088338613510132, "length": 4.0, "mode": "test", "epoch": 56}
{"loss": 0.2084220051765442, "acc": 0.9221123456954956, "length": 3.9989683628082275, "mode": "train", "epoch": 57}
{"loss": 0.22397321462631226, "acc": 0.9120141267776489, "length": 4.0, "mode": "test", "epoch": 57}
{"loss": 0.20502969622612, "acc": 0.9195919632911682, "length": 3.9998440742492676, "mode": "train", "epoch": 58}
{"loss": 0.22036853432655334, "acc": 0.9120141267776489, "length": 4.0, "mode": "test", "epoch": 58}
{"loss": 0.2013934999704361, "acc": 0.9174233078956604, "length": 3.998668670654297, "mode": "train", "epoch": 59}
{"loss": 0.21230660378932953, "acc": 0.9150177240371704, "length": 4.0, "mode": "test", "epoch": 59}
{"loss": 0.20112338662147522, "acc": 0.9177988171577454, "length": 3.9989590644836426, "mode": "train", "epoch": 60}
{"loss": 0.22704657912254333, "acc": 0.9106006622314453, "length": 4.0, "mode": "test", "epoch": 60}
test accuracy: 0.7341936230659485
