# ["--attributes=5", "--values=4", "--game_size=10", "--vocab_size_factor=3", "--n_epochs=60", "--batch_size=128", "--learning_rate=0.0005", "--hidden_size=128", "--temp_update=0.99", "--temperature=1.5"]
Creating train_ds and val_ds...

Creating test_ds...
{"loss": 0.7006276249885559, "acc": 0.48939964175224304, "length": 3.5514025688171387, "mode": "train", "epoch": 1}
{"loss": 0.691577136516571, "acc": 0.5402167439460754, "length": 1.5349650382995605, "mode": "test", "epoch": 1}
{"loss": 0.693195641040802, "acc": 0.5176210403442383, "length": 3.50449538230896, "mode": "train", "epoch": 2}
{"loss": 0.6917285919189453, "acc": 0.5203726291656494, "length": 1.0419580936431885, "mode": "test", "epoch": 2}
{"loss": 0.6921632885932922, "acc": 0.5137040019035339, "length": 3.4832215309143066, "mode": "train", "epoch": 3}
{"loss": 0.6892523765563965, "acc": 0.5376584529876709, "length": 1.115384578704834, "mode": "test", "epoch": 3}
{"loss": 0.6904666423797607, "acc": 0.5211498737335205, "length": 3.4280788898468018, "mode": "train", "epoch": 4}
{"loss": 0.681372880935669, "acc": 0.5819399952888489, "length": 1.4090908765792847, "mode": "test", "epoch": 4}
{"loss": 0.6880429983139038, "acc": 0.5296489596366882, "length": 3.3809661865234375, "mode": "train", "epoch": 5}
{"loss": 0.671973705291748, "acc": 0.6368553638458252, "length": 1.9125874042510986, "mode": "test", "epoch": 5}
{"loss": 0.6812483072280884, "acc": 0.570176899433136, "length": 3.3460426330566406, "mode": "train", "epoch": 6}
{"loss": 0.6575702428817749, "acc": 0.6679158210754395, "length": 2.4790210723876953, "mode": "test", "epoch": 6}
{"loss": 0.662846565246582, "acc": 0.6464905738830566, "length": 3.342885971069336, "mode": "train", "epoch": 7}
{"loss": 0.6281827092170715, "acc": 0.6995288133621216, "length": 3.6643357276916504, "mode": "test", "epoch": 7}
{"loss": 0.6275040507316589, "acc": 0.7035325169563293, "length": 3.514923334121704, "mode": "train", "epoch": 8}
{"loss": 0.5882353782653809, "acc": 0.725874125957489, "length": 4.0, "mode": "test", "epoch": 8}
{"loss": 0.5836265087127686, "acc": 0.7211138606071472, "length": 3.7447521686553955, "mode": "train", "epoch": 9}
{"loss": 0.5636926889419556, "acc": 0.7096154093742371, "length": 4.0, "mode": "test", "epoch": 9}
{"loss": 0.5595033168792725, "acc": 0.7155948877334595, "length": 3.874619960784912, "mode": "train", "epoch": 10}
{"loss": 0.5500580072402954, "acc": 0.7325174808502197, "length": 4.0, "mode": "test", "epoch": 10}
{"loss": 0.5472792983055115, "acc": 0.7322462201118469, "length": 3.924302101135254, "mode": "train", "epoch": 11}
{"loss": 0.5278024673461914, "acc": 0.7557692527770996, "length": 4.0, "mode": "test", "epoch": 11}
{"loss": 0.5346168279647827, "acc": 0.7438474297523499, "length": 3.938114643096924, "mode": "train", "epoch": 12}
{"loss": 0.5067850351333618, "acc": 0.7461539506912231, "length": 4.0, "mode": "test", "epoch": 12}
{"loss": 0.5156697630882263, "acc": 0.7495231032371521, "length": 3.952188730239868, "mode": "train", "epoch": 13}
{"loss": 0.48336756229400635, "acc": 0.7751747369766235, "length": 4.0, "mode": "test", "epoch": 13}
{"loss": 0.4947286546230316, "acc": 0.7660810947418213, "length": 3.9653475284576416, "mode": "train", "epoch": 14}
{"loss": 0.4546439051628113, "acc": 0.8001747727394104, "length": 4.0, "mode": "test", "epoch": 14}
{"loss": 0.4707215130329132, "acc": 0.780367910861969, "length": 3.972663640975952, "mode": "train", "epoch": 15}
{"loss": 0.42446503043174744, "acc": 0.8185315728187561, "length": 4.0, "mode": "test", "epoch": 15}
{"loss": 0.4429982006549835, "acc": 0.8089215159416199, "length": 3.9812848567962646, "mode": "train", "epoch": 16}
{"loss": 0.404590368270874, "acc": 0.8363635540008545, "length": 4.0, "mode": "test", "epoch": 16}
{"loss": 0.4244229197502136, "acc": 0.8231990337371826, "length": 3.9833343029022217, "mode": "train", "epoch": 17}
{"loss": 0.39065003395080566, "acc": 0.8424823880195618, "length": 4.0, "mode": "test", "epoch": 17}
{"loss": 0.4071093797683716, "acc": 0.8229677677154541, "length": 3.9881043434143066, "mode": "train", "epoch": 18}
{"loss": 0.38936543464660645, "acc": 0.8435315489768982, "length": 4.0, "mode": "test", "epoch": 18}
{"loss": 0.39335742592811584, "acc": 0.8356198668479919, "length": 3.988248109817505, "mode": "train", "epoch": 19}
{"loss": 0.38196659088134766, "acc": 0.8424824476242065, "length": 4.0, "mode": "test", "epoch": 19}
{"loss": 0.3821355402469635, "acc": 0.8367783427238464, "length": 3.987262010574341, "mode": "train", "epoch": 20}
{"loss": 0.3833470046520233, "acc": 0.8463287949562073, "length": 4.0, "mode": "test", "epoch": 20}
{"loss": 0.3760143518447876, "acc": 0.8388252854347229, "length": 3.986387014389038, "mode": "train", "epoch": 21}
{"loss": 0.3720545172691345, "acc": 0.8459789752960205, "length": 4.0, "mode": "test", "epoch": 21}
{"loss": 0.36715903878211975, "acc": 0.8379883170127869, "length": 3.988513946533203, "mode": "train", "epoch": 22}
{"loss": 0.3720153570175171, "acc": 0.8382866978645325, "length": 4.0, "mode": "test", "epoch": 22}
{"loss": 0.36815202236175537, "acc": 0.841768741607666, "length": 3.988525152206421, "mode": "train", "epoch": 23}
{"loss": 0.3683980405330658, "acc": 0.8435315489768982, "length": 4.0, "mode": "test", "epoch": 23}
{"loss": 0.3615309000015259, "acc": 0.8434368371963501, "length": 3.9897642135620117, "mode": "train", "epoch": 24}
{"loss": 0.3647988736629486, "acc": 0.8465035557746887, "length": 4.0, "mode": "test", "epoch": 24}
{"loss": 0.3524015545845032, "acc": 0.8489206433296204, "length": 3.9858198165893555, "mode": "train", "epoch": 25}
{"loss": 0.36498206853866577, "acc": 0.8510489463806152, "length": 4.0, "mode": "test", "epoch": 25}
{"loss": 0.3498017191886902, "acc": 0.8503798246383667, "length": 3.9886279106140137, "mode": "train", "epoch": 26}
{"loss": 0.353801965713501, "acc": 0.8468532562255859, "length": 4.0, "mode": "test", "epoch": 26}
{"loss": 0.3432391583919525, "acc": 0.8537578582763672, "length": 3.9924304485321045, "mode": "train", "epoch": 27}
{"loss": 0.3509722650051117, "acc": 0.8487761616706848, "length": 4.0, "mode": "test", "epoch": 27}
{"loss": 0.33569493889808655, "acc": 0.8537517189979553, "length": 3.992093563079834, "mode": "train", "epoch": 28}
{"loss": 0.3458251357078552, "acc": 0.8531470894813538, "length": 4.0, "mode": "test", "epoch": 28}
{"loss": 0.3355863392353058, "acc": 0.8561010956764221, "length": 3.9907748699188232, "mode": "train", "epoch": 29}
{"loss": 0.3435596823692322, "acc": 0.8573427200317383, "length": 4.0, "mode": "test", "epoch": 29}
{"loss": 0.32354822754859924, "acc": 0.8602429032325745, "length": 3.9942774772644043, "mode": "train", "epoch": 30}
{"loss": 0.33213603496551514, "acc": 0.8613635301589966, "length": 4.0, "mode": "test", "epoch": 30}
{"loss": 0.3162229657173157, "acc": 0.8627804517745972, "length": 3.993651866912842, "mode": "train", "epoch": 31}
{"loss": 0.3212338387966156, "acc": 0.867132842540741, "length": 4.0, "mode": "test", "epoch": 31}
{"loss": 0.30587226152420044, "acc": 0.8687950968742371, "length": 3.991499185562134, "mode": "train", "epoch": 32}
{"loss": 0.31299078464508057, "acc": 0.865209698677063, "length": 4.0, "mode": "test", "epoch": 32}
{"loss": 0.3009780943393707, "acc": 0.8769120573997498, "length": 3.9950218200683594, "mode": "train", "epoch": 33}
{"loss": 0.3054231107234955, "acc": 0.8680071234703064, "length": 4.0, "mode": "test", "epoch": 33}
{"loss": 0.29176920652389526, "acc": 0.873965859413147, "length": 3.9959194660186768, "mode": "train", "epoch": 34}
{"loss": 0.3072910010814667, "acc": 0.8776222467422485, "length": 4.0, "mode": "test", "epoch": 34}
{"loss": 0.29254740476608276, "acc": 0.8756944537162781, "length": 3.9972739219665527, "mode": "train", "epoch": 35}
{"loss": 0.2997104823589325, "acc": 0.8818181157112122, "length": 4.0, "mode": "test", "epoch": 35}
{"loss": 0.28274959325790405, "acc": 0.8816409707069397, "length": 3.9961190223693848, "mode": "train", "epoch": 36}
{"loss": 0.27730175852775574, "acc": 0.8835664391517639, "length": 4.0, "mode": "test", "epoch": 36}
{"loss": 0.27670687437057495, "acc": 0.8837676048278809, "length": 3.9968042373657227, "mode": "train", "epoch": 37}
{"loss": 0.27227193117141724, "acc": 0.8923077583312988, "length": 4.0, "mode": "test", "epoch": 37}
{"loss": 0.26705965399742126, "acc": 0.8941976428031921, "length": 3.997391700744629, "mode": "train", "epoch": 38}
{"loss": 0.2684573531150818, "acc": 0.8968531489372253, "length": 4.0, "mode": "test", "epoch": 38}
{"loss": 0.2661730945110321, "acc": 0.8915032148361206, "length": 3.9972238540649414, "mode": "train", "epoch": 39}
{"loss": 0.26595640182495117, "acc": 0.8861886858940125, "length": 4.0, "mode": "test", "epoch": 39}
{"loss": 0.2655321955680847, "acc": 0.889684796333313, "length": 3.9964280128479004, "mode": "train", "epoch": 40}
{"loss": 0.24752961099147797, "acc": 0.9020978808403015, "length": 4.0, "mode": "test", "epoch": 40}
{"loss": 0.25662118196487427, "acc": 0.8946245312690735, "length": 3.9974608421325684, "mode": "train", "epoch": 41}
{"loss": 0.2529342770576477, "acc": 0.8947551846504211, "length": 4.0, "mode": "test", "epoch": 41}
{"loss": 0.2568139433860779, "acc": 0.8988956809043884, "length": 3.997406482696533, "mode": "train", "epoch": 42}
{"loss": 0.2368338704109192, "acc": 0.9031469225883484, "length": 4.0, "mode": "test", "epoch": 42}
{"loss": 0.25019893050193787, "acc": 0.9003397822380066, "length": 3.9978461265563965, "mode": "train", "epoch": 43}
{"loss": 0.23484811186790466, "acc": 0.9031469225883484, "length": 4.0, "mode": "test", "epoch": 43}
{"loss": 0.2469499558210373, "acc": 0.9001891613006592, "length": 3.998431921005249, "mode": "train", "epoch": 44}
{"loss": 0.24439558386802673, "acc": 0.9082167744636536, "length": 4.0, "mode": "test", "epoch": 44}
{"loss": 0.24650149047374725, "acc": 0.9003629088401794, "length": 3.998106002807617, "mode": "train", "epoch": 45}
{"loss": 0.23892420530319214, "acc": 0.9005245566368103, "length": 4.0, "mode": "test", "epoch": 45}
{"loss": 0.24434244632720947, "acc": 0.9082493782043457, "length": 3.997591257095337, "mode": "train", "epoch": 46}
{"loss": 0.23203721642494202, "acc": 0.9129369854927063, "length": 4.0, "mode": "test", "epoch": 46}
{"loss": 0.23890896141529083, "acc": 0.9086864590644836, "length": 3.9984562397003174, "mode": "train", "epoch": 47}
{"loss": 0.23270255327224731, "acc": 0.9099650382995605, "length": 4.0, "mode": "test", "epoch": 47}
{"loss": 0.2338702231645584, "acc": 0.9061045050621033, "length": 3.998016119003296, "mode": "train", "epoch": 48}
{"loss": 0.22981694340705872, "acc": 0.9152097105979919, "length": 4.0, "mode": "test", "epoch": 48}
{"loss": 0.23197898268699646, "acc": 0.9079292416572571, "length": 3.9987401962280273, "mode": "train", "epoch": 49}
{"loss": 0.22625017166137695, "acc": 0.9162588119506836, "length": 4.0, "mode": "test", "epoch": 49}
{"loss": 0.22776535153388977, "acc": 0.911040186882019, "length": 3.9990074634552, "mode": "train", "epoch": 50}
{"loss": 0.21717330813407898, "acc": 0.9125875234603882, "length": 4.0, "mode": "test", "epoch": 50}
{"loss": 0.22639235854148865, "acc": 0.9109845757484436, "length": 3.9989447593688965, "mode": "train", "epoch": 51}
{"loss": 0.2121233344078064, "acc": 0.9213285446166992, "length": 4.0, "mode": "test", "epoch": 51}
{"loss": 0.21727412939071655, "acc": 0.916776716709137, "length": 3.998823642730713, "mode": "train", "epoch": 52}
{"loss": 0.2223152220249176, "acc": 0.913461446762085, "length": 4.0, "mode": "test", "epoch": 52}
{"loss": 0.21964485943317413, "acc": 0.9161370396614075, "length": 3.9991211891174316, "mode": "train", "epoch": 53}
{"loss": 0.2237824648618698, "acc": 0.9180070757865906, "length": 4.0, "mode": "test", "epoch": 53}
{"loss": 0.21741509437561035, "acc": 0.9156568050384521, "length": 3.9990789890289307, "mode": "train", "epoch": 54}
{"loss": 0.21621277928352356, "acc": 0.9125874042510986, "length": 4.0, "mode": "test", "epoch": 54}
{"loss": 0.22040021419525146, "acc": 0.9161194562911987, "length": 3.998917579650879, "mode": "train", "epoch": 55}
{"loss": 0.2152632176876068, "acc": 0.9131119847297668, "length": 4.0, "mode": "test", "epoch": 55}
{"loss": 0.21488994359970093, "acc": 0.9159734845161438, "length": 3.9995930194854736, "mode": "train", "epoch": 56}
{"loss": 0.21362930536270142, "acc": 0.9110139608383179, "length": 4.0, "mode": "test", "epoch": 56}
{"loss": 0.21282240748405457, "acc": 0.9145615100860596, "length": 3.9995028972625732, "mode": "train", "epoch": 57}
{"loss": 0.21061673760414124, "acc": 0.9122377634048462, "length": 4.0, "mode": "test", "epoch": 57}
{"loss": 0.21024522185325623, "acc": 0.9145684838294983, "length": 3.9996447563171387, "mode": "train", "epoch": 58}
{"loss": 0.20623314380645752, "acc": 0.9171327948570251, "length": 4.0, "mode": "test", "epoch": 58}
{"loss": 0.20911456644535065, "acc": 0.9200632572174072, "length": 3.999221086502075, "mode": "train", "epoch": 59}
{"loss": 0.2016981840133667, "acc": 0.919755220413208, "length": 4.0, "mode": "test", "epoch": 59}
{"loss": 0.20229358971118927, "acc": 0.9215302467346191, "length": 3.999253273010254, "mode": "train", "epoch": 60}
{"loss": 0.2074182629585266, "acc": 0.916608452796936, "length": 4.0, "mode": "test", "epoch": 60}
test accuracy: 0.812333345413208
