# ["--attributes=5", "--values=4", "--game_size=10", "--vocab_size_factor=3", "--n_epochs=60", "--batch_size=128", "--learning_rate=0.0005", "--hidden_size=128", "--temp_update=0.99", "--temperature=2"]
Creating train_ds and val_ds...

Creating test_ds...
{"loss": 0.6950693726539612, "acc": 0.5058614015579224, "length": 3.5534164905548096, "mode": "train", "epoch": 1}
{"loss": 0.6983565092086792, "acc": 0.5023751258850098, "length": 3.7797203063964844, "mode": "test", "epoch": 1}
{"loss": 0.6941147446632385, "acc": 0.5170841813087463, "length": 3.5298402309417725, "mode": "train", "epoch": 2}
{"loss": 0.6834775805473328, "acc": 0.5793446898460388, "length": 1.7307692766189575, "mode": "test", "epoch": 2}
{"loss": 0.6922598481178284, "acc": 0.5145280957221985, "length": 3.492701292037964, "mode": "train", "epoch": 3}
{"loss": 0.6814330816268921, "acc": 0.5881223082542419, "length": 1.569930076599121, "mode": "test", "epoch": 3}
{"loss": 0.6913385987281799, "acc": 0.5199205875396729, "length": 3.465299367904663, "mode": "train", "epoch": 4}
{"loss": 0.6767092943191528, "acc": 0.5993604063987732, "length": 1.8286713361740112, "mode": "test", "epoch": 4}
{"loss": 0.6891638040542603, "acc": 0.5320513248443604, "length": 3.379621982574463, "mode": "train", "epoch": 5}
{"loss": 0.6714293956756592, "acc": 0.637471616268158, "length": 2.0979020595550537, "mode": "test", "epoch": 5}
{"loss": 0.6837629079818726, "acc": 0.5681562423706055, "length": 3.257460832595825, "mode": "train", "epoch": 6}
{"loss": 0.6639375686645508, "acc": 0.6786931753158569, "length": 2.3671329021453857, "mode": "test", "epoch": 6}
{"loss": 0.6729007959365845, "acc": 0.6465882658958435, "length": 3.2129621505737305, "mode": "train", "epoch": 7}
{"loss": 0.6427735090255737, "acc": 0.7139870524406433, "length": 3.038461446762085, "mode": "test", "epoch": 7}
{"loss": 0.6510986685752869, "acc": 0.708262026309967, "length": 3.3397011756896973, "mode": "train", "epoch": 8}
{"loss": 0.6195868849754333, "acc": 0.696938693523407, "length": 3.468531370162964, "mode": "test", "epoch": 8}
{"loss": 0.6152642965316772, "acc": 0.7392304539680481, "length": 3.4776792526245117, "mode": "train", "epoch": 9}
{"loss": 0.5840818285942078, "acc": 0.7231331467628479, "length": 3.6958041191101074, "mode": "test", "epoch": 9}
{"loss": 0.5717544555664062, "acc": 0.722304105758667, "length": 3.6057214736938477, "mode": "train", "epoch": 10}
{"loss": 0.5662224292755127, "acc": 0.722204864025116, "length": 3.807692289352417, "mode": "test", "epoch": 10}
{"loss": 0.5354627966880798, "acc": 0.7395984530448914, "length": 3.6682729721069336, "mode": "train", "epoch": 11}
{"loss": 0.539553165435791, "acc": 0.7479324340820312, "length": 3.821678400039673, "mode": "test", "epoch": 11}
{"loss": 0.49889835715293884, "acc": 0.7652698159217834, "length": 3.647348403930664, "mode": "train", "epoch": 12}
{"loss": 0.5194846391677856, "acc": 0.7578551769256592, "length": 3.762237787246704, "mode": "test", "epoch": 12}
{"loss": 0.46331900358200073, "acc": 0.795939028263092, "length": 3.658569574356079, "mode": "train", "epoch": 13}
{"loss": 0.5025607943534851, "acc": 0.7775893807411194, "length": 3.793706178665161, "mode": "test", "epoch": 13}
{"loss": 0.4258034825325012, "acc": 0.8119814395904541, "length": 3.6723873615264893, "mode": "train", "epoch": 14}
{"loss": 0.5012206435203552, "acc": 0.7895418405532837, "length": 3.7587411403656006, "mode": "test", "epoch": 14}
{"loss": 0.39595872163772583, "acc": 0.8318296074867249, "length": 3.6493825912475586, "mode": "train", "epoch": 15}
{"loss": 0.4598129987716675, "acc": 0.7999616861343384, "length": 3.7587411403656006, "mode": "test", "epoch": 15}
{"loss": 0.3671785295009613, "acc": 0.840858519077301, "length": 3.633002281188965, "mode": "train", "epoch": 16}
{"loss": 0.4410351514816284, "acc": 0.819743812084198, "length": 3.7412588596343994, "mode": "test", "epoch": 16}
{"loss": 0.3388872444629669, "acc": 0.8652019500732422, "length": 3.6223835945129395, "mode": "train", "epoch": 17}
{"loss": 0.4261002242565155, "acc": 0.8283988833427429, "length": 3.7027971744537354, "mode": "test", "epoch": 17}
{"loss": 0.31696581840515137, "acc": 0.87502121925354, "length": 3.5963144302368164, "mode": "train", "epoch": 18}
{"loss": 0.39818891882896423, "acc": 0.8437530994415283, "length": 3.716783285140991, "mode": "test", "epoch": 18}
{"loss": 0.2910729944705963, "acc": 0.8865976929664612, "length": 3.6619369983673096, "mode": "train", "epoch": 19}
{"loss": 0.39794716238975525, "acc": 0.8488467335700989, "length": 3.762237787246704, "mode": "test", "epoch": 19}
{"loss": 0.27581432461738586, "acc": 0.8922441005706787, "length": 3.6797962188720703, "mode": "train", "epoch": 20}
{"loss": 0.36835870146751404, "acc": 0.8570659756660461, "length": 3.7342658042907715, "mode": "test", "epoch": 20}
{"loss": 0.258232444524765, "acc": 0.8979459404945374, "length": 3.7159695625305176, "mode": "train", "epoch": 21}
{"loss": 0.36119362711906433, "acc": 0.8620185852050781, "length": 3.8041958808898926, "mode": "test", "epoch": 21}
{"loss": 0.24500973522663116, "acc": 0.9032545685768127, "length": 3.770862340927124, "mode": "train", "epoch": 22}
{"loss": 0.3486425578594208, "acc": 0.8663794994354248, "length": 3.8951048851013184, "mode": "test", "epoch": 22}
{"loss": 0.2396201342344284, "acc": 0.9084792137145996, "length": 3.798506498336792, "mode": "train", "epoch": 23}
{"loss": 0.35328906774520874, "acc": 0.8695985674858093, "length": 3.9335663318634033, "mode": "test", "epoch": 23}
{"loss": 0.2313154935836792, "acc": 0.9110226035118103, "length": 3.813485622406006, "mode": "train", "epoch": 24}
{"loss": 0.3295842409133911, "acc": 0.8728106021881104, "length": 3.930069923400879, "mode": "test", "epoch": 24}
{"loss": 0.22640284895896912, "acc": 0.9145935773849487, "length": 3.8090217113494873, "mode": "train", "epoch": 25}
{"loss": 0.32551854848861694, "acc": 0.8762128353118896, "length": 3.9720280170440674, "mode": "test", "epoch": 25}
{"loss": 0.21946454048156738, "acc": 0.9175353646278381, "length": 3.8686764240264893, "mode": "train", "epoch": 26}
{"loss": 0.32183924317359924, "acc": 0.872391402721405, "length": 3.9440560340881348, "mode": "test", "epoch": 26}
{"loss": 0.21175096929073334, "acc": 0.9227222204208374, "length": 3.8482232093811035, "mode": "train", "epoch": 27}
{"loss": 0.3229069113731384, "acc": 0.8751611113548279, "length": 3.9650349617004395, "mode": "test", "epoch": 27}
{"loss": 0.2102850079536438, "acc": 0.919357419013977, "length": 3.8674368858337402, "mode": "train", "epoch": 28}
{"loss": 0.3232358694076538, "acc": 0.8772138953208923, "length": 3.954545497894287, "mode": "test", "epoch": 28}
{"loss": 0.20034654438495636, "acc": 0.9246035218238831, "length": 3.870164632797241, "mode": "train", "epoch": 29}
{"loss": 0.3126336336135864, "acc": 0.874545156955719, "length": 3.9650349617004395, "mode": "test", "epoch": 29}
{"loss": 0.19184310734272003, "acc": 0.9267648458480835, "length": 3.8730225563049316, "mode": "train", "epoch": 30}
{"loss": 0.29302978515625, "acc": 0.8776196241378784, "length": 3.975524425506592, "mode": "test", "epoch": 30}
{"loss": 0.1891379952430725, "acc": 0.9287177920341492, "length": 3.8876757621765137, "mode": "train", "epoch": 31}
{"loss": 0.2895357310771942, "acc": 0.8874329924583435, "length": 3.9825174808502197, "mode": "test", "epoch": 31}
{"loss": 0.18664202094078064, "acc": 0.9334393739700317, "length": 3.8953702449798584, "mode": "train", "epoch": 32}
{"loss": 0.3001806437969208, "acc": 0.8858487010002136, "length": 3.9825174808502197, "mode": "test", "epoch": 32}
{"loss": 0.1835607886314392, "acc": 0.9326034784317017, "length": 3.9031906127929688, "mode": "train", "epoch": 33}
{"loss": 0.3018980026245117, "acc": 0.8895391225814819, "length": 3.9895105361938477, "mode": "test", "epoch": 33}
{"loss": 0.18224021792411804, "acc": 0.9354211091995239, "length": 3.9121782779693604, "mode": "train", "epoch": 34}
{"loss": 0.2940930724143982, "acc": 0.891851544380188, "length": 3.993006944656372, "mode": "test", "epoch": 34}
{"loss": 0.17186182737350464, "acc": 0.9394629001617432, "length": 3.9225552082061768, "mode": "train", "epoch": 35}
{"loss": 0.2736111581325531, "acc": 0.900094211101532, "length": 3.9965035915374756, "mode": "test", "epoch": 35}
{"loss": 0.16899295151233673, "acc": 0.9388572573661804, "length": 3.931680679321289, "mode": "train", "epoch": 36}
{"loss": 0.27921921014785767, "acc": 0.8989510536193848, "length": 4.0, "mode": "test", "epoch": 36}
{"loss": 0.17003066837787628, "acc": 0.9413014650344849, "length": 3.944391965866089, "mode": "train", "epoch": 37}
{"loss": 0.26563429832458496, "acc": 0.9019230008125305, "length": 4.0, "mode": "test", "epoch": 37}
{"loss": 0.1650555580854416, "acc": 0.9419183135032654, "length": 3.9509217739105225, "mode": "train", "epoch": 38}
{"loss": 0.2838919162750244, "acc": 0.901049017906189, "length": 4.0, "mode": "test", "epoch": 38}
{"loss": 0.1623641848564148, "acc": 0.9419806003570557, "length": 3.9530229568481445, "mode": "train", "epoch": 39}
{"loss": 0.25860223174095154, "acc": 0.9096154570579529, "length": 4.0, "mode": "test", "epoch": 39}
{"loss": 0.1619366854429245, "acc": 0.941946268081665, "length": 3.9487435817718506, "mode": "train", "epoch": 40}
{"loss": 0.24937330186367035, "acc": 0.906293511390686, "length": 4.0, "mode": "test", "epoch": 40}
{"loss": 0.1609635204076767, "acc": 0.9437422156333923, "length": 3.951744556427002, "mode": "train", "epoch": 41}
{"loss": 0.2762536406517029, "acc": 0.9005245566368103, "length": 4.0, "mode": "test", "epoch": 41}
{"loss": 0.15918190777301788, "acc": 0.943954348564148, "length": 3.9595863819122314, "mode": "train", "epoch": 42}
{"loss": 0.23935997486114502, "acc": 0.9152097702026367, "length": 4.0, "mode": "test", "epoch": 42}
{"loss": 0.1567125767469406, "acc": 0.943870484828949, "length": 3.9640328884124756, "mode": "train", "epoch": 43}
{"loss": 0.239618182182312, "acc": 0.9164334535598755, "length": 4.0, "mode": "test", "epoch": 43}
{"loss": 0.15186381340026855, "acc": 0.9470910429954529, "length": 3.9694507122039795, "mode": "train", "epoch": 44}
{"loss": 0.2420007437467575, "acc": 0.9136364459991455, "length": 4.0, "mode": "test", "epoch": 44}
{"loss": 0.1472322940826416, "acc": 0.9476526379585266, "length": 3.975186347961426, "mode": "train", "epoch": 45}
{"loss": 0.22881267964839935, "acc": 0.9185315370559692, "length": 4.0, "mode": "test", "epoch": 45}
{"loss": 0.15228672325611115, "acc": 0.9445379376411438, "length": 3.96773624420166, "mode": "train", "epoch": 46}
{"loss": 0.23750875890254974, "acc": 0.9162588119506836, "length": 4.0, "mode": "test", "epoch": 46}
{"loss": 0.14363490045070648, "acc": 0.9497907161712646, "length": 3.972418785095215, "mode": "train", "epoch": 47}
{"loss": 0.22228458523750305, "acc": 0.9173077940940857, "length": 4.0, "mode": "test", "epoch": 47}
{"loss": 0.14612124860286713, "acc": 0.9467337727546692, "length": 3.977311134338379, "mode": "train", "epoch": 48}
{"loss": 0.2162211388349533, "acc": 0.9204545617103577, "length": 4.0, "mode": "test", "epoch": 48}
{"loss": 0.1429005265235901, "acc": 0.9492922425270081, "length": 3.98134708404541, "mode": "train", "epoch": 49}
{"loss": 0.2122991532087326, "acc": 0.9213286638259888, "length": 4.0, "mode": "test", "epoch": 49}
{"loss": 0.13848374783992767, "acc": 0.9518319964408875, "length": 3.980504274368286, "mode": "train", "epoch": 50}
{"loss": 0.19843213260173798, "acc": 0.9284964799880981, "length": 4.0, "mode": "test", "epoch": 50}
{"loss": 0.13731414079666138, "acc": 0.9520314931869507, "length": 3.981156587600708, "mode": "train", "epoch": 51}
{"loss": 0.2189319133758545, "acc": 0.9243007302284241, "length": 4.0, "mode": "test", "epoch": 51}
{"loss": 0.13383646309375763, "acc": 0.9525923132896423, "length": 3.9789276123046875, "mode": "train", "epoch": 52}
{"loss": 0.2004256248474121, "acc": 0.926223874092102, "length": 4.0, "mode": "test", "epoch": 52}
{"loss": 0.13247625529766083, "acc": 0.9520375728607178, "length": 3.9835104942321777, "mode": "train", "epoch": 53}
{"loss": 0.18643099069595337, "acc": 0.934440553188324, "length": 4.0, "mode": "test", "epoch": 53}
{"loss": 0.12791293859481812, "acc": 0.9570914506912231, "length": 3.985543966293335, "mode": "train", "epoch": 54}
{"loss": 0.1921003758907318, "acc": 0.9354894757270813, "length": 4.0, "mode": "test", "epoch": 54}
{"loss": 0.12427016347646713, "acc": 0.9575069546699524, "length": 3.9858338832855225, "mode": "train", "epoch": 55}
{"loss": 0.17165884375572205, "acc": 0.9414336681365967, "length": 4.0, "mode": "test", "epoch": 55}
{"loss": 0.12752661108970642, "acc": 0.9547687768936157, "length": 3.9842944145202637, "mode": "train", "epoch": 56}
{"loss": 0.17381536960601807, "acc": 0.9417831301689148, "length": 4.0, "mode": "test", "epoch": 56}
{"loss": 0.12004823237657547, "acc": 0.9593939185142517, "length": 3.9904229640960693, "mode": "train", "epoch": 57}
{"loss": 0.17188191413879395, "acc": 0.9388113021850586, "length": 4.0, "mode": "test", "epoch": 57}
{"loss": 0.12200174480676651, "acc": 0.9589064121246338, "length": 3.991314172744751, "mode": "train", "epoch": 58}
{"loss": 0.18601946532726288, "acc": 0.9332168698310852, "length": 4.0, "mode": "test", "epoch": 58}
{"loss": 0.1190057173371315, "acc": 0.9606190323829651, "length": 3.9915544986724854, "mode": "train", "epoch": 59}
{"loss": 0.1707308292388916, "acc": 0.936188817024231, "length": 4.0, "mode": "test", "epoch": 59}
{"loss": 0.1155058741569519, "acc": 0.9600794911384583, "length": 3.989323854446411, "mode": "train", "epoch": 60}
{"loss": 0.17873358726501465, "acc": 0.9375874996185303, "length": 4.0, "mode": "test", "epoch": 60}
test accuracy: 0.860333263874054
