# ["--attributes=5", "--values=4", "--game_size=10", "--vocab_size_factor=3", "--n_epochs=60", "--batch_size=128", "--learning_rate=0.0005", "--hidden_size=256", "--temp_update=0.97", "--temperature=1"]
Creating train_ds and val_ds...

Creating test_ds...
{"loss": 0.6984948515892029, "acc": 0.5120434761047363, "length": 3.4440932273864746, "mode": "train", "epoch": 1}
{"loss": 0.6991028785705566, "acc": 0.48194441199302673, "length": 1.0, "mode": "test", "epoch": 1}
{"loss": 0.6916715502738953, "acc": 0.5396690368652344, "length": 2.9616832733154297, "mode": "train", "epoch": 2}
{"loss": 0.6963990926742554, "acc": 0.49600690603256226, "length": 1.0, "mode": "test", "epoch": 2}
{"loss": 0.6859641671180725, "acc": 0.5460079908370972, "length": 2.0867786407470703, "mode": "train", "epoch": 3}
{"loss": 0.6952453851699829, "acc": 0.4993055760860443, "length": 1.0, "mode": "test", "epoch": 3}
{"loss": 0.6655493974685669, "acc": 0.6067985892295837, "length": 2.282881498336792, "mode": "train", "epoch": 4}
{"loss": 0.6452118158340454, "acc": 0.6460503339767456, "length": 2.5451388359069824, "mode": "test", "epoch": 4}
{"loss": 0.620435893535614, "acc": 0.6785444021224976, "length": 2.971022605895996, "mode": "train", "epoch": 5}
{"loss": 0.5934717059135437, "acc": 0.7035672068595886, "length": 3.149305582046509, "mode": "test", "epoch": 5}
{"loss": 0.5627717971801758, "acc": 0.725235104560852, "length": 3.171708822250366, "mode": "train", "epoch": 6}
{"loss": 0.5543515682220459, "acc": 0.7320664525032043, "length": 3.2291667461395264, "mode": "test", "epoch": 6}
{"loss": 0.5163446068763733, "acc": 0.7556890845298767, "length": 3.055426836013794, "mode": "train", "epoch": 7}
{"loss": 0.5393539667129517, "acc": 0.7454047799110413, "length": 3.0173611640930176, "mode": "test", "epoch": 7}
{"loss": 0.49076446890830994, "acc": 0.7752344012260437, "length": 3.001206159591675, "mode": "train", "epoch": 8}
{"loss": 0.5288063287734985, "acc": 0.7597939968109131, "length": 3.0173611640930176, "mode": "test", "epoch": 8}
{"loss": 0.47255969047546387, "acc": 0.788926362991333, "length": 3.002438545227051, "mode": "train", "epoch": 9}
{"loss": 0.5073322057723999, "acc": 0.7802287340164185, "length": 2.9166667461395264, "mode": "test", "epoch": 9}
{"loss": 0.45526519417762756, "acc": 0.8008930683135986, "length": 2.9930167198181152, "mode": "train", "epoch": 10}
{"loss": 0.48327183723449707, "acc": 0.7814074158668518, "length": 2.961805582046509, "mode": "test", "epoch": 10}
{"loss": 0.44266843795776367, "acc": 0.7961855530738831, "length": 3.093369245529175, "mode": "train", "epoch": 11}
{"loss": 0.47343987226486206, "acc": 0.7989434003829956, "length": 2.9548611640930176, "mode": "test", "epoch": 11}
{"loss": 0.4273375868797302, "acc": 0.8105871677398682, "length": 3.0127615928649902, "mode": "train", "epoch": 12}
{"loss": 0.46289628744125366, "acc": 0.8036309480667114, "length": 3.0, "mode": "test", "epoch": 12}
{"loss": 0.41471439599990845, "acc": 0.8143911957740784, "length": 3.0515239238739014, "mode": "train", "epoch": 13}
{"loss": 0.4462372660636902, "acc": 0.8163641691207886, "length": 2.902777671813965, "mode": "test", "epoch": 13}
{"loss": 0.3953734040260315, "acc": 0.8297773599624634, "length": 3.0422301292419434, "mode": "train", "epoch": 14}
{"loss": 0.4292512536048889, "acc": 0.8237087726593018, "length": 2.993055582046509, "mode": "test", "epoch": 14}
{"loss": 0.3808237910270691, "acc": 0.8348992466926575, "length": 3.0019757747650146, "mode": "train", "epoch": 15}
{"loss": 0.41483891010284424, "acc": 0.8273179531097412, "length": 2.909722328186035, "mode": "test", "epoch": 15}
{"loss": 0.3702308237552643, "acc": 0.8388984799385071, "length": 2.9815361499786377, "mode": "train", "epoch": 16}
{"loss": 0.4131576716899872, "acc": 0.8309040665626526, "length": 2.8263888359069824, "mode": "test", "epoch": 16}
{"loss": 0.3616255521774292, "acc": 0.8446006774902344, "length": 2.9468331336975098, "mode": "train", "epoch": 17}
{"loss": 0.41101139783859253, "acc": 0.8334662914276123, "length": 2.8298611640930176, "mode": "test", "epoch": 17}
{"loss": 0.3533633053302765, "acc": 0.8436843156814575, "length": 2.9583323001861572, "mode": "train", "epoch": 18}
{"loss": 0.3998503088951111, "acc": 0.8325656056404114, "length": 2.8125, "mode": "test", "epoch": 18}
{"loss": 0.3470574617385864, "acc": 0.8504008650779724, "length": 2.952347993850708, "mode": "train", "epoch": 19}
{"loss": 0.38553282618522644, "acc": 0.8416653871536255, "length": 2.878472328186035, "mode": "test", "epoch": 19}
{"loss": 0.34109804034233093, "acc": 0.8577737808227539, "length": 2.9264702796936035, "mode": "train", "epoch": 20}
{"loss": 0.3729712963104248, "acc": 0.8501193523406982, "length": 2.90625, "mode": "test", "epoch": 20}
{"loss": 0.3288378119468689, "acc": 0.8626585006713867, "length": 3.015855073928833, "mode": "train", "epoch": 21}
{"loss": 0.36062324047088623, "acc": 0.8505262732505798, "length": 2.96875, "mode": "test", "epoch": 21}
{"loss": 0.32028353214263916, "acc": 0.868396520614624, "length": 2.955411672592163, "mode": "train", "epoch": 22}
{"loss": 0.3600655496120453, "acc": 0.8543036580085754, "length": 2.993055582046509, "mode": "test", "epoch": 22}
{"loss": 0.3116309642791748, "acc": 0.8694347739219666, "length": 3.0735316276550293, "mode": "train", "epoch": 23}
{"loss": 0.34864354133605957, "acc": 0.8614651560783386, "length": 2.9270832538604736, "mode": "test", "epoch": 23}
{"loss": 0.3074532449245453, "acc": 0.87188720703125, "length": 3.017139196395874, "mode": "train", "epoch": 24}
{"loss": 0.3483268618583679, "acc": 0.8548448085784912, "length": 2.934027671813965, "mode": "test", "epoch": 24}
{"loss": 0.3010704517364502, "acc": 0.8758094310760498, "length": 2.966852903366089, "mode": "train", "epoch": 25}
{"loss": 0.33625900745391846, "acc": 0.8662300109863281, "length": 2.944444417953491, "mode": "test", "epoch": 25}
{"loss": 0.2969297766685486, "acc": 0.8756011724472046, "length": 3.0593485832214355, "mode": "train", "epoch": 26}
{"loss": 0.3370358347892761, "acc": 0.8630139827728271, "length": 2.9548611640930176, "mode": "test", "epoch": 26}
{"loss": 0.2916914224624634, "acc": 0.8743921518325806, "length": 3.04093337059021, "mode": "train", "epoch": 27}
{"loss": 0.3305897116661072, "acc": 0.8617919087409973, "length": 3.027777671813965, "mode": "test", "epoch": 27}
{"loss": 0.2858145833015442, "acc": 0.8787958025932312, "length": 3.061012029647827, "mode": "train", "epoch": 28}
{"loss": 0.33995622396469116, "acc": 0.8615315556526184, "length": 2.9895832538604736, "mode": "test", "epoch": 28}
{"loss": 0.2864244878292084, "acc": 0.8782873749732971, "length": 3.070225715637207, "mode": "train", "epoch": 29}
{"loss": 0.32980698347091675, "acc": 0.8612114787101746, "length": 3.024305582046509, "mode": "test", "epoch": 29}
{"loss": 0.28150245547294617, "acc": 0.8816887140274048, "length": 3.1154983043670654, "mode": "train", "epoch": 30}
{"loss": 0.32269877195358276, "acc": 0.8614502549171448, "length": 3.027777671813965, "mode": "test", "epoch": 30}
{"loss": 0.2759951055049896, "acc": 0.8815096616744995, "length": 3.075685977935791, "mode": "train", "epoch": 31}
{"loss": 0.31900709867477417, "acc": 0.8655993342399597, "length": 2.965277671813965, "mode": "test", "epoch": 31}
{"loss": 0.2769913673400879, "acc": 0.8827016353607178, "length": 3.0371687412261963, "mode": "train", "epoch": 32}
{"loss": 0.3197857737541199, "acc": 0.8644964694976807, "length": 2.961805582046509, "mode": "test", "epoch": 32}
{"loss": 0.27264389395713806, "acc": 0.8831701874732971, "length": 3.0352845191955566, "mode": "train", "epoch": 33}
{"loss": 0.32202550768852234, "acc": 0.8653700351715088, "length": 2.9583332538604736, "mode": "test", "epoch": 33}
{"loss": 0.2676166892051697, "acc": 0.8826079368591309, "length": 3.0107765197753906, "mode": "train", "epoch": 34}
{"loss": 0.3234612047672272, "acc": 0.8703992962837219, "length": 3.038194417953491, "mode": "test", "epoch": 34}
{"loss": 0.26783114671707153, "acc": 0.8845369815826416, "length": 3.1109485626220703, "mode": "train", "epoch": 35}
{"loss": 0.31974107027053833, "acc": 0.8662300109863281, "length": 2.9236111640930176, "mode": "test", "epoch": 35}
{"loss": 0.27113741636276245, "acc": 0.8848212957382202, "length": 2.9802803993225098, "mode": "train", "epoch": 36}
{"loss": 0.3211227357387543, "acc": 0.8760579824447632, "length": 2.930555582046509, "mode": "test", "epoch": 36}
{"loss": 0.26326730847358704, "acc": 0.8894802927970886, "length": 3.046651840209961, "mode": "train", "epoch": 37}
{"loss": 0.3173743188381195, "acc": 0.8701157569885254, "length": 2.965277671813965, "mode": "test", "epoch": 37}
{"loss": 0.2587169110774994, "acc": 0.8911950588226318, "length": 3.0488502979278564, "mode": "train", "epoch": 38}
{"loss": 0.314883828163147, "acc": 0.8721503019332886, "length": 2.902777671813965, "mode": "test", "epoch": 38}
{"loss": 0.2582417130470276, "acc": 0.8935595154762268, "length": 3.0177834033966064, "mode": "train", "epoch": 39}
{"loss": 0.30841901898384094, "acc": 0.8760267496109009, "length": 2.972222328186035, "mode": "test", "epoch": 39}
{"loss": 0.24758535623550415, "acc": 0.8958176374435425, "length": 3.0854547023773193, "mode": "train", "epoch": 40}
{"loss": 0.2979261875152588, "acc": 0.8791653513908386, "length": 3.006944417953491, "mode": "test", "epoch": 40}
{"loss": 0.2434287965297699, "acc": 0.8976714015007019, "length": 3.113652229309082, "mode": "train", "epoch": 41}
{"loss": 0.30619847774505615, "acc": 0.8769869804382324, "length": 3.0, "mode": "test", "epoch": 41}
{"loss": 0.2444480061531067, "acc": 0.8960585594177246, "length": 3.0819497108459473, "mode": "train", "epoch": 42}
{"loss": 0.29354313015937805, "acc": 0.8784126043319702, "length": 3.090277671813965, "mode": "test", "epoch": 42}
{"loss": 0.2389145791530609, "acc": 0.8981837034225464, "length": 3.1779236793518066, "mode": "train", "epoch": 43}
{"loss": 0.2969484031200409, "acc": 0.8841539621353149, "length": 3.027777671813965, "mode": "test", "epoch": 43}
{"loss": 0.23569466173648834, "acc": 0.901303768157959, "length": 3.123788595199585, "mode": "train", "epoch": 44}
{"loss": 0.30018723011016846, "acc": 0.8830783367156982, "length": 2.972222328186035, "mode": "test", "epoch": 44}
{"loss": 0.22706755995750427, "acc": 0.9074147939682007, "length": 3.1579041481018066, "mode": "train", "epoch": 45}
{"loss": 0.3066891133785248, "acc": 0.8843681812286377, "length": 3.1458332538604736, "mode": "test", "epoch": 45}
{"loss": 0.22648994624614716, "acc": 0.9084758758544922, "length": 3.2244882583618164, "mode": "train", "epoch": 46}
{"loss": 0.27911853790283203, "acc": 0.8870294094085693, "length": 3.038194417953491, "mode": "test", "epoch": 46}
{"loss": 0.21488960087299347, "acc": 0.9134880304336548, "length": 3.1940255165100098, "mode": "train", "epoch": 47}
{"loss": 0.2738134562969208, "acc": 0.8955200910568237, "length": 3.118055582046509, "mode": "test", "epoch": 47}
{"loss": 0.21426980197429657, "acc": 0.9123647809028625, "length": 3.2225005626678467, "mode": "train", "epoch": 48}
{"loss": 0.28241240978240967, "acc": 0.8881198167800903, "length": 3.118055582046509, "mode": "test", "epoch": 48}
{"loss": 0.21302591264247894, "acc": 0.9126530885696411, "length": 3.289215326309204, "mode": "train", "epoch": 49}
{"loss": 0.2830812633037567, "acc": 0.8864840269088745, "length": 3.274305582046509, "mode": "test", "epoch": 49}
{"loss": 0.2126753032207489, "acc": 0.9118922352790833, "length": 3.31982421875, "mode": "train", "epoch": 50}
{"loss": 0.27079150080680847, "acc": 0.887194812297821, "length": 3.1145832538604736, "mode": "test", "epoch": 50}
{"loss": 0.20471781492233276, "acc": 0.9162692427635193, "length": 3.265929698944092, "mode": "train", "epoch": 51}
{"loss": 0.26025962829589844, "acc": 0.8976169228553772, "length": 3.128472328186035, "mode": "test", "epoch": 51}
{"loss": 0.20241864025592804, "acc": 0.9141692519187927, "length": 3.2860312461853027, "mode": "train", "epoch": 52}
{"loss": 0.25924938917160034, "acc": 0.8955714702606201, "length": 3.121527671813965, "mode": "test", "epoch": 52}
{"loss": 0.20297297835350037, "acc": 0.9147863388061523, "length": 3.3247764110565186, "mode": "train", "epoch": 53}
{"loss": 0.2571706771850586, "acc": 0.9056031107902527, "length": 3.246527671813965, "mode": "test", "epoch": 53}
{"loss": 0.20041194558143616, "acc": 0.9187895655632019, "length": 3.3328559398651123, "mode": "train", "epoch": 54}
{"loss": 0.2535941004753113, "acc": 0.8966076970100403, "length": 3.100694417953491, "mode": "test", "epoch": 54}
{"loss": 0.20075193047523499, "acc": 0.9187813997268677, "length": 3.2952942848205566, "mode": "train", "epoch": 55}
{"loss": 0.2637636959552765, "acc": 0.9023776650428772, "length": 3.1979167461395264, "mode": "test", "epoch": 55}
{"loss": 0.19611422717571259, "acc": 0.9236230254173279, "length": 3.3217034339904785, "mode": "train", "epoch": 56}
{"loss": 0.2544795274734497, "acc": 0.9034790396690369, "length": 3.2083332538604736, "mode": "test", "epoch": 56}
{"loss": 0.19477660953998566, "acc": 0.9230581521987915, "length": 3.3562560081481934, "mode": "train", "epoch": 57}
{"loss": 0.2626992464065552, "acc": 0.8963974714279175, "length": 3.2326388359069824, "mode": "test", "epoch": 57}
{"loss": 0.19528120756149292, "acc": 0.9198541641235352, "length": 3.323253870010376, "mode": "train", "epoch": 58}
{"loss": 0.26461538672447205, "acc": 0.8991169333457947, "length": 3.1666667461395264, "mode": "test", "epoch": 58}
{"loss": 0.18459436297416687, "acc": 0.9259522557258606, "length": 3.3430747985839844, "mode": "train", "epoch": 59}
{"loss": 0.2647492289543152, "acc": 0.8954914808273315, "length": 3.163194417953491, "mode": "test", "epoch": 59}
{"loss": 0.18909713625907898, "acc": 0.9239116907119751, "length": 3.3164031505584717, "mode": "train", "epoch": 60}
{"loss": 0.27097901701927185, "acc": 0.8872097730636597, "length": 3.225694417953491, "mode": "test", "epoch": 60}
test accuracy: 0.7460322380065918
