# ["--attributes=3", "--values=4", "--game_size=10", "--vocab_size_factor=3", "--n_epochs=60", "--batch_size=32", "--learning_rate=0.0005", "--hidden_size=128", "--temp_update=0.97", "--temperature=2"]
Creating train_ds and val_ds...

Creating test_ds...
{"loss": 0.6963856816291809, "acc": 0.49421271681785583, "length": 3.513773202896118, "mode": "train", "epoch": 1}
{"loss": 0.6845612525939941, "acc": 0.5709934830665588, "length": 1.3513513803482056, "mode": "test", "epoch": 1}
{"loss": 0.6851270794868469, "acc": 0.5625903010368347, "length": 3.2438652515411377, "mode": "train", "epoch": 2}
{"loss": 0.6458923816680908, "acc": 0.6675886511802673, "length": 3.0675675868988037, "mode": "test", "epoch": 2}
{"loss": 0.6112416386604309, "acc": 0.6916307210922241, "length": 3.552929162979126, "mode": "train", "epoch": 3}
{"loss": 0.5678000450134277, "acc": 0.7035473585128784, "length": 4.0, "mode": "test", "epoch": 3}
{"loss": 0.5454010367393494, "acc": 0.7088175415992737, "length": 3.871993064880371, "mode": "train", "epoch": 4}
{"loss": 0.5455272793769836, "acc": 0.7222973704338074, "length": 4.0, "mode": "test", "epoch": 4}
{"loss": 0.4974324107170105, "acc": 0.7774785161018372, "length": 3.91085147857666, "mode": "train", "epoch": 5}
{"loss": 0.49345922470092773, "acc": 0.7684121131896973, "length": 4.0, "mode": "test", "epoch": 5}
{"loss": 0.4432639479637146, "acc": 0.8118943572044373, "length": 3.9496028423309326, "mode": "train", "epoch": 6}
{"loss": 0.44525033235549927, "acc": 0.8086149096488953, "length": 4.0, "mode": "test", "epoch": 6}
{"loss": 0.4266260266304016, "acc": 0.8098801374435425, "length": 3.9679384231567383, "mode": "train", "epoch": 7}
{"loss": 0.4572323262691498, "acc": 0.8155405521392822, "length": 4.0, "mode": "test", "epoch": 7}
{"loss": 0.4128299653530121, "acc": 0.8135828375816345, "length": 3.9760172367095947, "mode": "train", "epoch": 8}
{"loss": 0.46429234743118286, "acc": 0.8184121251106262, "length": 4.0, "mode": "test", "epoch": 8}
{"loss": 0.39099642634391785, "acc": 0.8169308304786682, "length": 3.976250410079956, "mode": "train", "epoch": 9}
{"loss": 0.4440405070781708, "acc": 0.8273649215698242, "length": 4.0, "mode": "test", "epoch": 9}
{"loss": 0.3557983338832855, "acc": 0.8469308018684387, "length": 3.981109857559204, "mode": "train", "epoch": 10}
{"loss": 0.41532817482948303, "acc": 0.8329392671585083, "length": 4.0, "mode": "test", "epoch": 10}
{"loss": 0.3297058343887329, "acc": 0.8584722280502319, "length": 3.982585906982422, "mode": "train", "epoch": 11}
{"loss": 0.39693036675453186, "acc": 0.8430744409561157, "length": 4.0, "mode": "test", "epoch": 11}
{"loss": 0.3085748553276062, "acc": 0.8734933137893677, "length": 3.9859869480133057, "mode": "train", "epoch": 12}
{"loss": 0.38103601336479187, "acc": 0.8557433485984802, "length": 4.0, "mode": "test", "epoch": 12}
{"loss": 0.2913249433040619, "acc": 0.8805983066558838, "length": 3.986699342727661, "mode": "train", "epoch": 13}
{"loss": 0.3421402871608734, "acc": 0.8645270466804504, "length": 4.0, "mode": "test", "epoch": 13}
{"loss": 0.27760758996009827, "acc": 0.8911880850791931, "length": 3.991407632827759, "mode": "train", "epoch": 14}
{"loss": 0.33533817529678345, "acc": 0.8687499761581421, "length": 4.0, "mode": "test", "epoch": 14}
{"loss": 0.2721951901912689, "acc": 0.8910570740699768, "length": 3.99265718460083, "mode": "train", "epoch": 15}
{"loss": 0.3162609040737152, "acc": 0.8668920993804932, "length": 4.0, "mode": "test", "epoch": 15}
{"loss": 0.2650149166584015, "acc": 0.8931021094322205, "length": 3.9947993755340576, "mode": "train", "epoch": 16}
{"loss": 0.3138647973537445, "acc": 0.8793919682502747, "length": 4.0, "mode": "test", "epoch": 16}
{"loss": 0.258354514837265, "acc": 0.8950990438461304, "length": 3.996765375137329, "mode": "train", "epoch": 17}
{"loss": 0.3048785626888275, "acc": 0.8802365660667419, "length": 4.0, "mode": "test", "epoch": 17}
{"loss": 0.2502085566520691, "acc": 0.9000781178474426, "length": 3.9975461959838867, "mode": "train", "epoch": 18}
{"loss": 0.2868427634239197, "acc": 0.8824323415756226, "length": 4.0, "mode": "test", "epoch": 18}
{"loss": 0.24746596813201904, "acc": 0.9025658369064331, "length": 3.997494697570801, "mode": "train", "epoch": 19}
{"loss": 0.29236677289009094, "acc": 0.8814190030097961, "length": 4.0, "mode": "test", "epoch": 19}
{"loss": 0.240338996052742, "acc": 0.9015615582466125, "length": 3.9959349632263184, "mode": "train", "epoch": 20}
{"loss": 0.2697678208351135, "acc": 0.8891891241073608, "length": 4.0, "mode": "test", "epoch": 20}
{"loss": 0.23875392973423004, "acc": 0.9009708166122437, "length": 3.9976909160614014, "mode": "train", "epoch": 21}
{"loss": 0.2766319215297699, "acc": 0.8874999284744263, "length": 4.0, "mode": "test", "epoch": 21}
{"loss": 0.23341307044029236, "acc": 0.9061855673789978, "length": 3.9977002143859863, "mode": "train", "epoch": 22}
{"loss": 0.2627945840358734, "acc": 0.883952796459198, "length": 4.0, "mode": "test", "epoch": 22}
{"loss": 0.2320447564125061, "acc": 0.9038291573524475, "length": 3.998807668685913, "mode": "train", "epoch": 23}
{"loss": 0.25895628333091736, "acc": 0.8930743336677551, "length": 4.0, "mode": "test", "epoch": 23}
{"loss": 0.22062712907791138, "acc": 0.9097691774368286, "length": 3.998985528945923, "mode": "train", "epoch": 24}
{"loss": 0.24873538315296173, "acc": 0.8954392671585083, "length": 4.0, "mode": "test", "epoch": 24}
{"loss": 0.2180730402469635, "acc": 0.9138709306716919, "length": 3.9979631900787354, "mode": "train", "epoch": 25}
{"loss": 0.24587754905223846, "acc": 0.8959459066390991, "length": 4.0, "mode": "test", "epoch": 25}
{"loss": 0.21120648086071014, "acc": 0.9172983169555664, "length": 3.99937105178833, "mode": "train", "epoch": 26}
{"loss": 0.24704162776470184, "acc": 0.8998312950134277, "length": 4.0, "mode": "test", "epoch": 26}
{"loss": 0.21419759094715118, "acc": 0.9126625657081604, "length": 3.9994235038757324, "mode": "train", "epoch": 27}
{"loss": 0.23981840908527374, "acc": 0.9005067944526672, "length": 4.0, "mode": "test", "epoch": 27}
{"loss": 0.20795327425003052, "acc": 0.9154828786849976, "length": 3.999218702316284, "mode": "train", "epoch": 28}
{"loss": 0.2475709170103073, "acc": 0.8947635293006897, "length": 4.0, "mode": "test", "epoch": 28}
{"loss": 0.20205160975456238, "acc": 0.9180954694747925, "length": 3.999677896499634, "mode": "train", "epoch": 29}
{"loss": 0.23662713170051575, "acc": 0.9006757140159607, "length": 4.0, "mode": "test", "epoch": 29}
{"loss": 0.19947196543216705, "acc": 0.9204100370407104, "length": 3.9992942810058594, "mode": "train", "epoch": 30}
{"loss": 0.22312645614147186, "acc": 0.9111486077308655, "length": 4.0, "mode": "test", "epoch": 30}
{"loss": 0.1934460550546646, "acc": 0.92465740442276, "length": 3.9997942447662354, "mode": "train", "epoch": 31}
{"loss": 0.21711032092571259, "acc": 0.9172297120094299, "length": 4.0, "mode": "test", "epoch": 31}
{"loss": 0.18607093393802643, "acc": 0.9263971447944641, "length": 3.9989750385284424, "mode": "train", "epoch": 32}
{"loss": 0.19953562319278717, "acc": 0.9234797358512878, "length": 4.0, "mode": "test", "epoch": 32}
{"loss": 0.17949186265468597, "acc": 0.927284836769104, "length": 3.9974448680877686, "mode": "train", "epoch": 33}
{"loss": 0.18993525207042694, "acc": 0.9287161827087402, "length": 4.0, "mode": "test", "epoch": 33}
{"loss": 0.17214535176753998, "acc": 0.932217538356781, "length": 3.998960018157959, "mode": "train", "epoch": 34}
{"loss": 0.18673062324523926, "acc": 0.925844669342041, "length": 4.0, "mode": "test", "epoch": 34}
{"loss": 0.16728463768959045, "acc": 0.9343850016593933, "length": 3.9998443126678467, "mode": "train", "epoch": 35}
{"loss": 0.1781066656112671, "acc": 0.9332770109176636, "length": 4.0, "mode": "test", "epoch": 35}
{"loss": 0.1664734184741974, "acc": 0.9337088465690613, "length": 3.999894857406616, "mode": "train", "epoch": 36}
{"loss": 0.18862362205982208, "acc": 0.9324324131011963, "length": 4.0, "mode": "test", "epoch": 36}
{"loss": 0.15411868691444397, "acc": 0.9370391964912415, "length": 3.9997129440307617, "mode": "train", "epoch": 37}
{"loss": 0.18340937793254852, "acc": 0.9282094836235046, "length": 4.0, "mode": "test", "epoch": 37}
{"loss": 0.15416176617145538, "acc": 0.9379914402961731, "length": 3.9988667964935303, "mode": "train", "epoch": 38}
{"loss": 0.16410160064697266, "acc": 0.9373310208320618, "length": 4.0, "mode": "test", "epoch": 38}
{"loss": 0.154199481010437, "acc": 0.9410622119903564, "length": 3.9998624324798584, "mode": "train", "epoch": 39}
{"loss": 0.17936114966869354, "acc": 0.9295608997344971, "length": 4.0, "mode": "test", "epoch": 39}
{"loss": 0.1387561559677124, "acc": 0.945700466632843, "length": 3.9999232292175293, "mode": "train", "epoch": 40}
{"loss": 0.16208820044994354, "acc": 0.9427365660667419, "length": 4.0, "mode": "test", "epoch": 40}
{"loss": 0.13479606807231903, "acc": 0.9462640881538391, "length": 3.999955892562866, "mode": "train", "epoch": 41}
{"loss": 0.15531952679157257, "acc": 0.9442567825317383, "length": 4.0, "mode": "test", "epoch": 41}
{"loss": 0.1315152496099472, "acc": 0.9485868811607361, "length": 3.9994685649871826, "mode": "train", "epoch": 42}
{"loss": 0.15943433344364166, "acc": 0.9454391002655029, "length": 4.0, "mode": "test", "epoch": 42}
{"loss": 0.1301480233669281, "acc": 0.9489245414733887, "length": 3.999906539916992, "mode": "train", "epoch": 43}
{"loss": 0.15194883942604065, "acc": 0.9462839961051941, "length": 4.0, "mode": "test", "epoch": 43}
{"loss": 0.13299435377120972, "acc": 0.9490383267402649, "length": 3.9999771118164062, "mode": "train", "epoch": 44}
{"loss": 0.14274917542934418, "acc": 0.9451013803482056, "length": 4.0, "mode": "test", "epoch": 44}
{"loss": 0.12674586474895477, "acc": 0.9538989067077637, "length": 3.999908924102783, "mode": "train", "epoch": 45}
{"loss": 0.16301336884498596, "acc": 0.942229688167572, "length": 4.0, "mode": "test", "epoch": 45}
{"loss": 0.13377226889133453, "acc": 0.9480756521224976, "length": 3.999948024749756, "mode": "train", "epoch": 46}
{"loss": 0.1490546464920044, "acc": 0.9440878033638, "length": 4.0, "mode": "test", "epoch": 46}
{"loss": 0.11602675914764404, "acc": 0.9535616636276245, "length": 3.9999403953552246, "mode": "train", "epoch": 47}
{"loss": 0.14918051660060883, "acc": 0.9413852095603943, "length": 4.0, "mode": "test", "epoch": 47}
{"loss": 0.11264190077781677, "acc": 0.9532803297042847, "length": 3.9999794960021973, "mode": "train", "epoch": 48}
{"loss": 0.14269690215587616, "acc": 0.9442566633224487, "length": 4.0, "mode": "test", "epoch": 48}
{"loss": 0.10446149855852127, "acc": 0.9565044641494751, "length": 3.9999756813049316, "mode": "train", "epoch": 49}
{"loss": 0.14055511355400085, "acc": 0.9474661350250244, "length": 4.0, "mode": "test", "epoch": 49}
{"loss": 0.10059498250484467, "acc": 0.9568996429443359, "length": 3.9999585151672363, "mode": "train", "epoch": 50}
{"loss": 0.13280636072158813, "acc": 0.9440878033638, "length": 4.0, "mode": "test", "epoch": 50}
{"loss": 0.10840845853090286, "acc": 0.9562780857086182, "length": 3.9999966621398926, "mode": "train", "epoch": 51}
{"loss": 0.13770346343517303, "acc": 0.9456079006195068, "length": 4.0, "mode": "test", "epoch": 51}
{"loss": 0.11171853542327881, "acc": 0.9534491896629333, "length": 3.9999351501464844, "mode": "train", "epoch": 52}
{"loss": 0.1416957974433899, "acc": 0.9445946216583252, "length": 4.0, "mode": "test", "epoch": 52}
{"loss": 0.10631399601697922, "acc": 0.9538459777832031, "length": 3.999988317489624, "mode": "train", "epoch": 53}
{"loss": 0.1276562511920929, "acc": 0.9447634816169739, "length": 4.0, "mode": "test", "epoch": 53}
{"loss": 0.0952766016125679, "acc": 0.9569568037986755, "length": 3.9999899864196777, "mode": "train", "epoch": 54}
{"loss": 0.14096787571907043, "acc": 0.9478040933609009, "length": 4.0, "mode": "test", "epoch": 54}
{"loss": 0.10004877299070358, "acc": 0.9572961926460266, "length": 3.9999897480010986, "mode": "train", "epoch": 55}
{"loss": 0.13460004329681396, "acc": 0.9518581032752991, "length": 4.0, "mode": "test", "epoch": 55}
{"loss": 0.09622789919376373, "acc": 0.9588235020637512, "length": 4.0, "mode": "train", "epoch": 56}
{"loss": 0.13818016648292542, "acc": 0.9488176107406616, "length": 4.0, "mode": "test", "epoch": 56}
{"loss": 0.10205798596143723, "acc": 0.9559207558631897, "length": 3.999314069747925, "mode": "train", "epoch": 57}
{"loss": 0.13979998230934143, "acc": 0.942905604839325, "length": 4.0, "mode": "test", "epoch": 57}
{"loss": 0.09758485108613968, "acc": 0.9570687413215637, "length": 3.9999842643737793, "mode": "train", "epoch": 58}
{"loss": 0.13120758533477783, "acc": 0.9494932889938354, "length": 4.0, "mode": "test", "epoch": 58}
{"loss": 0.09588031470775604, "acc": 0.9592704772949219, "length": 3.99985408782959, "mode": "train", "epoch": 59}
{"loss": 0.1140359565615654, "acc": 0.9542229175567627, "length": 4.0, "mode": "test", "epoch": 59}
{"loss": 0.09088324755430222, "acc": 0.9592770934104919, "length": 3.9998607635498047, "mode": "train", "epoch": 60}
{"loss": 0.11532340198755264, "acc": 0.9501689076423645, "length": 4.0, "mode": "test", "epoch": 60}
test accuracy: 0.8078846335411072
