# ["--attributes=3", "--values=4", "--game_size=10", "--vocab_size_factor=3", "--n_epochs=60", "--batch_size=32", "--learning_rate=0.001", "--hidden_size=256", "--temp_update=0.97", "--temperature=2"]
Creating train_ds and val_ds...

Creating test_ds...
{"loss": 0.7077034115791321, "acc": 0.5008051991462708, "length": 1.94292414188385, "mode": "train", "epoch": 1}
{"loss": 0.6913697123527527, "acc": 0.5281569957733154, "length": 1.0, "mode": "test", "epoch": 1}
{"loss": 0.6954189538955688, "acc": 0.5243820548057556, "length": 1.0219346284866333, "mode": "train", "epoch": 2}
{"loss": 0.6855601072311401, "acc": 0.5534129738807678, "length": 1.0, "mode": "test", "epoch": 2}
{"loss": 0.6900738477706909, "acc": 0.5249917507171631, "length": 1.1631187200546265, "mode": "train", "epoch": 3}
{"loss": 0.6323179602622986, "acc": 0.6793451905250549, "length": 2.3515357971191406, "mode": "test", "epoch": 3}
{"loss": 0.5909682512283325, "acc": 0.6893064379692078, "length": 2.4226179122924805, "mode": "train", "epoch": 4}
{"loss": 0.6166453957557678, "acc": 0.6932359337806702, "length": 2.5153584480285645, "mode": "test", "epoch": 4}
{"loss": 0.5712599158287048, "acc": 0.6997596025466919, "length": 2.4183883666992188, "mode": "train", "epoch": 5}
{"loss": 0.577791154384613, "acc": 0.7184301018714905, "length": 2.3310580253601074, "mode": "test", "epoch": 5}
{"loss": 0.5434296131134033, "acc": 0.7257453203201294, "length": 2.7076659202575684, "mode": "train", "epoch": 6}
{"loss": 0.5246214270591736, "acc": 0.7694731950759888, "length": 3.0682594776153564, "mode": "test", "epoch": 6}
{"loss": 0.47521644830703735, "acc": 0.7778009176254272, "length": 3.184950351715088, "mode": "train", "epoch": 7}
{"loss": 0.47160598635673523, "acc": 0.8041062355041504, "length": 3.1501705646514893, "mode": "test", "epoch": 7}
{"loss": 0.41625910997390747, "acc": 0.8219333291053772, "length": 3.199737310409546, "mode": "train", "epoch": 8}
{"loss": 0.4274615943431854, "acc": 0.8220680356025696, "length": 3.0989761352539062, "mode": "test", "epoch": 8}
{"loss": 0.371975839138031, "acc": 0.8467298746109009, "length": 3.233534574508667, "mode": "train", "epoch": 9}
{"loss": 0.4015844762325287, "acc": 0.843808650970459, "length": 3.416382312774658, "mode": "test", "epoch": 9}
{"loss": 0.33154866099357605, "acc": 0.864295244216919, "length": 3.314521551132202, "mode": "train", "epoch": 10}
{"loss": 0.34826669096946716, "acc": 0.865283727645874, "length": 3.109215021133423, "mode": "test", "epoch": 10}
{"loss": 0.29632270336151123, "acc": 0.8764157295227051, "length": 3.3072102069854736, "mode": "train", "epoch": 11}
{"loss": 0.30804675817489624, "acc": 0.8783202767372131, "length": 3.160409450531006, "mode": "test", "epoch": 11}
{"loss": 0.28073883056640625, "acc": 0.8819875121116638, "length": 3.401266574859619, "mode": "train", "epoch": 12}
{"loss": 0.32669419050216675, "acc": 0.8664932250976562, "length": 3.262798547744751, "mode": "test", "epoch": 12}
{"loss": 0.27524533867836, "acc": 0.8878192901611328, "length": 3.4155218601226807, "mode": "train", "epoch": 13}
{"loss": 0.33666759729385376, "acc": 0.8814046382904053, "length": 3.5665528774261475, "mode": "test", "epoch": 13}
{"loss": 0.2639961838722229, "acc": 0.8940669298171997, "length": 3.6109228134155273, "mode": "train", "epoch": 14}
{"loss": 0.265006959438324, "acc": 0.8990986943244934, "length": 3.979522228240967, "mode": "test", "epoch": 14}
{"loss": 0.24085351824760437, "acc": 0.9023904204368591, "length": 3.873126745223999, "mode": "train", "epoch": 15}
{"loss": 0.26505807042121887, "acc": 0.902047872543335, "length": 3.9897611141204834, "mode": "test", "epoch": 15}
{"loss": 0.25344809889793396, "acc": 0.8935898542404175, "length": 3.93996000289917, "mode": "train", "epoch": 16}
{"loss": 0.2590833604335785, "acc": 0.8969283103942871, "length": 4.0, "mode": "test", "epoch": 16}
{"loss": 0.23406681418418884, "acc": 0.9022490382194519, "length": 3.950345754623413, "mode": "train", "epoch": 17}
{"loss": 0.23556466400623322, "acc": 0.9141638278961182, "length": 4.0, "mode": "test", "epoch": 17}
{"loss": 0.21782031655311584, "acc": 0.905407190322876, "length": 3.9792873859405518, "mode": "train", "epoch": 18}
{"loss": 0.22617697715759277, "acc": 0.9112628102302551, "length": 4.0, "mode": "test", "epoch": 18}
{"loss": 0.21395818889141083, "acc": 0.9131450057029724, "length": 3.9852330684661865, "mode": "train", "epoch": 19}
{"loss": 0.25997671484947205, "acc": 0.8970990180969238, "length": 4.0, "mode": "test", "epoch": 19}
{"loss": 0.20993217825889587, "acc": 0.9100954532623291, "length": 3.990668535232544, "mode": "train", "epoch": 20}
{"loss": 0.23345474898815155, "acc": 0.9071673154830933, "length": 4.0, "mode": "test", "epoch": 20}
{"loss": 0.20587261021137238, "acc": 0.9089056253433228, "length": 3.9952101707458496, "mode": "train", "epoch": 21}
{"loss": 0.21637192368507385, "acc": 0.9143344759941101, "length": 4.0, "mode": "test", "epoch": 21}
{"loss": 0.20395471155643463, "acc": 0.9144906997680664, "length": 3.9960007667541504, "mode": "train", "epoch": 22}
{"loss": 0.2586778402328491, "acc": 0.9083616733551025, "length": 4.0, "mode": "test", "epoch": 22}
{"loss": 0.1994529366493225, "acc": 0.9143271446228027, "length": 3.9964988231658936, "mode": "train", "epoch": 23}
{"loss": 0.20608901977539062, "acc": 0.9182594418525696, "length": 4.0, "mode": "test", "epoch": 23}
{"loss": 0.19064970314502716, "acc": 0.9196540713310242, "length": 3.9956603050231934, "mode": "train", "epoch": 24}
{"loss": 0.18667815625667572, "acc": 0.9240614175796509, "length": 4.0, "mode": "test", "epoch": 24}
{"loss": 0.18765994906425476, "acc": 0.9171940088272095, "length": 3.9988629817962646, "mode": "train", "epoch": 25}
{"loss": 0.20245786011219025, "acc": 0.9191125631332397, "length": 4.0, "mode": "test", "epoch": 25}
{"loss": 0.18183089792728424, "acc": 0.9269503355026245, "length": 3.999028444290161, "mode": "train", "epoch": 26}
{"loss": 0.20136673748493195, "acc": 0.9213311076164246, "length": 4.0, "mode": "test", "epoch": 26}
{"loss": 0.18691378831863403, "acc": 0.9190793037414551, "length": 3.9986367225646973, "mode": "train", "epoch": 27}
{"loss": 0.1976526826620102, "acc": 0.9194539189338684, "length": 4.0, "mode": "test", "epoch": 27}
{"loss": 0.17808064818382263, "acc": 0.9246760010719299, "length": 3.999429941177368, "mode": "train", "epoch": 28}
{"loss": 0.17054998874664307, "acc": 0.9291808605194092, "length": 4.0, "mode": "test", "epoch": 28}
{"loss": 0.17002293467521667, "acc": 0.9324794411659241, "length": 3.9989421367645264, "mode": "train", "epoch": 29}
{"loss": 0.18536977469921112, "acc": 0.9279864430427551, "length": 4.0, "mode": "test", "epoch": 29}
{"loss": 0.15416686236858368, "acc": 0.941460132598877, "length": 3.998317241668701, "mode": "train", "epoch": 30}
{"loss": 0.1726546287536621, "acc": 0.9385665655136108, "length": 4.0, "mode": "test", "epoch": 30}
{"loss": 0.15258197486400604, "acc": 0.9409898519515991, "length": 3.999903917312622, "mode": "train", "epoch": 31}
{"loss": 0.20073433220386505, "acc": 0.9209896922111511, "length": 4.0, "mode": "test", "epoch": 31}
{"loss": 0.13648200035095215, "acc": 0.949198305606842, "length": 3.999897003173828, "mode": "train", "epoch": 32}
{"loss": 0.16628064215183258, "acc": 0.9416382312774658, "length": 4.0, "mode": "test", "epoch": 32}
{"loss": 0.15036128461360931, "acc": 0.9439547061920166, "length": 3.9998724460601807, "mode": "train", "epoch": 33}
{"loss": 0.16868428885936737, "acc": 0.9409555792808533, "length": 4.0, "mode": "test", "epoch": 33}
{"loss": 0.12693798542022705, "acc": 0.952558696269989, "length": 3.9998254776000977, "mode": "train", "epoch": 34}
{"loss": 0.17249958217144012, "acc": 0.9343003630638123, "length": 4.0, "mode": "test", "epoch": 34}
{"loss": 0.12078089267015457, "acc": 0.9556972980499268, "length": 3.9998698234558105, "mode": "train", "epoch": 35}
{"loss": 0.15887391567230225, "acc": 0.9423208236694336, "length": 4.0, "mode": "test", "epoch": 35}
{"loss": 0.12006206810474396, "acc": 0.9559833407402039, "length": 3.9999148845672607, "mode": "train", "epoch": 36}
{"loss": 0.17360106110572815, "acc": 0.9372012615203857, "length": 4.0, "mode": "test", "epoch": 36}
{"loss": 0.13326574862003326, "acc": 0.9487913846969604, "length": 3.9996798038482666, "mode": "train", "epoch": 37}
{"loss": 0.15256242454051971, "acc": 0.9443686604499817, "length": 4.0, "mode": "test", "epoch": 37}
{"loss": 0.12147984653711319, "acc": 0.9527343511581421, "length": 3.9999032020568848, "mode": "train", "epoch": 38}
{"loss": 0.1417897641658783, "acc": 0.9489761590957642, "length": 4.0, "mode": "test", "epoch": 38}
{"loss": 0.11273888498544693, "acc": 0.9572945833206177, "length": 3.9999163150787354, "mode": "train", "epoch": 39}
{"loss": 0.14406514167785645, "acc": 0.9394198060035706, "length": 4.0, "mode": "test", "epoch": 39}
{"loss": 0.10553627461194992, "acc": 0.9602041244506836, "length": 3.9999682903289795, "mode": "train", "epoch": 40}
{"loss": 0.1378859430551529, "acc": 0.9479520916938782, "length": 4.0, "mode": "test", "epoch": 40}
{"loss": 0.10247567296028137, "acc": 0.9600332975387573, "length": 3.999976634979248, "mode": "train", "epoch": 41}
{"loss": 0.1299472600221634, "acc": 0.9573378562927246, "length": 4.0, "mode": "test", "epoch": 41}
{"loss": 0.10578098148107529, "acc": 0.961914598941803, "length": 3.999969005584717, "mode": "train", "epoch": 42}
{"loss": 0.15677495300769806, "acc": 0.9436858892440796, "length": 4.0, "mode": "test", "epoch": 42}
{"loss": 0.11753781139850616, "acc": 0.9543871283531189, "length": 3.9997196197509766, "mode": "train", "epoch": 43}
{"loss": 0.17385201156139374, "acc": 0.9372013807296753, "length": 4.0, "mode": "test", "epoch": 43}
{"loss": 0.13419464230537415, "acc": 0.9552122354507446, "length": 3.9989616870880127, "mode": "train", "epoch": 44}
{"loss": 0.16662561893463135, "acc": 0.9508532881736755, "length": 4.0, "mode": "test", "epoch": 44}
{"loss": 0.11291397362947464, "acc": 0.959007740020752, "length": 3.99999737739563, "mode": "train", "epoch": 45}
{"loss": 0.20061640441417694, "acc": 0.9469282627105713, "length": 4.0, "mode": "test", "epoch": 45}
{"loss": 0.0988898053765297, "acc": 0.9664117097854614, "length": 3.999859094619751, "mode": "train", "epoch": 46}
{"loss": 0.14241118729114532, "acc": 0.962116003036499, "length": 4.0, "mode": "test", "epoch": 46}
{"loss": 0.086956687271595, "acc": 0.9692695736885071, "length": 3.9999887943267822, "mode": "train", "epoch": 47}
{"loss": 0.1506415605545044, "acc": 0.9539248943328857, "length": 4.0, "mode": "test", "epoch": 47}
{"loss": 0.08970325440168381, "acc": 0.9675590395927429, "length": 3.9998555183410645, "mode": "train", "epoch": 48}
{"loss": 0.1450890153646469, "acc": 0.9539248943328857, "length": 4.0, "mode": "test", "epoch": 48}
{"loss": 0.12194062769412994, "acc": 0.9572766423225403, "length": 3.9995782375335693, "mode": "train", "epoch": 49}
{"loss": 0.1424744576215744, "acc": 0.9515358805656433, "length": 4.0, "mode": "test", "epoch": 49}
{"loss": 0.10638519376516342, "acc": 0.9590330123901367, "length": 3.998375654220581, "mode": "train", "epoch": 50}
{"loss": 0.13550034165382385, "acc": 0.9496585726737976, "length": 4.0, "mode": "test", "epoch": 50}
{"loss": 0.12143836170434952, "acc": 0.9510262608528137, "length": 3.999995470046997, "mode": "train", "epoch": 51}
{"loss": 0.120142363011837, "acc": 0.956143319606781, "length": 4.0, "mode": "test", "epoch": 51}
{"loss": 0.09660296887159348, "acc": 0.9619145393371582, "length": 3.999950408935547, "mode": "train", "epoch": 52}
{"loss": 0.09736299514770508, "acc": 0.9619455337524414, "length": 4.0, "mode": "test", "epoch": 52}
{"loss": 0.08126185834407806, "acc": 0.9708095192909241, "length": 3.999999523162842, "mode": "train", "epoch": 53}
{"loss": 0.10413875430822372, "acc": 0.9587030410766602, "length": 4.0, "mode": "test", "epoch": 53}
{"loss": 0.07623221725225449, "acc": 0.9718925952911377, "length": 3.99999737739563, "mode": "train", "epoch": 54}
{"loss": 0.09715983271598816, "acc": 0.961604118347168, "length": 4.0, "mode": "test", "epoch": 54}
{"loss": 0.07080279290676117, "acc": 0.973314642906189, "length": 3.9997222423553467, "mode": "train", "epoch": 55}
{"loss": 0.0968099907040596, "acc": 0.9600683450698853, "length": 4.0, "mode": "test", "epoch": 55}
{"loss": 0.07053519785404205, "acc": 0.9713795185089111, "length": 3.999998092651367, "mode": "train", "epoch": 56}
{"loss": 0.11338113993406296, "acc": 0.9634813070297241, "length": 4.0, "mode": "test", "epoch": 56}
{"loss": 0.09105941653251648, "acc": 0.9694956541061401, "length": 3.999924659729004, "mode": "train", "epoch": 57}
{"loss": 0.10282279551029205, "acc": 0.9576792120933533, "length": 4.0, "mode": "test", "epoch": 57}
{"loss": 0.06632508337497711, "acc": 0.9744119048118591, "length": 3.9988574981689453, "mode": "train", "epoch": 58}
{"loss": 0.10210000723600388, "acc": 0.9658703207969666, "length": 4.0, "mode": "test", "epoch": 58}
{"loss": 0.06270599365234375, "acc": 0.976167619228363, "length": 3.9999442100524902, "mode": "train", "epoch": 59}
{"loss": 0.09727629274129868, "acc": 0.9684300422668457, "length": 4.0, "mode": "test", "epoch": 59}
{"loss": 0.07026489824056625, "acc": 0.9759407639503479, "length": 4.0, "mode": "train", "epoch": 60}
{"loss": 0.10868656635284424, "acc": 0.9617748260498047, "length": 4.0, "mode": "test", "epoch": 60}
test accuracy: 0.7877779006958008
