# ["--attributes=5", "--values=4", "--game_size=10", "--vocab_size_factor=3", "--n_epochs=60", "--batch_size=128", "--learning_rate=0.0005", "--hidden_size=256", "--temp_update=0.99", "--temperature=1.5"]
Creating train_ds and val_ds...

Creating test_ds...
{"loss": 0.6984891295433044, "acc": 0.5156405568122864, "length": 3.4831337928771973, "mode": "train", "epoch": 1}
{"loss": 0.6935981512069702, "acc": 0.5121994018554688, "length": 1.0, "mode": "test", "epoch": 1}
{"loss": 0.6929709315299988, "acc": 0.5307216048240662, "length": 3.3070833683013916, "mode": "train", "epoch": 2}
{"loss": 0.6915973424911499, "acc": 0.531615138053894, "length": 1.0, "mode": "test", "epoch": 2}
{"loss": 0.6864186525344849, "acc": 0.5392864346504211, "length": 3.072326898574829, "mode": "train", "epoch": 3}
{"loss": 0.6854331493377686, "acc": 0.5387685894966125, "length": 1.2542955875396729, "mode": "test", "epoch": 3}
{"loss": 0.6723573207855225, "acc": 0.6210983991622925, "length": 2.945737600326538, "mode": "train", "epoch": 4}
{"loss": 0.643987774848938, "acc": 0.6670810580253601, "length": 2.374570369720459, "mode": "test", "epoch": 4}
{"loss": 0.6290692090988159, "acc": 0.680625855922699, "length": 3.2405993938446045, "mode": "train", "epoch": 5}
{"loss": 0.5710002779960632, "acc": 0.7324649095535278, "length": 3.9072165489196777, "mode": "test", "epoch": 5}
{"loss": 0.5622503161430359, "acc": 0.7308283448219299, "length": 3.6089460849761963, "mode": "train", "epoch": 6}
{"loss": 0.5116108655929565, "acc": 0.7731959223747253, "length": 4.0, "mode": "test", "epoch": 6}
{"loss": 0.4945281147956848, "acc": 0.7765961289405823, "length": 3.850079298019409, "mode": "train", "epoch": 7}
{"loss": 0.454230397939682, "acc": 0.8024054169654846, "length": 4.0, "mode": "test", "epoch": 7}
{"loss": 0.43524590134620667, "acc": 0.8157483339309692, "length": 3.9347848892211914, "mode": "train", "epoch": 8}
{"loss": 0.4179318845272064, "acc": 0.82560133934021, "length": 4.0, "mode": "test", "epoch": 8}
{"loss": 0.39216840267181396, "acc": 0.8387131690979004, "length": 3.9633333683013916, "mode": "train", "epoch": 9}
{"loss": 0.396496057510376, "acc": 0.8438144326210022, "length": 4.0, "mode": "test", "epoch": 9}
{"loss": 0.3557169735431671, "acc": 0.8540605306625366, "length": 3.9742987155914307, "mode": "train", "epoch": 10}
{"loss": 0.3776344954967499, "acc": 0.84845370054245, "length": 4.0, "mode": "test", "epoch": 10}
{"loss": 0.32461968064308167, "acc": 0.867786169052124, "length": 3.9757065773010254, "mode": "train", "epoch": 11}
{"loss": 0.3594409227371216, "acc": 0.8493126630783081, "length": 4.0, "mode": "test", "epoch": 11}
{"loss": 0.30540308356285095, "acc": 0.8813571333885193, "length": 3.98113751411438, "mode": "train", "epoch": 12}
{"loss": 0.3539920747280121, "acc": 0.8603092432022095, "length": 4.0, "mode": "test", "epoch": 12}
{"loss": 0.2934935688972473, "acc": 0.8887796401977539, "length": 3.986421585083008, "mode": "train", "epoch": 13}
{"loss": 0.36350128054618835, "acc": 0.8499999046325684, "length": 4.0, "mode": "test", "epoch": 13}
{"loss": 0.28268665075302124, "acc": 0.8909269571304321, "length": 3.987980842590332, "mode": "train", "epoch": 14}
{"loss": 0.34367531538009644, "acc": 0.8709622621536255, "length": 4.0, "mode": "test", "epoch": 14}
{"loss": 0.26556551456451416, "acc": 0.9009033441543579, "length": 3.9897572994232178, "mode": "train", "epoch": 15}
{"loss": 0.33292028307914734, "acc": 0.8819587230682373, "length": 4.0, "mode": "test", "epoch": 15}
{"loss": 0.2569669485092163, "acc": 0.906053900718689, "length": 3.9902989864349365, "mode": "train", "epoch": 16}
{"loss": 0.3098657727241516, "acc": 0.8826460838317871, "length": 4.0, "mode": "test", "epoch": 16}
{"loss": 0.24881452322006226, "acc": 0.9086279273033142, "length": 3.993028402328491, "mode": "train", "epoch": 17}
{"loss": 0.29348206520080566, "acc": 0.897938072681427, "length": 4.0, "mode": "test", "epoch": 17}
{"loss": 0.2448461800813675, "acc": 0.9145946502685547, "length": 3.9919369220733643, "mode": "train", "epoch": 18}
{"loss": 0.26729151606559753, "acc": 0.905498206615448, "length": 4.0, "mode": "test", "epoch": 18}
{"loss": 0.23560938239097595, "acc": 0.9203267097473145, "length": 3.9945778846740723, "mode": "train", "epoch": 19}
{"loss": 0.2667340040206909, "acc": 0.9108245968818665, "length": 4.0, "mode": "test", "epoch": 19}
{"loss": 0.22111240029335022, "acc": 0.9240795969963074, "length": 3.995151996612549, "mode": "train", "epoch": 20}
{"loss": 0.27241969108581543, "acc": 0.9073883891105652, "length": 4.0, "mode": "test", "epoch": 20}
{"loss": 0.21766826510429382, "acc": 0.927030622959137, "length": 3.9953420162200928, "mode": "train", "epoch": 21}
{"loss": 0.25131237506866455, "acc": 0.9154638051986694, "length": 4.0, "mode": "test", "epoch": 21}
{"loss": 0.21681766211986542, "acc": 0.929057776927948, "length": 3.9963138103485107, "mode": "train", "epoch": 22}
{"loss": 0.25510358810424805, "acc": 0.916838526725769, "length": 4.0, "mode": "test", "epoch": 22}
{"loss": 0.2092002034187317, "acc": 0.9281277060508728, "length": 3.9951112270355225, "mode": "train", "epoch": 23}
{"loss": 0.24132172763347626, "acc": 0.9207903146743774, "length": 4.0, "mode": "test", "epoch": 23}
{"loss": 0.21009664237499237, "acc": 0.9279331564903259, "length": 3.9969747066497803, "mode": "train", "epoch": 24}
{"loss": 0.2386348843574524, "acc": 0.9214776158332825, "length": 4.0, "mode": "test", "epoch": 24}
{"loss": 0.20991912484169006, "acc": 0.9265525937080383, "length": 3.9975221157073975, "mode": "train", "epoch": 25}
{"loss": 0.23517923057079315, "acc": 0.9243987202644348, "length": 4.0, "mode": "test", "epoch": 25}
{"loss": 0.2067500501871109, "acc": 0.9331297278404236, "length": 3.997568130493164, "mode": "train", "epoch": 26}
{"loss": 0.22603502869606018, "acc": 0.9142612218856812, "length": 4.0, "mode": "test", "epoch": 26}
{"loss": 0.20378904044628143, "acc": 0.9310599565505981, "length": 3.9978909492492676, "mode": "train", "epoch": 27}
{"loss": 0.21957795321941376, "acc": 0.9331614971160889, "length": 4.0, "mode": "test", "epoch": 27}
{"loss": 0.20175625383853912, "acc": 0.9323179721832275, "length": 3.9980154037475586, "mode": "train", "epoch": 28}
{"loss": 0.22041872143745422, "acc": 0.9283505082130432, "length": 4.0, "mode": "test", "epoch": 28}
{"loss": 0.19809065759181976, "acc": 0.9316826462745667, "length": 3.9974770545959473, "mode": "train", "epoch": 29}
{"loss": 0.21438133716583252, "acc": 0.92920982837677, "length": 4.0, "mode": "test", "epoch": 29}
{"loss": 0.19452956318855286, "acc": 0.9338350296020508, "length": 3.998209238052368, "mode": "train", "epoch": 30}
{"loss": 0.21247033774852753, "acc": 0.9293814897537231, "length": 4.0, "mode": "test", "epoch": 30}
{"loss": 0.19262810051441193, "acc": 0.9333476424217224, "length": 3.996929168701172, "mode": "train", "epoch": 31}
{"loss": 0.2089090347290039, "acc": 0.9326461553573608, "length": 4.0, "mode": "test", "epoch": 31}
{"loss": 0.19447831809520721, "acc": 0.9347619414329529, "length": 3.9978883266448975, "mode": "train", "epoch": 32}
{"loss": 0.22637401521205902, "acc": 0.9202749729156494, "length": 4.0, "mode": "test", "epoch": 32}
{"loss": 0.19253745675086975, "acc": 0.9345324635505676, "length": 3.998840808868408, "mode": "train", "epoch": 33}
{"loss": 0.2047058641910553, "acc": 0.9297250509262085, "length": 4.0, "mode": "test", "epoch": 33}
{"loss": 0.1922968178987503, "acc": 0.9310267567634583, "length": 3.998642683029175, "mode": "train", "epoch": 34}
{"loss": 0.21046313643455505, "acc": 0.9300686120986938, "length": 4.0, "mode": "test", "epoch": 34}
{"loss": 0.1880335509777069, "acc": 0.9353852868080139, "length": 3.9984800815582275, "mode": "train", "epoch": 35}
{"loss": 0.21412178874015808, "acc": 0.9290376901626587, "length": 4.0, "mode": "test", "epoch": 35}
{"loss": 0.18665438890457153, "acc": 0.9336889982223511, "length": 3.999091386795044, "mode": "train", "epoch": 36}
{"loss": 0.1920889914035797, "acc": 0.9280067086219788, "length": 4.0, "mode": "test", "epoch": 36}
{"loss": 0.18413695693016052, "acc": 0.9355847835540771, "length": 3.9990971088409424, "mode": "train", "epoch": 37}
{"loss": 0.1966170370578766, "acc": 0.932989776134491, "length": 4.0, "mode": "test", "epoch": 37}
{"loss": 0.18254461884498596, "acc": 0.9358677864074707, "length": 3.999171018600464, "mode": "train", "epoch": 38}
{"loss": 0.2042674720287323, "acc": 0.9273195862770081, "length": 4.0, "mode": "test", "epoch": 38}
{"loss": 0.17305880784988403, "acc": 0.9408260583877563, "length": 3.999171018600464, "mode": "train", "epoch": 39}
{"loss": 0.19319555163383484, "acc": 0.931271493434906, "length": 4.0, "mode": "test", "epoch": 39}
{"loss": 0.17048774659633636, "acc": 0.939902663230896, "length": 3.9993200302124023, "mode": "train", "epoch": 40}
{"loss": 0.2015022486448288, "acc": 0.9240549802780151, "length": 4.0, "mode": "test", "epoch": 40}
{"loss": 0.16651590168476105, "acc": 0.9430643320083618, "length": 3.999387502670288, "mode": "train", "epoch": 41}
{"loss": 0.19423024356365204, "acc": 0.9283506274223328, "length": 4.0, "mode": "test", "epoch": 41}
{"loss": 0.16328930854797363, "acc": 0.9435892701148987, "length": 3.999403476715088, "mode": "train", "epoch": 42}
{"loss": 0.19526629149913788, "acc": 0.9295532703399658, "length": 4.0, "mode": "test", "epoch": 42}
{"loss": 0.164921373128891, "acc": 0.941864550113678, "length": 3.999394178390503, "mode": "train", "epoch": 43}
{"loss": 0.1909172236919403, "acc": 0.9307559132575989, "length": 4.0, "mode": "test", "epoch": 43}
{"loss": 0.16065548360347748, "acc": 0.9445644617080688, "length": 3.9992899894714355, "mode": "train", "epoch": 44}
{"loss": 0.18936589360237122, "acc": 0.9295532703399658, "length": 4.0, "mode": "test", "epoch": 44}
{"loss": 0.16167838871479034, "acc": 0.9426761269569397, "length": 3.999587297439575, "mode": "train", "epoch": 45}
{"loss": 0.18440012633800507, "acc": 0.931786835193634, "length": 4.0, "mode": "test", "epoch": 45}
{"loss": 0.15962283313274384, "acc": 0.9449649453163147, "length": 3.999459981918335, "mode": "train", "epoch": 46}
{"loss": 0.19161638617515564, "acc": 0.929725170135498, "length": 4.0, "mode": "test", "epoch": 46}
{"loss": 0.1586834192276001, "acc": 0.9418854117393494, "length": 3.9983181953430176, "mode": "train", "epoch": 47}
{"loss": 0.1943436712026596, "acc": 0.9331615567207336, "length": 4.0, "mode": "test", "epoch": 47}
{"loss": 0.15941983461380005, "acc": 0.942223072052002, "length": 3.9996824264526367, "mode": "train", "epoch": 48}
{"loss": 0.1894887387752533, "acc": 0.932817816734314, "length": 4.0, "mode": "test", "epoch": 48}
{"loss": 0.1575283408164978, "acc": 0.9454408884048462, "length": 3.9996323585510254, "mode": "train", "epoch": 49}
{"loss": 0.20009200274944305, "acc": 0.9300687313079834, "length": 4.0, "mode": "test", "epoch": 49}
{"loss": 0.16424046456813812, "acc": 0.9426705241203308, "length": 3.999272108078003, "mode": "train", "epoch": 50}
{"loss": 0.17451786994934082, "acc": 0.9372852444648743, "length": 4.0, "mode": "test", "epoch": 50}
{"loss": 0.15014389157295227, "acc": 0.9446866512298584, "length": 3.999424695968628, "mode": "train", "epoch": 51}
{"loss": 0.18164503574371338, "acc": 0.935051441192627, "length": 4.0, "mode": "test", "epoch": 51}
{"loss": 0.1490628570318222, "acc": 0.9493466019630432, "length": 3.9996581077575684, "mode": "train", "epoch": 52}
{"loss": 0.19531965255737305, "acc": 0.9319586753845215, "length": 4.0, "mode": "test", "epoch": 52}
{"loss": 0.1463119238615036, "acc": 0.9507389664649963, "length": 3.999768018722534, "mode": "train", "epoch": 53}
{"loss": 0.17811493575572968, "acc": 0.938144326210022, "length": 4.0, "mode": "test", "epoch": 53}
{"loss": 0.14574365317821503, "acc": 0.9480347037315369, "length": 3.9996955394744873, "mode": "train", "epoch": 54}
{"loss": 0.18565356731414795, "acc": 0.9374570846557617, "length": 4.0, "mode": "test", "epoch": 54}
{"loss": 0.14508162438869476, "acc": 0.9492451548576355, "length": 3.999854564666748, "mode": "train", "epoch": 55}
{"loss": 0.18504348397254944, "acc": 0.9355670213699341, "length": 4.0, "mode": "test", "epoch": 55}
{"loss": 0.15090179443359375, "acc": 0.9464268684387207, "length": 3.9997284412384033, "mode": "train", "epoch": 56}
{"loss": 0.17298614978790283, "acc": 0.9383162260055542, "length": 4.0, "mode": "test", "epoch": 56}
{"loss": 0.1457795798778534, "acc": 0.9494160413742065, "length": 3.9998278617858887, "mode": "train", "epoch": 57}
{"loss": 0.19345062971115112, "acc": 0.9292095899581909, "length": 4.0, "mode": "test", "epoch": 57}
{"loss": 0.14489208161830902, "acc": 0.9483252167701721, "length": 3.9998912811279297, "mode": "train", "epoch": 58}
{"loss": 0.17038306593894958, "acc": 0.935395359992981, "length": 4.0, "mode": "test", "epoch": 58}
{"loss": 0.13755686581134796, "acc": 0.9517810344696045, "length": 3.9999423027038574, "mode": "train", "epoch": 59}
{"loss": 0.177035853266716, "acc": 0.9407215714454651, "length": 4.0, "mode": "test", "epoch": 59}
{"loss": 0.13356612622737885, "acc": 0.9513151049613953, "length": 3.9998855590820312, "mode": "train", "epoch": 60}
{"loss": 0.16762256622314453, "acc": 0.9390033483505249, "length": 4.0, "mode": "test", "epoch": 60}
test accuracy: 0.7449999451637268
