# ["--attributes=5", "--values=4", "--game_size=10", "--vocab_size_factor=3", "--n_epochs=60", "--batch_size=128", "--learning_rate=0.001", "--hidden_size=128", "--temp_update=0.97", "--temperature=1.5"]
Creating train_ds and val_ds...

Creating test_ds...
{"loss": 0.696763277053833, "acc": 0.5139141082763672, "length": 3.5145668983459473, "mode": "train", "epoch": 1}
{"loss": 0.6864207983016968, "acc": 0.540346086025238, "length": 1.1115107536315918, "mode": "test", "epoch": 1}
{"loss": 0.690362274646759, "acc": 0.5440641045570374, "length": 3.448704242706299, "mode": "train", "epoch": 2}
{"loss": 0.6788288950920105, "acc": 0.5620194673538208, "length": 1.737410068511963, "mode": "test", "epoch": 2}
{"loss": 0.6839855909347534, "acc": 0.546432375907898, "length": 3.299415349960327, "mode": "train", "epoch": 3}
{"loss": 0.6698392629623413, "acc": 0.6150426864624023, "length": 2.1330935955047607, "mode": "test", "epoch": 3}
{"loss": 0.6648223996162415, "acc": 0.6365565061569214, "length": 3.1553802490234375, "mode": "train", "epoch": 4}
{"loss": 0.6368179321289062, "acc": 0.6781196594238281, "length": 3.1510791778564453, "mode": "test", "epoch": 4}
{"loss": 0.6213340759277344, "acc": 0.699378252029419, "length": 3.424923896789551, "mode": "train", "epoch": 5}
{"loss": 0.5836842656135559, "acc": 0.7141408324241638, "length": 3.9028778076171875, "mode": "test", "epoch": 5}
{"loss": 0.5708516836166382, "acc": 0.7206516265869141, "length": 3.7016007900238037, "mode": "train", "epoch": 6}
{"loss": 0.5428075790405273, "acc": 0.7332147359848022, "length": 3.9460432529449463, "mode": "test", "epoch": 6}
{"loss": 0.5275251269340515, "acc": 0.7372885346412659, "length": 3.759878635406494, "mode": "train", "epoch": 7}
{"loss": 0.4847153127193451, "acc": 0.8026766777038574, "length": 3.8381295204162598, "mode": "test", "epoch": 7}
{"loss": 0.4838378429412842, "acc": 0.7810202836990356, "length": 3.6974525451660156, "mode": "train", "epoch": 8}
{"loss": 0.4552159309387207, "acc": 0.7996358275413513, "length": 3.9064748287200928, "mode": "test", "epoch": 8}
{"loss": 0.45932117104530334, "acc": 0.7936366200447083, "length": 3.7722227573394775, "mode": "train", "epoch": 9}
{"loss": 0.443620890378952, "acc": 0.8005395531654358, "length": 4.0, "mode": "test", "epoch": 9}
{"loss": 0.4451521039009094, "acc": 0.7961330413818359, "length": 3.9014570713043213, "mode": "train", "epoch": 10}
{"loss": 0.4285581707954407, "acc": 0.8199640512466431, "length": 4.0, "mode": "test", "epoch": 10}
{"loss": 0.4336252510547638, "acc": 0.804283857345581, "length": 3.9389290809631348, "mode": "train", "epoch": 11}
{"loss": 0.4199451804161072, "acc": 0.816007137298584, "length": 4.0, "mode": "test", "epoch": 11}
{"loss": 0.4168674349784851, "acc": 0.8147292733192444, "length": 3.9456570148468018, "mode": "train", "epoch": 12}
{"loss": 0.4014650583267212, "acc": 0.8285971283912659, "length": 4.0, "mode": "test", "epoch": 12}
{"loss": 0.41452983021736145, "acc": 0.816160261631012, "length": 3.962798833847046, "mode": "train", "epoch": 13}
{"loss": 0.39060327410697937, "acc": 0.8336330056190491, "length": 4.0, "mode": "test", "epoch": 13}
{"loss": 0.4014774262905121, "acc": 0.821355938911438, "length": 3.9752397537231445, "mode": "train", "epoch": 14}
{"loss": 0.37995898723602295, "acc": 0.8404676914215088, "length": 4.0, "mode": "test", "epoch": 14}
{"loss": 0.39218080043792725, "acc": 0.8298823237419128, "length": 3.985557794570923, "mode": "train", "epoch": 15}
{"loss": 0.3697524070739746, "acc": 0.8338128328323364, "length": 4.0, "mode": "test", "epoch": 15}
{"loss": 0.38152438402175903, "acc": 0.829110860824585, "length": 3.988041877746582, "mode": "train", "epoch": 16}
{"loss": 0.3625941872596741, "acc": 0.8365107178688049, "length": 4.0, "mode": "test", "epoch": 16}
{"loss": 0.373928040266037, "acc": 0.829783022403717, "length": 3.99291729927063, "mode": "train", "epoch": 17}
{"loss": 0.3450811803340912, "acc": 0.8451440334320068, "length": 4.0, "mode": "test", "epoch": 17}
{"loss": 0.3750329315662384, "acc": 0.832433819770813, "length": 3.9920666217803955, "mode": "train", "epoch": 18}
{"loss": 0.3359946608543396, "acc": 0.8429856300354004, "length": 4.0, "mode": "test", "epoch": 18}
{"loss": 0.3618870675563812, "acc": 0.837022066116333, "length": 3.992807149887085, "mode": "train", "epoch": 19}
{"loss": 0.33112141489982605, "acc": 0.8510790467262268, "length": 4.0, "mode": "test", "epoch": 19}
{"loss": 0.35243913531303406, "acc": 0.8410018086433411, "length": 3.9947996139526367, "mode": "train", "epoch": 20}
{"loss": 0.317028284072876, "acc": 0.8584532141685486, "length": 4.0, "mode": "test", "epoch": 20}
{"loss": 0.3374437987804413, "acc": 0.8489871621131897, "length": 3.9941301345825195, "mode": "train", "epoch": 21}
{"loss": 0.3084624707698822, "acc": 0.8595324158668518, "length": 4.0, "mode": "test", "epoch": 21}
{"loss": 0.33644992113113403, "acc": 0.8476122617721558, "length": 3.9943368434906006, "mode": "train", "epoch": 22}
{"loss": 0.2930223345756531, "acc": 0.8647481799125671, "length": 4.0, "mode": "test", "epoch": 22}
{"loss": 0.32673394680023193, "acc": 0.8455314636230469, "length": 3.995528221130371, "mode": "train", "epoch": 23}
{"loss": 0.29880180954933167, "acc": 0.8622301816940308, "length": 4.0, "mode": "test", "epoch": 23}
{"loss": 0.31883421540260315, "acc": 0.8577198386192322, "length": 3.9962263107299805, "mode": "train", "epoch": 24}
{"loss": 0.2861264944076538, "acc": 0.8642086386680603, "length": 4.0, "mode": "test", "epoch": 24}
{"loss": 0.30846187472343445, "acc": 0.8598489165306091, "length": 3.9990789890289307, "mode": "train", "epoch": 25}
{"loss": 0.2778438627719879, "acc": 0.8794963359832764, "length": 4.0, "mode": "test", "epoch": 25}
{"loss": 0.2968984544277191, "acc": 0.8713814616203308, "length": 3.99894118309021, "mode": "train", "epoch": 26}
{"loss": 0.2694703936576843, "acc": 0.8764389753341675, "length": 4.0, "mode": "test", "epoch": 26}
{"loss": 0.2901037335395813, "acc": 0.8728670477867126, "length": 3.997904062271118, "mode": "train", "epoch": 27}
{"loss": 0.27978944778442383, "acc": 0.8749997019767761, "length": 4.0, "mode": "test", "epoch": 27}
{"loss": 0.2813352346420288, "acc": 0.876772940158844, "length": 3.9964022636413574, "mode": "train", "epoch": 28}
{"loss": 0.2517063617706299, "acc": 0.8892084956169128, "length": 4.0, "mode": "test", "epoch": 28}
{"loss": 0.27591681480407715, "acc": 0.8772621154785156, "length": 3.9984219074249268, "mode": "train", "epoch": 29}
{"loss": 0.2586544156074524, "acc": 0.8861510157585144, "length": 4.0, "mode": "test", "epoch": 29}
{"loss": 0.2688809633255005, "acc": 0.8825474381446838, "length": 3.998413562774658, "mode": "train", "epoch": 30}
{"loss": 0.2523009181022644, "acc": 0.8913667798042297, "length": 4.0, "mode": "test", "epoch": 30}
{"loss": 0.26436445116996765, "acc": 0.8895397186279297, "length": 3.9996495246887207, "mode": "train", "epoch": 31}
{"loss": 0.2436542510986328, "acc": 0.8947842121124268, "length": 4.0, "mode": "test", "epoch": 31}
{"loss": 0.2528602182865143, "acc": 0.8924811482429504, "length": 3.998945713043213, "mode": "train", "epoch": 32}
{"loss": 0.2418404072523117, "acc": 0.8985612988471985, "length": 4.0, "mode": "test", "epoch": 32}
{"loss": 0.2446102648973465, "acc": 0.900111734867096, "length": 3.9993629455566406, "mode": "train", "epoch": 33}
{"loss": 0.22264665365219116, "acc": 0.9012590050697327, "length": 4.0, "mode": "test", "epoch": 33}
{"loss": 0.23044520616531372, "acc": 0.9059759974479675, "length": 3.997140645980835, "mode": "train", "epoch": 34}
{"loss": 0.22632023692131042, "acc": 0.9010791778564453, "length": 4.0, "mode": "test", "epoch": 34}
{"loss": 0.23027272522449493, "acc": 0.9024471044540405, "length": 3.9989659786224365, "mode": "train", "epoch": 35}
{"loss": 0.21652422845363617, "acc": 0.9005395770072937, "length": 4.0, "mode": "test", "epoch": 35}
{"loss": 0.2113032191991806, "acc": 0.9084033370018005, "length": 3.99948787689209, "mode": "train", "epoch": 36}
{"loss": 0.21410709619522095, "acc": 0.8969424366950989, "length": 4.0, "mode": "test", "epoch": 36}
{"loss": 0.22396889328956604, "acc": 0.9063685536384583, "length": 3.9998791217803955, "mode": "train", "epoch": 37}
{"loss": 0.23434564471244812, "acc": 0.8962230682373047, "length": 4.0, "mode": "test", "epoch": 37}
{"loss": 0.22473783791065216, "acc": 0.905580461025238, "length": 3.9992101192474365, "mode": "train", "epoch": 38}
{"loss": 0.22112834453582764, "acc": 0.9017986059188843, "length": 4.0, "mode": "test", "epoch": 38}
{"loss": 0.21854224801063538, "acc": 0.9092584848403931, "length": 3.9971699714660645, "mode": "train", "epoch": 39}
{"loss": 0.20303159952163696, "acc": 0.9084532856941223, "length": 4.0, "mode": "test", "epoch": 39}
{"loss": 0.21149447560310364, "acc": 0.9108169078826904, "length": 3.999825954437256, "mode": "train", "epoch": 40}
{"loss": 0.2042551338672638, "acc": 0.906474769115448, "length": 4.0, "mode": "test", "epoch": 40}
{"loss": 0.2063721865415573, "acc": 0.9190459847450256, "length": 3.999782085418701, "mode": "train", "epoch": 41}
{"loss": 0.19697831571102142, "acc": 0.9044963121414185, "length": 4.0, "mode": "test", "epoch": 41}
{"loss": 0.20136167109012604, "acc": 0.9094949960708618, "length": 3.999983549118042, "mode": "train", "epoch": 42}
{"loss": 0.19436657428741455, "acc": 0.9107912182807922, "length": 4.0, "mode": "test", "epoch": 42}
{"loss": 0.1872345358133316, "acc": 0.9207260608673096, "length": 3.9997212886810303, "mode": "train", "epoch": 43}
{"loss": 0.19596096873283386, "acc": 0.9136690497398376, "length": 4.0, "mode": "test", "epoch": 43}
{"loss": 0.1837928146123886, "acc": 0.9247440695762634, "length": 3.9991204738616943, "mode": "train", "epoch": 44}
{"loss": 0.1904023140668869, "acc": 0.9199641346931458, "length": 4.0, "mode": "test", "epoch": 44}
{"loss": 0.18266497552394867, "acc": 0.927582859992981, "length": 3.9999349117279053, "mode": "train", "epoch": 45}
{"loss": 0.18064817786216736, "acc": 0.9174461364746094, "length": 4.0, "mode": "test", "epoch": 45}
{"loss": 0.18251731991767883, "acc": 0.9248794317245483, "length": 3.999974250793457, "mode": "train", "epoch": 46}
{"loss": 0.18134258687496185, "acc": 0.9199639558792114, "length": 4.0, "mode": "test", "epoch": 46}
{"loss": 0.17443642020225525, "acc": 0.9299272298812866, "length": 3.9999594688415527, "mode": "train", "epoch": 47}
{"loss": 0.1832321286201477, "acc": 0.9232014417648315, "length": 4.0, "mode": "test", "epoch": 47}
{"loss": 0.16683968901634216, "acc": 0.9285441040992737, "length": 3.999915599822998, "mode": "train", "epoch": 48}
{"loss": 0.18243448436260223, "acc": 0.9190647006034851, "length": 4.0, "mode": "test", "epoch": 48}
{"loss": 0.1679164320230484, "acc": 0.9299863576889038, "length": 3.9998795986175537, "mode": "train", "epoch": 49}
{"loss": 0.19787511229515076, "acc": 0.9224820733070374, "length": 4.0, "mode": "test", "epoch": 49}
{"loss": 0.16620028018951416, "acc": 0.9303929209709167, "length": 3.9990575313568115, "mode": "train", "epoch": 50}
{"loss": 0.19366568326950073, "acc": 0.9260791540145874, "length": 4.0, "mode": "test", "epoch": 50}
{"loss": 0.17231135070323944, "acc": 0.9307667016983032, "length": 3.999854803085327, "mode": "train", "epoch": 51}
{"loss": 0.18902376294136047, "acc": 0.9271583557128906, "length": 4.0, "mode": "test", "epoch": 51}
{"loss": 0.16392865777015686, "acc": 0.9341318607330322, "length": 3.9995920658111572, "mode": "train", "epoch": 52}
{"loss": 0.17072612047195435, "acc": 0.9230214953422546, "length": 4.0, "mode": "test", "epoch": 52}
{"loss": 0.1609652042388916, "acc": 0.9339527487754822, "length": 3.9999423027038574, "mode": "train", "epoch": 53}
{"loss": 0.18816974759101868, "acc": 0.9338127374649048, "length": 4.0, "mode": "test", "epoch": 53}
{"loss": 0.16194120049476624, "acc": 0.9336529970169067, "length": 3.999957799911499, "mode": "train", "epoch": 54}
{"loss": 0.18001054227352142, "acc": 0.925359845161438, "length": 4.0, "mode": "test", "epoch": 54}
{"loss": 0.16428957879543304, "acc": 0.9322682023048401, "length": 3.999870777130127, "mode": "train", "epoch": 55}
{"loss": 0.1989641636610031, "acc": 0.9241008162498474, "length": 4.0, "mode": "test", "epoch": 55}
{"loss": 0.1602444350719452, "acc": 0.9315823912620544, "length": 3.999469518661499, "mode": "train", "epoch": 56}
{"loss": 0.1799827665090561, "acc": 0.9296761751174927, "length": 4.0, "mode": "test", "epoch": 56}
{"loss": 0.1518954485654831, "acc": 0.938876748085022, "length": 3.99973726272583, "mode": "train", "epoch": 57}
{"loss": 0.16441765427589417, "acc": 0.9327337741851807, "length": 4.0, "mode": "test", "epoch": 57}
{"loss": 0.1526501178741455, "acc": 0.9354117512702942, "length": 3.998715877532959, "mode": "train", "epoch": 58}
{"loss": 0.17168478667736053, "acc": 0.9284172654151917, "length": 4.0, "mode": "test", "epoch": 58}
{"loss": 0.15002062916755676, "acc": 0.9402640461921692, "length": 3.999967098236084, "mode": "train", "epoch": 59}
{"loss": 0.1845943182706833, "acc": 0.9300361275672913, "length": 4.0, "mode": "test", "epoch": 59}
{"loss": 0.15058408677577972, "acc": 0.9383959174156189, "length": 3.999830961227417, "mode": "train", "epoch": 60}
{"loss": 0.16705670952796936, "acc": 0.9338129758834839, "length": 4.0, "mode": "test", "epoch": 60}
test accuracy: 0.8828788995742798
