# ["--attributes=5", "--values=4", "--game_size=10", "--vocab_size_factor=3", "--n_epochs=60", "--batch_size=128", "--learning_rate=0.001", "--hidden_size=128", "--temp_update=0.97", "--temperature=2"]
Creating train_ds and val_ds...

Creating test_ds...
{"loss": 0.6974918842315674, "acc": 0.5145936608314514, "length": 3.491617202758789, "mode": "train", "epoch": 1}
{"loss": 0.686121940612793, "acc": 0.5365384817123413, "length": 1.0, "mode": "test", "epoch": 1}
{"loss": 0.693208634853363, "acc": 0.5107234120368958, "length": 3.3358688354492188, "mode": "train", "epoch": 2}
{"loss": 0.6861598491668701, "acc": 0.5417832732200623, "length": 1.0, "mode": "test", "epoch": 2}
{"loss": 0.688310980796814, "acc": 0.5435234904289246, "length": 3.036944627761841, "mode": "train", "epoch": 3}
{"loss": 0.6881260871887207, "acc": 0.5379371643066406, "length": 1.0, "mode": "test", "epoch": 3}
{"loss": 0.6790757775306702, "acc": 0.597210168838501, "length": 2.977684259414673, "mode": "train", "epoch": 4}
{"loss": 0.6581649780273438, "acc": 0.6654282808303833, "length": 2.821678400039673, "mode": "test", "epoch": 4}
{"loss": 0.6562336683273315, "acc": 0.6499075889587402, "length": 3.4629006385803223, "mode": "train", "epoch": 5}
{"loss": 0.6207636594772339, "acc": 0.6742334961891174, "length": 3.884615421295166, "mode": "test", "epoch": 5}
{"loss": 0.6124863028526306, "acc": 0.6895393133163452, "length": 3.7681875228881836, "mode": "train", "epoch": 6}
{"loss": 0.5963625907897949, "acc": 0.6854896545410156, "length": 4.0, "mode": "test", "epoch": 6}
{"loss": 0.566351056098938, "acc": 0.6937101483345032, "length": 3.896139144897461, "mode": "train", "epoch": 7}
{"loss": 0.5918750762939453, "acc": 0.7176573276519775, "length": 4.0, "mode": "test", "epoch": 7}
{"loss": 0.540226399898529, "acc": 0.7304450869560242, "length": 3.9503443241119385, "mode": "train", "epoch": 8}
{"loss": 0.5694319605827332, "acc": 0.7356643676757812, "length": 4.0, "mode": "test", "epoch": 8}
{"loss": 0.5084342360496521, "acc": 0.7483840584754944, "length": 3.9623234272003174, "mode": "train", "epoch": 9}
{"loss": 0.5640645027160645, "acc": 0.746328592300415, "length": 4.0, "mode": "test", "epoch": 9}
{"loss": 0.476653128862381, "acc": 0.7847671508789062, "length": 3.9798521995544434, "mode": "train", "epoch": 10}
{"loss": 0.5332123041152954, "acc": 0.7479021549224854, "length": 4.0, "mode": "test", "epoch": 10}
{"loss": 0.459218829870224, "acc": 0.7923708558082581, "length": 3.9850351810455322, "mode": "train", "epoch": 11}
{"loss": 0.5197838544845581, "acc": 0.7520978450775146, "length": 4.0, "mode": "test", "epoch": 11}
{"loss": 0.4492162764072418, "acc": 0.7930760979652405, "length": 3.987583875656128, "mode": "train", "epoch": 12}
{"loss": 0.5093653202056885, "acc": 0.7611887454986572, "length": 4.0, "mode": "test", "epoch": 12}
{"loss": 0.43304628133773804, "acc": 0.7981647253036499, "length": 3.9897401332855225, "mode": "train", "epoch": 13}
{"loss": 0.5036899447441101, "acc": 0.7562938332557678, "length": 4.0, "mode": "test", "epoch": 13}
{"loss": 0.4264363944530487, "acc": 0.8056580424308777, "length": 3.991182327270508, "mode": "train", "epoch": 14}
{"loss": 0.4877041280269623, "acc": 0.7666084170341492, "length": 4.0, "mode": "test", "epoch": 14}
{"loss": 0.4145806133747101, "acc": 0.8027268052101135, "length": 3.990790367126465, "mode": "train", "epoch": 15}
{"loss": 0.48085615038871765, "acc": 0.7744756937026978, "length": 4.0, "mode": "test", "epoch": 15}
{"loss": 0.4005264937877655, "acc": 0.8117621541023254, "length": 3.99277400970459, "mode": "train", "epoch": 16}
{"loss": 0.4658545255661011, "acc": 0.7840909361839294, "length": 4.0, "mode": "test", "epoch": 16}
{"loss": 0.388020783662796, "acc": 0.8178009986877441, "length": 3.9893510341644287, "mode": "train", "epoch": 17}
{"loss": 0.4514091908931732, "acc": 0.8024475574493408, "length": 4.0, "mode": "test", "epoch": 17}
{"loss": 0.37239277362823486, "acc": 0.8314687609672546, "length": 3.996950626373291, "mode": "train", "epoch": 18}
{"loss": 0.4330378770828247, "acc": 0.8104894757270813, "length": 4.0, "mode": "test", "epoch": 18}
{"loss": 0.35803863406181335, "acc": 0.836085855960846, "length": 3.9967381954193115, "mode": "train", "epoch": 19}
{"loss": 0.4234780967235565, "acc": 0.8232517242431641, "length": 4.0, "mode": "test", "epoch": 19}
{"loss": 0.3445110619068146, "acc": 0.8440048694610596, "length": 3.9976119995117188, "mode": "train", "epoch": 20}
{"loss": 0.41477951407432556, "acc": 0.8269232511520386, "length": 4.0, "mode": "test", "epoch": 20}
{"loss": 0.3281099796295166, "acc": 0.853871762752533, "length": 3.9971249103546143, "mode": "train", "epoch": 21}
{"loss": 0.40383169054985046, "acc": 0.8365384936332703, "length": 4.0, "mode": "test", "epoch": 21}
{"loss": 0.3146371841430664, "acc": 0.8614569306373596, "length": 3.994325876235962, "mode": "train", "epoch": 22}
{"loss": 0.3831135630607605, "acc": 0.8479018807411194, "length": 4.0, "mode": "test", "epoch": 22}
{"loss": 0.30226871371269226, "acc": 0.867713987827301, "length": 3.9983062744140625, "mode": "train", "epoch": 23}
{"loss": 0.38289427757263184, "acc": 0.8409090042114258, "length": 4.0, "mode": "test", "epoch": 23}
{"loss": 0.2828742563724518, "acc": 0.8849107623100281, "length": 3.9982266426086426, "mode": "train", "epoch": 24}
{"loss": 0.33558449149131775, "acc": 0.8660838007926941, "length": 4.0, "mode": "test", "epoch": 24}
{"loss": 0.26711151003837585, "acc": 0.8894266486167908, "length": 3.99782395362854, "mode": "train", "epoch": 25}
{"loss": 0.3245120644569397, "acc": 0.8753495216369629, "length": 4.0, "mode": "test", "epoch": 25}
{"loss": 0.24954989552497864, "acc": 0.9036219120025635, "length": 3.9981956481933594, "mode": "train", "epoch": 26}
{"loss": 0.3117735981941223, "acc": 0.887412428855896, "length": 4.0, "mode": "test", "epoch": 26}
{"loss": 0.24433259665966034, "acc": 0.9038273692131042, "length": 3.9986674785614014, "mode": "train", "epoch": 27}
{"loss": 0.3080008625984192, "acc": 0.8811187744140625, "length": 4.0, "mode": "test", "epoch": 27}
{"loss": 0.2297275960445404, "acc": 0.9104617238044739, "length": 3.999422311782837, "mode": "train", "epoch": 28}
{"loss": 0.2720804214477539, "acc": 0.9059440493583679, "length": 4.0, "mode": "test", "epoch": 28}
{"loss": 0.21804746985435486, "acc": 0.9183543920516968, "length": 3.997596263885498, "mode": "train", "epoch": 29}
{"loss": 0.27113020420074463, "acc": 0.9008740782737732, "length": 4.0, "mode": "test", "epoch": 29}
{"loss": 0.20867791771888733, "acc": 0.9245708584785461, "length": 3.9994983673095703, "mode": "train", "epoch": 30}
{"loss": 0.2593419849872589, "acc": 0.9000000953674316, "length": 4.0, "mode": "test", "epoch": 30}
{"loss": 0.1909366101026535, "acc": 0.9301254749298096, "length": 3.9991586208343506, "mode": "train", "epoch": 31}
{"loss": 0.2522977590560913, "acc": 0.9104894995689392, "length": 4.0, "mode": "test", "epoch": 31}
{"loss": 0.19033296406269073, "acc": 0.9301350712776184, "length": 3.9990570545196533, "mode": "train", "epoch": 32}
{"loss": 0.24126717448234558, "acc": 0.9125874042510986, "length": 4.0, "mode": "test", "epoch": 32}
{"loss": 0.18266089260578156, "acc": 0.9347717761993408, "length": 3.999876022338867, "mode": "train", "epoch": 33}
{"loss": 0.2599276304244995, "acc": 0.9122376441955566, "length": 4.0, "mode": "test", "epoch": 33}
{"loss": 0.17191413044929504, "acc": 0.9371758103370667, "length": 3.9999499320983887, "mode": "train", "epoch": 34}
{"loss": 0.22144344449043274, "acc": 0.9201047420501709, "length": 4.0, "mode": "test", "epoch": 34}
{"loss": 0.17002297937870026, "acc": 0.9415658712387085, "length": 3.999936819076538, "mode": "train", "epoch": 35}
{"loss": 0.23292604088783264, "acc": 0.9223777055740356, "length": 4.0, "mode": "test", "epoch": 35}
{"loss": 0.16482077538967133, "acc": 0.9443180561065674, "length": 3.9999120235443115, "mode": "train", "epoch": 36}
{"loss": 0.21724049746990204, "acc": 0.9248253107070923, "length": 4.0, "mode": "test", "epoch": 36}
{"loss": 0.16119341552257538, "acc": 0.9453715085983276, "length": 3.9999358654022217, "mode": "train", "epoch": 37}
{"loss": 0.19217585027217865, "acc": 0.9342659115791321, "length": 4.0, "mode": "test", "epoch": 37}
{"loss": 0.1539640873670578, "acc": 0.946834921836853, "length": 3.9999337196350098, "mode": "train", "epoch": 38}
{"loss": 0.19737446308135986, "acc": 0.9309441447257996, "length": 4.0, "mode": "test", "epoch": 38}
{"loss": 0.15021905303001404, "acc": 0.9498807191848755, "length": 3.9999334812164307, "mode": "train", "epoch": 39}
{"loss": 0.21335481107234955, "acc": 0.9293705821037292, "length": 4.0, "mode": "test", "epoch": 39}
{"loss": 0.1525755524635315, "acc": 0.948879599571228, "length": 3.9998576641082764, "mode": "train", "epoch": 40}
{"loss": 0.19208025932312012, "acc": 0.9379370808601379, "length": 4.0, "mode": "test", "epoch": 40}
{"loss": 0.14438776671886444, "acc": 0.9494132995605469, "length": 3.999973773956299, "mode": "train", "epoch": 41}
{"loss": 0.19986997544765472, "acc": 0.9363635778427124, "length": 4.0, "mode": "test", "epoch": 41}
{"loss": 0.1423049420118332, "acc": 0.952839195728302, "length": 3.999138116836548, "mode": "train", "epoch": 42}
{"loss": 0.2082180380821228, "acc": 0.9291957020759583, "length": 4.0, "mode": "test", "epoch": 42}
{"loss": 0.14015690982341766, "acc": 0.9515802264213562, "length": 3.9999616146087646, "mode": "train", "epoch": 43}
{"loss": 0.20906665921211243, "acc": 0.9335663318634033, "length": 4.0, "mode": "test", "epoch": 43}
{"loss": 0.14044491946697235, "acc": 0.9519896507263184, "length": 3.9999866485595703, "mode": "train", "epoch": 44}
{"loss": 0.17519603669643402, "acc": 0.939160943031311, "length": 4.0, "mode": "test", "epoch": 44}
{"loss": 0.13762126863002777, "acc": 0.9543783068656921, "length": 3.999037504196167, "mode": "train", "epoch": 45}
{"loss": 0.17262646555900574, "acc": 0.9407342076301575, "length": 4.0, "mode": "test", "epoch": 45}
{"loss": 0.13739712536334991, "acc": 0.954625129699707, "length": 3.999997615814209, "mode": "train", "epoch": 46}
{"loss": 0.17277882993221283, "acc": 0.9395106434822083, "length": 4.0, "mode": "test", "epoch": 46}
{"loss": 0.13276180624961853, "acc": 0.9542739391326904, "length": 3.9999988079071045, "mode": "train", "epoch": 47}
{"loss": 0.17656061053276062, "acc": 0.9447553157806396, "length": 4.0, "mode": "test", "epoch": 47}
{"loss": 0.12775640189647675, "acc": 0.9569083452224731, "length": 3.9999947547912598, "mode": "train", "epoch": 48}
{"loss": 0.1681184619665146, "acc": 0.9449299573898315, "length": 4.0, "mode": "test", "epoch": 48}
{"loss": 0.1296406239271164, "acc": 0.9558546543121338, "length": 3.9999961853027344, "mode": "train", "epoch": 49}
{"loss": 0.15980637073516846, "acc": 0.9459791779518127, "length": 4.0, "mode": "test", "epoch": 49}
{"loss": 0.12641720473766327, "acc": 0.9563812613487244, "length": 3.999993324279785, "mode": "train", "epoch": 50}
{"loss": 0.16552366316318512, "acc": 0.9440559148788452, "length": 4.0, "mode": "test", "epoch": 50}
{"loss": 0.12043498456478119, "acc": 0.9603039026260376, "length": 3.999985456466675, "mode": "train", "epoch": 51}
{"loss": 0.16052097082138062, "acc": 0.9479021430015564, "length": 4.0, "mode": "test", "epoch": 51}
{"loss": 0.12603627145290375, "acc": 0.9577866792678833, "length": 3.9999983310699463, "mode": "train", "epoch": 52}
{"loss": 0.15963727235794067, "acc": 0.9468532204627991, "length": 4.0, "mode": "test", "epoch": 52}
{"loss": 0.11543621867895126, "acc": 0.9623534679412842, "length": 3.9999916553497314, "mode": "train", "epoch": 53}
{"loss": 0.16248676180839539, "acc": 0.9486015439033508, "length": 4.0, "mode": "test", "epoch": 53}
{"loss": 0.11519187688827515, "acc": 0.9610655903816223, "length": 3.999999523162842, "mode": "train", "epoch": 54}
{"loss": 0.14584147930145264, "acc": 0.948776364326477, "length": 4.0, "mode": "test", "epoch": 54}
{"loss": 0.11485514044761658, "acc": 0.9607142210006714, "length": 3.9999990463256836, "mode": "train", "epoch": 55}
{"loss": 0.15258848667144775, "acc": 0.9468532204627991, "length": 4.0, "mode": "test", "epoch": 55}
{"loss": 0.11782418191432953, "acc": 0.9604797959327698, "length": 3.999993085861206, "mode": "train", "epoch": 56}
{"loss": 0.15789753198623657, "acc": 0.9465033411979675, "length": 4.0, "mode": "test", "epoch": 56}
{"loss": 0.11333688348531723, "acc": 0.962587296962738, "length": 3.9999897480010986, "mode": "train", "epoch": 57}
{"loss": 0.14575518667697906, "acc": 0.9465035200119019, "length": 4.0, "mode": "test", "epoch": 57}
{"loss": 0.11550623178482056, "acc": 0.9615924954414368, "length": 3.9999961853027344, "mode": "train", "epoch": 58}
{"loss": 0.14199602603912354, "acc": 0.9550697803497314, "length": 4.0, "mode": "test", "epoch": 58}
{"loss": 0.1106569916009903, "acc": 0.9615926146507263, "length": 3.9999969005584717, "mode": "train", "epoch": 59}
{"loss": 0.1371815800666809, "acc": 0.9512237310409546, "length": 4.0, "mode": "test", "epoch": 59}
{"loss": 0.11145743727684021, "acc": 0.9621771574020386, "length": 3.9999899864196777, "mode": "train", "epoch": 60}
{"loss": 0.1407892107963562, "acc": 0.9527972936630249, "length": 4.0, "mode": "test", "epoch": 60}
test accuracy: 0.8186666965484619
