# ["--attributes=5", "--values=4", "--game_size=10", "--vocab_size_factor=3", "--n_epochs=60", "--batch_size=128", "--learning_rate=0.001", "--hidden_size=128", "--temp_update=0.99", "--temperature=1.5"]
Creating train_ds and val_ds...

Creating test_ds...
{"loss": 0.6949149966239929, "acc": 0.5290905833244324, "length": 3.586853504180908, "mode": "train", "epoch": 1}
{"loss": 0.6858545541763306, "acc": 0.5373263955116272, "length": 4.0, "mode": "test", "epoch": 1}
{"loss": 0.6906577944755554, "acc": 0.5342454314231873, "length": 3.521296977996826, "mode": "train", "epoch": 2}
{"loss": 0.6790298223495483, "acc": 0.5783188343048096, "length": 3.875, "mode": "test", "epoch": 2}
{"loss": 0.6843742728233337, "acc": 0.5648786425590515, "length": 3.4624435901641846, "mode": "train", "epoch": 3}
{"loss": 0.6705705523490906, "acc": 0.5995497107505798, "length": 3.993055582046509, "mode": "test", "epoch": 3}
{"loss": 0.6688083410263062, "acc": 0.5929601192474365, "length": 3.5374696254730225, "mode": "train", "epoch": 4}
{"loss": 0.6497921943664551, "acc": 0.6326388120651245, "length": 4.0, "mode": "test", "epoch": 4}
{"loss": 0.6308813095092773, "acc": 0.677049458026886, "length": 3.7685296535491943, "mode": "train", "epoch": 5}
{"loss": 0.5874261260032654, "acc": 0.7032985687255859, "length": 4.0, "mode": "test", "epoch": 5}
{"loss": 0.5747767686843872, "acc": 0.7170198559761047, "length": 3.9024057388305664, "mode": "train", "epoch": 6}
{"loss": 0.5357293486595154, "acc": 0.7161458134651184, "length": 4.0, "mode": "test", "epoch": 6}
{"loss": 0.5387952327728271, "acc": 0.730884850025177, "length": 3.9468424320220947, "mode": "train", "epoch": 7}
{"loss": 0.5252837538719177, "acc": 0.7269096970558167, "length": 4.0, "mode": "test", "epoch": 7}
{"loss": 0.5068559646606445, "acc": 0.7621506452560425, "length": 3.950782537460327, "mode": "train", "epoch": 8}
{"loss": 0.48741254210472107, "acc": 0.7446179986000061, "length": 4.0, "mode": "test", "epoch": 8}
{"loss": 0.4773606061935425, "acc": 0.7812895178794861, "length": 3.9545209407806396, "mode": "train", "epoch": 9}
{"loss": 0.47069698572158813, "acc": 0.7500000596046448, "length": 4.0, "mode": "test", "epoch": 9}
{"loss": 0.4596560597419739, "acc": 0.7903589010238647, "length": 3.9517717361450195, "mode": "train", "epoch": 10}
{"loss": 0.45541223883628845, "acc": 0.7972221970558167, "length": 4.0, "mode": "test", "epoch": 10}
{"loss": 0.43906816840171814, "acc": 0.8076538443565369, "length": 3.946444511413574, "mode": "train", "epoch": 11}
{"loss": 0.45591863989830017, "acc": 0.7868055105209351, "length": 4.0, "mode": "test", "epoch": 11}
{"loss": 0.41683343052864075, "acc": 0.8153555989265442, "length": 3.9548943042755127, "mode": "train", "epoch": 12}
{"loss": 0.43662214279174805, "acc": 0.7975693345069885, "length": 4.0, "mode": "test", "epoch": 12}
{"loss": 0.3951500654220581, "acc": 0.827671229839325, "length": 3.9705352783203125, "mode": "train", "epoch": 13}
{"loss": 0.4173668324947357, "acc": 0.8086805939674377, "length": 4.0, "mode": "test", "epoch": 13}
{"loss": 0.37697452306747437, "acc": 0.8371957540512085, "length": 3.982926607131958, "mode": "train", "epoch": 14}
{"loss": 0.39651045203208923, "acc": 0.8145833611488342, "length": 4.0, "mode": "test", "epoch": 14}
{"loss": 0.35868313908576965, "acc": 0.8453036546707153, "length": 3.9843194484710693, "mode": "train", "epoch": 15}
{"loss": 0.3685709834098816, "acc": 0.8362846970558167, "length": 4.0, "mode": "test", "epoch": 15}
{"loss": 0.33747825026512146, "acc": 0.8580135107040405, "length": 3.9890575408935547, "mode": "train", "epoch": 16}
{"loss": 0.3582233786582947, "acc": 0.8409721851348877, "length": 4.0, "mode": "test", "epoch": 16}
{"loss": 0.31387197971343994, "acc": 0.8759565353393555, "length": 3.989830255508423, "mode": "train", "epoch": 17}
{"loss": 0.34159034490585327, "acc": 0.8555555939674377, "length": 4.0, "mode": "test", "epoch": 17}
{"loss": 0.29733678698539734, "acc": 0.8776191473007202, "length": 3.993691921234131, "mode": "train", "epoch": 18}
{"loss": 0.34231942892074585, "acc": 0.8536458015441895, "length": 4.0, "mode": "test", "epoch": 18}
{"loss": 0.2804320752620697, "acc": 0.8859623670578003, "length": 3.9935109615325928, "mode": "train", "epoch": 19}
{"loss": 0.31359851360321045, "acc": 0.8694445490837097, "length": 4.0, "mode": "test", "epoch": 19}
{"loss": 0.26661020517349243, "acc": 0.8904352188110352, "length": 3.993713855743408, "mode": "train", "epoch": 20}
{"loss": 0.2925949692726135, "acc": 0.8769097924232483, "length": 4.0, "mode": "test", "epoch": 20}
{"loss": 0.24908065795898438, "acc": 0.9035899639129639, "length": 3.9945523738861084, "mode": "train", "epoch": 21}
{"loss": 0.2810541093349457, "acc": 0.873611330986023, "length": 4.0, "mode": "test", "epoch": 21}
{"loss": 0.24417485296726227, "acc": 0.9022668600082397, "length": 3.995640754699707, "mode": "train", "epoch": 22}
{"loss": 0.2959480881690979, "acc": 0.8786459565162659, "length": 4.0, "mode": "test", "epoch": 22}
{"loss": 0.24071826040744781, "acc": 0.9029514193534851, "length": 3.993483066558838, "mode": "train", "epoch": 23}
{"loss": 0.2743082642555237, "acc": 0.883680522441864, "length": 4.0, "mode": "test", "epoch": 23}
{"loss": 0.22790589928627014, "acc": 0.9106068015098572, "length": 3.9955029487609863, "mode": "train", "epoch": 24}
{"loss": 0.26447027921676636, "acc": 0.8831596970558167, "length": 4.0, "mode": "test", "epoch": 24}
{"loss": 0.22387243807315826, "acc": 0.9131603837013245, "length": 3.9956250190734863, "mode": "train", "epoch": 25}
{"loss": 0.2583855986595154, "acc": 0.8958333134651184, "length": 4.0, "mode": "test", "epoch": 25}
{"loss": 0.21585185825824738, "acc": 0.9158464074134827, "length": 3.99702787399292, "mode": "train", "epoch": 26}
{"loss": 0.2661440074443817, "acc": 0.8975694179534912, "length": 4.0, "mode": "test", "epoch": 26}
{"loss": 0.2163545787334442, "acc": 0.9119710922241211, "length": 3.9971420764923096, "mode": "train", "epoch": 27}
{"loss": 0.2590215802192688, "acc": 0.8887152075767517, "length": 4.0, "mode": "test", "epoch": 27}
{"loss": 0.2073768973350525, "acc": 0.9204965829849243, "length": 3.997422933578491, "mode": "train", "epoch": 28}
{"loss": 0.24103157222270966, "acc": 0.9064236879348755, "length": 4.0, "mode": "test", "epoch": 28}
{"loss": 0.20214587450027466, "acc": 0.9229820370674133, "length": 3.996809959411621, "mode": "train", "epoch": 29}
{"loss": 0.24538543820381165, "acc": 0.9012153148651123, "length": 4.0, "mode": "test", "epoch": 29}
{"loss": 0.19707627594470978, "acc": 0.9255411028862, "length": 3.9973549842834473, "mode": "train", "epoch": 30}
{"loss": 0.22234901785850525, "acc": 0.9152777194976807, "length": 4.0, "mode": "test", "epoch": 30}
{"loss": 0.19487081468105316, "acc": 0.9267059564590454, "length": 3.998260736465454, "mode": "train", "epoch": 31}
{"loss": 0.25342509150505066, "acc": 0.9013891220092773, "length": 4.0, "mode": "test", "epoch": 31}
{"loss": 0.18786123394966125, "acc": 0.9273987412452698, "length": 3.997802257537842, "mode": "train", "epoch": 32}
{"loss": 0.22583645582199097, "acc": 0.9144097566604614, "length": 4.0, "mode": "test", "epoch": 32}
{"loss": 0.19005653262138367, "acc": 0.9254236817359924, "length": 3.9977641105651855, "mode": "train", "epoch": 33}
{"loss": 0.22323563694953918, "acc": 0.917881965637207, "length": 4.0, "mode": "test", "epoch": 33}
{"loss": 0.18696418404579163, "acc": 0.9285013675689697, "length": 3.9973702430725098, "mode": "train", "epoch": 34}
{"loss": 0.2305721640586853, "acc": 0.9069443941116333, "length": 4.0, "mode": "test", "epoch": 34}
{"loss": 0.18196643888950348, "acc": 0.9325626492500305, "length": 3.998164653778076, "mode": "train", "epoch": 35}
{"loss": 0.2008957862854004, "acc": 0.9279513955116272, "length": 4.0, "mode": "test", "epoch": 35}
{"loss": 0.17870409786701202, "acc": 0.9322213530540466, "length": 3.998547077178955, "mode": "train", "epoch": 36}
{"loss": 0.20134834945201874, "acc": 0.9194445013999939, "length": 4.0, "mode": "test", "epoch": 36}
{"loss": 0.16756273806095123, "acc": 0.940321683883667, "length": 3.9980533123016357, "mode": "train", "epoch": 37}
{"loss": 0.19440767168998718, "acc": 0.9260416030883789, "length": 4.0, "mode": "test", "epoch": 37}
{"loss": 0.16530004143714905, "acc": 0.9361115097999573, "length": 3.9987387657165527, "mode": "train", "epoch": 38}
{"loss": 0.19731110334396362, "acc": 0.9298611879348755, "length": 4.0, "mode": "test", "epoch": 38}
{"loss": 0.15984831750392914, "acc": 0.9428987503051758, "length": 3.998819589614868, "mode": "train", "epoch": 39}
{"loss": 0.19405099749565125, "acc": 0.9246528148651123, "length": 4.0, "mode": "test", "epoch": 39}
{"loss": 0.15213695168495178, "acc": 0.9443408250808716, "length": 3.99782657623291, "mode": "train", "epoch": 40}
{"loss": 0.18500272929668427, "acc": 0.9300347566604614, "length": 4.0, "mode": "test", "epoch": 40}
{"loss": 0.14830443263053894, "acc": 0.9475520253181458, "length": 3.997713804244995, "mode": "train", "epoch": 41}
{"loss": 0.17699331045150757, "acc": 0.9326388835906982, "length": 4.0, "mode": "test", "epoch": 41}
{"loss": 0.14843355119228363, "acc": 0.9452868103981018, "length": 3.9991347789764404, "mode": "train", "epoch": 42}
{"loss": 0.1733766496181488, "acc": 0.9317707419395447, "length": 4.0, "mode": "test", "epoch": 42}
{"loss": 0.1453818678855896, "acc": 0.947368323802948, "length": 3.9989845752716064, "mode": "train", "epoch": 43}
{"loss": 0.16701136529445648, "acc": 0.9317708611488342, "length": 4.0, "mode": "test", "epoch": 43}
{"loss": 0.1454302817583084, "acc": 0.9436545968055725, "length": 3.999053478240967, "mode": "train", "epoch": 44}
{"loss": 0.15729647874832153, "acc": 0.9378472566604614, "length": 4.0, "mode": "test", "epoch": 44}
{"loss": 0.13910789787769318, "acc": 0.9497459530830383, "length": 3.9993741512298584, "mode": "train", "epoch": 45}
{"loss": 0.16379967331886292, "acc": 0.934895932674408, "length": 4.0, "mode": "test", "epoch": 45}
{"loss": 0.13581252098083496, "acc": 0.9494070410728455, "length": 3.999516487121582, "mode": "train", "epoch": 46}
{"loss": 0.16126851737499237, "acc": 0.9366319179534912, "length": 4.0, "mode": "test", "epoch": 46}
{"loss": 0.1331091821193695, "acc": 0.9509699940681458, "length": 3.9994354248046875, "mode": "train", "epoch": 47}
{"loss": 0.15485826134681702, "acc": 0.9385415315628052, "length": 4.0, "mode": "test", "epoch": 47}
{"loss": 0.1369030773639679, "acc": 0.9480735063552856, "length": 3.9994966983795166, "mode": "train", "epoch": 48}
{"loss": 0.16786453127861023, "acc": 0.9406249523162842, "length": 4.0, "mode": "test", "epoch": 48}
{"loss": 0.1350799798965454, "acc": 0.9506160020828247, "length": 3.998915910720825, "mode": "train", "epoch": 49}
{"loss": 0.1622132956981659, "acc": 0.9343750476837158, "length": 4.0, "mode": "test", "epoch": 49}
{"loss": 0.13391146063804626, "acc": 0.9498189091682434, "length": 3.9997918605804443, "mode": "train", "epoch": 50}
{"loss": 0.14780527353286743, "acc": 0.941319465637207, "length": 4.0, "mode": "test", "epoch": 50}
{"loss": 0.1269948035478592, "acc": 0.9508025050163269, "length": 3.9996092319488525, "mode": "train", "epoch": 51}
{"loss": 0.16497045755386353, "acc": 0.9402778148651123, "length": 4.0, "mode": "test", "epoch": 51}
{"loss": 0.12677104771137238, "acc": 0.9516142010688782, "length": 3.9997100830078125, "mode": "train", "epoch": 52}
{"loss": 0.15887629985809326, "acc": 0.9395832419395447, "length": 4.0, "mode": "test", "epoch": 52}
{"loss": 0.12474028021097183, "acc": 0.9521769881248474, "length": 3.9991185665130615, "mode": "train", "epoch": 53}
{"loss": 0.1597813218832016, "acc": 0.9387152194976807, "length": 4.0, "mode": "test", "epoch": 53}
{"loss": 0.1320904791355133, "acc": 0.9488883018493652, "length": 3.999603748321533, "mode": "train", "epoch": 54}
{"loss": 0.16500511765480042, "acc": 0.9401041865348816, "length": 4.0, "mode": "test", "epoch": 54}
{"loss": 0.12408523261547089, "acc": 0.9541044235229492, "length": 3.999645709991455, "mode": "train", "epoch": 55}
{"loss": 0.16679368913173676, "acc": 0.9394097924232483, "length": 4.0, "mode": "test", "epoch": 55}
{"loss": 0.12415745109319687, "acc": 0.9546202421188354, "length": 3.999316930770874, "mode": "train", "epoch": 56}
{"loss": 0.1541232466697693, "acc": 0.9435763955116272, "length": 4.0, "mode": "test", "epoch": 56}
{"loss": 0.12369116395711899, "acc": 0.9519647359848022, "length": 3.999690055847168, "mode": "train", "epoch": 57}
{"loss": 0.17095008492469788, "acc": 0.9364582896232605, "length": 4.0, "mode": "test", "epoch": 57}
{"loss": 0.11785046011209488, "acc": 0.955042839050293, "length": 3.9998316764831543, "mode": "train", "epoch": 58}
{"loss": 0.15316767990589142, "acc": 0.9427083134651184, "length": 4.0, "mode": "test", "epoch": 58}
{"loss": 0.11622269451618195, "acc": 0.957362174987793, "length": 3.9998035430908203, "mode": "train", "epoch": 59}
{"loss": 0.16777215898036957, "acc": 0.9427083134651184, "length": 4.0, "mode": "test", "epoch": 59}
{"loss": 0.11001361161470413, "acc": 0.9568383097648621, "length": 3.9998626708984375, "mode": "train", "epoch": 60}
{"loss": 0.14755582809448242, "acc": 0.9446181058883667, "length": 4.0, "mode": "test", "epoch": 60}
test accuracy: 0.803103506565094
