# ["--attributes=5", "--values=4", "--game_size=10", "--vocab_size_factor=3", "--n_epochs=60", "--batch_size=128", "--learning_rate=0.001", "--hidden_size=128", "--temp_update=0.99", "--temperature=2"]
Creating train_ds and val_ds...

Creating test_ds...
{"loss": 0.6935215592384338, "acc": 0.5263456106185913, "length": 3.5544166564941406, "mode": "train", "epoch": 1}
{"loss": 0.6703252792358398, "acc": 0.5999590158462524, "length": 3.508896827697754, "mode": "test", "epoch": 1}
{"loss": 0.690782904624939, "acc": 0.524359405040741, "length": 3.5259432792663574, "mode": "train", "epoch": 2}
{"loss": 0.6668309569358826, "acc": 0.5723671913146973, "length": 3.1138789653778076, "mode": "test", "epoch": 2}
{"loss": 0.6864731311798096, "acc": 0.5439354181289673, "length": 3.4793541431427, "mode": "train", "epoch": 3}
{"loss": 0.6502524614334106, "acc": 0.6678184270858765, "length": 3.8576512336730957, "mode": "test", "epoch": 3}
{"loss": 0.669668972492218, "acc": 0.627714216709137, "length": 3.547339677810669, "mode": "train", "epoch": 4}
{"loss": 0.6329231858253479, "acc": 0.6861834526062012, "length": 3.99644136428833, "mode": "test", "epoch": 4}
{"loss": 0.6345306634902954, "acc": 0.692005455493927, "length": 3.6926984786987305, "mode": "train", "epoch": 5}
{"loss": 0.5828081965446472, "acc": 0.7348753213882446, "length": 4.0, "mode": "test", "epoch": 5}
{"loss": 0.5785233974456787, "acc": 0.723368227481842, "length": 3.8343918323516846, "mode": "train", "epoch": 6}
{"loss": 0.5434173345565796, "acc": 0.7483986020088196, "length": 4.0, "mode": "test", "epoch": 6}
{"loss": 0.540092945098877, "acc": 0.7292110323905945, "length": 3.9173524379730225, "mode": "train", "epoch": 7}
{"loss": 0.5201679468154907, "acc": 0.7725979089736938, "length": 4.0, "mode": "test", "epoch": 7}
{"loss": 0.5049295425415039, "acc": 0.7545235753059387, "length": 3.936507225036621, "mode": "train", "epoch": 8}
{"loss": 0.4874301850795746, "acc": 0.7895017266273499, "length": 4.0, "mode": "test", "epoch": 8}
{"loss": 0.47593533992767334, "acc": 0.783663272857666, "length": 3.9426794052124023, "mode": "train", "epoch": 9}
{"loss": 0.4888584017753601, "acc": 0.7953736186027527, "length": 4.0, "mode": "test", "epoch": 9}
{"loss": 0.45544347167015076, "acc": 0.7835406064987183, "length": 3.94852352142334, "mode": "train", "epoch": 10}
{"loss": 0.4944421648979187, "acc": 0.7925266623497009, "length": 4.0, "mode": "test", "epoch": 10}
{"loss": 0.4413612186908722, "acc": 0.7943491339683533, "length": 3.953756093978882, "mode": "train", "epoch": 11}
{"loss": 0.48250287771224976, "acc": 0.8037366271018982, "length": 4.0, "mode": "test", "epoch": 11}
{"loss": 0.42858561873435974, "acc": 0.7972499132156372, "length": 3.965696334838867, "mode": "train", "epoch": 12}
{"loss": 0.5003454089164734, "acc": 0.7962634563446045, "length": 4.0, "mode": "test", "epoch": 12}
{"loss": 0.41326019167900085, "acc": 0.8054565191268921, "length": 3.9712584018707275, "mode": "train", "epoch": 13}
{"loss": 0.4655338227748871, "acc": 0.8113880157470703, "length": 4.0, "mode": "test", "epoch": 13}
{"loss": 0.40058743953704834, "acc": 0.8114457726478577, "length": 3.9766879081726074, "mode": "train", "epoch": 14}
{"loss": 0.43423062562942505, "acc": 0.8201066851615906, "length": 4.0, "mode": "test", "epoch": 14}
{"loss": 0.38567158579826355, "acc": 0.8145971894264221, "length": 3.9836409091949463, "mode": "train", "epoch": 15}
{"loss": 0.4196372628211975, "acc": 0.8218861818313599, "length": 4.0, "mode": "test", "epoch": 15}
{"loss": 0.3762892186641693, "acc": 0.8165227174758911, "length": 3.985279083251953, "mode": "train", "epoch": 16}
{"loss": 0.4296475350856781, "acc": 0.8174376487731934, "length": 4.0, "mode": "test", "epoch": 16}
{"loss": 0.3655633330345154, "acc": 0.8203519582748413, "length": 3.98850417137146, "mode": "train", "epoch": 17}
{"loss": 0.42358553409576416, "acc": 0.8177935481071472, "length": 4.0, "mode": "test", "epoch": 17}
{"loss": 0.3492709696292877, "acc": 0.8326885104179382, "length": 3.9916393756866455, "mode": "train", "epoch": 18}
{"loss": 0.4164693355560303, "acc": 0.8149465918540955, "length": 4.0, "mode": "test", "epoch": 18}
{"loss": 0.33696427941322327, "acc": 0.8388846516609192, "length": 3.993438243865967, "mode": "train", "epoch": 19}
{"loss": 0.43290337920188904, "acc": 0.8272241950035095, "length": 4.0, "mode": "test", "epoch": 19}
{"loss": 0.3342686891555786, "acc": 0.8476337790489197, "length": 3.9938197135925293, "mode": "train", "epoch": 20}
{"loss": 0.4122195839881897, "acc": 0.8295374512672424, "length": 4.0, "mode": "test", "epoch": 20}
{"loss": 0.3215871751308441, "acc": 0.853122889995575, "length": 3.995056629180908, "mode": "train", "epoch": 21}
{"loss": 0.424671471118927, "acc": 0.8243773579597473, "length": 4.0, "mode": "test", "epoch": 21}
{"loss": 0.312408447265625, "acc": 0.8596682548522949, "length": 3.9954447746276855, "mode": "train", "epoch": 22}
{"loss": 0.4299963712692261, "acc": 0.8387899994850159, "length": 4.0, "mode": "test", "epoch": 22}
{"loss": 0.310486763715744, "acc": 0.866989254951477, "length": 3.996192455291748, "mode": "train", "epoch": 23}
{"loss": 0.43404337763786316, "acc": 0.8366548418998718, "length": 4.0, "mode": "test", "epoch": 23}
{"loss": 0.3022862374782562, "acc": 0.865273654460907, "length": 3.9962339401245117, "mode": "train", "epoch": 24}
{"loss": 0.4121500849723816, "acc": 0.8263346552848816, "length": 4.0, "mode": "test", "epoch": 24}
{"loss": 0.2900799810886383, "acc": 0.8758066892623901, "length": 3.9968209266662598, "mode": "train", "epoch": 25}
{"loss": 0.4077932834625244, "acc": 0.834519624710083, "length": 4.0, "mode": "test", "epoch": 25}
{"loss": 0.28286030888557434, "acc": 0.8787291646003723, "length": 3.997218370437622, "mode": "train", "epoch": 26}
{"loss": 0.40331515669822693, "acc": 0.8386120796203613, "length": 4.0, "mode": "test", "epoch": 26}
{"loss": 0.2792372703552246, "acc": 0.8868227601051331, "length": 3.9974124431610107, "mode": "train", "epoch": 27}
{"loss": 0.3733469247817993, "acc": 0.8498220443725586, "length": 4.0, "mode": "test", "epoch": 27}
{"loss": 0.2679937481880188, "acc": 0.891595184803009, "length": 3.997628688812256, "mode": "train", "epoch": 28}
{"loss": 0.4171569347381592, "acc": 0.8379002213478088, "length": 4.0, "mode": "test", "epoch": 28}
{"loss": 0.26218730211257935, "acc": 0.894067645072937, "length": 3.9967830181121826, "mode": "train", "epoch": 29}
{"loss": 0.38629448413848877, "acc": 0.843772292137146, "length": 4.0, "mode": "test", "epoch": 29}
{"loss": 0.25466299057006836, "acc": 0.8943278193473816, "length": 3.9979093074798584, "mode": "train", "epoch": 30}
{"loss": 0.36619967222213745, "acc": 0.8613879680633545, "length": 4.0, "mode": "test", "epoch": 30}
{"loss": 0.24938684701919556, "acc": 0.9028640985488892, "length": 3.998152256011963, "mode": "train", "epoch": 31}
{"loss": 0.3430817127227783, "acc": 0.8692170977592468, "length": 4.0, "mode": "test", "epoch": 31}
{"loss": 0.24017806351184845, "acc": 0.9020403027534485, "length": 3.9985554218292236, "mode": "train", "epoch": 32}
{"loss": 0.31999608874320984, "acc": 0.8843416571617126, "length": 4.0, "mode": "test", "epoch": 32}
{"loss": 0.23735451698303223, "acc": 0.9071045517921448, "length": 3.9987845420837402, "mode": "train", "epoch": 33}
{"loss": 0.33756980299949646, "acc": 0.8594306707382202, "length": 4.0, "mode": "test", "epoch": 33}
{"loss": 0.23438434302806854, "acc": 0.9092546701431274, "length": 3.9988198280334473, "mode": "train", "epoch": 34}
{"loss": 0.3057171106338501, "acc": 0.8875443339347839, "length": 4.0, "mode": "test", "epoch": 34}
{"loss": 0.23101671040058136, "acc": 0.9103304147720337, "length": 3.998929738998413, "mode": "train", "epoch": 35}
{"loss": 0.30984073877334595, "acc": 0.8741994500160217, "length": 4.0, "mode": "test", "epoch": 35}
{"loss": 0.2284131944179535, "acc": 0.9100397825241089, "length": 3.999164342880249, "mode": "train", "epoch": 36}
{"loss": 0.30243241786956787, "acc": 0.8795374631881714, "length": 4.0, "mode": "test", "epoch": 36}
{"loss": 0.2229544073343277, "acc": 0.9096851348876953, "length": 3.9991374015808105, "mode": "train", "epoch": 37}
{"loss": 0.28323233127593994, "acc": 0.8987544775009155, "length": 4.0, "mode": "test", "epoch": 37}
{"loss": 0.213628351688385, "acc": 0.9140353798866272, "length": 3.9992363452911377, "mode": "train", "epoch": 38}
{"loss": 0.29561135172843933, "acc": 0.8827401995658875, "length": 4.0, "mode": "test", "epoch": 38}
{"loss": 0.21601653099060059, "acc": 0.9168992638587952, "length": 3.9993393421173096, "mode": "train", "epoch": 39}
{"loss": 0.27488210797309875, "acc": 0.8983985185623169, "length": 4.0, "mode": "test", "epoch": 39}
{"loss": 0.21097581088542938, "acc": 0.9161202907562256, "length": 3.999298095703125, "mode": "train", "epoch": 40}
{"loss": 0.2871949076652527, "acc": 0.8944840431213379, "length": 4.0, "mode": "test", "epoch": 40}
{"loss": 0.20718087255954742, "acc": 0.9172502160072327, "length": 3.9992198944091797, "mode": "train", "epoch": 41}
{"loss": 0.2838204503059387, "acc": 0.8967971205711365, "length": 4.0, "mode": "test", "epoch": 41}
{"loss": 0.20455528795719147, "acc": 0.9186943173408508, "length": 3.9995222091674805, "mode": "train", "epoch": 42}
{"loss": 0.26761487126350403, "acc": 0.8992882370948792, "length": 4.0, "mode": "test", "epoch": 42}
{"loss": 0.1993217170238495, "acc": 0.9234641194343567, "length": 3.9996159076690674, "mode": "train", "epoch": 43}
{"loss": 0.2782740592956543, "acc": 0.90249103307724, "length": 4.0, "mode": "test", "epoch": 43}
{"loss": 0.20150211453437805, "acc": 0.9210795164108276, "length": 3.9995739459991455, "mode": "train", "epoch": 44}
{"loss": 0.27052682638168335, "acc": 0.9012455344200134, "length": 4.0, "mode": "test", "epoch": 44}
{"loss": 0.19994136691093445, "acc": 0.9195287227630615, "length": 3.9995930194854736, "mode": "train", "epoch": 45}
{"loss": 0.2765112519264221, "acc": 0.903558611869812, "length": 4.0, "mode": "test", "epoch": 45}
{"loss": 0.193852961063385, "acc": 0.924061119556427, "length": 3.9996261596679688, "mode": "train", "epoch": 46}
{"loss": 0.26317185163497925, "acc": 0.9081848859786987, "length": 4.0, "mode": "test", "epoch": 46}
{"loss": 0.1931423842906952, "acc": 0.9254279732704163, "length": 3.999600648880005, "mode": "train", "epoch": 47}
{"loss": 0.2662881016731262, "acc": 0.9076513051986694, "length": 4.0, "mode": "test", "epoch": 47}
{"loss": 0.19177521765232086, "acc": 0.9247792959213257, "length": 3.9997339248657227, "mode": "train", "epoch": 48}
{"loss": 0.25371265411376953, "acc": 0.9131672978401184, "length": 4.0, "mode": "test", "epoch": 48}
{"loss": 0.19001322984695435, "acc": 0.9245404005050659, "length": 3.9997200965881348, "mode": "train", "epoch": 49}
{"loss": 0.2564399838447571, "acc": 0.9145907759666443, "length": 4.0, "mode": "test", "epoch": 49}
{"loss": 0.18729522824287415, "acc": 0.9282348155975342, "length": 3.9997000694274902, "mode": "train", "epoch": 50}
{"loss": 0.2594791054725647, "acc": 0.9097864031791687, "length": 4.0, "mode": "test", "epoch": 50}
{"loss": 0.18446892499923706, "acc": 0.9306196570396423, "length": 3.999762773513794, "mode": "train", "epoch": 51}
{"loss": 0.2497972697019577, "acc": 0.9206407070159912, "length": 4.0, "mode": "test", "epoch": 51}
{"loss": 0.17910891771316528, "acc": 0.9308561086654663, "length": 3.99969744682312, "mode": "train", "epoch": 52}
{"loss": 0.2502090334892273, "acc": 0.917971670627594, "length": 4.0, "mode": "test", "epoch": 52}
{"loss": 0.17896877229213715, "acc": 0.9309172034263611, "length": 3.9997951984405518, "mode": "train", "epoch": 53}
{"loss": 0.2545855939388275, "acc": 0.918149471282959, "length": 4.0, "mode": "test", "epoch": 53}
{"loss": 0.17358329892158508, "acc": 0.9326492547988892, "length": 3.9998557567596436, "mode": "train", "epoch": 54}
{"loss": 0.2556775212287903, "acc": 0.9174376726150513, "length": 4.0, "mode": "test", "epoch": 54}
{"loss": 0.1771058440208435, "acc": 0.9300270676612854, "length": 3.9998440742492676, "mode": "train", "epoch": 55}
{"loss": 0.25220948457717896, "acc": 0.9177934527397156, "length": 4.0, "mode": "test", "epoch": 55}
{"loss": 0.17659741640090942, "acc": 0.9283004403114319, "length": 3.99985933303833, "mode": "train", "epoch": 56}
{"loss": 0.24733424186706543, "acc": 0.9163699746131897, "length": 4.0, "mode": "test", "epoch": 56}
{"loss": 0.1718820184469223, "acc": 0.9328299164772034, "length": 3.9998772144317627, "mode": "train", "epoch": 57}
{"loss": 0.2487097978591919, "acc": 0.9193949103355408, "length": 4.0, "mode": "test", "epoch": 57}
{"loss": 0.17051777243614197, "acc": 0.9325332641601562, "length": 3.999898672103882, "mode": "train", "epoch": 58}
{"loss": 0.23792219161987305, "acc": 0.9208183884620667, "length": 4.0, "mode": "test", "epoch": 58}
{"loss": 0.1637406349182129, "acc": 0.9378979206085205, "length": 3.999927282333374, "mode": "train", "epoch": 59}
{"loss": 0.2504921555519104, "acc": 0.9217082858085632, "length": 4.0, "mode": "test", "epoch": 59}
{"loss": 0.16113732755184174, "acc": 0.936586856842041, "length": 3.9999194145202637, "mode": "train", "epoch": 60}
{"loss": 0.23710262775421143, "acc": 0.923665463924408, "length": 4.0, "mode": "test", "epoch": 60}
test accuracy: 0.8525000810623169
