# ["--attributes=3", "--values=4", "--game_size=10", "--vocab_size_factor=3", "--n_epochs=60", "--batch_size=32", "--learning_rate=0.001", "--hidden_size=256", "--temp_update=0.99", "--temperature=1"]
Creating train_ds and val_ds...

Creating test_ds...
{"loss": 0.702173113822937, "acc": 0.521386981010437, "length": 1.6212016344070435, "mode": "train", "epoch": 1}
{"loss": 0.6972588896751404, "acc": 0.528006911277771, "length": 1.0, "mode": "test", "epoch": 1}
{"loss": 0.6941850185394287, "acc": 0.5212867856025696, "length": 1.000794768333435, "mode": "train", "epoch": 2}
{"loss": 0.7167052626609802, "acc": 0.4900343716144562, "length": 1.0, "mode": "test", "epoch": 2}
{"loss": 0.6969603896141052, "acc": 0.5184703469276428, "length": 1.0009292364120483, "mode": "train", "epoch": 3}
{"loss": 0.6962795257568359, "acc": 0.5209622383117676, "length": 1.0, "mode": "test", "epoch": 3}
{"loss": 0.6950994729995728, "acc": 0.5147303938865662, "length": 1.0011162757873535, "mode": "train", "epoch": 4}
{"loss": 0.6957418322563171, "acc": 0.5204467177391052, "length": 1.0, "mode": "test", "epoch": 4}
{"loss": 0.6930271983146667, "acc": 0.5169177055358887, "length": 1.0037907361984253, "mode": "train", "epoch": 5}
{"loss": 0.7065040469169617, "acc": 0.49587634205818176, "length": 1.0, "mode": "test", "epoch": 5}
{"loss": 0.646300196647644, "acc": 0.6132153272628784, "length": 1.7205190658569336, "mode": "train", "epoch": 6}
{"loss": 0.583499550819397, "acc": 0.7041200995445251, "length": 2.123711347579956, "mode": "test", "epoch": 6}
{"loss": 0.574295163154602, "acc": 0.6849109530448914, "length": 1.8841071128845215, "mode": "train", "epoch": 7}
{"loss": 0.5396966338157654, "acc": 0.7062177658081055, "length": 1.9690722227096558, "mode": "test", "epoch": 7}
{"loss": 0.5618171095848083, "acc": 0.7009368538856506, "length": 2.0015439987182617, "mode": "train", "epoch": 8}
{"loss": 0.5037165284156799, "acc": 0.7418778538703918, "length": 2.6804122924804688, "mode": "test", "epoch": 8}
{"loss": 0.5208497047424316, "acc": 0.7396652102470398, "length": 2.6271772384643555, "mode": "train", "epoch": 9}
{"loss": 0.46961861848831177, "acc": 0.7733945846557617, "length": 3.123711347579956, "mode": "test", "epoch": 9}
{"loss": 0.4908701777458191, "acc": 0.7644033432006836, "length": 2.855497360229492, "mode": "train", "epoch": 10}
{"loss": 0.4754280149936676, "acc": 0.755294144153595, "length": 3.278350591659546, "mode": "test", "epoch": 10}
{"loss": 0.4835428297519684, "acc": 0.7678998112678528, "length": 3.148967742919922, "mode": "train", "epoch": 11}
{"loss": 0.4514358639717102, "acc": 0.7861630320549011, "length": 3.175257682800293, "mode": "test", "epoch": 11}
{"loss": 0.4658903181552887, "acc": 0.7757499814033508, "length": 3.05676531791687, "mode": "train", "epoch": 12}
{"loss": 0.4410329759120941, "acc": 0.7890732288360596, "length": 3.1855669021606445, "mode": "test", "epoch": 12}
{"loss": 0.4669436514377594, "acc": 0.7792041897773743, "length": 3.0496089458465576, "mode": "train", "epoch": 13}
{"loss": 0.44367095828056335, "acc": 0.7891430258750916, "length": 3.1340205669403076, "mode": "test", "epoch": 13}
{"loss": 0.46157076954841614, "acc": 0.780994713306427, "length": 3.0575640201568604, "mode": "train", "epoch": 14}
{"loss": 0.44099757075309753, "acc": 0.794464111328125, "length": 3.0824742317199707, "mode": "test", "epoch": 14}
{"loss": 0.4443178176879883, "acc": 0.7868754267692566, "length": 3.052457332611084, "mode": "train", "epoch": 15}
{"loss": 0.43829917907714844, "acc": 0.8022283911705017, "length": 3.1340205669403076, "mode": "test", "epoch": 15}
{"loss": 0.4481721520423889, "acc": 0.7912848591804504, "length": 3.0803117752075195, "mode": "train", "epoch": 16}
{"loss": 0.43892931938171387, "acc": 0.7888102531433105, "length": 3.020618438720703, "mode": "test", "epoch": 16}
{"loss": 0.4507071375846863, "acc": 0.7828463315963745, "length": 2.8872756958007812, "mode": "train", "epoch": 17}
{"loss": 0.4226469099521637, "acc": 0.8045854568481445, "length": 3.175257682800293, "mode": "test", "epoch": 17}
{"loss": 0.44004470109939575, "acc": 0.7964930534362793, "length": 3.0067977905273438, "mode": "train", "epoch": 18}
{"loss": 0.41385412216186523, "acc": 0.799860417842865, "length": 2.8900344371795654, "mode": "test", "epoch": 18}
{"loss": 0.43955594301223755, "acc": 0.7932119369506836, "length": 2.908989667892456, "mode": "train", "epoch": 19}
{"loss": 0.4146832525730133, "acc": 0.8072003722190857, "length": 2.948453664779663, "mode": "test", "epoch": 19}
{"loss": 0.40684428811073303, "acc": 0.8154565691947937, "length": 3.26595139503479, "mode": "train", "epoch": 20}
{"loss": 0.37114784121513367, "acc": 0.8281840682029724, "length": 3.6872851848602295, "mode": "test", "epoch": 20}
{"loss": 0.38113120198249817, "acc": 0.8309951424598694, "length": 3.4926273822784424, "mode": "train", "epoch": 21}
{"loss": 0.3549913763999939, "acc": 0.8453018069267273, "length": 3.5670104026794434, "mode": "test", "epoch": 21}
{"loss": 0.36011749505996704, "acc": 0.8448399305343628, "length": 3.5012590885162354, "mode": "train", "epoch": 22}
{"loss": 0.32706359028816223, "acc": 0.8642450571060181, "length": 3.529209613800049, "mode": "test", "epoch": 22}
{"loss": 0.3471960723400116, "acc": 0.8507957458496094, "length": 3.4863898754119873, "mode": "train", "epoch": 23}
{"loss": 0.314653605222702, "acc": 0.8718159198760986, "length": 3.4398624897003174, "mode": "test", "epoch": 23}
{"loss": 0.3396727740764618, "acc": 0.8603826761245728, "length": 3.4985408782958984, "mode": "train", "epoch": 24}
{"loss": 0.3024275004863739, "acc": 0.8701728582382202, "length": 3.573883056640625, "mode": "test", "epoch": 24}
{"loss": 0.31157273054122925, "acc": 0.8654282093048096, "length": 3.5036227703094482, "mode": "train", "epoch": 25}
{"loss": 0.2967398464679718, "acc": 0.8769329786300659, "length": 3.697594404220581, "mode": "test", "epoch": 25}
{"loss": 0.3102726340293884, "acc": 0.8717984557151794, "length": 3.5471818447113037, "mode": "train", "epoch": 26}
{"loss": 0.2769334018230438, "acc": 0.881550669670105, "length": 3.553264617919922, "mode": "test", "epoch": 26}
{"loss": 0.29286351799964905, "acc": 0.8773115277290344, "length": 3.530266046524048, "mode": "train", "epoch": 27}
{"loss": 0.26943615078926086, "acc": 0.8921069502830505, "length": 3.5154638290405273, "mode": "test", "epoch": 27}
{"loss": 0.295427143573761, "acc": 0.8781055808067322, "length": 3.524604082107544, "mode": "train", "epoch": 28}
{"loss": 0.2896350622177124, "acc": 0.8822755813598633, "length": 3.5395188331604004, "mode": "test", "epoch": 28}
{"loss": 0.2916985750198364, "acc": 0.8752114772796631, "length": 3.530179023742676, "mode": "train", "epoch": 29}
{"loss": 0.2660542130470276, "acc": 0.884213924407959, "length": 3.546391725540161, "mode": "test", "epoch": 29}
{"loss": 0.2906390428543091, "acc": 0.8819028735160828, "length": 3.548642158508301, "mode": "train", "epoch": 30}
{"loss": 0.28051483631134033, "acc": 0.8822862505912781, "length": 3.5429553985595703, "mode": "test", "epoch": 30}
{"loss": 0.2869025766849518, "acc": 0.8813961148262024, "length": 3.570218324661255, "mode": "train", "epoch": 31}
{"loss": 0.2607557475566864, "acc": 0.8826782703399658, "length": 3.5429553985595703, "mode": "test", "epoch": 31}
{"loss": 0.2801218032836914, "acc": 0.8792338967323303, "length": 3.5647494792938232, "mode": "train", "epoch": 32}
{"loss": 0.2707423269748688, "acc": 0.8857603073120117, "length": 3.701030969619751, "mode": "test", "epoch": 32}
{"loss": 0.28104206919670105, "acc": 0.883116602897644, "length": 3.6180903911590576, "mode": "train", "epoch": 33}
{"loss": 0.2610774040222168, "acc": 0.8984858393669128, "length": 3.6632301807403564, "mode": "test", "epoch": 33}
{"loss": 0.2798181474208832, "acc": 0.8869478106498718, "length": 3.631477117538452, "mode": "train", "epoch": 34}
{"loss": 0.25931021571159363, "acc": 0.8941473364830017, "length": 3.6116838455200195, "mode": "test", "epoch": 34}
{"loss": 0.27893632650375366, "acc": 0.8851558566093445, "length": 3.6186580657958984, "mode": "train", "epoch": 35}
{"loss": 0.28115490078926086, "acc": 0.8821038007736206, "length": 3.6391751766204834, "mode": "test", "epoch": 35}
{"loss": 0.2826705574989319, "acc": 0.8837267756462097, "length": 3.6189777851104736, "mode": "train", "epoch": 36}
{"loss": 0.2564997971057892, "acc": 0.8979005813598633, "length": 3.6838488578796387, "mode": "test", "epoch": 36}
{"loss": 0.2817555367946625, "acc": 0.8855472207069397, "length": 3.657618284225464, "mode": "train", "epoch": 37}
{"loss": 0.2666999101638794, "acc": 0.8947219252586365, "length": 3.597938060760498, "mode": "test", "epoch": 37}
{"loss": 0.275054931640625, "acc": 0.8828840255737305, "length": 3.6018381118774414, "mode": "train", "epoch": 38}
{"loss": 0.26479730010032654, "acc": 0.896966278553009, "length": 3.673539400100708, "mode": "test", "epoch": 38}
{"loss": 0.27520787715911865, "acc": 0.8851699233055115, "length": 3.6276559829711914, "mode": "train", "epoch": 39}
{"loss": 0.26879844069480896, "acc": 0.886989951133728, "length": 3.625429630279541, "mode": "test", "epoch": 39}
{"loss": 0.28534767031669617, "acc": 0.8804033994674683, "length": 3.637629747390747, "mode": "train", "epoch": 40}
{"loss": 0.25723761320114136, "acc": 0.8957207202911377, "length": 3.6323025226593018, "mode": "test", "epoch": 40}
{"loss": 0.2722465395927429, "acc": 0.8872901797294617, "length": 3.6113836765289307, "mode": "train", "epoch": 41}
{"loss": 0.26682955026626587, "acc": 0.8835588693618774, "length": 3.6597938537597656, "mode": "test", "epoch": 41}
{"loss": 0.2813117206096649, "acc": 0.8851203918457031, "length": 3.6030797958374023, "mode": "train", "epoch": 42}
{"loss": 0.2855302095413208, "acc": 0.8899163007736206, "length": 3.6357388496398926, "mode": "test", "epoch": 42}
{"loss": 0.2912948727607727, "acc": 0.8798189759254456, "length": 3.6293132305145264, "mode": "train", "epoch": 43}
{"loss": 0.2692381739616394, "acc": 0.8946467041969299, "length": 3.6838488578796387, "mode": "test", "epoch": 43}
{"loss": 0.2814464569091797, "acc": 0.8825592398643494, "length": 3.6277990341186523, "mode": "train", "epoch": 44}
{"loss": 0.2549671232700348, "acc": 0.8964883685112, "length": 3.6563572883605957, "mode": "test", "epoch": 44}
{"loss": 0.2755105197429657, "acc": 0.882617712020874, "length": 3.6269166469573975, "mode": "train", "epoch": 45}
{"loss": 0.2522217035293579, "acc": 0.8991785049438477, "length": 3.704467296600342, "mode": "test", "epoch": 45}
{"loss": 0.2714078426361084, "acc": 0.8885619044303894, "length": 3.66413950920105, "mode": "train", "epoch": 46}
{"loss": 0.2532082796096802, "acc": 0.902937114238739, "length": 3.7113401889801025, "mode": "test", "epoch": 46}
{"loss": 0.2639623284339905, "acc": 0.8900012969970703, "length": 3.712679147720337, "mode": "train", "epoch": 47}
{"loss": 0.2560025453567505, "acc": 0.8994631171226501, "length": 3.7869415283203125, "mode": "test", "epoch": 47}
{"loss": 0.25339940190315247, "acc": 0.8934569954872131, "length": 3.830064058303833, "mode": "train", "epoch": 48}
{"loss": 0.225700244307518, "acc": 0.9051599502563477, "length": 3.869415760040283, "mode": "test", "epoch": 48}
{"loss": 0.24896129965782166, "acc": 0.8979384303092957, "length": 3.9217872619628906, "mode": "train", "epoch": 49}
{"loss": 0.2677023708820343, "acc": 0.8936210870742798, "length": 3.948453664779663, "mode": "test", "epoch": 49}
{"loss": 0.25669747591018677, "acc": 0.8968933820724487, "length": 3.95108962059021, "mode": "train", "epoch": 50}
{"loss": 0.23916243016719818, "acc": 0.9071843028068542, "length": 3.9415807723999023, "mode": "test", "epoch": 50}
{"loss": 0.2452399879693985, "acc": 0.8995980620384216, "length": 3.961833953857422, "mode": "train", "epoch": 51}
{"loss": 0.22914917767047882, "acc": 0.9111469984054565, "length": 3.9381444454193115, "mode": "test", "epoch": 51}
{"loss": 0.24359163641929626, "acc": 0.8968778252601624, "length": 3.9565014839172363, "mode": "train", "epoch": 52}
{"loss": 0.2354888767004013, "acc": 0.9014443755149841, "length": 3.969072103500366, "mode": "test", "epoch": 52}
{"loss": 0.24077290296554565, "acc": 0.8999046087265015, "length": 3.9731433391571045, "mode": "train", "epoch": 53}
{"loss": 0.2243577092885971, "acc": 0.9097455739974976, "length": 3.972508668899536, "mode": "test", "epoch": 53}
{"loss": 0.24016006290912628, "acc": 0.90086829662323, "length": 3.9803552627563477, "mode": "train", "epoch": 54}
{"loss": 0.22465448081493378, "acc": 0.9135148525238037, "length": 3.9862542152404785, "mode": "test", "epoch": 54}
{"loss": 0.2563726305961609, "acc": 0.8925559520721436, "length": 3.9768664836883545, "mode": "train", "epoch": 55}
{"loss": 0.30052605271339417, "acc": 0.8812123537063599, "length": 3.969072103500366, "mode": "test", "epoch": 55}
{"loss": 0.28904157876968384, "acc": 0.8786885738372803, "length": 3.9533567428588867, "mode": "train", "epoch": 56}
{"loss": 0.2571254074573517, "acc": 0.9060727953910828, "length": 3.9828178882598877, "mode": "test", "epoch": 56}
{"loss": 0.2555980086326599, "acc": 0.8959875702857971, "length": 3.948624610900879, "mode": "train", "epoch": 57}
{"loss": 0.22491736710071564, "acc": 0.9051439166069031, "length": 3.972508668899536, "mode": "test", "epoch": 57}
{"loss": 0.23534107208251953, "acc": 0.8978908658027649, "length": 3.9216625690460205, "mode": "train", "epoch": 58}
{"loss": 0.23555941879749298, "acc": 0.9105240106582642, "length": 3.92096209526062, "mode": "test", "epoch": 58}
{"loss": 0.23714490234851837, "acc": 0.9026803374290466, "length": 3.9560720920562744, "mode": "train", "epoch": 59}
{"loss": 0.22780366241931915, "acc": 0.9130584597587585, "length": 4.0, "mode": "test", "epoch": 59}
{"loss": 0.24015752971172333, "acc": 0.9000303149223328, "length": 3.9883062839508057, "mode": "train", "epoch": 60}
{"loss": 0.21313463151454926, "acc": 0.9133859872817993, "length": 3.9828178882598877, "mode": "test", "epoch": 60}
test accuracy: 0.7521038055419922
