# ["--attributes=5", "--values=4", "--game_size=10", "--vocab_size_factor=3", "--n_epochs=60", "--batch_size=128", "--learning_rate=0.001", "--hidden_size=256", "--temp_update=0.97", "--temperature=1"]
Creating train_ds and val_ds...

Creating test_ds...
{"loss": 0.7294957041740417, "acc": 0.5166804790496826, "length": 3.174525737762451, "mode": "train", "epoch": 1}
{"loss": 0.6924850940704346, "acc": 0.5414336323738098, "length": 1.0, "mode": "test", "epoch": 1}
{"loss": 0.6960104703903198, "acc": 0.521967887878418, "length": 1.3314030170440674, "mode": "train", "epoch": 2}
{"loss": 0.6867228746414185, "acc": 0.5517481565475464, "length": 1.0, "mode": "test", "epoch": 2}
{"loss": 0.6927517056465149, "acc": 0.5228971242904663, "length": 1.0063499212265015, "mode": "train", "epoch": 3}
{"loss": 0.690433144569397, "acc": 0.5442306995391846, "length": 1.0, "mode": "test", "epoch": 3}
{"loss": 0.690632700920105, "acc": 0.5333750247955322, "length": 1.0008478164672852, "mode": "train", "epoch": 4}
{"loss": 0.6941658854484558, "acc": 0.5300699472427368, "length": 1.0, "mode": "test", "epoch": 4}
{"loss": 0.690067708492279, "acc": 0.5223700404167175, "length": 1.0002490282058716, "mode": "train", "epoch": 5}
{"loss": 0.6893179416656494, "acc": 0.5388111472129822, "length": 1.0, "mode": "test", "epoch": 5}
{"loss": 0.690131425857544, "acc": 0.5294493436813354, "length": 1.0000859498977661, "mode": "train", "epoch": 6}
{"loss": 0.6887351870536804, "acc": 0.5396853089332581, "length": 1.0, "mode": "test", "epoch": 6}
{"loss": 0.6893875598907471, "acc": 0.5311484932899475, "length": 1.0002126693725586, "mode": "train", "epoch": 7}
{"loss": 0.6898180246353149, "acc": 0.5412587523460388, "length": 1.0, "mode": "test", "epoch": 7}
{"loss": 0.6884803175926208, "acc": 0.5337823033332825, "length": 1.00009286403656, "mode": "train", "epoch": 8}
{"loss": 0.6884371638298035, "acc": 0.535314679145813, "length": 1.0, "mode": "test", "epoch": 8}
{"loss": 0.6890175342559814, "acc": 0.5316161513328552, "length": 1.0000674724578857, "mode": "train", "epoch": 9}
{"loss": 0.690102756023407, "acc": 0.5372377634048462, "length": 1.0, "mode": "test", "epoch": 9}
{"loss": 0.6885963082313538, "acc": 0.5302700996398926, "length": 1.000139832496643, "mode": "train", "epoch": 10}
{"loss": 0.6896679401397705, "acc": 0.5323427319526672, "length": 1.0, "mode": "test", "epoch": 10}
{"loss": 0.6902359127998352, "acc": 0.5293910503387451, "length": 1.0000271797180176, "mode": "train", "epoch": 11}
{"loss": 0.6895997524261475, "acc": 0.5382866859436035, "length": 1.0, "mode": "test", "epoch": 11}
{"loss": 0.6877630352973938, "acc": 0.5338417887687683, "length": 1.0000619888305664, "mode": "train", "epoch": 12}
{"loss": 0.6899956464767456, "acc": 0.5414334535598755, "length": 1.0, "mode": "test", "epoch": 12}
{"loss": 0.6889541149139404, "acc": 0.524297833442688, "length": 1.0000821352005005, "mode": "train", "epoch": 13}
{"loss": 0.6874262690544128, "acc": 0.5419579148292542, "length": 1.0, "mode": "test", "epoch": 13}
{"loss": 0.6872581243515015, "acc": 0.5296840071678162, "length": 1.0000299215316772, "mode": "train", "epoch": 14}
{"loss": 0.689429759979248, "acc": 0.5354896783828735, "length": 1.0, "mode": "test", "epoch": 14}
{"loss": 0.68956059217453, "acc": 0.5300938487052917, "length": 1.0000174045562744, "mode": "train", "epoch": 15}
{"loss": 0.6895802021026611, "acc": 0.5400349497795105, "length": 1.0, "mode": "test", "epoch": 15}
{"loss": 0.6878140568733215, "acc": 0.5339571237564087, "length": 1.0000395774841309, "mode": "train", "epoch": 16}
{"loss": 0.6870965957641602, "acc": 0.5566434264183044, "length": 1.0, "mode": "test", "epoch": 16}
{"loss": 0.689316987991333, "acc": 0.5340749025344849, "length": 1.0000135898590088, "mode": "train", "epoch": 17}
{"loss": 0.6870695352554321, "acc": 0.5361888408660889, "length": 1.0, "mode": "test", "epoch": 17}
{"loss": 0.6878309845924377, "acc": 0.5328454375267029, "length": 1.0000053644180298, "mode": "train", "epoch": 18}
{"loss": 0.691598117351532, "acc": 0.5361888408660889, "length": 1.0, "mode": "test", "epoch": 18}
{"loss": 0.6877157688140869, "acc": 0.5388758182525635, "length": 1.0000038146972656, "mode": "train", "epoch": 19}
{"loss": 0.6869974136352539, "acc": 0.5430070161819458, "length": 1.0, "mode": "test", "epoch": 19}
{"loss": 0.6870372295379639, "acc": 0.5357728004455566, "length": 1.0000056028366089, "mode": "train", "epoch": 20}
{"loss": 0.6869553327560425, "acc": 0.5452797412872314, "length": 1.0, "mode": "test", "epoch": 20}
{"loss": 0.6876508593559265, "acc": 0.5398126244544983, "length": 1.0000076293945312, "mode": "train", "epoch": 21}
{"loss": 0.6879676580429077, "acc": 0.5437062382698059, "length": 1.0, "mode": "test", "epoch": 21}
{"loss": 0.6876280903816223, "acc": 0.5379388928413391, "length": 1.0004260540008545, "mode": "train", "epoch": 22}
{"loss": 0.6871227025985718, "acc": 0.5461538434028625, "length": 1.0, "mode": "test", "epoch": 22}
{"loss": 0.6867068409919739, "acc": 0.541334867477417, "length": 1.0000005960464478, "mode": "train", "epoch": 23}
{"loss": 0.687837541103363, "acc": 0.5398601293563843, "length": 1.0, "mode": "test", "epoch": 23}
{"loss": 0.6860712170600891, "acc": 0.535714328289032, "length": 1.000001311302185, "mode": "train", "epoch": 24}
{"loss": 0.6867127418518066, "acc": 0.544930100440979, "length": 1.0, "mode": "test", "epoch": 24}
{"loss": 0.6865853071212769, "acc": 0.5365924835205078, "length": 1.000002384185791, "mode": "train", "epoch": 25}
{"loss": 0.6860947012901306, "acc": 0.5456293821334839, "length": 1.0, "mode": "test", "epoch": 25}
{"loss": 0.6868626475334167, "acc": 0.5375878214836121, "length": 1.0000001192092896, "mode": "train", "epoch": 26}
{"loss": 0.6875150203704834, "acc": 0.5479021072387695, "length": 1.0, "mode": "test", "epoch": 26}
{"loss": 0.68616783618927, "acc": 0.5480093955993652, "length": 1.0000004768371582, "mode": "train", "epoch": 27}
{"loss": 0.6870477199554443, "acc": 0.5480768084526062, "length": 1.0, "mode": "test", "epoch": 27}
{"loss": 0.686169445514679, "acc": 0.5518735647201538, "length": 1.0000022649765015, "mode": "train", "epoch": 28}
{"loss": 0.6874455809593201, "acc": 0.5386363863945007, "length": 1.0, "mode": "test", "epoch": 28}
{"loss": 0.6859796643257141, "acc": 0.5419657230377197, "length": 1.0011645555496216, "mode": "train", "epoch": 29}
{"loss": 0.6840156316757202, "acc": 0.5624126195907593, "length": 1.0, "mode": "test", "epoch": 29}
{"loss": 0.6864092946052551, "acc": 0.5354801416397095, "length": 1.0000001192092896, "mode": "train", "epoch": 30}
{"loss": 0.6863751411437988, "acc": 0.5363636016845703, "length": 1.0, "mode": "test", "epoch": 30}
{"loss": 0.6844724416732788, "acc": 0.552751898765564, "length": 1.0000022649765015, "mode": "train", "epoch": 31}
{"loss": 0.6831180453300476, "acc": 0.5667833685874939, "length": 1.0, "mode": "test", "epoch": 31}
{"loss": 0.6845656037330627, "acc": 0.5430916547775269, "length": 1.0000218152999878, "mode": "train", "epoch": 32}
{"loss": 0.6861478686332703, "acc": 0.567307710647583, "length": 1.0, "mode": "test", "epoch": 32}
{"loss": 0.6843546628952026, "acc": 0.5461943745613098, "length": 1.000002384185791, "mode": "train", "epoch": 33}
{"loss": 0.6861943602561951, "acc": 0.5547202825546265, "length": 1.0, "mode": "test", "epoch": 33}
{"loss": 0.6834306120872498, "acc": 0.5533371567726135, "length": 1.0000001192092896, "mode": "train", "epoch": 34}
{"loss": 0.6825520992279053, "acc": 0.5624126195907593, "length": 1.0, "mode": "test", "epoch": 34}
{"loss": 0.6860908269882202, "acc": 0.54707270860672, "length": 1.0000026226043701, "mode": "train", "epoch": 35}
{"loss": 0.683788001537323, "acc": 0.5571678280830383, "length": 1.0, "mode": "test", "epoch": 35}
{"loss": 0.684728741645813, "acc": 0.5468969941139221, "length": 1.0000004768371582, "mode": "train", "epoch": 36}
{"loss": 0.6861631274223328, "acc": 0.5393356680870056, "length": 1.0, "mode": "test", "epoch": 36}
{"loss": 0.6851761341094971, "acc": 0.5376464128494263, "length": 1.0000032186508179, "mode": "train", "epoch": 37}
{"loss": 0.6858720183372498, "acc": 0.5419579744338989, "length": 1.0, "mode": "test", "epoch": 37}
{"loss": 0.6836156249046326, "acc": 0.5403982400894165, "length": 1.000016689300537, "mode": "train", "epoch": 38}
{"loss": 0.6813256740570068, "acc": 0.5729021430015564, "length": 1.0, "mode": "test", "epoch": 38}
{"loss": 0.684029757976532, "acc": 0.5567914843559265, "length": 1.0000022649765015, "mode": "train", "epoch": 39}
{"loss": 0.6871694326400757, "acc": 0.5311189293861389, "length": 1.0, "mode": "test", "epoch": 39}
{"loss": 0.682440459728241, "acc": 0.5543325543403625, "length": 1.0000007152557373, "mode": "train", "epoch": 40}
{"loss": 0.682483434677124, "acc": 0.5575174689292908, "length": 1.0, "mode": "test", "epoch": 40}
{"loss": 0.682762086391449, "acc": 0.5518149137496948, "length": 1.0, "mode": "train", "epoch": 41}
{"loss": 0.6803725957870483, "acc": 0.5729021430015564, "length": 1.0, "mode": "test", "epoch": 41}
{"loss": 0.6831392049789429, "acc": 0.5444401502609253, "length": 1.000098705291748, "mode": "train", "epoch": 42}
{"loss": 0.6857359409332275, "acc": 0.5454546213150024, "length": 1.0, "mode": "test", "epoch": 42}
{"loss": 0.681395411491394, "acc": 0.5549765825271606, "length": 1.0000052452087402, "mode": "train", "epoch": 43}
{"loss": 0.6844925880432129, "acc": 0.544930100440979, "length": 1.0, "mode": "test", "epoch": 43}
{"loss": 0.6835007071495056, "acc": 0.5463116765022278, "length": 1.0001368522644043, "mode": "train", "epoch": 44}
{"loss": 0.6814698576927185, "acc": 0.5729021430015564, "length": 1.0, "mode": "test", "epoch": 44}
{"loss": 0.6830736398696899, "acc": 0.5486533641815186, "length": 1.000000238418579, "mode": "train", "epoch": 45}
{"loss": 0.6836334466934204, "acc": 0.5554196238517761, "length": 1.0, "mode": "test", "epoch": 45}
{"loss": 0.6835524439811707, "acc": 0.5493565201759338, "length": 1.000027060508728, "mode": "train", "epoch": 46}
{"loss": 0.6842328906059265, "acc": 0.5571678280830383, "length": 1.0, "mode": "test", "epoch": 46}
{"loss": 0.6820816397666931, "acc": 0.5548595190048218, "length": 1.0000009536743164, "mode": "train", "epoch": 47}
{"loss": 0.6792691946029663, "acc": 0.5701049566268921, "length": 1.0, "mode": "test", "epoch": 47}
{"loss": 0.6825176477432251, "acc": 0.5491705536842346, "length": 1.000239610671997, "mode": "train", "epoch": 48}
{"loss": 0.6843949556350708, "acc": 0.5541958212852478, "length": 1.0, "mode": "test", "epoch": 48}
{"loss": 0.6805375814437866, "acc": 0.5587238073348999, "length": 1.0000132322311401, "mode": "train", "epoch": 49}
{"loss": 0.6812297105789185, "acc": 0.5657342076301575, "length": 1.0, "mode": "test", "epoch": 49}
{"loss": 0.68281489610672, "acc": 0.5559718012809753, "length": 1.000014305114746, "mode": "train", "epoch": 50}
{"loss": 0.6813162565231323, "acc": 0.5571678280830383, "length": 1.0, "mode": "test", "epoch": 50}
{"loss": 0.681121289730072, "acc": 0.5525174736976624, "length": 1.000002384185791, "mode": "train", "epoch": 51}
{"loss": 0.6842949390411377, "acc": 0.5506993532180786, "length": 1.0, "mode": "test", "epoch": 51}
{"loss": 0.6816161870956421, "acc": 0.5581966042518616, "length": 1.0000001192092896, "mode": "train", "epoch": 52}
{"loss": 0.6803109049797058, "acc": 0.559790313243866, "length": 1.0, "mode": "test", "epoch": 52}
{"loss": 0.6814972162246704, "acc": 0.5516393780708313, "length": 1.0000011920928955, "mode": "train", "epoch": 53}
{"loss": 0.6822761297225952, "acc": 0.5569930672645569, "length": 1.0, "mode": "test", "epoch": 53}
{"loss": 0.6803556084632874, "acc": 0.5609484910964966, "length": 1.0000003576278687, "mode": "train", "epoch": 54}
{"loss": 0.6816310882568359, "acc": 0.5744754672050476, "length": 1.0, "mode": "test", "epoch": 54}
{"loss": 0.6816473603248596, "acc": 0.5540986061096191, "length": 1.0000364780426025, "mode": "train", "epoch": 55}
{"loss": 0.68133544921875, "acc": 0.5419579744338989, "length": 1.0, "mode": "test", "epoch": 55}
{"loss": 0.6799476146697998, "acc": 0.5576112270355225, "length": 1.0000007152557373, "mode": "train", "epoch": 56}
{"loss": 0.6847438812255859, "acc": 0.5480769872665405, "length": 1.0, "mode": "test", "epoch": 56}
{"loss": 0.6797590851783752, "acc": 0.5571428537368774, "length": 1.0000003576278687, "mode": "train", "epoch": 57}
{"loss": 0.6784874200820923, "acc": 0.5701049566268921, "length": 1.0, "mode": "test", "epoch": 57}
{"loss": 0.6809422969818115, "acc": 0.5498243570327759, "length": 1.0000005960464478, "mode": "train", "epoch": 58}
{"loss": 0.6839265823364258, "acc": 0.5484265685081482, "length": 1.0, "mode": "test", "epoch": 58}
{"loss": 0.6797998547554016, "acc": 0.5639929175376892, "length": 1.0000009536743164, "mode": "train", "epoch": 59}
{"loss": 0.6810800433158875, "acc": 0.5562937259674072, "length": 1.0, "mode": "test", "epoch": 59}
{"loss": 0.6802412867546082, "acc": 0.5612397193908691, "length": 1.000167965888977, "mode": "train", "epoch": 60}
{"loss": 0.6807312369346619, "acc": 0.559790313243866, "length": 1.0, "mode": "test", "epoch": 60}
test accuracy: 0.2750000059604645
