# ["--attributes=5", "--values=4", "--game_size=10", "--vocab_size_factor=3", "--n_epochs=60", "--batch_size=128", "--learning_rate=0.001", "--hidden_size=256", "--temp_update=0.97", "--temperature=1.5"]
Creating train_ds and val_ds...

Creating test_ds...
{"loss": 0.7169243097305298, "acc": 0.5194810032844543, "length": 3.3208372592926025, "mode": "train", "epoch": 1}
{"loss": 0.6931818723678589, "acc": 0.4991408884525299, "length": 1.0, "mode": "test", "epoch": 1}
{"loss": 0.694181501865387, "acc": 0.5152518153190613, "length": 1.7388273477554321, "mode": "train", "epoch": 2}
{"loss": 0.695738673210144, "acc": 0.5063574910163879, "length": 1.0, "mode": "test", "epoch": 2}
{"loss": 0.689845860004425, "acc": 0.5337907075881958, "length": 1.0512644052505493, "mode": "train", "epoch": 3}
{"loss": 0.6997890472412109, "acc": 0.5015463829040527, "length": 1.0, "mode": "test", "epoch": 3}
{"loss": 0.6861312389373779, "acc": 0.5247881412506104, "length": 1.0598574876785278, "mode": "train", "epoch": 4}
{"loss": 0.695016086101532, "acc": 0.5099655985832214, "length": 1.0, "mode": "test", "epoch": 4}
{"loss": 0.6573338508605957, "acc": 0.6045583486557007, "length": 1.7996914386749268, "mode": "train", "epoch": 5}
{"loss": 0.6163269877433777, "acc": 0.7020465135574341, "length": 2.5670104026794434, "mode": "test", "epoch": 5}
{"loss": 0.5937753915786743, "acc": 0.699213981628418, "length": 2.4283924102783203, "mode": "train", "epoch": 6}
{"loss": 0.5803517699241638, "acc": 0.6968171000480652, "length": 2.546391725540161, "mode": "test", "epoch": 6}
{"loss": 0.5747459530830383, "acc": 0.6902854442596436, "length": 2.507645845413208, "mode": "train", "epoch": 7}
{"loss": 0.5932030081748962, "acc": 0.6867294907569885, "length": 2.402061939239502, "mode": "test", "epoch": 7}
{"loss": 0.5675589442253113, "acc": 0.6959871053695679, "length": 2.537954568862915, "mode": "train", "epoch": 8}
{"loss": 0.5798277854919434, "acc": 0.6819356679916382, "length": 2.5670104026794434, "mode": "test", "epoch": 8}
{"loss": 0.5521708726882935, "acc": 0.7126621603965759, "length": 2.7548320293426514, "mode": "train", "epoch": 9}
{"loss": 0.5406683683395386, "acc": 0.7271560430526733, "length": 2.7319588661193848, "mode": "test", "epoch": 9}
{"loss": 0.5205491185188293, "acc": 0.7488695979118347, "length": 2.9015119075775146, "mode": "train", "epoch": 10}
{"loss": 0.4965628385543823, "acc": 0.7633638978004456, "length": 3.0618555545806885, "mode": "test", "epoch": 10}
{"loss": 0.46371448040008545, "acc": 0.789583146572113, "length": 3.1302671432495117, "mode": "train", "epoch": 11}
{"loss": 0.4342287480831146, "acc": 0.8147756457328796, "length": 3.2061855792999268, "mode": "test", "epoch": 11}
{"loss": 0.41103920340538025, "acc": 0.8271008133888245, "length": 3.2516422271728516, "mode": "train", "epoch": 12}
{"loss": 0.42208796739578247, "acc": 0.8198181986808777, "length": 3.2371134757995605, "mode": "test", "epoch": 12}
{"loss": 0.39468175172805786, "acc": 0.8368628025054932, "length": 3.277512788772583, "mode": "train", "epoch": 13}
{"loss": 0.4145156741142273, "acc": 0.8200763463973999, "length": 3.2680411338806152, "mode": "test", "epoch": 13}
{"loss": 0.3863130807876587, "acc": 0.8414461016654968, "length": 3.251832962036133, "mode": "train", "epoch": 14}
{"loss": 0.40801680088043213, "acc": 0.8213204145431519, "length": 3.2577319145202637, "mode": "test", "epoch": 14}
{"loss": 0.37670281529426575, "acc": 0.8438174724578857, "length": 3.241947889328003, "mode": "train", "epoch": 15}
{"loss": 0.40929192304611206, "acc": 0.8146377205848694, "length": 3.278350591659546, "mode": "test", "epoch": 15}
{"loss": 0.3647117018699646, "acc": 0.8462037444114685, "length": 3.261291742324829, "mode": "train", "epoch": 16}
{"loss": 0.3926301896572113, "acc": 0.8310797810554504, "length": 3.2061855792999268, "mode": "test", "epoch": 16}
{"loss": 0.35819995403289795, "acc": 0.8472530245780945, "length": 3.241267681121826, "mode": "train", "epoch": 17}
{"loss": 0.39367902278900146, "acc": 0.8225013613700867, "length": 3.195876359939575, "mode": "test", "epoch": 17}
{"loss": 0.3450872004032135, "acc": 0.8550508618354797, "length": 3.2496824264526367, "mode": "train", "epoch": 18}
{"loss": 0.38432931900024414, "acc": 0.826210081577301, "length": 3.2371134757995605, "mode": "test", "epoch": 18}
{"loss": 0.33837518095970154, "acc": 0.8591610789299011, "length": 3.2616488933563232, "mode": "train", "epoch": 19}
{"loss": 0.3930703103542328, "acc": 0.8256245851516724, "length": 3.2680411338806152, "mode": "test", "epoch": 19}
{"loss": 0.3387409746646881, "acc": 0.8591408133506775, "length": 3.2354073524475098, "mode": "train", "epoch": 20}
{"loss": 0.37875354290008545, "acc": 0.8288055658340454, "length": 3.2061855792999268, "mode": "test", "epoch": 20}
{"loss": 0.32751843333244324, "acc": 0.8587716817855835, "length": 3.2267699241638184, "mode": "train", "epoch": 21}
{"loss": 0.35542625188827515, "acc": 0.8418309688568115, "length": 3.1855669021606445, "mode": "test", "epoch": 21}
{"loss": 0.3122856318950653, "acc": 0.8675023913383484, "length": 3.240659713745117, "mode": "train", "epoch": 22}
{"loss": 0.3445822596549988, "acc": 0.8482670187950134, "length": 3.2577319145202637, "mode": "test", "epoch": 22}
{"loss": 0.3042351305484772, "acc": 0.8699752688407898, "length": 3.2834665775299072, "mode": "train", "epoch": 23}
{"loss": 0.3295249938964844, "acc": 0.8537918925285339, "length": 3.22680401802063, "mode": "test", "epoch": 23}
{"loss": 0.29968738555908203, "acc": 0.8727096915245056, "length": 3.3267738819122314, "mode": "train", "epoch": 24}
{"loss": 0.3199370503425598, "acc": 0.8550770878791809, "length": 3.3402061462402344, "mode": "test", "epoch": 24}
{"loss": 0.28292232751846313, "acc": 0.883217453956604, "length": 3.33836030960083, "mode": "train", "epoch": 25}
{"loss": 0.312924325466156, "acc": 0.8677361607551575, "length": 3.4329895973205566, "mode": "test", "epoch": 25}
{"loss": 0.2710858881473541, "acc": 0.8914092779159546, "length": 3.451164484024048, "mode": "train", "epoch": 26}
{"loss": 0.29451555013656616, "acc": 0.8831999897956848, "length": 3.525773286819458, "mode": "test", "epoch": 26}
{"loss": 0.26286542415618896, "acc": 0.8920263648033142, "length": 3.5909945964813232, "mode": "train", "epoch": 27}
{"loss": 0.2843112349510193, "acc": 0.8935505747795105, "length": 3.84536075592041, "mode": "test", "epoch": 27}
{"loss": 0.24471981823444366, "acc": 0.8999649286270142, "length": 3.7971603870391846, "mode": "train", "epoch": 28}
{"loss": 0.26655012369155884, "acc": 0.8960816860198975, "length": 3.9381444454193115, "mode": "test", "epoch": 28}
{"loss": 0.22922798991203308, "acc": 0.9077225923538208, "length": 3.8495121002197266, "mode": "train", "epoch": 29}
{"loss": 0.2717895209789276, "acc": 0.90602046251297, "length": 3.9896907806396484, "mode": "test", "epoch": 29}
{"loss": 0.21338418126106262, "acc": 0.9204362630844116, "length": 3.9669270515441895, "mode": "train", "epoch": 30}
{"loss": 0.26005491614341736, "acc": 0.9039519429206848, "length": 4.0, "mode": "test", "epoch": 30}
{"loss": 0.20099039375782013, "acc": 0.9246057271957397, "length": 3.9994454383850098, "mode": "train", "epoch": 31}
{"loss": 0.2508566379547119, "acc": 0.9099656939506531, "length": 4.0, "mode": "test", "epoch": 31}
{"loss": 0.206478089094162, "acc": 0.9182168841362, "length": 3.9989194869995117, "mode": "train", "epoch": 32}
{"loss": 0.23600393533706665, "acc": 0.9067010283470154, "length": 4.0, "mode": "test", "epoch": 32}
{"loss": 0.22219052910804749, "acc": 0.9135516285896301, "length": 3.9989511966705322, "mode": "train", "epoch": 33}
{"loss": 0.2553437352180481, "acc": 0.9032645225524902, "length": 4.0, "mode": "test", "epoch": 33}
{"loss": 0.22105737030506134, "acc": 0.913108229637146, "length": 3.9976367950439453, "mode": "train", "epoch": 34}
{"loss": 0.2688237428665161, "acc": 0.8972508907318115, "length": 4.0, "mode": "test", "epoch": 34}
{"loss": 0.20680007338523865, "acc": 0.9243021011352539, "length": 3.9973857402801514, "mode": "train", "epoch": 35}
{"loss": 0.2445565164089203, "acc": 0.9094502329826355, "length": 4.0, "mode": "test", "epoch": 35}
{"loss": 0.19419755041599274, "acc": 0.9280160069465637, "length": 3.9998719692230225, "mode": "train", "epoch": 36}
{"loss": 0.23707228899002075, "acc": 0.9135739207267761, "length": 4.0, "mode": "test", "epoch": 36}
{"loss": 0.18811652064323425, "acc": 0.933182418346405, "length": 3.9996089935302734, "mode": "train", "epoch": 37}
{"loss": 0.2316800355911255, "acc": 0.9178693294525146, "length": 4.0, "mode": "test", "epoch": 37}
{"loss": 0.1831175684928894, "acc": 0.9331570863723755, "length": 3.996342420578003, "mode": "train", "epoch": 38}
{"loss": 0.23044919967651367, "acc": 0.9099656939506531, "length": 4.0, "mode": "test", "epoch": 38}
{"loss": 0.1797545850276947, "acc": 0.9372767806053162, "length": 3.9997847080230713, "mode": "train", "epoch": 39}
{"loss": 0.22393161058425903, "acc": 0.9168384671211243, "length": 4.0, "mode": "test", "epoch": 39}
{"loss": 0.1764475256204605, "acc": 0.9365854263305664, "length": 3.9996907711029053, "mode": "train", "epoch": 40}
{"loss": 0.2201656699180603, "acc": 0.917525589466095, "length": 4.0, "mode": "test", "epoch": 40}
{"loss": 0.17606911063194275, "acc": 0.9370156526565552, "length": 3.998549461364746, "mode": "train", "epoch": 41}
{"loss": 0.21299415826797485, "acc": 0.9243984222412109, "length": 4.0, "mode": "test", "epoch": 41}
{"loss": 0.1707250475883484, "acc": 0.9395431876182556, "length": 3.9986724853515625, "mode": "train", "epoch": 42}
{"loss": 0.20476292073726654, "acc": 0.9225086569786072, "length": 4.0, "mode": "test", "epoch": 42}
{"loss": 0.1628454625606537, "acc": 0.945298969745636, "length": 3.9988932609558105, "mode": "train", "epoch": 43}
{"loss": 0.21461495757102966, "acc": 0.9238832592964172, "length": 4.0, "mode": "test", "epoch": 43}
{"loss": 0.1573599874973297, "acc": 0.9443541169166565, "length": 3.995762825012207, "mode": "train", "epoch": 44}
{"loss": 0.21626237034797668, "acc": 0.9192438721656799, "length": 4.0, "mode": "test", "epoch": 44}
{"loss": 0.16583244502544403, "acc": 0.9406211376190186, "length": 3.999990224838257, "mode": "train", "epoch": 45}
{"loss": 0.22847461700439453, "acc": 0.9226804375648499, "length": 4.0, "mode": "test", "epoch": 45}
{"loss": 0.1747318059206009, "acc": 0.9352061748504639, "length": 3.999711751937866, "mode": "train", "epoch": 46}
{"loss": 0.2144986242055893, "acc": 0.9230241775512695, "length": 4.0, "mode": "test", "epoch": 46}
{"loss": 0.17358170449733734, "acc": 0.9315280318260193, "length": 3.999920606613159, "mode": "train", "epoch": 47}
{"loss": 0.20389041304588318, "acc": 0.9226803183555603, "length": 4.0, "mode": "test", "epoch": 47}
{"loss": 0.1653512418270111, "acc": 0.9410157203674316, "length": 3.9997191429138184, "mode": "train", "epoch": 48}
{"loss": 0.20952197909355164, "acc": 0.9233677387237549, "length": 4.0, "mode": "test", "epoch": 48}
{"loss": 0.16519640386104584, "acc": 0.9414144158363342, "length": 3.9997665882110596, "mode": "train", "epoch": 49}
{"loss": 0.19688642024993896, "acc": 0.9341923594474792, "length": 4.0, "mode": "test", "epoch": 49}
{"loss": 0.14868929982185364, "acc": 0.9483911395072937, "length": 3.9986066818237305, "mode": "train", "epoch": 50}
{"loss": 0.21071630716323853, "acc": 0.9221648573875427, "length": 4.0, "mode": "test", "epoch": 50}
{"loss": 0.1612631380558014, "acc": 0.9427424669265747, "length": 3.99920654296875, "mode": "train", "epoch": 51}
{"loss": 0.22071218490600586, "acc": 0.9286941289901733, "length": 4.0, "mode": "test", "epoch": 51}
{"loss": 0.15027910470962524, "acc": 0.947350263595581, "length": 3.9999048709869385, "mode": "train", "epoch": 52}
{"loss": 0.21057963371276855, "acc": 0.9317870140075684, "length": 4.0, "mode": "test", "epoch": 52}
{"loss": 0.1453210562467575, "acc": 0.9544194340705872, "length": 3.999680757522583, "mode": "train", "epoch": 53}
{"loss": 0.19101276993751526, "acc": 0.9326461553573608, "length": 4.0, "mode": "test", "epoch": 53}
{"loss": 0.14048951864242554, "acc": 0.9509017467498779, "length": 3.9990153312683105, "mode": "train", "epoch": 54}
{"loss": 0.182682603597641, "acc": 0.9352231621742249, "length": 4.0, "mode": "test", "epoch": 54}
{"loss": 0.12993942201137543, "acc": 0.9534949064254761, "length": 3.9996535778045654, "mode": "train", "epoch": 55}
{"loss": 0.17633861303329468, "acc": 0.9336768984794617, "length": 4.0, "mode": "test", "epoch": 55}
{"loss": 0.13003866374492645, "acc": 0.9565662741661072, "length": 3.9983134269714355, "mode": "train", "epoch": 56}
{"loss": 0.17114238440990448, "acc": 0.936082661151886, "length": 4.0, "mode": "test", "epoch": 56}
{"loss": 0.12875550985336304, "acc": 0.9569032192230225, "length": 3.999966621398926, "mode": "train", "epoch": 57}
{"loss": 0.17301705479621887, "acc": 0.933505117893219, "length": 4.0, "mode": "test", "epoch": 57}
{"loss": 0.1288045346736908, "acc": 0.9556381702423096, "length": 3.999985456466675, "mode": "train", "epoch": 58}
{"loss": 0.16418825089931488, "acc": 0.9372852444648743, "length": 4.0, "mode": "test", "epoch": 58}
{"loss": 0.12342510372400284, "acc": 0.9597742557525635, "length": 3.9997811317443848, "mode": "train", "epoch": 59}
{"loss": 0.1981320083141327, "acc": 0.9396906495094299, "length": 4.0, "mode": "test", "epoch": 59}
{"loss": 0.11816969513893127, "acc": 0.9591159820556641, "length": 3.999393939971924, "mode": "train", "epoch": 60}
{"loss": 0.15760275721549988, "acc": 0.9431272745132446, "length": 4.0, "mode": "test", "epoch": 60}
test accuracy: 0.7396427989006042
