# ["--attributes=5", "--values=4", "--game_size=10", "--vocab_size_factor=3", "--n_epochs=60", "--batch_size=128", "--learning_rate=0.001", "--hidden_size=256", "--temp_update=0.97", "--temperature=2"]
Creating train_ds and val_ds...

Creating test_ds...
{"loss": 0.7199656367301941, "acc": 0.5101177096366882, "length": 3.458235025405884, "mode": "train", "epoch": 1}
{"loss": 0.6949446201324463, "acc": 0.5215302109718323, "length": 1.0, "mode": "test", "epoch": 1}
{"loss": 0.697286069393158, "acc": 0.534331738948822, "length": 2.1575236320495605, "mode": "train", "epoch": 2}
{"loss": 0.6943849921226501, "acc": 0.49128103256225586, "length": 1.0, "mode": "test", "epoch": 2}
{"loss": 0.6892222166061401, "acc": 0.5283973813056946, "length": 1.1214534044265747, "mode": "train", "epoch": 3}
{"loss": 0.6938438415527344, "acc": 0.5133452415466309, "length": 1.0, "mode": "test", "epoch": 3}
{"loss": 0.6866546869277954, "acc": 0.5340837836265564, "length": 1.0443168878555298, "mode": "train", "epoch": 4}
{"loss": 0.6952576637268066, "acc": 0.4907473623752594, "length": 1.0, "mode": "test", "epoch": 4}
{"loss": 0.6855499744415283, "acc": 0.5324077010154724, "length": 1.0510892868041992, "mode": "train", "epoch": 5}
{"loss": 0.6956979632377625, "acc": 0.4916369318962097, "length": 1.0, "mode": "test", "epoch": 5}
{"loss": 0.6760205030441284, "acc": 0.5521532297134399, "length": 1.24881911277771, "mode": "train", "epoch": 6}
{"loss": 0.6660785675048828, "acc": 0.6053038835525513, "length": 1.3665480613708496, "mode": "test", "epoch": 6}
{"loss": 0.6261738538742065, "acc": 0.6790794730186462, "length": 2.087697744369507, "mode": "train", "epoch": 7}
{"loss": 0.5860714912414551, "acc": 0.7148842811584473, "length": 2.1352312564849854, "mode": "test", "epoch": 7}
{"loss": 0.5728652477264404, "acc": 0.7301180958747864, "length": 2.2412331104278564, "mode": "train", "epoch": 8}
{"loss": 0.5689778923988342, "acc": 0.7301226854324341, "length": 2.316725969314575, "mode": "test", "epoch": 8}
{"loss": 0.5537022352218628, "acc": 0.7449386119842529, "length": 2.3293232917785645, "mode": "train", "epoch": 9}
{"loss": 0.5605350732803345, "acc": 0.7375624179840088, "length": 2.416370153427124, "mode": "test", "epoch": 9}
{"loss": 0.5200496912002563, "acc": 0.7743236422538757, "length": 2.4816482067108154, "mode": "train", "epoch": 10}
{"loss": 0.5205487012863159, "acc": 0.7634656429290771, "length": 2.72953724861145, "mode": "test", "epoch": 10}
{"loss": 0.47094660997390747, "acc": 0.7897056341171265, "length": 2.7344307899475098, "mode": "train", "epoch": 11}
{"loss": 0.4842976927757263, "acc": 0.779823362827301, "length": 2.825622797012329, "mode": "test", "epoch": 11}
{"loss": 0.4368460178375244, "acc": 0.8098804354667664, "length": 2.9124271869659424, "mode": "train", "epoch": 12}
{"loss": 0.47116559743881226, "acc": 0.7915278673171997, "length": 2.761565923690796, "mode": "test", "epoch": 12}
{"loss": 0.41539618372917175, "acc": 0.8265100121498108, "length": 2.8550989627838135, "mode": "train", "epoch": 13}
{"loss": 0.46488016843795776, "acc": 0.7933018207550049, "length": 2.7829182147979736, "mode": "test", "epoch": 13}
{"loss": 0.40065187215805054, "acc": 0.8346570134162903, "length": 2.767885446548462, "mode": "train", "epoch": 14}
{"loss": 0.4453986585140228, "acc": 0.8061890602111816, "length": 2.6975088119506836, "mode": "test", "epoch": 14}
{"loss": 0.3902460038661957, "acc": 0.8388321399688721, "length": 2.811997652053833, "mode": "train", "epoch": 15}
{"loss": 0.45339903235435486, "acc": 0.8042085766792297, "length": 2.676156520843506, "mode": "test", "epoch": 15}
{"loss": 0.37875261902809143, "acc": 0.842006266117096, "length": 2.795421600341797, "mode": "train", "epoch": 16}
{"loss": 0.4420364797115326, "acc": 0.8072829246520996, "length": 2.72953724861145, "mode": "test", "epoch": 16}
{"loss": 0.3774109184741974, "acc": 0.8467766046524048, "length": 2.811796188354492, "mode": "train", "epoch": 17}
{"loss": 0.446233868598938, "acc": 0.8071725368499756, "length": 2.7188611030578613, "mode": "test", "epoch": 17}
{"loss": 0.3619464635848999, "acc": 0.8495729565620422, "length": 2.904726982116699, "mode": "train", "epoch": 18}
{"loss": 0.4328854978084564, "acc": 0.8060463666915894, "length": 2.921708106994629, "mode": "test", "epoch": 18}
{"loss": 0.34842050075531006, "acc": 0.8555600047111511, "length": 3.0404348373413086, "mode": "train", "epoch": 19}
{"loss": 0.41650527715682983, "acc": 0.8193328380584717, "length": 2.921708106994629, "mode": "test", "epoch": 19}
{"loss": 0.32560503482818604, "acc": 0.8663623929023743, "length": 3.2312567234039307, "mode": "train", "epoch": 20}
{"loss": 0.41397330164909363, "acc": 0.8261796236038208, "length": 3.263345241546631, "mode": "test", "epoch": 20}
{"loss": 0.3175468146800995, "acc": 0.8706552386283875, "length": 3.3434152603149414, "mode": "train", "epoch": 21}
{"loss": 0.4027292728424072, "acc": 0.8350235223770142, "length": 3.2740213871002197, "mode": "test", "epoch": 21}
{"loss": 0.3067692816257477, "acc": 0.8742567300796509, "length": 3.3595972061157227, "mode": "train", "epoch": 22}
{"loss": 0.3855573534965515, "acc": 0.8347451686859131, "length": 3.263345241546631, "mode": "test", "epoch": 22}
{"loss": 0.2892228364944458, "acc": 0.8827086687088013, "length": 3.4109153747558594, "mode": "train", "epoch": 23}
{"loss": 0.37756967544555664, "acc": 0.8371208310127258, "length": 3.3914589881896973, "mode": "test", "epoch": 23}
{"loss": 0.2776236832141876, "acc": 0.8886998891830444, "length": 3.5036001205444336, "mode": "train", "epoch": 24}
{"loss": 0.3591324985027313, "acc": 0.8514435291290283, "length": 3.647686719894409, "mode": "test", "epoch": 24}
{"loss": 0.2640383541584015, "acc": 0.8946037888526917, "length": 3.693495273590088, "mode": "train", "epoch": 25}
{"loss": 0.3433474898338318, "acc": 0.8360023498535156, "length": 3.7758007049560547, "mode": "test", "epoch": 25}
{"loss": 0.24438145756721497, "acc": 0.9044509530067444, "length": 3.7101857662200928, "mode": "train", "epoch": 26}
{"loss": 0.3410005569458008, "acc": 0.8340680003166199, "length": 3.8007116317749023, "mode": "test", "epoch": 26}
{"loss": 0.2515907287597656, "acc": 0.8976203203201294, "length": 3.768002986907959, "mode": "train", "epoch": 27}
{"loss": 0.347759485244751, "acc": 0.8521691560745239, "length": 3.761565923690796, "mode": "test", "epoch": 27}
{"loss": 0.2306566834449768, "acc": 0.9035904407501221, "length": 3.7390074729919434, "mode": "train", "epoch": 28}
{"loss": 0.31380751729011536, "acc": 0.853643536567688, "length": 3.7259786128997803, "mode": "test", "epoch": 28}
{"loss": 0.22347958385944366, "acc": 0.9111655950546265, "length": 3.7207343578338623, "mode": "train", "epoch": 29}
{"loss": 0.31081247329711914, "acc": 0.8699629902839661, "length": 3.7971529960632324, "mode": "test", "epoch": 29}
{"loss": 0.21493518352508545, "acc": 0.9169003367424011, "length": 3.747878074645996, "mode": "train", "epoch": 30}
{"loss": 0.29323387145996094, "acc": 0.88149493932724, "length": 3.8007116317749023, "mode": "test", "epoch": 30}
{"loss": 0.21510763466358185, "acc": 0.9154224991798401, "length": 3.7998294830322266, "mode": "train", "epoch": 31}
{"loss": 0.29541417956352234, "acc": 0.8830833435058594, "length": 3.822064161300659, "mode": "test", "epoch": 31}
{"loss": 0.20493875443935394, "acc": 0.9177781343460083, "length": 3.7631638050079346, "mode": "train", "epoch": 32}
{"loss": 0.275411993265152, "acc": 0.8957837820053101, "length": 3.747330904006958, "mode": "test", "epoch": 32}
{"loss": 0.19532078504562378, "acc": 0.9234678745269775, "length": 3.768204927444458, "mode": "train", "epoch": 33}
{"loss": 0.2847101390361786, "acc": 0.8841913342475891, "length": 3.854092597961426, "mode": "test", "epoch": 33}
{"loss": 0.18236452341079712, "acc": 0.9240655899047852, "length": 3.816753625869751, "mode": "train", "epoch": 34}
{"loss": 0.2615114450454712, "acc": 0.8971194624900818, "length": 3.846975088119507, "mode": "test", "epoch": 34}
{"loss": 0.182872474193573, "acc": 0.9278359413146973, "length": 3.804647445678711, "mode": "train", "epoch": 35}
{"loss": 0.2419205754995346, "acc": 0.9097978472709656, "length": 3.8790035247802734, "mode": "test", "epoch": 35}
{"loss": 0.17883948981761932, "acc": 0.9289794564247131, "length": 3.82914662361145, "mode": "train", "epoch": 36}
{"loss": 0.23191384971141815, "acc": 0.9112088084220886, "length": 3.832740306854248, "mode": "test", "epoch": 36}
{"loss": 0.16836418211460114, "acc": 0.9332466125488281, "length": 3.8233864307403564, "mode": "train", "epoch": 37}
{"loss": 0.2129119485616684, "acc": 0.8984323143959045, "length": 3.822064161300659, "mode": "test", "epoch": 37}
{"loss": 0.1600385308265686, "acc": 0.9342081546783447, "length": 3.817270517349243, "mode": "train", "epoch": 38}
{"loss": 0.20885543525218964, "acc": 0.9191108345985413, "length": 3.839857578277588, "mode": "test", "epoch": 38}
{"loss": 0.1556423455476761, "acc": 0.937007486820221, "length": 3.836556911468506, "mode": "train", "epoch": 39}
{"loss": 0.21759426593780518, "acc": 0.8997596502304077, "length": 3.8683273792266846, "mode": "test", "epoch": 39}
{"loss": 0.15569017827510834, "acc": 0.9354611039161682, "length": 3.856731653213501, "mode": "train", "epoch": 40}
{"loss": 0.21704408526420593, "acc": 0.9117411971092224, "length": 3.8861210346221924, "mode": "test", "epoch": 40}
{"loss": 0.14629298448562622, "acc": 0.9412544965744019, "length": 3.86586332321167, "mode": "train", "epoch": 41}
{"loss": 0.2230815589427948, "acc": 0.914310872554779, "length": 3.8647687435150146, "mode": "test", "epoch": 41}
{"loss": 0.14842376112937927, "acc": 0.9398648738861084, "length": 3.851822853088379, "mode": "train", "epoch": 42}
{"loss": 0.2155662626028061, "acc": 0.9103559851646423, "length": 3.7793593406677246, "mode": "test", "epoch": 42}
{"loss": 0.14379683136940002, "acc": 0.9424992799758911, "length": 3.8478691577911377, "mode": "train", "epoch": 43}
{"loss": 0.21721675992012024, "acc": 0.915131151676178, "length": 3.8754448890686035, "mode": "test", "epoch": 43}
{"loss": 0.13618235290050507, "acc": 0.9454309344291687, "length": 3.879514694213867, "mode": "train", "epoch": 44}
{"loss": 0.20045936107635498, "acc": 0.9113368988037109, "length": 3.8754448890686035, "mode": "test", "epoch": 44}
{"loss": 0.14119136333465576, "acc": 0.9447461366653442, "length": 3.8982434272766113, "mode": "train", "epoch": 45}
{"loss": 0.17873011529445648, "acc": 0.9202411770820618, "length": 3.9039146900177, "mode": "test", "epoch": 45}
{"loss": 0.12688705325126648, "acc": 0.9484876394271851, "length": 3.9296603202819824, "mode": "train", "epoch": 46}
{"loss": 0.17882639169692993, "acc": 0.9263325333595276, "length": 3.925266981124878, "mode": "test", "epoch": 46}
{"loss": 0.12772373855113983, "acc": 0.9470632672309875, "length": 3.928208112716675, "mode": "train", "epoch": 47}
{"loss": 0.16536486148834229, "acc": 0.9290799498558044, "length": 3.918149471282959, "mode": "test", "epoch": 47}
{"loss": 0.11789704114198685, "acc": 0.950901985168457, "length": 3.9177606105804443, "mode": "train", "epoch": 48}
{"loss": 0.17394649982452393, "acc": 0.9279125928878784, "length": 3.91103196144104, "mode": "test", "epoch": 48}
{"loss": 0.11197616159915924, "acc": 0.9534057378768921, "length": 3.9462854862213135, "mode": "train", "epoch": 49}
{"loss": 0.17816714942455292, "acc": 0.9382498264312744, "length": 3.9395017623901367, "mode": "test", "epoch": 49}
{"loss": 0.11224312335252762, "acc": 0.9577769637107849, "length": 3.9338839054107666, "mode": "train", "epoch": 50}
{"loss": 0.17535850405693054, "acc": 0.93045574426651, "length": 3.8861210346221924, "mode": "test", "epoch": 50}
{"loss": 0.11964712291955948, "acc": 0.9522015452384949, "length": 3.8998003005981445, "mode": "train", "epoch": 51}
{"loss": 0.17358486354351044, "acc": 0.9268723726272583, "length": 3.8505337238311768, "mode": "test", "epoch": 51}
{"loss": 0.1185685470700264, "acc": 0.9520593881607056, "length": 3.884272336959839, "mode": "train", "epoch": 52}
{"loss": 0.225638747215271, "acc": 0.9181036353111267, "length": 3.9039146900177, "mode": "test", "epoch": 52}
{"loss": 0.13462886214256287, "acc": 0.9487305283546448, "length": 3.9292361736297607, "mode": "train", "epoch": 53}
{"loss": 0.23392724990844727, "acc": 0.9290895462036133, "length": 3.8790035247802734, "mode": "test", "epoch": 53}
{"loss": 0.11443952471017838, "acc": 0.9518199563026428, "length": 3.8909499645233154, "mode": "train", "epoch": 54}
{"loss": 0.1735806167125702, "acc": 0.9312795400619507, "length": 3.8647687435150146, "mode": "test", "epoch": 54}
{"loss": 0.12695203721523285, "acc": 0.9506566524505615, "length": 3.86456036567688, "mode": "train", "epoch": 55}
{"loss": 0.1920284479856491, "acc": 0.9261636137962341, "length": 3.8683273792266846, "mode": "test", "epoch": 55}
{"loss": 0.11993944644927979, "acc": 0.9529392123222351, "length": 3.8764688968658447, "mode": "train", "epoch": 56}
{"loss": 0.17393510043621063, "acc": 0.9318999648094177, "length": 3.8505337238311768, "mode": "test", "epoch": 56}
{"loss": 0.12180294841527939, "acc": 0.9522498250007629, "length": 3.876410484313965, "mode": "train", "epoch": 57}
{"loss": 0.15632009506225586, "acc": 0.9300287365913391, "length": 3.8861210346221924, "mode": "test", "epoch": 57}
{"loss": 0.107977956533432, "acc": 0.9556099772453308, "length": 3.9035403728485107, "mode": "train", "epoch": 58}
{"loss": 0.14700527489185333, "acc": 0.9440904855728149, "length": 3.9323842525482178, "mode": "test", "epoch": 58}
{"loss": 0.11623595654964447, "acc": 0.9564765691757202, "length": 3.91545033454895, "mode": "train", "epoch": 59}
{"loss": 0.24362990260124207, "acc": 0.9178503751754761, "length": 3.91103196144104, "mode": "test", "epoch": 59}
{"loss": 0.10779019445180893, "acc": 0.9570142030715942, "length": 3.8939714431762695, "mode": "train", "epoch": 60}
{"loss": 0.18075846135616302, "acc": 0.9354255795478821, "length": 3.8896796703338623, "mode": "test", "epoch": 60}
test accuracy: 0.832798957824707
