# ["--attributes=5", "--values=4", "--game_size=10", "--vocab_size_factor=3", "--n_epochs=60", "--batch_size=128", "--learning_rate=0.001", "--hidden_size=256", "--temp_update=0.99", "--temperature=1.5"]
Creating train_ds and val_ds...

Creating test_ds...
{"loss": 0.7204018235206604, "acc": 0.5151160955429077, "length": 3.198306083679199, "mode": "train", "epoch": 1}
{"loss": 0.694013774394989, "acc": 0.5517984628677368, "length": 1.0, "mode": "test", "epoch": 1}
{"loss": 0.6926816701889038, "acc": 0.5092620849609375, "length": 1.3750395774841309, "mode": "train", "epoch": 2}
{"loss": 0.691138744354248, "acc": 0.54730224609375, "length": 1.0, "mode": "test", "epoch": 2}
{"loss": 0.6903186440467834, "acc": 0.5493091344833374, "length": 1.0185390710830688, "mode": "train", "epoch": 3}
{"loss": 0.6981736421585083, "acc": 0.5462231040000916, "length": 1.0, "mode": "test", "epoch": 3}
{"loss": 0.6877376437187195, "acc": 0.5480017066001892, "length": 1.0080232620239258, "mode": "train", "epoch": 4}
{"loss": 0.6946319341659546, "acc": 0.5420863032341003, "length": 1.0, "mode": "test", "epoch": 4}
{"loss": 0.6896101236343384, "acc": 0.5473719835281372, "length": 1.0053470134735107, "mode": "train", "epoch": 5}
{"loss": 0.6924071311950684, "acc": 0.5512589812278748, "length": 1.0, "mode": "test", "epoch": 5}
{"loss": 0.6891077756881714, "acc": 0.5432657599449158, "length": 1.007660150527954, "mode": "train", "epoch": 6}
{"loss": 0.6931466460227966, "acc": 0.5548561811447144, "length": 1.0, "mode": "test", "epoch": 6}
{"loss": 0.6868027448654175, "acc": 0.5459675192832947, "length": 1.005359411239624, "mode": "train", "epoch": 7}
{"loss": 0.6935651302337646, "acc": 0.5419065356254578, "length": 1.0, "mode": "test", "epoch": 7}
{"loss": 0.6863178610801697, "acc": 0.556952178478241, "length": 1.0071018934249878, "mode": "train", "epoch": 8}
{"loss": 0.6935686469078064, "acc": 0.5535971522331238, "length": 1.0, "mode": "test", "epoch": 8}
{"loss": 0.6884199976921082, "acc": 0.5482381582260132, "length": 1.0145840644836426, "mode": "train", "epoch": 9}
{"loss": 0.6939484477043152, "acc": 0.550000011920929, "length": 1.0, "mode": "test", "epoch": 9}
{"loss": 0.6786928772926331, "acc": 0.562626302242279, "length": 1.2062982320785522, "mode": "train", "epoch": 10}
{"loss": 0.6494786739349365, "acc": 0.6513679027557373, "length": 2.025179862976074, "mode": "test", "epoch": 10}
{"loss": 0.6300899386405945, "acc": 0.6722123026847839, "length": 1.9701321125030518, "mode": "train", "epoch": 11}
{"loss": 0.6034004092216492, "acc": 0.72524493932724, "length": 2.241007089614868, "mode": "test", "epoch": 11}
{"loss": 0.5823668241500854, "acc": 0.714303731918335, "length": 2.1491012573242188, "mode": "train", "epoch": 12}
{"loss": 0.5947917699813843, "acc": 0.7340446710586548, "length": 2.251798629760742, "mode": "test", "epoch": 12}
{"loss": 0.5743249654769897, "acc": 0.7173318266868591, "length": 2.15903377532959, "mode": "train", "epoch": 13}
{"loss": 0.5885047316551208, "acc": 0.7392086386680603, "length": 2.2194244861602783, "mode": "test", "epoch": 13}
{"loss": 0.5713568925857544, "acc": 0.7211654186248779, "length": 2.099001407623291, "mode": "train", "epoch": 14}
{"loss": 0.5861051082611084, "acc": 0.7286304235458374, "length": 2.294964075088501, "mode": "test", "epoch": 14}
{"loss": 0.5713300108909607, "acc": 0.7165640592575073, "length": 2.1545910835266113, "mode": "train", "epoch": 15}
{"loss": 0.5783734321594238, "acc": 0.7163669466972351, "length": 2.1870503425598145, "mode": "test", "epoch": 15}
{"loss": 0.5669565200805664, "acc": 0.7199909687042236, "length": 2.108705520629883, "mode": "train", "epoch": 16}
{"loss": 0.577397346496582, "acc": 0.7315957546234131, "length": 2.241007089614868, "mode": "test", "epoch": 16}
{"loss": 0.5640973448753357, "acc": 0.7198143005371094, "length": 2.187410354614258, "mode": "train", "epoch": 17}
{"loss": 0.5746618509292603, "acc": 0.7307267785072327, "length": 2.2194244861602783, "mode": "test", "epoch": 17}
{"loss": 0.5610905885696411, "acc": 0.7274590730667114, "length": 2.172929048538208, "mode": "train", "epoch": 18}
{"loss": 0.5757551789283752, "acc": 0.7365607023239136, "length": 2.262589931488037, "mode": "test", "epoch": 18}
{"loss": 0.5545188188552856, "acc": 0.729130208492279, "length": 2.3521695137023926, "mode": "train", "epoch": 19}
{"loss": 0.5649290084838867, "acc": 0.7332122921943665, "length": 2.305755376815796, "mode": "test", "epoch": 19}
{"loss": 0.5414153337478638, "acc": 0.7429472804069519, "length": 2.457899332046509, "mode": "train", "epoch": 20}
{"loss": 0.5359627604484558, "acc": 0.7554714679718018, "length": 2.758992910385132, "mode": "test", "epoch": 20}
{"loss": 0.5020233392715454, "acc": 0.7675090432167053, "length": 2.844668388366699, "mode": "train", "epoch": 21}
{"loss": 0.5107667446136475, "acc": 0.7894591093063354, "length": 3.0719423294067383, "mode": "test", "epoch": 21}
{"loss": 0.45778441429138184, "acc": 0.7937625050544739, "length": 3.2388365268707275, "mode": "train", "epoch": 22}
{"loss": 0.4825044870376587, "acc": 0.7903009653091431, "length": 3.4172661304473877, "mode": "test", "epoch": 22}
{"loss": 0.43096923828125, "acc": 0.8090429902076721, "length": 3.356153964996338, "mode": "train", "epoch": 23}
{"loss": 0.44131898880004883, "acc": 0.8113039135932922, "length": 3.0935251712799072, "mode": "test", "epoch": 23}
{"loss": 0.40417569875717163, "acc": 0.8219772577285767, "length": 3.2391626834869385, "mode": "train", "epoch": 24}
{"loss": 0.4740683436393738, "acc": 0.7941064238548279, "length": 3.341726541519165, "mode": "test", "epoch": 24}
{"loss": 0.3994057774543762, "acc": 0.8300371766090393, "length": 3.195852756500244, "mode": "train", "epoch": 25}
{"loss": 0.4643056094646454, "acc": 0.807695209980011, "length": 3.363309383392334, "mode": "test", "epoch": 25}
{"loss": 0.37333717942237854, "acc": 0.8408913016319275, "length": 3.2705748081207275, "mode": "train", "epoch": 26}
{"loss": 0.4561882019042969, "acc": 0.8251619338989258, "length": 3.2338130474090576, "mode": "test", "epoch": 26}
{"loss": 0.355875700712204, "acc": 0.8510487079620361, "length": 3.265484094619751, "mode": "train", "epoch": 27}
{"loss": 0.4211275577545166, "acc": 0.8326786160469055, "length": 3.4280576705932617, "mode": "test", "epoch": 27}
{"loss": 0.3420511484146118, "acc": 0.8560726642608643, "length": 3.2425343990325928, "mode": "train", "epoch": 28}
{"loss": 0.4018281400203705, "acc": 0.8356140851974487, "length": 3.2877697944641113, "mode": "test", "epoch": 28}
{"loss": 0.32901594042778015, "acc": 0.8622528910636902, "length": 3.288945436477661, "mode": "train", "epoch": 29}
{"loss": 0.4025929570198059, "acc": 0.8395693302154541, "length": 3.4064748287200928, "mode": "test", "epoch": 29}
{"loss": 0.314301460981369, "acc": 0.8692836761474609, "length": 3.20855975151062, "mode": "train", "epoch": 30}
{"loss": 0.39557215571403503, "acc": 0.8506677150726318, "length": 3.363309383392334, "mode": "test", "epoch": 30}
{"loss": 0.31140685081481934, "acc": 0.8721398711204529, "length": 3.1788547039031982, "mode": "train", "epoch": 31}
{"loss": 0.40110287070274353, "acc": 0.8471190333366394, "length": 3.2661869525909424, "mode": "test", "epoch": 31}
{"loss": 0.30463168025016785, "acc": 0.8717290163040161, "length": 3.2281599044799805, "mode": "train", "epoch": 32}
{"loss": 0.375633180141449, "acc": 0.8572878837585449, "length": 3.320143938064575, "mode": "test", "epoch": 32}
{"loss": 0.2974506914615631, "acc": 0.8767581582069397, "length": 3.2529499530792236, "mode": "train", "epoch": 33}
{"loss": 0.36979949474334717, "acc": 0.8615772724151611, "length": 3.341726541519165, "mode": "test", "epoch": 33}
{"loss": 0.289930522441864, "acc": 0.881415605545044, "length": 3.22352933883667, "mode": "train", "epoch": 34}
{"loss": 0.360035240650177, "acc": 0.8649688363075256, "length": 3.395683526992798, "mode": "test", "epoch": 34}
{"loss": 0.2832089960575104, "acc": 0.8820720911026001, "length": 3.3354201316833496, "mode": "train", "epoch": 35}
{"loss": 0.3504776954650879, "acc": 0.8700630068778992, "length": 3.5143885612487793, "mode": "test", "epoch": 35}
{"loss": 0.2683449685573578, "acc": 0.8950935006141663, "length": 3.546231746673584, "mode": "train", "epoch": 36}
{"loss": 0.3279954791069031, "acc": 0.8745251893997192, "length": 3.8776979446411133, "mode": "test", "epoch": 36}
{"loss": 0.25814685225486755, "acc": 0.9022613167762756, "length": 3.6855390071868896, "mode": "train", "epoch": 37}
{"loss": 0.33083510398864746, "acc": 0.8795091509819031, "length": 3.989208698272705, "mode": "test", "epoch": 37}
{"loss": 0.24929600954055786, "acc": 0.9089908003807068, "length": 3.8884034156799316, "mode": "train", "epoch": 38}
{"loss": 0.340451180934906, "acc": 0.9010791182518005, "length": 4.0, "mode": "test", "epoch": 38}
{"loss": 0.2450709044933319, "acc": 0.9113797545433044, "length": 3.949249029159546, "mode": "train", "epoch": 39}
{"loss": 0.31714773178100586, "acc": 0.9035970568656921, "length": 4.0, "mode": "test", "epoch": 39}
{"loss": 0.24423791468143463, "acc": 0.9142853021621704, "length": 3.972712516784668, "mode": "train", "epoch": 40}
{"loss": 0.3166382312774658, "acc": 0.9005394577980042, "length": 4.0, "mode": "test", "epoch": 40}
{"loss": 0.22852176427841187, "acc": 0.9192148447036743, "length": 3.9819936752319336, "mode": "train", "epoch": 41}
{"loss": 0.29180628061294556, "acc": 0.9079136848449707, "length": 4.0, "mode": "test", "epoch": 41}
{"loss": 0.2260207086801529, "acc": 0.9215689897537231, "length": 3.98504376411438, "mode": "train", "epoch": 42}
{"loss": 0.28991585969924927, "acc": 0.9080935716629028, "length": 4.0, "mode": "test", "epoch": 42}
{"loss": 0.2191815972328186, "acc": 0.9234517216682434, "length": 3.987474203109741, "mode": "train", "epoch": 43}
{"loss": 0.29287225008010864, "acc": 0.9041368365287781, "length": 4.0, "mode": "test", "epoch": 43}
{"loss": 0.21346785128116608, "acc": 0.9282577037811279, "length": 3.9874560832977295, "mode": "train", "epoch": 44}
{"loss": 0.2907596826553345, "acc": 0.9089927673339844, "length": 4.0, "mode": "test", "epoch": 44}
{"loss": 0.2154376208782196, "acc": 0.9254745244979858, "length": 3.9930737018585205, "mode": "train", "epoch": 45}
{"loss": 0.26126715540885925, "acc": 0.909172534942627, "length": 4.0, "mode": "test", "epoch": 45}
{"loss": 0.2116205096244812, "acc": 0.9290346503257751, "length": 3.9917960166931152, "mode": "train", "epoch": 46}
{"loss": 0.2756490111351013, "acc": 0.9082733392715454, "length": 4.0, "mode": "test", "epoch": 46}
{"loss": 0.2112549990415573, "acc": 0.9296199083328247, "length": 3.995854377746582, "mode": "train", "epoch": 47}
{"loss": 0.279898077249527, "acc": 0.9133093953132629, "length": 4.0, "mode": "test", "epoch": 47}
{"loss": 0.20606239140033722, "acc": 0.9343090057373047, "length": 3.9962236881256104, "mode": "train", "epoch": 48}
{"loss": 0.2796553373336792, "acc": 0.9093525409698486, "length": 4.0, "mode": "test", "epoch": 48}
{"loss": 0.20684579014778137, "acc": 0.9299328923225403, "length": 3.9951791763305664, "mode": "train", "epoch": 49}
{"loss": 0.2583119869232178, "acc": 0.9070143699645996, "length": 4.0, "mode": "test", "epoch": 49}
{"loss": 0.1955152451992035, "acc": 0.9312168955802917, "length": 3.9942049980163574, "mode": "train", "epoch": 50}
{"loss": 0.25615498423576355, "acc": 0.9133093357086182, "length": 4.0, "mode": "test", "epoch": 50}
{"loss": 0.18902219831943512, "acc": 0.9379347562789917, "length": 3.9974746704101562, "mode": "train", "epoch": 51}
{"loss": 0.26331549882888794, "acc": 0.9136689901351929, "length": 4.0, "mode": "test", "epoch": 51}
{"loss": 0.1859137862920761, "acc": 0.9388130903244019, "length": 3.9969282150268555, "mode": "train", "epoch": 52}
{"loss": 0.25669461488723755, "acc": 0.919964075088501, "length": 4.0, "mode": "test", "epoch": 52}
{"loss": 0.1843186318874359, "acc": 0.9373843669891357, "length": 3.997382164001465, "mode": "train", "epoch": 53}
{"loss": 0.25698789954185486, "acc": 0.9205034971237183, "length": 4.0, "mode": "test", "epoch": 53}
{"loss": 0.19005252420902252, "acc": 0.9372303485870361, "length": 3.9981374740600586, "mode": "train", "epoch": 54}
{"loss": 0.2473658174276352, "acc": 0.9253597259521484, "length": 4.0, "mode": "test", "epoch": 54}
{"loss": 0.1840543895959854, "acc": 0.9381797313690186, "length": 3.9981818199157715, "mode": "train", "epoch": 55}
{"loss": 0.24137090146541595, "acc": 0.9151078462600708, "length": 4.0, "mode": "test", "epoch": 55}
{"loss": 0.18270398676395416, "acc": 0.9371411800384521, "length": 3.996781826019287, "mode": "train", "epoch": 56}
{"loss": 0.23209832608699799, "acc": 0.9136691093444824, "length": 4.0, "mode": "test", "epoch": 56}
{"loss": 0.17764559388160706, "acc": 0.9352575540542603, "length": 3.9953367710113525, "mode": "train", "epoch": 57}
{"loss": 0.2576453685760498, "acc": 0.9052159190177917, "length": 4.0, "mode": "test", "epoch": 57}
{"loss": 0.17713485658168793, "acc": 0.9370308518409729, "length": 3.9974653720855713, "mode": "train", "epoch": 58}
{"loss": 0.257402628660202, "acc": 0.9100719690322876, "length": 4.0, "mode": "test", "epoch": 58}
{"loss": 0.177364319562912, "acc": 0.9383952021598816, "length": 3.99763822555542, "mode": "train", "epoch": 59}
{"loss": 0.22682318091392517, "acc": 0.914208710193634, "length": 4.0, "mode": "test", "epoch": 59}
{"loss": 0.16586492955684662, "acc": 0.9398590922355652, "length": 3.998199462890625, "mode": "train", "epoch": 60}
{"loss": 0.24021869897842407, "acc": 0.9203237891197205, "length": 4.0, "mode": "test", "epoch": 60}
test accuracy: 0.8322728276252747
