# ["--attributes=5", "--values=16", "--game_size=10", "--vocab_size_factor=3", "--n_epochs=60", "--batch_size=32", "--learning_rate=0.0005", "--hidden_size=128", "--temp_update=0.97", "--temperature=1"]
Creating train_ds and val_ds...

Creating test_ds...
{"loss": 0.6961341500282288, "acc": 0.502872109413147, "length": 3.5113868713378906, "mode": "train", "epoch": 1}
{"loss": 0.6858444809913635, "acc": 0.5563855767250061, "length": 1.46875, "mode": "test", "epoch": 1}
{"loss": 0.6844349503517151, "acc": 0.5667948126792908, "length": 3.230212688446045, "mode": "train", "epoch": 2}
{"loss": 0.6564615368843079, "acc": 0.6938151121139526, "length": 2.4270832538604736, "mode": "test", "epoch": 2}
{"loss": 0.6183514595031738, "acc": 0.6796525120735168, "length": 3.574673652648926, "mode": "train", "epoch": 3}
{"loss": 0.5704526901245117, "acc": 0.7187500596046448, "length": 4.0, "mode": "test", "epoch": 3}
{"loss": 0.5290840864181519, "acc": 0.7409051656723022, "length": 3.884216547012329, "mode": "train", "epoch": 4}
{"loss": 0.4792380928993225, "acc": 0.811631977558136, "length": 4.0, "mode": "test", "epoch": 4}
{"loss": 0.44079479575157166, "acc": 0.8046054840087891, "length": 3.9711806774139404, "mode": "train", "epoch": 5}
{"loss": 0.4234127402305603, "acc": 0.8204861879348755, "length": 4.0, "mode": "test", "epoch": 5}
{"loss": 0.3929678499698639, "acc": 0.835956871509552, "length": 3.969292640686035, "mode": "train", "epoch": 6}
{"loss": 0.41481661796569824, "acc": 0.8302083015441895, "length": 4.0, "mode": "test", "epoch": 6}
{"loss": 0.3742391765117645, "acc": 0.8383412957191467, "length": 3.984180450439453, "mode": "train", "epoch": 7}
{"loss": 0.4128197729587555, "acc": 0.8274306058883667, "length": 4.0, "mode": "test", "epoch": 7}
{"loss": 0.3631376624107361, "acc": 0.8436980247497559, "length": 3.993840217590332, "mode": "train", "epoch": 8}
{"loss": 0.4045356810092926, "acc": 0.8378473520278931, "length": 4.0, "mode": "test", "epoch": 8}
{"loss": 0.351511687040329, "acc": 0.8527190089225769, "length": 3.985866069793701, "mode": "train", "epoch": 9}
{"loss": 0.38268908858299255, "acc": 0.8494791984558105, "length": 4.0, "mode": "test", "epoch": 9}
{"loss": 0.3446047306060791, "acc": 0.8532162308692932, "length": 3.990717649459839, "mode": "train", "epoch": 10}
{"loss": 0.37763500213623047, "acc": 0.8531249165534973, "length": 4.0, "mode": "test", "epoch": 10}
{"loss": 0.32510149478912354, "acc": 0.8601646423339844, "length": 3.99365234375, "mode": "train", "epoch": 11}
{"loss": 0.3754713237285614, "acc": 0.8500000834465027, "length": 4.0, "mode": "test", "epoch": 11}
{"loss": 0.3020782172679901, "acc": 0.8748499155044556, "length": 3.997180223464966, "mode": "train", "epoch": 12}
{"loss": 0.3440161943435669, "acc": 0.8657985925674438, "length": 4.0, "mode": "test", "epoch": 12}
{"loss": 0.2833946943283081, "acc": 0.8847744464874268, "length": 3.9975357055664062, "mode": "train", "epoch": 13}
{"loss": 0.32166191935539246, "acc": 0.8730902075767517, "length": 4.0, "mode": "test", "epoch": 13}
{"loss": 0.2706420123577118, "acc": 0.8945268392562866, "length": 3.995478630065918, "mode": "train", "epoch": 14}
{"loss": 0.3093498945236206, "acc": 0.8795139789581299, "length": 4.0, "mode": "test", "epoch": 14}
{"loss": 0.25766175985336304, "acc": 0.8986202478408813, "length": 3.9980592727661133, "mode": "train", "epoch": 15}
{"loss": 0.3030052185058594, "acc": 0.8881945013999939, "length": 4.0, "mode": "test", "epoch": 15}
{"loss": 0.254733145236969, "acc": 0.9045321941375732, "length": 3.997805118560791, "mode": "train", "epoch": 16}
{"loss": 0.3048913776874542, "acc": 0.8753471374511719, "length": 4.0, "mode": "test", "epoch": 16}
{"loss": 0.24938534200191498, "acc": 0.9081581830978394, "length": 3.999190092086792, "mode": "train", "epoch": 17}
{"loss": 0.2900312840938568, "acc": 0.8968750834465027, "length": 4.0, "mode": "test", "epoch": 17}
{"loss": 0.24451406300067902, "acc": 0.9130166172981262, "length": 3.997955322265625, "mode": "train", "epoch": 18}
{"loss": 0.2780236303806305, "acc": 0.9072917103767395, "length": 4.0, "mode": "test", "epoch": 18}
{"loss": 0.23416173458099365, "acc": 0.9211282730102539, "length": 3.9980366230010986, "mode": "train", "epoch": 19}
{"loss": 0.2754363715648651, "acc": 0.9092013239860535, "length": 4.0, "mode": "test", "epoch": 19}
{"loss": 0.23320168256759644, "acc": 0.9190216660499573, "length": 3.997483253479004, "mode": "train", "epoch": 20}
{"loss": 0.2571184039115906, "acc": 0.918055534362793, "length": 4.0, "mode": "test", "epoch": 20}
{"loss": 0.2276207059621811, "acc": 0.922076940536499, "length": 3.9990596771240234, "mode": "train", "epoch": 21}
{"loss": 0.261012464761734, "acc": 0.9107639789581299, "length": 4.0, "mode": "test", "epoch": 21}
{"loss": 0.22871434688568115, "acc": 0.9209519624710083, "length": 3.998565196990967, "mode": "train", "epoch": 22}
{"loss": 0.26018258929252625, "acc": 0.917881965637207, "length": 4.0, "mode": "test", "epoch": 22}
{"loss": 0.22425714135169983, "acc": 0.9236605167388916, "length": 3.9998083114624023, "mode": "train", "epoch": 23}
{"loss": 0.2560671865940094, "acc": 0.9187500476837158, "length": 4.0, "mode": "test", "epoch": 23}
{"loss": 0.21750213205814362, "acc": 0.9275263547897339, "length": 3.9985406398773193, "mode": "train", "epoch": 24}
{"loss": 0.24660539627075195, "acc": 0.9196180701255798, "length": 4.0, "mode": "test", "epoch": 24}
{"loss": 0.21781952679157257, "acc": 0.9272520542144775, "length": 3.999504566192627, "mode": "train", "epoch": 25}
{"loss": 0.2542029917240143, "acc": 0.9197917580604553, "length": 4.0, "mode": "test", "epoch": 25}
{"loss": 0.2164413034915924, "acc": 0.9257171154022217, "length": 3.997921943664551, "mode": "train", "epoch": 26}
{"loss": 0.2492702603340149, "acc": 0.9208332896232605, "length": 4.0, "mode": "test", "epoch": 26}
{"loss": 0.21327103674411774, "acc": 0.9269702434539795, "length": 3.9987568855285645, "mode": "train", "epoch": 27}
{"loss": 0.26795902848243713, "acc": 0.9163194298744202, "length": 4.0, "mode": "test", "epoch": 27}
{"loss": 0.20906902849674225, "acc": 0.9270272254943848, "length": 3.9998135566711426, "mode": "train", "epoch": 28}
{"loss": 0.24942779541015625, "acc": 0.9152777791023254, "length": 4.0, "mode": "test", "epoch": 28}
{"loss": 0.2101106196641922, "acc": 0.9257535934448242, "length": 3.999976873397827, "mode": "train", "epoch": 29}
{"loss": 0.24429962038993835, "acc": 0.9206597805023193, "length": 4.0, "mode": "test", "epoch": 29}
{"loss": 0.209708571434021, "acc": 0.9282975792884827, "length": 3.999086618423462, "mode": "train", "epoch": 30}
{"loss": 0.24113409221172333, "acc": 0.9227430820465088, "length": 4.0, "mode": "test", "epoch": 30}
{"loss": 0.20359951257705688, "acc": 0.9268538951873779, "length": 3.9999327659606934, "mode": "train", "epoch": 31}
{"loss": 0.2322944551706314, "acc": 0.9199652075767517, "length": 4.0, "mode": "test", "epoch": 31}
{"loss": 0.19994302093982697, "acc": 0.9297485947608948, "length": 3.9987809658050537, "mode": "train", "epoch": 32}
{"loss": 0.24531298875808716, "acc": 0.9227430820465088, "length": 4.0, "mode": "test", "epoch": 32}
{"loss": 0.19749633967876434, "acc": 0.932191789150238, "length": 3.99997615814209, "mode": "train", "epoch": 33}
{"loss": 0.2311362773180008, "acc": 0.9236111044883728, "length": 4.0, "mode": "test", "epoch": 33}
{"loss": 0.20194554328918457, "acc": 0.9267868399620056, "length": 3.999375581741333, "mode": "train", "epoch": 34}
{"loss": 0.2159852385520935, "acc": 0.9230902791023254, "length": 4.0, "mode": "test", "epoch": 34}
{"loss": 0.19184046983718872, "acc": 0.9337582588195801, "length": 3.9999845027923584, "mode": "train", "epoch": 35}
{"loss": 0.22824184596538544, "acc": 0.9253472089767456, "length": 4.0, "mode": "test", "epoch": 35}
{"loss": 0.18801957368850708, "acc": 0.9337946772575378, "length": 3.999047040939331, "mode": "train", "epoch": 36}
{"loss": 0.2042224258184433, "acc": 0.9312499165534973, "length": 4.0, "mode": "test", "epoch": 36}
{"loss": 0.18278157711029053, "acc": 0.9346688985824585, "length": 3.9995508193969727, "mode": "train", "epoch": 37}
{"loss": 0.1971573829650879, "acc": 0.9298611879348755, "length": 4.0, "mode": "test", "epoch": 37}
{"loss": 0.1803789734840393, "acc": 0.9361354112625122, "length": 3.999955415725708, "mode": "train", "epoch": 38}
{"loss": 0.20311124622821808, "acc": 0.9300347566604614, "length": 4.0, "mode": "test", "epoch": 38}
{"loss": 0.18413878977298737, "acc": 0.9356656670570374, "length": 3.999861478805542, "mode": "train", "epoch": 39}
{"loss": 0.2081555426120758, "acc": 0.9291666746139526, "length": 4.0, "mode": "test", "epoch": 39}
{"loss": 0.1718016415834427, "acc": 0.9383978843688965, "length": 3.9999685287475586, "mode": "train", "epoch": 40}
{"loss": 0.20721492171287537, "acc": 0.9345486164093018, "length": 4.0, "mode": "test", "epoch": 40}
{"loss": 0.16215060651302338, "acc": 0.9407166838645935, "length": 3.999938488006592, "mode": "train", "epoch": 41}
{"loss": 0.1922036111354828, "acc": 0.9406249523162842, "length": 4.0, "mode": "test", "epoch": 41}
{"loss": 0.16648438572883606, "acc": 0.9416449666023254, "length": 3.9999563694000244, "mode": "train", "epoch": 42}
{"loss": 0.208992600440979, "acc": 0.9253473281860352, "length": 4.0, "mode": "test", "epoch": 42}
{"loss": 0.17741985619068146, "acc": 0.9358437061309814, "length": 3.999833822250366, "mode": "train", "epoch": 43}
{"loss": 0.1991668939590454, "acc": 0.9394097924232483, "length": 4.0, "mode": "test", "epoch": 43}
{"loss": 0.16648748517036438, "acc": 0.9409807920455933, "length": 3.9996776580810547, "mode": "train", "epoch": 44}
{"loss": 0.19094915688037872, "acc": 0.9392361044883728, "length": 4.0, "mode": "test", "epoch": 44}
{"loss": 0.15531514585018158, "acc": 0.9434686303138733, "length": 3.9987056255340576, "mode": "train", "epoch": 45}
{"loss": 0.17416441440582275, "acc": 0.9401041865348816, "length": 4.0, "mode": "test", "epoch": 45}
{"loss": 0.15477344393730164, "acc": 0.9433293342590332, "length": 3.9999935626983643, "mode": "train", "epoch": 46}
{"loss": 0.19094349443912506, "acc": 0.9352430701255798, "length": 4.0, "mode": "test", "epoch": 46}
{"loss": 0.15344157814979553, "acc": 0.9445431232452393, "length": 3.9997572898864746, "mode": "train", "epoch": 47}
{"loss": 0.17027540504932404, "acc": 0.9447916746139526, "length": 4.0, "mode": "test", "epoch": 47}
{"loss": 0.14948955178260803, "acc": 0.9455443620681763, "length": 3.9990737438201904, "mode": "train", "epoch": 48}
{"loss": 0.17937922477722168, "acc": 0.9421875476837158, "length": 4.0, "mode": "test", "epoch": 48}
{"loss": 0.14962132275104523, "acc": 0.9470402002334595, "length": 3.9999468326568604, "mode": "train", "epoch": 49}
{"loss": 0.16193683445453644, "acc": 0.9473958611488342, "length": 4.0, "mode": "test", "epoch": 49}
{"loss": 0.14495255053043365, "acc": 0.9479656219482422, "length": 3.9999139308929443, "mode": "train", "epoch": 50}
{"loss": 0.17308619618415833, "acc": 0.9401041865348816, "length": 4.0, "mode": "test", "epoch": 50}
{"loss": 0.14519982039928436, "acc": 0.9472137689590454, "length": 3.9999778270721436, "mode": "train", "epoch": 51}
{"loss": 0.17482422292232513, "acc": 0.9411458969116211, "length": 4.0, "mode": "test", "epoch": 51}
{"loss": 0.1417059600353241, "acc": 0.9478448033332825, "length": 3.999626636505127, "mode": "train", "epoch": 52}
{"loss": 0.1667017936706543, "acc": 0.9454861879348755, "length": 4.0, "mode": "test", "epoch": 52}
{"loss": 0.13622018694877625, "acc": 0.9504896402359009, "length": 3.9996731281280518, "mode": "train", "epoch": 53}
{"loss": 0.15765349566936493, "acc": 0.9473958611488342, "length": 4.0, "mode": "test", "epoch": 53}
{"loss": 0.13778138160705566, "acc": 0.95052170753479, "length": 3.999995470046997, "mode": "train", "epoch": 54}
{"loss": 0.17570550739765167, "acc": 0.9432291388511658, "length": 4.0, "mode": "test", "epoch": 54}
{"loss": 0.1304865926504135, "acc": 0.9539998173713684, "length": 3.9999380111694336, "mode": "train", "epoch": 55}
{"loss": 0.15908291935920715, "acc": 0.9461806416511536, "length": 4.0, "mode": "test", "epoch": 55}
{"loss": 0.13028855621814728, "acc": 0.9534222483634949, "length": 3.9999988079071045, "mode": "train", "epoch": 56}
{"loss": 0.16369083523750305, "acc": 0.9453125, "length": 4.0, "mode": "test", "epoch": 56}
{"loss": 0.1397542506456375, "acc": 0.9494777321815491, "length": 3.999995470046997, "mode": "train", "epoch": 57}
{"loss": 0.1551785171031952, "acc": 0.9505208134651184, "length": 4.0, "mode": "test", "epoch": 57}
{"loss": 0.14782501757144928, "acc": 0.9466816186904907, "length": 3.9988107681274414, "mode": "train", "epoch": 58}
{"loss": 0.1689227819442749, "acc": 0.933506965637207, "length": 4.0, "mode": "test", "epoch": 58}
{"loss": 0.14239704608917236, "acc": 0.948192298412323, "length": 3.9999172687530518, "mode": "train", "epoch": 59}
{"loss": 0.15796610713005066, "acc": 0.9475694298744202, "length": 4.0, "mode": "test", "epoch": 59}
{"loss": 0.13392992317676544, "acc": 0.9518564343452454, "length": 3.9999186992645264, "mode": "train", "epoch": 60}
{"loss": 0.16221721470355988, "acc": 0.9498264789581299, "length": 4.0, "mode": "test", "epoch": 60}
test accuracy: 0.8337931632995605
