# ["--attributes=5", "--values=16", "--game_size=10", "--vocab_size_factor=3", "--n_epochs=60", "--batch_size=32", "--learning_rate=0.0005", "--hidden_size=128", "--temp_update=0.97", "--temperature=1.5"]
Creating train_ds and val_ds...

Creating test_ds...
{"loss": 0.6910805106163025, "acc": 0.5305923819541931, "length": 3.5649263858795166, "mode": "train", "epoch": 1}
{"loss": 0.6799914836883545, "acc": 0.5659341216087341, "length": 4.0, "mode": "test", "epoch": 1}
{"loss": 0.6815928220748901, "acc": 0.5566476583480835, "length": 3.612064838409424, "mode": "train", "epoch": 2}
{"loss": 0.6504429578781128, "acc": 0.6701465845108032, "length": 4.0, "mode": "test", "epoch": 2}
{"loss": 0.6218547224998474, "acc": 0.6814156174659729, "length": 3.862406015396118, "mode": "train", "epoch": 3}
{"loss": 0.5930346846580505, "acc": 0.694688618183136, "length": 4.0, "mode": "test", "epoch": 3}
{"loss": 0.5733402371406555, "acc": 0.7057073712348938, "length": 3.9540884494781494, "mode": "train", "epoch": 4}
{"loss": 0.5666830539703369, "acc": 0.7128204107284546, "length": 4.0, "mode": "test", "epoch": 4}
{"loss": 0.5441425442695618, "acc": 0.7245710492134094, "length": 3.9525833129882812, "mode": "train", "epoch": 5}
{"loss": 0.5118404626846313, "acc": 0.7701465487480164, "length": 4.0, "mode": "test", "epoch": 5}
{"loss": 0.4897649586200714, "acc": 0.769277036190033, "length": 3.966074228286743, "mode": "train", "epoch": 6}
{"loss": 0.4860326945781708, "acc": 0.778205156326294, "length": 4.0, "mode": "test", "epoch": 6}
{"loss": 0.4667602777481079, "acc": 0.7784662842750549, "length": 3.983346939086914, "mode": "train", "epoch": 7}
{"loss": 0.489904522895813, "acc": 0.7712454795837402, "length": 4.0, "mode": "test", "epoch": 7}
{"loss": 0.4487639367580414, "acc": 0.7963132262229919, "length": 3.9875781536102295, "mode": "train", "epoch": 8}
{"loss": 0.49336883425712585, "acc": 0.7774725556373596, "length": 4.0, "mode": "test", "epoch": 8}
{"loss": 0.42813584208488464, "acc": 0.8028843998908997, "length": 3.986219882965088, "mode": "train", "epoch": 9}
{"loss": 0.4516656696796417, "acc": 0.8027471899986267, "length": 4.0, "mode": "test", "epoch": 9}
{"loss": 0.38655897974967957, "acc": 0.830797553062439, "length": 3.987612247467041, "mode": "train", "epoch": 10}
{"loss": 0.3962598443031311, "acc": 0.8285715579986572, "length": 4.0, "mode": "test", "epoch": 10}
{"loss": 0.34856441617012024, "acc": 0.8506101369857788, "length": 3.9914724826812744, "mode": "train", "epoch": 11}
{"loss": 0.3745240569114685, "acc": 0.8397436141967773, "length": 4.0, "mode": "test", "epoch": 11}
{"loss": 0.32403865456581116, "acc": 0.8741317391395569, "length": 3.992194175720215, "mode": "train", "epoch": 12}
{"loss": 0.3684366047382355, "acc": 0.824725329875946, "length": 4.0, "mode": "test", "epoch": 12}
{"loss": 0.2922111749649048, "acc": 0.8771106004714966, "length": 3.9939303398132324, "mode": "train", "epoch": 13}
{"loss": 0.3392256498336792, "acc": 0.8527473211288452, "length": 4.0, "mode": "test", "epoch": 13}
{"loss": 0.27355024218559265, "acc": 0.8875499367713928, "length": 3.997765302658081, "mode": "train", "epoch": 14}
{"loss": 0.33755961060523987, "acc": 0.8500000238418579, "length": 4.0, "mode": "test", "epoch": 14}
{"loss": 0.258043110370636, "acc": 0.8917708396911621, "length": 3.9982287883758545, "mode": "train", "epoch": 15}
{"loss": 0.34385615587234497, "acc": 0.8434066772460938, "length": 4.0, "mode": "test", "epoch": 15}
{"loss": 0.24262477457523346, "acc": 0.8966701626777649, "length": 3.9983713626861572, "mode": "train", "epoch": 16}
{"loss": 0.32048511505126953, "acc": 0.8604395389556885, "length": 4.0, "mode": "test", "epoch": 16}
{"loss": 0.2444809526205063, "acc": 0.9021633267402649, "length": 3.998579740524292, "mode": "train", "epoch": 17}
{"loss": 0.3056986331939697, "acc": 0.8736263513565063, "length": 4.0, "mode": "test", "epoch": 17}
{"loss": 0.2271687090396881, "acc": 0.9100435376167297, "length": 3.9984633922576904, "mode": "train", "epoch": 18}
{"loss": 0.2900254428386688, "acc": 0.8829671740531921, "length": 4.0, "mode": "test", "epoch": 18}
{"loss": 0.22519314289093018, "acc": 0.9091593623161316, "length": 3.9990766048431396, "mode": "train", "epoch": 19}
{"loss": 0.3031613826751709, "acc": 0.8780218362808228, "length": 4.0, "mode": "test", "epoch": 19}
{"loss": 0.22041086852550507, "acc": 0.9146085977554321, "length": 3.9990365505218506, "mode": "train", "epoch": 20}
{"loss": 0.29366111755371094, "acc": 0.8824175596237183, "length": 4.0, "mode": "test", "epoch": 20}
{"loss": 0.21224172413349152, "acc": 0.9182189702987671, "length": 3.999211072921753, "mode": "train", "epoch": 21}
{"loss": 0.26040351390838623, "acc": 0.904944896697998, "length": 4.0, "mode": "test", "epoch": 21}
{"loss": 0.20807045698165894, "acc": 0.920924961566925, "length": 3.9996376037597656, "mode": "train", "epoch": 22}
{"loss": 0.25186049938201904, "acc": 0.9003661274909973, "length": 4.0, "mode": "test", "epoch": 22}
{"loss": 0.21016214787960052, "acc": 0.9186611771583557, "length": 3.9996604919433594, "mode": "train", "epoch": 23}
{"loss": 0.2530778646469116, "acc": 0.9021978974342346, "length": 4.0, "mode": "test", "epoch": 23}
{"loss": 0.20157402753829956, "acc": 0.9215861558914185, "length": 3.999307870864868, "mode": "train", "epoch": 24}
{"loss": 0.2561303973197937, "acc": 0.9075089693069458, "length": 4.0, "mode": "test", "epoch": 24}
{"loss": 0.20005856454372406, "acc": 0.9246619939804077, "length": 3.9998927116394043, "mode": "train", "epoch": 25}
{"loss": 0.22986851632595062, "acc": 0.9080585837364197, "length": 4.0, "mode": "test", "epoch": 25}
{"loss": 0.19599418342113495, "acc": 0.9253345727920532, "length": 3.9998669624328613, "mode": "train", "epoch": 26}
{"loss": 0.223338320851326, "acc": 0.9137362837791443, "length": 4.0, "mode": "test", "epoch": 26}
{"loss": 0.19314667582511902, "acc": 0.9267218112945557, "length": 3.999225378036499, "mode": "train", "epoch": 27}
{"loss": 0.24117207527160645, "acc": 0.9086081385612488, "length": 4.0, "mode": "test", "epoch": 27}
{"loss": 0.18744829297065735, "acc": 0.9279065728187561, "length": 3.999952554702759, "mode": "train", "epoch": 28}
{"loss": 0.22066129744052887, "acc": 0.9188644886016846, "length": 4.0, "mode": "test", "epoch": 28}
{"loss": 0.18854209780693054, "acc": 0.9259472489356995, "length": 3.999910354614258, "mode": "train", "epoch": 29}
{"loss": 0.23273007571697235, "acc": 0.9104396104812622, "length": 4.0, "mode": "test", "epoch": 29}
{"loss": 0.18509972095489502, "acc": 0.926985502243042, "length": 3.999758243560791, "mode": "train", "epoch": 30}
{"loss": 0.21341365575790405, "acc": 0.9195971488952637, "length": 4.0, "mode": "test", "epoch": 30}
{"loss": 0.187424898147583, "acc": 0.9272934794425964, "length": 3.999814033508301, "mode": "train", "epoch": 31}
{"loss": 0.23678891360759735, "acc": 0.9128206372261047, "length": 4.0, "mode": "test", "epoch": 31}
{"loss": 0.1849304586648941, "acc": 0.9269211292266846, "length": 3.9997668266296387, "mode": "train", "epoch": 32}
{"loss": 0.207563117146492, "acc": 0.9190477132797241, "length": 4.0, "mode": "test", "epoch": 32}
{"loss": 0.18020832538604736, "acc": 0.9276620745658875, "length": 3.998934268951416, "mode": "train", "epoch": 33}
{"loss": 0.2279171198606491, "acc": 0.9089744687080383, "length": 4.0, "mode": "test", "epoch": 33}
{"loss": 0.18559309840202332, "acc": 0.926131010055542, "length": 3.9999454021453857, "mode": "train", "epoch": 34}
{"loss": 0.22777152061462402, "acc": 0.91318678855896, "length": 4.0, "mode": "test", "epoch": 34}
{"loss": 0.17473390698432922, "acc": 0.9276620745658875, "length": 3.999974250793457, "mode": "train", "epoch": 35}
{"loss": 0.22068555653095245, "acc": 0.9142857193946838, "length": 4.0, "mode": "test", "epoch": 35}
{"loss": 0.1787136346101761, "acc": 0.9277229905128479, "length": 3.999990463256836, "mode": "train", "epoch": 36}
{"loss": 0.24149291217327118, "acc": 0.904578685760498, "length": 4.0, "mode": "test", "epoch": 36}
{"loss": 0.17308202385902405, "acc": 0.9317013025283813, "length": 3.9999916553497314, "mode": "train", "epoch": 37}
{"loss": 0.2282852679491043, "acc": 0.9153845906257629, "length": 4.0, "mode": "test", "epoch": 37}
{"loss": 0.17317500710487366, "acc": 0.9330444931983948, "length": 3.999667167663574, "mode": "train", "epoch": 38}
{"loss": 0.2548119127750397, "acc": 0.9119047522544861, "length": 4.0, "mode": "test", "epoch": 38}
{"loss": 0.17143960297107697, "acc": 0.9320071935653687, "length": 3.9999470710754395, "mode": "train", "epoch": 39}
{"loss": 0.21037369966506958, "acc": 0.9217948317527771, "length": 4.0, "mode": "test", "epoch": 39}
{"loss": 0.16635702550411224, "acc": 0.9321907758712769, "length": 3.999993324279785, "mode": "train", "epoch": 40}
{"loss": 0.20461738109588623, "acc": 0.9141026139259338, "length": 4.0, "mode": "test", "epoch": 40}
{"loss": 0.16690103709697723, "acc": 0.9312058091163635, "length": 3.9997239112854004, "mode": "train", "epoch": 41}
{"loss": 0.20684635639190674, "acc": 0.9168499112129211, "length": 4.0, "mode": "test", "epoch": 41}
{"loss": 0.16602888703346252, "acc": 0.9322514533996582, "length": 3.9999005794525146, "mode": "train", "epoch": 42}
{"loss": 0.21394772827625275, "acc": 0.9181318283081055, "length": 4.0, "mode": "test", "epoch": 42}
{"loss": 0.168699249625206, "acc": 0.9335367679595947, "length": 3.9999139308929443, "mode": "train", "epoch": 43}
{"loss": 0.1979220062494278, "acc": 0.9250916242599487, "length": 4.0, "mode": "test", "epoch": 43}
{"loss": 0.17252911627292633, "acc": 0.932068407535553, "length": 3.9999709129333496, "mode": "train", "epoch": 44}
{"loss": 0.19659513235092163, "acc": 0.9199633598327637, "length": 4.0, "mode": "test", "epoch": 44}
{"loss": 0.1647711992263794, "acc": 0.9310889840126038, "length": 3.999943256378174, "mode": "train", "epoch": 45}
{"loss": 0.21433185040950775, "acc": 0.9212453961372375, "length": 4.0, "mode": "test", "epoch": 45}
{"loss": 0.16499797999858856, "acc": 0.9362912774085999, "length": 3.999995708465576, "mode": "train", "epoch": 46}
{"loss": 0.20679928362369537, "acc": 0.9241759181022644, "length": 4.0, "mode": "test", "epoch": 46}
{"loss": 0.15709181129932404, "acc": 0.9380260705947876, "length": 3.9975647926330566, "mode": "train", "epoch": 47}
{"loss": 0.20512163639068604, "acc": 0.928205132484436, "length": 4.0, "mode": "test", "epoch": 47}
{"loss": 0.1587236374616623, "acc": 0.9340251684188843, "length": 3.9999611377716064, "mode": "train", "epoch": 48}
{"loss": 0.205682635307312, "acc": 0.9225273728370667, "length": 4.0, "mode": "test", "epoch": 48}
{"loss": 0.16692407429218292, "acc": 0.9318237900733948, "length": 4.0, "mode": "train", "epoch": 49}
{"loss": 0.19955579936504364, "acc": 0.9217948913574219, "length": 4.0, "mode": "test", "epoch": 49}
{"loss": 0.16522207856178284, "acc": 0.9325579404830933, "length": 3.9999890327453613, "mode": "train", "epoch": 50}
{"loss": 0.19884970784187317, "acc": 0.9239926934242249, "length": 4.0, "mode": "test", "epoch": 50}
{"loss": 0.1632576733827591, "acc": 0.9337204694747925, "length": 3.9999406337738037, "mode": "train", "epoch": 51}
{"loss": 0.19851908087730408, "acc": 0.9199633598327637, "length": 4.0, "mode": "test", "epoch": 51}
{"loss": 0.16271494328975677, "acc": 0.9342105388641357, "length": 3.9999988079071045, "mode": "train", "epoch": 52}
{"loss": 0.20758385956287384, "acc": 0.9197802543640137, "length": 4.0, "mode": "test", "epoch": 52}
{"loss": 0.1643536537885666, "acc": 0.9346386194229126, "length": 3.9999847412109375, "mode": "train", "epoch": 53}
{"loss": 0.23534804582595825, "acc": 0.9157509207725525, "length": 4.0, "mode": "test", "epoch": 53}
{"loss": 0.16147944331169128, "acc": 0.9329860806465149, "length": 3.9999892711639404, "mode": "train", "epoch": 54}
{"loss": 0.2066795527935028, "acc": 0.9195969104766846, "length": 4.0, "mode": "test", "epoch": 54}
{"loss": 0.15761323273181915, "acc": 0.933839738368988, "length": 3.9998066425323486, "mode": "train", "epoch": 55}
{"loss": 0.18791165947914124, "acc": 0.9203298091888428, "length": 4.0, "mode": "test", "epoch": 55}
{"loss": 0.15620596706867218, "acc": 0.9360466599464417, "length": 3.9999985694885254, "mode": "train", "epoch": 56}
{"loss": 0.19408448040485382, "acc": 0.9271061420440674, "length": 4.0, "mode": "test", "epoch": 56}
{"loss": 0.15197549760341644, "acc": 0.9389227628707886, "length": 3.9999964237213135, "mode": "train", "epoch": 57}
{"loss": 0.20503631234169006, "acc": 0.9190475940704346, "length": 4.0, "mode": "test", "epoch": 57}
{"loss": 0.1565924733877182, "acc": 0.9356181621551514, "length": 3.9999992847442627, "mode": "train", "epoch": 58}
{"loss": 0.18636362254619598, "acc": 0.9254578948020935, "length": 4.0, "mode": "test", "epoch": 58}
{"loss": 0.15440478920936584, "acc": 0.9353120923042297, "length": 3.999998092651367, "mode": "train", "epoch": 59}
{"loss": 0.18584686517715454, "acc": 0.9194139242172241, "length": 4.0, "mode": "test", "epoch": 59}
{"loss": 0.15019665658473969, "acc": 0.9383111000061035, "length": 3.999969720840454, "mode": "train", "epoch": 60}
{"loss": 0.2050919234752655, "acc": 0.9190475940704346, "length": 4.0, "mode": "test", "epoch": 60}
test accuracy: 0.8762855529785156
