# ["--attributes=5", "--values=16", "--game_size=10", "--vocab_size_factor=3", "--n_epochs=60", "--batch_size=32", "--learning_rate=0.0005", "--hidden_size=128", "--temp_update=0.97", "--temperature=2"]
Creating train_ds and val_ds...

Creating test_ds...
{"loss": 0.6927847862243652, "acc": 0.5296215415000916, "length": 3.49708890914917, "mode": "train", "epoch": 1}
{"loss": 0.6865636110305786, "acc": 0.5488010048866272, "length": 2.0, "mode": "test", "epoch": 1}
{"loss": 0.683887779712677, "acc": 0.5563317537307739, "length": 3.394871711730957, "mode": "train", "epoch": 2}
{"loss": 0.6509897708892822, "acc": 0.6424424648284912, "length": 3.9791667461395264, "mode": "test", "epoch": 2}
{"loss": 0.6141018271446228, "acc": 0.6954508423805237, "length": 3.666062593460083, "mode": "train", "epoch": 3}
{"loss": 0.5441594123840332, "acc": 0.7828124165534973, "length": 4.0, "mode": "test", "epoch": 3}
{"loss": 0.48479700088500977, "acc": 0.7829549908638, "length": 3.933990240097046, "mode": "train", "epoch": 4}
{"loss": 0.510765552520752, "acc": 0.7873263955116272, "length": 4.0, "mode": "test", "epoch": 4}
{"loss": 0.4557560980319977, "acc": 0.8023027181625366, "length": 3.959625005722046, "mode": "train", "epoch": 5}
{"loss": 0.4956769049167633, "acc": 0.7901042103767395, "length": 4.0, "mode": "test", "epoch": 5}
{"loss": 0.4417487680912018, "acc": 0.8064799904823303, "length": 3.968611478805542, "mode": "train", "epoch": 6}
{"loss": 0.49191465973854065, "acc": 0.793749988079071, "length": 4.0, "mode": "test", "epoch": 6}
{"loss": 0.43189162015914917, "acc": 0.809434711933136, "length": 3.974562883377075, "mode": "train", "epoch": 7}
{"loss": 0.49544960260391235, "acc": 0.7920138835906982, "length": 4.0, "mode": "test", "epoch": 7}
{"loss": 0.42289966344833374, "acc": 0.8129667043685913, "length": 3.9784340858459473, "mode": "train", "epoch": 8}
{"loss": 0.4797913134098053, "acc": 0.792187511920929, "length": 4.0, "mode": "test", "epoch": 8}
{"loss": 0.413125604391098, "acc": 0.8198988437652588, "length": 3.9826982021331787, "mode": "train", "epoch": 9}
{"loss": 0.48406654596328735, "acc": 0.8008680939674377, "length": 4.0, "mode": "test", "epoch": 9}
{"loss": 0.3965921401977539, "acc": 0.8259190320968628, "length": 3.9890246391296387, "mode": "train", "epoch": 10}
{"loss": 0.44740453362464905, "acc": 0.8197916150093079, "length": 4.0, "mode": "test", "epoch": 10}
{"loss": 0.38468632102012634, "acc": 0.8311161398887634, "length": 3.9919111728668213, "mode": "train", "epoch": 11}
{"loss": 0.4372312128543854, "acc": 0.8197915554046631, "length": 4.0, "mode": "test", "epoch": 11}
{"loss": 0.36889851093292236, "acc": 0.8409048318862915, "length": 3.993422031402588, "mode": "train", "epoch": 12}
{"loss": 0.4304164946079254, "acc": 0.8199653029441833, "length": 4.0, "mode": "test", "epoch": 12}
{"loss": 0.3441947400569916, "acc": 0.8539181351661682, "length": 3.9953291416168213, "mode": "train", "epoch": 13}
{"loss": 0.3878481090068817, "acc": 0.834201455116272, "length": 4.0, "mode": "test", "epoch": 13}
{"loss": 0.3190542161464691, "acc": 0.8623103499412537, "length": 3.9959876537323, "mode": "train", "epoch": 14}
{"loss": 0.37595582008361816, "acc": 0.8442708849906921, "length": 4.0, "mode": "test", "epoch": 14}
{"loss": 0.30164042115211487, "acc": 0.8717104196548462, "length": 3.9968814849853516, "mode": "train", "epoch": 15}
{"loss": 0.35074228048324585, "acc": 0.8543403148651123, "length": 4.0, "mode": "test", "epoch": 15}
{"loss": 0.2808971405029297, "acc": 0.8913692235946655, "length": 3.9976613521575928, "mode": "train", "epoch": 16}
{"loss": 0.3217660188674927, "acc": 0.8708333969116211, "length": 4.0, "mode": "test", "epoch": 16}
{"loss": 0.2648891806602478, "acc": 0.8929749131202698, "length": 3.9971656799316406, "mode": "train", "epoch": 17}
{"loss": 0.3130261301994324, "acc": 0.8807291984558105, "length": 4.0, "mode": "test", "epoch": 17}
{"loss": 0.2559279799461365, "acc": 0.8977612257003784, "length": 3.9984986782073975, "mode": "train", "epoch": 18}
{"loss": 0.32828831672668457, "acc": 0.8729166984558105, "length": 4.0, "mode": "test", "epoch": 18}
{"loss": 0.2487327605485916, "acc": 0.9052466750144958, "length": 3.998765230178833, "mode": "train", "epoch": 19}
{"loss": 0.3146582841873169, "acc": 0.8800346851348877, "length": 4.0, "mode": "test", "epoch": 19}
{"loss": 0.24199064075946808, "acc": 0.9104143977165222, "length": 3.99902606010437, "mode": "train", "epoch": 20}
{"loss": 0.2924492061138153, "acc": 0.8956596851348877, "length": 4.0, "mode": "test", "epoch": 20}
{"loss": 0.22676418721675873, "acc": 0.9151200652122498, "length": 3.9992737770080566, "mode": "train", "epoch": 21}
{"loss": 0.300312876701355, "acc": 0.890625, "length": 4.0, "mode": "test", "epoch": 21}
{"loss": 0.22126151621341705, "acc": 0.9163332581520081, "length": 3.9990909099578857, "mode": "train", "epoch": 22}
{"loss": 0.2832886278629303, "acc": 0.9001736044883728, "length": 4.0, "mode": "test", "epoch": 22}
{"loss": 0.2135336995124817, "acc": 0.9183636903762817, "length": 3.999203681945801, "mode": "train", "epoch": 23}
{"loss": 0.2670218050479889, "acc": 0.9095485210418701, "length": 4.0, "mode": "test", "epoch": 23}
{"loss": 0.2154020071029663, "acc": 0.9144614338874817, "length": 3.9990971088409424, "mode": "train", "epoch": 24}
{"loss": 0.2626131772994995, "acc": 0.9085070490837097, "length": 4.0, "mode": "test", "epoch": 24}
{"loss": 0.21330267190933228, "acc": 0.917903482913971, "length": 3.999486207962036, "mode": "train", "epoch": 25}
{"loss": 0.26473554968833923, "acc": 0.9078124165534973, "length": 4.0, "mode": "test", "epoch": 25}
{"loss": 0.20272456109523773, "acc": 0.9251618385314941, "length": 3.9996559619903564, "mode": "train", "epoch": 26}
{"loss": 0.25065529346466064, "acc": 0.9085069298744202, "length": 4.0, "mode": "test", "epoch": 26}
{"loss": 0.19492527842521667, "acc": 0.9264951944351196, "length": 3.999439001083374, "mode": "train", "epoch": 27}
{"loss": 0.2542714476585388, "acc": 0.9052082896232605, "length": 4.0, "mode": "test", "epoch": 27}
{"loss": 0.18809442222118378, "acc": 0.9322027564048767, "length": 3.9987239837646484, "mode": "train", "epoch": 28}
{"loss": 0.2597842216491699, "acc": 0.9105902910232544, "length": 4.0, "mode": "test", "epoch": 28}
{"loss": 0.17661207914352417, "acc": 0.9357180595397949, "length": 3.9996628761291504, "mode": "train", "epoch": 29}
{"loss": 0.25214657187461853, "acc": 0.9142361879348755, "length": 4.0, "mode": "test", "epoch": 29}
{"loss": 0.17435090243816376, "acc": 0.9332795143127441, "length": 3.9994916915893555, "mode": "train", "epoch": 30}
{"loss": 0.2162475734949112, "acc": 0.9208334684371948, "length": 4.0, "mode": "test", "epoch": 30}
{"loss": 0.17330513894557953, "acc": 0.9338073134422302, "length": 3.9997947216033936, "mode": "train", "epoch": 31}
{"loss": 0.2388611137866974, "acc": 0.9118055701255798, "length": 4.0, "mode": "test", "epoch": 31}
{"loss": 0.17470933496952057, "acc": 0.9353222846984863, "length": 3.999940872192383, "mode": "train", "epoch": 32}
{"loss": 0.2361343950033188, "acc": 0.9196180701255798, "length": 4.0, "mode": "test", "epoch": 32}
{"loss": 0.17132078111171722, "acc": 0.9352520108222961, "length": 3.9994678497314453, "mode": "train", "epoch": 33}
{"loss": 0.23974524438381195, "acc": 0.9107639789581299, "length": 4.0, "mode": "test", "epoch": 33}
{"loss": 0.16477978229522705, "acc": 0.937229335308075, "length": 3.9996654987335205, "mode": "train", "epoch": 34}
{"loss": 0.20288684964179993, "acc": 0.9319444298744202, "length": 4.0, "mode": "test", "epoch": 34}
{"loss": 0.15947225689888, "acc": 0.9417034983634949, "length": 3.9999542236328125, "mode": "train", "epoch": 35}
{"loss": 0.21900293231010437, "acc": 0.9223958253860474, "length": 4.0, "mode": "test", "epoch": 35}
{"loss": 0.15397079288959503, "acc": 0.942572832107544, "length": 3.9999442100524902, "mode": "train", "epoch": 36}
{"loss": 0.198643758893013, "acc": 0.9298611879348755, "length": 4.0, "mode": "test", "epoch": 36}
{"loss": 0.1510547399520874, "acc": 0.9443709254264832, "length": 3.999924898147583, "mode": "train", "epoch": 37}
{"loss": 0.2033781111240387, "acc": 0.9322916865348816, "length": 4.0, "mode": "test", "epoch": 37}
{"loss": 0.15708515048027039, "acc": 0.9401363134384155, "length": 3.999946117401123, "mode": "train", "epoch": 38}
{"loss": 0.1933990716934204, "acc": 0.9326388835906982, "length": 4.0, "mode": "test", "epoch": 38}
{"loss": 0.1443718522787094, "acc": 0.9472867846488953, "length": 3.999423027038574, "mode": "train", "epoch": 39}
{"loss": 0.22379735112190247, "acc": 0.9249999523162842, "length": 4.0, "mode": "test", "epoch": 39}
{"loss": 0.14375822246074677, "acc": 0.9448932409286499, "length": 3.999882459640503, "mode": "train", "epoch": 40}
{"loss": 0.19513627886772156, "acc": 0.9378472566604614, "length": 4.0, "mode": "test", "epoch": 40}
{"loss": 0.13717976212501526, "acc": 0.9472100138664246, "length": 3.999911069869995, "mode": "train", "epoch": 41}
{"loss": 0.19781596958637238, "acc": 0.9354166388511658, "length": 4.0, "mode": "test", "epoch": 41}
{"loss": 0.13867592811584473, "acc": 0.9445469379425049, "length": 3.999933958053589, "mode": "train", "epoch": 42}
{"loss": 0.1932854950428009, "acc": 0.9340277910232544, "length": 4.0, "mode": "test", "epoch": 42}
{"loss": 0.13561466336250305, "acc": 0.9493038058280945, "length": 3.999997138977051, "mode": "train", "epoch": 43}
{"loss": 0.18137994408607483, "acc": 0.9397569298744202, "length": 4.0, "mode": "test", "epoch": 43}
{"loss": 0.12963905930519104, "acc": 0.9522618055343628, "length": 3.9999935626983643, "mode": "train", "epoch": 44}
{"loss": 0.18796417117118835, "acc": 0.9406249523162842, "length": 4.0, "mode": "test", "epoch": 44}
{"loss": 0.1300233155488968, "acc": 0.9508119225502014, "length": 3.999999523162842, "mode": "train", "epoch": 45}
{"loss": 0.1680155247449875, "acc": 0.9444444179534912, "length": 4.0, "mode": "test", "epoch": 45}
{"loss": 0.1296635866165161, "acc": 0.9511584043502808, "length": 3.9999806880950928, "mode": "train", "epoch": 46}
{"loss": 0.1713680773973465, "acc": 0.9411458969116211, "length": 4.0, "mode": "test", "epoch": 46}
{"loss": 0.12286050617694855, "acc": 0.956612229347229, "length": 3.9999945163726807, "mode": "train", "epoch": 47}
{"loss": 0.18768246471881866, "acc": 0.9402778148651123, "length": 4.0, "mode": "test", "epoch": 47}
{"loss": 0.1329682469367981, "acc": 0.9513324499130249, "length": 3.999974489212036, "mode": "train", "epoch": 48}
{"loss": 0.19861768186092377, "acc": 0.9348958134651184, "length": 4.0, "mode": "test", "epoch": 48}
{"loss": 0.12622609734535217, "acc": 0.9527262449264526, "length": 3.9999983310699463, "mode": "train", "epoch": 49}
{"loss": 0.2054220736026764, "acc": 0.9260416030883789, "length": 4.0, "mode": "test", "epoch": 49}
{"loss": 0.11999478191137314, "acc": 0.9553943276405334, "length": 3.999997138977051, "mode": "train", "epoch": 50}
{"loss": 0.16237027943134308, "acc": 0.9456597566604614, "length": 4.0, "mode": "test", "epoch": 50}
{"loss": 0.11343478411436081, "acc": 0.9590485692024231, "length": 3.9999985694885254, "mode": "train", "epoch": 51}
{"loss": 0.18787868320941925, "acc": 0.941493034362793, "length": 4.0, "mode": "test", "epoch": 51}
{"loss": 0.11555581539869308, "acc": 0.9555678963661194, "length": 3.9999821186065674, "mode": "train", "epoch": 52}
{"loss": 0.17489667236804962, "acc": 0.9439236521720886, "length": 4.0, "mode": "test", "epoch": 52}
{"loss": 0.11420362442731857, "acc": 0.957771897315979, "length": 3.9999847412109375, "mode": "train", "epoch": 53}
{"loss": 0.17679575085639954, "acc": 0.9434027075767517, "length": 4.0, "mode": "test", "epoch": 53}
{"loss": 0.10352212190628052, "acc": 0.9638051390647888, "length": 3.999999523162842, "mode": "train", "epoch": 54}
{"loss": 0.18273873627185822, "acc": 0.9402778148651123, "length": 4.0, "mode": "test", "epoch": 54}
{"loss": 0.10293017327785492, "acc": 0.9614848494529724, "length": 3.9999990463256836, "mode": "train", "epoch": 55}
{"loss": 0.18656401336193085, "acc": 0.9423611164093018, "length": 4.0, "mode": "test", "epoch": 55}
{"loss": 0.09971413016319275, "acc": 0.9657192230224609, "length": 3.999995470046997, "mode": "train", "epoch": 56}
{"loss": 0.17798399925231934, "acc": 0.9501736164093018, "length": 4.0, "mode": "test", "epoch": 56}
{"loss": 0.10569843649864197, "acc": 0.9614849090576172, "length": 4.0, "mode": "train", "epoch": 57}
{"loss": 0.18048787117004395, "acc": 0.9423611164093018, "length": 4.0, "mode": "test", "epoch": 57}
{"loss": 0.09694726765155792, "acc": 0.9653120040893555, "length": 3.9999840259552, "mode": "train", "epoch": 58}
{"loss": 0.18581290543079376, "acc": 0.9421875476837158, "length": 4.0, "mode": "test", "epoch": 58}
{"loss": 0.10707464069128036, "acc": 0.960150420665741, "length": 3.9999966621398926, "mode": "train", "epoch": 59}
{"loss": 0.1847827434539795, "acc": 0.9513888955116272, "length": 4.0, "mode": "test", "epoch": 59}
{"loss": 0.10978597402572632, "acc": 0.9602668881416321, "length": 3.999999523162842, "mode": "train", "epoch": 60}
{"loss": 0.21164555847644806, "acc": 0.9456597566604614, "length": 4.0, "mode": "test", "epoch": 60}
test accuracy: 0.7829309701919556
