# ["--attributes=5", "--values=16", "--game_size=10", "--vocab_size_factor=3", "--n_epochs=60", "--batch_size=32", "--learning_rate=0.0005", "--hidden_size=128", "--temp_update=0.99", "--temperature=1"]
Creating train_ds and val_ds...

Creating test_ds...
{"loss": 0.6973602771759033, "acc": 0.5042413473129272, "length": 3.480445623397827, "mode": "train", "epoch": 1}
{"loss": 0.6940282583236694, "acc": 0.5029297471046448, "length": 1.0405405759811401, "mode": "test", "epoch": 1}
{"loss": 0.6830553412437439, "acc": 0.559088945388794, "length": 3.0334086418151855, "mode": "train", "epoch": 2}
{"loss": 0.6493961215019226, "acc": 0.6611961126327515, "length": 3.5135135650634766, "mode": "test", "epoch": 2}
{"loss": 0.6167230606079102, "acc": 0.6676632165908813, "length": 3.625389337539673, "mode": "train", "epoch": 3}
{"loss": 0.5695796608924866, "acc": 0.6919077038764954, "length": 3.8581080436706543, "mode": "test", "epoch": 3}
{"loss": 0.5667457580566406, "acc": 0.7052040696144104, "length": 3.7027740478515625, "mode": "train", "epoch": 4}
{"loss": 0.5274096131324768, "acc": 0.7362013459205627, "length": 3.648648738861084, "mode": "test", "epoch": 4}
{"loss": 0.5265973806381226, "acc": 0.736657440662384, "length": 3.539747476577759, "mode": "train", "epoch": 5}
{"loss": 0.4847713112831116, "acc": 0.7707982659339905, "length": 3.520270347595215, "mode": "test", "epoch": 5}
{"loss": 0.4729096293449402, "acc": 0.7823669910430908, "length": 3.424572706222534, "mode": "train", "epoch": 6}
{"loss": 0.4470873773097992, "acc": 0.793844997882843, "length": 3.422297239303589, "mode": "test", "epoch": 6}
{"loss": 0.4350720942020416, "acc": 0.8059020042419434, "length": 3.3600471019744873, "mode": "train", "epoch": 7}
{"loss": 0.4104732573032379, "acc": 0.8299145102500916, "length": 3.3310811519622803, "mode": "test", "epoch": 7}
{"loss": 0.394998699426651, "acc": 0.8282312154769897, "length": 3.544699192047119, "mode": "train", "epoch": 8}
{"loss": 0.3777700960636139, "acc": 0.8471811413764954, "length": 3.8918919563293457, "mode": "test", "epoch": 8}
{"loss": 0.3653874099254608, "acc": 0.8503835201263428, "length": 3.834890604019165, "mode": "train", "epoch": 9}
{"loss": 0.33148741722106934, "acc": 0.8664484620094299, "length": 3.898648738861084, "mode": "test", "epoch": 9}
{"loss": 0.3425876498222351, "acc": 0.8607544898986816, "length": 3.9158709049224854, "mode": "train", "epoch": 10}
{"loss": 0.3242867887020111, "acc": 0.8618242740631104, "length": 4.0, "mode": "test", "epoch": 10}
{"loss": 0.3265567421913147, "acc": 0.8691993355751038, "length": 3.962116241455078, "mode": "train", "epoch": 11}
{"loss": 0.32013845443725586, "acc": 0.8738175630569458, "length": 4.0, "mode": "test", "epoch": 11}
{"loss": 0.3225065767765045, "acc": 0.869049608707428, "length": 3.982360601425171, "mode": "train", "epoch": 12}
{"loss": 0.30517467856407166, "acc": 0.867398738861084, "length": 4.0, "mode": "test", "epoch": 12}
{"loss": 0.3059101998806, "acc": 0.877640962600708, "length": 3.985816478729248, "mode": "train", "epoch": 13}
{"loss": 0.29776331782341003, "acc": 0.8771959543228149, "length": 4.0, "mode": "test", "epoch": 13}
{"loss": 0.298455148935318, "acc": 0.8816266655921936, "length": 3.9803364276885986, "mode": "train", "epoch": 14}
{"loss": 0.28635555505752563, "acc": 0.8829391002655029, "length": 4.0, "mode": "test", "epoch": 14}
{"loss": 0.2846999764442444, "acc": 0.8861978054046631, "length": 3.9876489639282227, "mode": "train", "epoch": 15}
{"loss": 0.2727043926715851, "acc": 0.8895270824432373, "length": 4.0, "mode": "test", "epoch": 15}
{"loss": 0.2786458432674408, "acc": 0.8898482918739319, "length": 3.9884846210479736, "mode": "train", "epoch": 16}
{"loss": 0.2596125900745392, "acc": 0.8954392671585083, "length": 4.0, "mode": "test", "epoch": 16}
{"loss": 0.2645595669746399, "acc": 0.8988470435142517, "length": 3.992154836654663, "mode": "train", "epoch": 17}
{"loss": 0.2529263198375702, "acc": 0.9018580317497253, "length": 4.0, "mode": "test", "epoch": 17}
{"loss": 0.252557635307312, "acc": 0.9068378210067749, "length": 3.99686336517334, "mode": "train", "epoch": 18}
{"loss": 0.24584424495697021, "acc": 0.916891872882843, "length": 4.0, "mode": "test", "epoch": 18}
{"loss": 0.24977697432041168, "acc": 0.9079174399375916, "length": 3.9917476177215576, "mode": "train", "epoch": 19}
{"loss": 0.23776571452617645, "acc": 0.9163852334022522, "length": 4.0, "mode": "test", "epoch": 19}
{"loss": 0.24574902653694153, "acc": 0.9078062176704407, "length": 3.996831178665161, "mode": "train", "epoch": 20}
{"loss": 0.2281455546617508, "acc": 0.92381751537323, "length": 4.0, "mode": "test", "epoch": 20}
{"loss": 0.2455318719148636, "acc": 0.9068931937217712, "length": 3.995155096054077, "mode": "train", "epoch": 21}
{"loss": 0.24072638154029846, "acc": 0.9204391241073608, "length": 4.0, "mode": "test", "epoch": 21}
{"loss": 0.24232114851474762, "acc": 0.9132241010665894, "length": 3.9973628520965576, "mode": "train", "epoch": 22}
{"loss": 0.2279425859451294, "acc": 0.9219595193862915, "length": 4.0, "mode": "test", "epoch": 22}
{"loss": 0.23243585228919983, "acc": 0.9166107773780823, "length": 3.9971370697021484, "mode": "train", "epoch": 23}
{"loss": 0.22647880017757416, "acc": 0.917905330657959, "length": 4.0, "mode": "test", "epoch": 23}
{"loss": 0.23200064897537231, "acc": 0.9127389192581177, "length": 3.997725486755371, "mode": "train", "epoch": 24}
{"loss": 0.2222481071949005, "acc": 0.926858127117157, "length": 4.0, "mode": "test", "epoch": 24}
{"loss": 0.23042814433574677, "acc": 0.9157569408416748, "length": 3.998854160308838, "mode": "train", "epoch": 25}
{"loss": 0.2426317036151886, "acc": 0.9185810685157776, "length": 4.0, "mode": "test", "epoch": 25}
{"loss": 0.22441405057907104, "acc": 0.9197150468826294, "length": 3.996849298477173, "mode": "train", "epoch": 26}
{"loss": 0.2212556153535843, "acc": 0.9282093644142151, "length": 4.0, "mode": "test", "epoch": 26}
{"loss": 0.22880317270755768, "acc": 0.9177173376083374, "length": 3.9981813430786133, "mode": "train", "epoch": 27}
{"loss": 0.2268930971622467, "acc": 0.925844669342041, "length": 4.0, "mode": "test", "epoch": 27}
{"loss": 0.22479206323623657, "acc": 0.9189768433570862, "length": 3.9989469051361084, "mode": "train", "epoch": 28}
{"loss": 0.21751609444618225, "acc": 0.9282094836235046, "length": 4.0, "mode": "test", "epoch": 28}
{"loss": 0.21784456074237823, "acc": 0.9214759469032288, "length": 3.999368667602539, "mode": "train", "epoch": 29}
{"loss": 0.21395091712474823, "acc": 0.931587815284729, "length": 4.0, "mode": "test", "epoch": 29}
{"loss": 0.21681174635887146, "acc": 0.9215948581695557, "length": 3.9995570182800293, "mode": "train", "epoch": 30}
{"loss": 0.22457973659038544, "acc": 0.9310811161994934, "length": 4.0, "mode": "test", "epoch": 30}
{"loss": 0.21617014706134796, "acc": 0.9224883913993835, "length": 3.998713493347168, "mode": "train", "epoch": 31}
{"loss": 0.22194290161132812, "acc": 0.9194256663322449, "length": 4.0, "mode": "test", "epoch": 31}
{"loss": 0.2182963639497757, "acc": 0.9232835173606873, "length": 3.9991912841796875, "mode": "train", "epoch": 32}
{"loss": 0.22352948784828186, "acc": 0.9300676584243774, "length": 4.0, "mode": "test", "epoch": 32}
{"loss": 0.20973137021064758, "acc": 0.924360990524292, "length": 3.9991748332977295, "mode": "train", "epoch": 33}
{"loss": 0.2266130894422531, "acc": 0.9241554737091064, "length": 4.0, "mode": "test", "epoch": 33}
{"loss": 0.20856691896915436, "acc": 0.9245174527168274, "length": 3.9982895851135254, "mode": "train", "epoch": 34}
{"loss": 0.2145596742630005, "acc": 0.9297296404838562, "length": 4.0, "mode": "test", "epoch": 34}
{"loss": 0.20583394169807434, "acc": 0.9233507513999939, "length": 3.999708652496338, "mode": "train", "epoch": 35}
{"loss": 0.21786928176879883, "acc": 0.9280405044555664, "length": 4.0, "mode": "test", "epoch": 35}
{"loss": 0.21498741209506989, "acc": 0.9212425947189331, "length": 3.9992189407348633, "mode": "train", "epoch": 36}
{"loss": 0.22253119945526123, "acc": 0.9241554737091064, "length": 4.0, "mode": "test", "epoch": 36}
{"loss": 0.2053460031747818, "acc": 0.9243693351745605, "length": 3.9997313022613525, "mode": "train", "epoch": 37}
{"loss": 0.22032371163368225, "acc": 0.9265202879905701, "length": 4.0, "mode": "test", "epoch": 37}
{"loss": 0.2034807801246643, "acc": 0.9261687397956848, "length": 3.999361991882324, "mode": "train", "epoch": 38}
{"loss": 0.22182975709438324, "acc": 0.9261825084686279, "length": 4.0, "mode": "test", "epoch": 38}
{"loss": 0.20611976087093353, "acc": 0.9231317639350891, "length": 3.9998695850372314, "mode": "train", "epoch": 39}
{"loss": 0.2037988156080246, "acc": 0.9317567944526672, "length": 4.0, "mode": "test", "epoch": 39}
{"loss": 0.2048467993736267, "acc": 0.9232946038246155, "length": 3.999742031097412, "mode": "train", "epoch": 40}
{"loss": 0.21408124268054962, "acc": 0.931587815284729, "length": 4.0, "mode": "test", "epoch": 40}
{"loss": 0.2030201107263565, "acc": 0.9256188869476318, "length": 3.99985408782959, "mode": "train", "epoch": 41}
{"loss": 0.22256265580654144, "acc": 0.9298986196517944, "length": 4.0, "mode": "test", "epoch": 41}
{"loss": 0.20382338762283325, "acc": 0.9254165291786194, "length": 3.999161720275879, "mode": "train", "epoch": 42}
{"loss": 0.221316859126091, "acc": 0.9326013922691345, "length": 4.0, "mode": "test", "epoch": 42}
{"loss": 0.20804370939731598, "acc": 0.9221815466880798, "length": 3.997586965560913, "mode": "train", "epoch": 43}
{"loss": 0.2235119342803955, "acc": 0.9287163019180298, "length": 4.0, "mode": "test", "epoch": 43}
{"loss": 0.20610949397087097, "acc": 0.9248289465904236, "length": 3.9999332427978516, "mode": "train", "epoch": 44}
{"loss": 0.2320791780948639, "acc": 0.9228041172027588, "length": 4.0, "mode": "test", "epoch": 44}
{"loss": 0.2040211260318756, "acc": 0.9241485595703125, "length": 3.999790668487549, "mode": "train", "epoch": 45}
{"loss": 0.20870117843151093, "acc": 0.9292230606079102, "length": 4.0, "mode": "test", "epoch": 45}
{"loss": 0.1999928504228592, "acc": 0.9265332818031311, "length": 3.9994592666625977, "mode": "train", "epoch": 46}
{"loss": 0.21760784089565277, "acc": 0.925844669342041, "length": 4.0, "mode": "test", "epoch": 46}
{"loss": 0.2024359405040741, "acc": 0.9227818846702576, "length": 3.9997379779815674, "mode": "train", "epoch": 47}
{"loss": 0.21803028881549835, "acc": 0.9305742383003235, "length": 4.0, "mode": "test", "epoch": 47}
{"loss": 0.20599229633808136, "acc": 0.9225102066993713, "length": 3.999952554702759, "mode": "train", "epoch": 48}
{"loss": 0.21524587273597717, "acc": 0.9270271062850952, "length": 4.0, "mode": "test", "epoch": 48}
{"loss": 0.20018500089645386, "acc": 0.9243751168251038, "length": 3.999580144882202, "mode": "train", "epoch": 49}
{"loss": 0.21853914856910706, "acc": 0.9285473227500916, "length": 4.0, "mode": "test", "epoch": 49}
{"loss": 0.1975390762090683, "acc": 0.9293942451477051, "length": 3.998859167098999, "mode": "train", "epoch": 50}
{"loss": 0.19987092912197113, "acc": 0.9310811161994934, "length": 4.0, "mode": "test", "epoch": 50}
{"loss": 0.20124439895153046, "acc": 0.9233595132827759, "length": 3.9999356269836426, "mode": "train", "epoch": 51}
{"loss": 0.20078836381435394, "acc": 0.9373310208320618, "length": 4.0, "mode": "test", "epoch": 51}
{"loss": 0.19449207186698914, "acc": 0.9292367100715637, "length": 3.9998340606689453, "mode": "train", "epoch": 52}
{"loss": 0.2272695153951645, "acc": 0.9302365183830261, "length": 4.0, "mode": "test", "epoch": 52}
{"loss": 0.19413571059703827, "acc": 0.9299715757369995, "length": 3.999830722808838, "mode": "train", "epoch": 53}
{"loss": 0.19370603561401367, "acc": 0.9341216087341309, "length": 4.0, "mode": "test", "epoch": 53}
{"loss": 0.19012446701526642, "acc": 0.9272950887680054, "length": 3.9993505477905273, "mode": "train", "epoch": 54}
{"loss": 0.2250223606824875, "acc": 0.9288851022720337, "length": 4.0, "mode": "test", "epoch": 54}
{"loss": 0.19421444833278656, "acc": 0.9289571642875671, "length": 3.9999001026153564, "mode": "train", "epoch": 55}
{"loss": 0.21729302406311035, "acc": 0.9332770109176636, "length": 4.0, "mode": "test", "epoch": 55}
{"loss": 0.19708819687366486, "acc": 0.9246559739112854, "length": 3.9997825622558594, "mode": "train", "epoch": 56}
{"loss": 0.21853382885456085, "acc": 0.9305742383003235, "length": 4.0, "mode": "test", "epoch": 56}
{"loss": 0.19092711806297302, "acc": 0.9268061518669128, "length": 3.9981229305267334, "mode": "train", "epoch": 57}
{"loss": 0.2100747674703598, "acc": 0.9314188361167908, "length": 4.0, "mode": "test", "epoch": 57}
{"loss": 0.1871543526649475, "acc": 0.9304816722869873, "length": 3.999894618988037, "mode": "train", "epoch": 58}
{"loss": 0.21974702179431915, "acc": 0.9305742383003235, "length": 4.0, "mode": "test", "epoch": 58}
{"loss": 0.1873779445886612, "acc": 0.9280527830123901, "length": 3.99995756149292, "mode": "train", "epoch": 59}
{"loss": 0.21003814041614532, "acc": 0.933783769607544, "length": 4.0, "mode": "test", "epoch": 59}
{"loss": 0.19041329622268677, "acc": 0.9271324872970581, "length": 3.999267578125, "mode": "train", "epoch": 60}
{"loss": 0.2023427039384842, "acc": 0.9342905879020691, "length": 4.0, "mode": "test", "epoch": 60}
test accuracy: 0.7190384864807129
