# ["--attributes=3", "--values=4", "--game_size=10", "--vocab_size_factor=3", "--n_epochs=60", "--batch_size=32", "--learning_rate=0.001", "--hidden_size=256", "--temp_update=0.99", "--temperature=1.5"]
Creating train_ds and val_ds...

Creating test_ds...
{"loss": 0.7104763984680176, "acc": 0.520118772983551, "length": 1.7597671747207642, "mode": "train", "epoch": 1}
{"loss": 0.6918285489082336, "acc": 0.5322916507720947, "length": 1.0, "mode": "test", "epoch": 1}
{"loss": 0.6974676251411438, "acc": 0.5112234354019165, "length": 1.0046405792236328, "mode": "train", "epoch": 2}
{"loss": 0.6954477429389954, "acc": 0.5161458849906921, "length": 1.0, "mode": "test", "epoch": 2}
{"loss": 0.6980413794517517, "acc": 0.503052294254303, "length": 1.0131882429122925, "mode": "train", "epoch": 3}
{"loss": 0.6921652555465698, "acc": 0.535937488079071, "length": 1.0, "mode": "test", "epoch": 3}
{"loss": 0.6526512503623962, "acc": 0.6070989966392517, "length": 1.7255363464355469, "mode": "train", "epoch": 4}
{"loss": 0.6028944253921509, "acc": 0.681038498878479, "length": 2.4895832538604736, "mode": "test", "epoch": 4}
{"loss": 0.5896161198616028, "acc": 0.7011536359786987, "length": 2.3684959411621094, "mode": "train", "epoch": 5}
{"loss": 0.5735498070716858, "acc": 0.7139106392860413, "length": 2.40625, "mode": "test", "epoch": 5}
{"loss": 0.5732917189598083, "acc": 0.7041574716567993, "length": 2.331346035003662, "mode": "train", "epoch": 6}
{"loss": 0.5726678967475891, "acc": 0.7133084535598755, "length": 2.3541667461395264, "mode": "test", "epoch": 6}
{"loss": 0.5659686923027039, "acc": 0.7093698382377625, "length": 2.41583514213562, "mode": "train", "epoch": 7}
{"loss": 0.5681199431419373, "acc": 0.7202690839767456, "length": 2.3854167461395264, "mode": "test", "epoch": 7}
{"loss": 0.5239542126655579, "acc": 0.7521570324897766, "length": 2.5584630966186523, "mode": "train", "epoch": 8}
{"loss": 0.48452287912368774, "acc": 0.7832520008087158, "length": 2.65625, "mode": "test", "epoch": 8}
{"loss": 0.4569017291069031, "acc": 0.7852092981338501, "length": 2.6865787506103516, "mode": "train", "epoch": 9}
{"loss": 0.4545045495033264, "acc": 0.7805121541023254, "length": 2.6979167461395264, "mode": "test", "epoch": 9}
{"loss": 0.42045119404792786, "acc": 0.7986605763435364, "length": 2.9861433506011963, "mode": "train", "epoch": 10}
{"loss": 0.4601683020591736, "acc": 0.7980902194976807, "length": 3.40625, "mode": "test", "epoch": 10}
{"loss": 0.39804673194885254, "acc": 0.8191637396812439, "length": 3.1516830921173096, "mode": "train", "epoch": 11}
{"loss": 0.39992058277130127, "acc": 0.829345703125, "length": 3.128472328186035, "mode": "test", "epoch": 11}
{"loss": 0.3769725561141968, "acc": 0.8332958817481995, "length": 3.044886589050293, "mode": "train", "epoch": 12}
{"loss": 0.3973969519138336, "acc": 0.8273763060569763, "length": 3.2673611640930176, "mode": "test", "epoch": 12}
{"loss": 0.3678165376186371, "acc": 0.8374913334846497, "length": 3.143369674682617, "mode": "train", "epoch": 13}
{"loss": 0.37704625725746155, "acc": 0.8413628935813904, "length": 3.1979167461395264, "mode": "test", "epoch": 13}
{"loss": 0.3504968285560608, "acc": 0.843389093875885, "length": 3.295591115951538, "mode": "train", "epoch": 14}
{"loss": 0.4075179696083069, "acc": 0.8390191197395325, "length": 3.347222328186035, "mode": "test", "epoch": 14}
{"loss": 0.32666832208633423, "acc": 0.8614372611045837, "length": 3.4055447578430176, "mode": "train", "epoch": 15}
{"loss": 0.3570622503757477, "acc": 0.8546658158302307, "length": 3.4513888359069824, "mode": "test", "epoch": 15}
{"loss": 0.3095845580101013, "acc": 0.8629936575889587, "length": 3.443578004837036, "mode": "train", "epoch": 16}
{"loss": 0.3384687006473541, "acc": 0.8608452677726746, "length": 3.4513888359069824, "mode": "test", "epoch": 16}
{"loss": 0.2927745580673218, "acc": 0.8753545880317688, "length": 3.4941179752349854, "mode": "train", "epoch": 17}
{"loss": 0.324465274810791, "acc": 0.8607529401779175, "length": 3.4236111640930176, "mode": "test", "epoch": 17}
{"loss": 0.28114792704582214, "acc": 0.8791338801383972, "length": 3.497469663619995, "mode": "train", "epoch": 18}
{"loss": 0.30168870091438293, "acc": 0.8715928792953491, "length": 3.4479167461395264, "mode": "test", "epoch": 18}
{"loss": 0.2714676558971405, "acc": 0.8825861215591431, "length": 3.553225517272949, "mode": "train", "epoch": 19}
{"loss": 0.2945384085178375, "acc": 0.8709635138511658, "length": 3.5763888359069824, "mode": "test", "epoch": 19}
{"loss": 0.2611475884914398, "acc": 0.8888248801231384, "length": 3.572895050048828, "mode": "train", "epoch": 20}
{"loss": 0.2837330996990204, "acc": 0.8829047679901123, "length": 3.663194417953491, "mode": "test", "epoch": 20}
{"loss": 0.24859578907489777, "acc": 0.89410001039505, "length": 3.7282867431640625, "mode": "train", "epoch": 21}
{"loss": 0.2756187617778778, "acc": 0.8773816823959351, "length": 3.8263888359069824, "mode": "test", "epoch": 21}
{"loss": 0.23678654432296753, "acc": 0.8991678953170776, "length": 3.8411831855773926, "mode": "train", "epoch": 22}
{"loss": 0.2644360065460205, "acc": 0.8928385972976685, "length": 3.819444417953491, "mode": "test", "epoch": 22}
{"loss": 0.21614961326122284, "acc": 0.9126545190811157, "length": 3.819993495941162, "mode": "train", "epoch": 23}
{"loss": 0.2548087537288666, "acc": 0.8993815183639526, "length": 3.836805582046509, "mode": "test", "epoch": 23}
{"loss": 0.2169855386018753, "acc": 0.9091851115226746, "length": 3.820812702178955, "mode": "train", "epoch": 24}
{"loss": 0.25843003392219543, "acc": 0.9054470062255859, "length": 3.847222328186035, "mode": "test", "epoch": 24}
{"loss": 0.2018764317035675, "acc": 0.9202061891555786, "length": 3.8404200077056885, "mode": "train", "epoch": 25}
{"loss": 0.23150937259197235, "acc": 0.9134277701377869, "length": 3.753472328186035, "mode": "test", "epoch": 25}
{"loss": 0.20251210033893585, "acc": 0.9187712669372559, "length": 3.827258825302124, "mode": "train", "epoch": 26}
{"loss": 0.23689648509025574, "acc": 0.9133084416389465, "length": 3.8263888359069824, "mode": "test", "epoch": 26}
{"loss": 0.19420480728149414, "acc": 0.921401858329773, "length": 3.8225388526916504, "mode": "train", "epoch": 27}
{"loss": 0.24121138453483582, "acc": 0.9161566495895386, "length": 3.7395832538604736, "mode": "test", "epoch": 27}
{"loss": 0.18557439744472504, "acc": 0.928676962852478, "length": 3.82643461227417, "mode": "train", "epoch": 28}
{"loss": 0.21010024845600128, "acc": 0.9206488728523254, "length": 3.8298611640930176, "mode": "test", "epoch": 28}
{"loss": 0.17415696382522583, "acc": 0.9319953918457031, "length": 3.841944932937622, "mode": "train", "epoch": 29}
{"loss": 0.21285943686962128, "acc": 0.9094510674476624, "length": 3.8020832538604736, "mode": "test", "epoch": 29}
{"loss": 0.17485420405864716, "acc": 0.9314137697219849, "length": 3.818363666534424, "mode": "train", "epoch": 30}
{"loss": 0.20058874785900116, "acc": 0.9254992008209229, "length": 3.84375, "mode": "test", "epoch": 30}
{"loss": 0.16457238793373108, "acc": 0.9350326061248779, "length": 3.8545076847076416, "mode": "train", "epoch": 31}
{"loss": 0.21794989705085754, "acc": 0.9208930134773254, "length": 3.8298611640930176, "mode": "test", "epoch": 31}
{"loss": 0.15824554860591888, "acc": 0.9379769563674927, "length": 3.886967897415161, "mode": "train", "epoch": 32}
{"loss": 0.18828697502613068, "acc": 0.9256184101104736, "length": 3.819444417953491, "mode": "test", "epoch": 32}
{"loss": 0.15788109600543976, "acc": 0.9384335279464722, "length": 3.8705201148986816, "mode": "train", "epoch": 33}
{"loss": 0.20473594963550568, "acc": 0.9287760853767395, "length": 3.8645832538604736, "mode": "test", "epoch": 33}
{"loss": 0.1421983242034912, "acc": 0.9474706649780273, "length": 3.8602373600006104, "mode": "train", "epoch": 34}
{"loss": 0.1883331537246704, "acc": 0.9229220151901245, "length": 3.8125, "mode": "test", "epoch": 34}
{"loss": 0.1334255039691925, "acc": 0.9483959078788757, "length": 3.8653321266174316, "mode": "train", "epoch": 35}
{"loss": 0.17583413422107697, "acc": 0.9405382871627808, "length": 3.8888888359069824, "mode": "test", "epoch": 35}
{"loss": 0.14110466837882996, "acc": 0.9437733292579651, "length": 3.9082155227661133, "mode": "train", "epoch": 36}
{"loss": 0.19016967713832855, "acc": 0.9280598759651184, "length": 3.8923611640930176, "mode": "test", "epoch": 36}
{"loss": 0.1322726607322693, "acc": 0.9465628266334534, "length": 3.891530752182007, "mode": "train", "epoch": 37}
{"loss": 0.18807967007160187, "acc": 0.9306913018226624, "length": 3.805555582046509, "mode": "test", "epoch": 37}
{"loss": 0.11447063088417053, "acc": 0.9597881436347961, "length": 3.8969318866729736, "mode": "train", "epoch": 38}
{"loss": 0.15143132209777832, "acc": 0.9487468004226685, "length": 3.934027671813965, "mode": "test", "epoch": 38}
{"loss": 0.10868869721889496, "acc": 0.9573794603347778, "length": 3.9279558658599854, "mode": "train", "epoch": 39}
{"loss": 0.15223689377307892, "acc": 0.9438042044639587, "length": 3.902777671813965, "mode": "test", "epoch": 39}
{"loss": 0.10471757501363754, "acc": 0.9591841697692871, "length": 3.918729305267334, "mode": "train", "epoch": 40}
{"loss": 0.126985564827919, "acc": 0.9444552659988403, "length": 3.902777671813965, "mode": "test", "epoch": 40}
{"loss": 0.10040445625782013, "acc": 0.9640065431594849, "length": 3.8964121341705322, "mode": "train", "epoch": 41}
{"loss": 0.1780518740415573, "acc": 0.9482802152633667, "length": 3.84375, "mode": "test", "epoch": 41}
{"loss": 0.1068003699183464, "acc": 0.9634943008422852, "length": 3.901747226715088, "mode": "train", "epoch": 42}
{"loss": 0.1478840559720993, "acc": 0.9547200798988342, "length": 3.902777671813965, "mode": "test", "epoch": 42}
{"loss": 0.10046416521072388, "acc": 0.9654287695884705, "length": 3.937521457672119, "mode": "train", "epoch": 43}
{"loss": 0.14140979945659637, "acc": 0.9526203870773315, "length": 3.940972328186035, "mode": "test", "epoch": 43}
{"loss": 0.0974762961268425, "acc": 0.9670162200927734, "length": 3.935541868209839, "mode": "train", "epoch": 44}
{"loss": 0.1413673609495163, "acc": 0.9489041566848755, "length": 3.909722328186035, "mode": "test", "epoch": 44}
{"loss": 0.08087845146656036, "acc": 0.972958505153656, "length": 3.9032695293426514, "mode": "train", "epoch": 45}
{"loss": 0.13680636882781982, "acc": 0.9554361701011658, "length": 3.8923611640930176, "mode": "test", "epoch": 45}
{"loss": 0.0758698359131813, "acc": 0.9751948714256287, "length": 3.9091885089874268, "mode": "train", "epoch": 46}
{"loss": 0.14459188282489777, "acc": 0.9553929567337036, "length": 3.868055582046509, "mode": "test", "epoch": 46}
{"loss": 0.0735408216714859, "acc": 0.973582923412323, "length": 3.91422700881958, "mode": "train", "epoch": 47}
{"loss": 0.1291915476322174, "acc": 0.9602105021476746, "length": 3.90625, "mode": "test", "epoch": 47}
{"loss": 0.07000898569822311, "acc": 0.9776924848556519, "length": 3.9187097549438477, "mode": "train", "epoch": 48}
{"loss": 0.12542247772216797, "acc": 0.9616590142250061, "length": 3.868055582046509, "mode": "test", "epoch": 48}
{"loss": 0.06190282851457596, "acc": 0.9803785681724548, "length": 3.893646478652954, "mode": "train", "epoch": 49}
{"loss": 0.12099281698465347, "acc": 0.9602647423744202, "length": 3.8854167461395264, "mode": "test", "epoch": 49}
{"loss": 0.09281781315803528, "acc": 0.9697854518890381, "length": 3.920598030090332, "mode": "train", "epoch": 50}
{"loss": 0.12298498302698135, "acc": 0.9611274003982544, "length": 3.934027671813965, "mode": "test", "epoch": 50}
{"loss": 0.09377337992191315, "acc": 0.9673953056335449, "length": 3.9438676834106445, "mode": "train", "epoch": 51}
{"loss": 0.16665124893188477, "acc": 0.9512532353401184, "length": 3.934027671813965, "mode": "test", "epoch": 51}
{"loss": 0.08245447278022766, "acc": 0.9732928276062012, "length": 3.927452802658081, "mode": "train", "epoch": 52}
{"loss": 0.13309140503406525, "acc": 0.9660535454750061, "length": 3.9479167461395264, "mode": "test", "epoch": 52}
{"loss": 0.06662590056657791, "acc": 0.9771812558174133, "length": 3.9412734508514404, "mode": "train", "epoch": 53}
{"loss": 0.15750524401664734, "acc": 0.9483832120895386, "length": 3.9548611640930176, "mode": "test", "epoch": 53}
{"loss": 0.052635397762060165, "acc": 0.9818167090415955, "length": 3.960679531097412, "mode": "train", "epoch": 54}
{"loss": 0.11324343830347061, "acc": 0.9670953750610352, "length": 3.961805582046509, "mode": "test", "epoch": 54}
{"loss": 0.041567616164684296, "acc": 0.9860936999320984, "length": 3.962191104888916, "mode": "train", "epoch": 55}
{"loss": 0.10900719463825226, "acc": 0.9696072340011597, "length": 3.961805582046509, "mode": "test", "epoch": 55}
{"loss": 0.04706507921218872, "acc": 0.9837574362754822, "length": 3.9657654762268066, "mode": "train", "epoch": 56}
{"loss": 0.11782145500183105, "acc": 0.9642523527145386, "length": 3.9513888359069824, "mode": "test", "epoch": 56}
{"loss": 0.046901874244213104, "acc": 0.9845169186592102, "length": 3.9606106281280518, "mode": "train", "epoch": 57}
{"loss": 0.11027082055807114, "acc": 0.9706869125366211, "length": 3.9513888359069824, "mode": "test", "epoch": 57}
{"loss": 0.09572385996580124, "acc": 0.9696891903877258, "length": 3.9586799144744873, "mode": "train", "epoch": 58}
{"loss": 0.1239444836974144, "acc": 0.9592230916023254, "length": 3.940972328186035, "mode": "test", "epoch": 58}
{"loss": 0.07861682027578354, "acc": 0.9709197878837585, "length": 3.9586009979248047, "mode": "train", "epoch": 59}
{"loss": 0.12734942138195038, "acc": 0.9586805701255798, "length": 3.9375, "mode": "test", "epoch": 59}
{"loss": 0.06307178735733032, "acc": 0.9761000871658325, "length": 3.9569857120513916, "mode": "train", "epoch": 60}
{"loss": 0.09262299537658691, "acc": 0.9692056179046631, "length": 3.9270832538604736, "mode": "test", "epoch": 60}
test accuracy: 0.7676024436950684
