# ["--attributes=5", "--values=16", "--game_size=10", "--vocab_size_factor=3", "--n_epochs=60", "--batch_size=32", "--learning_rate=0.0005", "--hidden_size=128", "--temp_update=0.99", "--temperature=1.5"]
Creating train_ds and val_ds...

Creating test_ds...
{"loss": 0.6960499286651611, "acc": 0.5114924907684326, "length": 3.4903180599212646, "mode": "train", "epoch": 1}
{"loss": 0.6897206902503967, "acc": 0.5014244914054871, "length": 1.2167831659317017, "mode": "test", "epoch": 1}
{"loss": 0.6809315085411072, "acc": 0.5685605406761169, "length": 3.098292350769043, "mode": "train", "epoch": 2}
{"loss": 0.6621895432472229, "acc": 0.6233107447624207, "length": 1.996503472328186, "mode": "test", "epoch": 2}
{"loss": 0.6220458745956421, "acc": 0.6882105469703674, "length": 3.0772013664245605, "mode": "train", "epoch": 3}
{"loss": 0.5711696743965149, "acc": 0.7135653495788574, "length": 3.821678400039673, "mode": "test", "epoch": 3}
{"loss": 0.5431509613990784, "acc": 0.7292109727859497, "length": 3.6464831829071045, "mode": "train", "epoch": 4}
{"loss": 0.522185742855072, "acc": 0.7465253472328186, "length": 3.993006944656372, "mode": "test", "epoch": 4}
{"loss": 0.481193482875824, "acc": 0.7778264284133911, "length": 3.8549118041992188, "mode": "train", "epoch": 5}
{"loss": 0.5032209753990173, "acc": 0.7786714434623718, "length": 4.0, "mode": "test", "epoch": 5}
{"loss": 0.43779101967811584, "acc": 0.7868892550468445, "length": 3.940317153930664, "mode": "train", "epoch": 6}
{"loss": 0.4634564220905304, "acc": 0.7889860272407532, "length": 4.0, "mode": "test", "epoch": 6}
{"loss": 0.40357357263565063, "acc": 0.8203771114349365, "length": 3.9523940086364746, "mode": "train", "epoch": 7}
{"loss": 0.4501294195652008, "acc": 0.8055944442749023, "length": 4.0, "mode": "test", "epoch": 7}
{"loss": 0.38180214166641235, "acc": 0.8345372676849365, "length": 3.962448835372925, "mode": "train", "epoch": 8}
{"loss": 0.42159780859947205, "acc": 0.8277971744537354, "length": 4.0, "mode": "test", "epoch": 8}
{"loss": 0.35562843084335327, "acc": 0.8546882271766663, "length": 3.9710135459899902, "mode": "train", "epoch": 9}
{"loss": 0.3880426585674286, "acc": 0.8347902894020081, "length": 4.0, "mode": "test", "epoch": 9}
{"loss": 0.33352988958358765, "acc": 0.8633716106414795, "length": 3.9825968742370605, "mode": "train", "epoch": 10}
{"loss": 0.37331488728523254, "acc": 0.8368880748748779, "length": 4.0, "mode": "test", "epoch": 10}
{"loss": 0.3111938536167145, "acc": 0.8693398833274841, "length": 3.9881231784820557, "mode": "train", "epoch": 11}
{"loss": 0.3542225956916809, "acc": 0.8344405889511108, "length": 4.0, "mode": "test", "epoch": 11}
{"loss": 0.29684481024742126, "acc": 0.876474142074585, "length": 3.99100399017334, "mode": "train", "epoch": 12}
{"loss": 0.33924952149391174, "acc": 0.8447551727294922, "length": 4.0, "mode": "test", "epoch": 12}
{"loss": 0.2829838991165161, "acc": 0.8829861283302307, "length": 3.9927406311035156, "mode": "train", "epoch": 13}
{"loss": 0.33604758977890015, "acc": 0.8533217310905457, "length": 4.0, "mode": "test", "epoch": 13}
{"loss": 0.2745417058467865, "acc": 0.8867692351341248, "length": 3.9935154914855957, "mode": "train", "epoch": 14}
{"loss": 0.31351011991500854, "acc": 0.8569930791854858, "length": 4.0, "mode": "test", "epoch": 14}
{"loss": 0.2740388512611389, "acc": 0.8862184882164001, "length": 3.9953341484069824, "mode": "train", "epoch": 15}
{"loss": 0.315636545419693, "acc": 0.876398503780365, "length": 4.0, "mode": "test", "epoch": 15}
{"loss": 0.2729507088661194, "acc": 0.8893059492111206, "length": 3.9954538345336914, "mode": "train", "epoch": 16}
{"loss": 0.31456342339515686, "acc": 0.8767481446266174, "length": 4.0, "mode": "test", "epoch": 16}
{"loss": 0.2683292031288147, "acc": 0.8904055953025818, "length": 3.9961414337158203, "mode": "train", "epoch": 17}
{"loss": 0.3303908407688141, "acc": 0.862062931060791, "length": 4.0, "mode": "test", "epoch": 17}
{"loss": 0.25989383459091187, "acc": 0.8929464817047119, "length": 3.99686598777771, "mode": "train", "epoch": 18}
{"loss": 0.3096259832382202, "acc": 0.8819929957389832, "length": 4.0, "mode": "test", "epoch": 18}
{"loss": 0.2530688941478729, "acc": 0.8977575302124023, "length": 3.9974453449249268, "mode": "train", "epoch": 19}
{"loss": 0.2980663776397705, "acc": 0.8776223063468933, "length": 4.0, "mode": "test", "epoch": 19}
{"loss": 0.25448983907699585, "acc": 0.8959083557128906, "length": 3.997001886367798, "mode": "train", "epoch": 20}
{"loss": 0.29836052656173706, "acc": 0.8763986229896545, "length": 4.0, "mode": "test", "epoch": 20}
{"loss": 0.24850481748580933, "acc": 0.9003844857215881, "length": 3.9972195625305176, "mode": "train", "epoch": 21}
{"loss": 0.2956732511520386, "acc": 0.8718531131744385, "length": 4.0, "mode": "test", "epoch": 21}
{"loss": 0.24313485622406006, "acc": 0.9036436676979065, "length": 3.9984283447265625, "mode": "train", "epoch": 22}
{"loss": 0.2998013198375702, "acc": 0.8708043098449707, "length": 4.0, "mode": "test", "epoch": 22}
{"loss": 0.247316375374794, "acc": 0.8988361358642578, "length": 3.9984335899353027, "mode": "train", "epoch": 23}
{"loss": 0.3175773024559021, "acc": 0.8671327829360962, "length": 4.0, "mode": "test", "epoch": 23}
{"loss": 0.24575604498386383, "acc": 0.8997070789337158, "length": 3.9982686042785645, "mode": "train", "epoch": 24}
{"loss": 0.29281800985336304, "acc": 0.8776224851608276, "length": 4.0, "mode": "test", "epoch": 24}
{"loss": 0.24175235629081726, "acc": 0.8998879194259644, "length": 3.998516321182251, "mode": "train", "epoch": 25}
{"loss": 0.2942714989185333, "acc": 0.8763985633850098, "length": 4.0, "mode": "test", "epoch": 25}
{"loss": 0.2403298169374466, "acc": 0.9000135660171509, "length": 3.998866319656372, "mode": "train", "epoch": 26}
{"loss": 0.28631895780563354, "acc": 0.8753497004508972, "length": 4.0, "mode": "test", "epoch": 26}
{"loss": 0.23612861335277557, "acc": 0.9032888412475586, "length": 3.9989964962005615, "mode": "train", "epoch": 27}
{"loss": 0.28831946849823, "acc": 0.8790209293365479, "length": 4.0, "mode": "test", "epoch": 27}
{"loss": 0.23807018995285034, "acc": 0.9017166495323181, "length": 3.999168872833252, "mode": "train", "epoch": 28}
{"loss": 0.2958345413208008, "acc": 0.8830419182777405, "length": 4.0, "mode": "test", "epoch": 28}
{"loss": 0.23564264178276062, "acc": 0.9016731977462769, "length": 3.9994192123413086, "mode": "train", "epoch": 29}
{"loss": 0.284822553396225, "acc": 0.8844404816627502, "length": 4.0, "mode": "test", "epoch": 29}
{"loss": 0.23138439655303955, "acc": 0.9075196385383606, "length": 3.9992733001708984, "mode": "train", "epoch": 30}
{"loss": 0.2908957600593567, "acc": 0.8758740425109863, "length": 4.0, "mode": "test", "epoch": 30}
{"loss": 0.22965461015701294, "acc": 0.9058195352554321, "length": 3.9992246627807617, "mode": "train", "epoch": 31}
{"loss": 0.2894829213619232, "acc": 0.8846153616905212, "length": 4.0, "mode": "test", "epoch": 31}
{"loss": 0.22923055291175842, "acc": 0.9027696251869202, "length": 3.9989571571350098, "mode": "train", "epoch": 32}
{"loss": 0.2926965057849884, "acc": 0.8777972459793091, "length": 4.0, "mode": "test", "epoch": 32}
{"loss": 0.23078761994838715, "acc": 0.9054826498031616, "length": 3.9996023178100586, "mode": "train", "epoch": 33}
{"loss": 0.2863686978816986, "acc": 0.882867157459259, "length": 4.0, "mode": "test", "epoch": 33}
{"loss": 0.23098018765449524, "acc": 0.9029715657234192, "length": 3.999645709991455, "mode": "train", "epoch": 34}
{"loss": 0.28125283122062683, "acc": 0.8814685344696045, "length": 4.0, "mode": "test", "epoch": 34}
{"loss": 0.22581340372562408, "acc": 0.9076581001281738, "length": 3.999730348587036, "mode": "train", "epoch": 35}
{"loss": 0.30505552887916565, "acc": 0.8835664987564087, "length": 4.0, "mode": "test", "epoch": 35}
{"loss": 0.23038522899150848, "acc": 0.9033849239349365, "length": 3.9997501373291016, "mode": "train", "epoch": 36}
{"loss": 0.2811890244483948, "acc": 0.8842658400535583, "length": 4.0, "mode": "test", "epoch": 36}
{"loss": 0.2222561091184616, "acc": 0.9079993367195129, "length": 3.9996297359466553, "mode": "train", "epoch": 37}
{"loss": 0.2747592031955719, "acc": 0.8858392834663391, "length": 4.0, "mode": "test", "epoch": 37}
{"loss": 0.22079524397850037, "acc": 0.910701334476471, "length": 3.999699831008911, "mode": "train", "epoch": 38}
{"loss": 0.28223544359207153, "acc": 0.8804194927215576, "length": 4.0, "mode": "test", "epoch": 38}
{"loss": 0.2286170870065689, "acc": 0.9050284624099731, "length": 3.9998574256896973, "mode": "train", "epoch": 39}
{"loss": 0.26935142278671265, "acc": 0.8839160799980164, "length": 4.0, "mode": "test", "epoch": 39}
{"loss": 0.21698695421218872, "acc": 0.9139279723167419, "length": 3.9998230934143066, "mode": "train", "epoch": 40}
{"loss": 0.2642269730567932, "acc": 0.873426616191864, "length": 4.0, "mode": "test", "epoch": 40}
{"loss": 0.21662341058254242, "acc": 0.9126906394958496, "length": 3.9997427463531494, "mode": "train", "epoch": 41}
{"loss": 0.27911752462387085, "acc": 0.8853146433830261, "length": 4.0, "mode": "test", "epoch": 41}
{"loss": 0.21069586277008057, "acc": 0.9177882075309753, "length": 3.9997763633728027, "mode": "train", "epoch": 42}
{"loss": 0.2768687605857849, "acc": 0.8849650621414185, "length": 4.0, "mode": "test", "epoch": 42}
{"loss": 0.20931389927864075, "acc": 0.9217738509178162, "length": 3.9998984336853027, "mode": "train", "epoch": 43}
{"loss": 0.2809583842754364, "acc": 0.8909090757369995, "length": 4.0, "mode": "test", "epoch": 43}
{"loss": 0.2113879919052124, "acc": 0.918167233467102, "length": 3.9992642402648926, "mode": "train", "epoch": 44}
{"loss": 0.27348417043685913, "acc": 0.8963285684585571, "length": 4.0, "mode": "test", "epoch": 44}
{"loss": 0.2063295543193817, "acc": 0.9197251796722412, "length": 3.999894857406616, "mode": "train", "epoch": 45}
{"loss": 0.2570211589336395, "acc": 0.8986014127731323, "length": 4.0, "mode": "test", "epoch": 45}
{"loss": 0.20392365753650665, "acc": 0.9193682670593262, "length": 3.999762773513794, "mode": "train", "epoch": 46}
{"loss": 0.2508523166179657, "acc": 0.9017482399940491, "length": 4.0, "mode": "test", "epoch": 46}
{"loss": 0.19961364567279816, "acc": 0.9237092137336731, "length": 3.999943733215332, "mode": "train", "epoch": 47}
{"loss": 0.25439581274986267, "acc": 0.8994755148887634, "length": 4.0, "mode": "test", "epoch": 47}
{"loss": 0.2008805274963379, "acc": 0.9218950271606445, "length": 3.9999570846557617, "mode": "train", "epoch": 48}
{"loss": 0.265208899974823, "acc": 0.9006993174552917, "length": 4.0, "mode": "test", "epoch": 48}
{"loss": 0.20009338855743408, "acc": 0.9219526052474976, "length": 3.999936580657959, "mode": "train", "epoch": 49}
{"loss": 0.2569083273410797, "acc": 0.8959790468215942, "length": 4.0, "mode": "test", "epoch": 49}
{"loss": 0.2016609162092209, "acc": 0.9208983778953552, "length": 3.9999170303344727, "mode": "train", "epoch": 50}
{"loss": 0.26643943786621094, "acc": 0.8982517123222351, "length": 4.0, "mode": "test", "epoch": 50}
{"loss": 0.1989799290895462, "acc": 0.9260506629943848, "length": 3.9999325275421143, "mode": "train", "epoch": 51}
{"loss": 0.24131791293621063, "acc": 0.9020980000495911, "length": 4.0, "mode": "test", "epoch": 51}
{"loss": 0.18907424807548523, "acc": 0.9271637797355652, "length": 3.9999544620513916, "mode": "train", "epoch": 52}
{"loss": 0.2562428116798401, "acc": 0.9047203063964844, "length": 4.0, "mode": "test", "epoch": 52}
{"loss": 0.1888858526945114, "acc": 0.9273971915245056, "length": 3.999920129776001, "mode": "train", "epoch": 53}
{"loss": 0.24648328125476837, "acc": 0.9055941700935364, "length": 4.0, "mode": "test", "epoch": 53}
{"loss": 0.18787825107574463, "acc": 0.9289790391921997, "length": 3.9999592304229736, "mode": "train", "epoch": 54}
{"loss": 0.24743719398975372, "acc": 0.8980768322944641, "length": 4.0, "mode": "test", "epoch": 54}
{"loss": 0.18623274564743042, "acc": 0.9291540384292603, "length": 3.999948024749756, "mode": "train", "epoch": 55}
{"loss": 0.25238218903541565, "acc": 0.8989511728286743, "length": 4.0, "mode": "test", "epoch": 55}
{"loss": 0.18009567260742188, "acc": 0.9305008053779602, "length": 3.999950647354126, "mode": "train", "epoch": 56}
{"loss": 0.24715717136859894, "acc": 0.9040209650993347, "length": 4.0, "mode": "test", "epoch": 56}
{"loss": 0.178571417927742, "acc": 0.9341882467269897, "length": 3.999926805496216, "mode": "train", "epoch": 57}
{"loss": 0.2523215115070343, "acc": 0.9076921939849854, "length": 4.0, "mode": "test", "epoch": 57}
{"loss": 0.1769799292087555, "acc": 0.933076798915863, "length": 3.9999420642852783, "mode": "train", "epoch": 58}
{"loss": 0.22404009103775024, "acc": 0.9090908169746399, "length": 4.0, "mode": "test", "epoch": 58}
{"loss": 0.17886215448379517, "acc": 0.9338310956954956, "length": 3.9998419284820557, "mode": "train", "epoch": 59}
{"loss": 0.24100224673748016, "acc": 0.9019230008125305, "length": 4.0, "mode": "test", "epoch": 59}
{"loss": 0.17910991609096527, "acc": 0.9347735047340393, "length": 3.999903678894043, "mode": "train", "epoch": 60}
{"loss": 0.24222703278064728, "acc": 0.9141609072685242, "length": 4.0, "mode": "test", "epoch": 60}
test accuracy: 0.8336666822433472
