# ["--attributes=5", "--values=16", "--game_size=10", "--vocab_size_factor=3", "--n_epochs=60", "--batch_size=32", "--learning_rate=0.0005", "--hidden_size=128", "--temp_update=0.99", "--temperature=2"]
Creating train_ds and val_ds...

Creating test_ds...
{"loss": 0.6933937668800354, "acc": 0.5294060707092285, "length": 3.542215585708618, "mode": "train", "epoch": 1}
{"loss": 0.6758681535720825, "acc": 0.5803414583206177, "length": 1.7773851156234741, "mode": "test", "epoch": 1}
{"loss": 0.6830717921257019, "acc": 0.5646770596504211, "length": 3.449831008911133, "mode": "train", "epoch": 2}
{"loss": 0.6460548639297485, "acc": 0.6594915986061096, "length": 3.579505205154419, "mode": "test", "epoch": 2}
{"loss": 0.6199233531951904, "acc": 0.7058889269828796, "length": 3.6611435413360596, "mode": "train", "epoch": 3}
{"loss": 0.5447095036506653, "acc": 0.7648409605026245, "length": 4.0, "mode": "test", "epoch": 3}
{"loss": 0.5126177668571472, "acc": 0.7683136463165283, "length": 3.8966774940490723, "mode": "train", "epoch": 4}
{"loss": 0.5163461565971375, "acc": 0.7712014317512512, "length": 4.0, "mode": "test", "epoch": 4}
{"loss": 0.47061672806739807, "acc": 0.7783376574516296, "length": 3.94238543510437, "mode": "train", "epoch": 5}
{"loss": 0.5084343552589417, "acc": 0.7819788455963135, "length": 4.0, "mode": "test", "epoch": 5}
{"loss": 0.4552554190158844, "acc": 0.7927629351615906, "length": 3.955535888671875, "mode": "train", "epoch": 6}
{"loss": 0.49162545800209045, "acc": 0.774911642074585, "length": 4.0, "mode": "test", "epoch": 6}
{"loss": 0.43959182500839233, "acc": 0.8004452586174011, "length": 3.9629223346710205, "mode": "train", "epoch": 7}
{"loss": 0.4837619960308075, "acc": 0.7750884890556335, "length": 4.0, "mode": "test", "epoch": 7}
{"loss": 0.43006759881973267, "acc": 0.8123353123664856, "length": 3.97118878364563, "mode": "train", "epoch": 8}
{"loss": 0.4873444736003876, "acc": 0.7798587083816528, "length": 4.0, "mode": "test", "epoch": 8}
{"loss": 0.41848528385162354, "acc": 0.8173921704292297, "length": 3.9772768020629883, "mode": "train", "epoch": 9}
{"loss": 0.5077334642410278, "acc": 0.7789753079414368, "length": 4.0, "mode": "test", "epoch": 9}
{"loss": 0.4056142270565033, "acc": 0.8227348923683167, "length": 3.9827401638031006, "mode": "train", "epoch": 10}
{"loss": 0.5091595649719238, "acc": 0.796643078327179, "length": 4.0, "mode": "test", "epoch": 10}
{"loss": 0.39143243432044983, "acc": 0.8296783566474915, "length": 3.9869420528411865, "mode": "train", "epoch": 11}
{"loss": 0.4352249801158905, "acc": 0.8070670366287231, "length": 4.0, "mode": "test", "epoch": 11}
{"loss": 0.37037986516952515, "acc": 0.8368262052536011, "length": 3.9894509315490723, "mode": "train", "epoch": 12}
{"loss": 0.4299890100955963, "acc": 0.807420551776886, "length": 4.0, "mode": "test", "epoch": 12}
{"loss": 0.35537323355674744, "acc": 0.8506923913955688, "length": 3.9917049407958984, "mode": "train", "epoch": 13}
{"loss": 0.405860036611557, "acc": 0.8199646472930908, "length": 4.0, "mode": "test", "epoch": 13}
{"loss": 0.33264634013175964, "acc": 0.8547201752662659, "length": 3.9926793575286865, "mode": "train", "epoch": 14}
{"loss": 0.39185988903045654, "acc": 0.8159009218215942, "length": 4.0, "mode": "test", "epoch": 14}
{"loss": 0.31594982743263245, "acc": 0.8622349500656128, "length": 3.9939842224121094, "mode": "train", "epoch": 15}
{"loss": 0.38713201880455017, "acc": 0.8192580342292786, "length": 4.0, "mode": "test", "epoch": 15}
{"loss": 0.30069980025291443, "acc": 0.8681508898735046, "length": 3.9954822063446045, "mode": "train", "epoch": 16}
{"loss": 0.3608191907405853, "acc": 0.8418728709220886, "length": 4.0, "mode": "test", "epoch": 16}
{"loss": 0.2845849096775055, "acc": 0.8798534274101257, "length": 3.996364116668701, "mode": "train", "epoch": 17}
{"loss": 0.3600727617740631, "acc": 0.8409894704818726, "length": 4.0, "mode": "test", "epoch": 17}
{"loss": 0.2782706618309021, "acc": 0.8826358318328857, "length": 3.9965927600860596, "mode": "train", "epoch": 18}
{"loss": 0.36207160353660583, "acc": 0.8386926651000977, "length": 4.0, "mode": "test", "epoch": 18}
{"loss": 0.2665104269981384, "acc": 0.8873616456985474, "length": 3.9970264434814453, "mode": "train", "epoch": 19}
{"loss": 0.35554760694503784, "acc": 0.8466431498527527, "length": 4.0, "mode": "test", "epoch": 19}
{"loss": 0.2605161964893341, "acc": 0.8915005326271057, "length": 3.997551441192627, "mode": "train", "epoch": 20}
{"loss": 0.352711945772171, "acc": 0.8443462252616882, "length": 4.0, "mode": "test", "epoch": 20}
{"loss": 0.25147244334220886, "acc": 0.8980639576911926, "length": 3.997840166091919, "mode": "train", "epoch": 21}
{"loss": 0.35000672936439514, "acc": 0.8598940372467041, "length": 4.0, "mode": "test", "epoch": 21}
{"loss": 0.24932394921779633, "acc": 0.9013022184371948, "length": 3.997850179672241, "mode": "train", "epoch": 22}
{"loss": 0.31254351139068604, "acc": 0.8803887367248535, "length": 4.0, "mode": "test", "epoch": 22}
{"loss": 0.24276995658874512, "acc": 0.9014850854873657, "length": 3.997952938079834, "mode": "train", "epoch": 23}
{"loss": 0.32030752301216125, "acc": 0.869611382484436, "length": 4.0, "mode": "test", "epoch": 23}
{"loss": 0.236172154545784, "acc": 0.9024487137794495, "length": 3.998561382293701, "mode": "train", "epoch": 24}
{"loss": 0.32078734040260315, "acc": 0.8680213093757629, "length": 4.0, "mode": "test", "epoch": 24}
{"loss": 0.23350098729133606, "acc": 0.9055765271186829, "length": 3.998542308807373, "mode": "train", "epoch": 25}
{"loss": 0.32035183906555176, "acc": 0.8568903803825378, "length": 4.0, "mode": "test", "epoch": 25}
{"loss": 0.22600440680980682, "acc": 0.9084662795066833, "length": 3.998598098754883, "mode": "train", "epoch": 26}
{"loss": 0.30250850319862366, "acc": 0.8773852586746216, "length": 4.0, "mode": "test", "epoch": 26}
{"loss": 0.21627776324748993, "acc": 0.9106491208076477, "length": 3.998565196990967, "mode": "train", "epoch": 27}
{"loss": 0.27875447273254395, "acc": 0.8770318031311035, "length": 4.0, "mode": "test", "epoch": 27}
{"loss": 0.2098691165447235, "acc": 0.9168489575386047, "length": 3.99875807762146, "mode": "train", "epoch": 28}
{"loss": 0.2689528465270996, "acc": 0.8842756152153015, "length": 4.0, "mode": "test", "epoch": 28}
{"loss": 0.2071472406387329, "acc": 0.9157893657684326, "length": 3.9986703395843506, "mode": "train", "epoch": 29}
{"loss": 0.2915349006652832, "acc": 0.8648409843444824, "length": 4.0, "mode": "test", "epoch": 29}
{"loss": 0.20385615527629852, "acc": 0.9167273044586182, "length": 3.99863600730896, "mode": "train", "epoch": 30}
{"loss": 0.26626652479171753, "acc": 0.8881626129150391, "length": 4.0, "mode": "test", "epoch": 30}
{"loss": 0.19573143124580383, "acc": 0.9218131899833679, "length": 3.998837471008301, "mode": "train", "epoch": 31}
{"loss": 0.24766863882541656, "acc": 0.8966429829597473, "length": 4.0, "mode": "test", "epoch": 31}
{"loss": 0.18873469531536102, "acc": 0.9267061948776245, "length": 3.998873233795166, "mode": "train", "epoch": 32}
{"loss": 0.2431570440530777, "acc": 0.8943461775779724, "length": 4.0, "mode": "test", "epoch": 32}
{"loss": 0.18249823153018951, "acc": 0.9262423515319824, "length": 3.9991180896759033, "mode": "train", "epoch": 33}
{"loss": 0.24210970103740692, "acc": 0.8915194869041443, "length": 4.0, "mode": "test", "epoch": 33}
{"loss": 0.18118543922901154, "acc": 0.9247673749923706, "length": 3.999096155166626, "mode": "train", "epoch": 34}
{"loss": 0.24942967295646667, "acc": 0.8865724802017212, "length": 4.0, "mode": "test", "epoch": 34}
{"loss": 0.17570751905441284, "acc": 0.9280158281326294, "length": 3.9992895126342773, "mode": "train", "epoch": 35}
{"loss": 0.2251114845275879, "acc": 0.9063605070114136, "length": 4.0, "mode": "test", "epoch": 35}
{"loss": 0.1740933656692505, "acc": 0.9323237538337708, "length": 3.999323606491089, "mode": "train", "epoch": 36}
{"loss": 0.2289939522743225, "acc": 0.8968197703361511, "length": 4.0, "mode": "test", "epoch": 36}
{"loss": 0.17244777083396912, "acc": 0.9319709539413452, "length": 3.999324321746826, "mode": "train", "epoch": 37}
{"loss": 0.23828919231891632, "acc": 0.9044169783592224, "length": 4.0, "mode": "test", "epoch": 37}
{"loss": 0.1674501597881317, "acc": 0.9322642087936401, "length": 3.9992566108703613, "mode": "train", "epoch": 38}
{"loss": 0.2181127369403839, "acc": 0.9134275913238525, "length": 4.0, "mode": "test", "epoch": 38}
{"loss": 0.15937349200248718, "acc": 0.9398149251937866, "length": 3.9992120265960693, "mode": "train", "epoch": 39}
{"loss": 0.2251589000225067, "acc": 0.9164310097694397, "length": 4.0, "mode": "test", "epoch": 39}
{"loss": 0.14903347194194794, "acc": 0.9430131316184998, "length": 3.999523878097534, "mode": "train", "epoch": 40}
{"loss": 0.2036108672618866, "acc": 0.9259716868400574, "length": 4.0, "mode": "test", "epoch": 40}
{"loss": 0.15081116557121277, "acc": 0.9426997303962708, "length": 3.999318838119507, "mode": "train", "epoch": 41}
{"loss": 0.22303949296474457, "acc": 0.9097173810005188, "length": 4.0, "mode": "test", "epoch": 41}
{"loss": 0.14737561345100403, "acc": 0.9456662535667419, "length": 3.9991354942321777, "mode": "train", "epoch": 42}
{"loss": 0.21074791252613068, "acc": 0.9268550872802734, "length": 4.0, "mode": "test", "epoch": 42}
{"loss": 0.1408926248550415, "acc": 0.9447295069694519, "length": 3.9995906352996826, "mode": "train", "epoch": 43}
{"loss": 0.2093467265367508, "acc": 0.9265018105506897, "length": 4.0, "mode": "test", "epoch": 43}
{"loss": 0.1335417628288269, "acc": 0.9495987892150879, "length": 3.99910044670105, "mode": "train", "epoch": 44}
{"loss": 0.20501090586185455, "acc": 0.9219080805778503, "length": 4.0, "mode": "test", "epoch": 44}
{"loss": 0.1360420286655426, "acc": 0.9482142925262451, "length": 3.99967360496521, "mode": "train", "epoch": 45}
{"loss": 0.19935226440429688, "acc": 0.9250884056091309, "length": 4.0, "mode": "test", "epoch": 45}
{"loss": 0.13113585114479065, "acc": 0.9535274505615234, "length": 3.9997611045837402, "mode": "train", "epoch": 46}
{"loss": 0.20503824949264526, "acc": 0.9233216047286987, "length": 4.0, "mode": "test", "epoch": 46}
{"loss": 0.13403460383415222, "acc": 0.9495729207992554, "length": 3.9997434616088867, "mode": "train", "epoch": 47}
{"loss": 0.2046848088502884, "acc": 0.9206713438034058, "length": 4.0, "mode": "test", "epoch": 47}
{"loss": 0.12677520513534546, "acc": 0.9486272931098938, "length": 3.9995839595794678, "mode": "train", "epoch": 48}
{"loss": 0.1851954311132431, "acc": 0.9333922863006592, "length": 4.0, "mode": "test", "epoch": 48}
{"loss": 0.12033448368310928, "acc": 0.9543567895889282, "length": 3.99979829788208, "mode": "train", "epoch": 49}
{"loss": 0.172296404838562, "acc": 0.9340990781784058, "length": 4.0, "mode": "test", "epoch": 49}
{"loss": 0.11349542438983917, "acc": 0.9581336975097656, "length": 3.9997947216033936, "mode": "train", "epoch": 50}
{"loss": 0.1878473162651062, "acc": 0.9254418015480042, "length": 4.0, "mode": "test", "epoch": 50}
{"loss": 0.11255913227796555, "acc": 0.9561298489570618, "length": 3.999760150909424, "mode": "train", "epoch": 51}
{"loss": 0.19363392889499664, "acc": 0.9325087070465088, "length": 4.0, "mode": "test", "epoch": 51}
{"loss": 0.1145387515425682, "acc": 0.9562409520149231, "length": 3.9996936321258545, "mode": "train", "epoch": 52}
{"loss": 0.18409915268421173, "acc": 0.9319788217544556, "length": 4.0, "mode": "test", "epoch": 52}
{"loss": 0.1037750095129013, "acc": 0.9598503112792969, "length": 3.9998786449432373, "mode": "train", "epoch": 53}
{"loss": 0.1787353903055191, "acc": 0.9342755675315857, "length": 4.0, "mode": "test", "epoch": 53}
{"loss": 0.10883475095033646, "acc": 0.9579043388366699, "length": 3.9999074935913086, "mode": "train", "epoch": 54}
{"loss": 0.1722089946269989, "acc": 0.9365726113319397, "length": 4.0, "mode": "test", "epoch": 54}
{"loss": 0.11128981411457062, "acc": 0.958189845085144, "length": 3.9997994899749756, "mode": "train", "epoch": 55}
{"loss": 0.18721643090248108, "acc": 0.9312722682952881, "length": 4.0, "mode": "test", "epoch": 55}
{"loss": 0.10345075279474258, "acc": 0.9583156108856201, "length": 3.9998788833618164, "mode": "train", "epoch": 56}
{"loss": 0.19026046991348267, "acc": 0.9326855540275574, "length": 4.0, "mode": "test", "epoch": 56}
{"loss": 0.10170754790306091, "acc": 0.9600870609283447, "length": 3.9998817443847656, "mode": "train", "epoch": 57}
{"loss": 0.17576716840267181, "acc": 0.9439930319786072, "length": 4.0, "mode": "test", "epoch": 57}
{"loss": 0.09826167672872543, "acc": 0.9623290300369263, "length": 3.9998157024383545, "mode": "train", "epoch": 58}
{"loss": 0.16898708045482635, "acc": 0.938515841960907, "length": 4.0, "mode": "test", "epoch": 58}
{"loss": 0.09965256601572037, "acc": 0.9607975482940674, "length": 3.9999277591705322, "mode": "train", "epoch": 59}
{"loss": 0.1670285016298294, "acc": 0.9445229172706604, "length": 4.0, "mode": "test", "epoch": 59}
{"loss": 0.09302196651697159, "acc": 0.9635103344917297, "length": 3.9999043941497803, "mode": "train", "epoch": 60}
{"loss": 0.1609129160642624, "acc": 0.9461131691932678, "length": 4.0, "mode": "test", "epoch": 60}
test accuracy: 0.7824193835258484
