# ["--attributes=5", "--values=16", "--game_size=10", "--vocab_size_factor=3", "--n_epochs=60", "--batch_size=32", "--learning_rate=0.0005", "--hidden_size=256", "--temp_update=0.97", "--temperature=1"]
Creating train_ds and val_ds...

Creating test_ds...
{"loss": 0.6946112513542175, "acc": 0.5323598980903625, "length": 3.0799851417541504, "mode": "train", "epoch": 1}
{"loss": 0.6939542293548584, "acc": 0.5049508810043335, "length": 1.074204921722412, "mode": "test", "epoch": 1}
{"loss": 0.6135886907577515, "acc": 0.6633867621421814, "length": 3.098238468170166, "mode": "train", "epoch": 2}
{"loss": 0.5278758406639099, "acc": 0.7457137107849121, "length": 3.4699647426605225, "mode": "test", "epoch": 2}
{"loss": 0.48617470264434814, "acc": 0.7754047513008118, "length": 3.346625328063965, "mode": "train", "epoch": 3}
{"loss": 0.4534675180912018, "acc": 0.8030077815055847, "length": 3.6996467113494873, "mode": "test", "epoch": 3}
{"loss": 0.38530752062797546, "acc": 0.8355089426040649, "length": 3.60834002494812, "mode": "train", "epoch": 4}
{"loss": 0.41676822304725647, "acc": 0.8299388289451599, "length": 3.925795078277588, "mode": "test", "epoch": 4}
{"loss": 0.3199879229068756, "acc": 0.8699619770050049, "length": 3.797743797302246, "mode": "train", "epoch": 5}
{"loss": 0.34952256083488464, "acc": 0.8525075912475586, "length": 3.915194272994995, "mode": "test", "epoch": 5}
{"loss": 0.286975234746933, "acc": 0.8834328055381775, "length": 3.8351194858551025, "mode": "train", "epoch": 6}
{"loss": 0.3341747522354126, "acc": 0.8732135891914368, "length": 3.8657243251800537, "mode": "test", "epoch": 6}
{"loss": 0.26846185326576233, "acc": 0.8900314569473267, "length": 3.81469988822937, "mode": "train", "epoch": 7}
{"loss": 0.3052859902381897, "acc": 0.8747730255126953, "length": 3.8798587322235107, "mode": "test", "epoch": 7}
{"loss": 0.2671147584915161, "acc": 0.889968752861023, "length": 3.850970983505249, "mode": "train", "epoch": 8}
{"loss": 0.29677531123161316, "acc": 0.8764283061027527, "length": 3.8374557495117188, "mode": "test", "epoch": 8}
{"loss": 0.244166761636734, "acc": 0.9033607244491577, "length": 3.8499581813812256, "mode": "train", "epoch": 9}
{"loss": 0.28317323327064514, "acc": 0.8852683901786804, "length": 3.8480565547943115, "mode": "test", "epoch": 9}
{"loss": 0.23224297165870667, "acc": 0.9088627099990845, "length": 3.882657527923584, "mode": "train", "epoch": 10}
{"loss": 0.2883181869983673, "acc": 0.8860691785812378, "length": 3.85512375831604, "mode": "test", "epoch": 10}
{"loss": 0.2297813892364502, "acc": 0.9096810817718506, "length": 3.866037368774414, "mode": "train", "epoch": 11}
{"loss": 0.27049019932746887, "acc": 0.8899558782577515, "length": 3.88692569732666, "mode": "test", "epoch": 11}
{"loss": 0.22489407658576965, "acc": 0.9082828760147095, "length": 3.8734219074249268, "mode": "train", "epoch": 12}
{"loss": 0.27850785851478577, "acc": 0.8902562260627747, "length": 3.85512375831604, "mode": "test", "epoch": 12}
{"loss": 0.22809968888759613, "acc": 0.9039384722709656, "length": 3.8484063148498535, "mode": "train", "epoch": 13}
{"loss": 0.27501752972602844, "acc": 0.8895954489707947, "length": 3.88692569732666, "mode": "test", "epoch": 13}
{"loss": 0.22476738691329956, "acc": 0.9110488891601562, "length": 3.886094331741333, "mode": "train", "epoch": 14}
{"loss": 0.27396804094314575, "acc": 0.8897367715835571, "length": 3.8904592990875244, "mode": "test", "epoch": 14}
{"loss": 0.22193869948387146, "acc": 0.9101502895355225, "length": 3.8835391998291016, "mode": "train", "epoch": 15}
{"loss": 0.26450514793395996, "acc": 0.8912440538406372, "length": 3.9187278747558594, "mode": "test", "epoch": 15}
{"loss": 0.214742973446846, "acc": 0.9133942127227783, "length": 3.8664331436157227, "mode": "train", "epoch": 16}
{"loss": 0.2860560715198517, "acc": 0.8702458143234253, "length": 3.8798587322235107, "mode": "test", "epoch": 16}
{"loss": 0.21890375018119812, "acc": 0.9081241488456726, "length": 3.8756377696990967, "mode": "train", "epoch": 17}
{"loss": 0.26393014192581177, "acc": 0.8878018260002136, "length": 3.8763251304626465, "mode": "test", "epoch": 17}
{"loss": 0.20796698331832886, "acc": 0.9111798405647278, "length": 3.872330904006958, "mode": "train", "epoch": 18}
{"loss": 0.26256880164146423, "acc": 0.8889625668525696, "length": 3.901060104370117, "mode": "test", "epoch": 18}
{"loss": 0.1939266175031662, "acc": 0.9181270599365234, "length": 3.8473401069641113, "mode": "train", "epoch": 19}
{"loss": 0.23644158244132996, "acc": 0.9054529666900635, "length": 3.897526502609253, "mode": "test", "epoch": 19}
{"loss": 0.1774844080209732, "acc": 0.9306064248085022, "length": 3.874795436859131, "mode": "train", "epoch": 20}
{"loss": 0.2258622646331787, "acc": 0.9153410196304321, "length": 3.897526502609253, "mode": "test", "epoch": 20}
{"loss": 0.174564391374588, "acc": 0.9319850206375122, "length": 3.8923752307891846, "mode": "train", "epoch": 21}
{"loss": 0.2277638465166092, "acc": 0.9162178039550781, "length": 3.9187278747558594, "mode": "test", "epoch": 21}
{"loss": 0.1681370884180069, "acc": 0.9365723729133606, "length": 3.857208013534546, "mode": "train", "epoch": 22}
{"loss": 0.20498761534690857, "acc": 0.9177317023277283, "length": 3.9187278747558594, "mode": "test", "epoch": 22}
{"loss": 0.15953253209590912, "acc": 0.937230110168457, "length": 3.878913164138794, "mode": "train", "epoch": 23}
{"loss": 0.20752379298210144, "acc": 0.9232853055000305, "length": 3.8904592990875244, "mode": "test", "epoch": 23}
{"loss": 0.16414667665958405, "acc": 0.9378176927566528, "length": 3.848209857940674, "mode": "train", "epoch": 24}
{"loss": 0.22738072276115417, "acc": 0.9101980924606323, "length": 3.8303887844085693, "mode": "test", "epoch": 24}
{"loss": 0.16364891827106476, "acc": 0.9399617910385132, "length": 3.816045045852661, "mode": "train", "epoch": 25}
{"loss": 0.2047104835510254, "acc": 0.9258196353912354, "length": 3.9045937061309814, "mode": "test", "epoch": 25}
{"loss": 0.14778101444244385, "acc": 0.9453868865966797, "length": 3.8535678386688232, "mode": "train", "epoch": 26}
{"loss": 0.18567727506160736, "acc": 0.9276432394981384, "length": 3.883392333984375, "mode": "test", "epoch": 26}
{"loss": 0.1468157023191452, "acc": 0.9419018626213074, "length": 3.8585870265960693, "mode": "train", "epoch": 27}
{"loss": 0.18523649871349335, "acc": 0.92653489112854, "length": 3.8939929008483887, "mode": "test", "epoch": 27}
{"loss": 0.14458109438419342, "acc": 0.946607768535614, "length": 3.843090295791626, "mode": "train", "epoch": 28}
{"loss": 0.21425743401050568, "acc": 0.9213118553161621, "length": 3.9045937061309814, "mode": "test", "epoch": 28}
{"loss": 0.14793340861797333, "acc": 0.9429818987846375, "length": 3.893430233001709, "mode": "train", "epoch": 29}
{"loss": 0.18664094805717468, "acc": 0.9279772043228149, "length": 3.8798587322235107, "mode": "test", "epoch": 29}
{"loss": 0.13886424899101257, "acc": 0.9467829465866089, "length": 3.8343923091888428, "mode": "train", "epoch": 30}
{"loss": 0.2059074193239212, "acc": 0.9232538938522339, "length": 3.85512375831604, "mode": "test", "epoch": 30}
{"loss": 0.15160086750984192, "acc": 0.9450868964195251, "length": 3.8710193634033203, "mode": "train", "epoch": 31}
{"loss": 0.2110503762960434, "acc": 0.9257799386978149, "length": 3.7915194034576416, "mode": "test", "epoch": 31}
{"loss": 0.14361794292926788, "acc": 0.9482011198997498, "length": 3.795597553253174, "mode": "train", "epoch": 32}
{"loss": 0.18265195190906525, "acc": 0.9354379773139954, "length": 3.809187173843384, "mode": "test", "epoch": 32}
{"loss": 0.133641317486763, "acc": 0.9497777819633484, "length": 3.8105287551879883, "mode": "train", "epoch": 33}
{"loss": 0.18931050598621368, "acc": 0.9281716346740723, "length": 3.826855182647705, "mode": "test", "epoch": 33}
{"loss": 0.13039246201515198, "acc": 0.9518733024597168, "length": 3.841212511062622, "mode": "train", "epoch": 34}
{"loss": 0.1790146380662918, "acc": 0.9306690096855164, "length": 3.883392333984375, "mode": "test", "epoch": 34}
{"loss": 0.13036757707595825, "acc": 0.9512073993682861, "length": 3.848794460296631, "mode": "train", "epoch": 35}
{"loss": 0.18033535778522491, "acc": 0.9360890984535217, "length": 3.869257926940918, "mode": "test", "epoch": 35}
{"loss": 0.13339050114154816, "acc": 0.9499577879905701, "length": 3.890944004058838, "mode": "train", "epoch": 36}
{"loss": 0.17761284112930298, "acc": 0.928225576877594, "length": 3.9222614765167236, "mode": "test", "epoch": 36}
{"loss": 0.13103826344013214, "acc": 0.9510830044746399, "length": 3.890838861465454, "mode": "train", "epoch": 37}
{"loss": 0.17007841169834137, "acc": 0.9368312954902649, "length": 3.883392333984375, "mode": "test", "epoch": 37}
{"loss": 0.11869335919618607, "acc": 0.956086277961731, "length": 3.845628261566162, "mode": "train", "epoch": 38}
{"loss": 0.1692662537097931, "acc": 0.9354890584945679, "length": 3.8763251304626465, "mode": "test", "epoch": 38}
{"loss": 0.11750643700361252, "acc": 0.9553404450416565, "length": 3.8780264854431152, "mode": "train", "epoch": 39}
{"loss": 0.16051997244358063, "acc": 0.9369600415229797, "length": 3.911660671234131, "mode": "test", "epoch": 39}
{"loss": 0.11816372722387314, "acc": 0.9543530344963074, "length": 3.8747003078460693, "mode": "train", "epoch": 40}
{"loss": 0.15774886310100555, "acc": 0.9431978464126587, "length": 3.8763251304626465, "mode": "test", "epoch": 40}
{"loss": 0.10563993453979492, "acc": 0.9603347778320312, "length": 3.892764091491699, "mode": "train", "epoch": 41}
{"loss": 0.15459944307804108, "acc": 0.9384243488311768, "length": 3.9363956451416016, "mode": "test", "epoch": 41}
{"loss": 0.1129666194319725, "acc": 0.9562073349952698, "length": 3.9143683910369873, "mode": "train", "epoch": 42}
{"loss": 0.1659015417098999, "acc": 0.9301241040229797, "length": 3.94346284866333, "mode": "test", "epoch": 42}
{"loss": 0.10998545587062836, "acc": 0.9564208388328552, "length": 3.919631242752075, "mode": "train", "epoch": 43}
{"loss": 0.15355360507965088, "acc": 0.9388506412506104, "length": 3.9328622817993164, "mode": "test", "epoch": 43}
{"loss": 0.10133630037307739, "acc": 0.9610329270362854, "length": 3.917287588119507, "mode": "train", "epoch": 44}
{"loss": 0.1521105021238327, "acc": 0.934088945388794, "length": 3.9187278747558594, "mode": "test", "epoch": 44}
{"loss": 0.1024533212184906, "acc": 0.96009761095047, "length": 3.8910441398620605, "mode": "train", "epoch": 45}
{"loss": 0.158130943775177, "acc": 0.9410414695739746, "length": 3.9222614765167236, "mode": "test", "epoch": 45}
{"loss": 0.10956363379955292, "acc": 0.9587529897689819, "length": 3.8828065395355225, "mode": "train", "epoch": 46}
{"loss": 0.16351231932640076, "acc": 0.9354124069213867, "length": 3.8657243251800537, "mode": "test", "epoch": 46}
{"loss": 0.11687338352203369, "acc": 0.9549671411514282, "length": 3.896082878112793, "mode": "train", "epoch": 47}
{"loss": 0.15416942536830902, "acc": 0.9409538507461548, "length": 3.9222614765167236, "mode": "test", "epoch": 47}
{"loss": 0.10190189629793167, "acc": 0.9609610438346863, "length": 3.892056465148926, "mode": "train", "epoch": 48}
{"loss": 0.1677188277244568, "acc": 0.9337441921234131, "length": 3.85512375831604, "mode": "test", "epoch": 48}
{"loss": 0.11919278651475906, "acc": 0.9550014734268188, "length": 3.8494138717651367, "mode": "train", "epoch": 49}
{"loss": 0.2710857093334198, "acc": 0.9236030578613281, "length": 3.8374557495117188, "mode": "test", "epoch": 49}
{"loss": 0.15922319889068604, "acc": 0.9431545734405518, "length": 3.8334641456604004, "mode": "train", "epoch": 50}
{"loss": 0.20843084156513214, "acc": 0.9258875846862793, "length": 3.8621907234191895, "mode": "test", "epoch": 50}
{"loss": 0.13118991255760193, "acc": 0.9500487446784973, "length": 3.8703885078430176, "mode": "train", "epoch": 51}
{"loss": 0.15821440517902374, "acc": 0.9402901530265808, "length": 3.8904592990875244, "mode": "test", "epoch": 51}
{"loss": 0.10824328660964966, "acc": 0.9597786068916321, "length": 3.9007232189178467, "mode": "train", "epoch": 52}
{"loss": 0.1414695382118225, "acc": 0.9468070864677429, "length": 3.9187278747558594, "mode": "test", "epoch": 52}
{"loss": 0.1165820062160492, "acc": 0.957008957862854, "length": 3.9009718894958496, "mode": "train", "epoch": 53}
{"loss": 0.1813146322965622, "acc": 0.9331181645393372, "length": 3.897526502609253, "mode": "test", "epoch": 53}
{"loss": 0.16470375657081604, "acc": 0.9384458065032959, "length": 3.9347031116485596, "mode": "train", "epoch": 54}
{"loss": 0.24096615612506866, "acc": 0.9151840209960938, "length": 3.9045937061309814, "mode": "test", "epoch": 54}
{"loss": 0.17397406697273254, "acc": 0.933628499507904, "length": 3.902161121368408, "mode": "train", "epoch": 55}
{"loss": 0.20480330288410187, "acc": 0.9202154874801636, "length": 3.883392333984375, "mode": "test", "epoch": 55}
{"loss": 0.15058958530426025, "acc": 0.9397168159484863, "length": 3.905491590499878, "mode": "train", "epoch": 56}
{"loss": 0.22119368612766266, "acc": 0.9243296980857849, "length": 3.901060104370117, "mode": "test", "epoch": 56}
{"loss": 0.14933544397354126, "acc": 0.9436376690864563, "length": 3.9025206565856934, "mode": "train", "epoch": 57}
{"loss": 0.19862134754657745, "acc": 0.9260838627815247, "length": 3.915194272994995, "mode": "test", "epoch": 57}
{"loss": 0.16404354572296143, "acc": 0.932331383228302, "length": 3.9330897331237793, "mode": "train", "epoch": 58}
{"loss": 0.20593997836112976, "acc": 0.93085116147995, "length": 3.9081273078918457, "mode": "test", "epoch": 58}
{"loss": 0.1285877674818039, "acc": 0.9475162625312805, "length": 3.9217381477355957, "mode": "train", "epoch": 59}
{"loss": 0.15893684327602386, "acc": 0.939934492111206, "length": 3.8904592990875244, "mode": "test", "epoch": 59}
{"loss": 0.11565771698951721, "acc": 0.9546365141868591, "length": 3.898313283920288, "mode": "train", "epoch": 60}
{"loss": 0.15058933198451996, "acc": 0.9356138706207275, "length": 3.883392333984375, "mode": "test", "epoch": 60}
test accuracy: 0.7775101065635681
