# ["--attributes=5", "--values=16", "--game_size=10", "--vocab_size_factor=3", "--n_epochs=60", "--batch_size=32", "--learning_rate=0.0005", "--hidden_size=256", "--temp_update=0.97", "--temperature=1.5"]
Creating train_ds and val_ds...

Creating test_ds...
{"loss": 0.6995986104011536, "acc": 0.5353415608406067, "length": 2.8533811569213867, "mode": "train", "epoch": 1}
{"loss": 0.6897295713424683, "acc": 0.5414931178092957, "length": 1.0, "mode": "test", "epoch": 1}
{"loss": 0.6588746309280396, "acc": 0.6058233976364136, "length": 1.9701321125030518, "mode": "train", "epoch": 2}
{"loss": 0.6080735921859741, "acc": 0.682568371295929, "length": 2.284722328186035, "mode": "test", "epoch": 2}
{"loss": 0.5508549213409424, "acc": 0.7464047074317932, "length": 2.680866241455078, "mode": "train", "epoch": 3}
{"loss": 0.4875216484069824, "acc": 0.7979166507720947, "length": 2.9791667461395264, "mode": "test", "epoch": 3}
{"loss": 0.44551602005958557, "acc": 0.8080545663833618, "length": 2.977837085723877, "mode": "train", "epoch": 4}
{"loss": 0.4210076332092285, "acc": 0.8200086951255798, "length": 3.3229167461395264, "mode": "test", "epoch": 4}
{"loss": 0.3983970880508423, "acc": 0.8260216116905212, "length": 3.1009926795959473, "mode": "train", "epoch": 5}
{"loss": 0.41528964042663574, "acc": 0.830078125, "length": 3.315972328186035, "mode": "test", "epoch": 5}
{"loss": 0.3684176802635193, "acc": 0.8362182974815369, "length": 3.1427905559539795, "mode": "train", "epoch": 6}
{"loss": 0.38462352752685547, "acc": 0.8457194566726685, "length": 3.371527671813965, "mode": "test", "epoch": 6}
{"loss": 0.3483816385269165, "acc": 0.8466023802757263, "length": 3.0983598232269287, "mode": "train", "epoch": 7}
{"loss": 0.3678871691226959, "acc": 0.8487304449081421, "length": 3.368055582046509, "mode": "test", "epoch": 7}
{"loss": 0.33628588914871216, "acc": 0.8562257289886475, "length": 3.082942008972168, "mode": "train", "epoch": 8}
{"loss": 0.36422276496887207, "acc": 0.8583658933639526, "length": 3.336805582046509, "mode": "test", "epoch": 8}
{"loss": 0.32146281003952026, "acc": 0.863326907157898, "length": 3.2387564182281494, "mode": "train", "epoch": 9}
{"loss": 0.3521677553653717, "acc": 0.8602268099784851, "length": 3.3958332538604736, "mode": "test", "epoch": 9}
{"loss": 0.3073720335960388, "acc": 0.8660010099411011, "length": 3.2726452350616455, "mode": "train", "epoch": 10}
{"loss": 0.3488966226577759, "acc": 0.8557454943656921, "length": 3.5520832538604736, "mode": "test", "epoch": 10}
{"loss": 0.29083332419395447, "acc": 0.8750014305114746, "length": 3.3678858280181885, "mode": "train", "epoch": 11}
{"loss": 0.3307386636734009, "acc": 0.870849609375, "length": 3.6736111640930176, "mode": "test", "epoch": 11}
{"loss": 0.27396541833877563, "acc": 0.888835608959198, "length": 3.471520185470581, "mode": "train", "epoch": 12}
{"loss": 0.3017890751361847, "acc": 0.8915364742279053, "length": 3.6423611640930176, "mode": "test", "epoch": 12}
{"loss": 0.2554974853992462, "acc": 0.8957699537277222, "length": 3.4334821701049805, "mode": "train", "epoch": 13}
{"loss": 0.2728789150714874, "acc": 0.8976779580116272, "length": 3.590277671813965, "mode": "test", "epoch": 13}
{"loss": 0.24403592944145203, "acc": 0.9021102786064148, "length": 3.3918943405151367, "mode": "train", "epoch": 14}
{"loss": 0.2725660502910614, "acc": 0.8924750089645386, "length": 3.496527671813965, "mode": "test", "epoch": 14}
{"loss": 0.22810013592243195, "acc": 0.9087095856666565, "length": 3.393643617630005, "mode": "train", "epoch": 15}
{"loss": 0.26489993929862976, "acc": 0.8966850638389587, "length": 3.527777671813965, "mode": "test", "epoch": 15}
{"loss": 0.2265259325504303, "acc": 0.9091235995292664, "length": 3.3829164505004883, "mode": "train", "epoch": 16}
{"loss": 0.27544888854026794, "acc": 0.8980034589767456, "length": 3.6458332538604736, "mode": "test", "epoch": 16}
{"loss": 0.20930586755275726, "acc": 0.9161640405654907, "length": 3.402435302734375, "mode": "train", "epoch": 17}
{"loss": 0.23739971220493317, "acc": 0.9110676646232605, "length": 3.53125, "mode": "test", "epoch": 17}
{"loss": 0.20681816339492798, "acc": 0.9177136421203613, "length": 3.387946844100952, "mode": "train", "epoch": 18}
{"loss": 0.22831779718399048, "acc": 0.9125543236732483, "length": 3.3888888359069824, "mode": "test", "epoch": 18}
{"loss": 0.20372895896434784, "acc": 0.9191276431083679, "length": 3.3620316982269287, "mode": "train", "epoch": 19}
{"loss": 0.23036472499370575, "acc": 0.9133029580116272, "length": 3.527777671813965, "mode": "test", "epoch": 19}
{"loss": 0.1920759379863739, "acc": 0.9233124256134033, "length": 3.4625771045684814, "mode": "train", "epoch": 20}
{"loss": 0.20083962380886078, "acc": 0.9276909232139587, "length": 3.527777671813965, "mode": "test", "epoch": 20}
{"loss": 0.1805315911769867, "acc": 0.9306759834289551, "length": 3.5355918407440186, "mode": "train", "epoch": 21}
{"loss": 0.2174132615327835, "acc": 0.9184624552726746, "length": 3.652777671813965, "mode": "test", "epoch": 21}
{"loss": 0.1743040382862091, "acc": 0.9304697513580322, "length": 3.6746530532836914, "mode": "train", "epoch": 22}
{"loss": 0.23058778047561646, "acc": 0.9142252802848816, "length": 3.618055582046509, "mode": "test", "epoch": 22}
{"loss": 0.17477034032344818, "acc": 0.9281415343284607, "length": 3.7114603519439697, "mode": "train", "epoch": 23}
{"loss": 0.23024384677410126, "acc": 0.9208062291145325, "length": 3.7708332538604736, "mode": "test", "epoch": 23}
{"loss": 0.16815626621246338, "acc": 0.935948371887207, "length": 3.7580997943878174, "mode": "train", "epoch": 24}
{"loss": 0.20660091936588287, "acc": 0.9326550960540771, "length": 3.777777671813965, "mode": "test", "epoch": 24}
{"loss": 0.16059643030166626, "acc": 0.938269853591919, "length": 3.724316120147705, "mode": "train", "epoch": 25}
{"loss": 0.2005794197320938, "acc": 0.9239637851715088, "length": 3.7986111640930176, "mode": "test", "epoch": 25}
{"loss": 0.15704937279224396, "acc": 0.9408543705940247, "length": 3.711639404296875, "mode": "train", "epoch": 26}
{"loss": 0.18889331817626953, "acc": 0.9336370825767517, "length": 3.7916667461395264, "mode": "test", "epoch": 26}
{"loss": 0.1680147796869278, "acc": 0.9350025057792664, "length": 3.7474751472473145, "mode": "train", "epoch": 27}
{"loss": 0.20562395453453064, "acc": 0.9324543476104736, "length": 3.881944417953491, "mode": "test", "epoch": 27}
{"loss": 0.1533363312482834, "acc": 0.9427171349525452, "length": 3.702561855316162, "mode": "train", "epoch": 28}
{"loss": 0.18941320478916168, "acc": 0.9365452527999878, "length": 3.756944417953491, "mode": "test", "epoch": 28}
{"loss": 0.1517753154039383, "acc": 0.941831111907959, "length": 3.768601179122925, "mode": "train", "epoch": 29}
{"loss": 0.2020982801914215, "acc": 0.9305881857872009, "length": 3.8576388359069824, "mode": "test", "epoch": 29}
{"loss": 0.14742766320705414, "acc": 0.9462317824363708, "length": 3.7736504077911377, "mode": "train", "epoch": 30}
{"loss": 0.18519873917102814, "acc": 0.9348850250244141, "length": 3.753472328186035, "mode": "test", "epoch": 30}
{"loss": 0.14122875034809113, "acc": 0.948589563369751, "length": 3.757593870162964, "mode": "train", "epoch": 31}
{"loss": 0.17823727428913116, "acc": 0.9356934428215027, "length": 3.777777671813965, "mode": "test", "epoch": 31}
{"loss": 0.14214012026786804, "acc": 0.9464735984802246, "length": 3.706491231918335, "mode": "train", "epoch": 32}
{"loss": 0.19356879591941833, "acc": 0.9292154312133789, "length": 3.8229167461395264, "mode": "test", "epoch": 32}
{"loss": 0.14661088585853577, "acc": 0.9441217184066772, "length": 3.7356135845184326, "mode": "train", "epoch": 33}
{"loss": 0.17525823414325714, "acc": 0.9405056834220886, "length": 3.6979167461395264, "mode": "test", "epoch": 33}
{"loss": 0.15120957791805267, "acc": 0.945182740688324, "length": 3.6977083683013916, "mode": "train", "epoch": 34}
{"loss": 0.19720888137817383, "acc": 0.9327093958854675, "length": 3.909722328186035, "mode": "test", "epoch": 34}
{"loss": 0.14631929993629456, "acc": 0.9446297883987427, "length": 3.697436809539795, "mode": "train", "epoch": 35}
{"loss": 0.20435336232185364, "acc": 0.9410699009895325, "length": 3.819444417953491, "mode": "test", "epoch": 35}
{"loss": 0.1561853438615799, "acc": 0.9435015320777893, "length": 3.7273881435394287, "mode": "train", "epoch": 36}
{"loss": 0.222038134932518, "acc": 0.9307454228401184, "length": 3.715277671813965, "mode": "test", "epoch": 36}
{"loss": 0.14201746881008148, "acc": 0.9463179707527161, "length": 3.7091174125671387, "mode": "train", "epoch": 37}
{"loss": 0.1698024868965149, "acc": 0.9457194209098816, "length": 3.784722328186035, "mode": "test", "epoch": 37}
{"loss": 0.13577480614185333, "acc": 0.9493528604507446, "length": 3.789628267288208, "mode": "train", "epoch": 38}
{"loss": 0.15514810383319855, "acc": 0.9422038197517395, "length": 3.8333332538604736, "mode": "test", "epoch": 38}
{"loss": 0.12668465077877045, "acc": 0.954830527305603, "length": 3.7228806018829346, "mode": "train", "epoch": 39}
{"loss": 0.1626647263765335, "acc": 0.9458386898040771, "length": 3.746527671813965, "mode": "test", "epoch": 39}
{"loss": 0.12639063596725464, "acc": 0.9533358812332153, "length": 3.782069683074951, "mode": "train", "epoch": 40}
{"loss": 0.17374873161315918, "acc": 0.9346897602081299, "length": 3.840277671813965, "mode": "test", "epoch": 40}
{"loss": 0.12002844363451004, "acc": 0.9573357105255127, "length": 3.7839460372924805, "mode": "train", "epoch": 41}
{"loss": 0.1626099944114685, "acc": 0.9444444179534912, "length": 3.8229167461395264, "mode": "test", "epoch": 41}
{"loss": 0.11517033725976944, "acc": 0.9596576690673828, "length": 3.735980987548828, "mode": "train", "epoch": 42}
{"loss": 0.1672711819410324, "acc": 0.9472981691360474, "length": 3.7604167461395264, "mode": "test", "epoch": 42}
{"loss": 0.10855353623628616, "acc": 0.9610053896903992, "length": 3.7648372650146484, "mode": "train", "epoch": 43}
{"loss": 0.1765339970588684, "acc": 0.9440212249755859, "length": 3.8576388359069824, "mode": "test", "epoch": 43}
{"loss": 0.110535629093647, "acc": 0.9572986364364624, "length": 3.7607574462890625, "mode": "train", "epoch": 44}
{"loss": 0.1556486338376999, "acc": 0.9481284022331238, "length": 3.8333332538604736, "mode": "test", "epoch": 44}
{"loss": 0.10849103331565857, "acc": 0.9589416980743408, "length": 3.7506282329559326, "mode": "train", "epoch": 45}
{"loss": 0.1667414754629135, "acc": 0.9471895694732666, "length": 3.7708332538604736, "mode": "test", "epoch": 45}
{"loss": 0.1085239052772522, "acc": 0.9610442519187927, "length": 3.714569568634033, "mode": "train", "epoch": 46}
{"loss": 0.1515345722436905, "acc": 0.9514703750610352, "length": 3.7708332538604736, "mode": "test", "epoch": 46}
{"loss": 0.10564998537302017, "acc": 0.963050127029419, "length": 3.749277114868164, "mode": "train", "epoch": 47}
{"loss": 0.1625215709209442, "acc": 0.9491645097732544, "length": 3.78125, "mode": "test", "epoch": 47}
{"loss": 0.11403726786375046, "acc": 0.958583414554596, "length": 3.6779932975769043, "mode": "train", "epoch": 48}
{"loss": 0.14370931684970856, "acc": 0.954291582107544, "length": 3.8229167461395264, "mode": "test", "epoch": 48}
{"loss": 0.12649856507778168, "acc": 0.9563660025596619, "length": 3.7969515323638916, "mode": "train", "epoch": 49}
{"loss": 0.17343802750110626, "acc": 0.9444987177848816, "length": 3.805555582046509, "mode": "test", "epoch": 49}
{"loss": 0.11591130495071411, "acc": 0.9605832695960999, "length": 3.742258071899414, "mode": "train", "epoch": 50}
{"loss": 0.164891317486763, "acc": 0.9473905563354492, "length": 3.78125, "mode": "test", "epoch": 50}
{"loss": 0.10912145674228668, "acc": 0.9627127051353455, "length": 3.7223305702209473, "mode": "train", "epoch": 51}
{"loss": 0.1375206857919693, "acc": 0.9561793804168701, "length": 3.819444417953491, "mode": "test", "epoch": 51}
{"loss": 0.11429105699062347, "acc": 0.9606349468231201, "length": 3.793534517288208, "mode": "train", "epoch": 52}
{"loss": 0.19931772351264954, "acc": 0.9419000148773193, "length": 3.847222328186035, "mode": "test", "epoch": 52}
{"loss": 0.10766539722681046, "acc": 0.9622735977172852, "length": 3.789411783218384, "mode": "train", "epoch": 53}
{"loss": 0.17938299477100372, "acc": 0.9457519054412842, "length": 3.7916667461395264, "mode": "test", "epoch": 53}
{"loss": 0.1013057753443718, "acc": 0.9646033644676208, "length": 3.7886953353881836, "mode": "train", "epoch": 54}
{"loss": 0.14198964834213257, "acc": 0.9571940302848816, "length": 3.8611111640930176, "mode": "test", "epoch": 54}
{"loss": 0.11101207137107849, "acc": 0.961111307144165, "length": 3.723898410797119, "mode": "train", "epoch": 55}
{"loss": 0.16003860533237457, "acc": 0.949131965637207, "length": 3.7916667461395264, "mode": "test", "epoch": 55}
{"loss": 0.09612567722797394, "acc": 0.9665823578834534, "length": 3.7665627002716064, "mode": "train", "epoch": 56}
{"loss": 0.14710529148578644, "acc": 0.9524196982383728, "length": 3.836805582046509, "mode": "test", "epoch": 56}
{"loss": 0.09277056157588959, "acc": 0.967573344707489, "length": 3.774841070175171, "mode": "train", "epoch": 57}
{"loss": 0.11138132214546204, "acc": 0.9643120169639587, "length": 3.7986111640930176, "mode": "test", "epoch": 57}
{"loss": 0.09504788368940353, "acc": 0.9672867059707642, "length": 3.7585105895996094, "mode": "train", "epoch": 58}
{"loss": 0.14598536491394043, "acc": 0.9543131589889526, "length": 3.7951388359069824, "mode": "test", "epoch": 58}
{"loss": 0.08853583037853241, "acc": 0.968996524810791, "length": 3.7683417797088623, "mode": "train", "epoch": 59}
{"loss": 0.13813944160938263, "acc": 0.957676887512207, "length": 3.847222328186035, "mode": "test", "epoch": 59}
{"loss": 0.08501837402582169, "acc": 0.970509946346283, "length": 3.792982578277588, "mode": "train", "epoch": 60}
{"loss": 0.1465037316083908, "acc": 0.9563801884651184, "length": 3.8229167461395264, "mode": "test", "epoch": 60}
test accuracy: 0.739558219909668
