# ["--attributes=5", "--values=16", "--game_size=10", "--vocab_size_factor=3", "--n_epochs=60", "--batch_size=32", "--learning_rate=0.0005", "--hidden_size=256", "--temp_update=0.99", "--temperature=1"]
Creating train_ds and val_ds...

Creating test_ds...
{"loss": 0.7000271081924438, "acc": 0.5140565037727356, "length": 3.0420072078704834, "mode": "train", "epoch": 1}
{"loss": 0.6973841786384583, "acc": 0.5067616105079651, "length": 1.0, "mode": "test", "epoch": 1}
{"loss": 0.641674816608429, "acc": 0.6438696980476379, "length": 2.3846852779388428, "mode": "train", "epoch": 2}
{"loss": 0.5487712025642395, "acc": 0.7701122760772705, "length": 3.0391459465026855, "mode": "test", "epoch": 2}
{"loss": 0.4926675260066986, "acc": 0.7784995436668396, "length": 2.9553394317626953, "mode": "train", "epoch": 3}
{"loss": 0.4672255516052246, "acc": 0.7917653918266296, "length": 3.18149471282959, "mode": "test", "epoch": 3}
{"loss": 0.41175758838653564, "acc": 0.8226954340934753, "length": 3.2702765464782715, "mode": "train", "epoch": 4}
{"loss": 0.42818009853363037, "acc": 0.8214653134346008, "length": 3.491103172302246, "mode": "test", "epoch": 4}
{"loss": 0.36534926295280457, "acc": 0.8444939255714417, "length": 3.4815139770507812, "mode": "train", "epoch": 5}
{"loss": 0.41402342915534973, "acc": 0.8340798616409302, "length": 3.5480427742004395, "mode": "test", "epoch": 5}
{"loss": 0.32673555612564087, "acc": 0.8671461939811707, "length": 3.5442752838134766, "mode": "train", "epoch": 6}
{"loss": 0.37447160482406616, "acc": 0.8434610366821289, "length": 3.594305992126465, "mode": "test", "epoch": 6}
{"loss": 0.29348787665367126, "acc": 0.8840942978858948, "length": 3.5737009048461914, "mode": "train", "epoch": 7}
{"loss": 0.36539870500564575, "acc": 0.8603147268295288, "length": 3.8683273792266846, "mode": "test", "epoch": 7}
{"loss": 0.26759785413742065, "acc": 0.8930835127830505, "length": 3.6896870136260986, "mode": "train", "epoch": 8}
{"loss": 0.37182262539863586, "acc": 0.8676021695137024, "length": 3.7758007049560547, "mode": "test", "epoch": 8}
{"loss": 0.24498812854290009, "acc": 0.9016013741493225, "length": 3.7239763736724854, "mode": "train", "epoch": 9}
{"loss": 0.31563887000083923, "acc": 0.8855655193328857, "length": 3.7153024673461914, "mode": "test", "epoch": 9}
{"loss": 0.24305124580860138, "acc": 0.9042981266975403, "length": 3.6851861476898193, "mode": "train", "epoch": 10}
{"loss": 0.2832590341567993, "acc": 0.9043333530426025, "length": 3.6085410118103027, "mode": "test", "epoch": 10}
{"loss": 0.21796423196792603, "acc": 0.9177218675613403, "length": 3.672166109085083, "mode": "train", "epoch": 11}
{"loss": 0.2714267373085022, "acc": 0.9038140773773193, "length": 3.6227757930755615, "mode": "test", "epoch": 11}
{"loss": 0.20616298913955688, "acc": 0.9221505522727966, "length": 3.6518633365631104, "mode": "train", "epoch": 12}
{"loss": 0.25362032651901245, "acc": 0.9149757623672485, "length": 3.665480375289917, "mode": "test", "epoch": 12}
{"loss": 0.19470429420471191, "acc": 0.9280325174331665, "length": 3.729088306427002, "mode": "train", "epoch": 13}
{"loss": 0.26625147461891174, "acc": 0.9098912477493286, "length": 3.6263344287872314, "mode": "test", "epoch": 13}
{"loss": 0.19537587463855743, "acc": 0.9280908107757568, "length": 3.683980703353882, "mode": "train", "epoch": 14}
{"loss": 0.25766289234161377, "acc": 0.9079827070236206, "length": 3.736654758453369, "mode": "test", "epoch": 14}
{"loss": 0.20262327790260315, "acc": 0.9271053075790405, "length": 3.7401511669158936, "mode": "train", "epoch": 15}
{"loss": 0.2415969967842102, "acc": 0.916867196559906, "length": 3.6441280841827393, "mode": "test", "epoch": 15}
{"loss": 0.18793760240077972, "acc": 0.9338639378547668, "length": 3.733525276184082, "mode": "train", "epoch": 16}
{"loss": 0.24591337144374847, "acc": 0.9117599129676819, "length": 3.7153024673461914, "mode": "test", "epoch": 16}
{"loss": 0.19286605715751648, "acc": 0.9286559224128723, "length": 3.7243850231170654, "mode": "train", "epoch": 17}
{"loss": 0.2555146813392639, "acc": 0.9055360555648804, "length": 3.7046263217926025, "mode": "test", "epoch": 17}
{"loss": 0.1762334406375885, "acc": 0.9355571866035461, "length": 3.7629740238189697, "mode": "train", "epoch": 18}
{"loss": 0.24546676874160767, "acc": 0.9135090708732605, "length": 3.747330904006958, "mode": "test", "epoch": 18}
{"loss": 0.16602544486522675, "acc": 0.9397745728492737, "length": 3.7908577919006348, "mode": "train", "epoch": 19}
{"loss": 0.23573514819145203, "acc": 0.9184607267379761, "length": 3.6939501762390137, "mode": "test", "epoch": 19}
{"loss": 0.16446582973003387, "acc": 0.9405701160430908, "length": 3.7766616344451904, "mode": "train", "epoch": 20}
{"loss": 0.24596592783927917, "acc": 0.9160489439964294, "length": 3.7900354862213135, "mode": "test", "epoch": 20}
{"loss": 0.16266962885856628, "acc": 0.9380069971084595, "length": 3.8030593395233154, "mode": "train", "epoch": 21}
{"loss": 0.22145824134349823, "acc": 0.9192782044410706, "length": 3.7793593406677246, "mode": "test", "epoch": 21}
{"loss": 0.16086898744106293, "acc": 0.9409218430519104, "length": 3.803698778152466, "mode": "train", "epoch": 22}
{"loss": 0.206465944647789, "acc": 0.9254966974258423, "length": 3.81850528717041, "mode": "test", "epoch": 22}
{"loss": 0.15390297770500183, "acc": 0.9437003135681152, "length": 3.8625328540802, "mode": "train", "epoch": 23}
{"loss": 0.2155832201242447, "acc": 0.9222078919410706, "length": 3.9039146900177, "mode": "test", "epoch": 23}
{"loss": 0.14317573606967926, "acc": 0.9457825422286987, "length": 3.852417469024658, "mode": "train", "epoch": 24}
{"loss": 0.2065879851579666, "acc": 0.9250629544258118, "length": 3.7722420692443848, "mode": "test", "epoch": 24}
{"loss": 0.14671455323696136, "acc": 0.9475740790367126, "length": 3.8333287239074707, "mode": "train", "epoch": 25}
{"loss": 0.20891690254211426, "acc": 0.9213975667953491, "length": 3.8790035247802734, "mode": "test", "epoch": 25}
{"loss": 0.14495901763439178, "acc": 0.9447382092475891, "length": 3.9009740352630615, "mode": "train", "epoch": 26}
{"loss": 0.2112988382577896, "acc": 0.9253225326538086, "length": 3.90747332572937, "mode": "test", "epoch": 26}
{"loss": 0.14147688448429108, "acc": 0.9488153457641602, "length": 3.898038864135742, "mode": "train", "epoch": 27}
{"loss": 0.20251111686229706, "acc": 0.9301475286483765, "length": 3.8647687435150146, "mode": "test", "epoch": 27}
{"loss": 0.1309557855129242, "acc": 0.9529154896736145, "length": 3.8232526779174805, "mode": "train", "epoch": 28}
{"loss": 0.19074180722236633, "acc": 0.9341346025466919, "length": 3.8790035247802734, "mode": "test", "epoch": 28}
{"loss": 0.1288352906703949, "acc": 0.9535008668899536, "length": 3.8913190364837646, "mode": "train", "epoch": 29}
{"loss": 0.19400641322135925, "acc": 0.9415103197097778, "length": 3.8612098693847656, "mode": "test", "epoch": 29}
{"loss": 0.10685823857784271, "acc": 0.9617180228233337, "length": 3.8989076614379883, "mode": "train", "epoch": 30}
{"loss": 0.17297060787677765, "acc": 0.9423757791519165, "length": 3.9395017623901367, "mode": "test", "epoch": 30}
{"loss": 0.09906314313411713, "acc": 0.9624088406562805, "length": 3.9089527130126953, "mode": "train", "epoch": 31}
{"loss": 0.2068135291337967, "acc": 0.9434046745300293, "length": 3.925266981124878, "mode": "test", "epoch": 31}
{"loss": 0.1046672835946083, "acc": 0.9636446237564087, "length": 3.911721706390381, "mode": "train", "epoch": 32}
{"loss": 0.21274521946907043, "acc": 0.9361907839775085, "length": 3.9644129276275635, "mode": "test", "epoch": 32}
{"loss": 0.10465417057275772, "acc": 0.9637616872787476, "length": 3.9262373447418213, "mode": "train", "epoch": 33}
{"loss": 0.23601187765598297, "acc": 0.9360504746437073, "length": 3.935943126678467, "mode": "test", "epoch": 33}
{"loss": 0.10350774973630905, "acc": 0.9634218215942383, "length": 3.911994695663452, "mode": "train", "epoch": 34}
{"loss": 0.1896018087863922, "acc": 0.9424958825111389, "length": 3.9644129276275635, "mode": "test", "epoch": 34}
{"loss": 0.1185692772269249, "acc": 0.9587544202804565, "length": 3.936544179916382, "mode": "train", "epoch": 35}
{"loss": 0.20366385579109192, "acc": 0.9362887740135193, "length": 3.9537365436553955, "mode": "test", "epoch": 35}
{"loss": 0.10733852535486221, "acc": 0.9626099467277527, "length": 3.9291670322418213, "mode": "train", "epoch": 36}
{"loss": 0.22612711787223816, "acc": 0.9364608526229858, "length": 3.921708106994629, "mode": "test", "epoch": 36}
{"loss": 0.11191583424806595, "acc": 0.9610117077827454, "length": 3.9001805782318115, "mode": "train", "epoch": 37}
{"loss": 0.24029581248760223, "acc": 0.9278033375740051, "length": 3.9430603981018066, "mode": "test", "epoch": 37}
{"loss": 0.09934474527835846, "acc": 0.9635837078094482, "length": 3.916165828704834, "mode": "train", "epoch": 38}
{"loss": 0.20328815281391144, "acc": 0.9396259188652039, "length": 3.914590835571289, "mode": "test", "epoch": 38}
{"loss": 0.08509492874145508, "acc": 0.9675484299659729, "length": 3.9353673458099365, "mode": "train", "epoch": 39}
{"loss": 0.1798028200864792, "acc": 0.9442099332809448, "length": 3.9786477088928223, "mode": "test", "epoch": 39}
{"loss": 0.09633728116750717, "acc": 0.9654625654220581, "length": 3.9216136932373047, "mode": "train", "epoch": 40}
{"loss": 0.22155429422855377, "acc": 0.9243795871734619, "length": 3.8790035247802734, "mode": "test", "epoch": 40}
{"loss": 0.11442260444164276, "acc": 0.9570462107658386, "length": 3.8475308418273926, "mode": "train", "epoch": 41}
{"loss": 0.20338068902492523, "acc": 0.9331303238868713, "length": 3.9501779079437256, "mode": "test", "epoch": 41}
{"loss": 0.09636121988296509, "acc": 0.9635544419288635, "length": 3.9071221351623535, "mode": "train", "epoch": 42}
{"loss": 0.1780117154121399, "acc": 0.9477542042732239, "length": 3.925266981124878, "mode": "test", "epoch": 42}
{"loss": 0.08421052247285843, "acc": 0.9693009257316589, "length": 3.882819890975952, "mode": "train", "epoch": 43}
{"loss": 0.18848085403442383, "acc": 0.9443808197975159, "length": 3.900355815887451, "mode": "test", "epoch": 43}
{"loss": 0.0990857481956482, "acc": 0.9633274078369141, "length": 3.870729923248291, "mode": "train", "epoch": 44}
{"loss": 0.20307403802871704, "acc": 0.9426779747009277, "length": 3.9501779079437256, "mode": "test", "epoch": 44}
{"loss": 0.07846040278673172, "acc": 0.9692623019218445, "length": 3.9195778369903564, "mode": "train", "epoch": 45}
{"loss": 0.18512199819087982, "acc": 0.9475604891777039, "length": 3.921708106994629, "mode": "test", "epoch": 45}
{"loss": 0.09332460910081863, "acc": 0.9649509191513062, "length": 3.933091163635254, "mode": "train", "epoch": 46}
{"loss": 0.2036239057779312, "acc": 0.9398813247680664, "length": 3.9395017623901367, "mode": "test", "epoch": 46}
{"loss": 0.0887298509478569, "acc": 0.9664101004600525, "length": 3.8977127075195312, "mode": "train", "epoch": 47}
{"loss": 0.16533854603767395, "acc": 0.955384373664856, "length": 3.8896796703338623, "mode": "test", "epoch": 47}
{"loss": 0.06697150319814682, "acc": 0.9753615856170654, "length": 3.904012680053711, "mode": "train", "epoch": 48}
{"loss": 0.17059889435768127, "acc": 0.9556820392608643, "length": 3.918149471282959, "mode": "test", "epoch": 48}
{"loss": 0.06620810180902481, "acc": 0.9742184281349182, "length": 3.906538486480713, "mode": "train", "epoch": 49}
{"loss": 0.16502954065799713, "acc": 0.9564010500907898, "length": 3.918149471282959, "mode": "test", "epoch": 49}
{"loss": 0.06057575345039368, "acc": 0.9771069884300232, "length": 3.9196617603302, "mode": "train", "epoch": 50}
{"loss": 0.1557382047176361, "acc": 0.9560952186584473, "length": 3.918149471282959, "mode": "test", "epoch": 50}
{"loss": 0.06502154469490051, "acc": 0.97480309009552, "length": 3.9205644130706787, "mode": "train", "epoch": 51}
{"loss": 0.16648553311824799, "acc": 0.9570945501327515, "length": 3.925266981124878, "mode": "test", "epoch": 51}
{"loss": 0.06250672042369843, "acc": 0.9785001277923584, "length": 3.922865152359009, "mode": "train", "epoch": 52}
{"loss": 0.15764282643795013, "acc": 0.9573363065719604, "length": 3.9430603981018066, "mode": "test", "epoch": 52}
{"loss": 0.06703805923461914, "acc": 0.9734631776809692, "length": 3.9287006855010986, "mode": "train", "epoch": 53}
{"loss": 0.18801353871822357, "acc": 0.9506039023399353, "length": 3.918149471282959, "mode": "test", "epoch": 53}
{"loss": 0.06815923750400543, "acc": 0.9743131399154663, "length": 3.9322917461395264, "mode": "train", "epoch": 54}
{"loss": 0.15599150955677032, "acc": 0.9530171751976013, "length": 3.9572954177856445, "mode": "test", "epoch": 54}
{"loss": 0.07679620385169983, "acc": 0.9672260880470276, "length": 3.936964511871338, "mode": "train", "epoch": 55}
{"loss": 0.18154780566692352, "acc": 0.9471946954727173, "length": 3.935943126678467, "mode": "test", "epoch": 55}
{"loss": 0.0585305392742157, "acc": 0.975104033946991, "length": 3.9290833473205566, "mode": "train", "epoch": 56}
{"loss": 0.1524839550256729, "acc": 0.9612499475479126, "length": 3.9466192722320557, "mode": "test", "epoch": 56}
{"loss": 0.05149225890636444, "acc": 0.9802761077880859, "length": 3.9228107929229736, "mode": "train", "epoch": 57}
{"loss": 0.1726832240819931, "acc": 0.960845947265625, "length": 3.9323842525482178, "mode": "test", "epoch": 57}
{"loss": 0.05729810521006584, "acc": 0.9777840971946716, "length": 3.931800603866577, "mode": "train", "epoch": 58}
{"loss": 0.16372287273406982, "acc": 0.9558369517326355, "length": 3.9430603981018066, "mode": "test", "epoch": 58}
{"loss": 0.08397334069013596, "acc": 0.9700773358345032, "length": 3.9067485332489014, "mode": "train", "epoch": 59}
{"loss": 0.1824808418750763, "acc": 0.9514324069023132, "length": 3.914590835571289, "mode": "test", "epoch": 59}
{"loss": 0.08029764890670776, "acc": 0.9713332653045654, "length": 3.899230480194092, "mode": "train", "epoch": 60}
{"loss": 0.1926705241203308, "acc": 0.9543508291244507, "length": 3.9039146900177, "mode": "test", "epoch": 60}
test accuracy: 0.821337878704071
