# ["--attributes=5", "--values=16", "--game_size=10", "--vocab_size_factor=3", "--n_epochs=60", "--batch_size=32", "--learning_rate=0.0005", "--hidden_size=256", "--temp_update=0.99", "--temperature=1.5"]
Creating train_ds and val_ds...

Creating test_ds...
{"loss": 0.6996663212776184, "acc": 0.5101438760757446, "length": 3.167025089263916, "mode": "train", "epoch": 1}
{"loss": 0.6945726275444031, "acc": 0.4980565905570984, "length": 1.0, "mode": "test", "epoch": 1}
{"loss": 0.6268125772476196, "acc": 0.668891429901123, "length": 3.0622637271881104, "mode": "train", "epoch": 2}
{"loss": 0.5238794684410095, "acc": 0.7674111127853394, "length": 3.915194272994995, "mode": "test", "epoch": 2}
{"loss": 0.47068551182746887, "acc": 0.7876087427139282, "length": 3.856268882751465, "mode": "train", "epoch": 3}
{"loss": 0.4654357135295868, "acc": 0.7969964742660522, "length": 4.0, "mode": "test", "epoch": 3}
{"loss": 0.394742488861084, "acc": 0.830582857131958, "length": 3.941901683807373, "mode": "train", "epoch": 4}
{"loss": 0.4312690496444702, "acc": 0.8233215808868408, "length": 4.0, "mode": "test", "epoch": 4}
{"loss": 0.34802746772766113, "acc": 0.8548360466957092, "length": 3.972315549850464, "mode": "train", "epoch": 5}
{"loss": 0.39522242546081543, "acc": 0.8508834838867188, "length": 4.0, "mode": "test", "epoch": 5}
{"loss": 0.3229478597640991, "acc": 0.8706990480422974, "length": 3.9822700023651123, "mode": "train", "epoch": 6}
{"loss": 0.3919123709201813, "acc": 0.8434629440307617, "length": 4.0, "mode": "test", "epoch": 6}
{"loss": 0.29229772090911865, "acc": 0.8875476121902466, "length": 3.9839088916778564, "mode": "train", "epoch": 7}
{"loss": 0.3689151108264923, "acc": 0.8583040833473206, "length": 4.0, "mode": "test", "epoch": 7}
{"loss": 0.2671580910682678, "acc": 0.9012978672981262, "length": 3.987886428833008, "mode": "train", "epoch": 8}
{"loss": 0.3893316090106964, "acc": 0.8657242655754089, "length": 4.0, "mode": "test", "epoch": 8}
{"loss": 0.25176772475242615, "acc": 0.9114753603935242, "length": 3.991053342819214, "mode": "train", "epoch": 9}
{"loss": 0.33381858468055725, "acc": 0.893993079662323, "length": 4.0, "mode": "test", "epoch": 9}
{"loss": 0.24561001360416412, "acc": 0.9159425497055054, "length": 3.9925742149353027, "mode": "train", "epoch": 10}
{"loss": 0.3121907413005829, "acc": 0.8999999165534973, "length": 4.0, "mode": "test", "epoch": 10}
{"loss": 0.235957533121109, "acc": 0.916003942489624, "length": 3.992109775543213, "mode": "train", "epoch": 11}
{"loss": 0.3129933774471283, "acc": 0.9031803011894226, "length": 4.0, "mode": "test", "epoch": 11}
{"loss": 0.23385663330554962, "acc": 0.9193351864814758, "length": 3.9946095943450928, "mode": "train", "epoch": 12}
{"loss": 0.299004465341568, "acc": 0.9051236510276794, "length": 4.0, "mode": "test", "epoch": 12}
{"loss": 0.23139376938343048, "acc": 0.9178598523139954, "length": 3.9949381351470947, "mode": "train", "epoch": 13}
{"loss": 0.30861082673072815, "acc": 0.9007065892219543, "length": 4.0, "mode": "test", "epoch": 13}
{"loss": 0.22236867249011993, "acc": 0.9227848052978516, "length": 3.995537757873535, "mode": "train", "epoch": 14}
{"loss": 0.28355470299720764, "acc": 0.9118372797966003, "length": 4.0, "mode": "test", "epoch": 14}
{"loss": 0.2155316025018692, "acc": 0.9223853349685669, "length": 3.9971654415130615, "mode": "train", "epoch": 15}
{"loss": 0.25410008430480957, "acc": 0.9189046621322632, "length": 4.0, "mode": "test", "epoch": 15}
{"loss": 0.2106691300868988, "acc": 0.9241030812263489, "length": 3.997396945953369, "mode": "train", "epoch": 16}
{"loss": 0.25219038128852844, "acc": 0.9174911379814148, "length": 4.0, "mode": "test", "epoch": 16}
{"loss": 0.20478764176368713, "acc": 0.930293083190918, "length": 3.9971530437469482, "mode": "train", "epoch": 17}
{"loss": 0.2515380084514618, "acc": 0.9187279343605042, "length": 4.0, "mode": "test", "epoch": 17}
{"loss": 0.1911749392747879, "acc": 0.9324609041213989, "length": 3.9966251850128174, "mode": "train", "epoch": 18}
{"loss": 0.25507423281669617, "acc": 0.9178446531295776, "length": 4.0, "mode": "test", "epoch": 18}
{"loss": 0.18607692420482635, "acc": 0.9329388737678528, "length": 3.9969394207000732, "mode": "train", "epoch": 19}
{"loss": 0.23549649119377136, "acc": 0.922791600227356, "length": 4.0, "mode": "test", "epoch": 19}
{"loss": 0.17653153836727142, "acc": 0.9372564554214478, "length": 3.997464418411255, "mode": "train", "epoch": 20}
{"loss": 0.229389026761055, "acc": 0.9250882863998413, "length": 4.0, "mode": "test", "epoch": 20}
{"loss": 0.16422387957572937, "acc": 0.9402718544006348, "length": 3.9977266788482666, "mode": "train", "epoch": 21}
{"loss": 0.22805142402648926, "acc": 0.9265015721321106, "length": 4.0, "mode": "test", "epoch": 21}
{"loss": 0.15746363997459412, "acc": 0.9417977333068848, "length": 3.997485637664795, "mode": "train", "epoch": 22}
{"loss": 0.21522541344165802, "acc": 0.9270316958427429, "length": 4.0, "mode": "test", "epoch": 22}
{"loss": 0.15318027138710022, "acc": 0.9419903755187988, "length": 3.997710704803467, "mode": "train", "epoch": 23}
{"loss": 0.19433532655239105, "acc": 0.9330388307571411, "length": 4.0, "mode": "test", "epoch": 23}
{"loss": 0.1453668624162674, "acc": 0.9452784657478333, "length": 3.9974300861358643, "mode": "train", "epoch": 24}
{"loss": 0.20182302594184875, "acc": 0.9312721490859985, "length": 4.0, "mode": "test", "epoch": 24}
{"loss": 0.13235867023468018, "acc": 0.9496795535087585, "length": 3.9989516735076904, "mode": "train", "epoch": 25}
{"loss": 0.1925855129957199, "acc": 0.9346288442611694, "length": 4.0, "mode": "test", "epoch": 25}
{"loss": 0.12386874109506607, "acc": 0.9538007378578186, "length": 3.998572587966919, "mode": "train", "epoch": 26}
{"loss": 0.1909763067960739, "acc": 0.9286218881607056, "length": 4.0, "mode": "test", "epoch": 26}
{"loss": 0.10377472639083862, "acc": 0.9608635902404785, "length": 3.998135566711426, "mode": "train", "epoch": 27}
{"loss": 0.18145377933979034, "acc": 0.9358658790588379, "length": 4.0, "mode": "test", "epoch": 27}
{"loss": 0.10040286928415298, "acc": 0.9624878168106079, "length": 3.998990535736084, "mode": "train", "epoch": 28}
{"loss": 0.15892836451530457, "acc": 0.9507066607475281, "length": 4.0, "mode": "test", "epoch": 28}
{"loss": 0.09197601675987244, "acc": 0.9654824137687683, "length": 3.9982192516326904, "mode": "train", "epoch": 29}
{"loss": 0.14390096068382263, "acc": 0.9535335898399353, "length": 4.0, "mode": "test", "epoch": 29}
{"loss": 0.07750385254621506, "acc": 0.9722047448158264, "length": 3.998230218887329, "mode": "train", "epoch": 30}
{"loss": 0.14689350128173828, "acc": 0.9606006145477295, "length": 4.0, "mode": "test", "epoch": 30}
{"loss": 0.06549934297800064, "acc": 0.9780743718147278, "length": 3.99910044670105, "mode": "train", "epoch": 31}
{"loss": 0.11501959711313248, "acc": 0.9644876718521118, "length": 4.0, "mode": "test", "epoch": 31}
{"loss": 0.05658091604709625, "acc": 0.9800176024436951, "length": 3.999315023422241, "mode": "train", "epoch": 32}
{"loss": 0.12730075418949127, "acc": 0.96713787317276, "length": 4.0, "mode": "test", "epoch": 32}
{"loss": 0.050914354622364044, "acc": 0.9840973019599915, "length": 3.999366521835327, "mode": "train", "epoch": 33}
{"loss": 0.12205862998962402, "acc": 0.9733216762542725, "length": 4.0, "mode": "test", "epoch": 33}
{"loss": 0.04445057362318039, "acc": 0.9862701892852783, "length": 3.9991660118103027, "mode": "train", "epoch": 34}
{"loss": 0.09299910068511963, "acc": 0.9736748933792114, "length": 4.0, "mode": "test", "epoch": 34}
{"loss": 0.04856032133102417, "acc": 0.9852709770202637, "length": 3.999260902404785, "mode": "train", "epoch": 35}
{"loss": 0.1211138442158699, "acc": 0.9699647426605225, "length": 4.0, "mode": "test", "epoch": 35}
{"loss": 0.04354650154709816, "acc": 0.9853230118751526, "length": 3.9989466667175293, "mode": "train", "epoch": 36}
{"loss": 0.10021720826625824, "acc": 0.9757950305938721, "length": 4.0, "mode": "test", "epoch": 36}
{"loss": 0.05937174707651138, "acc": 0.9818642139434814, "length": 3.999751329421997, "mode": "train", "epoch": 37}
{"loss": 0.10028479993343353, "acc": 0.9722614884376526, "length": 4.0, "mode": "test", "epoch": 37}
{"loss": 0.04376107081770897, "acc": 0.9849156141281128, "length": 3.9994237422943115, "mode": "train", "epoch": 38}
{"loss": 0.1109425500035286, "acc": 0.9743815064430237, "length": 4.0, "mode": "test", "epoch": 38}
{"loss": 0.03350577875971794, "acc": 0.9894847273826599, "length": 3.9997925758361816, "mode": "train", "epoch": 39}
{"loss": 0.11785968393087387, "acc": 0.9734983444213867, "length": 4.0, "mode": "test", "epoch": 39}
{"loss": 0.03597128763794899, "acc": 0.989654004573822, "length": 3.999582529067993, "mode": "train", "epoch": 40}
{"loss": 0.11749912798404694, "acc": 0.9768551588058472, "length": 4.0, "mode": "test", "epoch": 40}
{"loss": 0.033587731420993805, "acc": 0.9904174208641052, "length": 3.9996187686920166, "mode": "train", "epoch": 41}
{"loss": 0.10668417811393738, "acc": 0.9768550395965576, "length": 4.0, "mode": "test", "epoch": 41}
{"loss": 0.03615221381187439, "acc": 0.9888296127319336, "length": 3.9997167587280273, "mode": "train", "epoch": 42}
{"loss": 0.10271406173706055, "acc": 0.9791519641876221, "length": 4.0, "mode": "test", "epoch": 42}
{"loss": 0.028127694502472878, "acc": 0.9916658401489258, "length": 3.9996609687805176, "mode": "train", "epoch": 43}
{"loss": 0.0508241169154644, "acc": 0.9869258403778076, "length": 4.0, "mode": "test", "epoch": 43}
{"loss": 0.024992235004901886, "acc": 0.9933841824531555, "length": 3.999866247177124, "mode": "train", "epoch": 44}
{"loss": 0.09274134784936905, "acc": 0.9823320508003235, "length": 4.0, "mode": "test", "epoch": 44}
{"loss": 0.02332249842584133, "acc": 0.9943867921829224, "length": 3.9998183250427246, "mode": "train", "epoch": 45}
{"loss": 0.07185915112495422, "acc": 0.9803886413574219, "length": 4.0, "mode": "test", "epoch": 45}
{"loss": 0.014438689686357975, "acc": 0.9973372220993042, "length": 3.999811887741089, "mode": "train", "epoch": 46}
{"loss": 0.06997301429510117, "acc": 0.9918727278709412, "length": 4.0, "mode": "test", "epoch": 46}
{"loss": 0.03281678631901741, "acc": 0.9911320209503174, "length": 3.9996581077575684, "mode": "train", "epoch": 47}
{"loss": 0.1511046141386032, "acc": 0.9666078090667725, "length": 4.0, "mode": "test", "epoch": 47}
{"loss": 0.026524147018790245, "acc": 0.9927846193313599, "length": 3.9997830390930176, "mode": "train", "epoch": 48}
{"loss": 0.08296409994363785, "acc": 0.9862191081047058, "length": 4.0, "mode": "test", "epoch": 48}
{"loss": 0.01859506033360958, "acc": 0.9956875443458557, "length": 3.9998230934143066, "mode": "train", "epoch": 49}
{"loss": 0.07893268018960953, "acc": 0.985689103603363, "length": 4.0, "mode": "test", "epoch": 49}
{"loss": 0.015181344002485275, "acc": 0.9963963031768799, "length": 3.999882698059082, "mode": "train", "epoch": 50}
{"loss": 0.07659021764993668, "acc": 0.9901060461997986, "length": 4.0, "mode": "test", "epoch": 50}
{"loss": 0.01317325234413147, "acc": 0.9972229599952698, "length": 3.9999091625213623, "mode": "train", "epoch": 51}
{"loss": 0.06891980022192001, "acc": 0.9867492318153381, "length": 4.0, "mode": "test", "epoch": 51}
{"loss": 0.014426566660404205, "acc": 0.996099591255188, "length": 3.9999186992645264, "mode": "train", "epoch": 52}
{"loss": 0.09622498601675034, "acc": 0.9818020462989807, "length": 4.0, "mode": "test", "epoch": 52}
{"loss": 0.022725028917193413, "acc": 0.9926784038543701, "length": 3.999934196472168, "mode": "train", "epoch": 53}
{"loss": 0.08321507275104523, "acc": 0.9805653691291809, "length": 4.0, "mode": "test", "epoch": 53}
{"loss": 0.030608976259827614, "acc": 0.9919703602790833, "length": 3.9999585151672363, "mode": "train", "epoch": 54}
{"loss": 0.11250869184732437, "acc": 0.9731448292732239, "length": 4.0, "mode": "test", "epoch": 54}
{"loss": 0.040306832641363144, "acc": 0.9903168678283691, "length": 3.9998583793640137, "mode": "train", "epoch": 55}
{"loss": 0.07928681373596191, "acc": 0.9810952544212341, "length": 4.0, "mode": "test", "epoch": 55}
{"loss": 0.026553107425570488, "acc": 0.9921479225158691, "length": 3.9999475479125977, "mode": "train", "epoch": 56}
{"loss": 0.0797603651881218, "acc": 0.9895759224891663, "length": 4.0, "mode": "test", "epoch": 56}
{"loss": 0.025533467531204224, "acc": 0.9929733276367188, "length": 3.999950408935547, "mode": "train", "epoch": 57}
{"loss": 0.08427242189645767, "acc": 0.9832156300544739, "length": 4.0, "mode": "test", "epoch": 57}
{"loss": 0.029434485360980034, "acc": 0.9925609230995178, "length": 3.9999711513519287, "mode": "train", "epoch": 58}
{"loss": 0.07385243475437164, "acc": 0.9908125996589661, "length": 4.0, "mode": "test", "epoch": 58}
{"loss": 0.019226284697651863, "acc": 0.99456787109375, "length": 3.9999587535858154, "mode": "train", "epoch": 59}
{"loss": 0.06076313927769661, "acc": 0.9876325130462646, "length": 4.0, "mode": "test", "epoch": 59}
{"loss": 0.008099598810076714, "acc": 0.9980441927909851, "length": 3.9996883869171143, "mode": "train", "epoch": 60}
{"loss": 0.07063139975070953, "acc": 0.9904593229293823, "length": 4.0, "mode": "test", "epoch": 60}
test accuracy: 0.9153226613998413
