# ["--attributes=3", "--values=4", "--game_size=10", "--vocab_size_factor=3", "--n_epochs=60", "--batch_size=32", "--learning_rate=0.001", "--hidden_size=256", "--temp_update=0.99", "--temperature=2"]
Creating train_ds and val_ds...

Creating test_ds...
{"loss": 0.7063887119293213, "acc": 0.5096798539161682, "length": 1.7893508672714233, "mode": "train", "epoch": 1}
{"loss": 0.702015221118927, "acc": 0.496013343334198, "length": 1.0, "mode": "test", "epoch": 1}
{"loss": 0.6942984461784363, "acc": 0.5140551328659058, "length": 1.2099958658218384, "mode": "train", "epoch": 2}
{"loss": 0.6290010809898376, "acc": 0.6804876923561096, "length": 2.186046600341797, "mode": "test", "epoch": 2}
{"loss": 0.5575608611106873, "acc": 0.7319700121879578, "length": 2.457202672958374, "mode": "train", "epoch": 3}
{"loss": 0.5225829482078552, "acc": 0.7483564019203186, "length": 2.5149502754211426, "mode": "test", "epoch": 3}
{"loss": 0.47522300481796265, "acc": 0.7835338711738586, "length": 2.539019823074341, "mode": "train", "epoch": 4}
{"loss": 0.4866126477718353, "acc": 0.7929865717887878, "length": 2.2956809997558594, "mode": "test", "epoch": 4}
{"loss": 0.4563228189945221, "acc": 0.7953518629074097, "length": 2.3976664543151855, "mode": "train", "epoch": 5}
{"loss": 0.48225685954093933, "acc": 0.7921096682548523, "length": 2.2857143878936768, "mode": "test", "epoch": 5}
{"loss": 0.4421113133430481, "acc": 0.7944136261940002, "length": 2.4051566123962402, "mode": "train", "epoch": 6}
{"loss": 0.4826771318912506, "acc": 0.7828053832054138, "length": 2.2857143878936768, "mode": "test", "epoch": 6}
{"loss": 0.42674386501312256, "acc": 0.8027369976043701, "length": 2.527771234512329, "mode": "train", "epoch": 7}
{"loss": 0.4688282608985901, "acc": 0.8023340106010437, "length": 2.365448474884033, "mode": "test", "epoch": 7}
{"loss": 0.41326168179512024, "acc": 0.8082890510559082, "length": 2.7651586532592773, "mode": "train", "epoch": 8}
{"loss": 0.45102229714393616, "acc": 0.7577282190322876, "length": 3.0531561374664307, "mode": "test", "epoch": 8}
{"loss": 0.396025687456131, "acc": 0.8196881413459778, "length": 3.125077486038208, "mode": "train", "epoch": 9}
{"loss": 0.40470099449157715, "acc": 0.8336631059646606, "length": 3.2126245498657227, "mode": "test", "epoch": 9}
{"loss": 0.35002556443214417, "acc": 0.8522648215293884, "length": 3.470667839050293, "mode": "train", "epoch": 10}
{"loss": 0.36571890115737915, "acc": 0.8605577945709229, "length": 3.55149507522583, "mode": "test", "epoch": 10}
{"loss": 0.3082742393016815, "acc": 0.870902419090271, "length": 3.480559825897217, "mode": "train", "epoch": 11}
{"loss": 0.3642708361148834, "acc": 0.8572283387184143, "length": 3.3222591876983643, "mode": "test", "epoch": 11}
{"loss": 0.28112712502479553, "acc": 0.8823739290237427, "length": 3.427720546722412, "mode": "train", "epoch": 12}
{"loss": 0.32691046595573425, "acc": 0.873717725276947, "length": 3.4318935871124268, "mode": "test", "epoch": 12}
{"loss": 0.27258291840553284, "acc": 0.8876572251319885, "length": 3.438372850418091, "mode": "train", "epoch": 13}
{"loss": 0.3234017491340637, "acc": 0.8727946281433105, "length": 3.4119601249694824, "mode": "test", "epoch": 13}
{"loss": 0.2731935679912567, "acc": 0.8871772289276123, "length": 3.4117071628570557, "mode": "train", "epoch": 14}
{"loss": 0.3300310969352722, "acc": 0.8615692257881165, "length": 3.245847225189209, "mode": "test", "epoch": 14}
{"loss": 0.2531813979148865, "acc": 0.8945205211639404, "length": 3.4546523094177246, "mode": "train", "epoch": 15}
{"loss": 0.32136568427085876, "acc": 0.8829283118247986, "length": 3.3687708377838135, "mode": "test", "epoch": 15}
{"loss": 0.2384754866361618, "acc": 0.9089895486831665, "length": 3.524237871170044, "mode": "train", "epoch": 16}
{"loss": 0.30108019709587097, "acc": 0.8978361487388611, "length": 3.621262550354004, "mode": "test", "epoch": 16}
{"loss": 0.25670793652534485, "acc": 0.9107875227928162, "length": 3.536530017852783, "mode": "train", "epoch": 17}
{"loss": 0.29895469546318054, "acc": 0.9029676914215088, "length": 3.6013288497924805, "mode": "test", "epoch": 17}
{"loss": 0.21391625702381134, "acc": 0.9133965373039246, "length": 3.5488390922546387, "mode": "train", "epoch": 18}
{"loss": 0.27469199895858765, "acc": 0.9042482376098633, "length": 3.5747509002685547, "mode": "test", "epoch": 18}
{"loss": 0.2104976624250412, "acc": 0.9209029078483582, "length": 3.525578498840332, "mode": "train", "epoch": 19}
{"loss": 0.2609604597091675, "acc": 0.9150443077087402, "length": 3.5149502754211426, "mode": "test", "epoch": 19}
{"loss": 0.2090689092874527, "acc": 0.9212359189987183, "length": 3.492375373840332, "mode": "train", "epoch": 20}
{"loss": 0.26336660981178284, "acc": 0.904899537563324, "length": 3.3521595001220703, "mode": "test", "epoch": 20}
{"loss": 0.1760687679052353, "acc": 0.9323922991752625, "length": 3.538867473602295, "mode": "train", "epoch": 21}
{"loss": 0.21781371533870697, "acc": 0.9146367311477661, "length": 3.538205862045288, "mode": "test", "epoch": 21}
{"loss": 0.16040067374706268, "acc": 0.940128743648529, "length": 3.5646514892578125, "mode": "train", "epoch": 22}
{"loss": 0.2032230943441391, "acc": 0.9295218586921692, "length": 3.521594762802124, "mode": "test", "epoch": 22}
{"loss": 0.14396534860134125, "acc": 0.947364866733551, "length": 3.5933644771575928, "mode": "train", "epoch": 23}
{"loss": 0.1963251680135727, "acc": 0.9283996820449829, "length": 3.5548171997070312, "mode": "test", "epoch": 23}
{"loss": 0.14471358060836792, "acc": 0.9501848816871643, "length": 3.5652551651000977, "mode": "train", "epoch": 24}
{"loss": 0.16620038449764252, "acc": 0.9395356774330139, "length": 3.524916887283325, "mode": "test", "epoch": 24}
{"loss": 0.14270220696926117, "acc": 0.9477235078811646, "length": 3.5766892433166504, "mode": "train", "epoch": 25}
{"loss": 0.2114214450120926, "acc": 0.9234048128128052, "length": 3.5448505878448486, "mode": "test", "epoch": 25}
{"loss": 0.1390490084886551, "acc": 0.9472512602806091, "length": 3.6131057739257812, "mode": "train", "epoch": 26}
{"loss": 0.1844397783279419, "acc": 0.9369984269142151, "length": 3.5714285373687744, "mode": "test", "epoch": 26}
{"loss": 0.12964443862438202, "acc": 0.9543594121932983, "length": 3.6524758338928223, "mode": "train", "epoch": 27}
{"loss": 0.1691439151763916, "acc": 0.9364965558052063, "length": 3.5581395626068115, "mode": "test", "epoch": 27}
{"loss": 0.1243538111448288, "acc": 0.9557123184204102, "length": 3.658357620239258, "mode": "train", "epoch": 28}
{"loss": 0.16961902379989624, "acc": 0.9337249398231506, "length": 3.667774200439453, "mode": "test", "epoch": 28}
{"loss": 0.11862273514270782, "acc": 0.9579090476036072, "length": 3.7481422424316406, "mode": "train", "epoch": 29}
{"loss": 0.15842114388942719, "acc": 0.9490172863006592, "length": 3.8372092247009277, "mode": "test", "epoch": 29}
{"loss": 0.10741467028856277, "acc": 0.9587987065315247, "length": 3.7943379878997803, "mode": "train", "epoch": 30}
{"loss": 0.14609526097774506, "acc": 0.9445857405662537, "length": 3.8305647373199463, "mode": "test", "epoch": 30}
{"loss": 0.11222677677869797, "acc": 0.9590765833854675, "length": 3.816464424133301, "mode": "train", "epoch": 31}
{"loss": 0.17120034992694855, "acc": 0.9403067827224731, "length": 3.9036545753479004, "mode": "test", "epoch": 31}
{"loss": 0.1481184959411621, "acc": 0.943122923374176, "length": 3.802399158477783, "mode": "train", "epoch": 32}
{"loss": 0.18004725873470306, "acc": 0.9372369050979614, "length": 3.780730962753296, "mode": "test", "epoch": 32}
{"loss": 0.12480121850967407, "acc": 0.9565722942352295, "length": 3.75215482711792, "mode": "train", "epoch": 33}
{"loss": 0.13932931423187256, "acc": 0.9545920491218567, "length": 3.843853712081909, "mode": "test", "epoch": 33}
{"loss": 0.09862706810235977, "acc": 0.9649121761322021, "length": 3.8581156730651855, "mode": "train", "epoch": 34}
{"loss": 0.13501742482185364, "acc": 0.9483377933502197, "length": 3.8870432376861572, "mode": "test", "epoch": 34}
{"loss": 0.09123683720827103, "acc": 0.9681063294410706, "length": 3.8573246002197266, "mode": "train", "epoch": 35}
{"loss": 0.12993124127388, "acc": 0.9622325301170349, "length": 3.8770763874053955, "mode": "test", "epoch": 35}
{"loss": 0.08817286044359207, "acc": 0.9664920568466187, "length": 3.888660430908203, "mode": "train", "epoch": 36}
{"loss": 0.14569278061389923, "acc": 0.9471201300621033, "length": 3.9069766998291016, "mode": "test", "epoch": 36}
{"loss": 0.08130479604005814, "acc": 0.9731220602989197, "length": 3.9041078090667725, "mode": "train", "epoch": 37}
{"loss": 0.17452065646648407, "acc": 0.9472955465316772, "length": 3.9169435501098633, "mode": "test", "epoch": 37}
{"loss": 0.0879325121641159, "acc": 0.9692719578742981, "length": 3.914431571960449, "mode": "train", "epoch": 38}
{"loss": 0.13438761234283447, "acc": 0.9574271440505981, "length": 3.90033221244812, "mode": "test", "epoch": 38}
{"loss": 0.07550976425409317, "acc": 0.9732241630554199, "length": 3.9137799739837646, "mode": "train", "epoch": 39}
{"loss": 0.11641961336135864, "acc": 0.9531852006912231, "length": 3.9202656745910645, "mode": "test", "epoch": 39}
{"loss": 0.06872493028640747, "acc": 0.9779922962188721, "length": 3.932482957839966, "mode": "train", "epoch": 40}
{"loss": 0.1009942814707756, "acc": 0.9632319808006287, "length": 3.943521499633789, "mode": "test", "epoch": 40}
{"loss": 0.08464840054512024, "acc": 0.9685080051422119, "length": 3.9173130989074707, "mode": "train", "epoch": 41}
{"loss": 0.11728806793689728, "acc": 0.962406575679779, "length": 3.930232524871826, "mode": "test", "epoch": 41}
{"loss": 0.059157028794288635, "acc": 0.976851224899292, "length": 3.9257376194000244, "mode": "train", "epoch": 42}
{"loss": 0.09528686106204987, "acc": 0.9599719047546387, "length": 3.943521499633789, "mode": "test", "epoch": 42}
{"loss": 0.06407031416893005, "acc": 0.9766669869422913, "length": 3.9536502361297607, "mode": "train", "epoch": 43}
{"loss": 0.1019747257232666, "acc": 0.96348637342453, "length": 3.943521499633789, "mode": "test", "epoch": 43}
{"loss": 0.0731971338391304, "acc": 0.9728368520736694, "length": 3.9290103912353516, "mode": "train", "epoch": 44}
{"loss": 0.10249167680740356, "acc": 0.9646024703979492, "length": 3.9335548877716064, "mode": "test", "epoch": 44}
{"loss": 0.06497106701135635, "acc": 0.9782534241676331, "length": 3.937804698944092, "mode": "train", "epoch": 45}
{"loss": 0.07860704511404037, "acc": 0.9711897969245911, "length": 3.9501662254333496, "mode": "test", "epoch": 45}
{"loss": 0.04327138140797615, "acc": 0.9825286865234375, "length": 3.9569883346557617, "mode": "train", "epoch": 46}
{"loss": 0.0796613097190857, "acc": 0.9743770956993103, "length": 3.9601328372955322, "mode": "test", "epoch": 46}
{"loss": 0.043693967163562775, "acc": 0.9846450090408325, "length": 3.9601829051971436, "mode": "train", "epoch": 47}
{"loss": 0.08591506630182266, "acc": 0.9716154932975769, "length": 3.956810712814331, "mode": "test", "epoch": 47}
{"loss": 0.039198506623506546, "acc": 0.9865084290504456, "length": 3.9673879146575928, "mode": "train", "epoch": 48}
{"loss": 0.11735602468252182, "acc": 0.9692171812057495, "length": 3.9634552001953125, "mode": "test", "epoch": 48}
{"loss": 0.03701269254088402, "acc": 0.9870118498802185, "length": 3.967576026916504, "mode": "train", "epoch": 49}
{"loss": 0.0863349586725235, "acc": 0.9683191180229187, "length": 3.9634552001953125, "mode": "test", "epoch": 49}
{"loss": 0.03687135502696037, "acc": 0.9863919615745544, "length": 3.9738783836364746, "mode": "train", "epoch": 50}
{"loss": 0.07202991098165512, "acc": 0.9753737449645996, "length": 3.9667773246765137, "mode": "test", "epoch": 50}
{"loss": 0.03643853962421417, "acc": 0.9863291382789612, "length": 3.9685981273651123, "mode": "train", "epoch": 51}
{"loss": 0.08738278597593307, "acc": 0.9800041913986206, "length": 3.9634552001953125, "mode": "test", "epoch": 51}
{"loss": 0.02750477008521557, "acc": 0.9897931814193726, "length": 3.972627639770508, "mode": "train", "epoch": 52}
{"loss": 0.06392501294612885, "acc": 0.9804298281669617, "length": 3.9667773246765137, "mode": "test", "epoch": 52}
{"loss": 0.03414975479245186, "acc": 0.989202618598938, "length": 3.9625749588012695, "mode": "train", "epoch": 53}
{"loss": 0.11196666210889816, "acc": 0.9724044799804688, "length": 3.9601328372955322, "mode": "test", "epoch": 53}
{"loss": 0.03526095673441887, "acc": 0.9896069765090942, "length": 3.9496939182281494, "mode": "train", "epoch": 54}
{"loss": 0.09128842502832413, "acc": 0.9724771976470947, "length": 3.943521499633789, "mode": "test", "epoch": 54}
{"loss": 0.043806929141283035, "acc": 0.9839457869529724, "length": 3.949216842651367, "mode": "train", "epoch": 55}
{"loss": 0.1027122363448143, "acc": 0.9728092551231384, "length": 3.9368770122528076, "mode": "test", "epoch": 55}
{"loss": 0.04941298067569733, "acc": 0.9822670817375183, "length": 3.952326536178589, "mode": "train", "epoch": 56}
{"loss": 0.13282829523086548, "acc": 0.9685786366462708, "length": 3.9601328372955322, "mode": "test", "epoch": 56}
{"loss": 0.035076651722192764, "acc": 0.9883745908737183, "length": 3.961033821105957, "mode": "train", "epoch": 57}
{"loss": 0.13747653365135193, "acc": 0.9650123715400696, "length": 3.970099687576294, "mode": "test", "epoch": 57}
{"loss": 0.03371957689523697, "acc": 0.9871990084648132, "length": 3.9657492637634277, "mode": "train", "epoch": 58}
{"loss": 0.09074370563030243, "acc": 0.9761003851890564, "length": 3.9800665378570557, "mode": "test", "epoch": 58}
{"loss": 0.0406314916908741, "acc": 0.9884254336357117, "length": 3.9648303985595703, "mode": "train", "epoch": 59}
{"loss": 0.06982947885990143, "acc": 0.9855636358261108, "length": 3.9800665378570557, "mode": "test", "epoch": 59}
{"loss": 0.02860540710389614, "acc": 0.9903734922409058, "length": 3.970111846923828, "mode": "train", "epoch": 60}
{"loss": 0.14062099158763885, "acc": 0.9706187844276428, "length": 3.9634552001953125, "mode": "test", "epoch": 60}
test accuracy: 0.7624870538711548
