# ["--attributes=5", "--values=16", "--game_size=10", "--vocab_size_factor=3", "--n_epochs=60", "--batch_size=32", "--learning_rate=0.001", "--hidden_size=128", "--temp_update=0.97", "--temperature=2"]
Creating train_ds and val_ds...

Creating test_ds...
{"loss": 0.6921869516372681, "acc": 0.5169361233711243, "length": 3.428760528564453, "mode": "train", "epoch": 1}
{"loss": 0.6535537838935852, "acc": 0.6602160930633545, "length": 3.1519434452056885, "mode": "test", "epoch": 1}
{"loss": 0.6222082376480103, "acc": 0.6810827255249023, "length": 3.606980323791504, "mode": "train", "epoch": 2}
{"loss": 0.489441454410553, "acc": 0.7955830693244934, "length": 4.0, "mode": "test", "epoch": 2}
{"loss": 0.4381950795650482, "acc": 0.8158751726150513, "length": 3.939403533935547, "mode": "train", "epoch": 3}
{"loss": 0.4239047169685364, "acc": 0.8206713795661926, "length": 4.0, "mode": "test", "epoch": 3}
{"loss": 0.3805771470069885, "acc": 0.8418731093406677, "length": 3.9698009490966797, "mode": "train", "epoch": 4}
{"loss": 0.3942108154296875, "acc": 0.8378089666366577, "length": 4.0, "mode": "test", "epoch": 4}
{"loss": 0.3439069390296936, "acc": 0.8540731072425842, "length": 3.9768195152282715, "mode": "train", "epoch": 5}
{"loss": 0.3936356008052826, "acc": 0.8393992781639099, "length": 4.0, "mode": "test", "epoch": 5}
{"loss": 0.3201632797718048, "acc": 0.8670799732208252, "length": 3.980809211730957, "mode": "train", "epoch": 6}
{"loss": 0.37195026874542236, "acc": 0.8482332825660706, "length": 4.0, "mode": "test", "epoch": 6}
{"loss": 0.2996838092803955, "acc": 0.8749367594718933, "length": 3.9837262630462646, "mode": "train", "epoch": 7}
{"loss": 0.3661487400531769, "acc": 0.8556538224220276, "length": 4.0, "mode": "test", "epoch": 7}
{"loss": 0.2788057029247284, "acc": 0.8832003474235535, "length": 3.987790584564209, "mode": "train", "epoch": 8}
{"loss": 0.3464488387107849, "acc": 0.8706714510917664, "length": 4.0, "mode": "test", "epoch": 8}
{"loss": 0.2606310248374939, "acc": 0.8934926986694336, "length": 3.991946220397949, "mode": "train", "epoch": 9}
{"loss": 0.340128630399704, "acc": 0.8598939776420593, "length": 4.0, "mode": "test", "epoch": 9}
{"loss": 0.24129793047904968, "acc": 0.8998412489891052, "length": 3.9943747520446777, "mode": "train", "epoch": 10}
{"loss": 0.3058778643608093, "acc": 0.8819786310195923, "length": 4.0, "mode": "test", "epoch": 10}
{"loss": 0.23148192465305328, "acc": 0.904328465461731, "length": 3.9952383041381836, "mode": "train", "epoch": 11}
{"loss": 0.3185376822948456, "acc": 0.8830388784408569, "length": 4.0, "mode": "test", "epoch": 11}
{"loss": 0.21722224354743958, "acc": 0.9174410700798035, "length": 3.996307611465454, "mode": "train", "epoch": 12}
{"loss": 0.3074904978275299, "acc": 0.8756183385848999, "length": 4.0, "mode": "test", "epoch": 12}
{"loss": 0.2031743824481964, "acc": 0.9224013090133667, "length": 3.9965641498565674, "mode": "train", "epoch": 13}
{"loss": 0.3239502012729645, "acc": 0.8757948875427246, "length": 4.0, "mode": "test", "epoch": 13}
{"loss": 0.1962975114583969, "acc": 0.9231814742088318, "length": 3.9972524642944336, "mode": "train", "epoch": 14}
{"loss": 0.31610432267189026, "acc": 0.8839221596717834, "length": 4.0, "mode": "test", "epoch": 14}
{"loss": 0.19876240193843842, "acc": 0.921454906463623, "length": 3.9986484050750732, "mode": "train", "epoch": 15}
{"loss": 0.2941255271434784, "acc": 0.8766784071922302, "length": 4.0, "mode": "test", "epoch": 15}
{"loss": 0.1964169591665268, "acc": 0.9237632155418396, "length": 3.9989309310913086, "mode": "train", "epoch": 16}
{"loss": 0.2983640730381012, "acc": 0.8924028277397156, "length": 4.0, "mode": "test", "epoch": 16}
{"loss": 0.18320921063423157, "acc": 0.9298449754714966, "length": 3.999117374420166, "mode": "train", "epoch": 17}
{"loss": 0.2606162130832672, "acc": 0.9019436240196228, "length": 4.0, "mode": "test", "epoch": 17}
{"loss": 0.17237527668476105, "acc": 0.9327993392944336, "length": 3.9991490840911865, "mode": "train", "epoch": 18}
{"loss": 0.2482251673936844, "acc": 0.9005299210548401, "length": 4.0, "mode": "test", "epoch": 18}
{"loss": 0.1697770357131958, "acc": 0.9296787977218628, "length": 3.9993999004364014, "mode": "train", "epoch": 19}
{"loss": 0.23636820912361145, "acc": 0.9157243371009827, "length": 4.0, "mode": "test", "epoch": 19}
{"loss": 0.16780182719230652, "acc": 0.9339778423309326, "length": 3.9991488456726074, "mode": "train", "epoch": 20}
{"loss": 0.25379568338394165, "acc": 0.9088339805603027, "length": 4.0, "mode": "test", "epoch": 20}
{"loss": 0.16031716763973236, "acc": 0.9396594762802124, "length": 3.999575138092041, "mode": "train", "epoch": 21}
{"loss": 0.23260442912578583, "acc": 0.9114840626716614, "length": 4.0, "mode": "test", "epoch": 21}
{"loss": 0.1558069884777069, "acc": 0.937714159488678, "length": 3.9995877742767334, "mode": "train", "epoch": 22}
{"loss": 0.23346103727817535, "acc": 0.9088339805603027, "length": 4.0, "mode": "test", "epoch": 22}
{"loss": 0.15379539132118225, "acc": 0.9430820941925049, "length": 3.99959135055542, "mode": "train", "epoch": 23}
{"loss": 0.260718435049057, "acc": 0.9065371751785278, "length": 4.0, "mode": "test", "epoch": 23}
{"loss": 0.1449252814054489, "acc": 0.9437299966812134, "length": 3.9995291233062744, "mode": "train", "epoch": 24}
{"loss": 0.20705346763134003, "acc": 0.9148409962654114, "length": 4.0, "mode": "test", "epoch": 24}
{"loss": 0.13124148547649384, "acc": 0.9499359130859375, "length": 3.9997501373291016, "mode": "train", "epoch": 25}
{"loss": 0.2665828764438629, "acc": 0.9166076183319092, "length": 4.0, "mode": "test", "epoch": 25}
{"loss": 0.1274285465478897, "acc": 0.9519829750061035, "length": 3.999077796936035, "mode": "train", "epoch": 26}
{"loss": 0.19840510189533234, "acc": 0.9282686114311218, "length": 4.0, "mode": "test", "epoch": 26}
{"loss": 0.12567797303199768, "acc": 0.950817346572876, "length": 3.999620199203491, "mode": "train", "epoch": 27}
{"loss": 0.16924087703227997, "acc": 0.9362192153930664, "length": 4.0, "mode": "test", "epoch": 27}
{"loss": 0.11737971007823944, "acc": 0.9571384787559509, "length": 3.999835729598999, "mode": "train", "epoch": 28}
{"loss": 0.17624816298484802, "acc": 0.9390458464622498, "length": 4.0, "mode": "test", "epoch": 28}
{"loss": 0.12026142328977585, "acc": 0.9535404443740845, "length": 3.999934673309326, "mode": "train", "epoch": 29}
{"loss": 0.17626844346523285, "acc": 0.9409893751144409, "length": 4.0, "mode": "test", "epoch": 29}
{"loss": 0.11564408242702484, "acc": 0.9561967849731445, "length": 3.999915838241577, "mode": "train", "epoch": 30}
{"loss": 0.23401321470737457, "acc": 0.9302120208740234, "length": 4.0, "mode": "test", "epoch": 30}
{"loss": 0.12387986481189728, "acc": 0.9521831274032593, "length": 3.9999520778656006, "mode": "train", "epoch": 31}
{"loss": 0.17909319698810577, "acc": 0.9372793436050415, "length": 4.0, "mode": "test", "epoch": 31}
{"loss": 0.11163044720888138, "acc": 0.9597389698028564, "length": 3.99993896484375, "mode": "train", "epoch": 32}
{"loss": 0.18059535324573517, "acc": 0.9355124831199646, "length": 4.0, "mode": "test", "epoch": 32}
{"loss": 0.10957304388284683, "acc": 0.9580857157707214, "length": 3.999940872192383, "mode": "train", "epoch": 33}
{"loss": 0.18935446441173553, "acc": 0.9372791647911072, "length": 4.0, "mode": "test", "epoch": 33}
{"loss": 0.10998699814081192, "acc": 0.960328996181488, "length": 3.9999308586120605, "mode": "train", "epoch": 34}
{"loss": 0.1486179232597351, "acc": 0.942049503326416, "length": 4.0, "mode": "test", "epoch": 34}
{"loss": 0.10221756249666214, "acc": 0.9627489447593689, "length": 3.9999265670776367, "mode": "train", "epoch": 35}
{"loss": 0.17669156193733215, "acc": 0.9376326203346252, "length": 4.0, "mode": "test", "epoch": 35}
{"loss": 0.09636521339416504, "acc": 0.966292142868042, "length": 3.999983549118042, "mode": "train", "epoch": 36}
{"loss": 0.1435859054327011, "acc": 0.953003466129303, "length": 4.0, "mode": "test", "epoch": 36}
{"loss": 0.09540600329637527, "acc": 0.9659380316734314, "length": 3.9999825954437256, "mode": "train", "epoch": 37}
{"loss": 0.17492476105690002, "acc": 0.9365723729133606, "length": 4.0, "mode": "test", "epoch": 37}
{"loss": 0.09463825076818466, "acc": 0.9654062390327454, "length": 3.999972343444824, "mode": "train", "epoch": 38}
{"loss": 0.18656492233276367, "acc": 0.9478798508644104, "length": 4.0, "mode": "test", "epoch": 38}
{"loss": 0.09557195007801056, "acc": 0.9666465520858765, "length": 3.9999892711639404, "mode": "train", "epoch": 39}
{"loss": 0.15698905289173126, "acc": 0.9510600566864014, "length": 4.0, "mode": "test", "epoch": 39}
{"loss": 0.08903644979000092, "acc": 0.9671775698661804, "length": 3.999983310699463, "mode": "train", "epoch": 40}
{"loss": 0.15166693925857544, "acc": 0.9492932558059692, "length": 4.0, "mode": "test", "epoch": 40}
{"loss": 0.0794551819562912, "acc": 0.9717135429382324, "length": 3.9995100498199463, "mode": "train", "epoch": 41}
{"loss": 0.16101732850074768, "acc": 0.9535334706306458, "length": 4.0, "mode": "test", "epoch": 41}
{"loss": 0.0932178869843483, "acc": 0.9659385085105896, "length": 3.999986171722412, "mode": "train", "epoch": 42}
{"loss": 0.17110152542591095, "acc": 0.9399292469024658, "length": 4.0, "mode": "test", "epoch": 42}
{"loss": 0.09157442301511765, "acc": 0.9682987332344055, "length": 3.999950885772705, "mode": "train", "epoch": 43}
{"loss": 0.17895694077014923, "acc": 0.9469964504241943, "length": 4.0, "mode": "test", "epoch": 43}
{"loss": 0.08669736981391907, "acc": 0.969244122505188, "length": 3.999990701675415, "mode": "train", "epoch": 44}
{"loss": 0.15591199696063995, "acc": 0.9501767754554749, "length": 4.0, "mode": "test", "epoch": 44}
{"loss": 0.08420547097921371, "acc": 0.9702461361885071, "length": 3.999950408935547, "mode": "train", "epoch": 45}
{"loss": 0.09982696920633316, "acc": 0.9641342759132385, "length": 4.0, "mode": "test", "epoch": 45}
{"loss": 0.0811055451631546, "acc": 0.9708372354507446, "length": 3.9999594688415527, "mode": "train", "epoch": 46}
{"loss": 0.16050679981708527, "acc": 0.9487632513046265, "length": 4.0, "mode": "test", "epoch": 46}
{"loss": 0.09327282756567001, "acc": 0.9685349464416504, "length": 3.999983787536621, "mode": "train", "epoch": 47}
{"loss": 0.15002864599227905, "acc": 0.9535337090492249, "length": 4.0, "mode": "test", "epoch": 47}
{"loss": 0.08317486196756363, "acc": 0.9715465307235718, "length": 3.999985694885254, "mode": "train", "epoch": 48}
{"loss": 0.139456644654274, "acc": 0.9575971961021423, "length": 4.0, "mode": "test", "epoch": 48}
{"loss": 0.08723529428243637, "acc": 0.9688312411308289, "length": 3.999999523162842, "mode": "train", "epoch": 49}
{"loss": 0.12897150218486786, "acc": 0.9561837911605835, "length": 4.0, "mode": "test", "epoch": 49}
{"loss": 0.0834025889635086, "acc": 0.9714285135269165, "length": 3.999999761581421, "mode": "train", "epoch": 50}
{"loss": 0.12523706257343292, "acc": 0.9547701478004456, "length": 4.0, "mode": "test", "epoch": 50}
{"loss": 0.07892140001058578, "acc": 0.9705430865287781, "length": 3.999997138977051, "mode": "train", "epoch": 51}
{"loss": 0.14497962594032288, "acc": 0.9584804773330688, "length": 4.0, "mode": "test", "epoch": 51}
{"loss": 0.08119949698448181, "acc": 0.9716055989265442, "length": 3.999998092651367, "mode": "train", "epoch": 52}
{"loss": 0.15328136086463928, "acc": 0.9508835077285767, "length": 4.0, "mode": "test", "epoch": 52}
{"loss": 0.0713982954621315, "acc": 0.9748520255088806, "length": 3.9999887943267822, "mode": "train", "epoch": 53}
{"loss": 0.1322801560163498, "acc": 0.9609540104866028, "length": 4.0, "mode": "test", "epoch": 53}
{"loss": 0.13544601202011108, "acc": 0.9579094052314758, "length": 3.9998326301574707, "mode": "train", "epoch": 54}
{"loss": 0.17524456977844238, "acc": 0.9445227980613708, "length": 4.0, "mode": "test", "epoch": 54}
{"loss": 0.11876039206981659, "acc": 0.9615086317062378, "length": 3.999891519546509, "mode": "train", "epoch": 55}
{"loss": 0.1767699122428894, "acc": 0.9464664459228516, "length": 4.0, "mode": "test", "epoch": 55}
{"loss": 0.09392285346984863, "acc": 0.9686961770057678, "length": 3.9976184368133545, "mode": "train", "epoch": 56}
{"loss": 0.16461966931819916, "acc": 0.949646532535553, "length": 4.0, "mode": "test", "epoch": 56}
{"loss": 0.10726700723171234, "acc": 0.9634248614311218, "length": 3.9982211589813232, "mode": "train", "epoch": 57}
{"loss": 0.1899958997964859, "acc": 0.9482330083847046, "length": 4.0, "mode": "test", "epoch": 57}
{"loss": 0.10839872062206268, "acc": 0.9596191048622131, "length": 3.9998838901519775, "mode": "train", "epoch": 58}
{"loss": 0.16786237061023712, "acc": 0.9443464875221252, "length": 4.0, "mode": "test", "epoch": 58}
{"loss": 0.10253489762544632, "acc": 0.9634588956832886, "length": 3.9999895095825195, "mode": "train", "epoch": 59}
{"loss": 0.1754521131515503, "acc": 0.9409893751144409, "length": 4.0, "mode": "test", "epoch": 59}
{"loss": 0.10191211104393005, "acc": 0.9658575057983398, "length": 3.999467611312866, "mode": "train", "epoch": 60}
{"loss": 0.16514499485492706, "acc": 0.9473498463630676, "length": 4.0, "mode": "test", "epoch": 60}
test accuracy: 0.865645170211792
