# ["--attributes=5", "--values=16", "--game_size=10", "--vocab_size_factor=3", "--n_epochs=60", "--batch_size=32", "--learning_rate=0.001", "--hidden_size=128", "--temp_update=0.99", "--temperature=1"]
Creating train_ds and val_ds...

Creating test_ds...
{"loss": 0.6984882950782776, "acc": 0.5052314400672913, "length": 3.1115334033966064, "mode": "train", "epoch": 1}
{"loss": 0.6842301487922668, "acc": 0.5534471273422241, "length": 1.2680412530899048, "mode": "test", "epoch": 1}
{"loss": 0.6282002925872803, "acc": 0.6483431458473206, "length": 2.3233859539031982, "mode": "train", "epoch": 2}
{"loss": 0.5744534134864807, "acc": 0.7042239308357239, "length": 2.553264617919922, "mode": "test", "epoch": 2}
{"loss": 0.515103816986084, "acc": 0.7480605840682983, "length": 2.6249196529388428, "mode": "train", "epoch": 3}
{"loss": 0.5170280337333679, "acc": 0.7786726951599121, "length": 2.2680411338806152, "mode": "test", "epoch": 3}
{"loss": 0.4803045392036438, "acc": 0.78180992603302, "length": 2.4707491397857666, "mode": "train", "epoch": 4}
{"loss": 0.501305878162384, "acc": 0.7778404355049133, "length": 2.2439863681793213, "mode": "test", "epoch": 4}
{"loss": 0.466584712266922, "acc": 0.7857562303543091, "length": 2.404954195022583, "mode": "train", "epoch": 5}
{"loss": 0.5000563263893127, "acc": 0.7795639634132385, "length": 2.247422695159912, "mode": "test", "epoch": 5}
{"loss": 0.45381513237953186, "acc": 0.7892900705337524, "length": 2.3450963497161865, "mode": "train", "epoch": 6}
{"loss": 0.491619735956192, "acc": 0.7827158570289612, "length": 2.178694248199463, "mode": "test", "epoch": 6}
{"loss": 0.4495527744293213, "acc": 0.7896227240562439, "length": 2.346010684967041, "mode": "train", "epoch": 7}
{"loss": 0.48558536171913147, "acc": 0.7830541133880615, "length": 2.0378007888793945, "mode": "test", "epoch": 7}
{"loss": 0.44555991888046265, "acc": 0.7888622283935547, "length": 2.289130926132202, "mode": "train", "epoch": 8}
{"loss": 0.49132949113845825, "acc": 0.7794960141181946, "length": 2.003436326980591, "mode": "test", "epoch": 8}
{"loss": 0.4489942491054535, "acc": 0.7908884882926941, "length": 2.2291316986083984, "mode": "train", "epoch": 9}
{"loss": 0.4859101474285126, "acc": 0.7860037088394165, "length": 1.9415807723999023, "mode": "test", "epoch": 9}
{"loss": 0.44187140464782715, "acc": 0.7908505797386169, "length": 2.2109251022338867, "mode": "train", "epoch": 10}
{"loss": 0.48919349908828735, "acc": 0.7801939845085144, "length": 2.024055004119873, "mode": "test", "epoch": 10}
{"loss": 0.4416341185569763, "acc": 0.791102409362793, "length": 2.2359931468963623, "mode": "train", "epoch": 11}
{"loss": 0.4796931743621826, "acc": 0.7854346036911011, "length": 1.951889991760254, "mode": "test", "epoch": 11}
{"loss": 0.4402863383293152, "acc": 0.7959277033805847, "length": 2.2198991775512695, "mode": "train", "epoch": 12}
{"loss": 0.47597476840019226, "acc": 0.7851554155349731, "length": 1.9793814420700073, "mode": "test", "epoch": 12}
{"loss": 0.436618834733963, "acc": 0.7915103435516357, "length": 2.2200098037719727, "mode": "train", "epoch": 13}
{"loss": 0.4852162003517151, "acc": 0.783995509147644, "length": 1.9106528759002686, "mode": "test", "epoch": 13}
{"loss": 0.4381960332393646, "acc": 0.7940630912780762, "length": 2.217026710510254, "mode": "train", "epoch": 14}
{"loss": 0.48872050642967224, "acc": 0.7849406599998474, "length": 2.030927896499634, "mode": "test", "epoch": 14}
{"loss": 0.4361315965652466, "acc": 0.793006420135498, "length": 2.225210189819336, "mode": "train", "epoch": 15}
{"loss": 0.4844328463077545, "acc": 0.7844251990318298, "length": 1.9965635538101196, "mode": "test", "epoch": 15}
{"loss": 0.4358380138874054, "acc": 0.7934584617614746, "length": 2.1799612045288086, "mode": "train", "epoch": 16}
{"loss": 0.4743731617927551, "acc": 0.7875339984893799, "length": 1.975944995880127, "mode": "test", "epoch": 16}
{"loss": 0.431428462266922, "acc": 0.7928432822227478, "length": 2.209033727645874, "mode": "train", "epoch": 17}
{"loss": 0.48967358469963074, "acc": 0.7849996089935303, "length": 1.9828178882598877, "mode": "test", "epoch": 17}
{"loss": 0.4318527281284332, "acc": 0.7945005893707275, "length": 2.264406442642212, "mode": "train", "epoch": 18}
{"loss": 0.47964411973953247, "acc": 0.7859823107719421, "length": 1.962199330329895, "mode": "test", "epoch": 18}
{"loss": 0.4329448938369751, "acc": 0.7965162396430969, "length": 2.5301501750946045, "mode": "train", "epoch": 19}
{"loss": 0.4612806737422943, "acc": 0.7819461822509766, "length": 2.8659794330596924, "mode": "test", "epoch": 19}
{"loss": 0.4033869206905365, "acc": 0.8018132448196411, "length": 2.902754306793213, "mode": "train", "epoch": 20}
{"loss": 0.4505322575569153, "acc": 0.790791392326355, "length": 3.1340205669403076, "mode": "test", "epoch": 20}
{"loss": 0.39301598072052, "acc": 0.8222566246986389, "length": 3.0053834915161133, "mode": "train", "epoch": 21}
{"loss": 0.44822293519973755, "acc": 0.8191580772399902, "length": 2.8384878635406494, "mode": "test", "epoch": 21}
{"loss": 0.36734336614608765, "acc": 0.8413847088813782, "length": 2.792738676071167, "mode": "train", "epoch": 22}
{"loss": 0.42473965883255005, "acc": 0.8341118693351746, "length": 2.5841925144195557, "mode": "test", "epoch": 22}
{"loss": 0.35902538895606995, "acc": 0.8435105681419373, "length": 2.810161590576172, "mode": "train", "epoch": 23}
{"loss": 0.4157102704048157, "acc": 0.8378973603248596, "length": 2.704467296600342, "mode": "test", "epoch": 23}
{"loss": 0.35728347301483154, "acc": 0.8485997915267944, "length": 2.738929033279419, "mode": "train", "epoch": 24}
{"loss": 0.40864333510398865, "acc": 0.8385739326477051, "length": 2.721649408340454, "mode": "test", "epoch": 24}
{"loss": 0.3557506501674652, "acc": 0.8467596173286438, "length": 2.897108316421509, "mode": "train", "epoch": 25}
{"loss": 0.39831310510635376, "acc": 0.840576708316803, "length": 2.7147765159606934, "mode": "test", "epoch": 25}
{"loss": 0.35953864455223083, "acc": 0.850560188293457, "length": 2.834205150604248, "mode": "train", "epoch": 26}
{"loss": 0.3881857395172119, "acc": 0.844829261302948, "length": 2.697594404220581, "mode": "test", "epoch": 26}
{"loss": 0.34378373622894287, "acc": 0.853002667427063, "length": 2.6852519512176514, "mode": "train", "epoch": 27}
{"loss": 0.372913658618927, "acc": 0.8507123589515686, "length": 2.597938060760498, "mode": "test", "epoch": 27}
{"loss": 0.3406146466732025, "acc": 0.8556064963340759, "length": 2.7144927978515625, "mode": "train", "epoch": 28}
{"loss": 0.3753875494003296, "acc": 0.8467568755149841, "length": 2.604810953140259, "mode": "test", "epoch": 28}
{"loss": 0.3446367383003235, "acc": 0.8554723858833313, "length": 2.6676254272460938, "mode": "train", "epoch": 29}
{"loss": 0.3785218894481659, "acc": 0.8504725694656372, "length": 2.429553270339966, "mode": "test", "epoch": 29}
{"loss": 0.34019699692726135, "acc": 0.8570482730865479, "length": 2.5629870891571045, "mode": "train", "epoch": 30}
{"loss": 0.3715739846229553, "acc": 0.8518936038017273, "length": 2.4123711585998535, "mode": "test", "epoch": 30}
{"loss": 0.3383699059486389, "acc": 0.8565183877944946, "length": 2.5498557090759277, "mode": "train", "epoch": 31}
{"loss": 0.3954560160636902, "acc": 0.8524646162986755, "length": 2.398625373840332, "mode": "test", "epoch": 31}
{"loss": 0.3342045843601227, "acc": 0.8561322093009949, "length": 2.5105557441711426, "mode": "train", "epoch": 32}
{"loss": 0.3673620820045471, "acc": 0.8538981676101685, "length": 2.295532703399658, "mode": "test", "epoch": 32}
{"loss": 0.33255064487457275, "acc": 0.8521091938018799, "length": 2.4291129112243652, "mode": "train", "epoch": 33}
{"loss": 0.36840853095054626, "acc": 0.8535706996917725, "length": 2.2405498027801514, "mode": "test", "epoch": 33}
{"loss": 0.32927486300468445, "acc": 0.8576463460922241, "length": 2.4509990215301514, "mode": "train", "epoch": 34}
{"loss": 0.36623820662498474, "acc": 0.8531142473220825, "length": 2.2130584716796875, "mode": "test", "epoch": 34}
{"loss": 0.3315601050853729, "acc": 0.8575562834739685, "length": 2.464784860610962, "mode": "train", "epoch": 35}
{"loss": 0.37129461765289307, "acc": 0.8523786067962646, "length": 2.271477699279785, "mode": "test", "epoch": 35}
{"loss": 0.3200521171092987, "acc": 0.8590039014816284, "length": 2.4592177867889404, "mode": "train", "epoch": 36}
{"loss": 0.36160504817962646, "acc": 0.851492702960968, "length": 2.1340205669403076, "mode": "test", "epoch": 36}
{"loss": 0.32180508971214294, "acc": 0.8589017987251282, "length": 2.419494867324829, "mode": "train", "epoch": 37}
{"loss": 0.37884604930877686, "acc": 0.8544941544532776, "length": 2.2336769104003906, "mode": "test", "epoch": 37}
{"loss": 0.3182176351547241, "acc": 0.8608258962631226, "length": 2.4389917850494385, "mode": "train", "epoch": 38}
{"loss": 0.37424561381340027, "acc": 0.8569587469100952, "length": 2.178694248199463, "mode": "test", "epoch": 38}
{"loss": 0.31613633036613464, "acc": 0.8615115880966187, "length": 2.4283957481384277, "mode": "train", "epoch": 39}
{"loss": 0.3715663552284241, "acc": 0.854472815990448, "length": 2.1890034675598145, "mode": "test", "epoch": 39}
{"loss": 0.3176952004432678, "acc": 0.860686719417572, "length": 2.42728853225708, "mode": "train", "epoch": 40}
{"loss": 0.36303630471229553, "acc": 0.8591817021369934, "length": 2.1683847904205322, "mode": "test", "epoch": 40}
{"loss": 0.32241982221603394, "acc": 0.8583472967147827, "length": 2.425166368484497, "mode": "train", "epoch": 41}
{"loss": 0.36995530128479004, "acc": 0.8594447374343872, "length": 2.1683847904205322, "mode": "test", "epoch": 41}
{"loss": 0.31575530767440796, "acc": 0.8610559701919556, "length": 2.407944679260254, "mode": "train", "epoch": 42}
{"loss": 0.3723527491092682, "acc": 0.8581401109695435, "length": 2.202749252319336, "mode": "test", "epoch": 42}
{"loss": 0.31137219071388245, "acc": 0.8628007173538208, "length": 2.405303716659546, "mode": "train", "epoch": 43}
{"loss": 0.3738289773464203, "acc": 0.8547090888023376, "length": 2.2302405834198, "mode": "test", "epoch": 43}
{"loss": 0.31872954964637756, "acc": 0.8611019849777222, "length": 2.422555685043335, "mode": "train", "epoch": 44}
{"loss": 0.3846226632595062, "acc": 0.8587629199028015, "length": 2.2405498027801514, "mode": "test", "epoch": 44}
{"loss": 0.3034815788269043, "acc": 0.8627975583076477, "length": 2.42080020904541, "mode": "train", "epoch": 45}
{"loss": 0.3787662386894226, "acc": 0.855369508266449, "length": 2.2371134757995605, "mode": "test", "epoch": 45}
{"loss": 0.310945987701416, "acc": 0.8627140522003174, "length": 2.4331777095794678, "mode": "train", "epoch": 46}
{"loss": 0.3840509355068207, "acc": 0.8544029593467712, "length": 2.123711347579956, "mode": "test", "epoch": 46}
{"loss": 0.3126424551010132, "acc": 0.863422691822052, "length": 2.4012715816497803, "mode": "train", "epoch": 47}
{"loss": 0.3869573771953583, "acc": 0.8560674786567688, "length": 2.195876359939575, "mode": "test", "epoch": 47}
{"loss": 0.31581664085388184, "acc": 0.8607779145240784, "length": 2.443352699279785, "mode": "train", "epoch": 48}
{"loss": 0.4018069803714752, "acc": 0.8501127362251282, "length": 2.2096219062805176, "mode": "test", "epoch": 48}
{"loss": 0.30618855357170105, "acc": 0.8642456531524658, "length": 2.475428581237793, "mode": "train", "epoch": 49}
{"loss": 0.3749467432498932, "acc": 0.860744297504425, "length": 2.326460599899292, "mode": "test", "epoch": 49}
{"loss": 0.3068407475948334, "acc": 0.8639348149299622, "length": 2.4355664253234863, "mode": "train", "epoch": 50}
{"loss": 0.37381866574287415, "acc": 0.8576675653457642, "length": 2.195876359939575, "mode": "test", "epoch": 50}
{"loss": 0.30804869532585144, "acc": 0.8630366921424866, "length": 2.440542697906494, "mode": "train", "epoch": 51}
{"loss": 0.3526899516582489, "acc": 0.8586877584457397, "length": 2.199312686920166, "mode": "test", "epoch": 51}
{"loss": 0.3034965991973877, "acc": 0.8630760908126831, "length": 2.4296200275421143, "mode": "train", "epoch": 52}
{"loss": 0.35415953397750854, "acc": 0.860706627368927, "length": 2.195876359939575, "mode": "test", "epoch": 52}
{"loss": 0.3037709593772888, "acc": 0.8642792105674744, "length": 2.4565725326538086, "mode": "train", "epoch": 53}
{"loss": 0.37143954634666443, "acc": 0.8569802045822144, "length": 2.274914026260376, "mode": "test", "epoch": 53}
{"loss": 0.3100476861000061, "acc": 0.8627666234970093, "length": 2.417644500732422, "mode": "train", "epoch": 54}
{"loss": 0.35131582617759705, "acc": 0.8626217842102051, "length": 2.2164947986602783, "mode": "test", "epoch": 54}
{"loss": 0.304905503988266, "acc": 0.8652125597000122, "length": 2.4511849880218506, "mode": "train", "epoch": 55}
{"loss": 0.3475942313671112, "acc": 0.8534418344497681, "length": 2.1924397945404053, "mode": "test", "epoch": 55}
{"loss": 0.311075896024704, "acc": 0.8640297055244446, "length": 2.469958543777466, "mode": "train", "epoch": 56}
{"loss": 0.36843129992485046, "acc": 0.8591440916061401, "length": 2.271477699279785, "mode": "test", "epoch": 56}
{"loss": 0.3060942590236664, "acc": 0.8644599318504333, "length": 2.460613250732422, "mode": "train", "epoch": 57}
{"loss": 0.36210280656814575, "acc": 0.853790819644928, "length": 2.278350591659546, "mode": "test", "epoch": 57}
{"loss": 0.3119235634803772, "acc": 0.86087566614151, "length": 2.422075033187866, "mode": "train", "epoch": 58}
{"loss": 0.3719188868999481, "acc": 0.851927638053894, "length": 2.278350591659546, "mode": "test", "epoch": 58}
{"loss": 0.31834760308265686, "acc": 0.8575384616851807, "length": 2.379049062728882, "mode": "train", "epoch": 59}
{"loss": 0.3745294213294983, "acc": 0.8593804240226746, "length": 2.144329786300659, "mode": "test", "epoch": 59}
{"loss": 0.3197697401046753, "acc": 0.8619807362556458, "length": 2.3420355319976807, "mode": "train", "epoch": 60}
{"loss": 0.3590255677700043, "acc": 0.8599388003349304, "length": 2.07560133934021, "mode": "test", "epoch": 60}
test accuracy: 0.8051283955574036
