# ["--attributes=5", "--values=16", "--game_size=10", "--vocab_size_factor=3", "--n_epochs=60", "--batch_size=32", "--learning_rate=0.001", "--hidden_size=128", "--temp_update=0.99", "--temperature=1.5"]
Creating train_ds and val_ds...

Creating test_ds...
{"loss": 0.6960009336471558, "acc": 0.5325301885604858, "length": 3.232499122619629, "mode": "train", "epoch": 1}
{"loss": 0.6931996941566467, "acc": 0.5028268694877625, "length": 1.0, "mode": "test", "epoch": 1}
{"loss": 0.651049017906189, "acc": 0.6362615823745728, "length": 3.1148362159729004, "mode": "train", "epoch": 2}
{"loss": 0.565213143825531, "acc": 0.7355123162269592, "length": 4.0, "mode": "test", "epoch": 2}
{"loss": 0.5189992785453796, "acc": 0.7553685903549194, "length": 3.9058096408843994, "mode": "train", "epoch": 3}
{"loss": 0.5260160565376282, "acc": 0.7637807726860046, "length": 4.0, "mode": "test", "epoch": 3}
{"loss": 0.46639883518218994, "acc": 0.7956086993217468, "length": 3.9431819915771484, "mode": "train", "epoch": 4}
{"loss": 0.4878101944923401, "acc": 0.7892225384712219, "length": 4.0, "mode": "test", "epoch": 4}
{"loss": 0.43718448281288147, "acc": 0.8030972480773926, "length": 3.9635045528411865, "mode": "train", "epoch": 5}
{"loss": 0.4920598268508911, "acc": 0.7955831289291382, "length": 4.0, "mode": "test", "epoch": 5}
{"loss": 0.3945300281047821, "acc": 0.8297777771949768, "length": 3.972036123275757, "mode": "train", "epoch": 6}
{"loss": 0.47836562991142273, "acc": 0.801413357257843, "length": 4.0, "mode": "test", "epoch": 6}
{"loss": 0.3466762602329254, "acc": 0.8553085327148438, "length": 3.9878907203674316, "mode": "train", "epoch": 7}
{"loss": 0.45711174607276917, "acc": 0.8132507801055908, "length": 4.0, "mode": "test", "epoch": 7}
{"loss": 0.3217615783214569, "acc": 0.8644895553588867, "length": 3.9931631088256836, "mode": "train", "epoch": 8}
{"loss": 0.41719871759414673, "acc": 0.8201414942741394, "length": 4.0, "mode": "test", "epoch": 8}
{"loss": 0.3055992126464844, "acc": 0.874262273311615, "length": 3.9934754371643066, "mode": "train", "epoch": 9}
{"loss": 0.3807178735733032, "acc": 0.8326854705810547, "length": 4.0, "mode": "test", "epoch": 9}
{"loss": 0.28445708751678467, "acc": 0.8828871250152588, "length": 3.9941365718841553, "mode": "train", "epoch": 10}
{"loss": 0.3810920715332031, "acc": 0.8477031588554382, "length": 4.0, "mode": "test", "epoch": 10}
{"loss": 0.26978278160095215, "acc": 0.8919063210487366, "length": 3.996100425720215, "mode": "train", "epoch": 11}
{"loss": 0.35733306407928467, "acc": 0.8579505681991577, "length": 4.0, "mode": "test", "epoch": 11}
{"loss": 0.2508715093135834, "acc": 0.899032711982727, "length": 3.995924949645996, "mode": "train", "epoch": 12}
{"loss": 0.3217189610004425, "acc": 0.8678446412086487, "length": 4.0, "mode": "test", "epoch": 12}
{"loss": 0.2349330484867096, "acc": 0.9054298996925354, "length": 3.997476816177368, "mode": "train", "epoch": 13}
{"loss": 0.30982398986816406, "acc": 0.8724381327629089, "length": 4.0, "mode": "test", "epoch": 13}
{"loss": 0.2218974083662033, "acc": 0.9140447974205017, "length": 3.9973411560058594, "mode": "train", "epoch": 14}
{"loss": 0.2950577735900879, "acc": 0.8833920955657959, "length": 4.0, "mode": "test", "epoch": 14}
{"loss": 0.20981158316135406, "acc": 0.9184790253639221, "length": 3.9981625080108643, "mode": "train", "epoch": 15}
{"loss": 0.2589428126811981, "acc": 0.9005301594734192, "length": 4.0, "mode": "test", "epoch": 15}
{"loss": 0.19581852853298187, "acc": 0.9229483604431152, "length": 3.996030330657959, "mode": "train", "epoch": 16}
{"loss": 0.24928072094917297, "acc": 0.901060163974762, "length": 4.0, "mode": "test", "epoch": 16}
{"loss": 0.2021830677986145, "acc": 0.9195016026496887, "length": 3.99875545501709, "mode": "train", "epoch": 17}
{"loss": 0.24572327733039856, "acc": 0.9095407128334045, "length": 4.0, "mode": "test", "epoch": 17}
{"loss": 0.17920424044132233, "acc": 0.9314794540405273, "length": 3.9987590312957764, "mode": "train", "epoch": 18}
{"loss": 0.21449051797389984, "acc": 0.9212013483047485, "length": 4.0, "mode": "test", "epoch": 18}
{"loss": 0.17433753609657288, "acc": 0.934736967086792, "length": 3.996387481689453, "mode": "train", "epoch": 19}
{"loss": 0.2220386415719986, "acc": 0.9190812706947327, "length": 4.0, "mode": "test", "epoch": 19}
{"loss": 0.164671391248703, "acc": 0.9378061890602112, "length": 3.9991512298583984, "mode": "train", "epoch": 20}
{"loss": 0.21032950282096863, "acc": 0.9238515496253967, "length": 4.0, "mode": "test", "epoch": 20}
{"loss": 0.1618620902299881, "acc": 0.9400215148925781, "length": 3.9987173080444336, "mode": "train", "epoch": 21}
{"loss": 0.21400892734527588, "acc": 0.9250881671905518, "length": 4.0, "mode": "test", "epoch": 21}
{"loss": 0.1585555225610733, "acc": 0.9445998668670654, "length": 3.9993669986724854, "mode": "train", "epoch": 22}
{"loss": 0.2044413685798645, "acc": 0.934452474117279, "length": 4.0, "mode": "test", "epoch": 22}
{"loss": 0.15452134609222412, "acc": 0.9414158463478088, "length": 3.999406337738037, "mode": "train", "epoch": 23}
{"loss": 0.1991272121667862, "acc": 0.9296821355819702, "length": 4.0, "mode": "test", "epoch": 23}
{"loss": 0.15075218677520752, "acc": 0.9443085789680481, "length": 3.999521255493164, "mode": "train", "epoch": 24}
{"loss": 0.23005567491054535, "acc": 0.9245584011077881, "length": 4.0, "mode": "test", "epoch": 24}
{"loss": 0.14280489087104797, "acc": 0.9464353919029236, "length": 3.9995157718658447, "mode": "train", "epoch": 25}
{"loss": 0.1955433338880539, "acc": 0.930212140083313, "length": 4.0, "mode": "test", "epoch": 25}
{"loss": 0.14113478362560272, "acc": 0.9469729065895081, "length": 3.999020576477051, "mode": "train", "epoch": 26}
{"loss": 0.20375187695026398, "acc": 0.9319788217544556, "length": 4.0, "mode": "test", "epoch": 26}
{"loss": 0.14863167703151703, "acc": 0.9450235366821289, "length": 3.999640941619873, "mode": "train", "epoch": 27}
{"loss": 0.175228551030159, "acc": 0.9371024966239929, "length": 4.0, "mode": "test", "epoch": 27}
{"loss": 0.13286037743091583, "acc": 0.9527556896209717, "length": 3.999645709991455, "mode": "train", "epoch": 28}
{"loss": 0.19260279834270477, "acc": 0.9383392930030823, "length": 4.0, "mode": "test", "epoch": 28}
{"loss": 0.12640312314033508, "acc": 0.9525238275527954, "length": 3.9996914863586426, "mode": "train", "epoch": 29}
{"loss": 0.17201264202594757, "acc": 0.9439927935600281, "length": 4.0, "mode": "test", "epoch": 29}
{"loss": 0.11921988427639008, "acc": 0.9544716477394104, "length": 3.999729633331299, "mode": "train", "epoch": 30}
{"loss": 0.1929459273815155, "acc": 0.9323319792747498, "length": 4.0, "mode": "test", "epoch": 30}
{"loss": 0.11857093125581741, "acc": 0.9605515003204346, "length": 3.9997265338897705, "mode": "train", "epoch": 31}
{"loss": 0.18583382666110992, "acc": 0.9404594302177429, "length": 4.0, "mode": "test", "epoch": 31}
{"loss": 0.1192636489868164, "acc": 0.9565315842628479, "length": 3.9996402263641357, "mode": "train", "epoch": 32}
{"loss": 0.20471331477165222, "acc": 0.937985897064209, "length": 4.0, "mode": "test", "epoch": 32}
{"loss": 0.11616639792919159, "acc": 0.956886887550354, "length": 3.999659299850464, "mode": "train", "epoch": 33}
{"loss": 0.1675301194190979, "acc": 0.9424027800559998, "length": 4.0, "mode": "test", "epoch": 33}
{"loss": 0.1284523606300354, "acc": 0.9554211497306824, "length": 3.999807834625244, "mode": "train", "epoch": 34}
{"loss": 0.17414994537830353, "acc": 0.9378090500831604, "length": 4.0, "mode": "test", "epoch": 34}
{"loss": 0.10740692913532257, "acc": 0.9597310423851013, "length": 3.9998223781585693, "mode": "train", "epoch": 35}
{"loss": 0.17139321565628052, "acc": 0.9424028992652893, "length": 4.0, "mode": "test", "epoch": 35}
{"loss": 0.09852399677038193, "acc": 0.9651525020599365, "length": 3.9996321201324463, "mode": "train", "epoch": 36}
{"loss": 0.15140460431575775, "acc": 0.9450529217720032, "length": 4.0, "mode": "test", "epoch": 36}
{"loss": 0.09966467320919037, "acc": 0.9619714021682739, "length": 3.999741554260254, "mode": "train", "epoch": 37}
{"loss": 0.1682010442018509, "acc": 0.9500000476837158, "length": 4.0, "mode": "test", "epoch": 37}
{"loss": 0.09146241843700409, "acc": 0.9675140976905823, "length": 3.9995791912078857, "mode": "train", "epoch": 38}
{"loss": 0.14093180000782013, "acc": 0.9533569812774658, "length": 4.0, "mode": "test", "epoch": 38}
{"loss": 0.08706191927194595, "acc": 0.966816246509552, "length": 3.999863386154175, "mode": "train", "epoch": 39}
{"loss": 0.1342603713274002, "acc": 0.953180193901062, "length": 4.0, "mode": "test", "epoch": 39}
{"loss": 0.08373335003852844, "acc": 0.9692904353141785, "length": 3.99981951713562, "mode": "train", "epoch": 40}
{"loss": 0.13730867207050323, "acc": 0.959540605545044, "length": 4.0, "mode": "test", "epoch": 40}
{"loss": 0.07900860905647278, "acc": 0.9717123508453369, "length": 3.9997894763946533, "mode": "train", "epoch": 41}
{"loss": 0.1365639865398407, "acc": 0.9561837911605835, "length": 4.0, "mode": "test", "epoch": 41}
{"loss": 0.07814257591962814, "acc": 0.9708890318870544, "length": 3.9998645782470703, "mode": "train", "epoch": 42}
{"loss": 0.14774398505687714, "acc": 0.9577738046646118, "length": 4.0, "mode": "test", "epoch": 42}
{"loss": 0.08613591641187668, "acc": 0.9685631990432739, "length": 3.998899221420288, "mode": "train", "epoch": 43}
{"loss": 0.18875832855701447, "acc": 0.945583164691925, "length": 4.0, "mode": "test", "epoch": 43}
{"loss": 0.08322867006063461, "acc": 0.9694131016731262, "length": 3.999873399734497, "mode": "train", "epoch": 44}
{"loss": 0.14828862249851227, "acc": 0.9563606977462769, "length": 4.0, "mode": "test", "epoch": 44}
{"loss": 0.07969173789024353, "acc": 0.9706527590751648, "length": 3.9998435974121094, "mode": "train", "epoch": 45}
{"loss": 0.14368803799152374, "acc": 0.9514132142066956, "length": 4.0, "mode": "test", "epoch": 45}
{"loss": 0.07628846913576126, "acc": 0.9702361226081848, "length": 3.9998250007629395, "mode": "train", "epoch": 46}
{"loss": 0.15213528275489807, "acc": 0.948056697845459, "length": 4.0, "mode": "test", "epoch": 46}
{"loss": 0.07250448316335678, "acc": 0.9724141955375671, "length": 3.9997804164886475, "mode": "train", "epoch": 47}
{"loss": 0.13250547647476196, "acc": 0.958303689956665, "length": 4.0, "mode": "test", "epoch": 47}
{"loss": 0.06404569000005722, "acc": 0.9773972630500793, "length": 3.9993622303009033, "mode": "train", "epoch": 48}
{"loss": 0.14138276875019073, "acc": 0.9583038091659546, "length": 4.0, "mode": "test", "epoch": 48}
{"loss": 0.058790162205696106, "acc": 0.9767351746559143, "length": 3.9999032020568848, "mode": "train", "epoch": 49}
{"loss": 0.12325456738471985, "acc": 0.9533569812774658, "length": 4.0, "mode": "test", "epoch": 49}
{"loss": 0.05814187973737717, "acc": 0.9798062443733215, "length": 3.9999241828918457, "mode": "train", "epoch": 50}
{"loss": 0.13707415759563446, "acc": 0.9651944041252136, "length": 4.0, "mode": "test", "epoch": 50}
{"loss": 0.05591258034110069, "acc": 0.9809806942939758, "length": 3.9998292922973633, "mode": "train", "epoch": 51}
{"loss": 0.1481284648180008, "acc": 0.9575972557067871, "length": 4.0, "mode": "test", "epoch": 51}
{"loss": 0.053726308047771454, "acc": 0.9796871542930603, "length": 3.9998726844787598, "mode": "train", "epoch": 52}
{"loss": 0.12411301583051682, "acc": 0.9577736854553223, "length": 4.0, "mode": "test", "epoch": 52}
{"loss": 0.05877506732940674, "acc": 0.9777384400367737, "length": 3.9998927116394043, "mode": "train", "epoch": 53}
{"loss": 0.138897106051445, "acc": 0.9526500701904297, "length": 4.0, "mode": "test", "epoch": 53}
{"loss": 0.06039798632264137, "acc": 0.9770295023918152, "length": 3.9998528957366943, "mode": "train", "epoch": 54}
{"loss": 0.14921361207962036, "acc": 0.9485867023468018, "length": 4.0, "mode": "test", "epoch": 54}
{"loss": 0.05290813371539116, "acc": 0.9812557697296143, "length": 3.999648094177246, "mode": "train", "epoch": 55}
{"loss": 0.15076328814029694, "acc": 0.959540605545044, "length": 4.0, "mode": "test", "epoch": 55}
{"loss": 0.056434694677591324, "acc": 0.9794521927833557, "length": 3.999927282333374, "mode": "train", "epoch": 56}
{"loss": 0.13800743222236633, "acc": 0.9609541296958923, "length": 4.0, "mode": "test", "epoch": 56}
{"loss": 0.05052020773291588, "acc": 0.9793248772621155, "length": 3.999790906906128, "mode": "train", "epoch": 57}
{"loss": 0.13872238993644714, "acc": 0.9584804773330688, "length": 4.0, "mode": "test", "epoch": 57}
{"loss": 0.042780034244060516, "acc": 0.9859457015991211, "length": 3.999941825866699, "mode": "train", "epoch": 58}
{"loss": 0.1440304070711136, "acc": 0.9621907472610474, "length": 4.0, "mode": "test", "epoch": 58}
{"loss": 0.04423677176237106, "acc": 0.9837652444839478, "length": 3.9999825954437256, "mode": "train", "epoch": 59}
{"loss": 0.12672938406467438, "acc": 0.9625441431999207, "length": 4.0, "mode": "test", "epoch": 59}
{"loss": 0.04324335232377052, "acc": 0.9849459528923035, "length": 3.9999873638153076, "mode": "train", "epoch": 60}
{"loss": 0.11537276208400726, "acc": 0.9655476808547974, "length": 4.0, "mode": "test", "epoch": 60}
test accuracy: 0.8090322613716125
