# ["--attributes=5", "--values=16", "--game_size=10", "--vocab_size_factor=3", "--n_epochs=60", "--batch_size=32", "--learning_rate=0.001", "--hidden_size=256", "--temp_update=0.97", "--temperature=1"]
Creating train_ds and val_ds...

Creating test_ds...
{"loss": 0.7009579539299011, "acc": 0.5272023677825928, "length": 1.722917079925537, "mode": "train", "epoch": 1}
{"loss": 0.6877648234367371, "acc": 0.543462872505188, "length": 1.0, "mode": "test", "epoch": 1}
{"loss": 0.69038987159729, "acc": 0.5396105051040649, "length": 1.0007481575012207, "mode": "train", "epoch": 2}
{"loss": 0.6894082427024841, "acc": 0.5431095361709595, "length": 1.0, "mode": "test", "epoch": 2}
{"loss": 0.6932589411735535, "acc": 0.5425505638122559, "length": 1.0003710985183716, "mode": "train", "epoch": 3}
{"loss": 0.6871010661125183, "acc": 0.5372791886329651, "length": 1.0, "mode": "test", "epoch": 3}
{"loss": 0.6901559233665466, "acc": 0.5345335602760315, "length": 1.000171184539795, "mode": "train", "epoch": 4}
{"loss": 0.6890014410018921, "acc": 0.5586572885513306, "length": 1.0, "mode": "test", "epoch": 4}
{"loss": 0.6927462220191956, "acc": 0.5406732559204102, "length": 1.0002245903015137, "mode": "train", "epoch": 5}
{"loss": 0.6910683512687683, "acc": 0.5339222550392151, "length": 1.0, "mode": "test", "epoch": 5}
{"loss": 0.6912077069282532, "acc": 0.5330580472946167, "length": 1.0000666379928589, "mode": "train", "epoch": 6}
{"loss": 0.6879040002822876, "acc": 0.5295052528381348, "length": 1.0, "mode": "test", "epoch": 6}
{"loss": 0.6918734908103943, "acc": 0.5416763424873352, "length": 1.0003150701522827, "mode": "train", "epoch": 7}
{"loss": 0.6893565654754639, "acc": 0.5355123281478882, "length": 1.0, "mode": "test", "epoch": 7}
{"loss": 0.6913703083992004, "acc": 0.5396695137023926, "length": 1.0000338554382324, "mode": "train", "epoch": 8}
{"loss": 0.6886138319969177, "acc": 0.5355123281478882, "length": 1.0, "mode": "test", "epoch": 8}
{"loss": 0.6901745200157166, "acc": 0.540023922920227, "length": 1.0000476837158203, "mode": "train", "epoch": 9}
{"loss": 0.6846125721931458, "acc": 0.5507067441940308, "length": 1.0, "mode": "test", "epoch": 9}
{"loss": 0.688103437423706, "acc": 0.5475205183029175, "length": 1.0000146627426147, "mode": "train", "epoch": 10}
{"loss": 0.6857444047927856, "acc": 0.5533568859100342, "length": 1.0, "mode": "test", "epoch": 10}
{"loss": 0.6916698813438416, "acc": 0.5403187870979309, "length": 1.0000303983688354, "mode": "train", "epoch": 11}
{"loss": 0.6840915679931641, "acc": 0.547703206539154, "length": 1.0, "mode": "test", "epoch": 11}
{"loss": 0.6887167692184448, "acc": 0.5412633419036865, "length": 1.0000168085098267, "mode": "train", "epoch": 12}
{"loss": 0.685225784778595, "acc": 0.5517666935920715, "length": 1.0, "mode": "test", "epoch": 12}
{"loss": 0.6885837912559509, "acc": 0.5417945981025696, "length": 1.0000109672546387, "mode": "train", "epoch": 13}
{"loss": 0.6842578053474426, "acc": 0.5583038330078125, "length": 1.0, "mode": "test", "epoch": 13}
{"loss": 0.6873317360877991, "acc": 0.5467531681060791, "length": 1.000010371208191, "mode": "train", "epoch": 14}
{"loss": 0.6848055124282837, "acc": 0.5489399433135986, "length": 1.0, "mode": "test", "epoch": 14}
{"loss": 0.6863721013069153, "acc": 0.546163022518158, "length": 1.0000392198562622, "mode": "train", "epoch": 15}
{"loss": 0.685948371887207, "acc": 0.5404593348503113, "length": 1.0, "mode": "test", "epoch": 15}
{"loss": 0.6888338327407837, "acc": 0.5413813591003418, "length": 1.0000028610229492, "mode": "train", "epoch": 16}
{"loss": 0.6843900680541992, "acc": 0.5501766800880432, "length": 1.0, "mode": "test", "epoch": 16}
{"loss": 0.687368631362915, "acc": 0.550413191318512, "length": 1.0000025033950806, "mode": "train", "epoch": 17}
{"loss": 0.6844730377197266, "acc": 0.5489399433135986, "length": 1.0, "mode": "test", "epoch": 17}
{"loss": 0.687172532081604, "acc": 0.5480520129203796, "length": 1.000003695487976, "mode": "train", "epoch": 18}
{"loss": 0.6840877532958984, "acc": 0.5630741715431213, "length": 1.0, "mode": "test", "epoch": 18}
{"loss": 0.687567412853241, "acc": 0.5407319664955139, "length": 1.0000044107437134, "mode": "train", "epoch": 19}
{"loss": 0.6844964623451233, "acc": 0.5583038330078125, "length": 1.0, "mode": "test", "epoch": 19}
{"loss": 0.6868017911911011, "acc": 0.5475797653198242, "length": 1.0000019073486328, "mode": "train", "epoch": 20}
{"loss": 0.6848018169403076, "acc": 0.5424028038978577, "length": 1.0, "mode": "test", "epoch": 20}
{"loss": 0.6879139542579651, "acc": 0.5436245203018188, "length": 1.0000009536743164, "mode": "train", "epoch": 21}
{"loss": 0.6868518590927124, "acc": 0.5404593348503113, "length": 1.0, "mode": "test", "epoch": 21}
{"loss": 0.6885100603103638, "acc": 0.5457497239112854, "length": 1.0000001192092896, "mode": "train", "epoch": 22}
{"loss": 0.6844675540924072, "acc": 0.5583038330078125, "length": 1.0, "mode": "test", "epoch": 22}
{"loss": 0.6873137354850769, "acc": 0.5435065031051636, "length": 1.0000004768371582, "mode": "train", "epoch": 23}
{"loss": 0.6843681335449219, "acc": 0.5537102222442627, "length": 1.0, "mode": "test", "epoch": 23}
{"loss": 0.6873695850372314, "acc": 0.5456316471099854, "length": 1.0000029802322388, "mode": "train", "epoch": 24}
{"loss": 0.6839814782142639, "acc": 0.5489399433135986, "length": 1.0, "mode": "test", "epoch": 24}
{"loss": 0.6868910193443298, "acc": 0.5474616289138794, "length": 1.0000207424163818, "mode": "train", "epoch": 25}
{"loss": 0.683235764503479, "acc": 0.5637809038162231, "length": 1.0, "mode": "test", "epoch": 25}
{"loss": 0.687362551689148, "acc": 0.539551317691803, "length": 1.0000017881393433, "mode": "train", "epoch": 26}
{"loss": 0.6860275268554688, "acc": 0.5583038330078125, "length": 1.0, "mode": "test", "epoch": 26}
{"loss": 0.6857985258102417, "acc": 0.544864296913147, "length": 1.0000014305114746, "mode": "train", "epoch": 27}
{"loss": 0.6834973692893982, "acc": 0.5630741715431213, "length": 1.0, "mode": "test", "epoch": 27}
{"loss": 0.6856186389923096, "acc": 0.5456907153129578, "length": 1.0000032186508179, "mode": "train", "epoch": 28}
{"loss": 0.6854773163795471, "acc": 0.5583038330078125, "length": 1.0, "mode": "test", "epoch": 28}
{"loss": 0.6862238645553589, "acc": 0.5524792671203613, "length": 1.0000004768371582, "mode": "train", "epoch": 29}
{"loss": 0.6840592622756958, "acc": 0.5471731424331665, "length": 1.0, "mode": "test", "epoch": 29}
{"loss": 0.6864312291145325, "acc": 0.5459858179092407, "length": 1.000000238418579, "mode": "train", "epoch": 30}
{"loss": 0.6836378574371338, "acc": 0.5630741715431213, "length": 1.0, "mode": "test", "epoch": 30}
{"loss": 0.6868777871131897, "acc": 0.5471665859222412, "length": 1.000019907951355, "mode": "train", "epoch": 31}
{"loss": 0.683509886264801, "acc": 0.5537102222442627, "length": 1.0, "mode": "test", "epoch": 31}
{"loss": 0.6867459416389465, "acc": 0.5475797057151794, "length": 1.0000125169754028, "mode": "train", "epoch": 32}
{"loss": 0.6830464601516724, "acc": 0.5630741715431213, "length": 1.0, "mode": "test", "epoch": 32}
{"loss": 0.6860609650611877, "acc": 0.5430932641029358, "length": 1.0000001192092896, "mode": "train", "epoch": 33}
{"loss": 0.6839433312416077, "acc": 0.5489399433135986, "length": 1.0, "mode": "test", "epoch": 33}
{"loss": 0.6871445178985596, "acc": 0.5472255349159241, "length": 1.0000015497207642, "mode": "train", "epoch": 34}
{"loss": 0.684220552444458, "acc": 0.5650176405906677, "length": 1.0, "mode": "test", "epoch": 34}
{"loss": 0.6859018802642822, "acc": 0.5585005879402161, "length": 1.0000008344650269, "mode": "train", "epoch": 35}
{"loss": 0.6837719082832336, "acc": 0.5537102222442627, "length": 1.0, "mode": "test", "epoch": 35}
{"loss": 0.6865074038505554, "acc": 0.5452183485031128, "length": 1.0, "mode": "train", "epoch": 36}
{"loss": 0.6846869587898254, "acc": 0.5471731424331665, "length": 1.0, "mode": "test", "epoch": 36}
{"loss": 0.686366856098175, "acc": 0.55141681432724, "length": 1.0000001192092896, "mode": "train", "epoch": 37}
{"loss": 0.6835526823997498, "acc": 0.5537102222442627, "length": 1.0, "mode": "test", "epoch": 37}
{"loss": 0.6859578490257263, "acc": 0.5474615693092346, "length": 1.0000020265579224, "mode": "train", "epoch": 38}
{"loss": 0.6826759576797485, "acc": 0.5583038330078125, "length": 1.0, "mode": "test", "epoch": 38}
{"loss": 0.6848959922790527, "acc": 0.5495867729187012, "length": 1.000000238418579, "mode": "train", "epoch": 39}
{"loss": 0.684169590473175, "acc": 0.5484098792076111, "length": 1.0, "mode": "test", "epoch": 39}
{"loss": 0.6859990358352661, "acc": 0.55141681432724, "length": 1.000000238418579, "mode": "train", "epoch": 40}
{"loss": 0.6826794743537903, "acc": 0.5590105652809143, "length": 1.0, "mode": "test", "epoch": 40}
{"loss": 0.6861951947212219, "acc": 0.5482290387153625, "length": 1.000000238418579, "mode": "train", "epoch": 41}
{"loss": 0.6825976967811584, "acc": 0.5537102222442627, "length": 1.0, "mode": "test", "epoch": 41}
{"loss": 0.6848702430725098, "acc": 0.5436835885047913, "length": 1.0000001192092896, "mode": "train", "epoch": 42}
{"loss": 0.6829098463058472, "acc": 0.5625442266464233, "length": 1.0, "mode": "test", "epoch": 42}
{"loss": 0.6855930089950562, "acc": 0.5495278239250183, "length": 1.0000009536743164, "mode": "train", "epoch": 43}
{"loss": 0.6824859976768494, "acc": 0.5561837553977966, "length": 1.0, "mode": "test", "epoch": 43}
{"loss": 0.6848505139350891, "acc": 0.544864296913147, "length": 1.0, "mode": "train", "epoch": 44}
{"loss": 0.6832025051116943, "acc": 0.5489399433135986, "length": 1.0, "mode": "test", "epoch": 44}
{"loss": 0.6851956248283386, "acc": 0.5482290983200073, "length": 1.0, "mode": "train", "epoch": 45}
{"loss": 0.6825208067893982, "acc": 0.5662544369697571, "length": 1.0, "mode": "test", "epoch": 45}
{"loss": 0.6843833327293396, "acc": 0.5524202585220337, "length": 1.0000001192092896, "mode": "train", "epoch": 46}
{"loss": 0.68294757604599, "acc": 0.5489399433135986, "length": 1.0, "mode": "test", "epoch": 46}
{"loss": 0.6849703192710876, "acc": 0.5472840070724487, "length": 1.0000218152999878, "mode": "train", "epoch": 47}
{"loss": 0.6832457780838013, "acc": 0.5563604235649109, "length": 1.0, "mode": "test", "epoch": 47}
{"loss": 0.6855179071426392, "acc": 0.5551943778991699, "length": 1.000024437904358, "mode": "train", "epoch": 48}
{"loss": 0.6824861764907837, "acc": 0.5537102222442627, "length": 1.0, "mode": "test", "epoch": 48}
{"loss": 0.683855414390564, "acc": 0.5533648729324341, "length": 1.0, "mode": "train", "epoch": 49}
{"loss": 0.6825843453407288, "acc": 0.550883412361145, "length": 1.0, "mode": "test", "epoch": 49}
{"loss": 0.6844754219055176, "acc": 0.552125096321106, "length": 1.0, "mode": "train", "epoch": 50}
{"loss": 0.6825166344642639, "acc": 0.5531801581382751, "length": 1.0, "mode": "test", "epoch": 50}
{"loss": 0.6837534308433533, "acc": 0.5499999523162842, "length": 1.0, "mode": "train", "epoch": 51}
{"loss": 0.6823290586471558, "acc": 0.5537102222442627, "length": 1.0, "mode": "test", "epoch": 51}
{"loss": 0.6851651072502136, "acc": 0.5513573884963989, "length": 1.0000056028366089, "mode": "train", "epoch": 52}
{"loss": 0.6818649768829346, "acc": 0.5544169545173645, "length": 1.0, "mode": "test", "epoch": 52}
{"loss": 0.6844303607940674, "acc": 0.5508854389190674, "length": 1.0000001192092896, "mode": "train", "epoch": 53}
{"loss": 0.6816166043281555, "acc": 0.5544169545173645, "length": 1.0, "mode": "test", "epoch": 53}
{"loss": 0.685467541217804, "acc": 0.5579692721366882, "length": 1.0000001192092896, "mode": "train", "epoch": 54}
{"loss": 0.6817818880081177, "acc": 0.5662544369697571, "length": 1.0, "mode": "test", "epoch": 54}
{"loss": 0.6854470372200012, "acc": 0.5481109619140625, "length": 1.0000009536743164, "mode": "train", "epoch": 55}
{"loss": 0.6826411485671997, "acc": 0.5556536912918091, "length": 1.0, "mode": "test", "epoch": 55}
{"loss": 0.6857094764709473, "acc": 0.5534238219261169, "length": 1.0000008344650269, "mode": "train", "epoch": 56}
{"loss": 0.6813891530036926, "acc": 0.5480565428733826, "length": 1.0, "mode": "test", "epoch": 56}
{"loss": 0.6839903593063354, "acc": 0.5454545021057129, "length": 1.0000001192092896, "mode": "train", "epoch": 57}
{"loss": 0.6831380724906921, "acc": 0.5484098792076111, "length": 1.0, "mode": "test", "epoch": 57}
{"loss": 0.6843486428260803, "acc": 0.5492916107177734, "length": 1.0000004768371582, "mode": "train", "epoch": 58}
{"loss": 0.6817805171012878, "acc": 0.5662544369697571, "length": 1.0, "mode": "test", "epoch": 58}
{"loss": 0.6850942969322205, "acc": 0.5501771569252014, "length": 1.0000005960464478, "mode": "train", "epoch": 59}
{"loss": 0.6823199391365051, "acc": 0.5568903684616089, "length": 1.0, "mode": "test", "epoch": 59}
{"loss": 0.6848055124282837, "acc": 0.5553128123283386, "length": 1.0000005960464478, "mode": "train", "epoch": 60}
{"loss": 0.6816700100898743, "acc": 0.5537102222442627, "length": 1.0, "mode": "test", "epoch": 60}
test accuracy: 0.3037096858024597
