# ["--attributes=5", "--values=16", "--game_size=10", "--vocab_size_factor=3", "--n_epochs=60", "--batch_size=32", "--learning_rate=0.001", "--hidden_size=256", "--temp_update=0.97", "--temperature=1.5"]
Creating train_ds and val_ds...

Creating test_ds...
{"loss": 0.7053062915802002, "acc": 0.5140628814697266, "length": 1.970397710800171, "mode": "train", "epoch": 1}
{"loss": 0.7040979862213135, "acc": 0.5286926627159119, "length": 1.0215827226638794, "mode": "test", "epoch": 1}
{"loss": 0.6110897660255432, "acc": 0.660100519657135, "length": 2.1461005210876465, "mode": "train", "epoch": 2}
{"loss": 0.5988544821739197, "acc": 0.7089508771896362, "length": 2.2302157878875732, "mode": "test", "epoch": 2}
{"loss": 0.5591681003570557, "acc": 0.7189951539039612, "length": 2.357680559158325, "mode": "train", "epoch": 3}
{"loss": 0.5802643299102783, "acc": 0.6993122100830078, "length": 2.456834554672241, "mode": "test", "epoch": 3}
{"loss": 0.5066264271736145, "acc": 0.7712212800979614, "length": 2.7875399589538574, "mode": "train", "epoch": 4}
{"loss": 0.48338234424591064, "acc": 0.8082866072654724, "length": 3.179856061935425, "mode": "test", "epoch": 4}
{"loss": 0.4204667806625366, "acc": 0.8215839862823486, "length": 3.166537046432495, "mode": "train", "epoch": 5}
{"loss": 0.42378076910972595, "acc": 0.829128086566925, "length": 3.2122302055358887, "mode": "test", "epoch": 5}
{"loss": 0.3800305128097534, "acc": 0.8420768976211548, "length": 3.1790316104888916, "mode": "train", "epoch": 6}
{"loss": 0.38868099451065063, "acc": 0.846415638923645, "length": 3.2014389038085938, "mode": "test", "epoch": 6}
{"loss": 0.3515460789203644, "acc": 0.8562291860580444, "length": 3.2308425903320312, "mode": "train", "epoch": 7}
{"loss": 0.38725799322128296, "acc": 0.8441900014877319, "length": 3.16906476020813, "mode": "test", "epoch": 7}
{"loss": 0.32664400339126587, "acc": 0.8593214750289917, "length": 3.184722423553467, "mode": "train", "epoch": 8}
{"loss": 0.33643192052841187, "acc": 0.8606902360916138, "length": 3.2446043491363525, "mode": "test", "epoch": 8}
{"loss": 0.30059847235679626, "acc": 0.8780603408813477, "length": 3.2034077644348145, "mode": "train", "epoch": 9}
{"loss": 0.32709047198295593, "acc": 0.8752406239509583, "length": 3.1906473636627197, "mode": "test", "epoch": 9}
{"loss": 0.27980610728263855, "acc": 0.8860854506492615, "length": 3.2231805324554443, "mode": "train", "epoch": 10}
{"loss": 0.31076088547706604, "acc": 0.8780238032341003, "length": 3.16906476020813, "mode": "test", "epoch": 10}
{"loss": 0.2778027653694153, "acc": 0.8863966464996338, "length": 3.21604061126709, "mode": "train", "epoch": 11}
{"loss": 0.3190711438655853, "acc": 0.8770054578781128, "length": 3.2877697944641113, "mode": "test", "epoch": 11}
{"loss": 0.2729053199291229, "acc": 0.8914902210235596, "length": 3.214113712310791, "mode": "train", "epoch": 12}
{"loss": 0.32219013571739197, "acc": 0.8811661005020142, "length": 3.136690616607666, "mode": "test", "epoch": 12}
{"loss": 0.2574351131916046, "acc": 0.9000829458236694, "length": 3.258876323699951, "mode": "train", "epoch": 13}
{"loss": 0.3075564205646515, "acc": 0.8753980398178101, "length": 3.4280576705932617, "mode": "test", "epoch": 13}
{"loss": 0.25291600823402405, "acc": 0.8995927572250366, "length": 3.2421469688415527, "mode": "train", "epoch": 14}
{"loss": 0.29686519503593445, "acc": 0.8811355829238892, "length": 3.179856061935425, "mode": "test", "epoch": 14}
{"loss": 0.2392127364873886, "acc": 0.9059178829193115, "length": 3.2794582843780518, "mode": "train", "epoch": 15}
{"loss": 0.2887502908706665, "acc": 0.893140971660614, "length": 3.16906476020813, "mode": "test", "epoch": 15}
{"loss": 0.22609101235866547, "acc": 0.9099002480506897, "length": 3.2606914043426514, "mode": "train", "epoch": 16}
{"loss": 0.25541824102401733, "acc": 0.9034826755523682, "length": 3.3093526363372803, "mode": "test", "epoch": 16}
{"loss": 0.22450833022594452, "acc": 0.9119664430618286, "length": 3.295736074447632, "mode": "train", "epoch": 17}
{"loss": 0.2575620710849762, "acc": 0.9127810001373291, "length": 3.2985610961914062, "mode": "test", "epoch": 17}
{"loss": 0.21257606148719788, "acc": 0.9183253049850464, "length": 3.314211845397949, "mode": "train", "epoch": 18}
{"loss": 0.2537330389022827, "acc": 0.9097096920013428, "length": 3.395683526992798, "mode": "test", "epoch": 18}
{"loss": 0.20604021847248077, "acc": 0.9177636504173279, "length": 3.3433709144592285, "mode": "train", "epoch": 19}
{"loss": 0.23566153645515442, "acc": 0.90806645154953, "length": 3.2985610961914062, "mode": "test", "epoch": 19}
{"loss": 0.18621745705604553, "acc": 0.9278161525726318, "length": 3.3552205562591553, "mode": "train", "epoch": 20}
{"loss": 0.2317291647195816, "acc": 0.9191684722900391, "length": 3.4496402740478516, "mode": "test", "epoch": 20}
{"loss": 0.18726681172847748, "acc": 0.9256877303123474, "length": 3.363816976547241, "mode": "train", "epoch": 21}
{"loss": 0.2453022301197052, "acc": 0.9184255003929138, "length": 3.2661869525909424, "mode": "test", "epoch": 21}
{"loss": 0.17474468052387238, "acc": 0.932830810546875, "length": 3.3437535762786865, "mode": "train", "epoch": 22}
{"loss": 0.21267443895339966, "acc": 0.9208765029907227, "length": 3.4604315757751465, "mode": "test", "epoch": 22}
{"loss": 0.16874518990516663, "acc": 0.9364843368530273, "length": 3.406733274459839, "mode": "train", "epoch": 23}
{"loss": 0.19637088477611542, "acc": 0.9301979541778564, "length": 3.4064748287200928, "mode": "test", "epoch": 23}
{"loss": 0.16596031188964844, "acc": 0.9355681538581848, "length": 3.395110607147217, "mode": "train", "epoch": 24}
{"loss": 0.22776174545288086, "acc": 0.9011731743812561, "length": 3.352518081665039, "mode": "test", "epoch": 24}
{"loss": 0.16117101907730103, "acc": 0.9378435611724854, "length": 3.350860118865967, "mode": "train", "epoch": 25}
{"loss": 0.20664800703525543, "acc": 0.9224295616149902, "length": 3.374100685119629, "mode": "test", "epoch": 25}
{"loss": 0.14397770166397095, "acc": 0.9465125203132629, "length": 3.3814432621002197, "mode": "train", "epoch": 26}
{"loss": 0.19602414965629578, "acc": 0.9281142950057983, "length": 3.4172661304473877, "mode": "test", "epoch": 26}
{"loss": 0.14079174399375916, "acc": 0.9461926221847534, "length": 3.418968677520752, "mode": "train", "epoch": 27}
{"loss": 0.1679150015115738, "acc": 0.9373978972434998, "length": 3.4388489723205566, "mode": "test", "epoch": 27}
{"loss": 0.14149312674999237, "acc": 0.9465472102165222, "length": 3.424060821533203, "mode": "train", "epoch": 28}
{"loss": 0.17955036461353302, "acc": 0.9361608624458313, "length": 3.384891986846924, "mode": "test", "epoch": 28}
{"loss": 0.13139106333255768, "acc": 0.9502238631248474, "length": 3.4075582027435303, "mode": "train", "epoch": 29}
{"loss": 0.20644502341747284, "acc": 0.9289189577102661, "length": 3.4280576705932617, "mode": "test", "epoch": 29}
{"loss": 0.14569664001464844, "acc": 0.9449374675750732, "length": 3.454742908477783, "mode": "train", "epoch": 30}
{"loss": 0.20136207342147827, "acc": 0.9244988560676575, "length": 3.4280576705932617, "mode": "test", "epoch": 30}
{"loss": 0.1291412115097046, "acc": 0.9510568976402283, "length": 3.5019068717956543, "mode": "train", "epoch": 31}
{"loss": 0.19214928150177002, "acc": 0.9346529841423035, "length": 3.4928057193756104, "mode": "test", "epoch": 31}
{"loss": 0.1299692690372467, "acc": 0.9515461325645447, "length": 3.4107861518859863, "mode": "train", "epoch": 32}
{"loss": 0.148559108376503, "acc": 0.9490031599998474, "length": 3.4496402740478516, "mode": "test", "epoch": 32}
{"loss": 0.11178229749202728, "acc": 0.9584578275680542, "length": 3.4769747257232666, "mode": "train", "epoch": 33}
{"loss": 0.17315268516540527, "acc": 0.9439972639083862, "length": 3.4496402740478516, "mode": "test", "epoch": 33}
{"loss": 0.1092086210846901, "acc": 0.9602591395378113, "length": 3.47898530960083, "mode": "train", "epoch": 34}
{"loss": 0.15451045334339142, "acc": 0.950273334980011, "length": 3.5035970211029053, "mode": "test", "epoch": 34}
{"loss": 0.09759221225976944, "acc": 0.9658308029174805, "length": 3.5173096656799316, "mode": "train", "epoch": 35}
{"loss": 0.16877120733261108, "acc": 0.9443999528884888, "length": 3.546762704849243, "mode": "test", "epoch": 35}
{"loss": 0.10626301169395447, "acc": 0.9611844420433044, "length": 3.543351411819458, "mode": "train", "epoch": 36}
{"loss": 0.18357810378074646, "acc": 0.9440805912017822, "length": 3.4496402740478516, "mode": "test", "epoch": 36}
{"loss": 0.14669698476791382, "acc": 0.9538425207138062, "length": 3.5168001651763916, "mode": "train", "epoch": 37}
{"loss": 0.14707264304161072, "acc": 0.9488739371299744, "length": 3.5143885612487793, "mode": "test", "epoch": 37}
{"loss": 0.10454203188419342, "acc": 0.9625377058982849, "length": 3.5664308071136475, "mode": "train", "epoch": 38}
{"loss": 0.13608558475971222, "acc": 0.9507182836532593, "length": 3.5035970211029053, "mode": "test", "epoch": 38}
{"loss": 0.08726443350315094, "acc": 0.9696121215820312, "length": 3.594703197479248, "mode": "train", "epoch": 39}
{"loss": 0.13625724613666534, "acc": 0.9535349011421204, "length": 3.611510753631592, "mode": "test", "epoch": 39}
{"loss": 0.08233150094747543, "acc": 0.9723275899887085, "length": 3.643507957458496, "mode": "train", "epoch": 40}
{"loss": 0.13219556212425232, "acc": 0.9604077339172363, "length": 3.525179862976074, "mode": "test", "epoch": 40}
{"loss": 0.08699248731136322, "acc": 0.9717651605606079, "length": 3.5955047607421875, "mode": "train", "epoch": 41}
{"loss": 0.1454816460609436, "acc": 0.9531776905059814, "length": 3.5143885612487793, "mode": "test", "epoch": 41}
{"loss": 0.07759414613246918, "acc": 0.9714187383651733, "length": 3.5739352703094482, "mode": "train", "epoch": 42}
{"loss": 0.1121746301651001, "acc": 0.9624958634376526, "length": 3.525179862976074, "mode": "test", "epoch": 42}
{"loss": 0.07205959409475327, "acc": 0.9747852683067322, "length": 3.610473155975342, "mode": "train", "epoch": 43}
{"loss": 0.11394760757684708, "acc": 0.9625996351242065, "length": 3.579136610031128, "mode": "test", "epoch": 43}
{"loss": 0.07939901947975159, "acc": 0.9734716415405273, "length": 3.6661295890808105, "mode": "train", "epoch": 44}
{"loss": 0.12932832539081573, "acc": 0.9561416506767273, "length": 3.6870503425598145, "mode": "test", "epoch": 44}
{"loss": 0.10395801812410355, "acc": 0.9647283554077148, "length": 3.6456427574157715, "mode": "train", "epoch": 45}
{"loss": 0.1378576159477234, "acc": 0.9542879462242126, "length": 3.557554006576538, "mode": "test", "epoch": 45}
{"loss": 0.07958538830280304, "acc": 0.9704864025115967, "length": 3.6395671367645264, "mode": "train", "epoch": 46}
{"loss": 0.13012464344501495, "acc": 0.9596441388130188, "length": 3.579136610031128, "mode": "test", "epoch": 46}
{"loss": 0.07343555241823196, "acc": 0.9751185178756714, "length": 3.6381616592407227, "mode": "train", "epoch": 47}
{"loss": 0.1100136935710907, "acc": 0.9667398929595947, "length": 3.5971221923828125, "mode": "test", "epoch": 47}
{"loss": 0.06096877157688141, "acc": 0.9773626327514648, "length": 3.656355619430542, "mode": "train", "epoch": 48}
{"loss": 0.13228698074817657, "acc": 0.9595437049865723, "length": 3.611510753631592, "mode": "test", "epoch": 48}
{"loss": 0.061658479273319244, "acc": 0.9786450266838074, "length": 3.644700527191162, "mode": "train", "epoch": 49}
{"loss": 0.11473362892866135, "acc": 0.9669319987297058, "length": 3.568345308303833, "mode": "test", "epoch": 49}
{"loss": 0.06517664343118668, "acc": 0.9781602025032043, "length": 3.6354050636291504, "mode": "train", "epoch": 50}
{"loss": 0.12100239843130112, "acc": 0.9630728363990784, "length": 3.557554006576538, "mode": "test", "epoch": 50}
{"loss": 0.07560227066278458, "acc": 0.9758886098861694, "length": 3.6474413871765137, "mode": "train", "epoch": 51}
{"loss": 0.1572592705488205, "acc": 0.9574288725852966, "length": 3.6546761989593506, "mode": "test", "epoch": 51}
{"loss": 0.06563680619001389, "acc": 0.9767366647720337, "length": 3.6485812664031982, "mode": "train", "epoch": 52}
{"loss": 0.10164382308721542, "acc": 0.9690893292427063, "length": 3.589928150177002, "mode": "test", "epoch": 52}
{"loss": 0.05065025016665459, "acc": 0.9825487732887268, "length": 3.6449155807495117, "mode": "train", "epoch": 53}
{"loss": 0.09194715321063995, "acc": 0.9715602397918701, "length": 3.579136610031128, "mode": "test", "epoch": 53}
{"loss": 0.04070945084095001, "acc": 0.9854540228843689, "length": 3.6473448276519775, "mode": "train", "epoch": 54}
{"loss": 0.1077699065208435, "acc": 0.969840407371521, "length": 3.579136610031128, "mode": "test", "epoch": 54}
{"loss": 0.043577227741479874, "acc": 0.9841066002845764, "length": 3.6489994525909424, "mode": "train", "epoch": 55}
{"loss": 0.09409835934638977, "acc": 0.9717656373977661, "length": 3.611510753631592, "mode": "test", "epoch": 55}
{"loss": 0.051307324320077896, "acc": 0.9824656248092651, "length": 3.6628260612487793, "mode": "train", "epoch": 56}
{"loss": 0.1355997920036316, "acc": 0.960869550704956, "length": 3.6223020553588867, "mode": "test", "epoch": 56}
{"loss": 0.05202987790107727, "acc": 0.9817209243774414, "length": 3.6643879413604736, "mode": "train", "epoch": 57}
{"loss": 0.10213804990053177, "acc": 0.9726951122283936, "length": 3.600719451904297, "mode": "test", "epoch": 57}
{"loss": 0.05039526894688606, "acc": 0.9823986291885376, "length": 3.648613452911377, "mode": "train", "epoch": 58}
{"loss": 0.14354631304740906, "acc": 0.9645141959190369, "length": 3.600719451904297, "mode": "test", "epoch": 58}
{"loss": 0.06616663932800293, "acc": 0.9782763719558716, "length": 3.652773380279541, "mode": "train", "epoch": 59}
{"loss": 0.09541896730661392, "acc": 0.970305860042572, "length": 3.579136610031128, "mode": "test", "epoch": 59}
{"loss": 0.05216682702302933, "acc": 0.9812416434288025, "length": 3.6429977416992188, "mode": "train", "epoch": 60}
{"loss": 0.09856201708316803, "acc": 0.9705072045326233, "length": 3.579136610031128, "mode": "test", "epoch": 60}
test accuracy: 0.8940719366073608
