# ["--attributes=5", "--values=16", "--game_size=10", "--vocab_size_factor=3", "--n_epochs=60", "--batch_size=32", "--learning_rate=0.001", "--hidden_size=256", "--temp_update=0.99", "--temperature=1"]
Creating train_ds and val_ds...

Creating test_ds...
{"loss": 0.7023254036903381, "acc": 0.5093362927436829, "length": 1.6637635231018066, "mode": "train", "epoch": 1}
{"loss": 0.7032877802848816, "acc": 0.4807560443878174, "length": 1.0, "mode": "test", "epoch": 1}
{"loss": 0.6945070624351501, "acc": 0.5228838920593262, "length": 1.0006240606307983, "mode": "train", "epoch": 2}
{"loss": 0.6973287463188171, "acc": 0.49862539768218994, "length": 1.0, "mode": "test", "epoch": 2}
{"loss": 0.6967130899429321, "acc": 0.5211726427078247, "length": 1.0001987218856812, "mode": "train", "epoch": 3}
{"loss": 0.7044535875320435, "acc": 0.48350512981414795, "length": 1.0, "mode": "test", "epoch": 3}
{"loss": 0.6933724880218506, "acc": 0.5198495388031006, "length": 1.0001246929168701, "mode": "train", "epoch": 4}
{"loss": 0.7102447748184204, "acc": 0.4852234125137329, "length": 1.0, "mode": "test", "epoch": 4}
{"loss": 0.694807767868042, "acc": 0.5303221344947815, "length": 1.0004526376724243, "mode": "train", "epoch": 5}
{"loss": 0.6938073635101318, "acc": 0.505326509475708, "length": 1.0, "mode": "test", "epoch": 5}
{"loss": 0.6949701905250549, "acc": 0.5317032337188721, "length": 1.0000334978103638, "mode": "train", "epoch": 6}
{"loss": 0.6926702857017517, "acc": 0.5094501972198486, "length": 1.0, "mode": "test", "epoch": 6}
{"loss": 0.6956607103347778, "acc": 0.5278480648994446, "length": 1.0000227689743042, "mode": "train", "epoch": 7}
{"loss": 0.6911776661872864, "acc": 0.5214776396751404, "length": 1.0, "mode": "test", "epoch": 7}
{"loss": 0.6918123960494995, "acc": 0.5363059639930725, "length": 1.0000182390213013, "mode": "train", "epoch": 8}
{"loss": 0.7157637476921082, "acc": 0.48883166909217834, "length": 1.0, "mode": "test", "epoch": 8}
{"loss": 0.692710280418396, "acc": 0.5368238687515259, "length": 1.0000159740447998, "mode": "train", "epoch": 9}
{"loss": 0.690769374370575, "acc": 0.5125429630279541, "length": 1.0, "mode": "test", "epoch": 9}
{"loss": 0.6921277642250061, "acc": 0.520138144493103, "length": 1.0000165700912476, "mode": "train", "epoch": 10}
{"loss": 0.7009524703025818, "acc": 0.49518898129463196, "length": 1.0, "mode": "test", "epoch": 10}
{"loss": 0.6931127309799194, "acc": 0.51582270860672, "length": 1.000011682510376, "mode": "train", "epoch": 11}
{"loss": 0.6970053911209106, "acc": 0.4926116466522217, "length": 1.0, "mode": "test", "epoch": 11}
{"loss": 0.6895953416824341, "acc": 0.5220943689346313, "length": 1.000009298324585, "mode": "train", "epoch": 12}
{"loss": 0.7010444402694702, "acc": 0.4903779923915863, "length": 1.0, "mode": "test", "epoch": 12}
{"loss": 0.6929994225502014, "acc": 0.5266398191452026, "length": 1.0000073909759521, "mode": "train", "epoch": 13}
{"loss": 0.6903223395347595, "acc": 0.5278350710868835, "length": 1.0, "mode": "test", "epoch": 13}
{"loss": 0.6917698979377747, "acc": 0.5273302793502808, "length": 1.000009536743164, "mode": "train", "epoch": 14}
{"loss": 0.699695885181427, "acc": 0.49604809284210205, "length": 1.0, "mode": "test", "epoch": 14}
{"loss": 0.690993070602417, "acc": 0.5242229700088501, "length": 1.00002121925354, "mode": "train", "epoch": 15}
{"loss": 0.7011271119117737, "acc": 0.4903779923915863, "length": 1.0, "mode": "test", "epoch": 15}
{"loss": 0.6919242739677429, "acc": 0.529804527759552, "length": 1.0000213384628296, "mode": "train", "epoch": 16}
{"loss": 0.6984969973564148, "acc": 0.5025773048400879, "length": 1.0, "mode": "test", "epoch": 16}
{"loss": 0.6917193531990051, "acc": 0.5277330279350281, "length": 1.0000073909759521, "mode": "train", "epoch": 17}
{"loss": 0.6955267190933228, "acc": 0.5003436207771301, "length": 1.0, "mode": "test", "epoch": 17}
{"loss": 0.6905601620674133, "acc": 0.5348100662231445, "length": 1.0000064373016357, "mode": "train", "epoch": 18}
{"loss": 0.6928107142448425, "acc": 0.511512041091919, "length": 1.0, "mode": "test", "epoch": 18}
{"loss": 0.689590334892273, "acc": 0.5181242823600769, "length": 1.0000064373016357, "mode": "train", "epoch": 19}
{"loss": 0.7022207975387573, "acc": 0.5025773048400879, "length": 1.0, "mode": "test", "epoch": 19}
{"loss": 0.6895110607147217, "acc": 0.529977023601532, "length": 1.0000070333480835, "mode": "train", "epoch": 20}
{"loss": 0.6978957653045654, "acc": 0.486082524061203, "length": 1.0, "mode": "test", "epoch": 20}
{"loss": 0.6900294423103333, "acc": 0.5280782580375671, "length": 1.0000097751617432, "mode": "train", "epoch": 21}
{"loss": 0.6943447589874268, "acc": 0.5116838216781616, "length": 1.0, "mode": "test", "epoch": 21}
{"loss": 0.6880112886428833, "acc": 0.5331991314888, "length": 1.0000032186508179, "mode": "train", "epoch": 22}
{"loss": 0.6941620111465454, "acc": 0.5012027025222778, "length": 1.0, "mode": "test", "epoch": 22}
{"loss": 0.6859317421913147, "acc": 0.5297467708587646, "length": 1.0000067949295044, "mode": "train", "epoch": 23}
{"loss": 0.6985684037208557, "acc": 0.49295535683631897, "length": 1.0, "mode": "test", "epoch": 23}
{"loss": 0.6888580918312073, "acc": 0.5419448018074036, "length": 1.0000050067901611, "mode": "train", "epoch": 24}
{"loss": 0.6929044127464294, "acc": 0.5079038143157959, "length": 1.0, "mode": "test", "epoch": 24}
{"loss": 0.6862748861312866, "acc": 0.5436708927154541, "length": 1.0000048875808716, "mode": "train", "epoch": 25}
{"loss": 0.7088200449943542, "acc": 0.49140894412994385, "length": 1.0, "mode": "test", "epoch": 25}
{"loss": 0.6904312372207642, "acc": 0.5322784781455994, "length": 1.0000028610229492, "mode": "train", "epoch": 26}
{"loss": 0.6975647211074829, "acc": 0.5118557214736938, "length": 1.0, "mode": "test", "epoch": 26}
{"loss": 0.687986433506012, "acc": 0.5310126543045044, "length": 1.0000041723251343, "mode": "train", "epoch": 27}
{"loss": 0.6984257698059082, "acc": 0.5048109889030457, "length": 1.0, "mode": "test", "epoch": 27}
{"loss": 0.689219057559967, "acc": 0.543268084526062, "length": 1.0000016689300537, "mode": "train", "epoch": 28}
{"loss": 0.6945744752883911, "acc": 0.5077319741249084, "length": 1.0, "mode": "test", "epoch": 28}
{"loss": 0.6896835565567017, "acc": 0.5398734211921692, "length": 1.0000038146972656, "mode": "train", "epoch": 29}
{"loss": 0.6981250643730164, "acc": 0.500687301158905, "length": 1.0, "mode": "test", "epoch": 29}
{"loss": 0.6881553530693054, "acc": 0.5367664098739624, "length": 1.0000030994415283, "mode": "train", "epoch": 30}
{"loss": 0.6939994692802429, "acc": 0.5103092789649963, "length": 1.0, "mode": "test", "epoch": 30}
{"loss": 0.6862918734550476, "acc": 0.5429803729057312, "length": 1.0000073909759521, "mode": "train", "epoch": 31}
{"loss": 0.6956809163093567, "acc": 0.513573944568634, "length": 1.0, "mode": "test", "epoch": 31}
{"loss": 0.6884322762489319, "acc": 0.5473533272743225, "length": 1.0000008344650269, "mode": "train", "epoch": 32}
{"loss": 0.6986881494522095, "acc": 0.5046391487121582, "length": 1.0, "mode": "test", "epoch": 32}
{"loss": 0.6889546513557434, "acc": 0.5480437874794006, "length": 1.0000008344650269, "mode": "train", "epoch": 33}
{"loss": 0.6964325904846191, "acc": 0.49845367670059204, "length": 1.0, "mode": "test", "epoch": 33}
{"loss": 0.687503457069397, "acc": 0.5356156826019287, "length": 1.000001311302185, "mode": "train", "epoch": 34}
{"loss": 0.6945099234580994, "acc": 0.5103092789649963, "length": 1.0, "mode": "test", "epoch": 34}
{"loss": 0.6861611604690552, "acc": 0.5421748757362366, "length": 1.0000009536743164, "mode": "train", "epoch": 35}
{"loss": 0.6926935911178589, "acc": 0.5171821117401123, "length": 1.0, "mode": "test", "epoch": 35}
{"loss": 0.685022234916687, "acc": 0.5478135943412781, "length": 1.0000025033950806, "mode": "train", "epoch": 36}
{"loss": 0.6958236694335938, "acc": 0.5089346766471863, "length": 1.0, "mode": "test", "epoch": 36}
{"loss": 0.6865862607955933, "acc": 0.5457422137260437, "length": 1.000001072883606, "mode": "train", "epoch": 37}
{"loss": 0.6932539343833923, "acc": 0.5171821117401123, "length": 1.0, "mode": "test", "epoch": 37}
{"loss": 0.686755895614624, "acc": 0.5355581045150757, "length": 1.0000003576278687, "mode": "train", "epoch": 38}
{"loss": 0.6922994256019592, "acc": 0.5323023200035095, "length": 1.0, "mode": "test", "epoch": 38}
{"loss": 0.6852738261222839, "acc": 0.5497698783874512, "length": 1.0000026226043701, "mode": "train", "epoch": 39}
{"loss": 0.6951906085014343, "acc": 0.5089346766471863, "length": 1.0, "mode": "test", "epoch": 39}
{"loss": 0.6882258653640747, "acc": 0.5349827408790588, "length": 1.000001311302185, "mode": "train", "epoch": 40}
{"loss": 0.6931275725364685, "acc": 0.5345360636711121, "length": 1.0, "mode": "test", "epoch": 40}
{"loss": 0.6847898364067078, "acc": 0.5488492846488953, "length": 1.0000004768371582, "mode": "train", "epoch": 41}
{"loss": 0.6948128938674927, "acc": 0.5324742197990417, "length": 1.0, "mode": "test", "epoch": 41}
{"loss": 0.6856899857521057, "acc": 0.5406213998794556, "length": 1.0000015497207642, "mode": "train", "epoch": 42}
{"loss": 0.696320652961731, "acc": 0.5333332419395447, "length": 1.0, "mode": "test", "epoch": 42}
{"loss": 0.684680700302124, "acc": 0.5483889579772949, "length": 1.0000009536743164, "mode": "train", "epoch": 43}
{"loss": 0.6909038424491882, "acc": 0.532474160194397, "length": 1.0, "mode": "test", "epoch": 43}
{"loss": 0.6834743022918701, "acc": 0.5492519736289978, "length": 1.0000008344650269, "mode": "train", "epoch": 44}
{"loss": 0.6980146765708923, "acc": 0.5097938179969788, "length": 1.0, "mode": "test", "epoch": 44}
{"loss": 0.6842092275619507, "acc": 0.5577099919319153, "length": 1.0000009536743164, "mode": "train", "epoch": 45}
{"loss": 0.6953486800193787, "acc": 0.5089346766471863, "length": 1.0, "mode": "test", "epoch": 45}
{"loss": 0.6844236254692078, "acc": 0.5475258827209473, "length": 1.0000017881393433, "mode": "train", "epoch": 46}
{"loss": 0.6938640475273132, "acc": 0.5120275020599365, "length": 1.0, "mode": "test", "epoch": 46}
{"loss": 0.685058057308197, "acc": 0.5567318797111511, "length": 1.0000004768371582, "mode": "train", "epoch": 47}
{"loss": 0.6923639178276062, "acc": 0.5242268443107605, "length": 1.0, "mode": "test", "epoch": 47}
{"loss": 0.6847885847091675, "acc": 0.5448791980743408, "length": 1.0000001192092896, "mode": "train", "epoch": 48}
{"loss": 0.6962592005729675, "acc": 0.5120275020599365, "length": 1.0, "mode": "test", "epoch": 48}
{"loss": 0.6859145760536194, "acc": 0.5405638217926025, "length": 1.0000001192092896, "mode": "train", "epoch": 49}
{"loss": 0.7008912563323975, "acc": 0.5120275020599365, "length": 1.0, "mode": "test", "epoch": 49}
{"loss": 0.6853695511817932, "acc": 0.5476410984992981, "length": 1.0000001192092896, "mode": "train", "epoch": 50}
{"loss": 0.6953824162483215, "acc": 0.5120275020599365, "length": 1.0, "mode": "test", "epoch": 50}
{"loss": 0.685502290725708, "acc": 0.5530495047569275, "length": 1.0000005960464478, "mode": "train", "epoch": 51}
{"loss": 0.6916419863700867, "acc": 0.5151203274726868, "length": 1.0, "mode": "test", "epoch": 51}
{"loss": 0.6862890124320984, "acc": 0.5441312193870544, "length": 1.0000005960464478, "mode": "train", "epoch": 52}
{"loss": 0.6964749693870544, "acc": 0.509793758392334, "length": 1.0, "mode": "test", "epoch": 52}
{"loss": 0.6853744983673096, "acc": 0.544533908367157, "length": 1.0000004768371582, "mode": "train", "epoch": 53}
{"loss": 0.6984115839004517, "acc": 0.5120275020599365, "length": 1.0, "mode": "test", "epoch": 53}
{"loss": 0.6841551661491394, "acc": 0.5558688044548035, "length": 1.0000014305114746, "mode": "train", "epoch": 54}
{"loss": 0.6937107443809509, "acc": 0.5182130336761475, "length": 1.0, "mode": "test", "epoch": 54}
{"loss": 0.6831726431846619, "acc": 0.5491944551467896, "length": 1.0000001192092896, "mode": "train", "epoch": 55}
{"loss": 0.6936732530593872, "acc": 0.5089346766471863, "length": 1.0, "mode": "test", "epoch": 55}
{"loss": 0.6837989091873169, "acc": 0.5467779040336609, "length": 1.000000238418579, "mode": "train", "epoch": 56}
{"loss": 0.6955728530883789, "acc": 0.5089346766471863, "length": 1.0, "mode": "test", "epoch": 56}
{"loss": 0.6832974553108215, "acc": 0.5533947944641113, "length": 1.0000004768371582, "mode": "train", "epoch": 57}
{"loss": 0.6916281580924988, "acc": 0.5302405953407288, "length": 1.0, "mode": "test", "epoch": 57}
{"loss": 0.6841684579849243, "acc": 0.5456846952438354, "length": 1.0000003576278687, "mode": "train", "epoch": 58}
{"loss": 0.6973494291305542, "acc": 0.5051546096801758, "length": 1.0, "mode": "test", "epoch": 58}
{"loss": 0.683858335018158, "acc": 0.5578826665878296, "length": 1.0000001192092896, "mode": "train", "epoch": 59}
{"loss": 0.6942116618156433, "acc": 0.511168360710144, "length": 1.0, "mode": "test", "epoch": 59}
{"loss": 0.6838691234588623, "acc": 0.5491369366645813, "length": 1.0000007152557373, "mode": "train", "epoch": 60}
{"loss": 0.6938027739524841, "acc": 0.525085985660553, "length": 1.0, "mode": "test", "epoch": 60}
test accuracy: 0.2946428656578064
