# ["--attributes=5", "--values=16", "--game_size=10", "--vocab_size_factor=3", "--n_epochs=60", "--batch_size=32", "--learning_rate=0.001", "--hidden_size=256", "--temp_update=0.99", "--temperature=1.5"]
Creating train_ds and val_ds...

Creating test_ds...
{"loss": 0.7003328800201416, "acc": 0.5164174437522888, "length": 1.818455457687378, "mode": "train", "epoch": 1}
{"loss": 0.6946586966514587, "acc": 0.5232517719268799, "length": 1.0, "mode": "test", "epoch": 1}
{"loss": 0.6964702606201172, "acc": 0.5367496609687805, "length": 1.0064550638198853, "mode": "train", "epoch": 2}
{"loss": 0.6964542269706726, "acc": 0.5122377872467041, "length": 1.0, "mode": "test", "epoch": 2}
{"loss": 0.6701942682266235, "acc": 0.568515419960022, "length": 1.4891955852508545, "mode": "train", "epoch": 3}
{"loss": 0.6114184260368347, "acc": 0.6871740818023682, "length": 2.269230842590332, "mode": "test", "epoch": 3}
{"loss": 0.5889008641242981, "acc": 0.694139301776886, "length": 2.480081558227539, "mode": "train", "epoch": 4}
{"loss": 0.5728285908699036, "acc": 0.7178693413734436, "length": 2.4055943489074707, "mode": "test", "epoch": 4}
{"loss": 0.5177006125450134, "acc": 0.7473653554916382, "length": 2.829285144805908, "mode": "train", "epoch": 5}
{"loss": 0.4863930344581604, "acc": 0.7814594507217407, "length": 2.9405593872070312, "mode": "test", "epoch": 5}
{"loss": 0.4252917766571045, "acc": 0.8173918128013611, "length": 3.2066524028778076, "mode": "train", "epoch": 6}
{"loss": 0.39512860774993896, "acc": 0.8303281664848328, "length": 3.1713287830352783, "mode": "test", "epoch": 6}
{"loss": 0.34375348687171936, "acc": 0.8605003356933594, "length": 3.2394206523895264, "mode": "train", "epoch": 7}
{"loss": 0.3464469015598297, "acc": 0.8637901544570923, "length": 3.1713287830352783, "mode": "test", "epoch": 7}
{"loss": 0.3110637068748474, "acc": 0.8742592334747314, "length": 3.3081979751586914, "mode": "train", "epoch": 8}
{"loss": 0.36950379610061646, "acc": 0.8332390189170837, "length": 3.223776340484619, "mode": "test", "epoch": 8}
{"loss": 0.30116942524909973, "acc": 0.8731104135513306, "length": 3.2898807525634766, "mode": "train", "epoch": 9}
{"loss": 0.32511836290359497, "acc": 0.8661593794822693, "length": 3.2342658042907715, "mode": "test", "epoch": 9}
{"loss": 0.27937373518943787, "acc": 0.8879725933074951, "length": 3.3183233737945557, "mode": "train", "epoch": 10}
{"loss": 0.31498438119888306, "acc": 0.874534010887146, "length": 3.192307710647583, "mode": "test", "epoch": 10}
{"loss": 0.25643208622932434, "acc": 0.8970282673835754, "length": 3.360321283340454, "mode": "train", "epoch": 11}
{"loss": 0.30092933773994446, "acc": 0.8802655339241028, "length": 3.4020979404449463, "mode": "test", "epoch": 11}
{"loss": 0.24130448698997498, "acc": 0.9025440216064453, "length": 3.4818615913391113, "mode": "train", "epoch": 12}
{"loss": 0.2631106376647949, "acc": 0.900528073310852, "length": 3.4125874042510986, "mode": "test", "epoch": 12}
{"loss": 0.21297094225883484, "acc": 0.9173048734664917, "length": 3.529977321624756, "mode": "train", "epoch": 13}
{"loss": 0.24245508015155792, "acc": 0.9035679697990417, "length": 3.6013987064361572, "mode": "test", "epoch": 13}
{"loss": 0.20059511065483093, "acc": 0.9231137633323669, "length": 3.6353883743286133, "mode": "train", "epoch": 14}
{"loss": 0.24192100763320923, "acc": 0.9098488092422485, "length": 3.769230842590332, "mode": "test", "epoch": 14}
{"loss": 0.17483198642730713, "acc": 0.9292979836463928, "length": 3.763108491897583, "mode": "train", "epoch": 15}
{"loss": 0.19343777000904083, "acc": 0.917985200881958, "length": 3.961538553237915, "mode": "test", "epoch": 15}
{"loss": 0.15642087161540985, "acc": 0.9398359656333923, "length": 3.9132564067840576, "mode": "train", "epoch": 16}
{"loss": 0.17742504179477692, "acc": 0.9317907691001892, "length": 3.993006944656372, "mode": "test", "epoch": 16}
{"loss": 0.13321076333522797, "acc": 0.9520055651664734, "length": 3.959944725036621, "mode": "train", "epoch": 17}
{"loss": 0.14963899552822113, "acc": 0.9438811540603638, "length": 4.0, "mode": "test", "epoch": 17}
{"loss": 0.12458845227956772, "acc": 0.9533713459968567, "length": 3.984391689300537, "mode": "train", "epoch": 18}
{"loss": 0.15311908721923828, "acc": 0.9484264850616455, "length": 4.0, "mode": "test", "epoch": 18}
{"loss": 0.11519985646009445, "acc": 0.9584349393844604, "length": 3.9908688068389893, "mode": "train", "epoch": 19}
{"loss": 0.15836994349956512, "acc": 0.9501749277114868, "length": 4.0, "mode": "test", "epoch": 19}
{"loss": 0.1105639860033989, "acc": 0.960537850856781, "length": 3.989938259124756, "mode": "train", "epoch": 20}
{"loss": 0.1400880515575409, "acc": 0.9529719948768616, "length": 4.0, "mode": "test", "epoch": 20}
{"loss": 0.09175524115562439, "acc": 0.9680629372596741, "length": 3.9947404861450195, "mode": "train", "epoch": 21}
{"loss": 0.13546951115131378, "acc": 0.9506991505622864, "length": 4.0, "mode": "test", "epoch": 21}
{"loss": 0.09333959966897964, "acc": 0.968624472618103, "length": 3.9955992698669434, "mode": "train", "epoch": 22}
{"loss": 0.15488718450069427, "acc": 0.9520978331565857, "length": 4.0, "mode": "test", "epoch": 22}
{"loss": 0.08139767497777939, "acc": 0.9741788506507874, "length": 3.9972310066223145, "mode": "train", "epoch": 23}
{"loss": 0.09625021368265152, "acc": 0.9720279574394226, "length": 4.0, "mode": "test", "epoch": 23}
{"loss": 0.06744423508644104, "acc": 0.9788751602172852, "length": 3.9967615604400635, "mode": "train", "epoch": 24}
{"loss": 0.10267802327871323, "acc": 0.9702796339988708, "length": 4.0, "mode": "test", "epoch": 24}
{"loss": 0.06182592362165451, "acc": 0.9803510904312134, "length": 3.997978925704956, "mode": "train", "epoch": 25}
{"loss": 0.09474511444568634, "acc": 0.9739511013031006, "length": 4.0, "mode": "test", "epoch": 25}
{"loss": 0.07760725915431976, "acc": 0.9750230312347412, "length": 3.998002290725708, "mode": "train", "epoch": 26}
{"loss": 0.11175493150949478, "acc": 0.969580352306366, "length": 4.0, "mode": "test", "epoch": 26}
{"loss": 0.06372803449630737, "acc": 0.9781336784362793, "length": 3.9983062744140625, "mode": "train", "epoch": 27}
{"loss": 0.1168740838766098, "acc": 0.9681817889213562, "length": 4.0, "mode": "test", "epoch": 27}
{"loss": 0.044245727360248566, "acc": 0.9866228699684143, "length": 3.9985313415527344, "mode": "train", "epoch": 28}
{"loss": 0.07559242099523544, "acc": 0.9819929003715515, "length": 4.0, "mode": "test", "epoch": 28}
{"loss": 0.04798900708556175, "acc": 0.9856378436088562, "length": 3.9986815452575684, "mode": "train", "epoch": 29}
{"loss": 0.10260597616434097, "acc": 0.9749997854232788, "length": 4.0, "mode": "test", "epoch": 29}
{"loss": 0.04770216345787048, "acc": 0.984699547290802, "length": 3.9985923767089844, "mode": "train", "epoch": 30}
{"loss": 0.11182796955108643, "acc": 0.9676573276519775, "length": 4.0, "mode": "test", "epoch": 30}
{"loss": 0.04088842496275902, "acc": 0.9876288175582886, "length": 3.9992213249206543, "mode": "train", "epoch": 31}
{"loss": 0.08646629005670547, "acc": 0.979545533657074, "length": 4.0, "mode": "test", "epoch": 31}
{"loss": 0.02877710573375225, "acc": 0.9910744428634644, "length": 3.9986352920532227, "mode": "train", "epoch": 32}
{"loss": 0.062384724617004395, "acc": 0.983566403388977, "length": 4.0, "mode": "test", "epoch": 32}
{"loss": 0.0494571328163147, "acc": 0.9858154654502869, "length": 3.999238967895508, "mode": "train", "epoch": 33}
{"loss": 0.11498557031154633, "acc": 0.9697552919387817, "length": 4.0, "mode": "test", "epoch": 33}
{"loss": 0.04580829665064812, "acc": 0.9880403280258179, "length": 3.9987051486968994, "mode": "train", "epoch": 34}
{"loss": 0.09855755418539047, "acc": 0.9763987064361572, "length": 4.0, "mode": "test", "epoch": 34}
{"loss": 0.0362863764166832, "acc": 0.9899123311042786, "length": 3.9986484050750732, "mode": "train", "epoch": 35}
{"loss": 0.04783320054411888, "acc": 0.9867132306098938, "length": 4.0, "mode": "test", "epoch": 35}
{"loss": 0.02535734511911869, "acc": 0.992834746837616, "length": 3.9989101886749268, "mode": "train", "epoch": 36}
{"loss": 0.06776592135429382, "acc": 0.9797202944755554, "length": 4.0, "mode": "test", "epoch": 36}
{"loss": 0.0211274903267622, "acc": 0.9944036602973938, "length": 3.9974725246429443, "mode": "train", "epoch": 37}
{"loss": 0.0806090459227562, "acc": 0.9847902655601501, "length": 4.0, "mode": "test", "epoch": 37}
{"loss": 0.02499464526772499, "acc": 0.9938167333602905, "length": 3.9983785152435303, "mode": "train", "epoch": 38}
{"loss": 0.05216534808278084, "acc": 0.9853145480155945, "length": 4.0, "mode": "test", "epoch": 38}
{"loss": 0.025282569229602814, "acc": 0.9933134317398071, "length": 3.998542308807373, "mode": "train", "epoch": 39}
{"loss": 0.07887697219848633, "acc": 0.9830418229103088, "length": 4.0, "mode": "test", "epoch": 39}
{"loss": 0.030615419149398804, "acc": 0.9913279414176941, "length": 3.9993488788604736, "mode": "train", "epoch": 40}
{"loss": 0.09764064103364944, "acc": 0.979195773601532, "length": 4.0, "mode": "test", "epoch": 40}
{"loss": 0.02033788338303566, "acc": 0.9941399097442627, "length": 3.999546527862549, "mode": "train", "epoch": 41}
{"loss": 0.06429042667150497, "acc": 0.9846153855323792, "length": 4.0, "mode": "test", "epoch": 41}
{"loss": 0.010874814353883266, "acc": 0.997887909412384, "length": 3.9996376037597656, "mode": "train", "epoch": 42}
{"loss": 0.06214062497019768, "acc": 0.9842657446861267, "length": 4.0, "mode": "test", "epoch": 42}
{"loss": 0.01657668687403202, "acc": 0.9947275519371033, "length": 3.9997315406799316, "mode": "train", "epoch": 43}
{"loss": 0.03584402799606323, "acc": 0.992132842540741, "length": 4.0, "mode": "test", "epoch": 43}
{"loss": 0.034280452877283096, "acc": 0.9895176291465759, "length": 3.9996774196624756, "mode": "train", "epoch": 44}
{"loss": 0.08888086676597595, "acc": 0.9769232869148254, "length": 4.0, "mode": "test", "epoch": 44}
{"loss": 0.059270333498716354, "acc": 0.9834821224212646, "length": 3.999375104904175, "mode": "train", "epoch": 45}
{"loss": 0.08610968291759491, "acc": 0.9800698757171631, "length": 4.0, "mode": "test", "epoch": 45}
{"loss": 0.03336048126220703, "acc": 0.9910241365432739, "length": 3.9986917972564697, "mode": "train", "epoch": 46}
{"loss": 0.10894346982240677, "acc": 0.9765734672546387, "length": 4.0, "mode": "test", "epoch": 46}
{"loss": 0.030723560601472855, "acc": 0.9929087162017822, "length": 3.999485492706299, "mode": "train", "epoch": 47}
{"loss": 0.10276380926370621, "acc": 0.9772728085517883, "length": 4.0, "mode": "test", "epoch": 47}
{"loss": 0.02592155523598194, "acc": 0.992500364780426, "length": 3.998708963394165, "mode": "train", "epoch": 48}
{"loss": 0.12099994719028473, "acc": 0.977622389793396, "length": 4.0, "mode": "test", "epoch": 48}
{"loss": 0.021758923307061195, "acc": 0.9951943755149841, "length": 3.9992916584014893, "mode": "train", "epoch": 49}
{"loss": 0.05511612445116043, "acc": 0.9832168221473694, "length": 4.0, "mode": "test", "epoch": 49}
{"loss": 0.024076253175735474, "acc": 0.9950215816497803, "length": 3.999544858932495, "mode": "train", "epoch": 50}
{"loss": 0.06382880359888077, "acc": 0.9854894280433655, "length": 4.0, "mode": "test", "epoch": 50}
{"loss": 0.013438981957733631, "acc": 0.996017575263977, "length": 3.9999115467071533, "mode": "train", "epoch": 51}
{"loss": 0.024642840027809143, "acc": 0.9945803284645081, "length": 4.0, "mode": "test", "epoch": 51}
{"loss": 0.016508419066667557, "acc": 0.995692789554596, "length": 3.998553514480591, "mode": "train", "epoch": 52}
{"loss": 0.06599124521017075, "acc": 0.9896853566169739, "length": 4.0, "mode": "test", "epoch": 52}
{"loss": 0.01566348969936371, "acc": 0.9954310059547424, "length": 3.9998836517333984, "mode": "train", "epoch": 53}
{"loss": 0.07174808531999588, "acc": 0.9888112545013428, "length": 4.0, "mode": "test", "epoch": 53}
{"loss": 0.011743181385099888, "acc": 0.9968368411064148, "length": 3.9996509552001953, "mode": "train", "epoch": 54}
{"loss": 0.0713348388671875, "acc": 0.9853147268295288, "length": 4.0, "mode": "test", "epoch": 54}
{"loss": 0.012170527130365372, "acc": 0.9968337416648865, "length": 3.999697208404541, "mode": "train", "epoch": 55}
{"loss": 0.06187572702765465, "acc": 0.9881117939949036, "length": 4.0, "mode": "test", "epoch": 55}
{"loss": 0.01750442013144493, "acc": 0.9942963123321533, "length": 3.9992027282714844, "mode": "train", "epoch": 56}
{"loss": 0.05668266490101814, "acc": 0.9889860153198242, "length": 4.0, "mode": "test", "epoch": 56}
{"loss": 0.014778506942093372, "acc": 0.9966620802879333, "length": 3.999967336654663, "mode": "train", "epoch": 57}
{"loss": 0.07327929139137268, "acc": 0.9849649667739868, "length": 4.0, "mode": "test", "epoch": 57}
{"loss": 0.004227562807500362, "acc": 0.9995261430740356, "length": 3.999887466430664, "mode": "train", "epoch": 58}
{"loss": 0.062424786388874054, "acc": 0.9889860153198242, "length": 4.0, "mode": "test", "epoch": 58}
{"loss": 0.005660587456077337, "acc": 0.9989451169967651, "length": 3.999927282333374, "mode": "train", "epoch": 59}
{"loss": 0.02263686992228031, "acc": 0.9947552680969238, "length": 4.0, "mode": "test", "epoch": 59}
{"loss": 0.009107410907745361, "acc": 0.9972458481788635, "length": 3.999894857406616, "mode": "train", "epoch": 60}
{"loss": 0.05007879063487053, "acc": 0.9900350570678711, "length": 4.0, "mode": "test", "epoch": 60}
test accuracy: 0.8071666955947876
