# ["--attributes=5", "--values=16", "--game_size=10", "--vocab_size_factor=3", "--n_epochs=60", "--batch_size=32", "--learning_rate=0.001", "--hidden_size=256", "--temp_update=0.99", "--temperature=2"]
Creating train_ds and val_ds...

Creating test_ds...
{"loss": 0.7064294219017029, "acc": 0.5279363989830017, "length": 1.8118053674697876, "mode": "train", "epoch": 1}
{"loss": 0.6980413794517517, "acc": 0.5279719233512878, "length": 1.0, "mode": "test", "epoch": 1}
{"loss": 0.6965932250022888, "acc": 0.5283197164535522, "length": 1.016743779182434, "mode": "train", "epoch": 2}
{"loss": 0.6954774856567383, "acc": 0.5152097940444946, "length": 1.0, "mode": "test", "epoch": 2}
{"loss": 0.6914811134338379, "acc": 0.5384652614593506, "length": 1.0139812231063843, "mode": "train", "epoch": 3}
{"loss": 0.6925252079963684, "acc": 0.5253496766090393, "length": 1.0, "mode": "test", "epoch": 3}
{"loss": 0.6884205937385559, "acc": 0.5458908677101135, "length": 1.137178897857666, "mode": "train", "epoch": 4}
{"loss": 0.6489260792732239, "acc": 0.6165056824684143, "length": 2.1013987064361572, "mode": "test", "epoch": 4}
{"loss": 0.5874715447425842, "acc": 0.6922498941421509, "length": 2.540719985961914, "mode": "train", "epoch": 5}
{"loss": 0.5465134382247925, "acc": 0.7489193677902222, "length": 2.909090995788574, "mode": "test", "epoch": 5}
{"loss": 0.48242297768592834, "acc": 0.7774472832679749, "length": 2.7887678146362305, "mode": "train", "epoch": 6}
{"loss": 0.5357505083084106, "acc": 0.7262147068977356, "length": 2.716783285140991, "mode": "test", "epoch": 6}
{"loss": 0.4551664888858795, "acc": 0.7894620299339294, "length": 2.749629020690918, "mode": "train", "epoch": 7}
{"loss": 0.5240886807441711, "acc": 0.7580088376998901, "length": 2.85314679145813, "mode": "test", "epoch": 7}
{"loss": 0.42735037207603455, "acc": 0.8044914603233337, "length": 2.8608484268188477, "mode": "train", "epoch": 8}
{"loss": 0.49015963077545166, "acc": 0.7807091474533081, "length": 3.0979020595550537, "mode": "test", "epoch": 8}
{"loss": 0.39536237716674805, "acc": 0.8216437697410583, "length": 3.1924736499786377, "mode": "train", "epoch": 9}
{"loss": 0.4886390268802643, "acc": 0.7759178280830383, "length": 3.3496503829956055, "mode": "test", "epoch": 9}
{"loss": 0.3467516601085663, "acc": 0.8474175333976746, "length": 3.4457950592041016, "mode": "train", "epoch": 10}
{"loss": 0.416385293006897, "acc": 0.8158023357391357, "length": 3.4195804595947266, "mode": "test", "epoch": 10}
{"loss": 0.3031085431575775, "acc": 0.8721509575843811, "length": 3.4465694427490234, "mode": "train", "epoch": 11}
{"loss": 0.3810689151287079, "acc": 0.8383231163024902, "length": 3.4055943489074707, "mode": "test", "epoch": 11}
{"loss": 0.28002306818962097, "acc": 0.8794179558753967, "length": 3.4829952716827393, "mode": "train", "epoch": 12}
{"loss": 0.38827258348464966, "acc": 0.8391488790512085, "length": 3.5804195404052734, "mode": "test", "epoch": 12}
{"loss": 0.26250192523002625, "acc": 0.8899162411689758, "length": 3.516350269317627, "mode": "train", "epoch": 13}
{"loss": 0.37729308009147644, "acc": 0.8529462218284607, "length": 3.6013987064361572, "mode": "test", "epoch": 13}
{"loss": 0.24453289806842804, "acc": 0.8958262801170349, "length": 3.5454647541046143, "mode": "train", "epoch": 14}
{"loss": 0.35027435421943665, "acc": 0.8522665500640869, "length": 3.6713287830352783, "mode": "test", "epoch": 14}
{"loss": 0.23385772109031677, "acc": 0.8980916142463684, "length": 3.566387891769409, "mode": "train", "epoch": 15}
{"loss": 0.375614732503891, "acc": 0.8537157773971558, "length": 3.569930076599121, "mode": "test", "epoch": 15}
{"loss": 0.22119829058647156, "acc": 0.9064237475395203, "length": 3.6163501739501953, "mode": "train", "epoch": 16}
{"loss": 0.3319775462150574, "acc": 0.865676760673523, "length": 3.692307710647583, "mode": "test", "epoch": 16}
{"loss": 0.21504619717597961, "acc": 0.9104912877082825, "length": 3.6384201049804688, "mode": "train", "epoch": 17}
{"loss": 0.3211030066013336, "acc": 0.8671449422836304, "length": 3.800699234008789, "mode": "test", "epoch": 17}
{"loss": 0.19740357995033264, "acc": 0.9186725616455078, "length": 3.7198476791381836, "mode": "train", "epoch": 18}
{"loss": 0.28288355469703674, "acc": 0.8918257355690002, "length": 3.877622365951538, "mode": "test", "epoch": 18}
{"loss": 0.17971839010715485, "acc": 0.9270562529563904, "length": 3.792261838912964, "mode": "train", "epoch": 19}
{"loss": 0.31254521012306213, "acc": 0.8848035931587219, "length": 3.884615421295166, "mode": "test", "epoch": 19}
{"loss": 0.16229338943958282, "acc": 0.9364901185035706, "length": 3.817396640777588, "mode": "train", "epoch": 20}
{"loss": 0.2795512080192566, "acc": 0.907707691192627, "length": 3.884615421295166, "mode": "test", "epoch": 20}
{"loss": 0.14566095173358917, "acc": 0.9463632702827454, "length": 3.8616724014282227, "mode": "train", "epoch": 21}
{"loss": 0.22967150807380676, "acc": 0.9198223352432251, "length": 3.954545497894287, "mode": "test", "epoch": 21}
{"loss": 0.1236075907945633, "acc": 0.9575625658035278, "length": 3.9038267135620117, "mode": "train", "epoch": 22}
{"loss": 0.19237427413463593, "acc": 0.934524416923523, "length": 3.986013889312744, "mode": "test", "epoch": 22}
{"loss": 0.11460552364587784, "acc": 0.957725465297699, "length": 3.9418087005615234, "mode": "train", "epoch": 23}
{"loss": 0.20520587265491486, "acc": 0.9283720254898071, "length": 3.986013889312744, "mode": "test", "epoch": 23}
{"loss": 0.10381430387496948, "acc": 0.960151731967926, "length": 3.9520137310028076, "mode": "train", "epoch": 24}
{"loss": 0.1724182367324829, "acc": 0.9429177045822144, "length": 3.9895105361938477, "mode": "test", "epoch": 24}
{"loss": 0.09807274490594864, "acc": 0.9658970236778259, "length": 3.970296621322632, "mode": "train", "epoch": 25}
{"loss": 0.1525718718767166, "acc": 0.9543707966804504, "length": 3.993006944656372, "mode": "test", "epoch": 25}
{"loss": 0.10275198519229889, "acc": 0.9591574668884277, "length": 3.972182273864746, "mode": "train", "epoch": 26}
{"loss": 0.23160667717456818, "acc": 0.9215034246444702, "length": 4.0, "mode": "test", "epoch": 26}
{"loss": 0.0935569778084755, "acc": 0.9680197834968567, "length": 3.9824063777923584, "mode": "train", "epoch": 27}
{"loss": 0.1884702742099762, "acc": 0.9372377991676331, "length": 4.0, "mode": "test", "epoch": 27}
{"loss": 0.0932730957865715, "acc": 0.9675360321998596, "length": 3.9870662689208984, "mode": "train", "epoch": 28}
{"loss": 0.17935322225093842, "acc": 0.9452797174453735, "length": 4.0, "mode": "test", "epoch": 28}
{"loss": 0.08639916032552719, "acc": 0.9686495065689087, "length": 3.9928884506225586, "mode": "train", "epoch": 29}
{"loss": 0.20517085492610931, "acc": 0.9447553157806396, "length": 4.0, "mode": "test", "epoch": 29}
{"loss": 0.0704592913389206, "acc": 0.9752070903778076, "length": 3.9944095611572266, "mode": "train", "epoch": 30}
{"loss": 0.22342875599861145, "acc": 0.9368882775306702, "length": 4.0, "mode": "test", "epoch": 30}
{"loss": 0.0900409072637558, "acc": 0.9712092280387878, "length": 3.992832660675049, "mode": "train", "epoch": 31}
{"loss": 0.14706920087337494, "acc": 0.9520979523658752, "length": 4.0, "mode": "test", "epoch": 31}
{"loss": 0.08098182827234268, "acc": 0.9758619666099548, "length": 3.992553949356079, "mode": "train", "epoch": 32}
{"loss": 0.1446010023355484, "acc": 0.9559440612792969, "length": 4.0, "mode": "test", "epoch": 32}
{"loss": 0.07692476361989975, "acc": 0.972500205039978, "length": 3.9947195053100586, "mode": "train", "epoch": 33}
{"loss": 0.13301105797290802, "acc": 0.9557691216468811, "length": 4.0, "mode": "test", "epoch": 33}
{"loss": 0.06779671460390091, "acc": 0.9781010746955872, "length": 3.995617151260376, "mode": "train", "epoch": 34}
{"loss": 0.21915806829929352, "acc": 0.9354894757270813, "length": 4.0, "mode": "test", "epoch": 34}
{"loss": 0.06393593549728394, "acc": 0.9776491522789001, "length": 3.9970459938049316, "mode": "train", "epoch": 35}
{"loss": 0.12216977030038834, "acc": 0.9627622365951538, "length": 4.0, "mode": "test", "epoch": 35}
{"loss": 0.049023889005184174, "acc": 0.9842145442962646, "length": 3.9979186058044434, "mode": "train", "epoch": 36}
{"loss": 0.10580512136220932, "acc": 0.9650349617004395, "length": 4.0, "mode": "test", "epoch": 36}
{"loss": 0.045760978013277054, "acc": 0.9857344031333923, "length": 3.99788498878479, "mode": "train", "epoch": 37}
{"loss": 0.1407081037759781, "acc": 0.9646853804588318, "length": 4.0, "mode": "test", "epoch": 37}
{"loss": 0.05095408484339714, "acc": 0.9852765202522278, "length": 3.9984290599823, "mode": "train", "epoch": 38}
{"loss": 0.13829664885997772, "acc": 0.9646853804588318, "length": 4.0, "mode": "test", "epoch": 38}
{"loss": 0.05114679038524628, "acc": 0.9822840094566345, "length": 3.9980320930480957, "mode": "train", "epoch": 39}
{"loss": 0.08648218959569931, "acc": 0.9748251438140869, "length": 4.0, "mode": "test", "epoch": 39}
{"loss": 0.0435345359146595, "acc": 0.9869552254676819, "length": 3.9972498416900635, "mode": "train", "epoch": 40}
{"loss": 0.08489328622817993, "acc": 0.9758740663528442, "length": 4.0, "mode": "test", "epoch": 40}
{"loss": 0.03402870148420334, "acc": 0.9893171191215515, "length": 3.9986770153045654, "mode": "train", "epoch": 41}
{"loss": 0.07970599830150604, "acc": 0.9797202348709106, "length": 4.0, "mode": "test", "epoch": 41}
{"loss": 0.030683470889925957, "acc": 0.9916032552719116, "length": 3.99885630607605, "mode": "train", "epoch": 42}
{"loss": 0.0692128911614418, "acc": 0.9840908646583557, "length": 4.0, "mode": "test", "epoch": 42}
{"loss": 0.025730153545737267, "acc": 0.9923103451728821, "length": 3.9985318183898926, "mode": "train", "epoch": 43}
{"loss": 0.09294240921735764, "acc": 0.9790210723876953, "length": 4.0, "mode": "test", "epoch": 43}
{"loss": 0.029163915663957596, "acc": 0.9925329685211182, "length": 3.9985897541046143, "mode": "train", "epoch": 44}
{"loss": 0.09818121045827866, "acc": 0.9786714315414429, "length": 4.0, "mode": "test", "epoch": 44}
{"loss": 0.05247355252504349, "acc": 0.9863978624343872, "length": 3.9991443157196045, "mode": "train", "epoch": 45}
{"loss": 0.10674180835485458, "acc": 0.9765734076499939, "length": 4.0, "mode": "test", "epoch": 45}
{"loss": 0.026791881769895554, "acc": 0.9917870759963989, "length": 3.9989421367645264, "mode": "train", "epoch": 46}
{"loss": 0.1223267987370491, "acc": 0.9756991267204285, "length": 4.0, "mode": "test", "epoch": 46}
{"loss": 0.01824359968304634, "acc": 0.9954202771186829, "length": 3.9993069171905518, "mode": "train", "epoch": 47}
{"loss": 0.10480996966362, "acc": 0.9751749038696289, "length": 4.0, "mode": "test", "epoch": 47}
{"loss": 0.01631106808781624, "acc": 0.9951314330101013, "length": 3.9993882179260254, "mode": "train", "epoch": 48}
{"loss": 0.11907151341438293, "acc": 0.9797202348709106, "length": 4.0, "mode": "test", "epoch": 48}
{"loss": 0.01683635264635086, "acc": 0.9951726198196411, "length": 3.9990086555480957, "mode": "train", "epoch": 49}
{"loss": 0.09318546205759048, "acc": 0.9809440970420837, "length": 4.0, "mode": "test", "epoch": 49}
{"loss": 0.03494492918252945, "acc": 0.9913269877433777, "length": 3.9996492862701416, "mode": "train", "epoch": 50}
{"loss": 0.10477966070175171, "acc": 0.9765734076499939, "length": 4.0, "mode": "test", "epoch": 50}
{"loss": 0.0359729565680027, "acc": 0.9907992482185364, "length": 3.999652147293091, "mode": "train", "epoch": 51}
{"loss": 0.08053050190210342, "acc": 0.9793707728385925, "length": 4.0, "mode": "test", "epoch": 51}
{"loss": 0.02798307128250599, "acc": 0.9926773309707642, "length": 3.9997570514678955, "mode": "train", "epoch": 52}
{"loss": 0.09608142822980881, "acc": 0.9833915829658508, "length": 4.0, "mode": "test", "epoch": 52}
{"loss": 0.018232736736536026, "acc": 0.996303379535675, "length": 3.999629497528076, "mode": "train", "epoch": 53}
{"loss": 0.0849827229976654, "acc": 0.9847900867462158, "length": 4.0, "mode": "test", "epoch": 53}
{"loss": 0.011507151648402214, "acc": 0.998411238193512, "length": 3.9995763301849365, "mode": "train", "epoch": 54}
{"loss": 0.07471807301044464, "acc": 0.9868882298469543, "length": 4.0, "mode": "test", "epoch": 54}
{"loss": 0.009632853791117668, "acc": 0.997941255569458, "length": 3.9995524883270264, "mode": "train", "epoch": 55}
{"loss": 0.05083344131708145, "acc": 0.9923077821731567, "length": 4.0, "mode": "test", "epoch": 55}
{"loss": 0.006330566946417093, "acc": 0.9991757273674011, "length": 3.9996821880340576, "mode": "train", "epoch": 56}
{"loss": 0.07051537185907364, "acc": 0.9898601770401001, "length": 4.0, "mode": "test", "epoch": 56}
{"loss": 0.006818913388997316, "acc": 0.9988824725151062, "length": 3.9997398853302, "mode": "train", "epoch": 57}
{"loss": 0.11511313915252686, "acc": 0.9833915829658508, "length": 4.0, "mode": "test", "epoch": 57}
{"loss": 0.014725521206855774, "acc": 0.9966018199920654, "length": 3.999852418899536, "mode": "train", "epoch": 58}
{"loss": 0.07511541247367859, "acc": 0.9860140085220337, "length": 4.0, "mode": "test", "epoch": 58}
{"loss": 0.006908963900059462, "acc": 0.9986323714256287, "length": 3.9994986057281494, "mode": "train", "epoch": 59}
{"loss": 0.1593867540359497, "acc": 0.975699245929718, "length": 4.0, "mode": "test", "epoch": 59}
{"loss": 0.050232138484716415, "acc": 0.9878196716308594, "length": 3.999781370162964, "mode": "train", "epoch": 60}
{"loss": 0.17348508536815643, "acc": 0.9618880152702332, "length": 4.0, "mode": "test", "epoch": 60}
test accuracy: 0.8933333158493042
