# ["--attributes=3", "--values=4", "--game_size=10", "--vocab_size_factor=3", "--n_epochs=60", "--batch_size=64", "--learning_rate=0.0005", "--hidden_size=128", "--temp_update=0.97", "--temperature=1"]
Creating train_ds and val_ds...

Creating test_ds...
{"loss": 0.6973757147789001, "acc": 0.5064493417739868, "length": 3.507446527481079, "mode": "train", "epoch": 1}
{"loss": 0.6922107934951782, "acc": 0.5168678760528564, "length": 1.003496527671814, "mode": "test", "epoch": 1}
{"loss": 0.6923088431358337, "acc": 0.5308759212493896, "length": 3.4092729091644287, "mode": "train", "epoch": 2}
{"loss": 0.6819669008255005, "acc": 0.5721839070320129, "length": 1.545454502105713, "mode": "test", "epoch": 2}
{"loss": 0.6854889988899231, "acc": 0.5577619671821594, "length": 3.2198517322540283, "mode": "train", "epoch": 3}
{"loss": 0.6684446334838867, "acc": 0.6395078301429749, "length": 2.4825174808502197, "mode": "test", "epoch": 3}
{"loss": 0.6605035066604614, "acc": 0.6547166705131531, "length": 3.1429190635681152, "mode": "train", "epoch": 4}
{"loss": 0.6402653455734253, "acc": 0.7035549283027649, "length": 2.7587411403656006, "mode": "test", "epoch": 4}
{"loss": 0.6044013500213623, "acc": 0.7278680205345154, "length": 3.283751964569092, "mode": "train", "epoch": 5}
{"loss": 0.5696946978569031, "acc": 0.7258965373039246, "length": 3.9825174808502197, "mode": "test", "epoch": 5}
{"loss": 0.5335940718650818, "acc": 0.7436590194702148, "length": 3.8281667232513428, "mode": "train", "epoch": 6}
{"loss": 0.5334710478782654, "acc": 0.7416083812713623, "length": 4.0, "mode": "test", "epoch": 6}
{"loss": 0.47763633728027344, "acc": 0.783562958240509, "length": 3.935943841934204, "mode": "train", "epoch": 7}
{"loss": 0.4854777753353119, "acc": 0.7898600697517395, "length": 4.0, "mode": "test", "epoch": 7}
{"loss": 0.44771504402160645, "acc": 0.7938259840011597, "length": 3.9577131271362305, "mode": "train", "epoch": 8}
{"loss": 0.4545985758304596, "acc": 0.7972027659416199, "length": 4.0, "mode": "test", "epoch": 8}
{"loss": 0.42792466282844543, "acc": 0.8008738160133362, "length": 3.9716131687164307, "mode": "train", "epoch": 9}
{"loss": 0.44116583466529846, "acc": 0.8085664510726929, "length": 4.0, "mode": "test", "epoch": 9}
{"loss": 0.4060231149196625, "acc": 0.8135484457015991, "length": 3.978550672531128, "mode": "train", "epoch": 10}
{"loss": 0.4319818615913391, "acc": 0.796678364276886, "length": 4.0, "mode": "test", "epoch": 10}
{"loss": 0.3970138132572174, "acc": 0.8171782493591309, "length": 3.9887003898620605, "mode": "train", "epoch": 11}
{"loss": 0.44068241119384766, "acc": 0.8027971982955933, "length": 4.0, "mode": "test", "epoch": 11}
{"loss": 0.3915230631828308, "acc": 0.8210864663124084, "length": 3.988868236541748, "mode": "train", "epoch": 12}
{"loss": 0.42826446890830994, "acc": 0.8071678280830383, "length": 4.0, "mode": "test", "epoch": 12}
{"loss": 0.3810986280441284, "acc": 0.828252375125885, "length": 3.9937503337860107, "mode": "train", "epoch": 13}
{"loss": 0.42412039637565613, "acc": 0.8055943250656128, "length": 4.0, "mode": "test", "epoch": 13}
{"loss": 0.3723283112049103, "acc": 0.8298855423927307, "length": 3.995657205581665, "mode": "train", "epoch": 14}
{"loss": 0.4198262393474579, "acc": 0.801398515701294, "length": 4.0, "mode": "test", "epoch": 14}
{"loss": 0.36881428956985474, "acc": 0.8308142423629761, "length": 3.9915425777435303, "mode": "train", "epoch": 15}
{"loss": 0.4160672724246979, "acc": 0.8132867217063904, "length": 4.0, "mode": "test", "epoch": 15}
{"loss": 0.3614192605018616, "acc": 0.8378714919090271, "length": 3.9953765869140625, "mode": "train", "epoch": 16}
{"loss": 0.4125445485115051, "acc": 0.8180070519447327, "length": 4.0, "mode": "test", "epoch": 16}
{"loss": 0.3616832196712494, "acc": 0.838394284248352, "length": 3.9880170822143555, "mode": "train", "epoch": 17}
{"loss": 0.4094218909740448, "acc": 0.7902098894119263, "length": 4.0, "mode": "test", "epoch": 17}
{"loss": 0.3560723066329956, "acc": 0.8411122560501099, "length": 3.9928152561187744, "mode": "train", "epoch": 18}
{"loss": 0.39257171750068665, "acc": 0.8243006467819214, "length": 4.0, "mode": "test", "epoch": 18}
{"loss": 0.34295549988746643, "acc": 0.8475658297538757, "length": 3.9913601875305176, "mode": "train", "epoch": 19}
{"loss": 0.38824063539505005, "acc": 0.8256992101669312, "length": 4.0, "mode": "test", "epoch": 19}
{"loss": 0.3340051472187042, "acc": 0.8532484769821167, "length": 3.9975039958953857, "mode": "train", "epoch": 20}
{"loss": 0.38583657145500183, "acc": 0.8276222944259644, "length": 4.0, "mode": "test", "epoch": 20}
{"loss": 0.33140450716018677, "acc": 0.8546580672264099, "length": 3.995370388031006, "mode": "train", "epoch": 21}
{"loss": 0.37045472860336304, "acc": 0.8409090638160706, "length": 4.0, "mode": "test", "epoch": 21}
{"loss": 0.31922975182533264, "acc": 0.8646010160446167, "length": 3.9960062503814697, "mode": "train", "epoch": 22}
{"loss": 0.37174588441848755, "acc": 0.8284964561462402, "length": 4.0, "mode": "test", "epoch": 22}
{"loss": 0.31708478927612305, "acc": 0.8601128458976746, "length": 3.9977669715881348, "mode": "train", "epoch": 23}
{"loss": 0.3615131080150604, "acc": 0.8417832851409912, "length": 4.0, "mode": "test", "epoch": 23}
{"loss": 0.3104515075683594, "acc": 0.8604344725608826, "length": 3.9980266094207764, "mode": "train", "epoch": 24}
{"loss": 0.35784125328063965, "acc": 0.8454544544219971, "length": 4.0, "mode": "test", "epoch": 24}
{"loss": 0.306437224149704, "acc": 0.8690685033798218, "length": 3.998131513595581, "mode": "train", "epoch": 25}
{"loss": 0.3481750786304474, "acc": 0.8506991863250732, "length": 4.0, "mode": "test", "epoch": 25}
{"loss": 0.2970874309539795, "acc": 0.8711645603179932, "length": 3.9951415061950684, "mode": "train", "epoch": 26}
{"loss": 0.3442550599575043, "acc": 0.8522727489471436, "length": 4.0, "mode": "test", "epoch": 26}
{"loss": 0.2997412085533142, "acc": 0.8719420433044434, "length": 3.9981062412261963, "mode": "train", "epoch": 27}
{"loss": 0.3364456593990326, "acc": 0.8522728085517883, "length": 4.0, "mode": "test", "epoch": 27}
{"loss": 0.2887442111968994, "acc": 0.8743446469306946, "length": 3.997469186782837, "mode": "train", "epoch": 28}
{"loss": 0.3315703868865967, "acc": 0.8527971506118774, "length": 4.0, "mode": "test", "epoch": 28}
{"loss": 0.2914254367351532, "acc": 0.8763960003852844, "length": 3.9991614818573, "mode": "train", "epoch": 29}
{"loss": 0.3242153823375702, "acc": 0.8582168221473694, "length": 4.0, "mode": "test", "epoch": 29}
{"loss": 0.2856171131134033, "acc": 0.8745801448822021, "length": 3.9988439083099365, "mode": "train", "epoch": 30}
{"loss": 0.32486972212791443, "acc": 0.8557690978050232, "length": 4.0, "mode": "test", "epoch": 30}
{"loss": 0.28150612115859985, "acc": 0.8782038688659668, "length": 3.9985108375549316, "mode": "train", "epoch": 31}
{"loss": 0.31113383173942566, "acc": 0.8645104169845581, "length": 4.0, "mode": "test", "epoch": 31}
{"loss": 0.2761799693107605, "acc": 0.8803845047950745, "length": 3.9996745586395264, "mode": "train", "epoch": 32}
{"loss": 0.3121398389339447, "acc": 0.8624127507209778, "length": 4.0, "mode": "test", "epoch": 32}
{"loss": 0.2753937244415283, "acc": 0.8809075355529785, "length": 3.99967360496521, "mode": "train", "epoch": 33}
{"loss": 0.3023744523525238, "acc": 0.8694056272506714, "length": 4.0, "mode": "test", "epoch": 33}
{"loss": 0.2710667550563812, "acc": 0.8855358362197876, "length": 3.9996814727783203, "mode": "train", "epoch": 34}
{"loss": 0.30216869711875916, "acc": 0.8720279335975647, "length": 4.0, "mode": "test", "epoch": 34}
{"loss": 0.27438244223594666, "acc": 0.8794949650764465, "length": 3.99796986579895, "mode": "train", "epoch": 35}
{"loss": 0.30414578318595886, "acc": 0.8674824833869934, "length": 4.0, "mode": "test", "epoch": 35}
{"loss": 0.26293519139289856, "acc": 0.8848338723182678, "length": 3.9997127056121826, "mode": "train", "epoch": 36}
{"loss": 0.29750922322273254, "acc": 0.8769230842590332, "length": 4.0, "mode": "test", "epoch": 36}
{"loss": 0.2618260979652405, "acc": 0.8886370062828064, "length": 3.9993464946746826, "mode": "train", "epoch": 37}
{"loss": 0.2960910201072693, "acc": 0.8790208697319031, "length": 4.0, "mode": "test", "epoch": 37}
{"loss": 0.25746962428092957, "acc": 0.892794668674469, "length": 3.997636318206787, "mode": "train", "epoch": 38}
{"loss": 0.2993089258670807, "acc": 0.8786712884902954, "length": 4.0, "mode": "test", "epoch": 38}
{"loss": 0.25355812907218933, "acc": 0.8901402950286865, "length": 3.998262405395508, "mode": "train", "epoch": 39}
{"loss": 0.28407323360443115, "acc": 0.8839159607887268, "length": 4.0, "mode": "test", "epoch": 39}
{"loss": 0.2470415234565735, "acc": 0.8946698307991028, "length": 3.9993033409118652, "mode": "train", "epoch": 40}
{"loss": 0.30129894614219666, "acc": 0.8812937140464783, "length": 4.0, "mode": "test", "epoch": 40}
{"loss": 0.24740810692310333, "acc": 0.8985024690628052, "length": 3.997382164001465, "mode": "train", "epoch": 41}
{"loss": 0.29506582021713257, "acc": 0.8751748204231262, "length": 4.0, "mode": "test", "epoch": 41}
{"loss": 0.23839645087718964, "acc": 0.9001156687736511, "length": 3.9996650218963623, "mode": "train", "epoch": 42}
{"loss": 0.28207656741142273, "acc": 0.8903844356536865, "length": 4.0, "mode": "test", "epoch": 42}
{"loss": 0.23645204305648804, "acc": 0.8992298245429993, "length": 3.9986824989318848, "mode": "train", "epoch": 43}
{"loss": 0.2799318730831146, "acc": 0.882867157459259, "length": 4.0, "mode": "test", "epoch": 43}
{"loss": 0.23203691840171814, "acc": 0.9017522931098938, "length": 3.999501943588257, "mode": "train", "epoch": 44}
{"loss": 0.27933937311172485, "acc": 0.8772727847099304, "length": 4.0, "mode": "test", "epoch": 44}
{"loss": 0.23114840686321259, "acc": 0.9020969867706299, "length": 3.998962879180908, "mode": "train", "epoch": 45}
{"loss": 0.2734900116920471, "acc": 0.889685332775116, "length": 4.0, "mode": "test", "epoch": 45}
{"loss": 0.22840771079063416, "acc": 0.9046198725700378, "length": 3.9996097087860107, "mode": "train", "epoch": 46}
{"loss": 0.2816544473171234, "acc": 0.8832167983055115, "length": 4.0, "mode": "test", "epoch": 46}
{"loss": 0.2215094119310379, "acc": 0.9076520800590515, "length": 3.9987683296203613, "mode": "train", "epoch": 47}
{"loss": 0.2711191773414612, "acc": 0.8833917379379272, "length": 4.0, "mode": "test", "epoch": 47}
{"loss": 0.21732741594314575, "acc": 0.9054239988327026, "length": 3.997009515762329, "mode": "train", "epoch": 48}
{"loss": 0.28504759073257446, "acc": 0.8755243420600891, "length": 4.0, "mode": "test", "epoch": 48}
{"loss": 0.21138601005077362, "acc": 0.9121740460395813, "length": 3.999791383743286, "mode": "train", "epoch": 49}
{"loss": 0.2519313395023346, "acc": 0.8944054841995239, "length": 4.0, "mode": "test", "epoch": 49}
{"loss": 0.20503748953342438, "acc": 0.9144595265388489, "length": 3.9998655319213867, "mode": "train", "epoch": 50}
{"loss": 0.26903364062309265, "acc": 0.8888111710548401, "length": 4.0, "mode": "test", "epoch": 50}
{"loss": 0.20709772408008575, "acc": 0.9107568264007568, "length": 3.9991273880004883, "mode": "train", "epoch": 51}
{"loss": 0.24225106835365295, "acc": 0.8926572799682617, "length": 4.0, "mode": "test", "epoch": 51}
{"loss": 0.19799403846263885, "acc": 0.9175623655319214, "length": 3.9998879432678223, "mode": "train", "epoch": 52}
{"loss": 0.25457215309143066, "acc": 0.8919581174850464, "length": 4.0, "mode": "test", "epoch": 52}
{"loss": 0.19469444453716278, "acc": 0.920701265335083, "length": 3.9987292289733887, "mode": "train", "epoch": 53}
{"loss": 0.25015437602996826, "acc": 0.8954545855522156, "length": 4.0, "mode": "test", "epoch": 53}
{"loss": 0.1933109164237976, "acc": 0.9196096062660217, "length": 3.9996750354766846, "mode": "train", "epoch": 54}
{"loss": 0.2463407814502716, "acc": 0.8998252749443054, "length": 4.0, "mode": "test", "epoch": 54}
{"loss": 0.19357247650623322, "acc": 0.9215326309204102, "length": 3.999412775039673, "mode": "train", "epoch": 55}
{"loss": 0.2585901916027069, "acc": 0.8973777890205383, "length": 4.0, "mode": "test", "epoch": 55}
{"loss": 0.1846010386943817, "acc": 0.9222473502159119, "length": 3.9999568462371826, "mode": "train", "epoch": 56}
{"loss": 0.23753869533538818, "acc": 0.9045453667640686, "length": 4.0, "mode": "test", "epoch": 56}
{"loss": 0.18917341530323029, "acc": 0.9233002066612244, "length": 3.999887704849243, "mode": "train", "epoch": 57}
{"loss": 0.22985069453716278, "acc": 0.9031468033790588, "length": 4.0, "mode": "test", "epoch": 57}
{"loss": 0.18443454802036285, "acc": 0.9248826503753662, "length": 3.9999918937683105, "mode": "train", "epoch": 58}
{"loss": 0.222666934132576, "acc": 0.9068180918693542, "length": 4.0, "mode": "test", "epoch": 58}
{"loss": 0.18162915110588074, "acc": 0.9240004420280457, "length": 3.9995744228363037, "mode": "train", "epoch": 59}
{"loss": 0.21760471165180206, "acc": 0.9020978808403015, "length": 4.0, "mode": "test", "epoch": 59}
{"loss": 0.1780989021062851, "acc": 0.9258667230606079, "length": 3.999494791030884, "mode": "train", "epoch": 60}
{"loss": 0.202926903963089, "acc": 0.9089161157608032, "length": 4.0, "mode": "test", "epoch": 60}
test accuracy: 0.8066667318344116
