# ["--attributes=5", "--values=16", "--game_size=10", "--vocab_size_factor=3", "--n_epochs=60", "--batch_size=64", "--learning_rate=0.0005", "--hidden_size=128", "--temp_update=0.97", "--temperature=1"]
Creating train_ds and val_ds...

Creating test_ds...
{"loss": 0.695440948009491, "acc": 0.49702098965644836, "length": 3.57578706741333, "mode": "train", "epoch": 1}
{"loss": 0.6849967241287231, "acc": 0.5235739946365356, "length": 2.0070672035217285, "mode": "test", "epoch": 1}
{"loss": 0.6932423114776611, "acc": 0.5180166959762573, "length": 3.5410444736480713, "mode": "train", "epoch": 2}
{"loss": 0.6729962825775146, "acc": 0.5947436094284058, "length": 2.780918836593628, "mode": "test", "epoch": 2}
{"loss": 0.6868464350700378, "acc": 0.5297176241874695, "length": 3.45894718170166, "mode": "train", "epoch": 3}
{"loss": 0.66368168592453, "acc": 0.6214629411697388, "length": 3.3109540939331055, "mode": "test", "epoch": 3}
{"loss": 0.6618473529815674, "acc": 0.6322187781333923, "length": 3.4515814781188965, "mode": "train", "epoch": 4}
{"loss": 0.6183881759643555, "acc": 0.713074266910553, "length": 4.0, "mode": "test", "epoch": 4}
{"loss": 0.5997835993766785, "acc": 0.7227749824523926, "length": 3.827061891555786, "mode": "train", "epoch": 5}
{"loss": 0.5420370697975159, "acc": 0.7531802654266357, "length": 4.0, "mode": "test", "epoch": 5}
{"loss": 0.5204592943191528, "acc": 0.7635025978088379, "length": 3.9525558948516846, "mode": "train", "epoch": 6}
{"loss": 0.4874797761440277, "acc": 0.7897527813911438, "length": 4.0, "mode": "test", "epoch": 6}
{"loss": 0.4638093411922455, "acc": 0.7984606027603149, "length": 3.9705021381378174, "mode": "train", "epoch": 7}
{"loss": 0.46702075004577637, "acc": 0.7961130142211914, "length": 4.0, "mode": "test", "epoch": 7}
{"loss": 0.4301488697528839, "acc": 0.8197574019432068, "length": 3.9896302223205566, "mode": "train", "epoch": 8}
{"loss": 0.4467321038246155, "acc": 0.804770290851593, "length": 4.0, "mode": "test", "epoch": 8}
{"loss": 0.4136563837528229, "acc": 0.8311036229133606, "length": 3.9828052520751953, "mode": "train", "epoch": 9}
{"loss": 0.4373447895050049, "acc": 0.8171378374099731, "length": 4.0, "mode": "test", "epoch": 9}
{"loss": 0.40788891911506653, "acc": 0.8353827595710754, "length": 3.9946563243865967, "mode": "train", "epoch": 10}
{"loss": 0.42953476309776306, "acc": 0.818551242351532, "length": 4.0, "mode": "test", "epoch": 10}
{"loss": 0.3948010206222534, "acc": 0.8359802961349487, "length": 3.98883318901062, "mode": "train", "epoch": 11}
{"loss": 0.4298273026943207, "acc": 0.8213780522346497, "length": 4.0, "mode": "test", "epoch": 11}
{"loss": 0.3863184154033661, "acc": 0.8377493023872375, "length": 3.9925127029418945, "mode": "train", "epoch": 12}
{"loss": 0.4333041310310364, "acc": 0.8144877552986145, "length": 4.0, "mode": "test", "epoch": 12}
{"loss": 0.3773718774318695, "acc": 0.8385776281356812, "length": 3.9956674575805664, "mode": "train", "epoch": 13}
{"loss": 0.4209996163845062, "acc": 0.821378231048584, "length": 4.0, "mode": "test", "epoch": 13}
{"loss": 0.37066787481307983, "acc": 0.8415935635566711, "length": 3.990910053253174, "mode": "train", "epoch": 14}
{"loss": 0.4040067195892334, "acc": 0.8323321342468262, "length": 4.0, "mode": "test", "epoch": 14}
{"loss": 0.35790812969207764, "acc": 0.841143786907196, "length": 3.994262456893921, "mode": "train", "epoch": 15}
{"loss": 0.3953753411769867, "acc": 0.8367493152618408, "length": 4.0, "mode": "test", "epoch": 15}
{"loss": 0.35113269090652466, "acc": 0.8439692258834839, "length": 3.9975953102111816, "mode": "train", "epoch": 16}
{"loss": 0.38136371970176697, "acc": 0.8349823951721191, "length": 4.0, "mode": "test", "epoch": 16}
{"loss": 0.3489743769168854, "acc": 0.8487611413002014, "length": 3.9947996139526367, "mode": "train", "epoch": 17}
{"loss": 0.3826882839202881, "acc": 0.8309187293052673, "length": 4.0, "mode": "test", "epoch": 17}
{"loss": 0.3352474570274353, "acc": 0.8520936369895935, "length": 3.9929189682006836, "mode": "train", "epoch": 18}
{"loss": 0.3729976713657379, "acc": 0.8367491960525513, "length": 4.0, "mode": "test", "epoch": 18}
{"loss": 0.34301039576530457, "acc": 0.8572885394096375, "length": 3.9976704120635986, "mode": "train", "epoch": 19}
{"loss": 0.36236873269081116, "acc": 0.8454062938690186, "length": 4.0, "mode": "test", "epoch": 19}
{"loss": 0.3293538987636566, "acc": 0.8588342666625977, "length": 3.9933993816375732, "mode": "train", "epoch": 20}
{"loss": 0.3556622564792633, "acc": 0.8469964265823364, "length": 4.0, "mode": "test", "epoch": 20}
{"loss": 0.32566213607788086, "acc": 0.8642797470092773, "length": 3.999608039855957, "mode": "train", "epoch": 21}
{"loss": 0.3450424373149872, "acc": 0.8535335659980774, "length": 4.0, "mode": "test", "epoch": 21}
{"loss": 0.31175848841667175, "acc": 0.8600854873657227, "length": 3.998746633529663, "mode": "train", "epoch": 22}
{"loss": 0.333374947309494, "acc": 0.8477032780647278, "length": 4.0, "mode": "test", "epoch": 22}
{"loss": 0.30312854051589966, "acc": 0.8727154731750488, "length": 3.999387741088867, "mode": "train", "epoch": 23}
{"loss": 0.32970699667930603, "acc": 0.8505300879478455, "length": 4.0, "mode": "test", "epoch": 23}
{"loss": 0.30733364820480347, "acc": 0.8682996034622192, "length": 3.997732162475586, "mode": "train", "epoch": 24}
{"loss": 0.3278576135635376, "acc": 0.8618373274803162, "length": 4.0, "mode": "test", "epoch": 24}
{"loss": 0.2889266014099121, "acc": 0.8738861680030823, "length": 3.998309850692749, "mode": "train", "epoch": 25}
{"loss": 0.3043637275695801, "acc": 0.8676678538322449, "length": 4.0, "mode": "test", "epoch": 25}
{"loss": 0.2819841504096985, "acc": 0.8763168454170227, "length": 3.9987447261810303, "mode": "train", "epoch": 26}
{"loss": 0.2846209406852722, "acc": 0.8720847368240356, "length": 4.0, "mode": "test", "epoch": 26}
{"loss": 0.26219797134399414, "acc": 0.8876113891601562, "length": 3.9976725578308105, "mode": "train", "epoch": 27}
{"loss": 0.28348508477211, "acc": 0.879858672618866, "length": 4.0, "mode": "test", "epoch": 27}
{"loss": 0.2681337594985962, "acc": 0.8924873471260071, "length": 3.998990058898926, "mode": "train", "epoch": 28}
{"loss": 0.26271292567253113, "acc": 0.8941696882247925, "length": 4.0, "mode": "test", "epoch": 28}
{"loss": 0.25432902574539185, "acc": 0.8960469961166382, "length": 3.9974043369293213, "mode": "train", "epoch": 29}
{"loss": 0.2466343641281128, "acc": 0.8996465802192688, "length": 4.0, "mode": "test", "epoch": 29}
{"loss": 0.24031294882297516, "acc": 0.9059596061706543, "length": 3.996110677719116, "mode": "train", "epoch": 30}
{"loss": 0.24474604427814484, "acc": 0.899116575717926, "length": 4.0, "mode": "test", "epoch": 30}
{"loss": 0.24153055250644684, "acc": 0.8996697068214417, "length": 3.9987905025482178, "mode": "train", "epoch": 31}
{"loss": 0.24239616096019745, "acc": 0.9001767635345459, "length": 4.0, "mode": "test", "epoch": 31}
{"loss": 0.23640570044517517, "acc": 0.9071857929229736, "length": 3.9995155334472656, "mode": "train", "epoch": 32}
{"loss": 0.24251294136047363, "acc": 0.901060163974762, "length": 4.0, "mode": "test", "epoch": 32}
{"loss": 0.23190167546272278, "acc": 0.909144937992096, "length": 3.999772548675537, "mode": "train", "epoch": 33}
{"loss": 0.2313115894794464, "acc": 0.9038868546485901, "length": 4.0, "mode": "test", "epoch": 33}
{"loss": 0.22078673541545868, "acc": 0.9151657223701477, "length": 3.9996583461761475, "mode": "train", "epoch": 34}
{"loss": 0.22574372589588165, "acc": 0.9097172617912292, "length": 4.0, "mode": "test", "epoch": 34}
{"loss": 0.21916712820529938, "acc": 0.9089563488960266, "length": 3.99916934967041, "mode": "train", "epoch": 35}
{"loss": 0.2221490889787674, "acc": 0.9130743145942688, "length": 4.0, "mode": "test", "epoch": 35}
{"loss": 0.2101803421974182, "acc": 0.9175221920013428, "length": 3.9997575283050537, "mode": "train", "epoch": 36}
{"loss": 0.22800278663635254, "acc": 0.9091872572898865, "length": 4.0, "mode": "test", "epoch": 36}
{"loss": 0.19943685829639435, "acc": 0.9232894778251648, "length": 3.9980976581573486, "mode": "train", "epoch": 37}
{"loss": 0.23059633374214172, "acc": 0.9109539985656738, "length": 4.0, "mode": "test", "epoch": 37}
{"loss": 0.20452389121055603, "acc": 0.9253722429275513, "length": 3.9996249675750732, "mode": "train", "epoch": 38}
{"loss": 0.223403200507164, "acc": 0.9118373990058899, "length": 4.0, "mode": "test", "epoch": 38}
{"loss": 0.19538190960884094, "acc": 0.9218149185180664, "length": 3.9974541664123535, "mode": "train", "epoch": 39}
{"loss": 0.2183077335357666, "acc": 0.9150176048278809, "length": 4.0, "mode": "test", "epoch": 39}
{"loss": 0.18935371935367584, "acc": 0.9287641644477844, "length": 3.9985640048980713, "mode": "train", "epoch": 40}
{"loss": 0.2132134884595871, "acc": 0.914310872554779, "length": 4.0, "mode": "test", "epoch": 40}
{"loss": 0.19000433385372162, "acc": 0.9274929165840149, "length": 3.999601125717163, "mode": "train", "epoch": 41}
{"loss": 0.20926527678966522, "acc": 0.9227914810180664, "length": 4.0, "mode": "test", "epoch": 41}
{"loss": 0.18471351265907288, "acc": 0.9297233819961548, "length": 3.998263359069824, "mode": "train", "epoch": 42}
{"loss": 0.20980921387672424, "acc": 0.9247351288795471, "length": 4.0, "mode": "test", "epoch": 42}
{"loss": 0.18432797491550446, "acc": 0.9270346164703369, "length": 3.9999570846557617, "mode": "train", "epoch": 43}
{"loss": 0.2007666677236557, "acc": 0.9266785383224487, "length": 4.0, "mode": "test", "epoch": 43}
{"loss": 0.18410393595695496, "acc": 0.9326112866401672, "length": 3.9978044033050537, "mode": "train", "epoch": 44}
{"loss": 0.20298592746257782, "acc": 0.9325089454650879, "length": 4.0, "mode": "test", "epoch": 44}
{"loss": 0.17977645993232727, "acc": 0.9327586889266968, "length": 3.9999189376831055, "mode": "train", "epoch": 45}
{"loss": 0.20362281799316406, "acc": 0.9328622817993164, "length": 4.0, "mode": "test", "epoch": 45}
{"loss": 0.1719982773065567, "acc": 0.9351806044578552, "length": 3.9998836517333984, "mode": "train", "epoch": 46}
{"loss": 0.20524466037750244, "acc": 0.9256184101104736, "length": 4.0, "mode": "test", "epoch": 46}
{"loss": 0.18025429546833038, "acc": 0.9320510029792786, "length": 3.9999186992645264, "mode": "train", "epoch": 47}
{"loss": 0.19677653908729553, "acc": 0.9363958835601807, "length": 4.0, "mode": "test", "epoch": 47}
{"loss": 0.1765490621328354, "acc": 0.934920072555542, "length": 3.999267339706421, "mode": "train", "epoch": 48}
{"loss": 0.20294804871082306, "acc": 0.9309187531471252, "length": 4.0, "mode": "test", "epoch": 48}
{"loss": 0.1682390719652176, "acc": 0.9381879568099976, "length": 3.999844551086426, "mode": "train", "epoch": 49}
{"loss": 0.19151630997657776, "acc": 0.9365724921226501, "length": 4.0, "mode": "test", "epoch": 49}
{"loss": 0.1682928055524826, "acc": 0.9393144845962524, "length": 3.999983787536621, "mode": "train", "epoch": 50}
{"loss": 0.1843678057193756, "acc": 0.9332153797149658, "length": 4.0, "mode": "test", "epoch": 50}
{"loss": 0.17141705751419067, "acc": 0.9356493353843689, "length": 3.999811887741089, "mode": "train", "epoch": 51}
{"loss": 0.19004003703594208, "acc": 0.9371024966239929, "length": 4.0, "mode": "test", "epoch": 51}
{"loss": 0.16782288253307343, "acc": 0.9358293414115906, "length": 3.9999213218688965, "mode": "train", "epoch": 52}
{"loss": 0.1981862634420395, "acc": 0.9302120208740234, "length": 4.0, "mode": "test", "epoch": 52}
{"loss": 0.16003689169883728, "acc": 0.9412466883659363, "length": 3.9996120929718018, "mode": "train", "epoch": 53}
{"loss": 0.18384049832820892, "acc": 0.928091824054718, "length": 4.0, "mode": "test", "epoch": 53}
{"loss": 0.15501408278942108, "acc": 0.9444215893745422, "length": 3.9995508193969727, "mode": "train", "epoch": 54}
{"loss": 0.17834071815013885, "acc": 0.9374557733535767, "length": 4.0, "mode": "test", "epoch": 54}
{"loss": 0.16013513505458832, "acc": 0.9407892823219299, "length": 3.9999401569366455, "mode": "train", "epoch": 55}
{"loss": 0.18841615319252014, "acc": 0.9392225742340088, "length": 4.0, "mode": "test", "epoch": 55}
{"loss": 0.1635497808456421, "acc": 0.9381324052810669, "length": 3.999953269958496, "mode": "train", "epoch": 56}
{"loss": 0.1854216307401657, "acc": 0.938692569732666, "length": 4.0, "mode": "test", "epoch": 56}
{"loss": 0.1673063486814499, "acc": 0.9394883513450623, "length": 3.9998977184295654, "mode": "train", "epoch": 57}
{"loss": 0.1779489815235138, "acc": 0.9393991827964783, "length": 4.0, "mode": "test", "epoch": 57}
{"loss": 0.16419830918312073, "acc": 0.9417350888252258, "length": 3.9999892711639404, "mode": "train", "epoch": 58}
{"loss": 0.19586090743541718, "acc": 0.9333922863006592, "length": 4.0, "mode": "test", "epoch": 58}
{"loss": 0.14905652403831482, "acc": 0.9460436105728149, "length": 3.998962879180908, "mode": "train", "epoch": 59}
{"loss": 0.18049506843090057, "acc": 0.9411659836769104, "length": 4.0, "mode": "test", "epoch": 59}
{"loss": 0.1468154937028885, "acc": 0.9462210536003113, "length": 3.9999747276306152, "mode": "train", "epoch": 60}
{"loss": 0.1832379698753357, "acc": 0.9369257688522339, "length": 4.0, "mode": "test", "epoch": 60}
test accuracy: 0.8612903356552124
