# ["--attributes=5", "--values=16", "--game_size=10", "--vocab_size_factor=3", "--n_epochs=60", "--batch_size=64", "--learning_rate=0.0005", "--hidden_size=128", "--temp_update=0.97", "--temperature=1.5"]
Creating train_ds and val_ds...

Creating test_ds...
{"loss": 0.6984375715255737, "acc": 0.5021410584449768, "length": 3.4902281761169434, "mode": "train", "epoch": 1}
{"loss": 0.6921186447143555, "acc": 0.509793758392334, "length": 1.0, "mode": "test", "epoch": 1}
{"loss": 0.6920827031135559, "acc": 0.5279635190963745, "length": 3.360992670059204, "mode": "train", "epoch": 2}
{"loss": 0.6923577189445496, "acc": 0.5284487009048462, "length": 1.0068728923797607, "mode": "test", "epoch": 2}
{"loss": 0.6889812350273132, "acc": 0.53932785987854, "length": 3.163323163986206, "mode": "train", "epoch": 3}
{"loss": 0.6730786561965942, "acc": 0.6022537350654602, "length": 1.6975945234298706, "mode": "test", "epoch": 3}
{"loss": 0.6738751530647278, "acc": 0.6104227900505066, "length": 2.9233837127685547, "mode": "train", "epoch": 4}
{"loss": 0.6466414928436279, "acc": 0.6880460977554321, "length": 2.5910654067993164, "mode": "test", "epoch": 4}
{"loss": 0.6344195604324341, "acc": 0.6871940493583679, "length": 3.084794044494629, "mode": "train", "epoch": 5}
{"loss": 0.5847823023796082, "acc": 0.7558308243751526, "length": 3.07903790473938, "mode": "test", "epoch": 5}
{"loss": 0.561745822429657, "acc": 0.746405303478241, "length": 3.4919798374176025, "mode": "train", "epoch": 6}
{"loss": 0.5239645838737488, "acc": 0.7522659301757812, "length": 3.9931271076202393, "mode": "test", "epoch": 6}
{"loss": 0.502291738986969, "acc": 0.768224835395813, "length": 3.8484585285186768, "mode": "train", "epoch": 7}
{"loss": 0.4975797235965729, "acc": 0.7802404165267944, "length": 4.0, "mode": "test", "epoch": 7}
{"loss": 0.4726443588733673, "acc": 0.7871708869934082, "length": 3.924757957458496, "mode": "train", "epoch": 8}
{"loss": 0.4942929446697235, "acc": 0.7759451270103455, "length": 4.0, "mode": "test", "epoch": 8}
{"loss": 0.4547206163406372, "acc": 0.7929847836494446, "length": 3.9632108211517334, "mode": "train", "epoch": 9}
{"loss": 0.4639674723148346, "acc": 0.7898625731468201, "length": 4.0, "mode": "test", "epoch": 9}
{"loss": 0.4339081346988678, "acc": 0.8040136694908142, "length": 3.972813606262207, "mode": "train", "epoch": 10}
{"loss": 0.452151358127594, "acc": 0.7895188331604004, "length": 4.0, "mode": "test", "epoch": 10}
{"loss": 0.4138823449611664, "acc": 0.8136367201805115, "length": 3.9808030128479004, "mode": "train", "epoch": 11}
{"loss": 0.4288456439971924, "acc": 0.8092783689498901, "length": 4.0, "mode": "test", "epoch": 11}
{"loss": 0.38880655169487, "acc": 0.8289349675178528, "length": 3.979898452758789, "mode": "train", "epoch": 12}
{"loss": 0.4201703667640686, "acc": 0.8185566663742065, "length": 4.0, "mode": "test", "epoch": 12}
{"loss": 0.37617504596710205, "acc": 0.8405975103378296, "length": 3.9896984100341797, "mode": "train", "epoch": 13}
{"loss": 0.4111607074737549, "acc": 0.8333332538604736, "length": 4.0, "mode": "test", "epoch": 13}
{"loss": 0.3569502532482147, "acc": 0.848581075668335, "length": 3.989929437637329, "mode": "train", "epoch": 14}
{"loss": 0.4061443507671356, "acc": 0.8328178524971008, "length": 4.0, "mode": "test", "epoch": 14}
{"loss": 0.35476401448249817, "acc": 0.8539286851882935, "length": 3.992802858352661, "mode": "train", "epoch": 15}
{"loss": 0.39658501744270325, "acc": 0.8353951573371887, "length": 4.0, "mode": "test", "epoch": 15}
{"loss": 0.3385612666606903, "acc": 0.8562412261962891, "length": 3.989635944366455, "mode": "train", "epoch": 16}
{"loss": 0.38816893100738525, "acc": 0.8365978598594666, "length": 4.0, "mode": "test", "epoch": 16}
{"loss": 0.33347365260124207, "acc": 0.8591052889823914, "length": 3.9951930046081543, "mode": "train", "epoch": 17}
{"loss": 0.37456393241882324, "acc": 0.8396906852722168, "length": 4.0, "mode": "test", "epoch": 17}
{"loss": 0.32054778933525085, "acc": 0.8640967011451721, "length": 3.9957594871520996, "mode": "train", "epoch": 18}
{"loss": 0.3717564642429352, "acc": 0.841408908367157, "length": 4.0, "mode": "test", "epoch": 18}
{"loss": 0.31999364495277405, "acc": 0.8640836477279663, "length": 3.9920694828033447, "mode": "train", "epoch": 19}
{"loss": 0.37774309515953064, "acc": 0.841408908367157, "length": 4.0, "mode": "test", "epoch": 19}
{"loss": 0.3113309442996979, "acc": 0.8679731488227844, "length": 3.996544599533081, "mode": "train", "epoch": 20}
{"loss": 0.3407532870769501, "acc": 0.8561855554580688, "length": 4.0, "mode": "test", "epoch": 20}
{"loss": 0.311061292886734, "acc": 0.8699973821640015, "length": 3.9949991703033447, "mode": "train", "epoch": 21}
{"loss": 0.3421555459499359, "acc": 0.8601374626159668, "length": 4.0, "mode": "test", "epoch": 21}
{"loss": 0.3007315993309021, "acc": 0.8759588003158569, "length": 3.995082378387451, "mode": "train", "epoch": 22}
{"loss": 0.3408866822719574, "acc": 0.8644328713417053, "length": 4.0, "mode": "test", "epoch": 22}
{"loss": 0.29155677556991577, "acc": 0.878663182258606, "length": 3.994959592819214, "mode": "train", "epoch": 23}
{"loss": 0.32395097613334656, "acc": 0.8675258755683899, "length": 4.0, "mode": "test", "epoch": 23}
{"loss": 0.27798664569854736, "acc": 0.8895952105522156, "length": 3.996332883834839, "mode": "train", "epoch": 24}
{"loss": 0.3139301538467407, "acc": 0.8738831877708435, "length": 4.0, "mode": "test", "epoch": 24}
{"loss": 0.273043155670166, "acc": 0.8873752951622009, "length": 3.9941277503967285, "mode": "train", "epoch": 25}
{"loss": 0.31350991129875183, "acc": 0.8711339235305786, "length": 4.0, "mode": "test", "epoch": 25}
{"loss": 0.26828837394714355, "acc": 0.8936004042625427, "length": 3.9943296909332275, "mode": "train", "epoch": 26}
{"loss": 0.311434268951416, "acc": 0.8769760727882385, "length": 4.0, "mode": "test", "epoch": 26}
{"loss": 0.26347094774246216, "acc": 0.8930876851081848, "length": 3.9966869354248047, "mode": "train", "epoch": 27}
{"loss": 0.2991534471511841, "acc": 0.8809278607368469, "length": 4.0, "mode": "test", "epoch": 27}
{"loss": 0.2638634145259857, "acc": 0.895672082901001, "length": 3.9991326332092285, "mode": "train", "epoch": 28}
{"loss": 0.29980501532554626, "acc": 0.8797250986099243, "length": 4.0, "mode": "test", "epoch": 28}
{"loss": 0.2608204483985901, "acc": 0.8956567645072937, "length": 3.994025468826294, "mode": "train", "epoch": 29}
{"loss": 0.29654622077941895, "acc": 0.8895190358161926, "length": 4.0, "mode": "test", "epoch": 29}
{"loss": 0.2565065920352936, "acc": 0.9035178422927856, "length": 3.998310089111328, "mode": "train", "epoch": 30}
{"loss": 0.29478803277015686, "acc": 0.8828178644180298, "length": 4.0, "mode": "test", "epoch": 30}
{"loss": 0.2501872479915619, "acc": 0.9039444923400879, "length": 3.997476100921631, "mode": "train", "epoch": 31}
{"loss": 0.2867238521575928, "acc": 0.8902062773704529, "length": 4.0, "mode": "test", "epoch": 31}
{"loss": 0.24671471118927002, "acc": 0.9049867987632751, "length": 3.998849630355835, "mode": "train", "epoch": 32}
{"loss": 0.2740902602672577, "acc": 0.8914089202880859, "length": 4.0, "mode": "test", "epoch": 32}
{"loss": 0.24200525879859924, "acc": 0.9079274535179138, "length": 3.9980905055999756, "mode": "train", "epoch": 33}
{"loss": 0.27065566182136536, "acc": 0.9082473516464233, "length": 4.0, "mode": "test", "epoch": 33}
{"loss": 0.24072624742984772, "acc": 0.9080262184143066, "length": 3.998671054840088, "mode": "train", "epoch": 34}
{"loss": 0.26629960536956787, "acc": 0.8994846343994141, "length": 4.0, "mode": "test", "epoch": 34}
{"loss": 0.23305249214172363, "acc": 0.9117801785469055, "length": 3.998103141784668, "mode": "train", "epoch": 35}
{"loss": 0.2968674600124359, "acc": 0.8833332657814026, "length": 4.0, "mode": "test", "epoch": 35}
{"loss": 0.23671099543571472, "acc": 0.9112631678581238, "length": 3.9990217685699463, "mode": "train", "epoch": 36}
{"loss": 0.26408350467681885, "acc": 0.9027491807937622, "length": 4.0, "mode": "test", "epoch": 36}
{"loss": 0.23419643938541412, "acc": 0.9112423658370972, "length": 3.998481273651123, "mode": "train", "epoch": 37}
{"loss": 0.2680482566356659, "acc": 0.9075600504875183, "length": 4.0, "mode": "test", "epoch": 37}
{"loss": 0.227682963013649, "acc": 0.9138581156730652, "length": 3.999403476715088, "mode": "train", "epoch": 38}
{"loss": 0.26414990425109863, "acc": 0.9012027382850647, "length": 4.0, "mode": "test", "epoch": 38}
{"loss": 0.22112423181533813, "acc": 0.9211055636405945, "length": 3.999448299407959, "mode": "train", "epoch": 39}
{"loss": 0.2737624943256378, "acc": 0.8970789909362793, "length": 4.0, "mode": "test", "epoch": 39}
{"loss": 0.21845833957195282, "acc": 0.9188705682754517, "length": 3.9973273277282715, "mode": "train", "epoch": 40}
{"loss": 0.2617104649543762, "acc": 0.9120275974273682, "length": 4.0, "mode": "test", "epoch": 40}
{"loss": 0.22320029139518738, "acc": 0.9194737076759338, "length": 3.998229742050171, "mode": "train", "epoch": 41}
{"loss": 0.25844481587409973, "acc": 0.9042953848838806, "length": 4.0, "mode": "test", "epoch": 41}
{"loss": 0.217599555850029, "acc": 0.9238684177398682, "length": 3.9990296363830566, "mode": "train", "epoch": 42}
{"loss": 0.2551862895488739, "acc": 0.9180412292480469, "length": 4.0, "mode": "test", "epoch": 42}
{"loss": 0.21144422888755798, "acc": 0.925595760345459, "length": 3.9996426105499268, "mode": "train", "epoch": 43}
{"loss": 0.26511117815971375, "acc": 0.907216489315033, "length": 4.0, "mode": "test", "epoch": 43}
{"loss": 0.2101842761039734, "acc": 0.9223147630691528, "length": 3.9993953704833984, "mode": "train", "epoch": 44}
{"loss": 0.2535395622253418, "acc": 0.9128865599632263, "length": 4.0, "mode": "test", "epoch": 44}
{"loss": 0.2093905806541443, "acc": 0.9274418354034424, "length": 3.9970691204071045, "mode": "train", "epoch": 45}
{"loss": 0.2481255978345871, "acc": 0.915635883808136, "length": 4.0, "mode": "test", "epoch": 45}
{"loss": 0.20617860555648804, "acc": 0.9258861541748047, "length": 3.999798059463501, "mode": "train", "epoch": 46}
{"loss": 0.24110381305217743, "acc": 0.916666567325592, "length": 4.0, "mode": "test", "epoch": 46}
{"loss": 0.2041943222284317, "acc": 0.9295107126235962, "length": 3.9989020824432373, "mode": "train", "epoch": 47}
{"loss": 0.24115006625652313, "acc": 0.9168384671211243, "length": 4.0, "mode": "test", "epoch": 47}
{"loss": 0.19914039969444275, "acc": 0.9312753677368164, "length": 3.996364116668701, "mode": "train", "epoch": 48}
{"loss": 0.2451731264591217, "acc": 0.9158076643943787, "length": 4.0, "mode": "test", "epoch": 48}
{"loss": 0.20280060172080994, "acc": 0.9280150532722473, "length": 3.999481678009033, "mode": "train", "epoch": 49}
{"loss": 0.24277091026306152, "acc": 0.9173538684844971, "length": 4.0, "mode": "test", "epoch": 49}
{"loss": 0.1982434093952179, "acc": 0.9301335215568542, "length": 3.9988057613372803, "mode": "train", "epoch": 50}
{"loss": 0.23084783554077148, "acc": 0.9218214154243469, "length": 4.0, "mode": "test", "epoch": 50}
{"loss": 0.1948002725839615, "acc": 0.9284121990203857, "length": 3.998971939086914, "mode": "train", "epoch": 51}
{"loss": 0.23684163391590118, "acc": 0.9195876717567444, "length": 4.0, "mode": "test", "epoch": 51}
{"loss": 0.18899591267108917, "acc": 0.9322526454925537, "length": 3.9971630573272705, "mode": "train", "epoch": 52}
{"loss": 0.23260846734046936, "acc": 0.9176976680755615, "length": 4.0, "mode": "test", "epoch": 52}
{"loss": 0.18484999239444733, "acc": 0.9367067813873291, "length": 3.999891519546509, "mode": "train", "epoch": 53}
{"loss": 0.2399919480085373, "acc": 0.9173539876937866, "length": 4.0, "mode": "test", "epoch": 53}
{"loss": 0.1865762174129486, "acc": 0.934117317199707, "length": 3.999891519546509, "mode": "train", "epoch": 54}
{"loss": 0.23578405380249023, "acc": 0.9233677387237549, "length": 4.0, "mode": "test", "epoch": 54}
{"loss": 0.18772247433662415, "acc": 0.9327608942985535, "length": 3.998227834701538, "mode": "train", "epoch": 55}
{"loss": 0.29389315843582153, "acc": 0.9056702852249146, "length": 4.0, "mode": "test", "epoch": 55}
{"loss": 0.2001284509897232, "acc": 0.9297996759414673, "length": 3.9995522499084473, "mode": "train", "epoch": 56}
{"loss": 0.24843454360961914, "acc": 0.917697548866272, "length": 4.0, "mode": "test", "epoch": 56}
{"loss": 0.18532194197177887, "acc": 0.9342268705368042, "length": 3.9997780323028564, "mode": "train", "epoch": 57}
{"loss": 0.23111525177955627, "acc": 0.9228522777557373, "length": 4.0, "mode": "test", "epoch": 57}
{"loss": 0.1853596419095993, "acc": 0.9350879788398743, "length": 3.9997150897979736, "mode": "train", "epoch": 58}
{"loss": 0.22019194066524506, "acc": 0.9238832592964172, "length": 4.0, "mode": "test", "epoch": 58}
{"loss": 0.1868554949760437, "acc": 0.9350094199180603, "length": 3.9988155364990234, "mode": "train", "epoch": 59}
{"loss": 0.23328004777431488, "acc": 0.9123711585998535, "length": 4.0, "mode": "test", "epoch": 59}
{"loss": 0.1803010106086731, "acc": 0.9364086985588074, "length": 3.999636650085449, "mode": "train", "epoch": 60}
{"loss": 0.20928750932216644, "acc": 0.9249141812324524, "length": 4.0, "mode": "test", "epoch": 60}
test accuracy: 0.8100000619888306
