# ["--attributes=5", "--values=16", "--game_size=10", "--vocab_size_factor=3", "--n_epochs=60", "--batch_size=64", "--learning_rate=0.0005", "--hidden_size=128", "--temp_update=0.97", "--temperature=2"]
Creating train_ds and val_ds...

Creating test_ds...
{"loss": 0.6973374485969543, "acc": 0.5181953310966492, "length": 3.5159568786621094, "mode": "train", "epoch": 1}
{"loss": 0.6935909390449524, "acc": 0.5219594836235046, "length": 1.0, "mode": "test", "epoch": 1}
{"loss": 0.6902205944061279, "acc": 0.5361899733543396, "length": 3.403099298477173, "mode": "train", "epoch": 2}
{"loss": 0.69318687915802, "acc": 0.5337838530540466, "length": 1.0, "mode": "test", "epoch": 2}
{"loss": 0.6859117150306702, "acc": 0.5489645004272461, "length": 3.155348539352417, "mode": "train", "epoch": 3}
{"loss": 0.6780889630317688, "acc": 0.5729708671569824, "length": 1.6385135650634766, "mode": "test", "epoch": 3}
{"loss": 0.6762414574623108, "acc": 0.5781797766685486, "length": 3.1215312480926514, "mode": "train", "epoch": 4}
{"loss": 0.6536271572113037, "acc": 0.633841872215271, "length": 2.6655404567718506, "mode": "test", "epoch": 4}
{"loss": 0.6472867131233215, "acc": 0.6415031552314758, "length": 3.1770095825195312, "mode": "train", "epoch": 5}
{"loss": 0.6047658920288086, "acc": 0.7298775315284729, "length": 3.0878379344940186, "mode": "test", "epoch": 5}
{"loss": 0.5840601921081543, "acc": 0.7503752112388611, "length": 3.3959522247314453, "mode": "train", "epoch": 6}
{"loss": 0.5342593193054199, "acc": 0.7687314748764038, "length": 3.422297239303589, "mode": "test", "epoch": 6}
{"loss": 0.5126842260360718, "acc": 0.7530562281608582, "length": 3.55069899559021, "mode": "train", "epoch": 7}
{"loss": 0.4907992482185364, "acc": 0.7927865982055664, "length": 3.4932432174682617, "mode": "test", "epoch": 7}
{"loss": 0.4648889899253845, "acc": 0.7919329404830933, "length": 3.5326976776123047, "mode": "train", "epoch": 8}
{"loss": 0.46044522523880005, "acc": 0.801358163356781, "length": 3.354729652404785, "mode": "test", "epoch": 8}
{"loss": 0.42687085270881653, "acc": 0.8188939094543457, "length": 3.536379098892212, "mode": "train", "epoch": 9}
{"loss": 0.4271761476993561, "acc": 0.8199995160102844, "length": 3.597972869873047, "mode": "test", "epoch": 9}
{"loss": 0.39087975025177, "acc": 0.8321182727813721, "length": 3.7089507579803467, "mode": "train", "epoch": 10}
{"loss": 0.41484615206718445, "acc": 0.8286924362182617, "length": 3.9425675868988037, "mode": "test", "epoch": 10}
{"loss": 0.363290935754776, "acc": 0.8486127257347107, "length": 3.8527162075042725, "mode": "train", "epoch": 11}
{"loss": 0.41998687386512756, "acc": 0.8325353860855103, "length": 3.952702760696411, "mode": "test", "epoch": 11}
{"loss": 0.34114566445350647, "acc": 0.8558423519134521, "length": 3.888578414916992, "mode": "train", "epoch": 12}
{"loss": 0.4112788140773773, "acc": 0.8464289307594299, "length": 3.9662163257598877, "mode": "test", "epoch": 12}
{"loss": 0.32445892691612244, "acc": 0.8628895878791809, "length": 3.9163758754730225, "mode": "train", "epoch": 13}
{"loss": 0.3945469856262207, "acc": 0.8473474383354187, "length": 3.9864864349365234, "mode": "test", "epoch": 13}
{"loss": 0.3145747184753418, "acc": 0.8654264807701111, "length": 3.9301161766052246, "mode": "train", "epoch": 14}
{"loss": 0.3726339340209961, "acc": 0.8528715372085571, "length": 4.0, "mode": "test", "epoch": 14}
{"loss": 0.3074607253074646, "acc": 0.8743242025375366, "length": 3.956022024154663, "mode": "train", "epoch": 15}
{"loss": 0.35401231050491333, "acc": 0.8510135412216187, "length": 4.0, "mode": "test", "epoch": 15}
{"loss": 0.29715052247047424, "acc": 0.8760499358177185, "length": 3.965935230255127, "mode": "train", "epoch": 16}
{"loss": 0.3443027138710022, "acc": 0.8635134696960449, "length": 4.0, "mode": "test", "epoch": 16}
{"loss": 0.2869955897331238, "acc": 0.8805705904960632, "length": 3.980435371398926, "mode": "train", "epoch": 17}
{"loss": 0.33696699142456055, "acc": 0.8662161827087402, "length": 4.0, "mode": "test", "epoch": 17}
{"loss": 0.2807348966598511, "acc": 0.8816348910331726, "length": 3.9797139167785645, "mode": "train", "epoch": 18}
{"loss": 0.3272775113582611, "acc": 0.8724660873413086, "length": 4.0, "mode": "test", "epoch": 18}
{"loss": 0.27086004614830017, "acc": 0.8949341773986816, "length": 3.988218307495117, "mode": "train", "epoch": 19}
{"loss": 0.31884148716926575, "acc": 0.8804054260253906, "length": 4.0, "mode": "test", "epoch": 19}
{"loss": 0.26429876685142517, "acc": 0.8949114084243774, "length": 3.9889917373657227, "mode": "train", "epoch": 20}
{"loss": 0.3195231854915619, "acc": 0.8771957159042358, "length": 4.0, "mode": "test", "epoch": 20}
{"loss": 0.25415897369384766, "acc": 0.8970698118209839, "length": 3.9860222339630127, "mode": "train", "epoch": 21}
{"loss": 0.310512900352478, "acc": 0.875338077545166, "length": 4.0, "mode": "test", "epoch": 21}
{"loss": 0.24756647646427155, "acc": 0.9015361666679382, "length": 3.991549253463745, "mode": "train", "epoch": 22}
{"loss": 0.31789320707321167, "acc": 0.8778716325759888, "length": 4.0, "mode": "test", "epoch": 22}
{"loss": 0.2463187575340271, "acc": 0.8998555541038513, "length": 3.9900665283203125, "mode": "train", "epoch": 23}
{"loss": 0.30799785256385803, "acc": 0.8765202164649963, "length": 4.0, "mode": "test", "epoch": 23}
{"loss": 0.23577430844306946, "acc": 0.9078633785247803, "length": 3.994811773300171, "mode": "train", "epoch": 24}
{"loss": 0.31219181418418884, "acc": 0.8807432055473328, "length": 4.0, "mode": "test", "epoch": 24}
{"loss": 0.23030716180801392, "acc": 0.909379243850708, "length": 3.99446964263916, "mode": "train", "epoch": 25}
{"loss": 0.29491689801216125, "acc": 0.8841215372085571, "length": 4.0, "mode": "test", "epoch": 25}
{"loss": 0.22567510604858398, "acc": 0.912955641746521, "length": 3.9973578453063965, "mode": "train", "epoch": 26}
{"loss": 0.2850925922393799, "acc": 0.8895270824432373, "length": 4.0, "mode": "test", "epoch": 26}
{"loss": 0.21636922657489777, "acc": 0.9171493053436279, "length": 3.994450807571411, "mode": "train", "epoch": 27}
{"loss": 0.2884235084056854, "acc": 0.8869932889938354, "length": 4.0, "mode": "test", "epoch": 27}
{"loss": 0.2163359820842743, "acc": 0.9159034490585327, "length": 3.997878313064575, "mode": "train", "epoch": 28}
{"loss": 0.27936652302742004, "acc": 0.8922297358512878, "length": 4.0, "mode": "test", "epoch": 28}
{"loss": 0.20697230100631714, "acc": 0.9214784502983093, "length": 3.995999336242676, "mode": "train", "epoch": 29}
{"loss": 0.2735057473182678, "acc": 0.8964527249336243, "length": 4.0, "mode": "test", "epoch": 29}
{"loss": 0.20142154395580292, "acc": 0.9227028489112854, "length": 3.9985451698303223, "mode": "train", "epoch": 30}
{"loss": 0.2784431576728821, "acc": 0.8972973227500916, "length": 4.0, "mode": "test", "epoch": 30}
{"loss": 0.19690923392772675, "acc": 0.9241123795509338, "length": 3.997711420059204, "mode": "train", "epoch": 31}
{"loss": 0.2541625201702118, "acc": 0.9072635769844055, "length": 4.0, "mode": "test", "epoch": 31}
{"loss": 0.19867251813411713, "acc": 0.9239134788513184, "length": 3.995100498199463, "mode": "train", "epoch": 32}
{"loss": 0.2599491477012634, "acc": 0.9042229652404785, "length": 4.0, "mode": "test", "epoch": 32}
{"loss": 0.1928754448890686, "acc": 0.9263418316841125, "length": 3.9991085529327393, "mode": "train", "epoch": 33}
{"loss": 0.2651253044605255, "acc": 0.9005067944526672, "length": 4.0, "mode": "test", "epoch": 33}
{"loss": 0.18779639899730682, "acc": 0.9287533760070801, "length": 3.9980733394622803, "mode": "train", "epoch": 34}
{"loss": 0.2604762017726898, "acc": 0.8957769870758057, "length": 4.0, "mode": "test", "epoch": 34}
{"loss": 0.1922464519739151, "acc": 0.9269951581954956, "length": 3.9984748363494873, "mode": "train", "epoch": 35}
{"loss": 0.23855824768543243, "acc": 0.9131757616996765, "length": 4.0, "mode": "test", "epoch": 35}
{"loss": 0.18554864823818207, "acc": 0.929905116558075, "length": 3.999180793762207, "mode": "train", "epoch": 36}
{"loss": 0.26240524649620056, "acc": 0.9005067944526672, "length": 4.0, "mode": "test", "epoch": 36}
{"loss": 0.18630914390087128, "acc": 0.9300339818000793, "length": 3.9976494312286377, "mode": "train", "epoch": 37}
{"loss": 0.24603939056396484, "acc": 0.914864718914032, "length": 4.0, "mode": "test", "epoch": 37}
{"loss": 0.18430528044700623, "acc": 0.9326738119125366, "length": 3.998922348022461, "mode": "train", "epoch": 38}
{"loss": 0.22945857048034668, "acc": 0.9233108758926392, "length": 4.0, "mode": "test", "epoch": 38}
{"loss": 0.16973716020584106, "acc": 0.9371448755264282, "length": 3.9991402626037598, "mode": "train", "epoch": 39}
{"loss": 0.22718985378742218, "acc": 0.9155405163764954, "length": 4.0, "mode": "test", "epoch": 39}
{"loss": 0.17078574001789093, "acc": 0.9378246068954468, "length": 3.9993879795074463, "mode": "train", "epoch": 40}
{"loss": 0.23646460473537445, "acc": 0.9212837219238281, "length": 4.0, "mode": "test", "epoch": 40}
{"loss": 0.16825249791145325, "acc": 0.9367340207099915, "length": 3.998880624771118, "mode": "train", "epoch": 41}
{"loss": 0.23143111169338226, "acc": 0.9184122085571289, "length": 4.0, "mode": "test", "epoch": 41}
{"loss": 0.16870209574699402, "acc": 0.9394729137420654, "length": 3.9996988773345947, "mode": "train", "epoch": 42}
{"loss": 0.2304050773382187, "acc": 0.9125000238418579, "length": 4.0, "mode": "test", "epoch": 42}
{"loss": 0.1653742790222168, "acc": 0.94014573097229, "length": 3.999239683151245, "mode": "train", "epoch": 43}
{"loss": 0.22634194791316986, "acc": 0.9157094955444336, "length": 4.0, "mode": "test", "epoch": 43}
{"loss": 0.16600798070430756, "acc": 0.9416818618774414, "length": 3.999851703643799, "mode": "train", "epoch": 44}
{"loss": 0.2209780067205429, "acc": 0.9197633862495422, "length": 4.0, "mode": "test", "epoch": 44}
{"loss": 0.15950095653533936, "acc": 0.9449871778488159, "length": 3.998716115951538, "mode": "train", "epoch": 45}
{"loss": 0.210255965590477, "acc": 0.9273649454116821, "length": 4.0, "mode": "test", "epoch": 45}
{"loss": 0.15568633377552032, "acc": 0.9483141899108887, "length": 3.998088836669922, "mode": "train", "epoch": 46}
{"loss": 0.22942028939723969, "acc": 0.9270268082618713, "length": 4.0, "mode": "test", "epoch": 46}
{"loss": 0.15276187658309937, "acc": 0.9459567666053772, "length": 3.9987263679504395, "mode": "train", "epoch": 47}
{"loss": 0.21560843288898468, "acc": 0.9312499761581421, "length": 4.0, "mode": "test", "epoch": 47}
{"loss": 0.1497611403465271, "acc": 0.9471070766448975, "length": 3.9976539611816406, "mode": "train", "epoch": 48}
{"loss": 0.20495782792568207, "acc": 0.9339526295661926, "length": 4.0, "mode": "test", "epoch": 48}
{"loss": 0.14214223623275757, "acc": 0.9479569792747498, "length": 3.9997000694274902, "mode": "train", "epoch": 49}
{"loss": 0.21201191842556, "acc": 0.9275338649749756, "length": 4.0, "mode": "test", "epoch": 49}
{"loss": 0.1422167271375656, "acc": 0.9484127163887024, "length": 3.9998881816864014, "mode": "train", "epoch": 50}
{"loss": 0.2049061506986618, "acc": 0.9326013922691345, "length": 4.0, "mode": "test", "epoch": 50}
{"loss": 0.13702137768268585, "acc": 0.9529948234558105, "length": 3.999865770339966, "mode": "train", "epoch": 51}
{"loss": 0.1915428191423416, "acc": 0.9415540099143982, "length": 4.0, "mode": "test", "epoch": 51}
{"loss": 0.12823401391506195, "acc": 0.9554152488708496, "length": 3.999211549758911, "mode": "train", "epoch": 52}
{"loss": 0.19535239040851593, "acc": 0.943074107170105, "length": 4.0, "mode": "test", "epoch": 52}
{"loss": 0.12401620298624039, "acc": 0.9564919471740723, "length": 3.999342679977417, "mode": "train", "epoch": 53}
{"loss": 0.1779576987028122, "acc": 0.9398648142814636, "length": 4.0, "mode": "test", "epoch": 53}
{"loss": 0.12078042328357697, "acc": 0.9565534591674805, "length": 3.9997425079345703, "mode": "train", "epoch": 54}
{"loss": 0.20526528358459473, "acc": 0.9320945739746094, "length": 4.0, "mode": "test", "epoch": 54}
{"loss": 0.11802859604358673, "acc": 0.9610503315925598, "length": 3.998631238937378, "mode": "train", "epoch": 55}
{"loss": 0.19641725718975067, "acc": 0.9415540099143982, "length": 4.0, "mode": "test", "epoch": 55}
{"loss": 0.12816232442855835, "acc": 0.9554044008255005, "length": 3.9993584156036377, "mode": "train", "epoch": 56}
{"loss": 0.18806156516075134, "acc": 0.9420608282089233, "length": 4.0, "mode": "test", "epoch": 56}
{"loss": 0.1202012449502945, "acc": 0.9582858085632324, "length": 3.9988067150115967, "mode": "train", "epoch": 57}
{"loss": 0.18924875557422638, "acc": 0.9445945024490356, "length": 4.0, "mode": "test", "epoch": 57}
{"loss": 0.12006337940692902, "acc": 0.9589760303497314, "length": 3.9975287914276123, "mode": "train", "epoch": 58}
{"loss": 0.19087271392345428, "acc": 0.9400337934494019, "length": 4.0, "mode": "test", "epoch": 58}
{"loss": 0.11483212560415268, "acc": 0.96108078956604, "length": 3.9998435974121094, "mode": "train", "epoch": 59}
{"loss": 0.19444046914577484, "acc": 0.9410473704338074, "length": 4.0, "mode": "test", "epoch": 59}
{"loss": 0.11485161632299423, "acc": 0.9593693614006042, "length": 3.999099016189575, "mode": "train", "epoch": 60}
{"loss": 0.19228661060333252, "acc": 0.9454392194747925, "length": 4.0, "mode": "test", "epoch": 60}
test accuracy: 0.7738461494445801
