# ["--attributes=5", "--values=16", "--game_size=10", "--vocab_size_factor=3", "--n_epochs=60", "--batch_size=64", "--learning_rate=0.0005", "--hidden_size=128", "--temp_update=0.99", "--temperature=1"]
Creating train_ds and val_ds...

Creating test_ds...
{"loss": 0.6931207776069641, "acc": 0.5270055532455444, "length": 3.573453187942505, "mode": "train", "epoch": 1}
{"loss": 0.6909651160240173, "acc": 0.5224199295043945, "length": 4.0, "mode": "test", "epoch": 1}
{"loss": 0.6911463141441345, "acc": 0.5444567203521729, "length": 3.546750783920288, "mode": "train", "epoch": 2}
{"loss": 0.6766173243522644, "acc": 0.5516605973243713, "length": 3.836298942565918, "mode": "test", "epoch": 2}
{"loss": 0.677624523639679, "acc": 0.5732540488243103, "length": 3.5041873455047607, "mode": "train", "epoch": 3}
{"loss": 0.6595357656478882, "acc": 0.632695734500885, "length": 3.935943126678467, "mode": "test", "epoch": 3}
{"loss": 0.6313350200653076, "acc": 0.6868041157722473, "length": 3.773529529571533, "mode": "train", "epoch": 4}
{"loss": 0.6186425089836121, "acc": 0.6976869106292725, "length": 4.0, "mode": "test", "epoch": 4}
{"loss": 0.5849804878234863, "acc": 0.721230685710907, "length": 3.9005937576293945, "mode": "train", "epoch": 5}
{"loss": 0.5981037616729736, "acc": 0.7069396376609802, "length": 4.0, "mode": "test", "epoch": 5}
{"loss": 0.5741963386535645, "acc": 0.7194463610649109, "length": 3.942920207977295, "mode": "train", "epoch": 6}
{"loss": 0.5804598927497864, "acc": 0.6934163570404053, "length": 4.0, "mode": "test", "epoch": 6}
{"loss": 0.5500653982162476, "acc": 0.7182060480117798, "length": 3.941629648208618, "mode": "train", "epoch": 7}
{"loss": 0.5606799125671387, "acc": 0.7170818448066711, "length": 4.0, "mode": "test", "epoch": 7}
{"loss": 0.5310906767845154, "acc": 0.7474117875099182, "length": 3.961350440979004, "mode": "train", "epoch": 8}
{"loss": 0.5487498641014099, "acc": 0.7284696698188782, "length": 4.0, "mode": "test", "epoch": 8}
{"loss": 0.4964534342288971, "acc": 0.7699658870697021, "length": 3.9708433151245117, "mode": "train", "epoch": 9}
{"loss": 0.5458238124847412, "acc": 0.7564056515693665, "length": 4.0, "mode": "test", "epoch": 9}
{"loss": 0.4688836336135864, "acc": 0.7904197573661804, "length": 3.9821012020111084, "mode": "train", "epoch": 10}
{"loss": 0.5003229975700378, "acc": 0.7832739353179932, "length": 4.0, "mode": "test", "epoch": 10}
{"loss": 0.45019057393074036, "acc": 0.8035208582878113, "length": 3.9641308784484863, "mode": "train", "epoch": 11}
{"loss": 0.485154926776886, "acc": 0.786298930644989, "length": 4.0, "mode": "test", "epoch": 11}
{"loss": 0.4198346436023712, "acc": 0.8121472597122192, "length": 3.9803261756896973, "mode": "train", "epoch": 12}
{"loss": 0.44938287138938904, "acc": 0.8032029271125793, "length": 4.0, "mode": "test", "epoch": 12}
{"loss": 0.38242876529693604, "acc": 0.8264697194099426, "length": 3.9784982204437256, "mode": "train", "epoch": 13}
{"loss": 0.45001623034477234, "acc": 0.8094308376312256, "length": 4.0, "mode": "test", "epoch": 13}
{"loss": 0.3696436583995819, "acc": 0.8307290077209473, "length": 3.9895682334899902, "mode": "train", "epoch": 14}
{"loss": 0.42782822251319885, "acc": 0.8213521838188171, "length": 4.0, "mode": "test", "epoch": 14}
{"loss": 0.34718000888824463, "acc": 0.8438448905944824, "length": 3.9867942333221436, "mode": "train", "epoch": 15}
{"loss": 0.4388837516307831, "acc": 0.8167259693145752, "length": 4.0, "mode": "test", "epoch": 15}
{"loss": 0.34084072709083557, "acc": 0.8502243161201477, "length": 3.9919161796569824, "mode": "train", "epoch": 16}
{"loss": 0.4164218604564667, "acc": 0.8316726088523865, "length": 4.0, "mode": "test", "epoch": 16}
{"loss": 0.3167771100997925, "acc": 0.8539893627166748, "length": 3.9917690753936768, "mode": "train", "epoch": 17}
{"loss": 0.38018926978111267, "acc": 0.8432384133338928, "length": 4.0, "mode": "test", "epoch": 17}
{"loss": 0.2954518795013428, "acc": 0.8646715879440308, "length": 3.9909496307373047, "mode": "train", "epoch": 18}
{"loss": 0.3673246502876282, "acc": 0.8460854291915894, "length": 4.0, "mode": "test", "epoch": 18}
{"loss": 0.2854723632335663, "acc": 0.8845323920249939, "length": 3.9947807788848877, "mode": "train", "epoch": 19}
{"loss": 0.3572098910808563, "acc": 0.8532028198242188, "length": 4.0, "mode": "test", "epoch": 19}
{"loss": 0.2673403024673462, "acc": 0.8851745128631592, "length": 3.9933993816375732, "mode": "train", "epoch": 20}
{"loss": 0.32365497946739197, "acc": 0.8649464845657349, "length": 4.0, "mode": "test", "epoch": 20}
{"loss": 0.25598418712615967, "acc": 0.8924075961112976, "length": 3.9938275814056396, "mode": "train", "epoch": 21}
{"loss": 0.3285520672798157, "acc": 0.8681495189666748, "length": 4.0, "mode": "test", "epoch": 21}
{"loss": 0.250806987285614, "acc": 0.8915498852729797, "length": 3.99517822265625, "mode": "train", "epoch": 22}
{"loss": 0.3082418143749237, "acc": 0.8829180598258972, "length": 4.0, "mode": "test", "epoch": 22}
{"loss": 0.24879345297813416, "acc": 0.902500569820404, "length": 3.994049310684204, "mode": "train", "epoch": 23}
{"loss": 0.31033384799957275, "acc": 0.8836298584938049, "length": 4.0, "mode": "test", "epoch": 23}
{"loss": 0.24566501379013062, "acc": 0.9054785370826721, "length": 3.9964141845703125, "mode": "train", "epoch": 24}
{"loss": 0.3040718734264374, "acc": 0.8870107531547546, "length": 4.0, "mode": "test", "epoch": 24}
{"loss": 0.23701493442058563, "acc": 0.9106940031051636, "length": 3.998487949371338, "mode": "train", "epoch": 25}
{"loss": 0.29984378814697266, "acc": 0.8921707272529602, "length": 4.0, "mode": "test", "epoch": 25}
{"loss": 0.2461446225643158, "acc": 0.9140922427177429, "length": 3.993359088897705, "mode": "train", "epoch": 26}
{"loss": 0.28766050934791565, "acc": 0.8944839239120483, "length": 4.0, "mode": "test", "epoch": 26}
{"loss": 0.23560775816440582, "acc": 0.9129962921142578, "length": 3.995558500289917, "mode": "train", "epoch": 27}
{"loss": 0.286003977060318, "acc": 0.8946619033813477, "length": 4.0, "mode": "test", "epoch": 27}
{"loss": 0.2356898933649063, "acc": 0.9132622480392456, "length": 3.9985313415527344, "mode": "train", "epoch": 28}
{"loss": 0.28668978810310364, "acc": 0.8941283226013184, "length": 4.0, "mode": "test", "epoch": 28}
{"loss": 0.22002704441547394, "acc": 0.9094942212104797, "length": 3.998248338699341, "mode": "train", "epoch": 29}
{"loss": 0.28852608799934387, "acc": 0.8944839239120483, "length": 4.0, "mode": "test", "epoch": 29}
{"loss": 0.22104530036449432, "acc": 0.9124983549118042, "length": 3.9991536140441895, "mode": "train", "epoch": 30}
{"loss": 0.27324554324150085, "acc": 0.8991103172302246, "length": 4.0, "mode": "test", "epoch": 30}
{"loss": 0.2219982147216797, "acc": 0.9176045060157776, "length": 3.996657133102417, "mode": "train", "epoch": 31}
{"loss": 0.2803977429866791, "acc": 0.9005337953567505, "length": 4.0, "mode": "test", "epoch": 31}
{"loss": 0.23467934131622314, "acc": 0.9181410074234009, "length": 3.998318672180176, "mode": "train", "epoch": 32}
{"loss": 0.2679770886898041, "acc": 0.9008896946907043, "length": 4.0, "mode": "test", "epoch": 32}
{"loss": 0.2165401577949524, "acc": 0.9183337688446045, "length": 3.9988744258880615, "mode": "train", "epoch": 33}
{"loss": 0.270064115524292, "acc": 0.9028469324111938, "length": 4.0, "mode": "test", "epoch": 33}
{"loss": 0.21270634233951569, "acc": 0.9181675910949707, "length": 3.99971604347229, "mode": "train", "epoch": 34}
{"loss": 0.26785051822662354, "acc": 0.9035588502883911, "length": 4.0, "mode": "test", "epoch": 34}
{"loss": 0.21234171092510223, "acc": 0.9216476678848267, "length": 3.997680902481079, "mode": "train", "epoch": 35}
{"loss": 0.2519996166229248, "acc": 0.910854160785675, "length": 4.0, "mode": "test", "epoch": 35}
{"loss": 0.20187102258205414, "acc": 0.9246485829353333, "length": 3.9992003440856934, "mode": "train", "epoch": 36}
{"loss": 0.25315794348716736, "acc": 0.9122776985168457, "length": 4.0, "mode": "test", "epoch": 36}
{"loss": 0.20276100933551788, "acc": 0.921846330165863, "length": 3.9990811347961426, "mode": "train", "epoch": 37}
{"loss": 0.25418394804000854, "acc": 0.9124556183815002, "length": 4.0, "mode": "test", "epoch": 37}
{"loss": 0.21020182967185974, "acc": 0.9195499420166016, "length": 3.9979779720306396, "mode": "train", "epoch": 38}
{"loss": 0.26844239234924316, "acc": 0.905160129070282, "length": 4.0, "mode": "test", "epoch": 38}
{"loss": 0.2099756896495819, "acc": 0.9255009293556213, "length": 3.9975099563598633, "mode": "train", "epoch": 39}
{"loss": 0.24835677444934845, "acc": 0.9128113985061646, "length": 4.0, "mode": "test", "epoch": 39}
{"loss": 0.18947407603263855, "acc": 0.9277151226997375, "length": 3.9965178966522217, "mode": "train", "epoch": 40}
{"loss": 0.25433677434921265, "acc": 0.907117486000061, "length": 4.0, "mode": "test", "epoch": 40}
{"loss": 0.2014065682888031, "acc": 0.9274494051933289, "length": 3.999274969100952, "mode": "train", "epoch": 41}
{"loss": 0.25986263155937195, "acc": 0.9083629846572876, "length": 4.0, "mode": "test", "epoch": 41}
{"loss": 0.21010111272335052, "acc": 0.9238748550415039, "length": 3.9988348484039307, "mode": "train", "epoch": 42}
{"loss": 0.2679518759250641, "acc": 0.9081848859786987, "length": 4.0, "mode": "test", "epoch": 42}
{"loss": 0.23439531028270721, "acc": 0.9153697490692139, "length": 3.9995689392089844, "mode": "train", "epoch": 43}
{"loss": 0.2682560086250305, "acc": 0.9005338549613953, "length": 4.0, "mode": "test", "epoch": 43}
{"loss": 0.21732360124588013, "acc": 0.924456000328064, "length": 3.9979522228240967, "mode": "train", "epoch": 44}
{"loss": 0.24616563320159912, "acc": 0.913523256778717, "length": 4.0, "mode": "test", "epoch": 44}
{"loss": 0.21776394546031952, "acc": 0.9223915338516235, "length": 3.999232053756714, "mode": "train", "epoch": 45}
{"loss": 0.26541033387184143, "acc": 0.9055160284042358, "length": 4.0, "mode": "test", "epoch": 45}
{"loss": 0.20065279304981232, "acc": 0.9237715005874634, "length": 3.9997811317443848, "mode": "train", "epoch": 46}
{"loss": 0.24560533463954926, "acc": 0.9058718681335449, "length": 4.0, "mode": "test", "epoch": 46}
{"loss": 0.19746938347816467, "acc": 0.9306861162185669, "length": 3.999683380126953, "mode": "train", "epoch": 47}
{"loss": 0.24135513603687286, "acc": 0.9117438197135925, "length": 4.0, "mode": "test", "epoch": 47}
{"loss": 0.183589369058609, "acc": 0.9324885010719299, "length": 3.9989285469055176, "mode": "train", "epoch": 48}
{"loss": 0.23247511684894562, "acc": 0.9167259931564331, "length": 4.0, "mode": "test", "epoch": 48}
{"loss": 0.18203936517238617, "acc": 0.9350314736366272, "length": 3.999680757522583, "mode": "train", "epoch": 49}
{"loss": 0.2426605522632599, "acc": 0.9097864627838135, "length": 4.0, "mode": "test", "epoch": 49}
{"loss": 0.19128647446632385, "acc": 0.9336639046669006, "length": 3.9997870922088623, "mode": "train", "epoch": 50}
{"loss": 0.23997287452220917, "acc": 0.9160140752792358, "length": 4.0, "mode": "test", "epoch": 50}
{"loss": 0.1925540268421173, "acc": 0.9339529275894165, "length": 3.999495029449463, "mode": "train", "epoch": 51}
{"loss": 0.23294679820537567, "acc": 0.9154804348945618, "length": 4.0, "mode": "test", "epoch": 51}
{"loss": 0.18827830255031586, "acc": 0.9329512715339661, "length": 3.9997570514678955, "mode": "train", "epoch": 52}
{"loss": 0.2398073971271515, "acc": 0.91103196144104, "length": 4.0, "mode": "test", "epoch": 52}
{"loss": 0.19152644276618958, "acc": 0.9320861101150513, "length": 3.9987339973449707, "mode": "train", "epoch": 53}
{"loss": 0.23273403942584991, "acc": 0.9193949103355408, "length": 4.0, "mode": "test", "epoch": 53}
{"loss": 0.18272870779037476, "acc": 0.9358097910881042, "length": 3.9996016025543213, "mode": "train", "epoch": 54}
{"loss": 0.23963096737861633, "acc": 0.9080071449279785, "length": 4.0, "mode": "test", "epoch": 54}
{"loss": 0.19389742612838745, "acc": 0.9311470985412598, "length": 3.9992995262145996, "mode": "train", "epoch": 55}
{"loss": 0.23530547320842743, "acc": 0.9151246547698975, "length": 4.0, "mode": "test", "epoch": 55}
{"loss": 0.1710609644651413, "acc": 0.9363343119621277, "length": 3.999260187149048, "mode": "train", "epoch": 56}
{"loss": 0.23571895062923431, "acc": 0.9144127368927002, "length": 4.0, "mode": "test", "epoch": 56}
{"loss": 0.177103191614151, "acc": 0.9335271120071411, "length": 3.9993040561676025, "mode": "train", "epoch": 57}
{"loss": 0.23799125850200653, "acc": 0.9119216203689575, "length": 4.0, "mode": "test", "epoch": 57}
{"loss": 0.18065251410007477, "acc": 0.9352126121520996, "length": 3.9995973110198975, "mode": "train", "epoch": 58}
{"loss": 0.2236354798078537, "acc": 0.9156582951545715, "length": 4.0, "mode": "test", "epoch": 58}
{"loss": 0.17413920164108276, "acc": 0.9357490539550781, "length": 3.997682809829712, "mode": "train", "epoch": 59}
{"loss": 0.2193637639284134, "acc": 0.9186832308769226, "length": 4.0, "mode": "test", "epoch": 59}
{"loss": 0.17420032620429993, "acc": 0.9392052292823792, "length": 3.999720573425293, "mode": "train", "epoch": 60}
{"loss": 0.22485220432281494, "acc": 0.9160140752792358, "length": 4.0, "mode": "test", "epoch": 60}
test accuracy: 0.8439062833786011
