# ["--attributes=5", "--values=16", "--game_size=10", "--vocab_size_factor=3", "--n_epochs=60", "--batch_size=64", "--learning_rate=0.0005", "--hidden_size=128", "--temp_update=0.99", "--temperature=1.5"]
Creating train_ds and val_ds...

Creating test_ds...
{"loss": 0.6922870874404907, "acc": 0.5216318964958191, "length": 3.552781581878662, "mode": "train", "epoch": 1}
{"loss": 0.682276725769043, "acc": 0.5780700445175171, "length": 1.7702702283859253, "mode": "test", "epoch": 1}
{"loss": 0.6901661157608032, "acc": 0.5367715954780579, "length": 3.513671636581421, "mode": "train", "epoch": 2}
{"loss": 0.6720855832099915, "acc": 0.6151135563850403, "length": 2.503378391265869, "mode": "test", "epoch": 2}
{"loss": 0.6861838102340698, "acc": 0.5480083227157593, "length": 3.4403324127197266, "mode": "train", "epoch": 3}
{"loss": 0.6638777852058411, "acc": 0.6354687213897705, "length": 2.7871620655059814, "mode": "test", "epoch": 3}
{"loss": 0.6637630462646484, "acc": 0.6124290227890015, "length": 3.5181078910827637, "mode": "train", "epoch": 4}
{"loss": 0.6246852278709412, "acc": 0.7011825442314148, "length": 4.0, "mode": "test", "epoch": 4}
{"loss": 0.5986354351043701, "acc": 0.71209317445755, "length": 3.7349987030029297, "mode": "train", "epoch": 5}
{"loss": 0.553005039691925, "acc": 0.7170608043670654, "length": 4.0, "mode": "test", "epoch": 5}
{"loss": 0.5171390771865845, "acc": 0.7521634101867676, "length": 3.924072504043579, "mode": "train", "epoch": 6}
{"loss": 0.5078727602958679, "acc": 0.7824323773384094, "length": 4.0, "mode": "test", "epoch": 6}
{"loss": 0.4708031415939331, "acc": 0.7835229635238647, "length": 3.9684627056121826, "mode": "train", "epoch": 7}
{"loss": 0.49195238947868347, "acc": 0.7864866256713867, "length": 4.0, "mode": "test", "epoch": 7}
{"loss": 0.4528179168701172, "acc": 0.7906230688095093, "length": 3.9797561168670654, "mode": "train", "epoch": 8}
{"loss": 0.4843660295009613, "acc": 0.7640202641487122, "length": 4.0, "mode": "test", "epoch": 8}
{"loss": 0.4405210614204407, "acc": 0.7945201992988586, "length": 3.9796533584594727, "mode": "train", "epoch": 9}
{"loss": 0.47919589281082153, "acc": 0.7940879464149475, "length": 4.0, "mode": "test", "epoch": 9}
{"loss": 0.42822524905204773, "acc": 0.7995142340660095, "length": 3.9860260486602783, "mode": "train", "epoch": 10}
{"loss": 0.46063920855522156, "acc": 0.7979729175567627, "length": 4.0, "mode": "test", "epoch": 10}
{"loss": 0.4171850085258484, "acc": 0.8074131608009338, "length": 3.986908435821533, "mode": "train", "epoch": 11}
{"loss": 0.44173464179039, "acc": 0.7991555333137512, "length": 4.0, "mode": "test", "epoch": 11}
{"loss": 0.4070335924625397, "acc": 0.8095243573188782, "length": 3.989833354949951, "mode": "train", "epoch": 12}
{"loss": 0.42758169770240784, "acc": 0.8128377795219421, "length": 4.0, "mode": "test", "epoch": 12}
{"loss": 0.39834800362586975, "acc": 0.8124063014984131, "length": 3.989525079727173, "mode": "train", "epoch": 13}
{"loss": 0.40894052386283875, "acc": 0.8140202164649963, "length": 4.0, "mode": "test", "epoch": 13}
{"loss": 0.3866373598575592, "acc": 0.821525514125824, "length": 3.991441011428833, "mode": "train", "epoch": 14}
{"loss": 0.4030909240245819, "acc": 0.8219595551490784, "length": 4.0, "mode": "test", "epoch": 14}
{"loss": 0.3790053129196167, "acc": 0.8228241801261902, "length": 3.9941277503967285, "mode": "train", "epoch": 15}
{"loss": 0.39070722460746765, "acc": 0.8275337219238281, "length": 4.0, "mode": "test", "epoch": 15}
{"loss": 0.3697938621044159, "acc": 0.8315320014953613, "length": 3.994647741317749, "mode": "train", "epoch": 16}
{"loss": 0.38656625151634216, "acc": 0.8317567110061646, "length": 4.0, "mode": "test", "epoch": 16}
{"loss": 0.36226269602775574, "acc": 0.8363504409790039, "length": 3.994995355606079, "mode": "train", "epoch": 17}
{"loss": 0.3836364448070526, "acc": 0.8334459066390991, "length": 4.0, "mode": "test", "epoch": 17}
{"loss": 0.3493371605873108, "acc": 0.8468074798583984, "length": 3.9954726696014404, "mode": "train", "epoch": 18}
{"loss": 0.37918686866760254, "acc": 0.8381756544113159, "length": 4.0, "mode": "test", "epoch": 18}
{"loss": 0.33969444036483765, "acc": 0.8521848917007446, "length": 3.9962477684020996, "mode": "train", "epoch": 19}
{"loss": 0.38170477747917175, "acc": 0.8342904448509216, "length": 4.0, "mode": "test", "epoch": 19}
{"loss": 0.3347157835960388, "acc": 0.8589529991149902, "length": 3.996084451675415, "mode": "train", "epoch": 20}
{"loss": 0.373636931180954, "acc": 0.8462837934494019, "length": 4.0, "mode": "test", "epoch": 20}
{"loss": 0.33046767115592957, "acc": 0.8607737421989441, "length": 3.996065378189087, "mode": "train", "epoch": 21}
{"loss": 0.38582703471183777, "acc": 0.8493243455886841, "length": 4.0, "mode": "test", "epoch": 21}
{"loss": 0.32465481758117676, "acc": 0.8633901476860046, "length": 3.9970297813415527, "mode": "train", "epoch": 22}
{"loss": 0.37860164046287537, "acc": 0.8523649573326111, "length": 4.0, "mode": "test", "epoch": 22}
{"loss": 0.3162192106246948, "acc": 0.8668265342712402, "length": 3.9960334300994873, "mode": "train", "epoch": 23}
{"loss": 0.3673631250858307, "acc": 0.8518581390380859, "length": 4.0, "mode": "test", "epoch": 23}
{"loss": 0.30777257680892944, "acc": 0.8686227798461914, "length": 3.997790575027466, "mode": "train", "epoch": 24}
{"loss": 0.3725716173648834, "acc": 0.8537161350250244, "length": 4.0, "mode": "test", "epoch": 24}
{"loss": 0.3011113107204437, "acc": 0.8739930987358093, "length": 3.9978597164154053, "mode": "train", "epoch": 25}
{"loss": 0.3637907803058624, "acc": 0.8586149215698242, "length": 4.0, "mode": "test", "epoch": 25}
{"loss": 0.28936854004859924, "acc": 0.8774359226226807, "length": 3.9975433349609375, "mode": "train", "epoch": 26}
{"loss": 0.3526225984096527, "acc": 0.8562498688697815, "length": 4.0, "mode": "test", "epoch": 26}
{"loss": 0.28449493646621704, "acc": 0.878411591053009, "length": 3.9980435371398926, "mode": "train", "epoch": 27}
{"loss": 0.34733423590660095, "acc": 0.8625000715255737, "length": 4.0, "mode": "test", "epoch": 27}
{"loss": 0.2724284827709198, "acc": 0.8859298229217529, "length": 3.997924327850342, "mode": "train", "epoch": 28}
{"loss": 0.35945478081703186, "acc": 0.8611487150192261, "length": 4.0, "mode": "test", "epoch": 28}
{"loss": 0.27461764216423035, "acc": 0.8870477676391602, "length": 3.99778151512146, "mode": "train", "epoch": 29}
{"loss": 0.34161654114723206, "acc": 0.8667230606079102, "length": 4.0, "mode": "test", "epoch": 29}
{"loss": 0.26764971017837524, "acc": 0.8870386481285095, "length": 3.997476100921631, "mode": "train", "epoch": 30}
{"loss": 0.3241400122642517, "acc": 0.8778716325759888, "length": 4.0, "mode": "test", "epoch": 30}
{"loss": 0.26139742136001587, "acc": 0.8877466917037964, "length": 3.998249053955078, "mode": "train", "epoch": 31}
{"loss": 0.3136835992336273, "acc": 0.8792229890823364, "length": 4.0, "mode": "test", "epoch": 31}
{"loss": 0.25307193398475647, "acc": 0.8960490226745605, "length": 3.9978573322296143, "mode": "train", "epoch": 32}
{"loss": 0.309807687997818, "acc": 0.8874999284744263, "length": 4.0, "mode": "test", "epoch": 32}
{"loss": 0.2565611004829407, "acc": 0.8947053551673889, "length": 3.998405694961548, "mode": "train", "epoch": 33}
{"loss": 0.3058691918849945, "acc": 0.8883445262908936, "length": 4.0, "mode": "test", "epoch": 33}
{"loss": 0.24637724459171295, "acc": 0.8997916579246521, "length": 3.9984447956085205, "mode": "train", "epoch": 34}
{"loss": 0.3079861104488373, "acc": 0.880912184715271, "length": 4.0, "mode": "test", "epoch": 34}
{"loss": 0.2479342818260193, "acc": 0.8993967771530151, "length": 3.9983205795288086, "mode": "train", "epoch": 35}
{"loss": 0.2983950078487396, "acc": 0.8849661350250244, "length": 4.0, "mode": "test", "epoch": 35}
{"loss": 0.24194462597370148, "acc": 0.8985192775726318, "length": 3.99753475189209, "mode": "train", "epoch": 36}
{"loss": 0.2882835566997528, "acc": 0.894594669342041, "length": 4.0, "mode": "test", "epoch": 36}
{"loss": 0.23648704588413239, "acc": 0.905593991279602, "length": 3.9978761672973633, "mode": "train", "epoch": 37}
{"loss": 0.3014962375164032, "acc": 0.8898649215698242, "length": 4.0, "mode": "test", "epoch": 37}
{"loss": 0.23355835676193237, "acc": 0.9061710834503174, "length": 3.9982404708862305, "mode": "train", "epoch": 38}
{"loss": 0.278317928314209, "acc": 0.9047297835350037, "length": 4.0, "mode": "test", "epoch": 38}
{"loss": 0.22599069774150848, "acc": 0.9099137187004089, "length": 3.9984970092773438, "mode": "train", "epoch": 39}
{"loss": 0.29381534457206726, "acc": 0.8976351022720337, "length": 4.0, "mode": "test", "epoch": 39}
{"loss": 0.22852030396461487, "acc": 0.9094439744949341, "length": 3.997807264328003, "mode": "train", "epoch": 40}
{"loss": 0.28667303919792175, "acc": 0.9027026295661926, "length": 4.0, "mode": "test", "epoch": 40}
{"loss": 0.22303076088428497, "acc": 0.9098633527755737, "length": 3.9981300830841064, "mode": "train", "epoch": 41}
{"loss": 0.2801375985145569, "acc": 0.8978040814399719, "length": 4.0, "mode": "test", "epoch": 41}
{"loss": 0.22343885898590088, "acc": 0.9110000133514404, "length": 3.9988222122192383, "mode": "train", "epoch": 42}
{"loss": 0.2763083875179291, "acc": 0.9042229652404785, "length": 4.0, "mode": "test", "epoch": 42}
{"loss": 0.2164708822965622, "acc": 0.9144416451454163, "length": 3.998608112335205, "mode": "train", "epoch": 43}
{"loss": 0.2666946351528168, "acc": 0.9074324369430542, "length": 4.0, "mode": "test", "epoch": 43}
{"loss": 0.22263959050178528, "acc": 0.9118399620056152, "length": 3.997879981994629, "mode": "train", "epoch": 44}
{"loss": 0.2810308635234833, "acc": 0.8972975015640259, "length": 4.0, "mode": "test", "epoch": 44}
{"loss": 0.21824315190315247, "acc": 0.9123591780662537, "length": 3.9990346431732178, "mode": "train", "epoch": 45}
{"loss": 0.2740550935268402, "acc": 0.9013513922691345, "length": 4.0, "mode": "test", "epoch": 45}
{"loss": 0.2100585252046585, "acc": 0.9193010330200195, "length": 3.9984285831451416, "mode": "train", "epoch": 46}
{"loss": 0.25636371970176697, "acc": 0.9074326753616333, "length": 4.0, "mode": "test", "epoch": 46}
{"loss": 0.2076091468334198, "acc": 0.9189850687980652, "length": 3.999246120452881, "mode": "train", "epoch": 47}
{"loss": 0.26104873418807983, "acc": 0.9033784866333008, "length": 4.0, "mode": "test", "epoch": 47}
{"loss": 0.20239277184009552, "acc": 0.9205671548843384, "length": 3.9992482662200928, "mode": "train", "epoch": 48}
{"loss": 0.2603442668914795, "acc": 0.9013513922691345, "length": 4.0, "mode": "test", "epoch": 48}
{"loss": 0.20012424886226654, "acc": 0.9212992191314697, "length": 3.9991722106933594, "mode": "train", "epoch": 49}
{"loss": 0.24552670121192932, "acc": 0.9128378033638, "length": 4.0, "mode": "test", "epoch": 49}
{"loss": 0.19383247196674347, "acc": 0.9240161180496216, "length": 3.9991886615753174, "mode": "train", "epoch": 50}
{"loss": 0.24868157505989075, "acc": 0.9116553068161011, "length": 4.0, "mode": "test", "epoch": 50}
{"loss": 0.1902807503938675, "acc": 0.9267523288726807, "length": 3.997481346130371, "mode": "train", "epoch": 51}
{"loss": 0.23997417092323303, "acc": 0.9119932055473328, "length": 4.0, "mode": "test", "epoch": 51}
{"loss": 0.18957288563251495, "acc": 0.9245182871818542, "length": 3.99897837638855, "mode": "train", "epoch": 52}
{"loss": 0.24313588440418243, "acc": 0.9126688838005066, "length": 4.0, "mode": "test", "epoch": 52}
{"loss": 0.18181906640529633, "acc": 0.9294437766075134, "length": 3.9989547729492188, "mode": "train", "epoch": 53}
{"loss": 0.2282990962266922, "acc": 0.917905330657959, "length": 4.0, "mode": "test", "epoch": 53}
{"loss": 0.17950044572353363, "acc": 0.9312694668769836, "length": 3.998300075531006, "mode": "train", "epoch": 54}
{"loss": 0.21762342751026154, "acc": 0.9214527010917664, "length": 4.0, "mode": "test", "epoch": 54}
{"loss": 0.18074411153793335, "acc": 0.9314327239990234, "length": 3.9983408451080322, "mode": "train", "epoch": 55}
{"loss": 0.21240738034248352, "acc": 0.9226351380348206, "length": 4.0, "mode": "test", "epoch": 55}
{"loss": 0.1706332415342331, "acc": 0.9373624920845032, "length": 3.9992852210998535, "mode": "train", "epoch": 56}
{"loss": 0.22307176887989044, "acc": 0.9170607328414917, "length": 4.0, "mode": "test", "epoch": 56}
{"loss": 0.17127197980880737, "acc": 0.9351456761360168, "length": 3.9990549087524414, "mode": "train", "epoch": 57}
{"loss": 0.2138015478849411, "acc": 0.9216216802597046, "length": 4.0, "mode": "test", "epoch": 57}
{"loss": 0.16954343020915985, "acc": 0.9338670372962952, "length": 3.9995906352996826, "mode": "train", "epoch": 58}
{"loss": 0.21323023736476898, "acc": 0.9197635054588318, "length": 4.0, "mode": "test", "epoch": 58}
{"loss": 0.1682242751121521, "acc": 0.9357280731201172, "length": 3.999326229095459, "mode": "train", "epoch": 59}
{"loss": 0.20319807529449463, "acc": 0.9292230606079102, "length": 4.0, "mode": "test", "epoch": 59}
{"loss": 0.15908057987689972, "acc": 0.9420041441917419, "length": 3.999394178390503, "mode": "train", "epoch": 60}
{"loss": 0.19898256659507751, "acc": 0.925844669342041, "length": 4.0, "mode": "test", "epoch": 60}
test accuracy: 0.764423131942749
