# ["--attributes=5", "--values=16", "--game_size=10", "--vocab_size_factor=3", "--n_epochs=60", "--batch_size=64", "--learning_rate=0.0005", "--hidden_size=128", "--temp_update=0.99", "--temperature=2"]
Creating train_ds and val_ds...

Creating test_ds...
{"loss": 0.695741593837738, "acc": 0.5163492560386658, "length": 3.529139757156372, "mode": "train", "epoch": 1}
{"loss": 0.6788781881332397, "acc": 0.6109163761138916, "length": 1.5945017337799072, "mode": "test", "epoch": 1}
{"loss": 0.6919406056404114, "acc": 0.5165977478027344, "length": 3.4895999431610107, "mode": "train", "epoch": 2}
{"loss": 0.6614320874214172, "acc": 0.6913403272628784, "length": 2.5429553985595703, "mode": "test", "epoch": 2}
{"loss": 0.6840906739234924, "acc": 0.5696641206741333, "length": 3.4353435039520264, "mode": "train", "epoch": 3}
{"loss": 0.6379613876342773, "acc": 0.7398397922515869, "length": 3.9072165489196777, "mode": "test", "epoch": 3}
{"loss": 0.6544621586799622, "acc": 0.7056956887245178, "length": 3.533304214477539, "mode": "train", "epoch": 4}
{"loss": 0.5826420783996582, "acc": 0.7929552793502808, "length": 4.0, "mode": "test", "epoch": 4}
{"loss": 0.5718640089035034, "acc": 0.7958002686500549, "length": 3.777451515197754, "mode": "train", "epoch": 5}
{"loss": 0.4828682839870453, "acc": 0.80756014585495, "length": 4.0, "mode": "test", "epoch": 5}
{"loss": 0.4771522283554077, "acc": 0.8007024526596069, "length": 3.904805898666382, "mode": "train", "epoch": 6}
{"loss": 0.45079660415649414, "acc": 0.811683714389801, "length": 4.0, "mode": "test", "epoch": 6}
{"loss": 0.45028412342071533, "acc": 0.8003630638122559, "length": 3.940737247467041, "mode": "train", "epoch": 7}
{"loss": 0.4443776309490204, "acc": 0.8140894174575806, "length": 4.0, "mode": "test", "epoch": 7}
{"loss": 0.43918171525001526, "acc": 0.8037324547767639, "length": 3.939011573791504, "mode": "train", "epoch": 8}
{"loss": 0.4393985867500305, "acc": 0.8163228631019592, "length": 4.0, "mode": "test", "epoch": 8}
{"loss": 0.42014041543006897, "acc": 0.8113376498222351, "length": 3.9430274963378906, "mode": "train", "epoch": 9}
{"loss": 0.44342175126075745, "acc": 0.815120279788971, "length": 4.0, "mode": "test", "epoch": 9}
{"loss": 0.40551310777664185, "acc": 0.822702944278717, "length": 3.953920602798462, "mode": "train", "epoch": 10}
{"loss": 0.4798245131969452, "acc": 0.8135738968849182, "length": 4.0, "mode": "test", "epoch": 10}
{"loss": 0.3950692117214203, "acc": 0.8309587240219116, "length": 3.9667766094207764, "mode": "train", "epoch": 11}
{"loss": 0.4606805443763733, "acc": 0.80893474817276, "length": 4.0, "mode": "test", "epoch": 11}
{"loss": 0.3827822506427765, "acc": 0.8300815224647522, "length": 3.9761266708374023, "mode": "train", "epoch": 12}
{"loss": 0.46198105812072754, "acc": 0.8085911273956299, "length": 4.0, "mode": "test", "epoch": 12}
{"loss": 0.3726749122142792, "acc": 0.832443118095398, "length": 3.979431390762329, "mode": "train", "epoch": 13}
{"loss": 0.4461437165737152, "acc": 0.8161511421203613, "length": 4.0, "mode": "test", "epoch": 13}
{"loss": 0.3680538833141327, "acc": 0.8346028923988342, "length": 3.983095645904541, "mode": "train", "epoch": 14}
{"loss": 0.4345315098762512, "acc": 0.823367714881897, "length": 4.0, "mode": "test", "epoch": 14}
{"loss": 0.35763150453567505, "acc": 0.8357970118522644, "length": 3.9858052730560303, "mode": "train", "epoch": 15}
{"loss": 0.41861221194267273, "acc": 0.8166667222976685, "length": 4.0, "mode": "test", "epoch": 15}
{"loss": 0.34503915905952454, "acc": 0.8432121872901917, "length": 3.988650321960449, "mode": "train", "epoch": 16}
{"loss": 0.41542527079582214, "acc": 0.8030929565429688, "length": 4.0, "mode": "test", "epoch": 16}
{"loss": 0.33459046483039856, "acc": 0.8435308337211609, "length": 3.989673376083374, "mode": "train", "epoch": 17}
{"loss": 0.4050876796245575, "acc": 0.7824742197990417, "length": 4.0, "mode": "test", "epoch": 17}
{"loss": 0.32261839509010315, "acc": 0.8551502227783203, "length": 3.9909603595733643, "mode": "train", "epoch": 18}
{"loss": 0.40524110198020935, "acc": 0.791408896446228, "length": 4.0, "mode": "test", "epoch": 18}
{"loss": 0.313952773809433, "acc": 0.8557580709457397, "length": 3.9930591583251953, "mode": "train", "epoch": 19}
{"loss": 0.3837417662143707, "acc": 0.7862542271614075, "length": 4.0, "mode": "test", "epoch": 19}
{"loss": 0.30848240852355957, "acc": 0.8560330867767334, "length": 3.9932937622070312, "mode": "train", "epoch": 20}
{"loss": 0.37155237793922424, "acc": 0.8121992349624634, "length": 4.0, "mode": "test", "epoch": 20}
{"loss": 0.3007194697856903, "acc": 0.8606545329093933, "length": 3.994506359100342, "mode": "train", "epoch": 21}
{"loss": 0.37531790137290955, "acc": 0.8259450793266296, "length": 4.0, "mode": "test", "epoch": 21}
{"loss": 0.29872605204582214, "acc": 0.8663989305496216, "length": 3.994781255722046, "mode": "train", "epoch": 22}
{"loss": 0.3627571761608124, "acc": 0.8201031684875488, "length": 4.0, "mode": "test", "epoch": 22}
{"loss": 0.29368701577186584, "acc": 0.8642122745513916, "length": 3.9951858520507812, "mode": "train", "epoch": 23}
{"loss": 0.36936792731285095, "acc": 0.8257731795310974, "length": 4.0, "mode": "test", "epoch": 23}
{"loss": 0.2906777262687683, "acc": 0.8620976209640503, "length": 3.9952244758605957, "mode": "train", "epoch": 24}
{"loss": 0.3537232577800751, "acc": 0.8391754031181335, "length": 4.0, "mode": "test", "epoch": 24}
{"loss": 0.2832460403442383, "acc": 0.8716284036636353, "length": 3.995434045791626, "mode": "train", "epoch": 25}
{"loss": 0.34424757957458496, "acc": 0.8463917970657349, "length": 4.0, "mode": "test", "epoch": 25}
{"loss": 0.27837973833084106, "acc": 0.8676769733428955, "length": 3.99611234664917, "mode": "train", "epoch": 26}
{"loss": 0.3442918360233307, "acc": 0.8474226593971252, "length": 4.0, "mode": "test", "epoch": 26}
{"loss": 0.2755716145038605, "acc": 0.870553731918335, "length": 3.9963901042938232, "mode": "train", "epoch": 27}
{"loss": 0.3418707847595215, "acc": 0.8496564030647278, "length": 4.0, "mode": "test", "epoch": 27}
{"loss": 0.2700853943824768, "acc": 0.8695856332778931, "length": 3.9970309734344482, "mode": "train", "epoch": 28}
{"loss": 0.3204636573791504, "acc": 0.8599657416343689, "length": 4.0, "mode": "test", "epoch": 28}
{"loss": 0.2715575098991394, "acc": 0.8717195987701416, "length": 3.997046947479248, "mode": "train", "epoch": 29}
{"loss": 0.31411483883857727, "acc": 0.8639175295829773, "length": 4.0, "mode": "test", "epoch": 29}
{"loss": 0.26711589097976685, "acc": 0.8748742341995239, "length": 3.997284412384033, "mode": "train", "epoch": 30}
{"loss": 0.31325826048851013, "acc": 0.8646048307418823, "length": 4.0, "mode": "test", "epoch": 30}
{"loss": 0.2650838792324066, "acc": 0.8717072606086731, "length": 3.9972846508026123, "mode": "train", "epoch": 31}
{"loss": 0.3164752125740051, "acc": 0.8529210090637207, "length": 4.0, "mode": "test", "epoch": 31}
{"loss": 0.2630113959312439, "acc": 0.8766663670539856, "length": 3.9979586601257324, "mode": "train", "epoch": 32}
{"loss": 0.3065964877605438, "acc": 0.8646047115325928, "length": 4.0, "mode": "test", "epoch": 32}
{"loss": 0.2637782096862793, "acc": 0.8732784390449524, "length": 3.998138666152954, "mode": "train", "epoch": 33}
{"loss": 0.30444562435150146, "acc": 0.8651202321052551, "length": 4.0, "mode": "test", "epoch": 33}
{"loss": 0.26443684101104736, "acc": 0.8760348558425903, "length": 3.998182773590088, "mode": "train", "epoch": 34}
{"loss": 0.2970503866672516, "acc": 0.8656356334686279, "length": 4.0, "mode": "test", "epoch": 34}
{"loss": 0.26043179631233215, "acc": 0.8727008104324341, "length": 3.998324394226074, "mode": "train", "epoch": 35}
{"loss": 0.3040340542793274, "acc": 0.8666666150093079, "length": 4.0, "mode": "test", "epoch": 35}
{"loss": 0.2592630982398987, "acc": 0.8757525086402893, "length": 3.9984405040740967, "mode": "train", "epoch": 36}
{"loss": 0.29606950283050537, "acc": 0.8649483919143677, "length": 4.0, "mode": "test", "epoch": 36}
{"loss": 0.26144230365753174, "acc": 0.8762760758399963, "length": 3.9986608028411865, "mode": "train", "epoch": 37}
{"loss": 0.31693658232688904, "acc": 0.8613402843475342, "length": 4.0, "mode": "test", "epoch": 37}
{"loss": 0.25796329975128174, "acc": 0.8785704970359802, "length": 3.998626708984375, "mode": "train", "epoch": 38}
{"loss": 0.3030288815498352, "acc": 0.8630585074424744, "length": 4.0, "mode": "test", "epoch": 38}
{"loss": 0.256705105304718, "acc": 0.8753579258918762, "length": 3.9989919662475586, "mode": "train", "epoch": 39}
{"loss": 0.2958828806877136, "acc": 0.8661512136459351, "length": 4.0, "mode": "test", "epoch": 39}
{"loss": 0.25691649317741394, "acc": 0.8773698806762695, "length": 3.998948097229004, "mode": "train", "epoch": 40}
{"loss": 0.2994094491004944, "acc": 0.8649485111236572, "length": 4.0, "mode": "test", "epoch": 40}
{"loss": 0.25598403811454773, "acc": 0.8732839226722717, "length": 3.9989025592803955, "mode": "train", "epoch": 41}
{"loss": 0.2946276366710663, "acc": 0.8680413365364075, "length": 4.0, "mode": "test", "epoch": 41}
{"loss": 0.24975629150867462, "acc": 0.8762754797935486, "length": 3.9987947940826416, "mode": "train", "epoch": 42}
{"loss": 0.2960768938064575, "acc": 0.8625429272651672, "length": 4.0, "mode": "test", "epoch": 42}
{"loss": 0.2546890377998352, "acc": 0.8793268799781799, "length": 3.999171495437622, "mode": "train", "epoch": 43}
{"loss": 0.305406391620636, "acc": 0.8597938418388367, "length": 4.0, "mode": "test", "epoch": 43}
{"loss": 0.2589866518974304, "acc": 0.876340925693512, "length": 3.999440908432007, "mode": "train", "epoch": 44}
{"loss": 0.293425053358078, "acc": 0.8565292358398438, "length": 4.0, "mode": "test", "epoch": 44}
{"loss": 0.25313130021095276, "acc": 0.8762295246124268, "length": 3.9994993209838867, "mode": "train", "epoch": 45}
{"loss": 0.3040466606616974, "acc": 0.8608248233795166, "length": 4.0, "mode": "test", "epoch": 45}
{"loss": 0.2526494264602661, "acc": 0.8813461065292358, "length": 3.999408006668091, "mode": "train", "epoch": 46}
{"loss": 0.30277368426322937, "acc": 0.862371027469635, "length": 4.0, "mode": "test", "epoch": 46}
{"loss": 0.24880258738994598, "acc": 0.8785878419876099, "length": 3.9995501041412354, "mode": "train", "epoch": 47}
{"loss": 0.3012596070766449, "acc": 0.8613402247428894, "length": 4.0, "mode": "test", "epoch": 47}
{"loss": 0.24570995569229126, "acc": 0.881982684135437, "length": 3.999546527862549, "mode": "train", "epoch": 48}
{"loss": 0.2974672019481659, "acc": 0.8599657416343689, "length": 4.0, "mode": "test", "epoch": 48}
{"loss": 0.25102391839027405, "acc": 0.8785317540168762, "length": 3.999622344970703, "mode": "train", "epoch": 49}
{"loss": 0.294153094291687, "acc": 0.8694157004356384, "length": 4.0, "mode": "test", "epoch": 49}
{"loss": 0.25027868151664734, "acc": 0.8787612915039062, "length": 3.9996845722198486, "mode": "train", "epoch": 50}
{"loss": 0.2867928147315979, "acc": 0.872508704662323, "length": 4.0, "mode": "test", "epoch": 50}
{"loss": 0.24125006794929504, "acc": 0.8840520977973938, "length": 3.999605655670166, "mode": "train", "epoch": 51}
{"loss": 0.3028262257575989, "acc": 0.8628865480422974, "length": 4.0, "mode": "test", "epoch": 51}
{"loss": 0.24020177125930786, "acc": 0.8868718147277832, "length": 3.999648094177246, "mode": "train", "epoch": 52}
{"loss": 0.2969139814376831, "acc": 0.8625429272651672, "length": 4.0, "mode": "test", "epoch": 52}
{"loss": 0.2413211464881897, "acc": 0.8841131329536438, "length": 3.9997212886810303, "mode": "train", "epoch": 53}
{"loss": 0.30120375752449036, "acc": 0.857216477394104, "length": 4.0, "mode": "test", "epoch": 53}
{"loss": 0.2390337735414505, "acc": 0.8854398727416992, "length": 3.999767541885376, "mode": "train", "epoch": 54}
{"loss": 0.2934606969356537, "acc": 0.8723368048667908, "length": 4.0, "mode": "test", "epoch": 54}
{"loss": 0.23512132465839386, "acc": 0.891767680644989, "length": 3.999835968017578, "mode": "train", "epoch": 55}
{"loss": 0.30074459314346313, "acc": 0.874055027961731, "length": 4.0, "mode": "test", "epoch": 55}
{"loss": 0.23030753433704376, "acc": 0.8919386863708496, "length": 3.999793529510498, "mode": "train", "epoch": 56}
{"loss": 0.29242566227912903, "acc": 0.8709622621536255, "length": 4.0, "mode": "test", "epoch": 56}
{"loss": 0.2240435779094696, "acc": 0.8931493759155273, "length": 3.9998679161071777, "mode": "train", "epoch": 57}
{"loss": 0.2882837653160095, "acc": 0.8725086450576782, "length": 4.0, "mode": "test", "epoch": 57}
{"loss": 0.2240602970123291, "acc": 0.8963136076927185, "length": 3.999871253967285, "mode": "train", "epoch": 58}
{"loss": 0.27401891350746155, "acc": 0.8816151022911072, "length": 4.0, "mode": "test", "epoch": 58}
{"loss": 0.22180333733558655, "acc": 0.9036180973052979, "length": 3.9997973442077637, "mode": "train", "epoch": 59}
{"loss": 0.27660948038101196, "acc": 0.8895187973976135, "length": 4.0, "mode": "test", "epoch": 59}
{"loss": 0.20683057606220245, "acc": 0.9111002087593079, "length": 3.9998886585235596, "mode": "train", "epoch": 60}
{"loss": 0.28496095538139343, "acc": 0.8833333849906921, "length": 4.0, "mode": "test", "epoch": 60}
test accuracy: 0.7098214626312256
