# ["--attributes=5", "--values=16", "--game_size=10", "--vocab_size_factor=3", "--n_epochs=60", "--batch_size=64", "--learning_rate=0.0005", "--hidden_size=256", "--temp_update=0.97", "--temperature=1"]
Creating train_ds and val_ds...

Creating test_ds...
{"loss": 0.7005383372306824, "acc": 0.5072572827339172, "length": 3.376906633377075, "mode": "train", "epoch": 1}
{"loss": 0.6938971877098083, "acc": 0.5145833492279053, "length": 1.0, "mode": "test", "epoch": 1}
{"loss": 0.6896371245384216, "acc": 0.5363437533378601, "length": 2.3033525943756104, "mode": "train", "epoch": 2}
{"loss": 0.6692067384719849, "acc": 0.5957140326499939, "length": 1.4583333730697632, "mode": "test", "epoch": 2}
{"loss": 0.6300461292266846, "acc": 0.6544941663742065, "length": 2.441650390625, "mode": "train", "epoch": 3}
{"loss": 0.5875739455223083, "acc": 0.7033609747886658, "length": 2.6145832538604736, "mode": "test", "epoch": 3}
{"loss": 0.5483906865119934, "acc": 0.7405734658241272, "length": 2.857598066329956, "mode": "train", "epoch": 4}
{"loss": 0.5442352294921875, "acc": 0.7306478023529053, "length": 2.7708332538604736, "mode": "test", "epoch": 4}
{"loss": 0.5031750202178955, "acc": 0.7597360014915466, "length": 3.030444860458374, "mode": "train", "epoch": 5}
{"loss": 0.5322520136833191, "acc": 0.749031662940979, "length": 2.8125, "mode": "test", "epoch": 5}
{"loss": 0.4751113951206207, "acc": 0.7775712609291077, "length": 3.035531520843506, "mode": "train", "epoch": 6}
{"loss": 0.5004978179931641, "acc": 0.7848578095436096, "length": 2.9375, "mode": "test", "epoch": 6}
{"loss": 0.4532054662704468, "acc": 0.7991125583648682, "length": 3.1544089317321777, "mode": "train", "epoch": 7}
{"loss": 0.47691527009010315, "acc": 0.8062446117401123, "length": 3.0104167461395264, "mode": "test", "epoch": 7}
{"loss": 0.4348224699497223, "acc": 0.817926824092865, "length": 3.315051794052124, "mode": "train", "epoch": 8}
{"loss": 0.4502567946910858, "acc": 0.8168728351593018, "length": 3.2395832538604736, "mode": "test", "epoch": 8}
{"loss": 0.40491506457328796, "acc": 0.8281468152999878, "length": 3.407348871231079, "mode": "train", "epoch": 9}
{"loss": 0.41235294938087463, "acc": 0.8389947414398193, "length": 3.4583332538604736, "mode": "test", "epoch": 9}
{"loss": 0.3739223778247833, "acc": 0.845757246017456, "length": 3.5249032974243164, "mode": "train", "epoch": 10}
{"loss": 0.380685418844223, "acc": 0.8392632007598877, "length": 3.65625, "mode": "test", "epoch": 10}
{"loss": 0.3424646556377411, "acc": 0.8633832931518555, "length": 3.622124195098877, "mode": "train", "epoch": 11}
{"loss": 0.34245750308036804, "acc": 0.848014235496521, "length": 3.7291667461395264, "mode": "test", "epoch": 11}
{"loss": 0.3218132555484772, "acc": 0.8693952560424805, "length": 3.591860055923462, "mode": "train", "epoch": 12}
{"loss": 0.36391326785087585, "acc": 0.8473660349845886, "length": 3.6875, "mode": "test", "epoch": 12}
{"loss": 0.31308814883232117, "acc": 0.8704895377159119, "length": 3.6769065856933594, "mode": "train", "epoch": 13}
{"loss": 0.3354232609272003, "acc": 0.8520833849906921, "length": 3.75, "mode": "test", "epoch": 13}
{"loss": 0.30242833495140076, "acc": 0.8704954981803894, "length": 3.6639251708984375, "mode": "train", "epoch": 14}
{"loss": 0.36385616660118103, "acc": 0.8438612818717957, "length": 3.8229167461395264, "mode": "test", "epoch": 14}
{"loss": 0.2948804497718811, "acc": 0.876872718334198, "length": 3.727492094039917, "mode": "train", "epoch": 15}
{"loss": 0.343494176864624, "acc": 0.8619954586029053, "length": 3.7083332538604736, "mode": "test", "epoch": 15}
{"loss": 0.28490960597991943, "acc": 0.8857079744338989, "length": 3.7174618244171143, "mode": "train", "epoch": 16}
{"loss": 0.3184349536895752, "acc": 0.8709879517555237, "length": 3.8229167461395264, "mode": "test", "epoch": 16}
{"loss": 0.27093231678009033, "acc": 0.8888552188873291, "length": 3.7636165618896484, "mode": "train", "epoch": 17}
{"loss": 0.2994685173034668, "acc": 0.8806639909744263, "length": 3.8611111640930176, "mode": "test", "epoch": 17}
{"loss": 0.2619171738624573, "acc": 0.894904613494873, "length": 3.7904787063598633, "mode": "train", "epoch": 18}
{"loss": 0.2890416979789734, "acc": 0.8820664882659912, "length": 3.881944417953491, "mode": "test", "epoch": 18}
{"loss": 0.24874599277973175, "acc": 0.9008498787879944, "length": 3.8460512161254883, "mode": "train", "epoch": 19}
{"loss": 0.2898541986942291, "acc": 0.879660427570343, "length": 3.878472328186035, "mode": "test", "epoch": 19}
{"loss": 0.24893195927143097, "acc": 0.9022902250289917, "length": 3.8263661861419678, "mode": "train", "epoch": 20}
{"loss": 0.28553739190101624, "acc": 0.8903104066848755, "length": 3.8611111640930176, "mode": "test", "epoch": 20}
{"loss": 0.23851758241653442, "acc": 0.9069018959999084, "length": 3.799114942550659, "mode": "train", "epoch": 21}
{"loss": 0.2713067829608917, "acc": 0.8885741829872131, "length": 3.8888888359069824, "mode": "test", "epoch": 21}
{"loss": 0.2276931256055832, "acc": 0.9093167185783386, "length": 3.8315675258636475, "mode": "train", "epoch": 22}
{"loss": 0.2790434956550598, "acc": 0.8915989398956299, "length": 3.84375, "mode": "test", "epoch": 22}
{"loss": 0.22625863552093506, "acc": 0.9092004895210266, "length": 3.809481143951416, "mode": "train", "epoch": 23}
{"loss": 0.2871033251285553, "acc": 0.8921847939491272, "length": 3.8923611640930176, "mode": "test", "epoch": 23}
{"loss": 0.22719871997833252, "acc": 0.9125418066978455, "length": 3.8326945304870605, "mode": "train", "epoch": 24}
{"loss": 0.2669854164123535, "acc": 0.9005154371261597, "length": 3.8576388359069824, "mode": "test", "epoch": 24}
{"loss": 0.21921789646148682, "acc": 0.9134197235107422, "length": 3.829207181930542, "mode": "train", "epoch": 25}
{"loss": 0.24995210766792297, "acc": 0.9017035365104675, "length": 3.8229167461395264, "mode": "test", "epoch": 25}
{"loss": 0.21882028877735138, "acc": 0.9122569561004639, "length": 3.7449820041656494, "mode": "train", "epoch": 26}
{"loss": 0.23136673867702484, "acc": 0.9048637747764587, "length": 3.8263888359069824, "mode": "test", "epoch": 26}
{"loss": 0.21449780464172363, "acc": 0.9153467416763306, "length": 3.8172898292541504, "mode": "train", "epoch": 27}
{"loss": 0.23428110778331757, "acc": 0.9086533784866333, "length": 3.8333332538604736, "mode": "test", "epoch": 27}
{"loss": 0.205260768532753, "acc": 0.9173531532287598, "length": 3.803617000579834, "mode": "train", "epoch": 28}
{"loss": 0.23673687875270844, "acc": 0.9051730632781982, "length": 3.881944417953491, "mode": "test", "epoch": 28}
{"loss": 0.19812312722206116, "acc": 0.9215430617332458, "length": 3.847621440887451, "mode": "train", "epoch": 29}
{"loss": 0.23087020218372345, "acc": 0.9091633558273315, "length": 3.875, "mode": "test", "epoch": 29}
{"loss": 0.1955687701702118, "acc": 0.9240342974662781, "length": 3.832534074783325, "mode": "train", "epoch": 30}
{"loss": 0.2366943359375, "acc": 0.9058839082717896, "length": 3.84375, "mode": "test", "epoch": 30}
{"loss": 0.18780209124088287, "acc": 0.9227126240730286, "length": 3.7776708602905273, "mode": "train", "epoch": 31}
{"loss": 0.2138696014881134, "acc": 0.9168646931648254, "length": 3.819444417953491, "mode": "test", "epoch": 31}
{"loss": 0.18178896605968475, "acc": 0.9261155724525452, "length": 3.81497859954834, "mode": "train", "epoch": 32}
{"loss": 0.21306562423706055, "acc": 0.9156656265258789, "length": 3.836805582046509, "mode": "test", "epoch": 32}
{"loss": 0.18427476286888123, "acc": 0.9245141744613647, "length": 3.779561758041382, "mode": "train", "epoch": 33}
{"loss": 0.2015790492296219, "acc": 0.9219726920127869, "length": 3.8298611640930176, "mode": "test", "epoch": 33}
{"loss": 0.18660639226436615, "acc": 0.9260736703872681, "length": 3.7940542697906494, "mode": "train", "epoch": 34}
{"loss": 0.21790628135204315, "acc": 0.9111055731773376, "length": 3.8263888359069824, "mode": "test", "epoch": 34}
{"loss": 0.17520074546337128, "acc": 0.9279482960700989, "length": 3.8157927989959717, "mode": "train", "epoch": 35}
{"loss": 0.21846401691436768, "acc": 0.9034802913665771, "length": 3.847222328186035, "mode": "test", "epoch": 35}
{"loss": 0.17402952909469604, "acc": 0.931735634803772, "length": 3.8261661529541016, "mode": "train", "epoch": 36}
{"loss": 0.2038850337266922, "acc": 0.9153727293014526, "length": 3.8576388359069824, "mode": "test", "epoch": 36}
{"loss": 0.17689596116542816, "acc": 0.9327787756919861, "length": 3.7934298515319824, "mode": "train", "epoch": 37}
{"loss": 0.19584786891937256, "acc": 0.9232094883918762, "length": 3.850694417953491, "mode": "test", "epoch": 37}
{"loss": 0.1743137687444687, "acc": 0.9283289313316345, "length": 3.8086585998535156, "mode": "train", "epoch": 38}
{"loss": 0.2059994488954544, "acc": 0.918050229549408, "length": 3.8125, "mode": "test", "epoch": 38}
{"loss": 0.16768485307693481, "acc": 0.9322110414505005, "length": 3.828045129776001, "mode": "train", "epoch": 39}
{"loss": 0.2008301317691803, "acc": 0.9241726994514465, "length": 3.840277671813965, "mode": "test", "epoch": 39}
{"loss": 0.160792276263237, "acc": 0.934760570526123, "length": 3.8043553829193115, "mode": "train", "epoch": 40}
{"loss": 0.18309606611728668, "acc": 0.9273247122764587, "length": 3.8298611640930176, "mode": "test", "epoch": 40}
{"loss": 0.15771111845970154, "acc": 0.9376506209373474, "length": 3.817142963409424, "mode": "train", "epoch": 41}
{"loss": 0.20253470540046692, "acc": 0.9231283664703369, "length": 3.868055582046509, "mode": "test", "epoch": 41}
{"loss": 0.1496361941099167, "acc": 0.9381390810012817, "length": 3.8041930198669434, "mode": "train", "epoch": 42}
{"loss": 0.17900000512599945, "acc": 0.9335612058639526, "length": 3.84375, "mode": "test", "epoch": 42}
{"loss": 0.1475895494222641, "acc": 0.9388478994369507, "length": 3.828334093093872, "mode": "train", "epoch": 43}
{"loss": 0.19414635002613068, "acc": 0.9218261241912842, "length": 3.878472328186035, "mode": "test", "epoch": 43}
{"loss": 0.156092569231987, "acc": 0.9386105537414551, "length": 3.8348512649536133, "mode": "train", "epoch": 44}
{"loss": 0.19673249125480652, "acc": 0.9249375462532043, "length": 3.84375, "mode": "test", "epoch": 44}
{"loss": 0.14962419867515564, "acc": 0.9391116499900818, "length": 3.842130184173584, "mode": "train", "epoch": 45}
{"loss": 0.16813717782497406, "acc": 0.9306017756462097, "length": 3.90625, "mode": "test", "epoch": 45}
{"loss": 0.1438036412000656, "acc": 0.9416385889053345, "length": 3.8459060192108154, "mode": "train", "epoch": 46}
{"loss": 0.18658827245235443, "acc": 0.9281466603279114, "length": 3.902777671813965, "mode": "test", "epoch": 46}
{"loss": 0.14561764895915985, "acc": 0.9428560137748718, "length": 3.843822479248047, "mode": "train", "epoch": 47}
{"loss": 0.16748802363872528, "acc": 0.9392468929290771, "length": 3.878472328186035, "mode": "test", "epoch": 47}
{"loss": 0.14311033487319946, "acc": 0.9426093697547913, "length": 3.845867156982422, "mode": "train", "epoch": 48}
{"loss": 0.18143847584724426, "acc": 0.9334960579872131, "length": 3.902777671813965, "mode": "test", "epoch": 48}
{"loss": 0.13681507110595703, "acc": 0.9471269845962524, "length": 3.846914291381836, "mode": "train", "epoch": 49}
{"loss": 0.15747742354869843, "acc": 0.9358425140380859, "length": 3.8923611640930176, "mode": "test", "epoch": 49}
{"loss": 0.14060354232788086, "acc": 0.9451326727867126, "length": 3.84865665435791, "mode": "train", "epoch": 50}
{"loss": 0.15831397473812103, "acc": 0.9400606155395508, "length": 3.8854167461395264, "mode": "test", "epoch": 50}
{"loss": 0.14023751020431519, "acc": 0.9454519748687744, "length": 3.840744733810425, "mode": "train", "epoch": 51}
{"loss": 0.15338046848773956, "acc": 0.9501817226409912, "length": 3.871527671813965, "mode": "test", "epoch": 51}
{"loss": 0.14423768222332, "acc": 0.9473661184310913, "length": 3.8593556880950928, "mode": "train", "epoch": 52}
{"loss": 0.18091969192028046, "acc": 0.9289632439613342, "length": 3.934027671813965, "mode": "test", "epoch": 52}
{"loss": 0.13617195188999176, "acc": 0.9474822878837585, "length": 3.896196126937866, "mode": "train", "epoch": 53}
{"loss": 0.15165692567825317, "acc": 0.9425781965255737, "length": 3.90625, "mode": "test", "epoch": 53}
{"loss": 0.12999242544174194, "acc": 0.9511821269989014, "length": 3.863285541534424, "mode": "train", "epoch": 54}
{"loss": 0.1780260056257248, "acc": 0.9324218034744263, "length": 3.868055582046509, "mode": "test", "epoch": 54}
{"loss": 0.17407864332199097, "acc": 0.930638313293457, "length": 3.858651638031006, "mode": "train", "epoch": 55}
{"loss": 0.21632066369056702, "acc": 0.9199978709220886, "length": 3.909722328186035, "mode": "test", "epoch": 55}
{"loss": 0.15082263946533203, "acc": 0.9397084712982178, "length": 3.883340358734131, "mode": "train", "epoch": 56}
{"loss": 0.19161581993103027, "acc": 0.9289280772209167, "length": 3.899305582046509, "mode": "test", "epoch": 56}
{"loss": 0.14242267608642578, "acc": 0.9458441138267517, "length": 3.856424331665039, "mode": "train", "epoch": 57}
{"loss": 0.15749457478523254, "acc": 0.9416911005973816, "length": 3.871527671813965, "mode": "test", "epoch": 57}
{"loss": 0.13179340958595276, "acc": 0.9526633620262146, "length": 3.85225772857666, "mode": "train", "epoch": 58}
{"loss": 0.16805203258991241, "acc": 0.9407199025154114, "length": 3.8888888359069824, "mode": "test", "epoch": 58}
{"loss": 0.13793854415416718, "acc": 0.9463610053062439, "length": 3.8580973148345947, "mode": "train", "epoch": 59}
{"loss": 0.20692609250545502, "acc": 0.9262667894363403, "length": 3.913194417953491, "mode": "test", "epoch": 59}
{"loss": 0.14940698444843292, "acc": 0.9410382509231567, "length": 3.8763015270233154, "mode": "train", "epoch": 60}
{"loss": 0.1772615611553192, "acc": 0.9323676228523254, "length": 3.878472328186035, "mode": "test", "epoch": 60}
test accuracy: 0.7949568629264832
