# ["--attributes=5", "--values=16", "--game_size=10", "--vocab_size_factor=3", "--n_epochs=60", "--batch_size=64", "--learning_rate=0.0005", "--hidden_size=256", "--temp_update=0.97", "--temperature=1.5"]
Creating train_ds and val_ds...

Creating test_ds...
{"loss": 0.7009037733078003, "acc": 0.5210301280021667, "length": 3.469167947769165, "mode": "train", "epoch": 1}
{"loss": 0.6969218254089355, "acc": 0.4856643080711365, "length": 1.0, "mode": "test", "epoch": 1}
{"loss": 0.6911799907684326, "acc": 0.520033061504364, "length": 2.391727924346924, "mode": "train", "epoch": 2}
{"loss": 0.6972167491912842, "acc": 0.4991258680820465, "length": 1.0, "mode": "test", "epoch": 2}
{"loss": 0.639462411403656, "acc": 0.6382288932800293, "length": 2.4670135974884033, "mode": "train", "epoch": 3}
{"loss": 0.567042350769043, "acc": 0.7851496934890747, "length": 2.7727272510528564, "mode": "test", "epoch": 3}
{"loss": 0.5202135443687439, "acc": 0.7698058485984802, "length": 2.818286180496216, "mode": "train", "epoch": 4}
{"loss": 0.4892466068267822, "acc": 0.8077868223190308, "length": 2.9195804595947266, "mode": "test", "epoch": 4}
{"loss": 0.47821786999702454, "acc": 0.784818172454834, "length": 2.8247385025024414, "mode": "train", "epoch": 5}
{"loss": 0.47800999879837036, "acc": 0.8093847036361694, "length": 2.85314679145813, "mode": "test", "epoch": 5}
{"loss": 0.456304669380188, "acc": 0.8042901158332825, "length": 2.9786558151245117, "mode": "train", "epoch": 6}
{"loss": 0.4454748332500458, "acc": 0.8141077160835266, "length": 3.64685320854187, "mode": "test", "epoch": 6}
{"loss": 0.4198419451713562, "acc": 0.8234033584594727, "length": 3.2710647583007812, "mode": "train", "epoch": 7}
{"loss": 0.4111831784248352, "acc": 0.8242218494415283, "length": 3.4895105361938477, "mode": "test", "epoch": 7}
{"loss": 0.3956253230571747, "acc": 0.8382290601730347, "length": 3.223383903503418, "mode": "train", "epoch": 8}
{"loss": 0.4014904201030731, "acc": 0.8428579568862915, "length": 3.590909004211426, "mode": "test", "epoch": 8}
{"loss": 0.36542779207229614, "acc": 0.8532437682151794, "length": 3.33298659324646, "mode": "train", "epoch": 9}
{"loss": 0.39922046661376953, "acc": 0.8368507623672485, "length": 3.506993055343628, "mode": "test", "epoch": 9}
{"loss": 0.34917959570884705, "acc": 0.8536382913589478, "length": 3.3314294815063477, "mode": "train", "epoch": 10}
{"loss": 0.39859676361083984, "acc": 0.8369483947753906, "length": 3.531468629837036, "mode": "test", "epoch": 10}
{"loss": 0.3403284251689911, "acc": 0.8608856797218323, "length": 3.321726083755493, "mode": "train", "epoch": 11}
{"loss": 0.37798747420310974, "acc": 0.844904899597168, "length": 3.5104894638061523, "mode": "test", "epoch": 11}
{"loss": 0.32931458950042725, "acc": 0.8626167178153992, "length": 3.3460683822631836, "mode": "train", "epoch": 12}
{"loss": 0.3576183021068573, "acc": 0.859578013420105, "length": 3.5489511489868164, "mode": "test", "epoch": 12}
{"loss": 0.3212001919746399, "acc": 0.8673086166381836, "length": 3.3326778411865234, "mode": "train", "epoch": 13}
{"loss": 0.3388136029243469, "acc": 0.8587673902511597, "length": 3.4895105361938477, "mode": "test", "epoch": 13}
{"loss": 0.30805134773254395, "acc": 0.8732738494873047, "length": 3.3408708572387695, "mode": "train", "epoch": 14}
{"loss": 0.322780579328537, "acc": 0.8609418272972107, "length": 3.5209789276123047, "mode": "test", "epoch": 14}
{"loss": 0.30260026454925537, "acc": 0.8765107989311218, "length": 3.3554370403289795, "mode": "train", "epoch": 15}
{"loss": 0.31095561385154724, "acc": 0.8711041212081909, "length": 3.454545497894287, "mode": "test", "epoch": 15}
{"loss": 0.2910230755805969, "acc": 0.8801563382148743, "length": 3.3493480682373047, "mode": "train", "epoch": 16}
{"loss": 0.3131897449493408, "acc": 0.8723251223564148, "length": 3.4650349617004395, "mode": "test", "epoch": 16}
{"loss": 0.28325778245925903, "acc": 0.8876238465309143, "length": 3.3457446098327637, "mode": "train", "epoch": 17}
{"loss": 0.297884076833725, "acc": 0.8796714544296265, "length": 3.475524425506592, "mode": "test", "epoch": 17}
{"loss": 0.2657497227191925, "acc": 0.8878225088119507, "length": 3.379603624343872, "mode": "train", "epoch": 18}
{"loss": 0.29345354437828064, "acc": 0.8828809261322021, "length": 3.4020979404449463, "mode": "test", "epoch": 18}
{"loss": 0.25283217430114746, "acc": 0.8968014121055603, "length": 3.4228670597076416, "mode": "train", "epoch": 19}
{"loss": 0.2801273763179779, "acc": 0.8857558965682983, "length": 3.4895105361938477, "mode": "test", "epoch": 19}
{"loss": 0.24733129143714905, "acc": 0.8999977111816406, "length": 3.4269936084747314, "mode": "train", "epoch": 20}
{"loss": 0.27136707305908203, "acc": 0.8891749978065491, "length": 3.608391523361206, "mode": "test", "epoch": 20}
{"loss": 0.23507994413375854, "acc": 0.9078943133354187, "length": 3.415217161178589, "mode": "train", "epoch": 21}
{"loss": 0.2555176913738251, "acc": 0.9030881524085999, "length": 3.475524425506592, "mode": "test", "epoch": 21}
{"loss": 0.2281312197446823, "acc": 0.9111172556877136, "length": 3.4719114303588867, "mode": "train", "epoch": 22}
{"loss": 0.24244527518749237, "acc": 0.9073059558868408, "length": 3.531468629837036, "mode": "test", "epoch": 22}
{"loss": 0.23002178966999054, "acc": 0.910161554813385, "length": 3.429812431335449, "mode": "train", "epoch": 23}
{"loss": 0.24886463582515717, "acc": 0.9006490707397461, "length": 3.531468629837036, "mode": "test", "epoch": 23}
{"loss": 0.2244059145450592, "acc": 0.9104259610176086, "length": 3.428483009338379, "mode": "train", "epoch": 24}
{"loss": 0.24373288452625275, "acc": 0.9119048118591309, "length": 3.4510488510131836, "mode": "test", "epoch": 24}
{"loss": 0.21400724351406097, "acc": 0.9196212887763977, "length": 3.4313347339630127, "mode": "train", "epoch": 25}
{"loss": 0.22192834317684174, "acc": 0.916093647480011, "length": 3.506993055343628, "mode": "test", "epoch": 25}
{"loss": 0.2041129469871521, "acc": 0.9216886758804321, "length": 3.4766340255737305, "mode": "train", "epoch": 26}
{"loss": 0.21147699654102325, "acc": 0.9244778752326965, "length": 3.562937021255493, "mode": "test", "epoch": 26}
{"loss": 0.19026774168014526, "acc": 0.9285268187522888, "length": 3.4979794025421143, "mode": "train", "epoch": 27}
{"loss": 0.1917780637741089, "acc": 0.9302446246147156, "length": 3.545454502105713, "mode": "test", "epoch": 27}
{"loss": 0.18821650743484497, "acc": 0.9304159283638, "length": 3.5804049968719482, "mode": "train", "epoch": 28}
{"loss": 0.2149851769208908, "acc": 0.9281131625175476, "length": 3.5419580936431885, "mode": "test", "epoch": 28}
{"loss": 0.19507530331611633, "acc": 0.9295063018798828, "length": 3.483656883239746, "mode": "train", "epoch": 29}
{"loss": 0.2019686996936798, "acc": 0.927069365978241, "length": 3.531468629837036, "mode": "test", "epoch": 29}
{"loss": 0.18726006150245667, "acc": 0.9337348937988281, "length": 3.547187089920044, "mode": "train", "epoch": 30}
{"loss": 0.17732520401477814, "acc": 0.9423115253448486, "length": 3.6188812255859375, "mode": "test", "epoch": 30}
{"loss": 0.17070168256759644, "acc": 0.9337465763092041, "length": 3.5756640434265137, "mode": "train", "epoch": 31}
{"loss": 0.18582631647586823, "acc": 0.9377015829086304, "length": 3.615384578704834, "mode": "test", "epoch": 31}
{"loss": 0.16508157551288605, "acc": 0.9392011165618896, "length": 3.5468549728393555, "mode": "train", "epoch": 32}
{"loss": 0.16874414682388306, "acc": 0.9438980221748352, "length": 3.6713287830352783, "mode": "test", "epoch": 32}
{"loss": 0.15892978012561798, "acc": 0.9415591359138489, "length": 3.564194679260254, "mode": "train", "epoch": 33}
{"loss": 0.1556386798620224, "acc": 0.9460095763206482, "length": 3.62937068939209, "mode": "test", "epoch": 33}
{"loss": 0.15585486590862274, "acc": 0.9426785111427307, "length": 3.5808048248291016, "mode": "train", "epoch": 34}
{"loss": 0.16159529983997345, "acc": 0.9458910822868347, "length": 3.639860153198242, "mode": "test", "epoch": 34}
{"loss": 0.17123542726039886, "acc": 0.9379910230636597, "length": 3.5619568824768066, "mode": "train", "epoch": 35}
{"loss": 0.17684657871723175, "acc": 0.9419723153114319, "length": 3.6433565616607666, "mode": "test", "epoch": 35}
{"loss": 0.16863156855106354, "acc": 0.9411641955375671, "length": 3.5670742988586426, "mode": "train", "epoch": 36}
{"loss": 0.16662006080150604, "acc": 0.9441519975662231, "length": 3.6503496170043945, "mode": "test", "epoch": 36}
{"loss": 0.1549615114927292, "acc": 0.9418751001358032, "length": 3.583038330078125, "mode": "train", "epoch": 37}
{"loss": 0.17248551547527313, "acc": 0.9434155225753784, "length": 3.730769157409668, "mode": "test", "epoch": 37}
{"loss": 0.15681248903274536, "acc": 0.9415804147720337, "length": 3.6273534297943115, "mode": "train", "epoch": 38}
{"loss": 0.14556798338890076, "acc": 0.9453131556510925, "length": 3.667832136154175, "mode": "test", "epoch": 38}
{"loss": 0.15172138810157776, "acc": 0.9444308280944824, "length": 3.5505499839782715, "mode": "train", "epoch": 39}
{"loss": 0.14635945856571198, "acc": 0.9493969678878784, "length": 3.6503496170043945, "mode": "test", "epoch": 39}
{"loss": 0.14414384961128235, "acc": 0.94620281457901, "length": 3.591150999069214, "mode": "train", "epoch": 40}
{"loss": 0.14932678639888763, "acc": 0.9509732127189636, "length": 3.7132866382598877, "mode": "test", "epoch": 40}
{"loss": 0.14624141156673431, "acc": 0.9482794404029846, "length": 3.631181478500366, "mode": "train", "epoch": 41}
{"loss": 0.15744255483150482, "acc": 0.9501021504402161, "length": 3.6573426723480225, "mode": "test", "epoch": 41}
{"loss": 0.1375696063041687, "acc": 0.9496918320655823, "length": 3.6213905811309814, "mode": "train", "epoch": 42}
{"loss": 0.1396464854478836, "acc": 0.9526771306991577, "length": 3.6573426723480225, "mode": "test", "epoch": 42}
{"loss": 0.13549453020095825, "acc": 0.9507772922515869, "length": 3.6238279342651367, "mode": "train", "epoch": 43}
{"loss": 0.14299631118774414, "acc": 0.9489690661430359, "length": 3.6818182468414307, "mode": "test", "epoch": 43}
{"loss": 0.13357938826084137, "acc": 0.9482253193855286, "length": 3.6174428462982178, "mode": "train", "epoch": 44}
{"loss": 0.1440233439207077, "acc": 0.9512982964515686, "length": 3.6818182468414307, "mode": "test", "epoch": 44}
{"loss": 0.14425119757652283, "acc": 0.9502614140510559, "length": 3.6286227703094482, "mode": "train", "epoch": 45}
{"loss": 0.1446782797574997, "acc": 0.9492379426956177, "length": 3.6573426723480225, "mode": "test", "epoch": 45}
{"loss": 0.1485249102115631, "acc": 0.9447032809257507, "length": 3.5690879821777344, "mode": "train", "epoch": 46}
{"loss": 0.1848316192626953, "acc": 0.9400783181190491, "length": 3.6433565616607666, "mode": "test", "epoch": 46}
{"loss": 0.1381329745054245, "acc": 0.9491323232650757, "length": 3.6433162689208984, "mode": "train", "epoch": 47}
{"loss": 0.14225761592388153, "acc": 0.9475481510162354, "length": 3.6818182468414307, "mode": "test", "epoch": 47}
{"loss": 0.14219634234905243, "acc": 0.9517584443092346, "length": 3.6532373428344727, "mode": "train", "epoch": 48}
{"loss": 0.13504044711589813, "acc": 0.9546856880187988, "length": 3.678321599960327, "mode": "test", "epoch": 48}
{"loss": 0.1445179432630539, "acc": 0.9484537839889526, "length": 3.616668701171875, "mode": "train", "epoch": 49}
{"loss": 0.14583942294120789, "acc": 0.9493135809898376, "length": 3.6433565616607666, "mode": "test", "epoch": 49}
{"loss": 0.13538363575935364, "acc": 0.9498293995857239, "length": 3.6744325160980225, "mode": "train", "epoch": 50}
{"loss": 0.14627155661582947, "acc": 0.9505040049552917, "length": 3.6818182468414307, "mode": "test", "epoch": 50}
{"loss": 0.12303748726844788, "acc": 0.9546863436698914, "length": 3.632099151611328, "mode": "train", "epoch": 51}
{"loss": 0.13465078175067902, "acc": 0.9515557885169983, "length": 3.699300765991211, "mode": "test", "epoch": 51}
{"loss": 0.12010718882083893, "acc": 0.9571205377578735, "length": 3.662834882736206, "mode": "train", "epoch": 52}
{"loss": 0.13875563442707062, "acc": 0.9516543745994568, "length": 3.62937068939209, "mode": "test", "epoch": 52}
{"loss": 0.12008442729711533, "acc": 0.9555740356445312, "length": 3.614823579788208, "mode": "train", "epoch": 53}
{"loss": 0.14310811460018158, "acc": 0.9521011710166931, "length": 3.730769157409668, "mode": "test", "epoch": 53}
{"loss": 0.13382500410079956, "acc": 0.9524058699607849, "length": 3.695828914642334, "mode": "train", "epoch": 54}
{"loss": 0.13201433420181274, "acc": 0.9546923637390137, "length": 3.692307710647583, "mode": "test", "epoch": 54}
{"loss": 0.12096603959798813, "acc": 0.9565203189849854, "length": 3.6255459785461426, "mode": "train", "epoch": 55}
{"loss": 0.14961372315883636, "acc": 0.9482490420341492, "length": 3.660839080810547, "mode": "test", "epoch": 55}
{"loss": 0.12133459746837616, "acc": 0.9574193358421326, "length": 3.62420392036438, "mode": "train", "epoch": 56}
{"loss": 0.14955584704875946, "acc": 0.9467933773994446, "length": 3.6363637447357178, "mode": "test", "epoch": 56}
{"loss": 0.12416348606348038, "acc": 0.9542974829673767, "length": 3.653853416442871, "mode": "train", "epoch": 57}
{"loss": 0.15926866233348846, "acc": 0.9477020502090454, "length": 3.744755268096924, "mode": "test", "epoch": 57}
{"loss": 0.12139900028705597, "acc": 0.9560331702232361, "length": 3.6823394298553467, "mode": "train", "epoch": 58}
{"loss": 0.1591363102197647, "acc": 0.9439119100570679, "length": 3.7132866382598877, "mode": "test", "epoch": 58}
{"loss": 0.12753967940807343, "acc": 0.9540053009986877, "length": 3.634208917617798, "mode": "train", "epoch": 59}
{"loss": 0.15745048224925995, "acc": 0.9483147263526917, "length": 3.6958041191101074, "mode": "test", "epoch": 59}
{"loss": 0.12657098472118378, "acc": 0.954338550567627, "length": 3.6454663276672363, "mode": "train", "epoch": 60}
{"loss": 0.15105965733528137, "acc": 0.9421795606613159, "length": 3.7097902297973633, "mode": "test", "epoch": 60}
test accuracy: 0.8399505615234375
