# ["--attributes=5", "--values=16", "--game_size=10", "--vocab_size_factor=3", "--n_epochs=60", "--batch_size=64", "--learning_rate=0.0005", "--hidden_size=256", "--temp_update=0.97", "--temperature=2"]
Creating train_ds and val_ds...

Creating test_ds...
{"loss": 0.6993682980537415, "acc": 0.5210268497467041, "length": 3.492729663848877, "mode": "train", "epoch": 1}
{"loss": 0.6936318278312683, "acc": 0.49766188859939575, "length": 1.0, "mode": "test", "epoch": 1}
{"loss": 0.6897355914115906, "acc": 0.5316402912139893, "length": 3.007638454437256, "mode": "train", "epoch": 2}
{"loss": 0.6897215843200684, "acc": 0.53229820728302, "length": 1.107913613319397, "mode": "test", "epoch": 2}
{"loss": 0.6542836427688599, "acc": 0.651668906211853, "length": 2.801145315170288, "mode": "train", "epoch": 3}
{"loss": 0.6107013821601868, "acc": 0.7026865482330322, "length": 2.3920862674713135, "mode": "test", "epoch": 3}
{"loss": 0.555064857006073, "acc": 0.7630013227462769, "length": 3.0071473121643066, "mode": "train", "epoch": 4}
{"loss": 0.5495054721832275, "acc": 0.7417382001876831, "length": 3.2661869525909424, "mode": "test", "epoch": 4}
{"loss": 0.46998387575149536, "acc": 0.7929931282997131, "length": 3.1719677448272705, "mode": "train", "epoch": 5}
{"loss": 0.5008353590965271, "acc": 0.7670630216598511, "length": 3.2769784927368164, "mode": "test", "epoch": 5}
{"loss": 0.4196977913379669, "acc": 0.814673662185669, "length": 3.267765522003174, "mode": "train", "epoch": 6}
{"loss": 0.4617532789707184, "acc": 0.7937292456626892, "length": 3.2338130474090576, "mode": "test", "epoch": 6}
{"loss": 0.3915403485298157, "acc": 0.8247575163841248, "length": 3.2639143466949463, "mode": "train", "epoch": 7}
{"loss": 0.4469327926635742, "acc": 0.8116094470024109, "length": 3.4172661304473877, "mode": "test", "epoch": 7}
{"loss": 0.36668553948402405, "acc": 0.8453400731086731, "length": 3.385263204574585, "mode": "train", "epoch": 8}
{"loss": 0.41903597116470337, "acc": 0.8155105113983154, "length": 3.4712231159210205, "mode": "test", "epoch": 8}
{"loss": 0.34416255354881287, "acc": 0.8569323420524597, "length": 3.3707151412963867, "mode": "train", "epoch": 9}
{"loss": 0.40861740708351135, "acc": 0.8225976824760437, "length": 3.3705036640167236, "mode": "test", "epoch": 9}
{"loss": 0.3238678574562073, "acc": 0.8626832365989685, "length": 3.400195598602295, "mode": "train", "epoch": 10}
{"loss": 0.42119964957237244, "acc": 0.8352326154708862, "length": 3.4928057193756104, "mode": "test", "epoch": 10}
{"loss": 0.308805376291275, "acc": 0.8678954243659973, "length": 3.433716297149658, "mode": "train", "epoch": 11}
{"loss": 0.406494677066803, "acc": 0.8439397215843201, "length": 3.4964029788970947, "mode": "test", "epoch": 11}
{"loss": 0.29129093885421753, "acc": 0.8791518807411194, "length": 3.500401496887207, "mode": "train", "epoch": 12}
{"loss": 0.3951849937438965, "acc": 0.8420748710632324, "length": 3.679856061935425, "mode": "test", "epoch": 12}
{"loss": 0.27440452575683594, "acc": 0.8907304406166077, "length": 3.5414915084838867, "mode": "train", "epoch": 13}
{"loss": 0.39352157711982727, "acc": 0.8436092734336853, "length": 3.773381233215332, "mode": "test", "epoch": 13}
{"loss": 0.2615450322628021, "acc": 0.899876058101654, "length": 3.6281800270080566, "mode": "train", "epoch": 14}
{"loss": 0.37691453099250793, "acc": 0.8514440059661865, "length": 3.7877697944641113, "mode": "test", "epoch": 14}
{"loss": 0.2555399537086487, "acc": 0.900445282459259, "length": 3.6831562519073486, "mode": "train", "epoch": 15}
{"loss": 0.3831664025783539, "acc": 0.8570277690887451, "length": 3.895683526992798, "mode": "test", "epoch": 15}
{"loss": 0.2383001148700714, "acc": 0.9133896231651306, "length": 3.7988979816436768, "mode": "train", "epoch": 16}
{"loss": 0.3659992814064026, "acc": 0.8600377440452576, "length": 3.8129496574401855, "mode": "test", "epoch": 16}
{"loss": 0.22859421372413635, "acc": 0.9153788685798645, "length": 3.8180036544799805, "mode": "train", "epoch": 17}
{"loss": 0.357303649187088, "acc": 0.8754414916038513, "length": 3.9352517127990723, "mode": "test", "epoch": 17}
{"loss": 0.22246602177619934, "acc": 0.9161303043365479, "length": 3.856856107711792, "mode": "train", "epoch": 18}
{"loss": 0.33088260889053345, "acc": 0.8819005489349365, "length": 3.9604315757751465, "mode": "test", "epoch": 18}
{"loss": 0.21252427995204926, "acc": 0.9188516139984131, "length": 3.8743696212768555, "mode": "train", "epoch": 19}
{"loss": 0.31745243072509766, "acc": 0.8912806510925293, "length": 3.956834554672241, "mode": "test", "epoch": 19}
{"loss": 0.20072035491466522, "acc": 0.9264561533927917, "length": 3.9030680656433105, "mode": "train", "epoch": 20}
{"loss": 0.2855452597141266, "acc": 0.8937782049179077, "length": 3.9712231159210205, "mode": "test", "epoch": 20}
{"loss": 0.1969062089920044, "acc": 0.926956832408905, "length": 3.9049088954925537, "mode": "train", "epoch": 21}
{"loss": 0.296947181224823, "acc": 0.8953503966331482, "length": 3.967625856399536, "mode": "test", "epoch": 21}
{"loss": 0.18892061710357666, "acc": 0.9272658824920654, "length": 3.9100136756896973, "mode": "train", "epoch": 22}
{"loss": 0.27191850543022156, "acc": 0.9004457592964172, "length": 3.9820144176483154, "mode": "test", "epoch": 22}
{"loss": 0.18009357154369354, "acc": 0.9335946440696716, "length": 3.9288330078125, "mode": "train", "epoch": 23}
{"loss": 0.2616463601589203, "acc": 0.8933453559875488, "length": 4.0, "mode": "test", "epoch": 23}
{"loss": 0.17237789928913116, "acc": 0.9363694787025452, "length": 3.959228515625, "mode": "train", "epoch": 24}
{"loss": 0.2537580132484436, "acc": 0.9113309383392334, "length": 4.0, "mode": "test", "epoch": 24}
{"loss": 0.16454169154167175, "acc": 0.9396569728851318, "length": 3.9580442905426025, "mode": "train", "epoch": 25}
{"loss": 0.23356600105762482, "acc": 0.9226618409156799, "length": 4.0, "mode": "test", "epoch": 25}
{"loss": 0.15793906152248383, "acc": 0.9402036666870117, "length": 3.967968463897705, "mode": "train", "epoch": 26}
{"loss": 0.23405015468597412, "acc": 0.9203238487243652, "length": 4.0, "mode": "test", "epoch": 26}
{"loss": 0.15181612968444824, "acc": 0.9428949356079102, "length": 3.9527058601379395, "mode": "train", "epoch": 27}
{"loss": 0.21712104976177216, "acc": 0.9322328567504883, "length": 3.9820144176483154, "mode": "test", "epoch": 27}
{"loss": 0.1572112888097763, "acc": 0.9439722299575806, "length": 3.9403865337371826, "mode": "train", "epoch": 28}
{"loss": 0.1935962587594986, "acc": 0.9327924847602844, "length": 3.974820137023926, "mode": "test", "epoch": 28}
{"loss": 0.14907048642635345, "acc": 0.9465675354003906, "length": 3.9625582695007324, "mode": "train", "epoch": 29}
{"loss": 0.21028319001197815, "acc": 0.9308963418006897, "length": 3.9856114387512207, "mode": "test", "epoch": 29}
{"loss": 0.1576317399740219, "acc": 0.9408910274505615, "length": 3.9652700424194336, "mode": "train", "epoch": 30}
{"loss": 0.2015451043844223, "acc": 0.9329480528831482, "length": 3.9856114387512207, "mode": "test", "epoch": 30}
{"loss": 0.14668825268745422, "acc": 0.9454854726791382, "length": 3.9541358947753906, "mode": "train", "epoch": 31}
{"loss": 0.18545375764369965, "acc": 0.9385105967521667, "length": 3.989208698272705, "mode": "test", "epoch": 31}
{"loss": 0.13997669517993927, "acc": 0.9503793716430664, "length": 3.9522509574890137, "mode": "train", "epoch": 32}
{"loss": 0.17025789618492126, "acc": 0.9435007572174072, "length": 3.978417158126831, "mode": "test", "epoch": 32}
{"loss": 0.1361372172832489, "acc": 0.9496786594390869, "length": 3.9636144638061523, "mode": "train", "epoch": 33}
{"loss": 0.17573976516723633, "acc": 0.9353371858596802, "length": 3.9856114387512207, "mode": "test", "epoch": 33}
{"loss": 0.1332358717918396, "acc": 0.9521005153656006, "length": 3.969796657562256, "mode": "train", "epoch": 34}
{"loss": 0.1969820111989975, "acc": 0.9348920583724976, "length": 4.0, "mode": "test", "epoch": 34}
{"loss": 0.12668795883655548, "acc": 0.9544356465339661, "length": 3.974236488342285, "mode": "train", "epoch": 35}
{"loss": 0.16034427285194397, "acc": 0.9466895461082458, "length": 3.9964029788970947, "mode": "test", "epoch": 35}
{"loss": 0.1272367388010025, "acc": 0.9538996815681458, "length": 3.9749772548675537, "mode": "train", "epoch": 36}
{"loss": 0.19434602558612823, "acc": 0.9405856728553772, "length": 3.989208698272705, "mode": "test", "epoch": 36}
{"loss": 0.12541136145591736, "acc": 0.9559817910194397, "length": 3.9696264266967773, "mode": "train", "epoch": 37}
{"loss": 0.17127124965190887, "acc": 0.9461068511009216, "length": 3.9928057193756104, "mode": "test", "epoch": 37}
{"loss": 0.12392319738864899, "acc": 0.9541807174682617, "length": 3.975248098373413, "mode": "train", "epoch": 38}
{"loss": 0.15511636435985565, "acc": 0.9513282179832458, "length": 3.9856114387512207, "mode": "test", "epoch": 38}
{"loss": 0.12097357213497162, "acc": 0.9587277173995972, "length": 3.975729465484619, "mode": "train", "epoch": 39}
{"loss": 0.1812758445739746, "acc": 0.9498121738433838, "length": 3.9928057193756104, "mode": "test", "epoch": 39}
{"loss": 0.11869589984416962, "acc": 0.9571352601051331, "length": 3.979609489440918, "mode": "train", "epoch": 40}
{"loss": 0.1714721918106079, "acc": 0.949640154838562, "length": 4.0, "mode": "test", "epoch": 40}
{"loss": 0.10806060582399368, "acc": 0.9594302773475647, "length": 3.9799983501434326, "mode": "train", "epoch": 41}
{"loss": 0.16224119067192078, "acc": 0.9512590169906616, "length": 4.0, "mode": "test", "epoch": 41}
{"loss": 0.10829979926347733, "acc": 0.9604504108428955, "length": 3.979135274887085, "mode": "train", "epoch": 42}
{"loss": 0.12698647379875183, "acc": 0.9575006365776062, "length": 3.9964029788970947, "mode": "test", "epoch": 42}
{"loss": 0.11154361069202423, "acc": 0.9593791365623474, "length": 3.9804153442382812, "mode": "train", "epoch": 43}
{"loss": 0.18147173523902893, "acc": 0.9485611915588379, "length": 4.0, "mode": "test", "epoch": 43}
{"loss": 0.10649866610765457, "acc": 0.9627137780189514, "length": 3.9869143962860107, "mode": "train", "epoch": 44}
{"loss": 0.1359807252883911, "acc": 0.9542388916015625, "length": 3.9928057193756104, "mode": "test", "epoch": 44}
{"loss": 0.09923300892114639, "acc": 0.9655038118362427, "length": 3.9756648540496826, "mode": "train", "epoch": 45}
{"loss": 0.13721494376659393, "acc": 0.9539992809295654, "length": 3.989208698272705, "mode": "test", "epoch": 45}
{"loss": 0.10853436589241028, "acc": 0.9588295817375183, "length": 3.975550413131714, "mode": "train", "epoch": 46}
{"loss": 0.15746532380580902, "acc": 0.9456081390380859, "length": 3.9856114387512207, "mode": "test", "epoch": 46}
{"loss": 0.0932147353887558, "acc": 0.9659287333488464, "length": 3.9679248332977295, "mode": "train", "epoch": 47}
{"loss": 0.11606314033269882, "acc": 0.960540771484375, "length": 3.9712231159210205, "mode": "test", "epoch": 47}
{"loss": 0.09007614105939865, "acc": 0.9690122604370117, "length": 3.963270902633667, "mode": "train", "epoch": 48}
{"loss": 0.11404881626367569, "acc": 0.9594133496284485, "length": 3.978417158126831, "mode": "test", "epoch": 48}
{"loss": 0.09650761634111404, "acc": 0.9648730754852295, "length": 3.957535982131958, "mode": "train", "epoch": 49}
{"loss": 0.1966032236814499, "acc": 0.9447576999664307, "length": 3.9820144176483154, "mode": "test", "epoch": 49}
{"loss": 0.11039011925458908, "acc": 0.9603277444839478, "length": 3.9634897708892822, "mode": "train", "epoch": 50}
{"loss": 0.13248556852340698, "acc": 0.9567517638206482, "length": 3.956834554672241, "mode": "test", "epoch": 50}
{"loss": 0.0945490375161171, "acc": 0.9670391082763672, "length": 3.9349656105041504, "mode": "train", "epoch": 51}
{"loss": 0.11929184198379517, "acc": 0.9580562114715576, "length": 3.9352517127990723, "mode": "test", "epoch": 51}
{"loss": 0.08884716033935547, "acc": 0.9682013988494873, "length": 3.9380950927734375, "mode": "train", "epoch": 52}
{"loss": 0.13113826513290405, "acc": 0.9649962186813354, "length": 3.942445993423462, "mode": "test", "epoch": 52}
{"loss": 0.07836693525314331, "acc": 0.9734150171279907, "length": 3.950735569000244, "mode": "train", "epoch": 53}
{"loss": 0.11726555973291397, "acc": 0.964302659034729, "length": 3.9388489723205566, "mode": "test", "epoch": 53}
{"loss": 0.07784386724233627, "acc": 0.9730644822120667, "length": 3.9470534324645996, "mode": "train", "epoch": 54}
{"loss": 0.11252156645059586, "acc": 0.9613198637962341, "length": 3.967625856399536, "mode": "test", "epoch": 54}
{"loss": 0.07535352557897568, "acc": 0.9724712371826172, "length": 3.9511566162109375, "mode": "train", "epoch": 55}
{"loss": 0.10889110714197159, "acc": 0.9593949317932129, "length": 3.964028835296631, "mode": "test", "epoch": 55}
{"loss": 0.07465861737728119, "acc": 0.9743439555168152, "length": 3.963916301727295, "mode": "train", "epoch": 56}
{"loss": 0.11409192532300949, "acc": 0.9591939449310303, "length": 3.974820137023926, "mode": "test", "epoch": 56}
{"loss": 0.0725964680314064, "acc": 0.9754502773284912, "length": 3.970463991165161, "mode": "train", "epoch": 57}
{"loss": 0.09925469011068344, "acc": 0.964212954044342, "length": 3.956834554672241, "mode": "test", "epoch": 57}
{"loss": 0.07152874767780304, "acc": 0.9759728908538818, "length": 3.9479331970214844, "mode": "train", "epoch": 58}
{"loss": 0.10285439342260361, "acc": 0.9645476937294006, "length": 3.9496402740478516, "mode": "test", "epoch": 58}
{"loss": 0.06709525734186172, "acc": 0.9779183864593506, "length": 3.9388935565948486, "mode": "train", "epoch": 59}
{"loss": 0.09962410479784012, "acc": 0.9643725752830505, "length": 3.942445993423462, "mode": "test", "epoch": 59}
{"loss": 0.0718999058008194, "acc": 0.9753257036209106, "length": 3.9465749263763428, "mode": "train", "epoch": 60}
{"loss": 0.08751895278692245, "acc": 0.9729244112968445, "length": 3.9460432529449463, "mode": "test", "epoch": 60}
test accuracy: 0.889083981513977
