# ["--attributes=5", "--values=16", "--game_size=10", "--vocab_size_factor=3", "--n_epochs=60", "--batch_size=64", "--learning_rate=0.0005", "--hidden_size=256", "--temp_update=0.99", "--temperature=1"]
Creating train_ds and val_ds...

Creating test_ds...
{"loss": 0.6985802054405212, "acc": 0.5239868760108948, "length": 3.4455344676971436, "mode": "train", "epoch": 1}
{"loss": 0.6925616264343262, "acc": 0.5186007022857666, "length": 1.0, "mode": "test", "epoch": 1}
{"loss": 0.6938545107841492, "acc": 0.5210697054862976, "length": 2.55277156829834, "mode": "train", "epoch": 2}
{"loss": 0.6912054419517517, "acc": 0.5200899243354797, "length": 1.1023890972137451, "mode": "test", "epoch": 2}
{"loss": 0.6385917663574219, "acc": 0.6457542777061462, "length": 2.6976780891418457, "mode": "train", "epoch": 3}
{"loss": 0.5894235968589783, "acc": 0.7033922672271729, "length": 2.9078497886657715, "mode": "test", "epoch": 3}
{"loss": 0.5514634847640991, "acc": 0.7230093479156494, "length": 3.1593329906463623, "mode": "train", "epoch": 4}
{"loss": 0.5311536192893982, "acc": 0.7468484044075012, "length": 3.2184300422668457, "mode": "test", "epoch": 4}
{"loss": 0.4750463366508484, "acc": 0.7917243838310242, "length": 3.27807354927063, "mode": "train", "epoch": 5}
{"loss": 0.4677208364009857, "acc": 0.7848118543624878, "length": 3.447098970413208, "mode": "test", "epoch": 5}
{"loss": 0.4074707627296448, "acc": 0.8315495848655701, "length": 3.4701802730560303, "mode": "train", "epoch": 6}
{"loss": 0.43583664298057556, "acc": 0.8200713396072388, "length": 3.47098970413208, "mode": "test", "epoch": 6}
{"loss": 0.36163172125816345, "acc": 0.8552345633506775, "length": 3.5863897800445557, "mode": "train", "epoch": 7}
{"loss": 0.4136393070220947, "acc": 0.8311303853988647, "length": 3.7781569957733154, "mode": "test", "epoch": 7}
{"loss": 0.3259544372558594, "acc": 0.8735838532447815, "length": 3.5981504917144775, "mode": "train", "epoch": 8}
{"loss": 0.43965402245521545, "acc": 0.8290257453918457, "length": 3.791808843612671, "mode": "test", "epoch": 8}
{"loss": 0.29968395829200745, "acc": 0.8858123421669006, "length": 3.6203773021698, "mode": "train", "epoch": 9}
{"loss": 0.37924477458000183, "acc": 0.848232090473175, "length": 3.7713310718536377, "mode": "test", "epoch": 9}
{"loss": 0.2783242166042328, "acc": 0.891412615776062, "length": 3.674077033996582, "mode": "train", "epoch": 10}
{"loss": 0.34842386841773987, "acc": 0.8611323237419128, "length": 3.662116050720215, "mode": "test", "epoch": 10}
{"loss": 0.2693825364112854, "acc": 0.8972244262695312, "length": 3.6649088859558105, "mode": "train", "epoch": 11}
{"loss": 0.32897669076919556, "acc": 0.871584951877594, "length": 3.7167234420776367, "mode": "test", "epoch": 11}
{"loss": 0.2452874481678009, "acc": 0.9061465859413147, "length": 3.701536178588867, "mode": "train", "epoch": 12}
{"loss": 0.3171028196811676, "acc": 0.8678188920021057, "length": 3.788395881652832, "mode": "test", "epoch": 12}
{"loss": 0.23015010356903076, "acc": 0.9099962711334229, "length": 3.7428267002105713, "mode": "train", "epoch": 13}
{"loss": 0.30181798338890076, "acc": 0.8815020322799683, "length": 3.583617687225342, "mode": "test", "epoch": 13}
{"loss": 0.21991801261901855, "acc": 0.9180321097373962, "length": 3.6856284141540527, "mode": "train", "epoch": 14}
{"loss": 0.29830655455589294, "acc": 0.8909335136413574, "length": 3.7713310718536377, "mode": "test", "epoch": 14}
{"loss": 0.20867575705051422, "acc": 0.9240140914916992, "length": 3.753749132156372, "mode": "train", "epoch": 15}
{"loss": 0.269132524728775, "acc": 0.899427056312561, "length": 3.627986431121826, "mode": "test", "epoch": 15}
{"loss": 0.20599088072776794, "acc": 0.9225106239318848, "length": 3.734637498855591, "mode": "train", "epoch": 16}
{"loss": 0.27969518303871155, "acc": 0.895529568195343, "length": 3.6757678985595703, "mode": "test", "epoch": 16}
{"loss": 0.1907142996788025, "acc": 0.9312512278556824, "length": 3.71838116645813, "mode": "train", "epoch": 17}
{"loss": 0.268568754196167, "acc": 0.9038243293762207, "length": 3.6962456703186035, "mode": "test", "epoch": 17}
{"loss": 0.19063276052474976, "acc": 0.9286136627197266, "length": 3.7475271224975586, "mode": "train", "epoch": 18}
{"loss": 0.25460556149482727, "acc": 0.9101091623306274, "length": 3.6723549365997314, "mode": "test", "epoch": 18}
{"loss": 0.1857767552137375, "acc": 0.9334688186645508, "length": 3.711143970489502, "mode": "train", "epoch": 19}
{"loss": 0.26152464747428894, "acc": 0.909392774105072, "length": 3.7201364040374756, "mode": "test", "epoch": 19}
{"loss": 0.17708872258663177, "acc": 0.9353841543197632, "length": 3.762385368347168, "mode": "train", "epoch": 20}
{"loss": 0.24593894183635712, "acc": 0.9082213640213013, "length": 3.631399393081665, "mode": "test", "epoch": 20}
{"loss": 0.17947374284267426, "acc": 0.9333218932151794, "length": 3.712373971939087, "mode": "train", "epoch": 21}
{"loss": 0.24667827785015106, "acc": 0.9147716760635376, "length": 3.662116050720215, "mode": "test", "epoch": 21}
{"loss": 0.1783483475446701, "acc": 0.93495112657547, "length": 3.7615842819213867, "mode": "train", "epoch": 22}
{"loss": 0.2548008859157562, "acc": 0.9126072525978088, "length": 3.713310480117798, "mode": "test", "epoch": 22}
{"loss": 0.17364147305488586, "acc": 0.9415919780731201, "length": 3.7321672439575195, "mode": "train", "epoch": 23}
{"loss": 0.23005571961402893, "acc": 0.913784384727478, "length": 3.70648455619812, "mode": "test", "epoch": 23}
{"loss": 0.1629657745361328, "acc": 0.9450169801712036, "length": 3.7596325874328613, "mode": "train", "epoch": 24}
{"loss": 0.23735395073890686, "acc": 0.9188275337219238, "length": 3.7440273761749268, "mode": "test", "epoch": 24}
{"loss": 0.16105234622955322, "acc": 0.9438442587852478, "length": 3.7648937702178955, "mode": "train", "epoch": 25}
{"loss": 0.2509787082672119, "acc": 0.9171843528747559, "length": 3.7269625663757324, "mode": "test", "epoch": 25}
{"loss": 0.16019153594970703, "acc": 0.9432926177978516, "length": 3.7591733932495117, "mode": "train", "epoch": 26}
{"loss": 0.23949742317199707, "acc": 0.9170615673065186, "length": 3.7440273761749268, "mode": "test", "epoch": 26}
{"loss": 0.14698004722595215, "acc": 0.9508514404296875, "length": 3.7528162002563477, "mode": "train", "epoch": 27}
{"loss": 0.2534395158290863, "acc": 0.9169007539749146, "length": 3.7167234420776367, "mode": "test", "epoch": 27}
{"loss": 0.14787358045578003, "acc": 0.9491437077522278, "length": 3.7451705932617188, "mode": "train", "epoch": 28}
{"loss": 0.24918465316295624, "acc": 0.9150227308273315, "length": 3.737201452255249, "mode": "test", "epoch": 28}
{"loss": 0.14811307191848755, "acc": 0.9469537734985352, "length": 3.747903347015381, "mode": "train", "epoch": 29}
{"loss": 0.24731150269508362, "acc": 0.9126335978507996, "length": 3.6928327083587646, "mode": "test", "epoch": 29}
{"loss": 0.1453276127576828, "acc": 0.950153112411499, "length": 3.732837677001953, "mode": "train", "epoch": 30}
{"loss": 0.23376815021038055, "acc": 0.9230328798294067, "length": 3.73378849029541, "mode": "test", "epoch": 30}
{"loss": 0.1445302516222, "acc": 0.950112521648407, "length": 3.766526699066162, "mode": "train", "epoch": 31}
{"loss": 0.23810429871082306, "acc": 0.919843852519989, "length": 3.7269625663757324, "mode": "test", "epoch": 31}
{"loss": 0.14421044290065765, "acc": 0.9487964510917664, "length": 3.7580959796905518, "mode": "train", "epoch": 32}
{"loss": 0.21974657475948334, "acc": 0.923687219619751, "length": 3.73378849029541, "mode": "test", "epoch": 32}
{"loss": 0.14066755771636963, "acc": 0.9496328234672546, "length": 3.7756028175354004, "mode": "train", "epoch": 33}
{"loss": 0.23362886905670166, "acc": 0.9195653796195984, "length": 3.76450514793396, "mode": "test", "epoch": 33}
{"loss": 0.14110682904720306, "acc": 0.951305091381073, "length": 3.7638943195343018, "mode": "train", "epoch": 34}
{"loss": 0.2332620918750763, "acc": 0.9240923523902893, "length": 3.7201364040374756, "mode": "test", "epoch": 34}
{"loss": 0.14169050753116608, "acc": 0.9481375217437744, "length": 3.7429981231689453, "mode": "train", "epoch": 35}
{"loss": 0.23173777759075165, "acc": 0.9252954721450806, "length": 3.7235496044158936, "mode": "test", "epoch": 35}
{"loss": 0.1307433843612671, "acc": 0.9546889662742615, "length": 3.754485607147217, "mode": "train", "epoch": 36}
{"loss": 0.22523093223571777, "acc": 0.9198154211044312, "length": 3.7440273761749268, "mode": "test", "epoch": 36}
{"loss": 0.1309007704257965, "acc": 0.9531698226928711, "length": 3.7448525428771973, "mode": "train", "epoch": 37}
{"loss": 0.2075767070055008, "acc": 0.9254243969917297, "length": 3.76450514793396, "mode": "test", "epoch": 37}
{"loss": 0.13346779346466064, "acc": 0.9530025720596313, "length": 3.7799313068389893, "mode": "train", "epoch": 38}
{"loss": 0.21910901367664337, "acc": 0.9254498481750488, "length": 3.737201452255249, "mode": "test", "epoch": 38}
{"loss": 0.13215601444244385, "acc": 0.9547373056411743, "length": 3.7680470943450928, "mode": "train", "epoch": 39}
{"loss": 0.23296017944812775, "acc": 0.9235233664512634, "length": 3.76450514793396, "mode": "test", "epoch": 39}
{"loss": 0.13016143441200256, "acc": 0.9524297714233398, "length": 3.775484323501587, "mode": "train", "epoch": 40}
{"loss": 0.21924908459186554, "acc": 0.9270671606063843, "length": 3.767918109893799, "mode": "test", "epoch": 40}
{"loss": 0.13059788942337036, "acc": 0.9530930519104004, "length": 3.7923812866210938, "mode": "train", "epoch": 41}
{"loss": 0.22955353558063507, "acc": 0.9241260290145874, "length": 3.73378849029541, "mode": "test", "epoch": 41}
{"loss": 0.13330642879009247, "acc": 0.9520074129104614, "length": 3.749154806137085, "mode": "train", "epoch": 42}
{"loss": 0.2123979777097702, "acc": 0.9291887879371643, "length": 3.73378849029541, "mode": "test", "epoch": 42}
{"loss": 0.12891462445259094, "acc": 0.9540993571281433, "length": 3.764101505279541, "mode": "train", "epoch": 43}
{"loss": 0.18647027015686035, "acc": 0.9338096380233765, "length": 3.737201452255249, "mode": "test", "epoch": 43}
{"loss": 0.12049593776464462, "acc": 0.9569988250732422, "length": 3.7575972080230713, "mode": "train", "epoch": 44}
{"loss": 0.20164428651332855, "acc": 0.9273250699043274, "length": 3.737201452255249, "mode": "test", "epoch": 44}
{"loss": 0.12497502565383911, "acc": 0.9539761543273926, "length": 3.7613778114318848, "mode": "train", "epoch": 45}
{"loss": 0.1920527070760727, "acc": 0.9278907179832458, "length": 3.740614414215088, "mode": "test", "epoch": 45}
{"loss": 0.12007059901952744, "acc": 0.9554017186164856, "length": 3.7809154987335205, "mode": "train", "epoch": 46}
{"loss": 0.22080127894878387, "acc": 0.9338592290878296, "length": 3.73378849029541, "mode": "test", "epoch": 46}
{"loss": 0.12506860494613647, "acc": 0.9560574293136597, "length": 3.7561137676239014, "mode": "train", "epoch": 47}
{"loss": 0.2263575792312622, "acc": 0.9260185360908508, "length": 3.791808843612671, "mode": "test", "epoch": 47}
{"loss": 0.12649884819984436, "acc": 0.9536080360412598, "length": 3.774695873260498, "mode": "train", "epoch": 48}
{"loss": 0.20835457742214203, "acc": 0.9318457245826721, "length": 3.73378849029541, "mode": "test", "epoch": 48}
{"loss": 0.12094249576330185, "acc": 0.9557726979255676, "length": 3.7552337646484375, "mode": "train", "epoch": 49}
{"loss": 0.21067439019680023, "acc": 0.9315357208251953, "length": 3.7542662620544434, "mode": "test", "epoch": 49}
{"loss": 0.1196565181016922, "acc": 0.9584505558013916, "length": 3.7502071857452393, "mode": "train", "epoch": 50}
{"loss": 0.21475648880004883, "acc": 0.923290491104126, "length": 3.7440273761749268, "mode": "test", "epoch": 50}
{"loss": 0.15396712720394135, "acc": 0.9446139931678772, "length": 3.7849104404449463, "mode": "train", "epoch": 51}
{"loss": 0.21013061702251434, "acc": 0.9212257862091064, "length": 3.740614414215088, "mode": "test", "epoch": 51}
{"loss": 0.13761943578720093, "acc": 0.9489783048629761, "length": 3.7627432346343994, "mode": "train", "epoch": 52}
{"loss": 0.21239177882671356, "acc": 0.9261807799339294, "length": 3.7815699577331543, "mode": "test", "epoch": 52}
{"loss": 0.13110552728176117, "acc": 0.9524238705635071, "length": 3.7820279598236084, "mode": "train", "epoch": 53}
{"loss": 0.2056337147951126, "acc": 0.9310569167137146, "length": 3.73378849029541, "mode": "test", "epoch": 53}
{"loss": 0.12291118502616882, "acc": 0.9571812152862549, "length": 3.7677760124206543, "mode": "train", "epoch": 54}
{"loss": 0.20676763355731964, "acc": 0.9349246621131897, "length": 3.7542662620544434, "mode": "test", "epoch": 54}
{"loss": 0.11869168281555176, "acc": 0.957671582698822, "length": 3.7634012699127197, "mode": "train", "epoch": 55}
{"loss": 0.18549029529094696, "acc": 0.9359474778175354, "length": 3.7303755283355713, "mode": "test", "epoch": 55}
{"loss": 0.11245167255401611, "acc": 0.9614384770393372, "length": 3.763610601425171, "mode": "train", "epoch": 56}
{"loss": 0.2188941240310669, "acc": 0.93056321144104, "length": 3.7747440338134766, "mode": "test", "epoch": 56}
{"loss": 0.10756733268499374, "acc": 0.9611321687698364, "length": 3.7674055099487305, "mode": "train", "epoch": 57}
{"loss": 0.22359101474285126, "acc": 0.931096076965332, "length": 3.737201452255249, "mode": "test", "epoch": 57}
{"loss": 0.11029940843582153, "acc": 0.9615377187728882, "length": 3.7641496658325195, "mode": "train", "epoch": 58}
{"loss": 0.24874158203601837, "acc": 0.9275716543197632, "length": 3.73378849029541, "mode": "test", "epoch": 58}
{"loss": 0.11557985097169876, "acc": 0.959810733795166, "length": 3.7634692192077637, "mode": "train", "epoch": 59}
{"loss": 0.2240009307861328, "acc": 0.9322273135185242, "length": 3.737201452255249, "mode": "test", "epoch": 59}
{"loss": 0.1092459112405777, "acc": 0.9617857336997986, "length": 3.7644121646881104, "mode": "train", "epoch": 60}
{"loss": 0.2038687765598297, "acc": 0.9336486458778381, "length": 3.7474403381347656, "mode": "test", "epoch": 60}
test accuracy: 0.7667737603187561
