# ["--attributes=3", "--values=4", "--game_size=10", "--vocab_size_factor=3", "--n_epochs=60", "--batch_size=64", "--learning_rate=0.0005", "--hidden_size=128", "--temp_update=0.97", "--temperature=1.5"]
Creating train_ds and val_ds...

Creating test_ds...
{"loss": 0.6969833374023438, "acc": 0.4998939335346222, "length": 3.5128419399261475, "mode": "train", "epoch": 1}
{"loss": 0.692112386226654, "acc": 0.5079208016395569, "length": 1.0, "mode": "test", "epoch": 1}
{"loss": 0.6927399039268494, "acc": 0.5336657166481018, "length": 3.4190618991851807, "mode": "train", "epoch": 2}
{"loss": 0.6902090907096863, "acc": 0.5189862847328186, "length": 1.056105613708496, "mode": "test", "epoch": 2}
{"loss": 0.6843628287315369, "acc": 0.5621403455734253, "length": 3.0925941467285156, "mode": "train", "epoch": 3}
{"loss": 0.6702772974967957, "acc": 0.6436314582824707, "length": 2.1386139392852783, "mode": "test", "epoch": 3}
{"loss": 0.6611989140510559, "acc": 0.6672054529190063, "length": 3.0513241291046143, "mode": "train", "epoch": 4}
{"loss": 0.6286308169364929, "acc": 0.7309935688972473, "length": 3.0, "mode": "test", "epoch": 4}
{"loss": 0.6019107103347778, "acc": 0.734488844871521, "length": 3.336738109588623, "mode": "train", "epoch": 5}
{"loss": 0.5483337640762329, "acc": 0.7797538638114929, "length": 3.8976898193359375, "mode": "test", "epoch": 5}
{"loss": 0.505932629108429, "acc": 0.7979564070701599, "length": 3.684512138366699, "mode": "train", "epoch": 6}
{"loss": 0.48192358016967773, "acc": 0.8080857992172241, "length": 4.0, "mode": "test", "epoch": 6}
{"loss": 0.43508684635162354, "acc": 0.8129257559776306, "length": 3.915689706802368, "mode": "train", "epoch": 7}
{"loss": 0.4690856635570526, "acc": 0.8041254878044128, "length": 4.0, "mode": "test", "epoch": 7}
{"loss": 0.4098365604877472, "acc": 0.8331267833709717, "length": 3.9602365493774414, "mode": "train", "epoch": 8}
{"loss": 0.4530864357948303, "acc": 0.817821741104126, "length": 4.0, "mode": "test", "epoch": 8}
{"loss": 0.3741972744464874, "acc": 0.852622389793396, "length": 3.9805233478546143, "mode": "train", "epoch": 9}
{"loss": 0.41044187545776367, "acc": 0.8123763203620911, "length": 4.0, "mode": "test", "epoch": 9}
{"loss": 0.34431302547454834, "acc": 0.8613383769989014, "length": 3.987199068069458, "mode": "train", "epoch": 10}
{"loss": 0.38976916670799255, "acc": 0.804785430431366, "length": 4.0, "mode": "test", "epoch": 10}
{"loss": 0.3268342912197113, "acc": 0.8665154576301575, "length": 3.9887285232543945, "mode": "train", "epoch": 11}
{"loss": 0.38166216015815735, "acc": 0.8420791029930115, "length": 4.0, "mode": "test", "epoch": 11}
{"loss": 0.314657986164093, "acc": 0.8711580038070679, "length": 3.991032123565674, "mode": "train", "epoch": 12}
{"loss": 0.35915297269821167, "acc": 0.8399341106414795, "length": 4.0, "mode": "test", "epoch": 12}
{"loss": 0.31217172741889954, "acc": 0.8737248182296753, "length": 3.992555618286133, "mode": "train", "epoch": 13}
{"loss": 0.36083024740219116, "acc": 0.8485148549079895, "length": 4.0, "mode": "test", "epoch": 13}
{"loss": 0.2998571991920471, "acc": 0.8818681240081787, "length": 3.994990110397339, "mode": "train", "epoch": 14}
{"loss": 0.35656699538230896, "acc": 0.8539605140686035, "length": 4.0, "mode": "test", "epoch": 14}
{"loss": 0.303655207157135, "acc": 0.8830357193946838, "length": 3.9943320751190186, "mode": "train", "epoch": 15}
{"loss": 0.3308250606060028, "acc": 0.8566006422042847, "length": 4.0, "mode": "test", "epoch": 15}
{"loss": 0.28374841809272766, "acc": 0.8849130272865295, "length": 3.99662184715271, "mode": "train", "epoch": 16}
{"loss": 0.3314618766307831, "acc": 0.8587459325790405, "length": 4.0, "mode": "test", "epoch": 16}
{"loss": 0.28305700421333313, "acc": 0.8889161348342896, "length": 3.997774362564087, "mode": "train", "epoch": 17}
{"loss": 0.32155686616897583, "acc": 0.8665016293525696, "length": 4.0, "mode": "test", "epoch": 17}
{"loss": 0.278542697429657, "acc": 0.8947153687477112, "length": 3.9962000846862793, "mode": "train", "epoch": 18}
{"loss": 0.3183119297027588, "acc": 0.8661715388298035, "length": 4.0, "mode": "test", "epoch": 18}
{"loss": 0.2799733579158783, "acc": 0.89252108335495, "length": 3.9970037937164307, "mode": "train", "epoch": 19}
{"loss": 0.3200981616973877, "acc": 0.8792079091072083, "length": 4.0, "mode": "test", "epoch": 19}
{"loss": 0.2677212953567505, "acc": 0.8983326554298401, "length": 3.996825695037842, "mode": "train", "epoch": 20}
{"loss": 0.30560556054115295, "acc": 0.8858085870742798, "length": 4.0, "mode": "test", "epoch": 20}
{"loss": 0.2592289447784424, "acc": 0.9020037651062012, "length": 3.9975545406341553, "mode": "train", "epoch": 21}
{"loss": 0.2992812395095825, "acc": 0.8811882138252258, "length": 4.0, "mode": "test", "epoch": 21}
{"loss": 0.2584358751773834, "acc": 0.9069651961326599, "length": 3.998809814453125, "mode": "train", "epoch": 22}
{"loss": 0.28703489899635315, "acc": 0.8838284611701965, "length": 4.0, "mode": "test", "epoch": 22}
{"loss": 0.24558962881565094, "acc": 0.9046077132225037, "length": 3.997615337371826, "mode": "train", "epoch": 23}
{"loss": 0.28460362553596497, "acc": 0.8839935064315796, "length": 4.0, "mode": "test", "epoch": 23}
{"loss": 0.23864182829856873, "acc": 0.9121525287628174, "length": 3.998725414276123, "mode": "train", "epoch": 24}
{"loss": 0.2806724011898041, "acc": 0.8902639150619507, "length": 4.0, "mode": "test", "epoch": 24}
{"loss": 0.23984193801879883, "acc": 0.9127696752548218, "length": 3.9988861083984375, "mode": "train", "epoch": 25}
{"loss": 0.27308666706085205, "acc": 0.8917492032051086, "length": 4.0, "mode": "test", "epoch": 25}
{"loss": 0.23299436271190643, "acc": 0.9137479066848755, "length": 3.999290943145752, "mode": "train", "epoch": 26}
{"loss": 0.2646312117576599, "acc": 0.8973597288131714, "length": 4.0, "mode": "test", "epoch": 26}
{"loss": 0.23409196734428406, "acc": 0.9115524291992188, "length": 3.9992215633392334, "mode": "train", "epoch": 27}
{"loss": 0.26966801285743713, "acc": 0.9004949927330017, "length": 4.0, "mode": "test", "epoch": 27}
{"loss": 0.22950951755046844, "acc": 0.9137594699859619, "length": 3.9992988109588623, "mode": "train", "epoch": 28}
{"loss": 0.25298237800598145, "acc": 0.9028052687644958, "length": 4.0, "mode": "test", "epoch": 28}
{"loss": 0.2206445038318634, "acc": 0.912281334400177, "length": 3.9995203018188477, "mode": "train", "epoch": 29}
{"loss": 0.26296478509902954, "acc": 0.8955444693565369, "length": 4.0, "mode": "test", "epoch": 29}
{"loss": 0.22349520027637482, "acc": 0.9169024229049683, "length": 3.999159097671509, "mode": "train", "epoch": 30}
{"loss": 0.24599862098693848, "acc": 0.9001651406288147, "length": 4.0, "mode": "test", "epoch": 30}
{"loss": 0.2218497097492218, "acc": 0.9183862805366516, "length": 3.9993133544921875, "mode": "train", "epoch": 31}
{"loss": 0.2519424557685852, "acc": 0.9094060063362122, "length": 4.0, "mode": "test", "epoch": 31}
{"loss": 0.22542499005794525, "acc": 0.9181085824966431, "length": 3.999398708343506, "mode": "train", "epoch": 32}
{"loss": 0.244958758354187, "acc": 0.9094058871269226, "length": 4.0, "mode": "test", "epoch": 32}
{"loss": 0.22168825566768646, "acc": 0.9198399186134338, "length": 3.9998812675476074, "mode": "train", "epoch": 33}
{"loss": 0.23426519334316254, "acc": 0.9090760350227356, "length": 4.0, "mode": "test", "epoch": 33}
{"loss": 0.22435401380062103, "acc": 0.9162606000900269, "length": 3.999852418899536, "mode": "train", "epoch": 34}
{"loss": 0.23439502716064453, "acc": 0.9125411510467529, "length": 4.0, "mode": "test", "epoch": 34}
{"loss": 0.2191516011953354, "acc": 0.9219223856925964, "length": 3.99849271774292, "mode": "train", "epoch": 35}
{"loss": 0.24381780624389648, "acc": 0.9069306254386902, "length": 4.0, "mode": "test", "epoch": 35}
{"loss": 0.22739802300930023, "acc": 0.9158732295036316, "length": 3.9998958110809326, "mode": "train", "epoch": 36}
{"loss": 0.2450954020023346, "acc": 0.9153466820716858, "length": 4.0, "mode": "test", "epoch": 36}
{"loss": 0.20293185114860535, "acc": 0.9221041798591614, "length": 3.999894142150879, "mode": "train", "epoch": 37}
{"loss": 0.22593259811401367, "acc": 0.9169968366622925, "length": 4.0, "mode": "test", "epoch": 37}
{"loss": 0.2015850841999054, "acc": 0.9245249032974243, "length": 3.9997053146362305, "mode": "train", "epoch": 38}
{"loss": 0.22072981297969818, "acc": 0.9117164015769958, "length": 4.0, "mode": "test", "epoch": 38}
{"loss": 0.2068074494600296, "acc": 0.9227598905563354, "length": 3.99981689453125, "mode": "train", "epoch": 39}
{"loss": 0.2180669754743576, "acc": 0.9128711819648743, "length": 4.0, "mode": "test", "epoch": 39}
{"loss": 0.1900910884141922, "acc": 0.9246627688407898, "length": 3.997145652770996, "mode": "train", "epoch": 40}
{"loss": 0.22532787919044495, "acc": 0.9085808992385864, "length": 4.0, "mode": "test", "epoch": 40}
{"loss": 0.19380976259708405, "acc": 0.9265823364257812, "length": 3.9979066848754883, "mode": "train", "epoch": 41}
{"loss": 0.22114761173725128, "acc": 0.9102309942245483, "length": 4.0, "mode": "test", "epoch": 41}
{"loss": 0.18712452054023743, "acc": 0.9289901852607727, "length": 3.999783515930176, "mode": "train", "epoch": 42}
{"loss": 0.2173289805650711, "acc": 0.9153465628623962, "length": 4.0, "mode": "test", "epoch": 42}
{"loss": 0.18545643985271454, "acc": 0.9313101172447205, "length": 3.9997143745422363, "mode": "train", "epoch": 43}
{"loss": 0.2136666625738144, "acc": 0.9125410318374634, "length": 4.0, "mode": "test", "epoch": 43}
{"loss": 0.1848994344472885, "acc": 0.9310792684555054, "length": 3.9997072219848633, "mode": "train", "epoch": 44}
{"loss": 0.21333809196949005, "acc": 0.9169968366622925, "length": 4.0, "mode": "test", "epoch": 44}
{"loss": 0.18539468944072723, "acc": 0.9294161796569824, "length": 3.9996767044067383, "mode": "train", "epoch": 45}
{"loss": 0.20562830567359924, "acc": 0.9237623810768127, "length": 4.0, "mode": "test", "epoch": 45}
{"loss": 0.1828339695930481, "acc": 0.931861162185669, "length": 3.999866008758545, "mode": "train", "epoch": 46}
{"loss": 0.21122649312019348, "acc": 0.9199668765068054, "length": 4.0, "mode": "test", "epoch": 46}
{"loss": 0.17958587408065796, "acc": 0.9349624514579773, "length": 3.999441623687744, "mode": "train", "epoch": 47}
{"loss": 0.20364268124103546, "acc": 0.9252476692199707, "length": 4.0, "mode": "test", "epoch": 47}
{"loss": 0.17536500096321106, "acc": 0.9326840043067932, "length": 3.9998373985290527, "mode": "train", "epoch": 48}
{"loss": 0.20019538700580597, "acc": 0.9232672452926636, "length": 4.0, "mode": "test", "epoch": 48}
{"loss": 0.17701458930969238, "acc": 0.9347612857818604, "length": 3.9970343112945557, "mode": "train", "epoch": 49}
{"loss": 0.1990891396999359, "acc": 0.9264026880264282, "length": 4.0, "mode": "test", "epoch": 49}
{"loss": 0.17557726800441742, "acc": 0.9330659508705139, "length": 3.997973680496216, "mode": "train", "epoch": 50}
{"loss": 0.21972358226776123, "acc": 0.9260727167129517, "length": 4.0, "mode": "test", "epoch": 50}
{"loss": 0.17071597278118134, "acc": 0.935941219329834, "length": 3.9999353885650635, "mode": "train", "epoch": 51}
{"loss": 0.19906188547611237, "acc": 0.9249173998832703, "length": 4.0, "mode": "test", "epoch": 51}
{"loss": 0.16871410608291626, "acc": 0.9328539371490479, "length": 3.9999663829803467, "mode": "train", "epoch": 52}
{"loss": 0.19650903344154358, "acc": 0.9300329685211182, "length": 4.0, "mode": "test", "epoch": 52}
{"loss": 0.16456489264965057, "acc": 0.9384771585464478, "length": 3.999964475631714, "mode": "train", "epoch": 53}
{"loss": 0.18736661970615387, "acc": 0.9326732158660889, "length": 4.0, "mode": "test", "epoch": 53}
{"loss": 0.15581589937210083, "acc": 0.9401834011077881, "length": 3.9987828731536865, "mode": "train", "epoch": 54}
{"loss": 0.1895899623632431, "acc": 0.9280529618263245, "length": 4.0, "mode": "test", "epoch": 54}
{"loss": 0.15890654921531677, "acc": 0.9415110945701599, "length": 3.997728109359741, "mode": "train", "epoch": 55}
{"loss": 0.18205884099006653, "acc": 0.9320130944252014, "length": 4.0, "mode": "test", "epoch": 55}
{"loss": 0.15713001787662506, "acc": 0.9416188597679138, "length": 3.99992036819458, "mode": "train", "epoch": 56}
{"loss": 0.19202201068401337, "acc": 0.9301979541778564, "length": 4.0, "mode": "test", "epoch": 56}
{"loss": 0.16023676097393036, "acc": 0.9377592206001282, "length": 3.9996888637542725, "mode": "train", "epoch": 57}
{"loss": 0.18678340315818787, "acc": 0.9320131540298462, "length": 4.0, "mode": "test", "epoch": 57}
{"loss": 0.1550414115190506, "acc": 0.9447029829025269, "length": 3.9999003410339355, "mode": "train", "epoch": 58}
{"loss": 0.19291412830352783, "acc": 0.9298679828643799, "length": 4.0, "mode": "test", "epoch": 58}
{"loss": 0.15566585958003998, "acc": 0.942777693271637, "length": 3.9999709129333496, "mode": "train", "epoch": 59}
{"loss": 0.18258823454380035, "acc": 0.9405940771102905, "length": 4.0, "mode": "test", "epoch": 59}
{"loss": 0.15455791354179382, "acc": 0.9432696104049683, "length": 3.9998414516448975, "mode": "train", "epoch": 60}
{"loss": 0.18069863319396973, "acc": 0.9315183758735657, "length": 4.0, "mode": "test", "epoch": 60}
test accuracy: 0.6426087021827698
