# ["--attributes=5", "--values=16", "--game_size=10", "--vocab_size_factor=3", "--n_epochs=60", "--batch_size=64", "--learning_rate=0.0005", "--hidden_size=256", "--temp_update=0.99", "--temperature=1.5"]
Creating train_ds and val_ds...

Creating test_ds...
{"loss": 0.6992658376693726, "acc": 0.5260317325592041, "length": 3.3364663124084473, "mode": "train", "epoch": 1}
{"loss": 0.6970120072364807, "acc": 0.5142349004745483, "length": 1.0, "mode": "test", "epoch": 1}
{"loss": 0.6833741068840027, "acc": 0.5517711043357849, "length": 1.97080397605896, "mode": "train", "epoch": 2}
{"loss": 0.6622406244277954, "acc": 0.6200514435768127, "length": 1.7153024673461914, "mode": "test", "epoch": 2}
{"loss": 0.6369439959526062, "acc": 0.6610731482505798, "length": 2.3284268379211426, "mode": "train", "epoch": 3}
{"loss": 0.6033814549446106, "acc": 0.6928871870040894, "length": 2.4626333713531494, "mode": "test", "epoch": 3}
{"loss": 0.5856335163116455, "acc": 0.6846303343772888, "length": 2.43974232673645, "mode": "train", "epoch": 4}
{"loss": 0.5860287547111511, "acc": 0.6978622674942017, "length": 2.3772242069244385, "mode": "test", "epoch": 4}
{"loss": 0.5621777772903442, "acc": 0.7125847935676575, "length": 2.5130293369293213, "mode": "train", "epoch": 5}
{"loss": 0.5478704571723938, "acc": 0.7455188035964966, "length": 2.5302491188049316, "mode": "test", "epoch": 5}
{"loss": 0.5159951448440552, "acc": 0.756477415561676, "length": 2.6511309146881104, "mode": "train", "epoch": 6}
{"loss": 0.4973277151584625, "acc": 0.7891721725463867, "length": 2.72953724861145, "mode": "test", "epoch": 6}
{"loss": 0.453389972448349, "acc": 0.8152802586555481, "length": 3.0030763149261475, "mode": "train", "epoch": 7}
{"loss": 0.4231187403202057, "acc": 0.8190215229988098, "length": 3.3807828426361084, "mode": "test", "epoch": 7}
{"loss": 0.3882124125957489, "acc": 0.8359092473983765, "length": 3.2737796306610107, "mode": "train", "epoch": 8}
{"loss": 0.39747747778892517, "acc": 0.8350015878677368, "length": 3.3060498237609863, "mode": "test", "epoch": 8}
{"loss": 0.3475443720817566, "acc": 0.852452278137207, "length": 3.181312084197998, "mode": "train", "epoch": 9}
{"loss": 0.374132364988327, "acc": 0.8419707417488098, "length": 3.3701066970825195, "mode": "test", "epoch": 9}
{"loss": 0.32724857330322266, "acc": 0.861730694770813, "length": 3.224924325942993, "mode": "train", "epoch": 10}
{"loss": 0.3801427185535431, "acc": 0.8480742573738098, "length": 3.3701066970825195, "mode": "test", "epoch": 10}
{"loss": 0.3134346902370453, "acc": 0.8751567006111145, "length": 3.240835189819336, "mode": "train", "epoch": 11}
{"loss": 0.35228583216667175, "acc": 0.8565111756324768, "length": 3.3807828426361084, "mode": "test", "epoch": 11}
{"loss": 0.29561543464660645, "acc": 0.8802832365036011, "length": 3.4012815952301025, "mode": "train", "epoch": 12}
{"loss": 0.32122716307640076, "acc": 0.8772256970405579, "length": 3.4804270267486572, "mode": "test", "epoch": 12}
{"loss": 0.26773905754089355, "acc": 0.8944366574287415, "length": 3.445640802383423, "mode": "train", "epoch": 13}
{"loss": 0.33166953921318054, "acc": 0.8651340007781982, "length": 3.6903915405273438, "mode": "test", "epoch": 13}
{"loss": 0.260698139667511, "acc": 0.900887131690979, "length": 3.6245198249816895, "mode": "train", "epoch": 14}
{"loss": 0.2903883457183838, "acc": 0.870430052280426, "length": 3.683274030685425, "mode": "test", "epoch": 14}
{"loss": 0.24785460531711578, "acc": 0.9048241376876831, "length": 3.6635215282440186, "mode": "train", "epoch": 15}
{"loss": 0.2962161600589752, "acc": 0.8850382566452026, "length": 3.8149466514587402, "mode": "test", "epoch": 15}
{"loss": 0.23370349407196045, "acc": 0.9103986620903015, "length": 3.7369625568389893, "mode": "train", "epoch": 16}
{"loss": 0.29137223958969116, "acc": 0.8890096545219421, "length": 3.839857578277588, "mode": "test", "epoch": 16}
{"loss": 0.21733585000038147, "acc": 0.9118339419364929, "length": 3.8077237606048584, "mode": "train", "epoch": 17}
{"loss": 0.2811558246612549, "acc": 0.8917868733406067, "length": 3.8932385444641113, "mode": "test", "epoch": 17}
{"loss": 0.20653267204761505, "acc": 0.9186537861824036, "length": 3.8249688148498535, "mode": "train", "epoch": 18}
{"loss": 0.2758323848247528, "acc": 0.9025886654853821, "length": 3.9644129276275635, "mode": "test", "epoch": 18}
{"loss": 0.21703439950942993, "acc": 0.9177674055099487, "length": 3.8866302967071533, "mode": "train", "epoch": 19}
{"loss": 0.254259318113327, "acc": 0.9104982018470764, "length": 4.0, "mode": "test", "epoch": 19}
{"loss": 0.20735736191272736, "acc": 0.9181168675422668, "length": 3.9110071659088135, "mode": "train", "epoch": 20}
{"loss": 0.25303396582603455, "acc": 0.9094862341880798, "length": 3.992882490158081, "mode": "test", "epoch": 20}
{"loss": 0.18752220273017883, "acc": 0.9269863963127136, "length": 3.9380156993865967, "mode": "train", "epoch": 21}
{"loss": 0.22919945418834686, "acc": 0.9190391302108765, "length": 4.0, "mode": "test", "epoch": 21}
{"loss": 0.19573445618152618, "acc": 0.931340754032135, "length": 3.9520716667175293, "mode": "train", "epoch": 22}
{"loss": 0.20610490441322327, "acc": 0.930427074432373, "length": 4.0, "mode": "test", "epoch": 22}
{"loss": 0.17177365720272064, "acc": 0.9383904933929443, "length": 3.9698662757873535, "mode": "train", "epoch": 23}
{"loss": 0.19123974442481995, "acc": 0.9346975684165955, "length": 4.0, "mode": "test", "epoch": 23}
{"loss": 0.15875349938869476, "acc": 0.9432515501976013, "length": 3.982421636581421, "mode": "train", "epoch": 24}
{"loss": 0.16470061242580414, "acc": 0.943238377571106, "length": 4.0, "mode": "test", "epoch": 24}
{"loss": 0.15625959634780884, "acc": 0.9479999542236328, "length": 3.9861197471618652, "mode": "train", "epoch": 25}
{"loss": 0.16761896014213562, "acc": 0.9379004240036011, "length": 4.0, "mode": "test", "epoch": 25}
{"loss": 0.15612994134426117, "acc": 0.9486779570579529, "length": 3.987837314605713, "mode": "train", "epoch": 26}
{"loss": 0.16212116181850433, "acc": 0.9405693411827087, "length": 4.0, "mode": "test", "epoch": 26}
{"loss": 0.1355918049812317, "acc": 0.9491329193115234, "length": 3.9881813526153564, "mode": "train", "epoch": 27}
{"loss": 0.15726915001869202, "acc": 0.9521352052688599, "length": 4.0, "mode": "test", "epoch": 27}
{"loss": 0.14174053072929382, "acc": 0.9495158791542053, "length": 3.9927194118499756, "mode": "train", "epoch": 28}
{"loss": 0.16107811033725739, "acc": 0.9485765695571899, "length": 4.0, "mode": "test", "epoch": 28}
{"loss": 0.14048358798027039, "acc": 0.9522488117218018, "length": 3.993356466293335, "mode": "train", "epoch": 29}
{"loss": 0.14642900228500366, "acc": 0.9540926814079285, "length": 4.0, "mode": "test", "epoch": 29}
{"loss": 0.14422671496868134, "acc": 0.9519766569137573, "length": 3.993107795715332, "mode": "train", "epoch": 30}
{"loss": 0.1786377727985382, "acc": 0.9446620941162109, "length": 4.0, "mode": "test", "epoch": 30}
{"loss": 0.1502101868391037, "acc": 0.9440979957580566, "length": 3.995654821395874, "mode": "train", "epoch": 31}
{"loss": 0.18296898901462555, "acc": 0.9476869106292725, "length": 4.0, "mode": "test", "epoch": 31}
{"loss": 0.12743359804153442, "acc": 0.9500454664230347, "length": 3.9949417114257812, "mode": "train", "epoch": 32}
{"loss": 0.1517774760723114, "acc": 0.947330892086029, "length": 4.0, "mode": "test", "epoch": 32}
{"loss": 0.12344640493392944, "acc": 0.9538459777832031, "length": 3.995060920715332, "mode": "train", "epoch": 33}
{"loss": 0.14976198971271515, "acc": 0.9551602005958557, "length": 4.0, "mode": "test", "epoch": 33}
{"loss": 0.13177207112312317, "acc": 0.9511244297027588, "length": 3.9952752590179443, "mode": "train", "epoch": 34}
{"loss": 0.14974749088287354, "acc": 0.9551600217819214, "length": 4.0, "mode": "test", "epoch": 34}
{"loss": 0.13319413363933563, "acc": 0.9530834555625916, "length": 3.995579242706299, "mode": "train", "epoch": 35}
{"loss": 0.13456091284751892, "acc": 0.9551601409912109, "length": 4.0, "mode": "test", "epoch": 35}
{"loss": 0.11994881182909012, "acc": 0.9557186961174011, "length": 3.9968953132629395, "mode": "train", "epoch": 36}
{"loss": 0.13254694640636444, "acc": 0.9580070376396179, "length": 4.0, "mode": "test", "epoch": 36}
{"loss": 0.12479815632104874, "acc": 0.9516823887825012, "length": 3.9974300861358643, "mode": "train", "epoch": 37}
{"loss": 0.14303278923034668, "acc": 0.9505338072776794, "length": 4.0, "mode": "test", "epoch": 37}
{"loss": 0.1124696210026741, "acc": 0.9545446038246155, "length": 3.9968342781066895, "mode": "train", "epoch": 38}
{"loss": 0.16784535348415375, "acc": 0.9359429478645325, "length": 4.0, "mode": "test", "epoch": 38}
{"loss": 0.11908645182847977, "acc": 0.95781409740448, "length": 3.996509313583374, "mode": "train", "epoch": 39}
{"loss": 0.14363443851470947, "acc": 0.9556939005851746, "length": 4.0, "mode": "test", "epoch": 39}
{"loss": 0.12446647882461548, "acc": 0.9548026919364929, "length": 3.9980177879333496, "mode": "train", "epoch": 40}
{"loss": 0.12344856560230255, "acc": 0.9604982137680054, "length": 4.0, "mode": "test", "epoch": 40}
{"loss": 0.11644939333200455, "acc": 0.9588903784751892, "length": 3.997537136077881, "mode": "train", "epoch": 41}
{"loss": 0.1415528506040573, "acc": 0.9542706608772278, "length": 4.0, "mode": "test", "epoch": 41}
{"loss": 0.11345018446445465, "acc": 0.9573006629943848, "length": 3.998138189315796, "mode": "train", "epoch": 42}
{"loss": 0.11521114408969879, "acc": 0.9596084952354431, "length": 4.0, "mode": "test", "epoch": 42}
{"loss": 0.11059201508760452, "acc": 0.9612067937850952, "length": 3.996969699859619, "mode": "train", "epoch": 43}
{"loss": 0.11169413477182388, "acc": 0.9590747356414795, "length": 4.0, "mode": "test", "epoch": 43}
{"loss": 0.10890946537256241, "acc": 0.9629544019699097, "length": 3.99782133102417, "mode": "train", "epoch": 44}
{"loss": 0.12935596704483032, "acc": 0.9516012668609619, "length": 4.0, "mode": "test", "epoch": 44}
{"loss": 0.10866165906190872, "acc": 0.9577843546867371, "length": 3.998326539993286, "mode": "train", "epoch": 45}
{"loss": 0.10704701393842697, "acc": 0.9638791084289551, "length": 4.0, "mode": "test", "epoch": 45}
{"loss": 0.10672838240861893, "acc": 0.9605178236961365, "length": 3.9984419345855713, "mode": "train", "epoch": 46}
{"loss": 0.09824766963720322, "acc": 0.9644126892089844, "length": 4.0, "mode": "test", "epoch": 46}
{"loss": 0.094503253698349, "acc": 0.9606539011001587, "length": 3.9991486072540283, "mode": "train", "epoch": 47}
{"loss": 0.12196099758148193, "acc": 0.9548042416572571, "length": 4.0, "mode": "test", "epoch": 47}
{"loss": 0.09945566207170486, "acc": 0.959459125995636, "length": 3.9990031719207764, "mode": "train", "epoch": 48}
{"loss": 0.11066490411758423, "acc": 0.9608541131019592, "length": 4.0, "mode": "test", "epoch": 48}
{"loss": 0.09569073468446732, "acc": 0.9649316072463989, "length": 3.9987452030181885, "mode": "train", "epoch": 49}
{"loss": 0.12824635207653046, "acc": 0.9560497999191284, "length": 4.0, "mode": "test", "epoch": 49}
{"loss": 0.09829972684383392, "acc": 0.9660206437110901, "length": 3.99932861328125, "mode": "train", "epoch": 50}
{"loss": 0.12586383521556854, "acc": 0.956227719783783, "length": 4.0, "mode": "test", "epoch": 50}
{"loss": 0.08943367749452591, "acc": 0.9667655825614929, "length": 3.9984378814697266, "mode": "train", "epoch": 51}
{"loss": 0.09606436640024185, "acc": 0.9638790488243103, "length": 4.0, "mode": "test", "epoch": 51}
{"loss": 0.0971546471118927, "acc": 0.9617881178855896, "length": 3.999321460723877, "mode": "train", "epoch": 52}
{"loss": 0.12779328227043152, "acc": 0.9549821019172668, "length": 4.0, "mode": "test", "epoch": 52}
{"loss": 0.09272266924381256, "acc": 0.9657237529754639, "length": 3.9993884563446045, "mode": "train", "epoch": 53}
{"loss": 0.1189553290605545, "acc": 0.9603205323219299, "length": 4.0, "mode": "test", "epoch": 53}
{"loss": 0.07991989701986313, "acc": 0.9688146114349365, "length": 3.999225378036499, "mode": "train", "epoch": 54}
{"loss": 0.09918307512998581, "acc": 0.9661923050880432, "length": 4.0, "mode": "test", "epoch": 54}
{"loss": 0.08167026937007904, "acc": 0.9688798785209656, "length": 3.999316692352295, "mode": "train", "epoch": 55}
{"loss": 0.12326262146234512, "acc": 0.9558719992637634, "length": 4.0, "mode": "test", "epoch": 55}
{"loss": 0.08744000643491745, "acc": 0.967194676399231, "length": 3.9989497661590576, "mode": "train", "epoch": 56}
{"loss": 0.09636034816503525, "acc": 0.9660142660140991, "length": 4.0, "mode": "test", "epoch": 56}
{"loss": 0.0929795429110527, "acc": 0.9666652083396912, "length": 3.998833417892456, "mode": "train", "epoch": 57}
{"loss": 0.12108121067285538, "acc": 0.9574731588363647, "length": 4.0, "mode": "test", "epoch": 57}
{"loss": 0.1048014685511589, "acc": 0.959166407585144, "length": 3.9990453720092773, "mode": "train", "epoch": 58}
{"loss": 0.11702731996774673, "acc": 0.9549821019172668, "length": 4.0, "mode": "test", "epoch": 58}
{"loss": 0.09331081062555313, "acc": 0.9669582843780518, "length": 3.9985969066619873, "mode": "train", "epoch": 59}
{"loss": 0.11635132133960724, "acc": 0.9613878726959229, "length": 4.0, "mode": "test", "epoch": 59}
{"loss": 0.08736911416053772, "acc": 0.9664958715438843, "length": 3.999462366104126, "mode": "train", "epoch": 60}
{"loss": 0.09729384630918503, "acc": 0.9640569090843201, "length": 4.0, "mode": "test", "epoch": 60}
test accuracy: 0.850781261920929
