# ["--attributes=5", "--values=16", "--game_size=10", "--vocab_size_factor=3", "--n_epochs=60", "--batch_size=64", "--learning_rate=0.0005", "--hidden_size=256", "--temp_update=0.99", "--temperature=2"]
Creating train_ds and val_ds...

Creating test_ds...
{"loss": 0.7003626227378845, "acc": 0.5103888511657715, "length": 3.4617395401000977, "mode": "train", "epoch": 1}
{"loss": 0.6953312158584595, "acc": 0.4778349995613098, "length": 1.0, "mode": "test", "epoch": 1}
{"loss": 0.688032329082489, "acc": 0.545295238494873, "length": 2.825723886489868, "mode": "train", "epoch": 2}
{"loss": 0.6761725544929504, "acc": 0.5706155896186829, "length": 1.6563574075698853, "mode": "test", "epoch": 2}
{"loss": 0.6344107985496521, "acc": 0.6697611212730408, "length": 2.6563496589660645, "mode": "train", "epoch": 3}
{"loss": 0.5709112286567688, "acc": 0.760398268699646, "length": 2.7938144207000732, "mode": "test", "epoch": 3}
{"loss": 0.5367875695228577, "acc": 0.7510212063789368, "length": 2.8676376342773438, "mode": "train", "epoch": 4}
{"loss": 0.5083693861961365, "acc": 0.7897033095359802, "length": 2.9931271076202393, "mode": "test", "epoch": 4}
{"loss": 0.4918572008609772, "acc": 0.7765939831733704, "length": 2.9201371669769287, "mode": "train", "epoch": 5}
{"loss": 0.48895809054374695, "acc": 0.798721969127655, "length": 3.072165012359619, "mode": "test", "epoch": 5}
{"loss": 0.46232444047927856, "acc": 0.7902462482452393, "length": 3.0755159854888916, "mode": "train", "epoch": 6}
{"loss": 0.464968740940094, "acc": 0.8139990568161011, "length": 3.395189046859741, "mode": "test", "epoch": 6}
{"loss": 0.4129272997379303, "acc": 0.8251696228981018, "length": 3.2470006942749023, "mode": "train", "epoch": 7}
{"loss": 0.42325159907341003, "acc": 0.8275799751281738, "length": 3.4810996055603027, "mode": "test", "epoch": 7}
{"loss": 0.36366257071495056, "acc": 0.8513450026512146, "length": 3.352518320083618, "mode": "train", "epoch": 8}
{"loss": 0.4015285074710846, "acc": 0.8427743911743164, "length": 3.5189003944396973, "mode": "test", "epoch": 8}
{"loss": 0.3367566764354706, "acc": 0.8624973297119141, "length": 3.4471139907836914, "mode": "train", "epoch": 9}
{"loss": 0.3871932923793793, "acc": 0.8425723910331726, "length": 3.577319622039795, "mode": "test", "epoch": 9}
{"loss": 0.31746619939804077, "acc": 0.8710856437683105, "length": 3.489128589630127, "mode": "train", "epoch": 10}
{"loss": 0.3904877305030823, "acc": 0.8486138582229614, "length": 3.621993064880371, "mode": "test", "epoch": 10}
{"loss": 0.301706999540329, "acc": 0.8780021667480469, "length": 3.582437753677368, "mode": "train", "epoch": 11}
{"loss": 0.3769124746322632, "acc": 0.8498456478118896, "length": 3.7079038619995117, "mode": "test", "epoch": 11}
{"loss": 0.2921667695045471, "acc": 0.8812417387962341, "length": 3.5767431259155273, "mode": "train", "epoch": 12}
{"loss": 0.4032576084136963, "acc": 0.8478793501853943, "length": 3.7079038619995117, "mode": "test", "epoch": 12}
{"loss": 0.27642545104026794, "acc": 0.8870530724525452, "length": 3.5966241359710693, "mode": "train", "epoch": 13}
{"loss": 0.37222039699554443, "acc": 0.8502932786941528, "length": 3.749140977859497, "mode": "test", "epoch": 13}
{"loss": 0.2693307399749756, "acc": 0.8937172293663025, "length": 3.6079893112182617, "mode": "train", "epoch": 14}
{"loss": 0.3752090632915497, "acc": 0.84771728515625, "length": 3.749140977859497, "mode": "test", "epoch": 14}
{"loss": 0.2564900517463684, "acc": 0.8967965841293335, "length": 3.6224749088287354, "mode": "train", "epoch": 15}
{"loss": 0.37374892830848694, "acc": 0.8625872135162354, "length": 3.749140977859497, "mode": "test", "epoch": 15}
{"loss": 0.2558682858943939, "acc": 0.8971246480941772, "length": 3.6158814430236816, "mode": "train", "epoch": 16}
{"loss": 0.3725630044937134, "acc": 0.8593311905860901, "length": 3.697594404220581, "mode": "test", "epoch": 16}
{"loss": 0.2449914515018463, "acc": 0.9010865092277527, "length": 3.650822401046753, "mode": "train", "epoch": 17}
{"loss": 0.33337196707725525, "acc": 0.8773699998855591, "length": 3.7422680854797363, "mode": "test", "epoch": 17}
{"loss": 0.239463210105896, "acc": 0.9062417149543762, "length": 3.6126515865325928, "mode": "train", "epoch": 18}
{"loss": 0.32492104172706604, "acc": 0.8756819367408752, "length": 3.7079038619995117, "mode": "test", "epoch": 18}
{"loss": 0.22865502536296844, "acc": 0.9098199009895325, "length": 3.656487226486206, "mode": "train", "epoch": 19}
{"loss": 0.3173927366733551, "acc": 0.8811054825782776, "length": 3.7079038619995117, "mode": "test", "epoch": 19}
{"loss": 0.212515726685524, "acc": 0.9179818034172058, "length": 3.5939781665802, "mode": "train", "epoch": 20}
{"loss": 0.27583155035972595, "acc": 0.8978652954101562, "length": 3.697594404220581, "mode": "test", "epoch": 20}
{"loss": 0.19624990224838257, "acc": 0.9241848587989807, "length": 3.6158881187438965, "mode": "train", "epoch": 21}
{"loss": 0.25491973757743835, "acc": 0.9020728468894958, "length": 3.5945017337799072, "mode": "test", "epoch": 21}
{"loss": 0.18674352765083313, "acc": 0.9295586943626404, "length": 3.6021320819854736, "mode": "train", "epoch": 22}
{"loss": 0.2534002661705017, "acc": 0.9048054218292236, "length": 3.601374626159668, "mode": "test", "epoch": 22}
{"loss": 0.1832035928964615, "acc": 0.9307234883308411, "length": 3.6272733211517334, "mode": "train", "epoch": 23}
{"loss": 0.2702752947807312, "acc": 0.9029255509376526, "length": 3.6391751766204834, "mode": "test", "epoch": 23}
{"loss": 0.17741659283638, "acc": 0.9331225156784058, "length": 3.6200437545776367, "mode": "train", "epoch": 24}
{"loss": 0.24829363822937012, "acc": 0.9118584990501404, "length": 3.601374626159668, "mode": "test", "epoch": 24}
{"loss": 0.17234215140342712, "acc": 0.9358765482902527, "length": 3.606494665145874, "mode": "train", "epoch": 25}
{"loss": 0.2452963888645172, "acc": 0.913581371307373, "length": 3.628865957260132, "mode": "test", "epoch": 25}
{"loss": 0.1640206277370453, "acc": 0.9377928972244263, "length": 3.6250879764556885, "mode": "train", "epoch": 26}
{"loss": 0.2272883653640747, "acc": 0.9249158501625061, "length": 3.673539400100708, "mode": "test", "epoch": 26}
{"loss": 0.16382615268230438, "acc": 0.9371665120124817, "length": 3.6349844932556152, "mode": "train", "epoch": 27}
{"loss": 0.24042503535747528, "acc": 0.908524751663208, "length": 3.6151201725006104, "mode": "test", "epoch": 27}
{"loss": 0.1593444049358368, "acc": 0.9412669539451599, "length": 3.6243863105773926, "mode": "train", "epoch": 28}
{"loss": 0.22105996310710907, "acc": 0.9213725328445435, "length": 3.649484634399414, "mode": "test", "epoch": 28}
{"loss": 0.14938011765480042, "acc": 0.9460828900337219, "length": 3.6656250953674316, "mode": "train", "epoch": 29}
{"loss": 0.21270239353179932, "acc": 0.924178421497345, "length": 3.649484634399414, "mode": "test", "epoch": 29}
{"loss": 0.14081457257270813, "acc": 0.9472007751464844, "length": 3.6918389797210693, "mode": "train", "epoch": 30}
{"loss": 0.22963877022266388, "acc": 0.9227907657623291, "length": 3.621993064880371, "mode": "test", "epoch": 30}
{"loss": 0.13798147439956665, "acc": 0.9511537551879883, "length": 3.738629102706909, "mode": "train", "epoch": 31}
{"loss": 0.2121468335390091, "acc": 0.9274401068687439, "length": 3.745704412460327, "mode": "test", "epoch": 31}
{"loss": 0.13002781569957733, "acc": 0.9529110193252563, "length": 3.7923336029052734, "mode": "train", "epoch": 32}
{"loss": 0.1867866814136505, "acc": 0.932895302772522, "length": 3.855670213699341, "mode": "test", "epoch": 32}
{"loss": 0.12477604299783707, "acc": 0.9541611075401306, "length": 3.8352489471435547, "mode": "train", "epoch": 33}
{"loss": 0.1764185130596161, "acc": 0.9362266659736633, "length": 3.8900344371795654, "mode": "test", "epoch": 33}
{"loss": 0.11479459702968597, "acc": 0.9569229483604431, "length": 3.879059076309204, "mode": "train", "epoch": 34}
{"loss": 0.19889748096466064, "acc": 0.9334578514099121, "length": 3.8865978717803955, "mode": "test", "epoch": 34}
{"loss": 0.11321142315864563, "acc": 0.9573214650154114, "length": 3.8767166137695312, "mode": "train", "epoch": 35}
{"loss": 0.18732191622257233, "acc": 0.933169424533844, "length": 3.8900344371795654, "mode": "test", "epoch": 35}
{"loss": 0.11022565513849258, "acc": 0.9607943296432495, "length": 3.881265640258789, "mode": "train", "epoch": 36}
{"loss": 0.18244843184947968, "acc": 0.9321804046630859, "length": 3.903779983520508, "mode": "test", "epoch": 36}
{"loss": 0.10110385715961456, "acc": 0.9617692828178406, "length": 3.8629884719848633, "mode": "train", "epoch": 37}
{"loss": 0.14317826926708221, "acc": 0.9452247023582458, "length": 3.852233648300171, "mode": "test", "epoch": 37}
{"loss": 0.09356404840946198, "acc": 0.9652600288391113, "length": 3.8675692081451416, "mode": "train", "epoch": 38}
{"loss": 0.15577879548072815, "acc": 0.9410790801048279, "length": 3.8865978717803955, "mode": "test", "epoch": 38}
{"loss": 0.09141721576452255, "acc": 0.9708866477012634, "length": 3.882493257522583, "mode": "train", "epoch": 39}
{"loss": 0.16770091652870178, "acc": 0.9411159753799438, "length": 3.869415760040283, "mode": "test", "epoch": 39}
{"loss": 0.07916195690631866, "acc": 0.9715198278427124, "length": 3.885497570037842, "mode": "train", "epoch": 40}
{"loss": 0.1742006093263626, "acc": 0.9386844038963318, "length": 3.8900344371795654, "mode": "test", "epoch": 40}
{"loss": 0.07933954894542694, "acc": 0.9726277589797974, "length": 3.9027810096740723, "mode": "train", "epoch": 41}
{"loss": 0.17827849090099335, "acc": 0.945206344127655, "length": 3.9140894412994385, "mode": "test", "epoch": 41}
{"loss": 0.08392022550106049, "acc": 0.9741687774658203, "length": 3.9278512001037598, "mode": "train", "epoch": 42}
{"loss": 0.15904919803142548, "acc": 0.9443207383155823, "length": 3.896907329559326, "mode": "test", "epoch": 42}
{"loss": 0.07307836413383484, "acc": 0.9727039933204651, "length": 3.908599853515625, "mode": "train", "epoch": 43}
{"loss": 0.1525200605392456, "acc": 0.9457263350486755, "length": 3.9106528759002686, "mode": "test", "epoch": 43}
{"loss": 0.0687885731458664, "acc": 0.9770247936248779, "length": 3.9303157329559326, "mode": "train", "epoch": 44}
{"loss": 0.13866552710533142, "acc": 0.9532489776611328, "length": 3.955326557159424, "mode": "test", "epoch": 44}
{"loss": 0.0705021321773529, "acc": 0.9783467650413513, "length": 3.9484434127807617, "mode": "train", "epoch": 45}
{"loss": 0.11334673315286636, "acc": 0.9606009721755981, "length": 3.948453664779663, "mode": "test", "epoch": 45}
{"loss": 0.067166768014431, "acc": 0.9783097505569458, "length": 3.9342904090881348, "mode": "train", "epoch": 46}
{"loss": 0.12387614697217941, "acc": 0.9542722105979919, "length": 3.927834987640381, "mode": "test", "epoch": 46}
{"loss": 0.06265019625425339, "acc": 0.9801108241081238, "length": 3.9386959075927734, "mode": "train", "epoch": 47}
{"loss": 0.15476930141448975, "acc": 0.9553660750389099, "length": 3.9415807723999023, "mode": "test", "epoch": 47}
{"loss": 0.06970542669296265, "acc": 0.9748878479003906, "length": 3.9225375652313232, "mode": "train", "epoch": 48}
{"loss": 0.17190051078796387, "acc": 0.9480886459350586, "length": 3.9140894412994385, "mode": "test", "epoch": 48}
{"loss": 0.0610087625682354, "acc": 0.9805369973182678, "length": 3.92385196685791, "mode": "train", "epoch": 49}
{"loss": 0.16970382630825043, "acc": 0.9435481429100037, "length": 3.9656357765197754, "mode": "test", "epoch": 49}
{"loss": 0.055042482912540436, "acc": 0.9821873307228088, "length": 3.945218563079834, "mode": "train", "epoch": 50}
{"loss": 0.16273075342178345, "acc": 0.9529979825019836, "length": 3.969072103500366, "mode": "test", "epoch": 50}
{"loss": 0.05356425419449806, "acc": 0.9810543656349182, "length": 3.9515769481658936, "mode": "train", "epoch": 51}
{"loss": 0.13261817395687103, "acc": 0.9549839496612549, "length": 3.9381444454193115, "mode": "test", "epoch": 51}
{"loss": 0.05499443784356117, "acc": 0.981004536151886, "length": 3.932779312133789, "mode": "train", "epoch": 52}
{"loss": 0.09910028427839279, "acc": 0.9667438864707947, "length": 3.9587628841400146, "mode": "test", "epoch": 52}
{"loss": 0.0675593912601471, "acc": 0.9761320948600769, "length": 3.9370341300964355, "mode": "train", "epoch": 53}
{"loss": 0.14496088027954102, "acc": 0.9545114040374756, "length": 3.931271553039551, "mode": "test", "epoch": 53}
{"loss": 0.06135013699531555, "acc": 0.9777788519859314, "length": 3.929269790649414, "mode": "train", "epoch": 54}
{"loss": 0.1520298272371292, "acc": 0.9578345417976379, "length": 3.9175257682800293, "mode": "test", "epoch": 54}
{"loss": 0.058977872133255005, "acc": 0.9822306632995605, "length": 3.9336376190185547, "mode": "train", "epoch": 55}
{"loss": 0.09134069830179214, "acc": 0.968840479850769, "length": 3.969072103500366, "mode": "test", "epoch": 55}
{"loss": 0.04342719539999962, "acc": 0.9877047538757324, "length": 3.950428009033203, "mode": "train", "epoch": 56}
{"loss": 0.15748092532157898, "acc": 0.9547526836395264, "length": 3.979381561279297, "mode": "test", "epoch": 56}
{"loss": 0.049987468868494034, "acc": 0.9840248227119446, "length": 3.9596478939056396, "mode": "train", "epoch": 57}
{"loss": 0.08390871435403824, "acc": 0.9707841873168945, "length": 3.979381561279297, "mode": "test", "epoch": 57}
{"loss": 0.049919262528419495, "acc": 0.9825760722160339, "length": 3.953740358352661, "mode": "train", "epoch": 58}
{"loss": 0.1114526018500328, "acc": 0.9642266035079956, "length": 3.972508668899536, "mode": "test", "epoch": 58}
{"loss": 0.0414600744843483, "acc": 0.9860162138938904, "length": 3.960386276245117, "mode": "train", "epoch": 59}
{"loss": 0.1074974536895752, "acc": 0.974205493927002, "length": 3.979381561279297, "mode": "test", "epoch": 59}
{"loss": 0.04298125207424164, "acc": 0.9864698648452759, "length": 3.963670015335083, "mode": "train", "epoch": 60}
{"loss": 0.0979788675904274, "acc": 0.9676476120948792, "length": 3.975944995880127, "mode": "test", "epoch": 60}
test accuracy: 0.8298743963241577
