# ["--attributes=5", "--values=16", "--game_size=10", "--vocab_size_factor=3", "--n_epochs=60", "--batch_size=64", "--learning_rate=0.001", "--hidden_size=128", "--temp_update=0.97", "--temperature=1"]
Creating train_ds and val_ds...

Creating test_ds...
{"loss": 0.6974732279777527, "acc": 0.4973827004432678, "length": 3.3341448307037354, "mode": "train", "epoch": 1}
{"loss": 0.6924822926521301, "acc": 0.5305460691452026, "length": 1.0, "mode": "test", "epoch": 1}
{"loss": 0.6848765015602112, "acc": 0.5607404708862305, "length": 2.6878929138183594, "mode": "train", "epoch": 2}
{"loss": 0.650272011756897, "acc": 0.7009261250495911, "length": 2.627986431121826, "mode": "test", "epoch": 2}
{"loss": 0.6349443197250366, "acc": 0.7035847902297974, "length": 3.018554210662842, "mode": "train", "epoch": 3}
{"loss": 0.5733466744422913, "acc": 0.7774658203125, "length": 3.1706485748291016, "mode": "test", "epoch": 3}
{"loss": 0.5294732451438904, "acc": 0.7717097997665405, "length": 3.397094249725342, "mode": "train", "epoch": 4}
{"loss": 0.5168280005455017, "acc": 0.783553421497345, "length": 3.655290126800537, "mode": "test", "epoch": 4}
{"loss": 0.472261905670166, "acc": 0.7810235619544983, "length": 3.6981430053710938, "mode": "train", "epoch": 5}
{"loss": 0.44927874207496643, "acc": 0.783051609992981, "length": 3.7474403381347656, "mode": "test", "epoch": 5}
{"loss": 0.4226011335849762, "acc": 0.8118410110473633, "length": 3.7864766120910645, "mode": "train", "epoch": 6}
{"loss": 0.4119221270084381, "acc": 0.8082471489906311, "length": 3.996587038040161, "mode": "test", "epoch": 6}
{"loss": 0.3799949586391449, "acc": 0.8418740630149841, "length": 3.9261770248413086, "mode": "train", "epoch": 7}
{"loss": 0.3795948624610901, "acc": 0.8490427136421204, "length": 3.948805570602417, "mode": "test", "epoch": 7}
{"loss": 0.3511172831058502, "acc": 0.8543528318405151, "length": 3.8999903202056885, "mode": "train", "epoch": 8}
{"loss": 0.3549456298351288, "acc": 0.8567619919776917, "length": 3.9385664463043213, "mode": "test", "epoch": 8}
{"loss": 0.3241090476512909, "acc": 0.8693020343780518, "length": 3.8979551792144775, "mode": "train", "epoch": 9}
{"loss": 0.33882734179496765, "acc": 0.8553833961486816, "length": 3.9931740760803223, "mode": "test", "epoch": 9}
{"loss": 0.30303868651390076, "acc": 0.8767879605293274, "length": 3.9183220863342285, "mode": "train", "epoch": 10}
{"loss": 0.32622215151786804, "acc": 0.8690080046653748, "length": 3.979522228240967, "mode": "test", "epoch": 10}
{"loss": 0.2931087911128998, "acc": 0.877909243106842, "length": 3.941350221633911, "mode": "train", "epoch": 11}
{"loss": 0.3273778259754181, "acc": 0.8641131520271301, "length": 3.996587038040161, "mode": "test", "epoch": 11}
{"loss": 0.2854265570640564, "acc": 0.8791220784187317, "length": 3.9486005306243896, "mode": "train", "epoch": 12}
{"loss": 0.3083244860172272, "acc": 0.8786689639091492, "length": 4.0, "mode": "test", "epoch": 12}
{"loss": 0.27279365062713623, "acc": 0.8873538970947266, "length": 3.9686789512634277, "mode": "train", "epoch": 13}
{"loss": 0.29210174083709717, "acc": 0.881570041179657, "length": 4.0, "mode": "test", "epoch": 13}
{"loss": 0.25901347398757935, "acc": 0.8925678133964539, "length": 3.9872395992279053, "mode": "train", "epoch": 14}
{"loss": 0.27422410249710083, "acc": 0.8962457776069641, "length": 4.0, "mode": "test", "epoch": 14}
{"loss": 0.24464517831802368, "acc": 0.9006134271621704, "length": 3.975644111633301, "mode": "train", "epoch": 15}
{"loss": 0.2656932771205902, "acc": 0.8950511813163757, "length": 4.0, "mode": "test", "epoch": 15}
{"loss": 0.23614007234573364, "acc": 0.9029014706611633, "length": 3.9929890632629395, "mode": "train", "epoch": 16}
{"loss": 0.2576565444469452, "acc": 0.8969283103942871, "length": 4.0, "mode": "test", "epoch": 16}
{"loss": 0.23060640692710876, "acc": 0.9063103199005127, "length": 3.9937024116516113, "mode": "train", "epoch": 17}
{"loss": 0.2451920062303543, "acc": 0.9013652205467224, "length": 4.0, "mode": "test", "epoch": 17}
{"loss": 0.21879775822162628, "acc": 0.9089491963386536, "length": 3.993259906768799, "mode": "train", "epoch": 18}
{"loss": 0.23259201645851135, "acc": 0.9081910252571106, "length": 4.0, "mode": "test", "epoch": 18}
{"loss": 0.2171090841293335, "acc": 0.9113020896911621, "length": 3.994011640548706, "mode": "train", "epoch": 19}
{"loss": 0.2463127225637436, "acc": 0.897952139377594, "length": 4.0, "mode": "test", "epoch": 19}
{"loss": 0.2070387303829193, "acc": 0.9168499112129211, "length": 3.998478412628174, "mode": "train", "epoch": 20}
{"loss": 0.23322319984436035, "acc": 0.8998293280601501, "length": 4.0, "mode": "test", "epoch": 20}
{"loss": 0.20464958250522614, "acc": 0.9156827926635742, "length": 3.993480920791626, "mode": "train", "epoch": 21}
{"loss": 0.23953036963939667, "acc": 0.9076791405677795, "length": 4.0, "mode": "test", "epoch": 21}
{"loss": 0.2065339833498001, "acc": 0.9138997793197632, "length": 3.9964706897735596, "mode": "train", "epoch": 22}
{"loss": 0.21838073432445526, "acc": 0.9150170683860779, "length": 4.0, "mode": "test", "epoch": 22}
{"loss": 0.2020905613899231, "acc": 0.9204022288322449, "length": 3.9975929260253906, "mode": "train", "epoch": 23}
{"loss": 0.23477916419506073, "acc": 0.9097269177436829, "length": 4.0, "mode": "test", "epoch": 23}
{"loss": 0.19559481739997864, "acc": 0.9214285612106323, "length": 3.9933009147644043, "mode": "train", "epoch": 24}
{"loss": 0.22347941994667053, "acc": 0.9167234897613525, "length": 4.0, "mode": "test", "epoch": 24}
{"loss": 0.19192026555538177, "acc": 0.9222674369812012, "length": 3.9982564449310303, "mode": "train", "epoch": 25}
{"loss": 0.209516242146492, "acc": 0.9238905906677246, "length": 4.0, "mode": "test", "epoch": 25}
{"loss": 0.18640640377998352, "acc": 0.9282042980194092, "length": 3.9995296001434326, "mode": "train", "epoch": 26}
{"loss": 0.21828560531139374, "acc": 0.9155288934707642, "length": 4.0, "mode": "test", "epoch": 26}
{"loss": 0.18504978716373444, "acc": 0.9245110154151917, "length": 3.996293306350708, "mode": "train", "epoch": 27}
{"loss": 0.20286953449249268, "acc": 0.9230373501777649, "length": 4.0, "mode": "test", "epoch": 27}
{"loss": 0.1795826107263565, "acc": 0.9284006953239441, "length": 3.995832681655884, "mode": "train", "epoch": 28}
{"loss": 0.20891037583351135, "acc": 0.925426721572876, "length": 4.0, "mode": "test", "epoch": 28}
{"loss": 0.1807839274406433, "acc": 0.9272588491439819, "length": 3.9973621368408203, "mode": "train", "epoch": 29}
{"loss": 0.18696072697639465, "acc": 0.9252560138702393, "length": 4.0, "mode": "test", "epoch": 29}
{"loss": 0.1757308393716812, "acc": 0.9294307827949524, "length": 3.99820613861084, "mode": "train", "epoch": 30}
{"loss": 0.19012348353862762, "acc": 0.9264505505561829, "length": 4.0, "mode": "test", "epoch": 30}
{"loss": 0.17976456880569458, "acc": 0.9283854365348816, "length": 3.999742031097412, "mode": "train", "epoch": 31}
{"loss": 0.18178552389144897, "acc": 0.9249146580696106, "length": 4.0, "mode": "test", "epoch": 31}
{"loss": 0.17230525612831116, "acc": 0.9290691614151001, "length": 3.9989397525787354, "mode": "train", "epoch": 32}
{"loss": 0.1792881339788437, "acc": 0.9293515086174011, "length": 4.0, "mode": "test", "epoch": 32}
{"loss": 0.17511555552482605, "acc": 0.929187536239624, "length": 3.9998819828033447, "mode": "train", "epoch": 33}
{"loss": 0.18326790630817413, "acc": 0.9250853657722473, "length": 4.0, "mode": "test", "epoch": 33}
{"loss": 0.17321129143238068, "acc": 0.9302148818969727, "length": 3.9999186992645264, "mode": "train", "epoch": 34}
{"loss": 0.17566893994808197, "acc": 0.9312288165092468, "length": 4.0, "mode": "test", "epoch": 34}
{"loss": 0.18111887574195862, "acc": 0.926337480545044, "length": 3.9996931552886963, "mode": "train", "epoch": 35}
{"loss": 0.18185774981975555, "acc": 0.9215016961097717, "length": 4.0, "mode": "test", "epoch": 35}
{"loss": 0.16798517107963562, "acc": 0.932323157787323, "length": 3.999791383743286, "mode": "train", "epoch": 36}
{"loss": 0.18331269919872284, "acc": 0.9261091351509094, "length": 4.0, "mode": "test", "epoch": 36}
{"loss": 0.16522665321826935, "acc": 0.9334654211997986, "length": 3.9999730587005615, "mode": "train", "epoch": 37}
{"loss": 0.18271075189113617, "acc": 0.9279864430427551, "length": 4.0, "mode": "test", "epoch": 37}
{"loss": 0.1626492738723755, "acc": 0.9353455901145935, "length": 3.9998669624328613, "mode": "train", "epoch": 38}
{"loss": 0.18851599097251892, "acc": 0.9255974292755127, "length": 4.0, "mode": "test", "epoch": 38}
{"loss": 0.1630845069885254, "acc": 0.936029314994812, "length": 3.99975323677063, "mode": "train", "epoch": 39}
{"loss": 0.1756565421819687, "acc": 0.9346416592597961, "length": 4.0, "mode": "test", "epoch": 39}
{"loss": 0.15737517178058624, "acc": 0.9373388886451721, "length": 3.9996535778045654, "mode": "train", "epoch": 40}
{"loss": 0.17627523839473724, "acc": 0.9296929240226746, "length": 4.0, "mode": "test", "epoch": 40}
{"loss": 0.15653246641159058, "acc": 0.9372279047966003, "length": 3.9999520778656006, "mode": "train", "epoch": 41}
{"loss": 0.17788755893707275, "acc": 0.9324232339859009, "length": 4.0, "mode": "test", "epoch": 41}
{"loss": 0.16029253602027893, "acc": 0.9340384602546692, "length": 3.9987714290618896, "mode": "train", "epoch": 42}
{"loss": 0.20898905396461487, "acc": 0.9220138192176819, "length": 4.0, "mode": "test", "epoch": 42}
{"loss": 0.1681033819913864, "acc": 0.9314122200012207, "length": 3.9998860359191895, "mode": "train", "epoch": 43}
{"loss": 0.19864590466022491, "acc": 0.9237200021743774, "length": 4.0, "mode": "test", "epoch": 43}
{"loss": 0.16058596968650818, "acc": 0.934093177318573, "length": 3.9999711513519287, "mode": "train", "epoch": 44}
{"loss": 0.1895698457956314, "acc": 0.9266212582588196, "length": 4.0, "mode": "test", "epoch": 44}
{"loss": 0.16582803428173065, "acc": 0.9303268194198608, "length": 3.9997010231018066, "mode": "train", "epoch": 45}
{"loss": 0.19774861633777618, "acc": 0.9262797236442566, "length": 4.0, "mode": "test", "epoch": 45}
{"loss": 0.1660841554403305, "acc": 0.9362598061561584, "length": 3.999983549118042, "mode": "train", "epoch": 46}
{"loss": 0.18636034429073334, "acc": 0.9220137596130371, "length": 4.0, "mode": "test", "epoch": 46}
{"loss": 0.15914078056812286, "acc": 0.934777021408081, "length": 3.9999663829803467, "mode": "train", "epoch": 47}
{"loss": 0.17477624118328094, "acc": 0.9303755760192871, "length": 4.0, "mode": "test", "epoch": 47}
{"loss": 0.15458950400352478, "acc": 0.9364256262779236, "length": 3.9997987747192383, "mode": "train", "epoch": 48}
{"loss": 0.17618310451507568, "acc": 0.92440265417099, "length": 4.0, "mode": "test", "epoch": 48}
{"loss": 0.15109297633171082, "acc": 0.9376834630966187, "length": 3.999922513961792, "mode": "train", "epoch": 49}
{"loss": 0.17260411381721497, "acc": 0.9353243112564087, "length": 4.0, "mode": "test", "epoch": 49}
{"loss": 0.1520114541053772, "acc": 0.9368862509727478, "length": 3.999945878982544, "mode": "train", "epoch": 50}
{"loss": 0.1804070919752121, "acc": 0.9237202405929565, "length": 4.0, "mode": "test", "epoch": 50}
{"loss": 0.17581674456596375, "acc": 0.9328382015228271, "length": 3.999969720840454, "mode": "train", "epoch": 51}
{"loss": 0.20139120519161224, "acc": 0.9203070402145386, "length": 4.0, "mode": "test", "epoch": 51}
{"loss": 0.15176694095134735, "acc": 0.938539981842041, "length": 3.9999618530273438, "mode": "train", "epoch": 52}
{"loss": 0.17484694719314575, "acc": 0.9366894364356995, "length": 4.0, "mode": "test", "epoch": 52}
{"loss": 0.16011594235897064, "acc": 0.9387683868408203, "length": 3.9999923706054688, "mode": "train", "epoch": 53}
{"loss": 0.18002285063266754, "acc": 0.9317406415939331, "length": 4.0, "mode": "test", "epoch": 53}
{"loss": 0.15298405289649963, "acc": 0.9388813376426697, "length": 3.9999637603759766, "mode": "train", "epoch": 54}
{"loss": 0.17128781974315643, "acc": 0.9300342202186584, "length": 4.0, "mode": "test", "epoch": 54}
{"loss": 0.1500924825668335, "acc": 0.939609706401825, "length": 3.999783515930176, "mode": "train", "epoch": 55}
{"loss": 0.1731244921684265, "acc": 0.9325940608978271, "length": 4.0, "mode": "test", "epoch": 55}
{"loss": 0.14823666214942932, "acc": 0.939678966999054, "length": 3.999950647354126, "mode": "train", "epoch": 56}
{"loss": 0.16681763529777527, "acc": 0.9322525262832642, "length": 4.0, "mode": "test", "epoch": 56}
{"loss": 0.150382399559021, "acc": 0.9386881589889526, "length": 3.9990365505218506, "mode": "train", "epoch": 57}
{"loss": 0.17203505337238312, "acc": 0.9310579895973206, "length": 4.0, "mode": "test", "epoch": 57}
{"loss": 0.151187926530838, "acc": 0.9387680888175964, "length": 3.999976873397827, "mode": "train", "epoch": 58}
{"loss": 0.22333578765392303, "acc": 0.919283390045166, "length": 4.0, "mode": "test", "epoch": 58}
{"loss": 0.14488816261291504, "acc": 0.9411629438400269, "length": 3.9999940395355225, "mode": "train", "epoch": 59}
{"loss": 0.16824661195278168, "acc": 0.9307166337966919, "length": 4.0, "mode": "test", "epoch": 59}
{"loss": 0.13933099806308746, "acc": 0.9449825286865234, "length": 3.9999895095825195, "mode": "train", "epoch": 60}
{"loss": 0.1688268929719925, "acc": 0.9361774325370789, "length": 4.0, "mode": "test", "epoch": 60}
test accuracy: 0.8309260606765747
