# ["--attributes=5", "--values=16", "--game_size=10", "--vocab_size_factor=3", "--n_epochs=60", "--batch_size=64", "--learning_rate=0.001", "--hidden_size=128", "--temp_update=0.97", "--temperature=1.5"]
Creating train_ds and val_ds...

Creating test_ds...
{"loss": 0.696069061756134, "acc": 0.5107706785202026, "length": 3.4313478469848633, "mode": "train", "epoch": 1}
{"loss": 0.691189706325531, "acc": 0.5212013721466064, "length": 1.0, "mode": "test", "epoch": 1}
{"loss": 0.6862657070159912, "acc": 0.5485357046127319, "length": 3.066678047180176, "mode": "train", "epoch": 2}
{"loss": 0.6407231092453003, "acc": 0.7150537371635437, "length": 3.088339328765869, "mode": "test", "epoch": 2}
{"loss": 0.6161139607429504, "acc": 0.7210203409194946, "length": 3.309898853302002, "mode": "train", "epoch": 3}
{"loss": 0.5390090942382812, "acc": 0.7646308541297913, "length": 3.3427562713623047, "mode": "test", "epoch": 3}
{"loss": 0.5115623474121094, "acc": 0.7663944363594055, "length": 3.369053602218628, "mode": "train", "epoch": 4}
{"loss": 0.4949827194213867, "acc": 0.762582004070282, "length": 3.7420494556427, "mode": "test", "epoch": 4}
{"loss": 0.4821048378944397, "acc": 0.7816144824028015, "length": 3.5591728687286377, "mode": "train", "epoch": 5}
{"loss": 0.4818526804447174, "acc": 0.8083459734916687, "length": 3.5547702312469482, "mode": "test", "epoch": 5}
{"loss": 0.45595183968544006, "acc": 0.8006047606468201, "length": 3.623605489730835, "mode": "train", "epoch": 6}
{"loss": 0.44473797082901, "acc": 0.805410623550415, "length": 3.809187173843384, "mode": "test", "epoch": 6}
{"loss": 0.43060389161109924, "acc": 0.8144070506095886, "length": 3.719963788986206, "mode": "train", "epoch": 7}
{"loss": 0.4046862721443176, "acc": 0.8315261006355286, "length": 3.770318031311035, "mode": "test", "epoch": 7}
{"loss": 0.3920561969280243, "acc": 0.8378446698188782, "length": 3.766519069671631, "mode": "train", "epoch": 8}
{"loss": 0.37908613681793213, "acc": 0.8428031206130981, "length": 3.840989351272583, "mode": "test", "epoch": 8}
{"loss": 0.35934174060821533, "acc": 0.8503784537315369, "length": 3.7697064876556396, "mode": "train", "epoch": 9}
{"loss": 0.35567161440849304, "acc": 0.8473304510116577, "length": 3.8798587322235107, "mode": "test", "epoch": 9}
{"loss": 0.3169790208339691, "acc": 0.8637624979019165, "length": 3.8250789642333984, "mode": "train", "epoch": 10}
{"loss": 0.3187501132488251, "acc": 0.8763572573661804, "length": 3.7738516330718994, "mode": "test", "epoch": 10}
{"loss": 0.3013746440410614, "acc": 0.8759119510650635, "length": 3.78694748878479, "mode": "train", "epoch": 11}
{"loss": 0.30344197154045105, "acc": 0.8870385885238647, "length": 3.7420494556427, "mode": "test", "epoch": 11}
{"loss": 0.28601694107055664, "acc": 0.8880571126937866, "length": 3.7367029190063477, "mode": "train", "epoch": 12}
{"loss": 0.28701162338256836, "acc": 0.8950009942054749, "length": 3.7455830574035645, "mode": "test", "epoch": 12}
{"loss": 0.2822839021682739, "acc": 0.8892815113067627, "length": 3.698176860809326, "mode": "train", "epoch": 13}
{"loss": 0.28442832827568054, "acc": 0.8877512812614441, "length": 3.7314486503601074, "mode": "test", "epoch": 13}
{"loss": 0.2542921304702759, "acc": 0.8962454199790955, "length": 3.6993167400360107, "mode": "train", "epoch": 14}
{"loss": 0.2823878228664398, "acc": 0.8989311456680298, "length": 3.7314486503601074, "mode": "test", "epoch": 14}
{"loss": 0.2408568412065506, "acc": 0.9023905992507935, "length": 3.7373905181884766, "mode": "train", "epoch": 15}
{"loss": 0.26499685645103455, "acc": 0.9059631824493408, "length": 3.795053005218506, "mode": "test", "epoch": 15}
{"loss": 0.23511429131031036, "acc": 0.9074673652648926, "length": 3.755836248397827, "mode": "train", "epoch": 16}
{"loss": 0.2720794379711151, "acc": 0.9021382927894592, "length": 3.809187173843384, "mode": "test", "epoch": 16}
{"loss": 0.23937952518463135, "acc": 0.9106024503707886, "length": 3.772339105606079, "mode": "train", "epoch": 17}
{"loss": 0.2596067488193512, "acc": 0.9001774191856384, "length": 3.823321580886841, "mode": "test", "epoch": 17}
{"loss": 0.2366313934326172, "acc": 0.9127199649810791, "length": 3.8161306381225586, "mode": "train", "epoch": 18}
{"loss": 0.2548444867134094, "acc": 0.9157764315605164, "length": 3.812720775604248, "mode": "test", "epoch": 18}
{"loss": 0.22021211683750153, "acc": 0.9160800576210022, "length": 3.829148292541504, "mode": "train", "epoch": 19}
{"loss": 0.2597007155418396, "acc": 0.907416582107544, "length": 3.7915194034576416, "mode": "test", "epoch": 19}
{"loss": 0.21313878893852234, "acc": 0.9171098470687866, "length": 3.82871413230896, "mode": "train", "epoch": 20}
{"loss": 0.24964718520641327, "acc": 0.9140467643737793, "length": 3.812720775604248, "mode": "test", "epoch": 20}
{"loss": 0.2127743363380432, "acc": 0.9191855788230896, "length": 3.868504285812378, "mode": "train", "epoch": 21}
{"loss": 0.23920515179634094, "acc": 0.9188321828842163, "length": 3.826855182647705, "mode": "test", "epoch": 21}
{"loss": 0.21118757128715515, "acc": 0.919070839881897, "length": 3.840456008911133, "mode": "train", "epoch": 22}
{"loss": 0.2600005567073822, "acc": 0.9113043546676636, "length": 3.8763251304626465, "mode": "test", "epoch": 22}
{"loss": 0.1960044503211975, "acc": 0.9250437021255493, "length": 3.876675605773926, "mode": "train", "epoch": 23}
{"loss": 0.246485635638237, "acc": 0.9231074452400208, "length": 3.812720775604248, "mode": "test", "epoch": 23}
{"loss": 0.19885095953941345, "acc": 0.9255563020706177, "length": 3.8619277477264404, "mode": "train", "epoch": 24}
{"loss": 0.22674527764320374, "acc": 0.9263564348220825, "length": 3.8763251304626465, "mode": "test", "epoch": 24}
{"loss": 0.19882944226264954, "acc": 0.9270123243331909, "length": 3.885498046875, "mode": "train", "epoch": 25}
{"loss": 0.26048898696899414, "acc": 0.9103397727012634, "length": 3.851590156555176, "mode": "test", "epoch": 25}
{"loss": 0.19057482481002808, "acc": 0.9286749958992004, "length": 3.8634939193725586, "mode": "train", "epoch": 26}
{"loss": 0.22164730727672577, "acc": 0.9257656335830688, "length": 3.8480565547943115, "mode": "test", "epoch": 26}
{"loss": 0.18095454573631287, "acc": 0.9324488639831543, "length": 3.869143009185791, "mode": "train", "epoch": 27}
{"loss": 0.21813876926898956, "acc": 0.9235650897026062, "length": 3.8339221477508545, "mode": "test", "epoch": 27}
{"loss": 0.17855767905712128, "acc": 0.9299247860908508, "length": 3.8661298751831055, "mode": "train", "epoch": 28}
{"loss": 0.22841861844062805, "acc": 0.9232767820358276, "length": 3.911660671234131, "mode": "test", "epoch": 28}
{"loss": 0.18009857833385468, "acc": 0.9289764761924744, "length": 3.910641670227051, "mode": "train", "epoch": 29}
{"loss": 0.23792877793312073, "acc": 0.9255849719047546, "length": 3.8303887844085693, "mode": "test", "epoch": 29}
{"loss": 0.17348238825798035, "acc": 0.9339548945426941, "length": 3.8720784187316895, "mode": "train", "epoch": 30}
{"loss": 0.21702198684215546, "acc": 0.9302394986152649, "length": 3.8621907234191895, "mode": "test", "epoch": 30}
{"loss": 0.17492666840553284, "acc": 0.9347779750823975, "length": 3.8700592517852783, "mode": "train", "epoch": 31}
{"loss": 0.22666926681995392, "acc": 0.9222950339317322, "length": 3.9081273078918457, "mode": "test", "epoch": 31}
{"loss": 0.1795070320367813, "acc": 0.9343442320823669, "length": 3.929004192352295, "mode": "train", "epoch": 32}
{"loss": 0.2173752784729004, "acc": 0.9291472434997559, "length": 3.9328622817993164, "mode": "test", "epoch": 32}
{"loss": 0.17433203756809235, "acc": 0.9348558783531189, "length": 3.9315648078918457, "mode": "train", "epoch": 33}
{"loss": 0.20548784732818604, "acc": 0.9260468482971191, "length": 3.94346284866333, "mode": "test", "epoch": 33}
{"loss": 0.172976553440094, "acc": 0.9291001558303833, "length": 3.9439027309417725, "mode": "train", "epoch": 34}
{"loss": 0.200714573264122, "acc": 0.9317261576652527, "length": 3.9328622817993164, "mode": "test", "epoch": 34}
{"loss": 0.17207249999046326, "acc": 0.9350983500480652, "length": 3.940122604370117, "mode": "train", "epoch": 35}
{"loss": 0.21018372476100922, "acc": 0.9326634407043457, "length": 3.929328680038452, "mode": "test", "epoch": 35}
{"loss": 0.15898890793323517, "acc": 0.9354783892631531, "length": 3.946807622909546, "mode": "train", "epoch": 36}
{"loss": 0.2055697739124298, "acc": 0.9330489635467529, "length": 3.939929246902466, "mode": "test", "epoch": 36}
{"loss": 0.1638961285352707, "acc": 0.9348486661911011, "length": 3.9602532386779785, "mode": "train", "epoch": 37}
{"loss": 0.2228909730911255, "acc": 0.9297031164169312, "length": 3.9469964504241943, "mode": "test", "epoch": 37}
{"loss": 0.15410247445106506, "acc": 0.9423962235450745, "length": 3.9503841400146484, "mode": "train", "epoch": 38}
{"loss": 0.20795254409313202, "acc": 0.929256796836853, "length": 3.915194272994995, "mode": "test", "epoch": 38}
{"loss": 0.148960143327713, "acc": 0.9393406510353088, "length": 3.9258244037628174, "mode": "train", "epoch": 39}
{"loss": 0.19254449009895325, "acc": 0.9320542812347412, "length": 3.925795078277588, "mode": "test", "epoch": 39}
{"loss": 0.14646629989147186, "acc": 0.9426387548446655, "length": 3.942929267883301, "mode": "train", "epoch": 40}
{"loss": 0.19326689839363098, "acc": 0.9355790019035339, "length": 3.9081273078918457, "mode": "test", "epoch": 40}
{"loss": 0.13938380777835846, "acc": 0.942297637462616, "length": 3.9097533226013184, "mode": "train", "epoch": 41}
{"loss": 0.20552979409694672, "acc": 0.9311714172363281, "length": 3.925795078277588, "mode": "test", "epoch": 41}
{"loss": 0.14996862411499023, "acc": 0.9404976963996887, "length": 3.9292893409729004, "mode": "train", "epoch": 42}
{"loss": 0.21280980110168457, "acc": 0.9279537200927734, "length": 3.911660671234131, "mode": "test", "epoch": 42}
{"loss": 0.1576404571533203, "acc": 0.9379854202270508, "length": 3.9278416633605957, "mode": "train", "epoch": 43}
{"loss": 0.22462061047554016, "acc": 0.9289052486419678, "length": 3.901060104370117, "mode": "test", "epoch": 43}
{"loss": 0.14984066784381866, "acc": 0.9410209655761719, "length": 3.917956590652466, "mode": "train", "epoch": 44}
{"loss": 0.18235120177268982, "acc": 0.9340327382087708, "length": 3.9045937061309814, "mode": "test", "epoch": 44}
{"loss": 0.13666097819805145, "acc": 0.945160984992981, "length": 3.920711040496826, "mode": "train", "epoch": 45}
{"loss": 0.19164198637008667, "acc": 0.9364426732063293, "length": 3.9328622817993164, "mode": "test", "epoch": 45}
{"loss": 0.1333993524312973, "acc": 0.9455955028533936, "length": 3.9305965900421143, "mode": "train", "epoch": 46}
{"loss": 0.19589108228683472, "acc": 0.9368831515312195, "length": 3.911660671234131, "mode": "test", "epoch": 46}
{"loss": 0.12600116431713104, "acc": 0.9494715332984924, "length": 3.9384148120880127, "mode": "train", "epoch": 47}
{"loss": 0.18320803344249725, "acc": 0.9391732811927795, "length": 3.9328622817993164, "mode": "test", "epoch": 47}
{"loss": 0.13191044330596924, "acc": 0.9477118253707886, "length": 3.93581485748291, "mode": "train", "epoch": 48}
{"loss": 0.18039678037166595, "acc": 0.9385198950767517, "length": 3.9787986278533936, "mode": "test", "epoch": 48}
{"loss": 0.12319637089967728, "acc": 0.9504261016845703, "length": 3.9535460472106934, "mode": "train", "epoch": 49}
{"loss": 0.19143623113632202, "acc": 0.9373388886451721, "length": 3.911660671234131, "mode": "test", "epoch": 49}
{"loss": 0.11620397865772247, "acc": 0.951472818851471, "length": 3.9170026779174805, "mode": "train", "epoch": 50}
{"loss": 0.17430779337882996, "acc": 0.9429202675819397, "length": 3.9646642208099365, "mode": "test", "epoch": 50}
{"loss": 0.11137974262237549, "acc": 0.9522111415863037, "length": 3.9533026218414307, "mode": "train", "epoch": 51}
{"loss": 0.16701152920722961, "acc": 0.9425488710403442, "length": 3.982332229614258, "mode": "test", "epoch": 51}
{"loss": 0.1172192320227623, "acc": 0.954521119594574, "length": 3.966409683227539, "mode": "train", "epoch": 52}
{"loss": 0.1726219207048416, "acc": 0.9479896426200867, "length": 3.9787986278533936, "mode": "test", "epoch": 52}
{"loss": 0.13177679479122162, "acc": 0.9491457343101501, "length": 3.961594581604004, "mode": "train", "epoch": 53}
{"loss": 0.17346704006195068, "acc": 0.9443124532699585, "length": 3.9646642208099365, "mode": "test", "epoch": 53}
{"loss": 0.13359585404396057, "acc": 0.9495251774787903, "length": 3.9349305629730225, "mode": "train", "epoch": 54}
{"loss": 0.17494523525238037, "acc": 0.9418690800666809, "length": 3.957597255706787, "mode": "test", "epoch": 54}
{"loss": 0.13678133487701416, "acc": 0.9482256770133972, "length": 3.9405360221862793, "mode": "train", "epoch": 55}
{"loss": 0.19822363555431366, "acc": 0.9344937205314636, "length": 3.9646642208099365, "mode": "test", "epoch": 55}
{"loss": 0.13632598519325256, "acc": 0.948194682598114, "length": 3.919804334640503, "mode": "train", "epoch": 56}
{"loss": 0.17983068525791168, "acc": 0.9421822428703308, "length": 3.9469964504241943, "mode": "test", "epoch": 56}
{"loss": 0.11193064600229263, "acc": 0.9531067609786987, "length": 3.93363618850708, "mode": "train", "epoch": 57}
{"loss": 0.17244383692741394, "acc": 0.9317988157272339, "length": 3.957597255706787, "mode": "test", "epoch": 57}
{"loss": 0.11578310281038284, "acc": 0.9528247117996216, "length": 3.949131727218628, "mode": "train", "epoch": 58}
{"loss": 0.16899840533733368, "acc": 0.9438260793685913, "length": 3.9646642208099365, "mode": "test", "epoch": 58}
{"loss": 0.11459972709417343, "acc": 0.9576485753059387, "length": 3.946321725845337, "mode": "train", "epoch": 59}
{"loss": 0.16022895276546478, "acc": 0.9439427852630615, "length": 3.9611308574676514, "mode": "test", "epoch": 59}
{"loss": 0.10521368682384491, "acc": 0.9617378115653992, "length": 3.9506921768188477, "mode": "train", "epoch": 60}
{"loss": 0.15485884249210358, "acc": 0.9470837116241455, "length": 3.954063653945923, "mode": "test", "epoch": 60}
test accuracy: 0.6948589086532593
