# ["--attributes=5", "--values=16", "--game_size=10", "--vocab_size_factor=3", "--n_epochs=60", "--batch_size=64", "--learning_rate=0.001", "--hidden_size=128", "--temp_update=0.97", "--temperature=2"]
Creating train_ds and val_ds...

Creating test_ds...
{"loss": 0.6964551210403442, "acc": 0.5333159565925598, "length": 3.425450086593628, "mode": "train", "epoch": 1}
{"loss": 0.6925583481788635, "acc": 0.5333915948867798, "length": 1.0, "mode": "test", "epoch": 1}
{"loss": 0.6845895051956177, "acc": 0.5655626058578491, "length": 2.6184604167938232, "mode": "train", "epoch": 2}
{"loss": 0.666489839553833, "acc": 0.6195139288902283, "length": 1.7902097702026367, "mode": "test", "epoch": 2}
{"loss": 0.6437186598777771, "acc": 0.6494472026824951, "length": 2.5695652961730957, "mode": "train", "epoch": 3}
{"loss": 0.604372501373291, "acc": 0.7144804000854492, "length": 2.562937021255493, "mode": "test", "epoch": 3}
{"loss": 0.5597537755966187, "acc": 0.7505989670753479, "length": 2.8098304271698, "mode": "train", "epoch": 4}
{"loss": 0.541976273059845, "acc": 0.7696196436882019, "length": 3.0734264850616455, "mode": "test", "epoch": 4}
{"loss": 0.4910499155521393, "acc": 0.7900542616844177, "length": 3.117706060409546, "mode": "train", "epoch": 5}
{"loss": 0.5100454092025757, "acc": 0.7811785936355591, "length": 3.0209789276123047, "mode": "test", "epoch": 5}
{"loss": 0.4502054750919342, "acc": 0.8013705015182495, "length": 3.249267816543579, "mode": "train", "epoch": 6}
{"loss": 0.4715738296508789, "acc": 0.7914466857910156, "length": 3.223776340484619, "mode": "test", "epoch": 6}
{"loss": 0.42480209469795227, "acc": 0.8139925599098206, "length": 3.316073417663574, "mode": "train", "epoch": 7}
{"loss": 0.4505535662174225, "acc": 0.8056170344352722, "length": 3.2657341957092285, "mode": "test", "epoch": 7}
{"loss": 0.4042019248008728, "acc": 0.8304930925369263, "length": 3.340724229812622, "mode": "train", "epoch": 8}
{"loss": 0.4361910820007324, "acc": 0.8095589280128479, "length": 3.2132866382598877, "mode": "test", "epoch": 8}
{"loss": 0.3836786150932312, "acc": 0.8382816910743713, "length": 3.366999387741089, "mode": "train", "epoch": 9}
{"loss": 0.418863981962204, "acc": 0.828544557094574, "length": 3.139860153198242, "mode": "test", "epoch": 9}
{"loss": 0.36675727367401123, "acc": 0.8478120565414429, "length": 3.3503222465515137, "mode": "train", "epoch": 10}
{"loss": 0.41882333159446716, "acc": 0.8217058777809143, "length": 3.2132866382598877, "mode": "test", "epoch": 10}
{"loss": 0.3515283465385437, "acc": 0.8511583209037781, "length": 3.414766311645508, "mode": "train", "epoch": 11}
{"loss": 0.4074377715587616, "acc": 0.8260442018508911, "length": 3.1818182468414307, "mode": "test", "epoch": 11}
{"loss": 0.3384619951248169, "acc": 0.8513394594192505, "length": 3.437389850616455, "mode": "train", "epoch": 12}
{"loss": 0.41682538390159607, "acc": 0.8321912884712219, "length": 3.1503496170043945, "mode": "test", "epoch": 12}
{"loss": 0.32112643122673035, "acc": 0.8643845915794373, "length": 3.4463162422180176, "mode": "train", "epoch": 13}
{"loss": 0.38166728615760803, "acc": 0.8472191095352173, "length": 3.12937068939209, "mode": "test", "epoch": 13}
{"loss": 0.3030073046684265, "acc": 0.8709462881088257, "length": 3.46374773979187, "mode": "train", "epoch": 14}
{"loss": 0.3580665588378906, "acc": 0.848016083240509, "length": 3.2027971744537354, "mode": "test", "epoch": 14}
{"loss": 0.29253822565078735, "acc": 0.880573570728302, "length": 3.510648727416992, "mode": "train", "epoch": 15}
{"loss": 0.3384493291378021, "acc": 0.8632938265800476, "length": 3.4440560340881348, "mode": "test", "epoch": 15}
{"loss": 0.2704595923423767, "acc": 0.8936033844947815, "length": 3.5841891765594482, "mode": "train", "epoch": 16}
{"loss": 0.34074240922927856, "acc": 0.8601491451263428, "length": 3.538461446762085, "mode": "test", "epoch": 16}
{"loss": 0.26309964060783386, "acc": 0.8970159888267517, "length": 3.6396355628967285, "mode": "train", "epoch": 17}
{"loss": 0.345977246761322, "acc": 0.8598770499229431, "length": 3.7587411403656006, "mode": "test", "epoch": 17}
{"loss": 0.24529990553855896, "acc": 0.9022108316421509, "length": 3.7241370677948, "mode": "train", "epoch": 18}
{"loss": 0.2984078526496887, "acc": 0.8869638442993164, "length": 3.8426573276519775, "mode": "test", "epoch": 18}
{"loss": 0.24048632383346558, "acc": 0.9111237525939941, "length": 3.888032913208008, "mode": "train", "epoch": 19}
{"loss": 0.289230614900589, "acc": 0.8947553038597107, "length": 4.0, "mode": "test", "epoch": 19}
{"loss": 0.23349347710609436, "acc": 0.9132345914840698, "length": 3.9554715156555176, "mode": "train", "epoch": 20}
{"loss": 0.2746630311012268, "acc": 0.9038461446762085, "length": 4.0, "mode": "test", "epoch": 20}
{"loss": 0.21756789088249207, "acc": 0.9195091128349304, "length": 3.9371492862701416, "mode": "train", "epoch": 21}
{"loss": 0.28510138392448425, "acc": 0.8963286876678467, "length": 4.0, "mode": "test", "epoch": 21}
{"loss": 0.22171849012374878, "acc": 0.9170965552330017, "length": 3.965298652648926, "mode": "train", "epoch": 22}
{"loss": 0.2561187744140625, "acc": 0.9066433310508728, "length": 4.0, "mode": "test", "epoch": 22}
{"loss": 0.21423330903053284, "acc": 0.9212280511856079, "length": 3.9850165843963623, "mode": "train", "epoch": 23}
{"loss": 0.2727397084236145, "acc": 0.9001749753952026, "length": 4.0, "mode": "test", "epoch": 23}
{"loss": 0.2151508331298828, "acc": 0.9225654006004333, "length": 3.973186731338501, "mode": "train", "epoch": 24}
{"loss": 0.2529902160167694, "acc": 0.9092656970024109, "length": 4.0, "mode": "test", "epoch": 24}
{"loss": 0.2149970680475235, "acc": 0.9194690585136414, "length": 3.988699436187744, "mode": "train", "epoch": 25}
{"loss": 0.24794363975524902, "acc": 0.9115384817123413, "length": 4.0, "mode": "test", "epoch": 25}
{"loss": 0.20502932369709015, "acc": 0.9264324307441711, "length": 3.9904487133026123, "mode": "train", "epoch": 26}
{"loss": 0.23521065711975098, "acc": 0.91206294298172, "length": 4.0, "mode": "test", "epoch": 26}
{"loss": 0.2003416121006012, "acc": 0.9267240762710571, "length": 3.993212938308716, "mode": "train", "epoch": 27}
{"loss": 0.2340674251317978, "acc": 0.9185314178466797, "length": 4.0, "mode": "test", "epoch": 27}
{"loss": 0.19831936061382294, "acc": 0.9286377429962158, "length": 3.9968831539154053, "mode": "train", "epoch": 28}
{"loss": 0.23890314996242523, "acc": 0.9113636016845703, "length": 4.0, "mode": "test", "epoch": 28}
{"loss": 0.1996513158082962, "acc": 0.9258348941802979, "length": 3.9916980266571045, "mode": "train", "epoch": 29}
{"loss": 0.22644639015197754, "acc": 0.9197552800178528, "length": 4.0, "mode": "test", "epoch": 29}
{"loss": 0.19529132544994354, "acc": 0.9281063079833984, "length": 3.993513345718384, "mode": "train", "epoch": 30}
{"loss": 0.22321484982967377, "acc": 0.9209790229797363, "length": 4.0, "mode": "test", "epoch": 30}
{"loss": 0.19348926842212677, "acc": 0.9286837577819824, "length": 3.9964354038238525, "mode": "train", "epoch": 31}
{"loss": 0.2293511927127838, "acc": 0.9141609072685242, "length": 4.0, "mode": "test", "epoch": 31}
{"loss": 0.1858859658241272, "acc": 0.9306799173355103, "length": 3.9967448711395264, "mode": "train", "epoch": 32}
{"loss": 0.23165670037269592, "acc": 0.9173077940940857, "length": 4.0, "mode": "test", "epoch": 32}
{"loss": 0.18895965814590454, "acc": 0.932353675365448, "length": 3.998128890991211, "mode": "train", "epoch": 33}
{"loss": 0.23196876049041748, "acc": 0.9183565378189087, "length": 4.0, "mode": "test", "epoch": 33}
{"loss": 0.18965061008930206, "acc": 0.924860417842865, "length": 3.9980528354644775, "mode": "train", "epoch": 34}
{"loss": 0.2353394329547882, "acc": 0.9125874042510986, "length": 4.0, "mode": "test", "epoch": 34}
{"loss": 0.18778739869594574, "acc": 0.9316097497940063, "length": 3.9995944499969482, "mode": "train", "epoch": 35}
{"loss": 0.22685129940509796, "acc": 0.9155593514442444, "length": 4.0, "mode": "test", "epoch": 35}
{"loss": 0.1813659518957138, "acc": 0.9317178130149841, "length": 3.9990203380584717, "mode": "train", "epoch": 36}
{"loss": 0.21716932952404022, "acc": 0.9199299812316895, "length": 4.0, "mode": "test", "epoch": 36}
{"loss": 0.1818322092294693, "acc": 0.9307178854942322, "length": 3.9985568523406982, "mode": "train", "epoch": 37}
{"loss": 0.2224864512681961, "acc": 0.9243007302284241, "length": 4.0, "mode": "test", "epoch": 37}
{"loss": 0.1755290925502777, "acc": 0.9332215189933777, "length": 3.9981801509857178, "mode": "train", "epoch": 38}
{"loss": 0.23410768806934357, "acc": 0.9110138416290283, "length": 4.0, "mode": "test", "epoch": 38}
{"loss": 0.1756906658411026, "acc": 0.9313768744468689, "length": 3.9996092319488525, "mode": "train", "epoch": 39}
{"loss": 0.22142258286476135, "acc": 0.9234266877174377, "length": 4.0, "mode": "test", "epoch": 39}
{"loss": 0.1715068221092224, "acc": 0.9362068772315979, "length": 3.996953010559082, "mode": "train", "epoch": 40}
{"loss": 0.21347585320472717, "acc": 0.9211539030075073, "length": 4.0, "mode": "test", "epoch": 40}
{"loss": 0.17641685903072357, "acc": 0.9331309199333191, "length": 3.9995977878570557, "mode": "train", "epoch": 41}
{"loss": 0.2128949612379074, "acc": 0.9197552800178528, "length": 4.0, "mode": "test", "epoch": 41}
{"loss": 0.17273904383182526, "acc": 0.9371962547302246, "length": 3.9981086254119873, "mode": "train", "epoch": 42}
{"loss": 0.20678281784057617, "acc": 0.9211539030075073, "length": 4.0, "mode": "test", "epoch": 42}
{"loss": 0.18023289740085602, "acc": 0.935712456703186, "length": 3.999887704849243, "mode": "train", "epoch": 43}
{"loss": 0.21818900108337402, "acc": 0.9166082739830017, "length": 4.0, "mode": "test", "epoch": 43}
{"loss": 0.18007899820804596, "acc": 0.9350109696388245, "length": 3.9999284744262695, "mode": "train", "epoch": 44}
{"loss": 0.24386031925678253, "acc": 0.9122377634048462, "length": 4.0, "mode": "test", "epoch": 44}
{"loss": 0.1791258156299591, "acc": 0.9295897483825684, "length": 3.9986088275909424, "mode": "train", "epoch": 45}
{"loss": 0.23759792745113373, "acc": 0.9204545617103577, "length": 4.0, "mode": "test", "epoch": 45}
{"loss": 0.17487357556819916, "acc": 0.9365665912628174, "length": 3.998134136199951, "mode": "train", "epoch": 46}
{"loss": 0.21917222440242767, "acc": 0.9209790229797363, "length": 4.0, "mode": "test", "epoch": 46}
{"loss": 0.18383555114269257, "acc": 0.9296139478683472, "length": 3.9993858337402344, "mode": "train", "epoch": 47}
{"loss": 0.21203310787677765, "acc": 0.9263986349105835, "length": 4.0, "mode": "test", "epoch": 47}
{"loss": 0.17497430741786957, "acc": 0.9320169687271118, "length": 3.9993348121643066, "mode": "train", "epoch": 48}
{"loss": 0.20344483852386475, "acc": 0.9281468987464905, "length": 4.0, "mode": "test", "epoch": 48}
{"loss": 0.16837699711322784, "acc": 0.9383484721183777, "length": 3.9999682903289795, "mode": "train", "epoch": 49}
{"loss": 0.20549450814723969, "acc": 0.9311188459396362, "length": 4.0, "mode": "test", "epoch": 49}
{"loss": 0.16835694015026093, "acc": 0.9386412501335144, "length": 3.9999732971191406, "mode": "train", "epoch": 50}
{"loss": 0.19364094734191895, "acc": 0.932692289352417, "length": 4.0, "mode": "test", "epoch": 50}
{"loss": 0.17737287282943726, "acc": 0.9345982074737549, "length": 3.9998531341552734, "mode": "train", "epoch": 51}
{"loss": 0.2207442820072174, "acc": 0.9227271676063538, "length": 4.0, "mode": "test", "epoch": 51}
{"loss": 0.17167848348617554, "acc": 0.9392265677452087, "length": 3.999969482421875, "mode": "train", "epoch": 52}
{"loss": 0.24000266194343567, "acc": 0.92010498046875, "length": 4.0, "mode": "test", "epoch": 52}
{"loss": 0.17870911955833435, "acc": 0.9316651821136475, "length": 3.9995412826538086, "mode": "train", "epoch": 53}
{"loss": 0.21517644822597504, "acc": 0.9236015677452087, "length": 4.0, "mode": "test", "epoch": 53}
{"loss": 0.176899254322052, "acc": 0.9337213039398193, "length": 3.999802827835083, "mode": "train", "epoch": 54}
{"loss": 0.22313247621059418, "acc": 0.9164334535598755, "length": 4.0, "mode": "test", "epoch": 54}
{"loss": 0.17101307213306427, "acc": 0.9332543611526489, "length": 3.999934196472168, "mode": "train", "epoch": 55}
{"loss": 0.22278881072998047, "acc": 0.9283215999603271, "length": 4.0, "mode": "test", "epoch": 55}
{"loss": 0.1749214231967926, "acc": 0.9367664456367493, "length": 3.9999358654022217, "mode": "train", "epoch": 56}
{"loss": 0.2327110320329666, "acc": 0.9218531250953674, "length": 4.0, "mode": "test", "epoch": 56}
{"loss": 0.16212061047554016, "acc": 0.9422706961631775, "length": 3.999951124191284, "mode": "train", "epoch": 57}
{"loss": 0.2014775574207306, "acc": 0.9304195046424866, "length": 4.0, "mode": "test", "epoch": 57}
{"loss": 0.15918567776679993, "acc": 0.9406751394271851, "length": 3.999316692352295, "mode": "train", "epoch": 58}
{"loss": 0.19715523719787598, "acc": 0.9236013889312744, "length": 4.0, "mode": "test", "epoch": 58}
{"loss": 0.15184174478054047, "acc": 0.9451350569725037, "length": 3.999675989151001, "mode": "train", "epoch": 59}
{"loss": 0.2272798866033554, "acc": 0.9211537837982178, "length": 4.0, "mode": "test", "epoch": 59}
{"loss": 0.15977118909358978, "acc": 0.9411585927009583, "length": 3.9999337196350098, "mode": "train", "epoch": 60}
{"loss": 0.20863378047943115, "acc": 0.9237762689590454, "length": 4.0, "mode": "test", "epoch": 60}
test accuracy: 0.7843332886695862
