# ["--attributes=5", "--values=16", "--game_size=10", "--vocab_size_factor=3", "--n_epochs=60", "--batch_size=64", "--learning_rate=0.001", "--hidden_size=128", "--temp_update=0.99", "--temperature=1.5"]
Creating train_ds and val_ds...

Creating test_ds...
{"loss": 0.696392297744751, "acc": 0.521460235118866, "length": 3.4778881072998047, "mode": "train", "epoch": 1}
{"loss": 0.6921681761741638, "acc": 0.4994507431983948, "length": 1.0204777717590332, "mode": "test", "epoch": 1}
{"loss": 0.6871029734611511, "acc": 0.5281690359115601, "length": 3.028219699859619, "mode": "train", "epoch": 2}
{"loss": 0.6662503480911255, "acc": 0.5947088003158569, "length": 2.1467576026916504, "mode": "test", "epoch": 2}
{"loss": 0.6363621950149536, "acc": 0.666931688785553, "length": 3.3645200729370117, "mode": "train", "epoch": 3}
{"loss": 0.5712805986404419, "acc": 0.753081738948822, "length": 3.7986347675323486, "mode": "test", "epoch": 3}
{"loss": 0.5188091993331909, "acc": 0.7649686932563782, "length": 3.78765606880188, "mode": "train", "epoch": 4}
{"loss": 0.4914110600948334, "acc": 0.7764505743980408, "length": 4.0, "mode": "test", "epoch": 4}
{"loss": 0.4375186860561371, "acc": 0.8112011551856995, "length": 3.898277759552002, "mode": "train", "epoch": 5}
{"loss": 0.47234517335891724, "acc": 0.8056314587593079, "length": 4.0, "mode": "test", "epoch": 5}
{"loss": 0.38977572321891785, "acc": 0.8322933316230774, "length": 3.940974235534668, "mode": "train", "epoch": 6}
{"loss": 0.4110489785671234, "acc": 0.8327645063400269, "length": 4.0, "mode": "test", "epoch": 6}
{"loss": 0.32938045263290405, "acc": 0.866046130657196, "length": 3.9558448791503906, "mode": "train", "epoch": 7}
{"loss": 0.3904617726802826, "acc": 0.8377132415771484, "length": 4.0, "mode": "test", "epoch": 7}
{"loss": 0.28056591749191284, "acc": 0.8848479986190796, "length": 3.9675962924957275, "mode": "train", "epoch": 8}
{"loss": 0.341545432806015, "acc": 0.8592150211334229, "length": 4.0, "mode": "test", "epoch": 8}
{"loss": 0.2556750774383545, "acc": 0.8953677415847778, "length": 3.977640151977539, "mode": "train", "epoch": 9}
{"loss": 0.3411778509616852, "acc": 0.873037576675415, "length": 4.0, "mode": "test", "epoch": 9}
{"loss": 0.23406380414962769, "acc": 0.9057159423828125, "length": 3.9820806980133057, "mode": "train", "epoch": 10}
{"loss": 0.3103492558002472, "acc": 0.8773036003112793, "length": 4.0, "mode": "test", "epoch": 10}
{"loss": 0.21771565079689026, "acc": 0.9125854969024658, "length": 3.9856631755828857, "mode": "train", "epoch": 11}
{"loss": 0.28399500250816345, "acc": 0.8720136284828186, "length": 4.0, "mode": "test", "epoch": 11}
{"loss": 0.20899349451065063, "acc": 0.9181499481201172, "length": 3.987013578414917, "mode": "train", "epoch": 12}
{"loss": 0.27599629759788513, "acc": 0.8940273523330688, "length": 4.0, "mode": "test", "epoch": 12}
{"loss": 0.20326203107833862, "acc": 0.9205651879310608, "length": 3.989894151687622, "mode": "train", "epoch": 13}
{"loss": 0.2774798572063446, "acc": 0.8948807120323181, "length": 4.0, "mode": "test", "epoch": 13}
{"loss": 0.19393354654312134, "acc": 0.9251336455345154, "length": 3.992041826248169, "mode": "train", "epoch": 14}
{"loss": 0.2617933750152588, "acc": 0.8935152888298035, "length": 4.0, "mode": "test", "epoch": 14}
{"loss": 0.18039493262767792, "acc": 0.9318495988845825, "length": 3.991757392883301, "mode": "train", "epoch": 15}
{"loss": 0.2639826536178589, "acc": 0.8967576622962952, "length": 4.0, "mode": "test", "epoch": 15}
{"loss": 0.17431753873825073, "acc": 0.9310455322265625, "length": 3.993396282196045, "mode": "train", "epoch": 16}
{"loss": 0.2333974689245224, "acc": 0.9119454622268677, "length": 4.0, "mode": "test", "epoch": 16}
{"loss": 0.16303756833076477, "acc": 0.9382963180541992, "length": 3.995065689086914, "mode": "train", "epoch": 17}
{"loss": 0.23084302246570587, "acc": 0.9020476341247559, "length": 4.0, "mode": "test", "epoch": 17}
{"loss": 0.15287266671657562, "acc": 0.9410309791564941, "length": 3.9933507442474365, "mode": "train", "epoch": 18}
{"loss": 0.224617600440979, "acc": 0.9215016961097717, "length": 4.0, "mode": "test", "epoch": 18}
{"loss": 0.14978334307670593, "acc": 0.9426136612892151, "length": 3.9952898025512695, "mode": "train", "epoch": 19}
{"loss": 0.23584119975566864, "acc": 0.9061434268951416, "length": 4.0, "mode": "test", "epoch": 19}
{"loss": 0.14273947477340698, "acc": 0.9443014860153198, "length": 3.996109962463379, "mode": "train", "epoch": 20}
{"loss": 0.19617167115211487, "acc": 0.9245733618736267, "length": 4.0, "mode": "test", "epoch": 20}
{"loss": 0.14018769562244415, "acc": 0.9459913372993469, "length": 3.9947104454040527, "mode": "train", "epoch": 21}
{"loss": 0.20922866463661194, "acc": 0.9255973100662231, "length": 4.0, "mode": "test", "epoch": 21}
{"loss": 0.13251356780529022, "acc": 0.9492344260215759, "length": 3.9963152408599854, "mode": "train", "epoch": 22}
{"loss": 0.1814199686050415, "acc": 0.9377133250236511, "length": 4.0, "mode": "test", "epoch": 22}
{"loss": 0.12968643009662628, "acc": 0.9518676996231079, "length": 3.9978013038635254, "mode": "train", "epoch": 23}
{"loss": 0.19826078414916992, "acc": 0.9273037910461426, "length": 4.0, "mode": "test", "epoch": 23}
{"loss": 0.12448728084564209, "acc": 0.9527214169502258, "length": 3.9972147941589355, "mode": "train", "epoch": 24}
{"loss": 0.1773376315832138, "acc": 0.9353241920471191, "length": 4.0, "mode": "test", "epoch": 24}
{"loss": 0.12056268751621246, "acc": 0.9563334584236145, "length": 3.9979426860809326, "mode": "train", "epoch": 25}
{"loss": 0.16632218658924103, "acc": 0.9406143426895142, "length": 4.0, "mode": "test", "epoch": 25}
{"loss": 0.11797919869422913, "acc": 0.9545787572860718, "length": 3.9982824325561523, "mode": "train", "epoch": 26}
{"loss": 0.1749085634946823, "acc": 0.936518669128418, "length": 4.0, "mode": "test", "epoch": 26}
{"loss": 0.11324535310268402, "acc": 0.9572169184684753, "length": 3.9970552921295166, "mode": "train", "epoch": 27}
{"loss": 0.14875470101833344, "acc": 0.9479522109031677, "length": 4.0, "mode": "test", "epoch": 27}
{"loss": 0.11495348066091537, "acc": 0.9575492739677429, "length": 3.9987716674804688, "mode": "train", "epoch": 28}
{"loss": 0.13648612797260284, "acc": 0.9540954232215881, "length": 4.0, "mode": "test", "epoch": 28}
{"loss": 0.1069154366850853, "acc": 0.9617723822593689, "length": 3.998805522918701, "mode": "train", "epoch": 29}
{"loss": 0.14955653250217438, "acc": 0.9515358209609985, "length": 4.0, "mode": "test", "epoch": 29}
{"loss": 0.10179027915000916, "acc": 0.9640025496482849, "length": 3.9991490840911865, "mode": "train", "epoch": 30}
{"loss": 0.1414724737405777, "acc": 0.9549487829208374, "length": 4.0, "mode": "test", "epoch": 30}
{"loss": 0.09854713827371597, "acc": 0.960564374923706, "length": 3.9981045722961426, "mode": "train", "epoch": 31}
{"loss": 0.1439041942358017, "acc": 0.9455631971359253, "length": 4.0, "mode": "test", "epoch": 31}
{"loss": 0.10536278039216995, "acc": 0.9646876454353333, "length": 3.999189853668213, "mode": "train", "epoch": 32}
{"loss": 0.14042584598064423, "acc": 0.9515358805656433, "length": 4.0, "mode": "test", "epoch": 32}
{"loss": 0.10061397403478622, "acc": 0.963951826095581, "length": 3.9991910457611084, "mode": "train", "epoch": 33}
{"loss": 0.12671613693237305, "acc": 0.9598976373672485, "length": 4.0, "mode": "test", "epoch": 33}
{"loss": 0.09550877660512924, "acc": 0.9653779864311218, "length": 3.9992825984954834, "mode": "train", "epoch": 34}
{"loss": 0.12703382968902588, "acc": 0.9539248943328857, "length": 4.0, "mode": "test", "epoch": 34}
{"loss": 0.09256776422262192, "acc": 0.9669780731201172, "length": 3.9994208812713623, "mode": "train", "epoch": 35}
{"loss": 0.12830489873886108, "acc": 0.9498292803764343, "length": 4.0, "mode": "test", "epoch": 35}
{"loss": 0.08921409398317337, "acc": 0.9657623171806335, "length": 3.997796058654785, "mode": "train", "epoch": 36}
{"loss": 0.13080690801143646, "acc": 0.9564845561981201, "length": 4.0, "mode": "test", "epoch": 36}
{"loss": 0.09248088300228119, "acc": 0.9664080739021301, "length": 3.999337911605835, "mode": "train", "epoch": 37}
{"loss": 0.14735673367977142, "acc": 0.9459044933319092, "length": 4.0, "mode": "test", "epoch": 37}
{"loss": 0.09537778794765472, "acc": 0.9650445580482483, "length": 3.9995062351226807, "mode": "train", "epoch": 38}
{"loss": 0.14136762917041779, "acc": 0.956143319606781, "length": 4.0, "mode": "test", "epoch": 38}
{"loss": 0.09473392367362976, "acc": 0.9652668833732605, "length": 3.9993317127227783, "mode": "train", "epoch": 39}
{"loss": 0.11335980147123337, "acc": 0.9592151045799255, "length": 4.0, "mode": "test", "epoch": 39}
{"loss": 0.09149177372455597, "acc": 0.9665256142616272, "length": 3.9996092319488525, "mode": "train", "epoch": 40}
{"loss": 0.14158852398395538, "acc": 0.9465868473052979, "length": 4.0, "mode": "test", "epoch": 40}
{"loss": 0.08873207122087479, "acc": 0.9677107334136963, "length": 3.9989593029022217, "mode": "train", "epoch": 41}
{"loss": 0.1234404444694519, "acc": 0.9547781348228455, "length": 4.0, "mode": "test", "epoch": 41}
{"loss": 0.07572918385267258, "acc": 0.9720019698143005, "length": 3.9997141361236572, "mode": "train", "epoch": 42}
{"loss": 0.12611019611358643, "acc": 0.9530715942382812, "length": 4.0, "mode": "test", "epoch": 42}
{"loss": 0.06961008906364441, "acc": 0.975702166557312, "length": 3.9994125366210938, "mode": "train", "epoch": 43}
{"loss": 0.10259139537811279, "acc": 0.962798535823822, "length": 4.0, "mode": "test", "epoch": 43}
{"loss": 0.07101745903491974, "acc": 0.9751337766647339, "length": 3.9995808601379395, "mode": "train", "epoch": 44}
{"loss": 0.10259135067462921, "acc": 0.9624573588371277, "length": 4.0, "mode": "test", "epoch": 44}
{"loss": 0.07498367130756378, "acc": 0.9723440408706665, "length": 3.9997472763061523, "mode": "train", "epoch": 45}
{"loss": 0.11081867665052414, "acc": 0.9585325717926025, "length": 4.0, "mode": "test", "epoch": 45}
{"loss": 0.0732186809182167, "acc": 0.9749072194099426, "length": 3.999600887298584, "mode": "train", "epoch": 46}
{"loss": 0.1062203049659729, "acc": 0.9627986550331116, "length": 4.0, "mode": "test", "epoch": 46}
{"loss": 0.07946452498435974, "acc": 0.9694923758506775, "length": 3.9996066093444824, "mode": "train", "epoch": 47}
{"loss": 0.1166893020272255, "acc": 0.95784991979599, "length": 4.0, "mode": "test", "epoch": 47}
{"loss": 0.06731786578893661, "acc": 0.9776442646980286, "length": 3.9996392726898193, "mode": "train", "epoch": 48}
{"loss": 0.09868667274713516, "acc": 0.9680887460708618, "length": 4.0, "mode": "test", "epoch": 48}
{"loss": 0.05985450744628906, "acc": 0.9784451723098755, "length": 3.9998433589935303, "mode": "train", "epoch": 49}
{"loss": 0.08596604317426682, "acc": 0.972866952419281, "length": 4.0, "mode": "test", "epoch": 49}
{"loss": 0.05472996085882187, "acc": 0.9830635190010071, "length": 3.9998316764831543, "mode": "train", "epoch": 50}
{"loss": 0.09832081198692322, "acc": 0.9691126942634583, "length": 4.0, "mode": "test", "epoch": 50}
{"loss": 0.051864758133888245, "acc": 0.9840893149375916, "length": 3.9998457431793213, "mode": "train", "epoch": 51}
{"loss": 0.08217915892601013, "acc": 0.9726962447166443, "length": 4.0, "mode": "test", "epoch": 51}
{"loss": 0.053011346608400345, "acc": 0.981865644454956, "length": 3.999829053878784, "mode": "train", "epoch": 52}
{"loss": 0.09268233180046082, "acc": 0.9684300422668457, "length": 4.0, "mode": "test", "epoch": 52}
{"loss": 0.05074938014149666, "acc": 0.9831206202507019, "length": 3.999842882156372, "mode": "train", "epoch": 53}
{"loss": 0.11231952905654907, "acc": 0.9605803489685059, "length": 4.0, "mode": "test", "epoch": 53}
{"loss": 0.05328472703695297, "acc": 0.9820377230644226, "length": 3.9998581409454346, "mode": "train", "epoch": 54}
{"loss": 0.07784032076597214, "acc": 0.9699658155441284, "length": 4.0, "mode": "test", "epoch": 54}
{"loss": 0.05292794853448868, "acc": 0.9804409742355347, "length": 3.99989652633667, "mode": "train", "epoch": 55}
{"loss": 0.08299252390861511, "acc": 0.9755972623825073, "length": 4.0, "mode": "test", "epoch": 55}
{"loss": 0.045732300728559494, "acc": 0.9870550632476807, "length": 3.9998865127563477, "mode": "train", "epoch": 56}
{"loss": 0.08678174018859863, "acc": 0.9720137119293213, "length": 4.0, "mode": "test", "epoch": 56}
{"loss": 0.04784298315644264, "acc": 0.9844886660575867, "length": 3.9998269081115723, "mode": "train", "epoch": 57}
{"loss": 0.09577276557683945, "acc": 0.9653583765029907, "length": 4.0, "mode": "test", "epoch": 57}
{"loss": 0.04611820727586746, "acc": 0.9862582683563232, "length": 3.9999167919158936, "mode": "train", "epoch": 58}
{"loss": 0.09998227655887604, "acc": 0.9715017676353455, "length": 4.0, "mode": "test", "epoch": 58}
{"loss": 0.043142251670360565, "acc": 0.9863123297691345, "length": 3.9998881816864014, "mode": "train", "epoch": 59}
{"loss": 0.0911484956741333, "acc": 0.9701364040374756, "length": 4.0, "mode": "test", "epoch": 59}
{"loss": 0.03863803297281265, "acc": 0.9887101650238037, "length": 3.9999513626098633, "mode": "train", "epoch": 60}
{"loss": 0.08507630974054337, "acc": 0.9762799143791199, "length": 4.0, "mode": "test", "epoch": 60}
test accuracy: 0.7929628491401672
