# ["--attributes=5", "--values=16", "--game_size=10", "--vocab_size_factor=3", "--n_epochs=60", "--batch_size=64", "--learning_rate=0.001", "--hidden_size=128", "--temp_update=0.99", "--temperature=2"]
Creating train_ds and val_ds...

Creating test_ds...
{"loss": 0.6888090372085571, "acc": 0.5404556393623352, "length": 3.5560388565063477, "mode": "train", "epoch": 1}
{"loss": 0.6743136644363403, "acc": 0.5696547627449036, "length": 3.804123640060425, "mode": "test", "epoch": 1}
{"loss": 0.6824924349784851, "acc": 0.5487785339355469, "length": 3.4889612197875977, "mode": "train", "epoch": 2}
{"loss": 0.6547552347183228, "acc": 0.6484774947166443, "length": 3.8350515365600586, "mode": "test", "epoch": 2}
{"loss": 0.6499176025390625, "acc": 0.6403958201408386, "length": 3.603302001953125, "mode": "train", "epoch": 3}
{"loss": 0.5943307280540466, "acc": 0.7515465021133423, "length": 4.0, "mode": "test", "epoch": 3}
{"loss": 0.547240138053894, "acc": 0.7537080645561218, "length": 3.831005811691284, "mode": "train", "epoch": 4}
{"loss": 0.48742151260375977, "acc": 0.7981099486351013, "length": 4.0, "mode": "test", "epoch": 4}
{"loss": 0.4304421544075012, "acc": 0.8162704110145569, "length": 3.937077522277832, "mode": "train", "epoch": 5}
{"loss": 0.45596209168434143, "acc": 0.8213058710098267, "length": 4.0, "mode": "test", "epoch": 5}
{"loss": 0.39028042554855347, "acc": 0.8365418910980225, "length": 3.950984477996826, "mode": "train", "epoch": 6}
{"loss": 0.41688600182533264, "acc": 0.8340206146240234, "length": 4.0, "mode": "test", "epoch": 6}
{"loss": 0.34520068764686584, "acc": 0.8504634499549866, "length": 3.95565128326416, "mode": "train", "epoch": 7}
{"loss": 0.38005301356315613, "acc": 0.8408933877944946, "length": 4.0, "mode": "test", "epoch": 7}
{"loss": 0.29925140738487244, "acc": 0.8747068643569946, "length": 3.964965343475342, "mode": "train", "epoch": 8}
{"loss": 0.35010501742362976, "acc": 0.8635738492012024, "length": 4.0, "mode": "test", "epoch": 8}
{"loss": 0.2586698532104492, "acc": 0.8936747908592224, "length": 3.973222017288208, "mode": "train", "epoch": 9}
{"loss": 0.3457922041416168, "acc": 0.8671820759773254, "length": 4.0, "mode": "test", "epoch": 9}
{"loss": 0.23067577183246613, "acc": 0.9068766236305237, "length": 3.979778528213501, "mode": "train", "epoch": 10}
{"loss": 0.34062060713768005, "acc": 0.8725085258483887, "length": 4.0, "mode": "test", "epoch": 10}
{"loss": 0.21108780801296234, "acc": 0.9155088067054749, "length": 3.9845120906829834, "mode": "train", "epoch": 11}
{"loss": 0.32920804619789124, "acc": 0.873883068561554, "length": 4.0, "mode": "test", "epoch": 11}
{"loss": 0.20238474011421204, "acc": 0.9180561304092407, "length": 3.9878017902374268, "mode": "train", "epoch": 12}
{"loss": 0.30809107422828674, "acc": 0.8848797082901001, "length": 4.0, "mode": "test", "epoch": 12}
{"loss": 0.1920831799507141, "acc": 0.9201253652572632, "length": 3.9902353286743164, "mode": "train", "epoch": 13}
{"loss": 0.2852093279361725, "acc": 0.8884878158569336, "length": 4.0, "mode": "test", "epoch": 13}
{"loss": 0.18675188720226288, "acc": 0.9270412921905518, "length": 3.991431713104248, "mode": "train", "epoch": 14}
{"loss": 0.28144147992134094, "acc": 0.8955325484275818, "length": 4.0, "mode": "test", "epoch": 14}
{"loss": 0.17975395917892456, "acc": 0.9274560213088989, "length": 3.9923980236053467, "mode": "train", "epoch": 15}
{"loss": 0.26287803053855896, "acc": 0.8914090394973755, "length": 4.0, "mode": "test", "epoch": 15}
{"loss": 0.1756974309682846, "acc": 0.9283426403999329, "length": 3.9931674003601074, "mode": "train", "epoch": 16}
{"loss": 0.2918470501899719, "acc": 0.8780066967010498, "length": 4.0, "mode": "test", "epoch": 16}
{"loss": 0.17529723048210144, "acc": 0.9288787841796875, "length": 3.994528293609619, "mode": "train", "epoch": 17}
{"loss": 0.2662198841571808, "acc": 0.90257728099823, "length": 4.0, "mode": "test", "epoch": 17}
{"loss": 0.16315750777721405, "acc": 0.9345910549163818, "length": 3.9951603412628174, "mode": "train", "epoch": 18}
{"loss": 0.26322051882743835, "acc": 0.9053264856338501, "length": 4.0, "mode": "test", "epoch": 18}
{"loss": 0.16313044726848602, "acc": 0.9311521053314209, "length": 3.995523691177368, "mode": "train", "epoch": 19}
{"loss": 0.2708069682121277, "acc": 0.8926116824150085, "length": 4.0, "mode": "test", "epoch": 19}
{"loss": 0.15527775883674622, "acc": 0.9354715347290039, "length": 3.9959611892700195, "mode": "train", "epoch": 20}
{"loss": 0.28196707367897034, "acc": 0.8893470168113708, "length": 4.0, "mode": "test", "epoch": 20}
{"loss": 0.15595224499702454, "acc": 0.9347755908966064, "length": 3.9955520629882812, "mode": "train", "epoch": 21}
{"loss": 0.284572571516037, "acc": 0.8878005743026733, "length": 4.0, "mode": "test", "epoch": 21}
{"loss": 0.152886301279068, "acc": 0.9387131929397583, "length": 3.99692702293396, "mode": "train", "epoch": 22}
{"loss": 0.2391631156206131, "acc": 0.9164947867393494, "length": 4.0, "mode": "test", "epoch": 22}
{"loss": 0.15165121853351593, "acc": 0.9394110441207886, "length": 3.997197389602661, "mode": "train", "epoch": 23}
{"loss": 0.2446572631597519, "acc": 0.9118558168411255, "length": 4.0, "mode": "test", "epoch": 23}
{"loss": 0.1422901153564453, "acc": 0.943207323551178, "length": 3.9973340034484863, "mode": "train", "epoch": 24}
{"loss": 0.23970134556293488, "acc": 0.912371039390564, "length": 4.0, "mode": "test", "epoch": 24}
{"loss": 0.14223423600196838, "acc": 0.9415022730827332, "length": 3.9979920387268066, "mode": "train", "epoch": 25}
{"loss": 0.231620654463768, "acc": 0.9051547050476074, "length": 4.0, "mode": "test", "epoch": 25}
{"loss": 0.14592385292053223, "acc": 0.9425932168960571, "length": 3.9979639053344727, "mode": "train", "epoch": 26}
{"loss": 0.23755057156085968, "acc": 0.9044674038887024, "length": 4.0, "mode": "test", "epoch": 26}
{"loss": 0.1473141461610794, "acc": 0.9412656426429749, "length": 3.9980990886688232, "mode": "train", "epoch": 27}
{"loss": 0.2516336441040039, "acc": 0.8951889872550964, "length": 4.0, "mode": "test", "epoch": 27}
{"loss": 0.14902901649475098, "acc": 0.9424319267272949, "length": 3.9983713626861572, "mode": "train", "epoch": 28}
{"loss": 0.2286744862794876, "acc": 0.9140893220901489, "length": 4.0, "mode": "test", "epoch": 28}
{"loss": 0.14039377868175507, "acc": 0.9472057223320007, "length": 3.998518466949463, "mode": "train", "epoch": 29}
{"loss": 0.23619471490383148, "acc": 0.9053264260292053, "length": 4.0, "mode": "test", "epoch": 29}
{"loss": 0.13460272550582886, "acc": 0.9473254084587097, "length": 3.9987008571624756, "mode": "train", "epoch": 30}
{"loss": 0.24878159165382385, "acc": 0.9130584597587585, "length": 4.0, "mode": "test", "epoch": 30}
{"loss": 0.13540945947170258, "acc": 0.9473826289176941, "length": 3.998558521270752, "mode": "train", "epoch": 31}
{"loss": 0.21567797660827637, "acc": 0.908934473991394, "length": 4.0, "mode": "test", "epoch": 31}
{"loss": 0.12909045815467834, "acc": 0.9480759501457214, "length": 3.9988222122192383, "mode": "train", "epoch": 32}
{"loss": 0.2376413196325302, "acc": 0.9046391844749451, "length": 4.0, "mode": "test", "epoch": 32}
{"loss": 0.12672781944274902, "acc": 0.9502627849578857, "length": 3.998911142349243, "mode": "train", "epoch": 33}
{"loss": 0.24805037677288055, "acc": 0.9092782735824585, "length": 4.0, "mode": "test", "epoch": 33}
{"loss": 0.1279078871011734, "acc": 0.953258752822876, "length": 3.999070882797241, "mode": "train", "epoch": 34}
{"loss": 0.21868054568767548, "acc": 0.9001717567443848, "length": 4.0, "mode": "test", "epoch": 34}
{"loss": 0.12947624921798706, "acc": 0.9473360180854797, "length": 3.999149799346924, "mode": "train", "epoch": 35}
{"loss": 0.22977285087108612, "acc": 0.9067010283470154, "length": 4.0, "mode": "test", "epoch": 35}
{"loss": 0.11953971534967422, "acc": 0.9526848196983337, "length": 3.9992032051086426, "mode": "train", "epoch": 36}
{"loss": 0.2120629847049713, "acc": 0.9249140620231628, "length": 4.0, "mode": "test", "epoch": 36}
{"loss": 0.12227305769920349, "acc": 0.9533177018165588, "length": 3.99924373626709, "mode": "train", "epoch": 37}
{"loss": 0.21497832238674164, "acc": 0.9061856865882874, "length": 4.0, "mode": "test", "epoch": 37}
{"loss": 0.11855249106884003, "acc": 0.9581510424613953, "length": 3.999295949935913, "mode": "train", "epoch": 38}
{"loss": 0.19353461265563965, "acc": 0.9216495156288147, "length": 4.0, "mode": "test", "epoch": 38}
{"loss": 0.11659073829650879, "acc": 0.9549280405044556, "length": 3.999195098876953, "mode": "train", "epoch": 39}
{"loss": 0.19553320109844208, "acc": 0.9137457013130188, "length": 4.0, "mode": "test", "epoch": 39}
{"loss": 0.11727623641490936, "acc": 0.9541286826133728, "length": 3.9993700981140137, "mode": "train", "epoch": 40}
{"loss": 0.1759375035762787, "acc": 0.927663266658783, "length": 4.0, "mode": "test", "epoch": 40}
{"loss": 0.11563339084386826, "acc": 0.956602931022644, "length": 3.9994568824768066, "mode": "train", "epoch": 41}
{"loss": 0.19512557983398438, "acc": 0.9190723299980164, "length": 4.0, "mode": "test", "epoch": 41}
{"loss": 0.11096736043691635, "acc": 0.9559710621833801, "length": 3.999444007873535, "mode": "train", "epoch": 42}
{"loss": 0.22890953719615936, "acc": 0.9238830804824829, "length": 4.0, "mode": "test", "epoch": 42}
{"loss": 0.10817542672157288, "acc": 0.9616090059280396, "length": 3.999527931213379, "mode": "train", "epoch": 43}
{"loss": 0.17365752160549164, "acc": 0.9252577424049377, "length": 4.0, "mode": "test", "epoch": 43}
{"loss": 0.11024938523769379, "acc": 0.9581013917922974, "length": 3.9995527267456055, "mode": "train", "epoch": 44}
{"loss": 0.1875530332326889, "acc": 0.9295532703399658, "length": 4.0, "mode": "test", "epoch": 44}
{"loss": 0.10443922877311707, "acc": 0.9608083963394165, "length": 3.999648094177246, "mode": "train", "epoch": 45}
{"loss": 0.1758180856704712, "acc": 0.9321306943893433, "length": 4.0, "mode": "test", "epoch": 45}
{"loss": 0.10233401507139206, "acc": 0.9646639227867126, "length": 3.9996414184570312, "mode": "train", "epoch": 46}
{"loss": 0.1719190925359726, "acc": 0.935395359992981, "length": 4.0, "mode": "test", "epoch": 46}
{"loss": 0.09694740921258926, "acc": 0.9659348130226135, "length": 3.998664379119873, "mode": "train", "epoch": 47}
{"loss": 0.17323972284793854, "acc": 0.9269759654998779, "length": 4.0, "mode": "test", "epoch": 47}
{"loss": 0.10254393517971039, "acc": 0.9602335095405579, "length": 3.9997076988220215, "mode": "train", "epoch": 48}
{"loss": 0.16359268128871918, "acc": 0.936598002910614, "length": 4.0, "mode": "test", "epoch": 48}
{"loss": 0.09273328632116318, "acc": 0.9666215777397156, "length": 3.9997611045837402, "mode": "train", "epoch": 49}
{"loss": 0.15956392884254456, "acc": 0.9305841326713562, "length": 4.0, "mode": "test", "epoch": 49}
{"loss": 0.0956573635339737, "acc": 0.9638617038726807, "length": 3.999793291091919, "mode": "train", "epoch": 50}
{"loss": 0.1638927310705185, "acc": 0.9414089918136597, "length": 4.0, "mode": "test", "epoch": 50}
{"loss": 0.09081195294857025, "acc": 0.9688085317611694, "length": 3.9997825622558594, "mode": "train", "epoch": 51}
{"loss": 0.1638762652873993, "acc": 0.9391751885414124, "length": 4.0, "mode": "test", "epoch": 51}
{"loss": 0.0923440009355545, "acc": 0.9687512516975403, "length": 3.999756336212158, "mode": "train", "epoch": 52}
{"loss": 0.1669033318758011, "acc": 0.9398625493049622, "length": 4.0, "mode": "test", "epoch": 52}
{"loss": 0.09265480935573578, "acc": 0.9654120206832886, "length": 3.999724864959717, "mode": "train", "epoch": 53}
{"loss": 0.15789057314395905, "acc": 0.943298876285553, "length": 4.0, "mode": "test", "epoch": 53}
{"loss": 0.0814051628112793, "acc": 0.9719167351722717, "length": 3.9998221397399902, "mode": "train", "epoch": 54}
{"loss": 0.14813034236431122, "acc": 0.9438145160675049, "length": 4.0, "mode": "test", "epoch": 54}
{"loss": 0.07886215299367905, "acc": 0.9731252789497375, "length": 3.999831199645996, "mode": "train", "epoch": 55}
{"loss": 0.156967431306839, "acc": 0.9450172781944275, "length": 4.0, "mode": "test", "epoch": 55}
{"loss": 0.0790897011756897, "acc": 0.9741023182868958, "length": 3.9997949600219727, "mode": "train", "epoch": 56}
{"loss": 0.15055619180202484, "acc": 0.9445017576217651, "length": 4.0, "mode": "test", "epoch": 56}
{"loss": 0.08451273292303085, "acc": 0.9697885513305664, "length": 3.99985933303833, "mode": "train", "epoch": 57}
{"loss": 0.17047283053398132, "acc": 0.9439862966537476, "length": 4.0, "mode": "test", "epoch": 57}
{"loss": 0.08550018817186356, "acc": 0.9708820581436157, "length": 3.999868631362915, "mode": "train", "epoch": 58}
{"loss": 0.1548260897397995, "acc": 0.9462199807167053, "length": 4.0, "mode": "test", "epoch": 58}
{"loss": 0.08408407866954803, "acc": 0.971919059753418, "length": 3.999906063079834, "mode": "train", "epoch": 59}
{"loss": 0.1706697791814804, "acc": 0.9431272149085999, "length": 4.0, "mode": "test", "epoch": 59}
{"loss": 0.08124563843011856, "acc": 0.9728388786315918, "length": 3.9998772144317627, "mode": "train", "epoch": 60}
{"loss": 0.17102299630641937, "acc": 0.9443299770355225, "length": 4.0, "mode": "test", "epoch": 60}
test accuracy: 0.763571560382843
