# ["--attributes=5", "--values=16", "--game_size=10", "--vocab_size_factor=3", "--n_epochs=60", "--batch_size=64", "--learning_rate=0.001", "--hidden_size=256", "--temp_update=0.97", "--temperature=1"]
Creating train_ds and val_ds...

Creating test_ds...
{"loss": 0.7149721384048462, "acc": 0.5017688870429993, "length": 1.9892252683639526, "mode": "train", "epoch": 1}
{"loss": 0.6901229619979858, "acc": 0.5322258472442627, "length": 1.0, "mode": "test", "epoch": 1}
{"loss": 0.6968989372253418, "acc": 0.5215680599212646, "length": 1.0018198490142822, "mode": "train", "epoch": 2}
{"loss": 0.6920786499977112, "acc": 0.5162791013717651, "length": 1.0, "mode": "test", "epoch": 2}
{"loss": 0.6974733471870422, "acc": 0.4969429671764374, "length": 1.0002599954605103, "mode": "train", "epoch": 3}
{"loss": 0.6943857073783875, "acc": 0.5229235887527466, "length": 1.0, "mode": "test", "epoch": 3}
{"loss": 0.7007505297660828, "acc": 0.5214126706123352, "length": 1.0001732110977173, "mode": "train", "epoch": 4}
{"loss": 0.6893174052238464, "acc": 0.5292358994483948, "length": 1.0, "mode": "test", "epoch": 4}
{"loss": 0.6969671249389648, "acc": 0.5016692876815796, "length": 1.000087857246399, "mode": "train", "epoch": 5}
{"loss": 0.691670835018158, "acc": 0.5287375450134277, "length": 1.0, "mode": "test", "epoch": 5}
{"loss": 0.6952494382858276, "acc": 0.5228585004806519, "length": 1.0001336336135864, "mode": "train", "epoch": 6}
{"loss": 0.6912862658500671, "acc": 0.5134552121162415, "length": 1.0, "mode": "test", "epoch": 6}
{"loss": 0.6943486332893372, "acc": 0.5363177061080933, "length": 1.0001270771026611, "mode": "train", "epoch": 7}
{"loss": 0.692633867263794, "acc": 0.521594762802124, "length": 1.0, "mode": "test", "epoch": 7}
{"loss": 0.693094789981842, "acc": 0.5268072485923767, "length": 1.0000466108322144, "mode": "train", "epoch": 8}
{"loss": 0.6874914169311523, "acc": 0.5367109775543213, "length": 1.0, "mode": "test", "epoch": 8}
{"loss": 0.6900234818458557, "acc": 0.5223017930984497, "length": 1.000033974647522, "mode": "train", "epoch": 9}
{"loss": 0.6936432123184204, "acc": 0.5242524743080139, "length": 1.0, "mode": "test", "epoch": 9}
{"loss": 0.6991365551948547, "acc": 0.5260288119316101, "length": 1.0000280141830444, "mode": "train", "epoch": 10}
{"loss": 0.6911301016807556, "acc": 0.5044850707054138, "length": 1.0, "mode": "test", "epoch": 10}
{"loss": 0.6990594863891602, "acc": 0.5140155553817749, "length": 1.0000133514404297, "mode": "train", "epoch": 11}
{"loss": 0.691163957118988, "acc": 0.52923583984375, "length": 1.0, "mode": "test", "epoch": 11}
{"loss": 0.704236626625061, "acc": 0.526140034198761, "length": 1.0000392198562622, "mode": "train", "epoch": 12}
{"loss": 0.6920254230499268, "acc": 0.5244186520576477, "length": 1.0, "mode": "test", "epoch": 12}
{"loss": 0.7005118131637573, "acc": 0.5177419781684875, "length": 1.0000087022781372, "mode": "train", "epoch": 13}
{"loss": 0.6935251355171204, "acc": 0.5132890343666077, "length": 1.0, "mode": "test", "epoch": 13}
{"loss": 0.6934061050415039, "acc": 0.5232475996017456, "length": 1.0000466108322144, "mode": "train", "epoch": 14}
{"loss": 0.6883984804153442, "acc": 0.5333887934684753, "length": 1.0, "mode": "test", "epoch": 14}
{"loss": 0.6907919049263, "acc": 0.5214566588401794, "length": 1.000947117805481, "mode": "train", "epoch": 15}
{"loss": 0.690442681312561, "acc": 0.510299026966095, "length": 1.0, "mode": "test", "epoch": 15}
{"loss": 0.6935284733772278, "acc": 0.5204671621322632, "length": 1.0000040531158447, "mode": "train", "epoch": 16}
{"loss": 0.6964311003684998, "acc": 0.49784061312675476, "length": 1.0, "mode": "test", "epoch": 16}
{"loss": 0.6909556984901428, "acc": 0.5269744396209717, "length": 1.0000070333480835, "mode": "train", "epoch": 17}
{"loss": 0.6907281875610352, "acc": 0.5234219431877136, "length": 1.0, "mode": "test", "epoch": 17}
{"loss": 0.6913230419158936, "acc": 0.5285873413085938, "length": 1.0000096559524536, "mode": "train", "epoch": 18}
{"loss": 0.690771758556366, "acc": 0.536378800868988, "length": 1.0, "mode": "test", "epoch": 18}
{"loss": 0.6924768090248108, "acc": 0.5189098715782166, "length": 1.000007152557373, "mode": "train", "epoch": 19}
{"loss": 0.6901584267616272, "acc": 0.5239202380180359, "length": 1.0, "mode": "test", "epoch": 19}
{"loss": 0.6906363368034363, "acc": 0.5133481621742249, "length": 1.000001072883606, "mode": "train", "epoch": 20}
{"loss": 0.6928114295005798, "acc": 0.5177740454673767, "length": 1.0, "mode": "test", "epoch": 20}
{"loss": 0.6909219622612, "acc": 0.5241380333900452, "length": 1.0000145435333252, "mode": "train", "epoch": 21}
{"loss": 0.6914796233177185, "acc": 0.529568076133728, "length": 1.0, "mode": "test", "epoch": 21}
{"loss": 0.6925051212310791, "acc": 0.5290324091911316, "length": 1.000020146369934, "mode": "train", "epoch": 22}
{"loss": 0.6904467344284058, "acc": 0.5313953161239624, "length": 1.0, "mode": "test", "epoch": 22}
{"loss": 0.6926711797714233, "acc": 0.5186318755149841, "length": 1.000000238418579, "mode": "train", "epoch": 23}
{"loss": 0.688488781452179, "acc": 0.5169435143470764, "length": 1.0, "mode": "test", "epoch": 23}
{"loss": 0.6923486590385437, "acc": 0.5246384739875793, "length": 1.0000001192092896, "mode": "train", "epoch": 24}
{"loss": 0.6892303824424744, "acc": 0.5303986668586731, "length": 1.0, "mode": "test", "epoch": 24}
{"loss": 0.6921854019165039, "acc": 0.5269188284873962, "length": 1.0000001192092896, "mode": "train", "epoch": 25}
{"loss": 0.6924540400505066, "acc": 0.5217608213424683, "length": 1.0, "mode": "test", "epoch": 25}
{"loss": 0.6956626772880554, "acc": 0.5233036279678345, "length": 1.0000007152557373, "mode": "train", "epoch": 26}
{"loss": 0.69283127784729, "acc": 0.5290697813034058, "length": 1.0, "mode": "test", "epoch": 26}
{"loss": 0.6904800534248352, "acc": 0.516017735004425, "length": 1.0000001192092896, "mode": "train", "epoch": 27}
{"loss": 0.6884724497795105, "acc": 0.5338870882987976, "length": 1.0, "mode": "test", "epoch": 27}
{"loss": 0.6944829225540161, "acc": 0.5184093117713928, "length": 1.000000238418579, "mode": "train", "epoch": 28}
{"loss": 0.6892375349998474, "acc": 0.5179402232170105, "length": 1.0, "mode": "test", "epoch": 28}
{"loss": 0.6911802291870117, "acc": 0.5260844826698303, "length": 1.0000003576278687, "mode": "train", "epoch": 29}
{"loss": 0.6895989179611206, "acc": 0.5307309031486511, "length": 1.0, "mode": "test", "epoch": 29}
{"loss": 0.6956924796104431, "acc": 0.5179088115692139, "length": 1.0000001192092896, "mode": "train", "epoch": 30}
{"loss": 0.690363883972168, "acc": 0.5421926379203796, "length": 1.0, "mode": "test", "epoch": 30}
{"loss": 0.6916975975036621, "acc": 0.5214126706123352, "length": 1.0000004768371582, "mode": "train", "epoch": 31}
{"loss": 0.6923394203186035, "acc": 0.5308970212936401, "length": 1.0, "mode": "test", "epoch": 31}
{"loss": 0.6903095841407776, "acc": 0.5288098454475403, "length": 1.0000001192092896, "mode": "train", "epoch": 32}
{"loss": 0.689852237701416, "acc": 0.539867103099823, "length": 1.0, "mode": "test", "epoch": 32}
{"loss": 0.6892490386962891, "acc": 0.5196884274482727, "length": 1.000000238418579, "mode": "train", "epoch": 33}
{"loss": 0.6891006827354431, "acc": 0.5232558846473694, "length": 1.0, "mode": "test", "epoch": 33}
{"loss": 0.6919063925743103, "acc": 0.5229700207710266, "length": 1.0000007152557373, "mode": "train", "epoch": 34}
{"loss": 0.6963850855827332, "acc": 0.5, "length": 1.0, "mode": "test", "epoch": 34}
{"loss": 0.6883713603019714, "acc": 0.5325362086296082, "length": 1.0, "mode": "train", "epoch": 35}
{"loss": 0.6866782307624817, "acc": 0.5378738045692444, "length": 1.0, "mode": "test", "epoch": 35}
{"loss": 0.6925749778747559, "acc": 0.5122358202934265, "length": 1.0000001192092896, "mode": "train", "epoch": 36}
{"loss": 0.686713457107544, "acc": 0.5169435143470764, "length": 1.0, "mode": "test", "epoch": 36}
{"loss": 0.6902205944061279, "acc": 0.511790931224823, "length": 1.0000020265579224, "mode": "train", "epoch": 37}
{"loss": 0.6880341172218323, "acc": 0.5367109775543213, "length": 1.0, "mode": "test", "epoch": 37}
{"loss": 0.6852327585220337, "acc": 0.5382647514343262, "length": 1.0000028610229492, "mode": "train", "epoch": 38}
{"loss": 0.690902829170227, "acc": 0.5232559442520142, "length": 1.0, "mode": "test", "epoch": 38}
{"loss": 0.6930874586105347, "acc": 0.529532790184021, "length": 1.0000007152557373, "mode": "train", "epoch": 39}
{"loss": 0.6894810795783997, "acc": 0.5342193245887756, "length": 1.0, "mode": "test", "epoch": 39}
{"loss": 0.6917684078216553, "acc": 0.5099555253982544, "length": 1.0000001192092896, "mode": "train", "epoch": 40}
{"loss": 0.6881787776947021, "acc": 0.514784038066864, "length": 1.0, "mode": "test", "epoch": 40}
{"loss": 0.6946964263916016, "acc": 0.5151835083961487, "length": 1.000000238418579, "mode": "train", "epoch": 41}
{"loss": 0.6904467940330505, "acc": 0.5245847702026367, "length": 1.0, "mode": "test", "epoch": 41}
{"loss": 0.6913779377937317, "acc": 0.5316462516784668, "length": 1.0000019073486328, "mode": "train", "epoch": 42}
{"loss": 0.6963550448417664, "acc": 0.5136212706565857, "length": 1.0, "mode": "test", "epoch": 42}
{"loss": 0.6898958683013916, "acc": 0.5287541747093201, "length": 1.0000005960464478, "mode": "train", "epoch": 43}
{"loss": 0.6879071593284607, "acc": 0.5229235887527466, "length": 1.0, "mode": "test", "epoch": 43}
{"loss": 0.6862546801567078, "acc": 0.5275306105613708, "length": 1.000001311302185, "mode": "train", "epoch": 44}
{"loss": 0.6871122717857361, "acc": 0.518604576587677, "length": 1.0, "mode": "test", "epoch": 44}
{"loss": 0.6917054653167725, "acc": 0.5359287858009338, "length": 1.0000001192092896, "mode": "train", "epoch": 45}
{"loss": 0.6897428631782532, "acc": 0.53604656457901, "length": 1.0, "mode": "test", "epoch": 45}
{"loss": 0.6869794130325317, "acc": 0.5300333499908447, "length": 1.0000003576278687, "mode": "train", "epoch": 46}
{"loss": 0.6923090219497681, "acc": 0.5277407765388489, "length": 1.0, "mode": "test", "epoch": 46}
{"loss": 0.6889271140098572, "acc": 0.5335928797721863, "length": 1.0000004768371582, "mode": "train", "epoch": 47}
{"loss": 0.6920810341835022, "acc": 0.5114617347717285, "length": 1.0, "mode": "test", "epoch": 47}
{"loss": 0.688780665397644, "acc": 0.533203661441803, "length": 1.000000238418579, "mode": "train", "epoch": 48}
{"loss": 0.6877108812332153, "acc": 0.5079734325408936, "length": 1.0, "mode": "test", "epoch": 48}
{"loss": 0.6902572512626648, "acc": 0.5312013626098633, "length": 1.0000001192092896, "mode": "train", "epoch": 49}
{"loss": 0.6867556571960449, "acc": 0.5382060408592224, "length": 1.0, "mode": "test", "epoch": 49}
{"loss": 0.6906110048294067, "acc": 0.5199666619300842, "length": 1.0000017881393433, "mode": "train", "epoch": 50}
{"loss": 0.6880790591239929, "acc": 0.518604576587677, "length": 1.0, "mode": "test", "epoch": 50}
{"loss": 0.6895142197608948, "acc": 0.540322482585907, "length": 1.000006914138794, "mode": "train", "epoch": 51}
{"loss": 0.6919235587120056, "acc": 0.5096345543861389, "length": 1.0, "mode": "test", "epoch": 51}
{"loss": 0.69136643409729, "acc": 0.5223025679588318, "length": 1.0000081062316895, "mode": "train", "epoch": 52}
{"loss": 0.687234103679657, "acc": 0.5129567384719849, "length": 1.0, "mode": "test", "epoch": 52}
{"loss": 0.6896916627883911, "acc": 0.5203003883361816, "length": 1.0000015497207642, "mode": "train", "epoch": 53}
{"loss": 0.6868675351142883, "acc": 0.5360465049743652, "length": 1.0, "mode": "test", "epoch": 53}
{"loss": 0.6891141533851624, "acc": 0.5352057218551636, "length": 1.0000001192092896, "mode": "train", "epoch": 54}
{"loss": 0.6920546293258667, "acc": 0.5191028714179993, "length": 1.0, "mode": "test", "epoch": 54}
{"loss": 0.6853611469268799, "acc": 0.5384871959686279, "length": 1.0000003576278687, "mode": "train", "epoch": 55}
{"loss": 0.6874183416366577, "acc": 0.5315613746643066, "length": 1.0, "mode": "test", "epoch": 55}
{"loss": 0.6844165921211243, "acc": 0.5308119058609009, "length": 1.0000005960464478, "mode": "train", "epoch": 56}
{"loss": 0.6903676390647888, "acc": 0.5172758102416992, "length": 1.0, "mode": "test", "epoch": 56}
{"loss": 0.6900575160980225, "acc": 0.5311457514762878, "length": 1.0000001192092896, "mode": "train", "epoch": 57}
{"loss": 0.6880670189857483, "acc": 0.5179402232170105, "length": 1.0, "mode": "test", "epoch": 57}
{"loss": 0.6866246461868286, "acc": 0.5220245718955994, "length": 1.0, "mode": "train", "epoch": 58}
{"loss": 0.6861841082572937, "acc": 0.5200996994972229, "length": 1.0, "mode": "test", "epoch": 58}
{"loss": 0.6848703622817993, "acc": 0.5296995639801025, "length": 1.0000025033950806, "mode": "train", "epoch": 59}
{"loss": 0.6877114772796631, "acc": 0.5323920249938965, "length": 1.0, "mode": "test", "epoch": 59}
{"loss": 0.6898213624954224, "acc": 0.5354283452033997, "length": 1.0000004768371582, "mode": "train", "epoch": 60}
{"loss": 0.6896374821662903, "acc": 0.5147841572761536, "length": 1.0, "mode": "test", "epoch": 60}
test accuracy: 0.35166674852371216
