# ["--attributes=5", "--values=16", "--game_size=10", "--vocab_size_factor=3", "--n_epochs=60", "--batch_size=64", "--learning_rate=0.001", "--hidden_size=256", "--temp_update=0.97", "--temperature=1.5"]
Creating train_ds and val_ds...

Creating test_ds...
{"loss": 0.7093640565872192, "acc": 0.5183189511299133, "length": 2.441009283065796, "mode": "train", "epoch": 1}
{"loss": 0.6968182921409607, "acc": 0.5335069894790649, "length": 1.0, "mode": "test", "epoch": 1}
{"loss": 0.6990818381309509, "acc": 0.5064184069633484, "length": 1.0148946046829224, "mode": "train", "epoch": 2}
{"loss": 0.6896242499351501, "acc": 0.5295138955116272, "length": 1.0, "mode": "test", "epoch": 2}
{"loss": 0.6940237879753113, "acc": 0.5215106010437012, "length": 1.004438877105713, "mode": "train", "epoch": 3}
{"loss": 0.6894888877868652, "acc": 0.535937488079071, "length": 1.0, "mode": "test", "epoch": 3}
{"loss": 0.6926242709159851, "acc": 0.5156715512275696, "length": 1.0039498805999756, "mode": "train", "epoch": 4}
{"loss": 0.6873881220817566, "acc": 0.5527777671813965, "length": 1.0, "mode": "test", "epoch": 4}
{"loss": 0.6909248232841492, "acc": 0.5245363712310791, "length": 1.0026565790176392, "mode": "train", "epoch": 5}
{"loss": 0.6852421760559082, "acc": 0.5527777671813965, "length": 1.0, "mode": "test", "epoch": 5}
{"loss": 0.6918777227401733, "acc": 0.533186674118042, "length": 1.0021731853485107, "mode": "train", "epoch": 6}
{"loss": 0.6911749243736267, "acc": 0.535937488079071, "length": 1.0, "mode": "test", "epoch": 6}
{"loss": 0.6926252245903015, "acc": 0.5150249600410461, "length": 1.0025386810302734, "mode": "train", "epoch": 7}
{"loss": 0.6866399049758911, "acc": 0.5402777194976807, "length": 1.0, "mode": "test", "epoch": 7}
{"loss": 0.6907359957695007, "acc": 0.5330472588539124, "length": 1.0057075023651123, "mode": "train", "epoch": 8}
{"loss": 0.6891701221466064, "acc": 0.5510415434837341, "length": 1.0, "mode": "test", "epoch": 8}
{"loss": 0.6804039478302002, "acc": 0.5555804967880249, "length": 1.3748739957809448, "mode": "train", "epoch": 9}
{"loss": 0.6119693517684937, "acc": 0.6932318806648254, "length": 2.125, "mode": "test", "epoch": 9}
{"loss": 0.573565661907196, "acc": 0.7128466963768005, "length": 2.542358636856079, "mode": "train", "epoch": 10}
{"loss": 0.5075497031211853, "acc": 0.7740804553031921, "length": 2.8645832538604736, "mode": "test", "epoch": 10}
{"loss": 0.5100973844528198, "acc": 0.7684009671211243, "length": 2.957791805267334, "mode": "train", "epoch": 11}
{"loss": 0.4816093146800995, "acc": 0.7759168744087219, "length": 2.90625, "mode": "test", "epoch": 11}
{"loss": 0.49458956718444824, "acc": 0.7666975855827332, "length": 2.987527847290039, "mode": "train", "epoch": 12}
{"loss": 0.4678950905799866, "acc": 0.7973741292953491, "length": 2.96875, "mode": "test", "epoch": 12}
{"loss": 0.46591976284980774, "acc": 0.7799216508865356, "length": 3.0967283248901367, "mode": "train", "epoch": 13}
{"loss": 0.43137285113334656, "acc": 0.8013699054718018, "length": 3.0833332538604736, "mode": "test", "epoch": 13}
{"loss": 0.4299958646297455, "acc": 0.7986275553703308, "length": 3.117332696914673, "mode": "train", "epoch": 14}
{"loss": 0.4156310558319092, "acc": 0.8158908486366272, "length": 3.0729167461395264, "mode": "test", "epoch": 14}
{"loss": 0.4046081006526947, "acc": 0.8120917081832886, "length": 3.0963034629821777, "mode": "train", "epoch": 15}
{"loss": 0.39117178320884705, "acc": 0.820019543170929, "length": 2.9583332538604736, "mode": "test", "epoch": 15}
{"loss": 0.3764541447162628, "acc": 0.8300985097885132, "length": 3.125933885574341, "mode": "train", "epoch": 16}
{"loss": 0.3756060302257538, "acc": 0.8316514492034912, "length": 2.9583332538604736, "mode": "test", "epoch": 16}
{"loss": 0.3550838828086853, "acc": 0.846550703048706, "length": 3.2727010250091553, "mode": "train", "epoch": 17}
{"loss": 0.35607147216796875, "acc": 0.8399984240531921, "length": 3.1145832538604736, "mode": "test", "epoch": 17}
{"loss": 0.34716278314590454, "acc": 0.8540077209472656, "length": 3.261814594268799, "mode": "train", "epoch": 18}
{"loss": 0.3564302623271942, "acc": 0.8475043177604675, "length": 3.1354167461395264, "mode": "test", "epoch": 18}
{"loss": 0.314476877450943, "acc": 0.8688368201255798, "length": 3.216038942337036, "mode": "train", "epoch": 19}
{"loss": 0.31797799468040466, "acc": 0.8651231527328491, "length": 3.0104167461395264, "mode": "test", "epoch": 19}
{"loss": 0.2961495816707611, "acc": 0.8754031658172607, "length": 3.301917791366577, "mode": "train", "epoch": 20}
{"loss": 0.32558345794677734, "acc": 0.8687419295310974, "length": 3.4479167461395264, "mode": "test", "epoch": 20}
{"loss": 0.2773285210132599, "acc": 0.8856559991836548, "length": 3.498135805130005, "mode": "train", "epoch": 21}
{"loss": 0.29544389247894287, "acc": 0.8789524435997009, "length": 3.65625, "mode": "test", "epoch": 21}
{"loss": 0.2609219253063202, "acc": 0.8902379870414734, "length": 3.7311344146728516, "mode": "train", "epoch": 22}
{"loss": 0.28333204984664917, "acc": 0.8998128175735474, "length": 3.90625, "mode": "test", "epoch": 22}
{"loss": 0.25076964497566223, "acc": 0.8987399935722351, "length": 3.8987226486206055, "mode": "train", "epoch": 23}
{"loss": 0.25461867451667786, "acc": 0.9075819849967957, "length": 3.993055582046509, "mode": "test", "epoch": 23}
{"loss": 0.237664595246315, "acc": 0.903357982635498, "length": 3.979778289794922, "mode": "train", "epoch": 24}
{"loss": 0.2590910792350769, "acc": 0.9012153148651123, "length": 4.0, "mode": "test", "epoch": 24}
{"loss": 0.23058225214481354, "acc": 0.9032099843025208, "length": 3.9803295135498047, "mode": "train", "epoch": 25}
{"loss": 0.25565198063850403, "acc": 0.8956596851348877, "length": 4.0, "mode": "test", "epoch": 25}
{"loss": 0.2365947961807251, "acc": 0.9040231108665466, "length": 3.991800308227539, "mode": "train", "epoch": 26}
{"loss": 0.2503766715526581, "acc": 0.9076388478279114, "length": 4.0, "mode": "test", "epoch": 26}
{"loss": 0.23438039422035217, "acc": 0.9071015119552612, "length": 3.9908597469329834, "mode": "train", "epoch": 27}
{"loss": 0.24360938370227814, "acc": 0.9147568941116333, "length": 4.0, "mode": "test", "epoch": 27}
{"loss": 0.21348024904727936, "acc": 0.9186168909072876, "length": 3.9936842918395996, "mode": "train", "epoch": 28}
{"loss": 0.2202126532793045, "acc": 0.9203125834465027, "length": 4.0, "mode": "test", "epoch": 28}
{"loss": 0.20265339314937592, "acc": 0.9218615889549255, "length": 3.9995665550231934, "mode": "train", "epoch": 29}
{"loss": 0.24278584122657776, "acc": 0.9137152433395386, "length": 4.0, "mode": "test", "epoch": 29}
{"loss": 0.19737890362739563, "acc": 0.923804521560669, "length": 3.9957520961761475, "mode": "train", "epoch": 30}
{"loss": 0.23219239711761475, "acc": 0.9204861521720886, "length": 4.0, "mode": "test", "epoch": 30}
{"loss": 0.19218817353248596, "acc": 0.9227827191352844, "length": 3.999332904815674, "mode": "train", "epoch": 31}
{"loss": 0.22718000411987305, "acc": 0.9222222566604614, "length": 4.0, "mode": "test", "epoch": 31}
{"loss": 0.18107207119464874, "acc": 0.928375244140625, "length": 3.9972543716430664, "mode": "train", "epoch": 32}
{"loss": 0.23724722862243652, "acc": 0.9215277433395386, "length": 4.0, "mode": "test", "epoch": 32}
{"loss": 0.1804470419883728, "acc": 0.9315487742424011, "length": 3.9995315074920654, "mode": "train", "epoch": 33}
{"loss": 0.2187691032886505, "acc": 0.9206597805023193, "length": 4.0, "mode": "test", "epoch": 33}
{"loss": 0.16791938245296478, "acc": 0.9329450130462646, "length": 3.999898672103882, "mode": "train", "epoch": 34}
{"loss": 0.22568252682685852, "acc": 0.9286457896232605, "length": 4.0, "mode": "test", "epoch": 34}
{"loss": 0.16783468425273895, "acc": 0.9344436526298523, "length": 3.9993462562561035, "mode": "train", "epoch": 35}
{"loss": 0.22084935009479523, "acc": 0.917881965637207, "length": 4.0, "mode": "test", "epoch": 35}
{"loss": 0.16514845192432404, "acc": 0.9334043264389038, "length": 3.9996414184570312, "mode": "train", "epoch": 36}
{"loss": 0.22396698594093323, "acc": 0.9265624284744263, "length": 4.0, "mode": "test", "epoch": 36}
{"loss": 0.1610826551914215, "acc": 0.9346269369125366, "length": 3.99967098236084, "mode": "train", "epoch": 37}
{"loss": 0.20411692559719086, "acc": 0.9229167103767395, "length": 4.0, "mode": "test", "epoch": 37}
{"loss": 0.15613558888435364, "acc": 0.9379684329032898, "length": 3.9978766441345215, "mode": "train", "epoch": 38}
{"loss": 0.23154453933238983, "acc": 0.9251735210418701, "length": 4.0, "mode": "test", "epoch": 38}
{"loss": 0.155585378408432, "acc": 0.9378727078437805, "length": 3.9995834827423096, "mode": "train", "epoch": 39}
{"loss": 0.22883319854736328, "acc": 0.9227430820465088, "length": 4.0, "mode": "test", "epoch": 39}
{"loss": 0.14602941274642944, "acc": 0.9388681054115295, "length": 3.9995763301849365, "mode": "train", "epoch": 40}
{"loss": 0.20971380174160004, "acc": 0.9258681535720825, "length": 4.0, "mode": "test", "epoch": 40}
{"loss": 0.14505872130393982, "acc": 0.9434431195259094, "length": 3.9998393058776855, "mode": "train", "epoch": 41}
{"loss": 0.19444343447685242, "acc": 0.9368056058883667, "length": 4.0, "mode": "test", "epoch": 41}
{"loss": 0.14513282477855682, "acc": 0.9455859065055847, "length": 3.999688148498535, "mode": "train", "epoch": 42}
{"loss": 0.22393377125263214, "acc": 0.9269096851348877, "length": 4.0, "mode": "test", "epoch": 42}
{"loss": 0.13990549743175507, "acc": 0.9419927597045898, "length": 3.999778985977173, "mode": "train", "epoch": 43}
{"loss": 0.23283953964710236, "acc": 0.9237847924232483, "length": 4.0, "mode": "test", "epoch": 43}
{"loss": 0.13421760499477386, "acc": 0.9465166330337524, "length": 3.999669075012207, "mode": "train", "epoch": 44}
{"loss": 0.19518719613552094, "acc": 0.9326388835906982, "length": 4.0, "mode": "test", "epoch": 44}
{"loss": 0.1384088546037674, "acc": 0.9446601867675781, "length": 3.999809980392456, "mode": "train", "epoch": 45}
{"loss": 0.21154756844043732, "acc": 0.9302084445953369, "length": 4.0, "mode": "test", "epoch": 45}
{"loss": 0.13654808700084686, "acc": 0.9453355073928833, "length": 3.9990193843841553, "mode": "train", "epoch": 46}
{"loss": 0.21390283107757568, "acc": 0.925694465637207, "length": 4.0, "mode": "test", "epoch": 46}
{"loss": 0.13642573356628418, "acc": 0.9455779790878296, "length": 3.9974610805511475, "mode": "train", "epoch": 47}
{"loss": 0.22641582787036896, "acc": 0.9291665554046631, "length": 4.0, "mode": "test", "epoch": 47}
{"loss": 0.1357789933681488, "acc": 0.9495300650596619, "length": 3.9990601539611816, "mode": "train", "epoch": 48}
{"loss": 0.18825575709342957, "acc": 0.933159589767456, "length": 4.0, "mode": "test", "epoch": 48}
{"loss": 0.1359446942806244, "acc": 0.9497082829475403, "length": 3.999927282333374, "mode": "train", "epoch": 49}
{"loss": 0.21288788318634033, "acc": 0.9274304509162903, "length": 4.0, "mode": "test", "epoch": 49}
{"loss": 0.13554231822490692, "acc": 0.9466926455497742, "length": 3.9999427795410156, "mode": "train", "epoch": 50}
{"loss": 0.16293172538280487, "acc": 0.9376736879348755, "length": 4.0, "mode": "test", "epoch": 50}
{"loss": 0.12334205955266953, "acc": 0.9515535235404968, "length": 3.9994046688079834, "mode": "train", "epoch": 51}
{"loss": 0.1512020081281662, "acc": 0.9421875476837158, "length": 4.0, "mode": "test", "epoch": 51}
{"loss": 0.10657859593629837, "acc": 0.9598028063774109, "length": 3.9999985694885254, "mode": "train", "epoch": 52}
{"loss": 0.1946542114019394, "acc": 0.9401041865348816, "length": 4.0, "mode": "test", "epoch": 52}
{"loss": 0.11445636302232742, "acc": 0.9547563791275024, "length": 3.999998092651367, "mode": "train", "epoch": 53}
{"loss": 0.18814347684383392, "acc": 0.9387152791023254, "length": 4.0, "mode": "test", "epoch": 53}
{"loss": 0.11796560138463974, "acc": 0.9572185277938843, "length": 3.99910831451416, "mode": "train", "epoch": 54}
{"loss": 0.22410881519317627, "acc": 0.9329860210418701, "length": 4.0, "mode": "test", "epoch": 54}
{"loss": 0.12022332102060318, "acc": 0.9549877643585205, "length": 3.999894142150879, "mode": "train", "epoch": 55}
{"loss": 0.18471060693264008, "acc": 0.933680534362793, "length": 4.0, "mode": "test", "epoch": 55}
{"loss": 0.11345086991786957, "acc": 0.9562566876411438, "length": 3.9998233318328857, "mode": "train", "epoch": 56}
{"loss": 0.2158467322587967, "acc": 0.938888669013977, "length": 4.0, "mode": "test", "epoch": 56}
{"loss": 0.09819988906383514, "acc": 0.9600928425788879, "length": 3.999999523162842, "mode": "train", "epoch": 57}
{"loss": 0.16905951499938965, "acc": 0.9432291388511658, "length": 4.0, "mode": "test", "epoch": 57}
{"loss": 0.09135869145393372, "acc": 0.9648491144180298, "length": 3.9999985694885254, "mode": "train", "epoch": 58}
{"loss": 0.19881752133369446, "acc": 0.9428820013999939, "length": 4.0, "mode": "test", "epoch": 58}
{"loss": 0.09743184596300125, "acc": 0.9626451134681702, "length": 3.9999990463256836, "mode": "train", "epoch": 59}
{"loss": 0.21791474521160126, "acc": 0.9378472566604614, "length": 4.0, "mode": "test", "epoch": 59}
{"loss": 0.0883723571896553, "acc": 0.9642112851142883, "length": 3.999998092651367, "mode": "train", "epoch": 60}
{"loss": 0.1723233461380005, "acc": 0.9480903148651123, "length": 4.0, "mode": "test", "epoch": 60}
test accuracy: 0.7948275208473206
