# ["--attributes=3", "--values=4", "--game_size=10", "--vocab_size_factor=3", "--n_epochs=60", "--batch_size=64", "--learning_rate=0.0005", "--hidden_size=128", "--temp_update=0.97", "--temperature=2"]
Creating train_ds and val_ds...

Creating test_ds...
{"loss": 0.6928531527519226, "acc": 0.5275529623031616, "length": 3.563429594039917, "mode": "train", "epoch": 1}
{"loss": 0.680634617805481, "acc": 0.5846408009529114, "length": 3.413194417953491, "mode": "test", "epoch": 1}
{"loss": 0.6908553242683411, "acc": 0.5312585830688477, "length": 3.5107991695404053, "mode": "train", "epoch": 2}
{"loss": 0.6782554984092712, "acc": 0.5713270306587219, "length": 2.0173611640930176, "mode": "test", "epoch": 2}
{"loss": 0.6852978467941284, "acc": 0.546696126461029, "length": 3.408165454864502, "mode": "train", "epoch": 3}
{"loss": 0.659925639629364, "acc": 0.7112873792648315, "length": 2.9583332538604736, "mode": "test", "epoch": 3}
{"loss": 0.6702510714530945, "acc": 0.5999872088432312, "length": 3.317070960998535, "mode": "train", "epoch": 4}
{"loss": 0.6260477900505066, "acc": 0.7321208119392395, "length": 3.75, "mode": "test", "epoch": 4}
{"loss": 0.6226080656051636, "acc": 0.731184184551239, "length": 3.553912878036499, "mode": "train", "epoch": 5}
{"loss": 0.5543872714042664, "acc": 0.7650851607322693, "length": 3.9583332538604736, "mode": "test", "epoch": 5}
{"loss": 0.5272265076637268, "acc": 0.7829965949058533, "length": 3.7931621074676514, "mode": "train", "epoch": 6}
{"loss": 0.4816063344478607, "acc": 0.7776176929473877, "length": 3.96875, "mode": "test", "epoch": 6}
{"loss": 0.4447067081928253, "acc": 0.8017253279685974, "length": 3.864725112915039, "mode": "train", "epoch": 7}
{"loss": 0.45492100715637207, "acc": 0.7991970181465149, "length": 3.96875, "mode": "test", "epoch": 7}
{"loss": 0.4028528034687042, "acc": 0.8216127157211304, "length": 3.8811607360839844, "mode": "train", "epoch": 8}
{"loss": 0.4335020184516907, "acc": 0.8040338158607483, "length": 3.96875, "mode": "test", "epoch": 8}
{"loss": 0.37306052446365356, "acc": 0.8374527096748352, "length": 3.869184732437134, "mode": "train", "epoch": 9}
{"loss": 0.414812296628952, "acc": 0.8284723162651062, "length": 3.96875, "mode": "test", "epoch": 9}
{"loss": 0.34682923555374146, "acc": 0.8543137311935425, "length": 3.8680410385131836, "mode": "train", "epoch": 10}
{"loss": 0.4099397659301758, "acc": 0.8322319388389587, "length": 3.96875, "mode": "test", "epoch": 10}
{"loss": 0.3337971568107605, "acc": 0.861659824848175, "length": 3.893267869949341, "mode": "train", "epoch": 11}
{"loss": 0.39938342571258545, "acc": 0.8250841498374939, "length": 3.96875, "mode": "test", "epoch": 11}
{"loss": 0.3244900405406952, "acc": 0.8692160844802856, "length": 3.923454761505127, "mode": "train", "epoch": 12}
{"loss": 0.4147128164768219, "acc": 0.8331380486488342, "length": 3.9895832538604736, "mode": "test", "epoch": 12}
{"loss": 0.3171413540840149, "acc": 0.86780846118927, "length": 3.9412057399749756, "mode": "train", "epoch": 13}
{"loss": 0.3767063617706299, "acc": 0.8470458388328552, "length": 3.996527671813965, "mode": "test", "epoch": 13}
{"loss": 0.3126145601272583, "acc": 0.8710891008377075, "length": 3.955692768096924, "mode": "train", "epoch": 14}
{"loss": 0.3857319951057434, "acc": 0.8426539897918701, "length": 3.996527671813965, "mode": "test", "epoch": 14}
{"loss": 0.2982079088687897, "acc": 0.8773345351219177, "length": 3.960557460784912, "mode": "train", "epoch": 15}
{"loss": 0.3642491400241852, "acc": 0.8519096970558167, "length": 4.0, "mode": "test", "epoch": 15}
{"loss": 0.29820966720581055, "acc": 0.8778811097145081, "length": 3.959848165512085, "mode": "train", "epoch": 16}
{"loss": 0.37134382128715515, "acc": 0.8402778506278992, "length": 4.0, "mode": "test", "epoch": 16}
{"loss": 0.2910696566104889, "acc": 0.8810290694236755, "length": 3.973571300506592, "mode": "train", "epoch": 17}
{"loss": 0.3681328594684601, "acc": 0.8536458015441895, "length": 4.0, "mode": "test", "epoch": 17}
{"loss": 0.28099146485328674, "acc": 0.8855041265487671, "length": 3.9815175533294678, "mode": "train", "epoch": 18}
{"loss": 0.3304944634437561, "acc": 0.8727430105209351, "length": 4.0, "mode": "test", "epoch": 18}
{"loss": 0.2772662043571472, "acc": 0.8853423595428467, "length": 3.9799325466156006, "mode": "train", "epoch": 19}
{"loss": 0.3275547921657562, "acc": 0.8755209445953369, "length": 4.0, "mode": "test", "epoch": 19}
{"loss": 0.2774812579154968, "acc": 0.888127863407135, "length": 3.9861037731170654, "mode": "train", "epoch": 20}
{"loss": 0.3234289884567261, "acc": 0.8704860210418701, "length": 4.0, "mode": "test", "epoch": 20}
{"loss": 0.2714790999889374, "acc": 0.891807496547699, "length": 3.98956036567688, "mode": "train", "epoch": 21}
{"loss": 0.3041439950466156, "acc": 0.8769098520278931, "length": 4.0, "mode": "test", "epoch": 21}
{"loss": 0.26586613059043884, "acc": 0.8891162276268005, "length": 3.991068124771118, "mode": "train", "epoch": 22}
{"loss": 0.30275675654411316, "acc": 0.8732638955116272, "length": 4.0, "mode": "test", "epoch": 22}
{"loss": 0.26539021730422974, "acc": 0.8883618712425232, "length": 3.9914817810058594, "mode": "train", "epoch": 23}
{"loss": 0.29535380005836487, "acc": 0.8892361521720886, "length": 4.0, "mode": "test", "epoch": 23}
{"loss": 0.2583332359790802, "acc": 0.897630512714386, "length": 3.9923415184020996, "mode": "train", "epoch": 24}
{"loss": 0.30061015486717224, "acc": 0.8822916150093079, "length": 4.0, "mode": "test", "epoch": 24}
{"loss": 0.253033846616745, "acc": 0.8993266820907593, "length": 3.9976258277893066, "mode": "train", "epoch": 25}
{"loss": 0.28918159008026123, "acc": 0.8769097924232483, "length": 4.0, "mode": "test", "epoch": 25}
{"loss": 0.2556101083755493, "acc": 0.8939443826675415, "length": 3.9976985454559326, "mode": "train", "epoch": 26}
{"loss": 0.28508853912353516, "acc": 0.8909721374511719, "length": 4.0, "mode": "test", "epoch": 26}
{"loss": 0.24648185074329376, "acc": 0.9024704694747925, "length": 3.998298406600952, "mode": "train", "epoch": 27}
{"loss": 0.295159250497818, "acc": 0.871874988079071, "length": 4.0, "mode": "test", "epoch": 27}
{"loss": 0.2502647638320923, "acc": 0.9003199338912964, "length": 3.9979186058044434, "mode": "train", "epoch": 28}
{"loss": 0.2737802565097809, "acc": 0.8901041746139526, "length": 4.0, "mode": "test", "epoch": 28}
{"loss": 0.24428057670593262, "acc": 0.9007970690727234, "length": 3.9987430572509766, "mode": "train", "epoch": 29}
{"loss": 0.2683379352092743, "acc": 0.8973957896232605, "length": 4.0, "mode": "test", "epoch": 29}
{"loss": 0.24305130541324615, "acc": 0.9027578234672546, "length": 3.998323678970337, "mode": "train", "epoch": 30}
{"loss": 0.26978954672813416, "acc": 0.8989584445953369, "length": 4.0, "mode": "test", "epoch": 30}
{"loss": 0.2372397482395172, "acc": 0.9029507637023926, "length": 3.999220371246338, "mode": "train", "epoch": 31}
{"loss": 0.26548534631729126, "acc": 0.8979165554046631, "length": 4.0, "mode": "test", "epoch": 31}
{"loss": 0.2350301742553711, "acc": 0.9083402156829834, "length": 3.9991514682769775, "mode": "train", "epoch": 32}
{"loss": 0.2578057646751404, "acc": 0.9079862236976624, "length": 4.0, "mode": "test", "epoch": 32}
{"loss": 0.2310815453529358, "acc": 0.9094904065132141, "length": 3.998741626739502, "mode": "train", "epoch": 33}
{"loss": 0.26147326827049255, "acc": 0.9010416865348816, "length": 4.0, "mode": "test", "epoch": 33}
{"loss": 0.2265421748161316, "acc": 0.9102548360824585, "length": 3.9984383583068848, "mode": "train", "epoch": 34}
{"loss": 0.25350603461265564, "acc": 0.9032986164093018, "length": 4.0, "mode": "test", "epoch": 34}
{"loss": 0.2235824018716812, "acc": 0.9089300036430359, "length": 3.9996964931488037, "mode": "train", "epoch": 35}
{"loss": 0.24275994300842285, "acc": 0.9078124165534973, "length": 4.0, "mode": "test", "epoch": 35}
{"loss": 0.22505681216716766, "acc": 0.9134411215782166, "length": 3.9988443851470947, "mode": "train", "epoch": 36}
{"loss": 0.24205230176448822, "acc": 0.910243034362793, "length": 4.0, "mode": "test", "epoch": 36}
{"loss": 0.2221994549036026, "acc": 0.9136887788772583, "length": 3.997220516204834, "mode": "train", "epoch": 37}
{"loss": 0.23500798642635345, "acc": 0.9166666865348816, "length": 4.0, "mode": "test", "epoch": 37}
{"loss": 0.22583474218845367, "acc": 0.9134536385536194, "length": 3.998772382736206, "mode": "train", "epoch": 38}
{"loss": 0.24050727486610413, "acc": 0.9083332419395447, "length": 4.0, "mode": "test", "epoch": 38}
{"loss": 0.21477064490318298, "acc": 0.9143258333206177, "length": 3.9998974800109863, "mode": "train", "epoch": 39}
{"loss": 0.23548264801502228, "acc": 0.9119791388511658, "length": 4.0, "mode": "test", "epoch": 39}
{"loss": 0.22105976939201355, "acc": 0.915774405002594, "length": 3.9998910427093506, "mode": "train", "epoch": 40}
{"loss": 0.23252058029174805, "acc": 0.9128472805023193, "length": 4.0, "mode": "test", "epoch": 40}
{"loss": 0.21584004163742065, "acc": 0.916986882686615, "length": 3.9995131492614746, "mode": "train", "epoch": 41}
{"loss": 0.2323637455701828, "acc": 0.9164929986000061, "length": 4.0, "mode": "test", "epoch": 41}
{"loss": 0.21762579679489136, "acc": 0.9135134816169739, "length": 3.999917507171631, "mode": "train", "epoch": 42}
{"loss": 0.23732827603816986, "acc": 0.9135415554046631, "length": 4.0, "mode": "test", "epoch": 42}
{"loss": 0.21167884767055511, "acc": 0.9226003885269165, "length": 3.998842716217041, "mode": "train", "epoch": 43}
{"loss": 0.23493364453315735, "acc": 0.9166666865348816, "length": 4.0, "mode": "test", "epoch": 43}
{"loss": 0.2101067155599594, "acc": 0.9219046235084534, "length": 3.9991655349731445, "mode": "train", "epoch": 44}
{"loss": 0.22145919501781464, "acc": 0.9211806058883667, "length": 4.0, "mode": "test", "epoch": 44}
{"loss": 0.20886977016925812, "acc": 0.920356810092926, "length": 3.99985671043396, "mode": "train", "epoch": 45}
{"loss": 0.2298412322998047, "acc": 0.9159722924232483, "length": 4.0, "mode": "test", "epoch": 45}
{"loss": 0.20639333128929138, "acc": 0.9211711883544922, "length": 3.999979257583618, "mode": "train", "epoch": 46}
{"loss": 0.21425746381282806, "acc": 0.9267361164093018, "length": 4.0, "mode": "test", "epoch": 46}
{"loss": 0.20196622610092163, "acc": 0.9248834848403931, "length": 3.9999773502349854, "mode": "train", "epoch": 47}
{"loss": 0.22329412400722504, "acc": 0.9237847924232483, "length": 4.0, "mode": "test", "epoch": 47}
{"loss": 0.20699451863765717, "acc": 0.9228522777557373, "length": 3.999887228012085, "mode": "train", "epoch": 48}
{"loss": 0.22062496840953827, "acc": 0.9192707538604736, "length": 4.0, "mode": "test", "epoch": 48}
{"loss": 0.20817700028419495, "acc": 0.9242247343063354, "length": 3.998806953430176, "mode": "train", "epoch": 49}
{"loss": 0.21153953671455383, "acc": 0.9246528148651123, "length": 4.0, "mode": "test", "epoch": 49}
{"loss": 0.19843147695064545, "acc": 0.9267971515655518, "length": 3.9999544620513916, "mode": "train", "epoch": 50}
{"loss": 0.23321659862995148, "acc": 0.9190971851348877, "length": 4.0, "mode": "test", "epoch": 50}
{"loss": 0.19592350721359253, "acc": 0.9257538914680481, "length": 3.999995708465576, "mode": "train", "epoch": 51}
{"loss": 0.2206626981496811, "acc": 0.9249999523162842, "length": 4.0, "mode": "test", "epoch": 51}
{"loss": 0.20099999010562897, "acc": 0.9288281202316284, "length": 3.9999921321868896, "mode": "train", "epoch": 52}
{"loss": 0.22275173664093018, "acc": 0.9229167103767395, "length": 4.0, "mode": "test", "epoch": 52}
{"loss": 0.19578875601291656, "acc": 0.927726149559021, "length": 3.999992609024048, "mode": "train", "epoch": 53}
{"loss": 0.2197590321302414, "acc": 0.9236111044883728, "length": 4.0, "mode": "test", "epoch": 53}
{"loss": 0.19585172832012177, "acc": 0.9296362400054932, "length": 3.9998691082000732, "mode": "train", "epoch": 54}
{"loss": 0.20969107747077942, "acc": 0.9269096851348877, "length": 4.0, "mode": "test", "epoch": 54}
{"loss": 0.1953248828649521, "acc": 0.9308001399040222, "length": 3.9999892711639404, "mode": "train", "epoch": 55}
{"loss": 0.2133234590291977, "acc": 0.9269096851348877, "length": 4.0, "mode": "test", "epoch": 55}
{"loss": 0.19966737926006317, "acc": 0.9241878986358643, "length": 3.999994993209839, "mode": "train", "epoch": 56}
{"loss": 0.2458793669939041, "acc": 0.9185764789581299, "length": 4.0, "mode": "test", "epoch": 56}
{"loss": 0.20198482275009155, "acc": 0.9282463192939758, "length": 3.9999001026153564, "mode": "train", "epoch": 57}
{"loss": 0.23422959446907043, "acc": 0.9123263955116272, "length": 4.0, "mode": "test", "epoch": 57}
{"loss": 0.1994357407093048, "acc": 0.9287121891975403, "length": 3.999988079071045, "mode": "train", "epoch": 58}
{"loss": 0.23515522480010986, "acc": 0.9237847924232483, "length": 4.0, "mode": "test", "epoch": 58}
{"loss": 0.1938258856534958, "acc": 0.9283060431480408, "length": 3.9999959468841553, "mode": "train", "epoch": 59}
{"loss": 0.23556195199489594, "acc": 0.924479067325592, "length": 4.0, "mode": "test", "epoch": 59}
{"loss": 0.18673492968082428, "acc": 0.93479984998703, "length": 3.9998836517333984, "mode": "train", "epoch": 60}
{"loss": 0.22227223217487335, "acc": 0.9277777075767517, "length": 4.0, "mode": "test", "epoch": 60}
test accuracy: 0.7739654779434204
