# ["--attributes=5", "--values=16", "--game_size=10", "--vocab_size_factor=3", "--n_epochs=60", "--batch_size=64", "--learning_rate=0.001", "--hidden_size=256", "--temp_update=0.97", "--temperature=2"]
Creating train_ds and val_ds...

Creating test_ds...
{"loss": 0.7086018323898315, "acc": 0.49137911200523376, "length": 2.648206949234009, "mode": "train", "epoch": 1}
{"loss": 0.6982623934745789, "acc": 0.5012590289115906, "length": 1.0, "mode": "test", "epoch": 1}
{"loss": 0.6972211003303528, "acc": 0.5220447182655334, "length": 1.1925029754638672, "mode": "train", "epoch": 2}
{"loss": 0.6868568658828735, "acc": 0.5465826988220215, "length": 1.0, "mode": "test", "epoch": 2}
{"loss": 0.6838746070861816, "acc": 0.5650790929794312, "length": 1.5752484798431396, "mode": "train", "epoch": 3}
{"loss": 0.6342331767082214, "acc": 0.6335740089416504, "length": 2.5755395889282227, "mode": "test", "epoch": 3}
{"loss": 0.5968093276023865, "acc": 0.6860834360122681, "length": 2.720588445663452, "mode": "train", "epoch": 4}
{"loss": 0.5552513003349304, "acc": 0.7417917847633362, "length": 3.079136610031128, "mode": "test", "epoch": 4}
{"loss": 0.4902854859828949, "acc": 0.7649799585342407, "length": 3.174160957336426, "mode": "train", "epoch": 5}
{"loss": 0.5400441288948059, "acc": 0.7569692134857178, "length": 3.2194244861602783, "mode": "test", "epoch": 5}
{"loss": 0.441339910030365, "acc": 0.8036623001098633, "length": 3.367170810699463, "mode": "train", "epoch": 6}
{"loss": 0.5333871245384216, "acc": 0.7703901529312134, "length": 3.525179862976074, "mode": "test", "epoch": 6}
{"loss": 0.40926676988601685, "acc": 0.821956217288971, "length": 3.3209078311920166, "mode": "train", "epoch": 7}
{"loss": 0.4769588112831116, "acc": 0.783471405506134, "length": 3.2446043491363525, "mode": "test", "epoch": 7}
{"loss": 0.3751782774925232, "acc": 0.8362516164779663, "length": 3.289600133895874, "mode": "train", "epoch": 8}
{"loss": 0.4272986352443695, "acc": 0.8053945899009705, "length": 3.3093526363372803, "mode": "test", "epoch": 8}
{"loss": 0.33856701850891113, "acc": 0.8546721339225769, "length": 3.3371264934539795, "mode": "train", "epoch": 9}
{"loss": 0.3914692997932434, "acc": 0.8388718366622925, "length": 3.363309383392334, "mode": "test", "epoch": 9}
{"loss": 0.2920169532299042, "acc": 0.8802381753921509, "length": 3.4784469604492188, "mode": "train", "epoch": 10}
{"loss": 0.3542821407318115, "acc": 0.8464504480361938, "length": 3.5143885612487793, "mode": "test", "epoch": 10}
{"loss": 0.25411444902420044, "acc": 0.8979025483131409, "length": 3.7463057041168213, "mode": "train", "epoch": 11}
{"loss": 0.3577258884906769, "acc": 0.8589928150177002, "length": 4.0, "mode": "test", "epoch": 11}
{"loss": 0.2374066710472107, "acc": 0.9048442840576172, "length": 3.9168760776519775, "mode": "train", "epoch": 12}
{"loss": 0.30179715156555176, "acc": 0.8838129639625549, "length": 4.0, "mode": "test", "epoch": 12}
{"loss": 0.21887145936489105, "acc": 0.9169535040855408, "length": 3.960859537124634, "mode": "train", "epoch": 13}
{"loss": 0.29839062690734863, "acc": 0.8760791420936584, "length": 4.0, "mode": "test", "epoch": 13}
{"loss": 0.21004734933376312, "acc": 0.9166848063468933, "length": 3.976689338684082, "mode": "train", "epoch": 14}
{"loss": 0.27574512362480164, "acc": 0.893345296382904, "length": 4.0, "mode": "test", "epoch": 14}
{"loss": 0.20073561370372772, "acc": 0.9205420613288879, "length": 3.9800987243652344, "mode": "train", "epoch": 15}
{"loss": 0.29088667035102844, "acc": 0.8924458622932434, "length": 4.0, "mode": "test", "epoch": 15}
{"loss": 0.1820145845413208, "acc": 0.93131422996521, "length": 3.9859859943389893, "mode": "train", "epoch": 16}
{"loss": 0.24521870911121368, "acc": 0.9035970568656921, "length": 4.0, "mode": "test", "epoch": 16}
{"loss": 0.16824756562709808, "acc": 0.9382508993148804, "length": 3.994163990020752, "mode": "train", "epoch": 17}
{"loss": 0.23787811398506165, "acc": 0.8958632946014404, "length": 4.0, "mode": "test", "epoch": 17}
{"loss": 0.16082783043384552, "acc": 0.9379184246063232, "length": 3.9934017658233643, "mode": "train", "epoch": 18}
{"loss": 0.2243988960981369, "acc": 0.9142087697982788, "length": 4.0, "mode": "test", "epoch": 18}
{"loss": 0.14945769309997559, "acc": 0.9445005655288696, "length": 3.994745969772339, "mode": "train", "epoch": 19}
{"loss": 0.20967908203601837, "acc": 0.9206834435462952, "length": 4.0, "mode": "test", "epoch": 19}
{"loss": 0.13835884630680084, "acc": 0.9496581554412842, "length": 3.9952280521392822, "mode": "train", "epoch": 20}
{"loss": 0.20334549248218536, "acc": 0.9269784688949585, "length": 4.0, "mode": "test", "epoch": 20}
{"loss": 0.13192221522331238, "acc": 0.9516934752464294, "length": 3.9973020553588867, "mode": "train", "epoch": 21}
{"loss": 0.1906723976135254, "acc": 0.9347122311592102, "length": 4.0, "mode": "test", "epoch": 21}
{"loss": 0.12287385761737823, "acc": 0.9547131061553955, "length": 3.997791051864624, "mode": "train", "epoch": 22}
{"loss": 0.20631444454193115, "acc": 0.9287769198417664, "length": 4.0, "mode": "test", "epoch": 22}
{"loss": 0.1206139549612999, "acc": 0.9571189880371094, "length": 3.997999429702759, "mode": "train", "epoch": 23}
{"loss": 0.1690337210893631, "acc": 0.938309371471405, "length": 4.0, "mode": "test", "epoch": 23}
{"loss": 0.11470776796340942, "acc": 0.9615065455436707, "length": 3.998745918273926, "mode": "train", "epoch": 24}
{"loss": 0.20206820964813232, "acc": 0.9321941137313843, "length": 4.0, "mode": "test", "epoch": 24}
{"loss": 0.11278043687343597, "acc": 0.9579342603683472, "length": 3.998162269592285, "mode": "train", "epoch": 25}
{"loss": 0.17610426247119904, "acc": 0.9386690855026245, "length": 4.0, "mode": "test", "epoch": 25}
{"loss": 0.1082705408334732, "acc": 0.9636793732643127, "length": 3.99892258644104, "mode": "train", "epoch": 26}
{"loss": 0.1805676519870758, "acc": 0.9392087459564209, "length": 4.0, "mode": "test", "epoch": 26}
{"loss": 0.11426320672035217, "acc": 0.9589837193489075, "length": 3.9985463619232178, "mode": "train", "epoch": 27}
{"loss": 0.19788138568401337, "acc": 0.9314747452735901, "length": 4.0, "mode": "test", "epoch": 27}
{"loss": 0.11041190475225449, "acc": 0.9603878855705261, "length": 3.9995431900024414, "mode": "train", "epoch": 28}
{"loss": 0.18859060108661652, "acc": 0.932913601398468, "length": 4.0, "mode": "test", "epoch": 28}
{"loss": 0.09988422691822052, "acc": 0.9665095806121826, "length": 3.9994044303894043, "mode": "train", "epoch": 29}
{"loss": 0.16616515815258026, "acc": 0.9453239440917969, "length": 4.0, "mode": "test", "epoch": 29}
{"loss": 0.09962442517280579, "acc": 0.9669377207756042, "length": 3.9993748664855957, "mode": "train", "epoch": 30}
{"loss": 0.17004278302192688, "acc": 0.9447840452194214, "length": 4.0, "mode": "test", "epoch": 30}
{"loss": 0.1017194539308548, "acc": 0.9640481472015381, "length": 3.9993324279785156, "mode": "train", "epoch": 31}
{"loss": 0.16566337645053864, "acc": 0.9453237056732178, "length": 4.0, "mode": "test", "epoch": 31}
{"loss": 0.09735895693302155, "acc": 0.9646019339561462, "length": 3.999929904937744, "mode": "train", "epoch": 32}
{"loss": 0.17384649813175201, "acc": 0.9447841644287109, "length": 4.0, "mode": "test", "epoch": 32}
{"loss": 0.09791432321071625, "acc": 0.9649592041969299, "length": 3.9997739791870117, "mode": "train", "epoch": 33}
{"loss": 0.1649046689271927, "acc": 0.946402907371521, "length": 4.0, "mode": "test", "epoch": 33}
{"loss": 0.1062927171587944, "acc": 0.9609912037849426, "length": 3.9967308044433594, "mode": "train", "epoch": 34}
{"loss": 0.14902357757091522, "acc": 0.9471222758293152, "length": 4.0, "mode": "test", "epoch": 34}
{"loss": 0.09984296560287476, "acc": 0.964893639087677, "length": 3.9995951652526855, "mode": "train", "epoch": 35}
{"loss": 0.15902626514434814, "acc": 0.9507193565368652, "length": 4.0, "mode": "test", "epoch": 35}
{"loss": 0.09951847046613693, "acc": 0.9638874530792236, "length": 3.9981179237365723, "mode": "train", "epoch": 36}
{"loss": 0.16860678791999817, "acc": 0.9482014775276184, "length": 4.0, "mode": "test", "epoch": 36}
{"loss": 0.09232138097286224, "acc": 0.9692215323448181, "length": 3.9995508193969727, "mode": "train", "epoch": 37}
{"loss": 0.2013089656829834, "acc": 0.9314748644828796, "length": 4.0, "mode": "test", "epoch": 37}
{"loss": 0.098292775452137, "acc": 0.965023934841156, "length": 3.9999897480010986, "mode": "train", "epoch": 38}
{"loss": 0.18896518647670746, "acc": 0.9451438784599304, "length": 4.0, "mode": "test", "epoch": 38}
{"loss": 0.09874548763036728, "acc": 0.9686294794082642, "length": 3.9999799728393555, "mode": "train", "epoch": 39}
{"loss": 0.18691404163837433, "acc": 0.942086398601532, "length": 4.0, "mode": "test", "epoch": 39}
{"loss": 0.09995808452367783, "acc": 0.9674879312515259, "length": 3.999990224838257, "mode": "train", "epoch": 40}
{"loss": 0.2384873479604721, "acc": 0.9296762943267822, "length": 4.0, "mode": "test", "epoch": 40}
{"loss": 0.1021672710776329, "acc": 0.9629204273223877, "length": 3.9999215602874756, "mode": "train", "epoch": 41}
{"loss": 0.19147570431232452, "acc": 0.9341725707054138, "length": 4.0, "mode": "test", "epoch": 41}
{"loss": 0.10131853818893433, "acc": 0.9658650159835815, "length": 3.9999704360961914, "mode": "train", "epoch": 42}
{"loss": 0.16704843938350677, "acc": 0.9404676556587219, "length": 4.0, "mode": "test", "epoch": 42}
{"loss": 0.09712763130664825, "acc": 0.9685091376304626, "length": 3.999969482421875, "mode": "train", "epoch": 43}
{"loss": 0.1638069599866867, "acc": 0.9485611915588379, "length": 4.0, "mode": "test", "epoch": 43}
{"loss": 0.08897962421178818, "acc": 0.9696887731552124, "length": 3.999040365219116, "mode": "train", "epoch": 44}
{"loss": 0.22284387052059174, "acc": 0.9356115460395813, "length": 4.0, "mode": "test", "epoch": 44}
{"loss": 0.08802206814289093, "acc": 0.9698315858840942, "length": 3.9999890327453613, "mode": "train", "epoch": 45}
{"loss": 0.15177702903747559, "acc": 0.9517984986305237, "length": 4.0, "mode": "test", "epoch": 45}
{"loss": 0.11687730252742767, "acc": 0.962499737739563, "length": 3.9999876022338867, "mode": "train", "epoch": 46}
{"loss": 0.19673219323158264, "acc": 0.9329137206077576, "length": 4.0, "mode": "test", "epoch": 46}
{"loss": 0.11769979447126389, "acc": 0.9564269185066223, "length": 3.999659299850464, "mode": "train", "epoch": 47}
{"loss": 0.18382702767848969, "acc": 0.9464027881622314, "length": 4.0, "mode": "test", "epoch": 47}
{"loss": 0.12175505608320236, "acc": 0.9590073227882385, "length": 3.9997406005859375, "mode": "train", "epoch": 48}
{"loss": 0.16113941371440887, "acc": 0.9476616978645325, "length": 4.0, "mode": "test", "epoch": 48}
{"loss": 0.09612324088811874, "acc": 0.9617787599563599, "length": 3.999980926513672, "mode": "train", "epoch": 49}
{"loss": 0.15654122829437256, "acc": 0.948381245136261, "length": 4.0, "mode": "test", "epoch": 49}
{"loss": 0.07881016284227371, "acc": 0.9723552465438843, "length": 3.999969005584717, "mode": "train", "epoch": 50}
{"loss": 0.18451933562755585, "acc": 0.9453239440917969, "length": 4.0, "mode": "test", "epoch": 50}
{"loss": 0.09271609783172607, "acc": 0.9659863710403442, "length": 3.9999136924743652, "mode": "train", "epoch": 51}
{"loss": 0.1537330597639084, "acc": 0.9446044564247131, "length": 4.0, "mode": "test", "epoch": 51}
{"loss": 0.0815557911992073, "acc": 0.9740979075431824, "length": 3.999969005584717, "mode": "train", "epoch": 52}
{"loss": 0.13296057283878326, "acc": 0.9528775811195374, "length": 4.0, "mode": "test", "epoch": 52}
{"loss": 0.07208036631345749, "acc": 0.9751802682876587, "length": 3.999999523162842, "mode": "train", "epoch": 53}
{"loss": 0.14258985221385956, "acc": 0.9528777003288269, "length": 4.0, "mode": "test", "epoch": 53}
{"loss": 0.08772221952676773, "acc": 0.9698315858840942, "length": 3.9999895095825195, "mode": "train", "epoch": 54}
{"loss": 0.16251328587532043, "acc": 0.9453237056732178, "length": 4.0, "mode": "test", "epoch": 54}
{"loss": 0.08658912777900696, "acc": 0.9706729054450989, "length": 3.999994993209839, "mode": "train", "epoch": 55}
{"loss": 0.15647417306900024, "acc": 0.9491004943847656, "length": 4.0, "mode": "test", "epoch": 55}
{"loss": 0.07834568619728088, "acc": 0.9711538553237915, "length": 3.999999523162842, "mode": "train", "epoch": 56}
{"loss": 0.1436115950345993, "acc": 0.9553958177566528, "length": 4.0, "mode": "test", "epoch": 56}
{"loss": 0.07895942032337189, "acc": 0.9737372994422913, "length": 3.999971866607666, "mode": "train", "epoch": 57}
{"loss": 0.13730613887310028, "acc": 0.9528777003288269, "length": 4.0, "mode": "test", "epoch": 57}
{"loss": 0.06687494367361069, "acc": 0.9769830107688904, "length": 3.999988317489624, "mode": "train", "epoch": 58}
{"loss": 0.1271122545003891, "acc": 0.9613308310508728, "length": 4.0, "mode": "test", "epoch": 58}
{"loss": 0.054177042096853256, "acc": 0.9821510910987854, "length": 3.9999911785125732, "mode": "train", "epoch": 59}
{"loss": 0.1463361382484436, "acc": 0.9552158117294312, "length": 4.0, "mode": "test", "epoch": 59}
{"loss": 0.055404748767614365, "acc": 0.9795042276382446, "length": 3.999802827835083, "mode": "train", "epoch": 60}
{"loss": 0.1375669687986374, "acc": 0.9564749002456665, "length": 4.0, "mode": "test", "epoch": 60}
test accuracy: 0.8443940281867981
