# ["--attributes=5", "--values=16", "--game_size=10", "--vocab_size_factor=3", "--n_epochs=60", "--batch_size=64", "--learning_rate=0.001", "--hidden_size=256", "--temp_update=0.99", "--temperature=1"]
Creating train_ds and val_ds...

Creating test_ds...
{"loss": 0.7105308175086975, "acc": 0.49860280752182007, "length": 2.334674596786499, "mode": "train", "epoch": 1}
{"loss": 0.6940099000930786, "acc": 0.4957045316696167, "length": 1.0, "mode": "test", "epoch": 1}
{"loss": 0.6934540867805481, "acc": 0.5107777714729309, "length": 1.0491971969604492, "mode": "train", "epoch": 2}
{"loss": 0.6499961614608765, "acc": 0.6378000974655151, "length": 1.7319587469100952, "mode": "test", "epoch": 2}
{"loss": 0.6211885213851929, "acc": 0.6663087606430054, "length": 2.0186574459075928, "mode": "train", "epoch": 3}
{"loss": 0.5629281997680664, "acc": 0.7225819826126099, "length": 2.4432990550994873, "mode": "test", "epoch": 3}
{"loss": 0.5850987434387207, "acc": 0.6940385699272156, "length": 2.153120756149292, "mode": "train", "epoch": 4}
{"loss": 0.5566602945327759, "acc": 0.7249535918235779, "length": 2.3195877075195312, "mode": "test", "epoch": 4}
{"loss": 0.5672427415847778, "acc": 0.7060936093330383, "length": 2.4268791675567627, "mode": "train", "epoch": 5}
{"loss": 0.5246071219444275, "acc": 0.738507091999054, "length": 2.6082475185394287, "mode": "test", "epoch": 5}
{"loss": 0.5144416093826294, "acc": 0.7703232169151306, "length": 2.8846616744995117, "mode": "train", "epoch": 6}
{"loss": 0.4384676516056061, "acc": 0.818427324295044, "length": 3.123711347579956, "mode": "test", "epoch": 6}
{"loss": 0.4377368688583374, "acc": 0.8095769286155701, "length": 3.137040376663208, "mode": "train", "epoch": 7}
{"loss": 0.39497673511505127, "acc": 0.8391968607902527, "length": 3.15463924407959, "mode": "test", "epoch": 7}
{"loss": 0.4022601246833801, "acc": 0.8214886784553528, "length": 3.151592493057251, "mode": "train", "epoch": 8}
{"loss": 0.3766411244869232, "acc": 0.8398951292037964, "length": 3.1855669021606445, "mode": "test", "epoch": 8}
{"loss": 0.3668217957019806, "acc": 0.8446788787841797, "length": 3.155942678451538, "mode": "train", "epoch": 9}
{"loss": 0.3487926423549652, "acc": 0.8631932139396667, "length": 3.144329786300659, "mode": "test", "epoch": 9}
{"loss": 0.3274049162864685, "acc": 0.8718831539154053, "length": 3.1558268070220947, "mode": "train", "epoch": 10}
{"loss": 0.33843329548835754, "acc": 0.8753517866134644, "length": 3.1855669021606445, "mode": "test", "epoch": 10}
{"loss": 0.30485638976097107, "acc": 0.8798378705978394, "length": 3.221158266067505, "mode": "train", "epoch": 11}
{"loss": 0.29795172810554504, "acc": 0.8887453675270081, "length": 3.144329786300659, "mode": "test", "epoch": 11}
{"loss": 0.28860896825790405, "acc": 0.8875649571418762, "length": 3.165362596511841, "mode": "train", "epoch": 12}
{"loss": 0.30099964141845703, "acc": 0.8903012871742249, "length": 3.2061855792999268, "mode": "test", "epoch": 12}
{"loss": 0.2792275846004486, "acc": 0.8940638899803162, "length": 3.238757371902466, "mode": "train", "epoch": 13}
{"loss": 0.30801060795783997, "acc": 0.8809807896614075, "length": 3.175257682800293, "mode": "test", "epoch": 13}
{"loss": 0.27549272775650024, "acc": 0.8935602307319641, "length": 3.2567555904388428, "mode": "train", "epoch": 14}
{"loss": 0.28299543261528015, "acc": 0.8912535905838013, "length": 3.175257682800293, "mode": "test", "epoch": 14}
{"loss": 0.26011037826538086, "acc": 0.9011178612709045, "length": 3.28935170173645, "mode": "train", "epoch": 15}
{"loss": 0.27941370010375977, "acc": 0.8993383646011353, "length": 3.2886598110198975, "mode": "test", "epoch": 15}
{"loss": 0.25533270835876465, "acc": 0.9061271548271179, "length": 3.6478159427642822, "mode": "train", "epoch": 16}
{"loss": 0.2623614966869354, "acc": 0.9113422632217407, "length": 3.979381561279297, "mode": "test", "epoch": 16}
{"loss": 0.2314939796924591, "acc": 0.9171425104141235, "length": 3.9637367725372314, "mode": "train", "epoch": 17}
{"loss": 0.2386137992143631, "acc": 0.9245703816413879, "length": 4.0, "mode": "test", "epoch": 17}
{"loss": 0.2198881059885025, "acc": 0.9222495555877686, "length": 3.993091106414795, "mode": "train", "epoch": 18}
{"loss": 0.24953030049800873, "acc": 0.9204466342926025, "length": 4.0, "mode": "test", "epoch": 18}
{"loss": 0.21723096072673798, "acc": 0.9207770824432373, "length": 3.992015838623047, "mode": "train", "epoch": 19}
{"loss": 0.22856655716896057, "acc": 0.92542964220047, "length": 4.0, "mode": "test", "epoch": 19}
{"loss": 0.2114655077457428, "acc": 0.9207252860069275, "length": 3.9967763423919678, "mode": "train", "epoch": 20}
{"loss": 0.23060844838619232, "acc": 0.9293813705444336, "length": 4.0, "mode": "test", "epoch": 20}
{"loss": 0.21357516944408417, "acc": 0.9194970726966858, "length": 3.996293783187866, "mode": "train", "epoch": 21}
{"loss": 0.21284008026123047, "acc": 0.9230241775512695, "length": 4.0, "mode": "test", "epoch": 21}
{"loss": 0.19771061837673187, "acc": 0.9232151508331299, "length": 3.9976072311401367, "mode": "train", "epoch": 22}
{"loss": 0.21749043464660645, "acc": 0.9271477460861206, "length": 4.0, "mode": "test", "epoch": 22}
{"loss": 0.1867983043193817, "acc": 0.931107223033905, "length": 3.99883770942688, "mode": "train", "epoch": 23}
{"loss": 0.20590214431285858, "acc": 0.9231957793235779, "length": 4.0, "mode": "test", "epoch": 23}
{"loss": 0.18039189279079437, "acc": 0.9332453608512878, "length": 3.995974063873291, "mode": "train", "epoch": 24}
{"loss": 0.18998222053050995, "acc": 0.9386597871780396, "length": 4.0, "mode": "test", "epoch": 24}
{"loss": 0.1714446246623993, "acc": 0.9361809492111206, "length": 3.9993414878845215, "mode": "train", "epoch": 25}
{"loss": 0.19475024938583374, "acc": 0.9310997128486633, "length": 4.0, "mode": "test", "epoch": 25}
{"loss": 0.17167969048023224, "acc": 0.9359572529792786, "length": 3.999723434448242, "mode": "train", "epoch": 26}
{"loss": 0.18974514305591583, "acc": 0.9333332777023315, "length": 4.0, "mode": "test", "epoch": 26}
{"loss": 0.15953370928764343, "acc": 0.9418991208076477, "length": 3.997457504272461, "mode": "train", "epoch": 27}
{"loss": 0.19261802732944489, "acc": 0.9323023557662964, "length": 4.0, "mode": "test", "epoch": 27}
{"loss": 0.15749548375606537, "acc": 0.943531334400177, "length": 3.998473644256592, "mode": "train", "epoch": 28}
{"loss": 0.19637444615364075, "acc": 0.9340207576751709, "length": 4.0, "mode": "test", "epoch": 28}
{"loss": 0.15972033143043518, "acc": 0.9405387043952942, "length": 3.9988696575164795, "mode": "train", "epoch": 29}
{"loss": 0.19002120196819305, "acc": 0.9360824823379517, "length": 4.0, "mode": "test", "epoch": 29}
{"loss": 0.15654106438159943, "acc": 0.943164050579071, "length": 3.9975202083587646, "mode": "train", "epoch": 30}
{"loss": 0.18380963802337646, "acc": 0.9379724264144897, "length": 4.0, "mode": "test", "epoch": 30}
{"loss": 0.1465136557817459, "acc": 0.9485468864440918, "length": 3.998138427734375, "mode": "train", "epoch": 31}
{"loss": 0.19907638430595398, "acc": 0.9364259839057922, "length": 4.0, "mode": "test", "epoch": 31}
{"loss": 0.14795789122581482, "acc": 0.9506517052650452, "length": 3.9985456466674805, "mode": "train", "epoch": 32}
{"loss": 0.18580232560634613, "acc": 0.9408934116363525, "length": 4.0, "mode": "test", "epoch": 32}
{"loss": 0.143461212515831, "acc": 0.9491817951202393, "length": 3.9994187355041504, "mode": "train", "epoch": 33}
{"loss": 0.18509359657764435, "acc": 0.9367699027061462, "length": 4.0, "mode": "test", "epoch": 33}
{"loss": 0.13456928730010986, "acc": 0.9547696709632874, "length": 3.9997856616973877, "mode": "train", "epoch": 34}
{"loss": 0.17575256526470184, "acc": 0.9445017576217651, "length": 4.0, "mode": "test", "epoch": 34}
{"loss": 0.13691197335720062, "acc": 0.9553084969520569, "length": 3.997556447982788, "mode": "train", "epoch": 35}
{"loss": 0.16936808824539185, "acc": 0.9484537243843079, "length": 4.0, "mode": "test", "epoch": 35}
{"loss": 0.12594930827617645, "acc": 0.958615779876709, "length": 3.9987289905548096, "mode": "train", "epoch": 36}
{"loss": 0.1763814240694046, "acc": 0.947079062461853, "length": 4.0, "mode": "test", "epoch": 36}
{"loss": 0.1351393312215805, "acc": 0.9548888802528381, "length": 3.9998855590820312, "mode": "train", "epoch": 37}
{"loss": 0.15489701926708221, "acc": 0.94587641954422, "length": 4.0, "mode": "test", "epoch": 37}
{"loss": 0.13300250470638275, "acc": 0.9570102691650391, "length": 3.998901605606079, "mode": "train", "epoch": 38}
{"loss": 0.15983597934246063, "acc": 0.9446735382080078, "length": 4.0, "mode": "test", "epoch": 38}
{"loss": 0.13455532491207123, "acc": 0.9554999470710754, "length": 3.9994146823883057, "mode": "train", "epoch": 39}
{"loss": 0.1738273948431015, "acc": 0.9417526125907898, "length": 4.0, "mode": "test", "epoch": 39}
{"loss": 0.1278364658355713, "acc": 0.9566123485565186, "length": 3.9997239112854004, "mode": "train", "epoch": 40}
{"loss": 0.17855072021484375, "acc": 0.9427836537361145, "length": 4.0, "mode": "test", "epoch": 40}
{"loss": 0.12400243431329727, "acc": 0.954532265663147, "length": 3.9994537830352783, "mode": "train", "epoch": 41}
{"loss": 0.16773653030395508, "acc": 0.9515464901924133, "length": 4.0, "mode": "test", "epoch": 41}
{"loss": 0.1430937945842743, "acc": 0.9518965482711792, "length": 3.9998161792755127, "mode": "train", "epoch": 42}
{"loss": 0.197315976023674, "acc": 0.9415805339813232, "length": 4.0, "mode": "test", "epoch": 42}
{"loss": 0.14952276647090912, "acc": 0.9496508240699768, "length": 3.99980092048645, "mode": "train", "epoch": 43}
{"loss": 0.176361545920372, "acc": 0.9501718282699585, "length": 4.0, "mode": "test", "epoch": 43}
{"loss": 0.1357380598783493, "acc": 0.9586216807365417, "length": 3.9996204376220703, "mode": "train", "epoch": 44}
{"loss": 0.17181797325611115, "acc": 0.9479382634162903, "length": 4.0, "mode": "test", "epoch": 44}
{"loss": 0.12153793126344681, "acc": 0.9604337215423584, "length": 3.9967563152313232, "mode": "train", "epoch": 45}
{"loss": 0.15452495217323303, "acc": 0.953951895236969, "length": 4.0, "mode": "test", "epoch": 45}
{"loss": 0.11219309270381927, "acc": 0.962533712387085, "length": 3.99928617477417, "mode": "train", "epoch": 46}
{"loss": 0.1643211543560028, "acc": 0.9515462517738342, "length": 4.0, "mode": "test", "epoch": 46}
{"loss": 0.11245429515838623, "acc": 0.9608720541000366, "length": 3.999850034713745, "mode": "train", "epoch": 47}
{"loss": 0.16011229157447815, "acc": 0.9503436088562012, "length": 4.0, "mode": "test", "epoch": 47}
{"loss": 0.10811711847782135, "acc": 0.9633474349975586, "length": 3.999937057495117, "mode": "train", "epoch": 48}
{"loss": 0.16277152299880981, "acc": 0.9457045197486877, "length": 4.0, "mode": "test", "epoch": 48}
{"loss": 0.10749578475952148, "acc": 0.9649020433425903, "length": 3.999986410140991, "mode": "train", "epoch": 49}
{"loss": 0.16814632713794708, "acc": 0.9489690661430359, "length": 4.0, "mode": "test", "epoch": 49}
{"loss": 0.10736283659934998, "acc": 0.965419590473175, "length": 3.9999778270721436, "mode": "train", "epoch": 50}
{"loss": 0.16516461968421936, "acc": 0.9499999284744263, "length": 4.0, "mode": "test", "epoch": 50}
{"loss": 0.1027667373418808, "acc": 0.9654195308685303, "length": 3.999979257583618, "mode": "train", "epoch": 51}
{"loss": 0.16052566468715668, "acc": 0.9451889395713806, "length": 4.0, "mode": "test", "epoch": 51}
{"loss": 0.10321935266256332, "acc": 0.9650166630744934, "length": 3.9999730587005615, "mode": "train", "epoch": 52}
{"loss": 0.15842954814434052, "acc": 0.9512028098106384, "length": 4.0, "mode": "test", "epoch": 52}
{"loss": 0.10036281496286392, "acc": 0.9683122634887695, "length": 3.9964747428894043, "mode": "train", "epoch": 53}
{"loss": 0.17385004460811615, "acc": 0.9520618915557861, "length": 4.0, "mode": "test", "epoch": 53}
{"loss": 0.09506773203611374, "acc": 0.9678861498832703, "length": 3.999549388885498, "mode": "train", "epoch": 54}
{"loss": 0.17727357149124146, "acc": 0.9513744711875916, "length": 4.0, "mode": "test", "epoch": 54}
{"loss": 0.09560101479291916, "acc": 0.9686995148658752, "length": 3.9999923706054688, "mode": "train", "epoch": 55}
{"loss": 0.1794511377811432, "acc": 0.9505153894424438, "length": 4.0, "mode": "test", "epoch": 55}
{"loss": 0.10372164845466614, "acc": 0.9657076597213745, "length": 3.9999847412109375, "mode": "train", "epoch": 56}
{"loss": 0.16002939641475677, "acc": 0.9517181515693665, "length": 4.0, "mode": "test", "epoch": 56}
{"loss": 0.11483926326036453, "acc": 0.9596640467643738, "length": 3.999798059463501, "mode": "train", "epoch": 57}
{"loss": 0.19393649697303772, "acc": 0.9489691853523254, "length": 4.0, "mode": "test", "epoch": 57}
{"loss": 0.13025321066379547, "acc": 0.9544298052787781, "length": 3.999955654144287, "mode": "train", "epoch": 58}
{"loss": 0.18337535858154297, "acc": 0.9439862966537476, "length": 4.0, "mode": "test", "epoch": 58}
{"loss": 0.14480356872081757, "acc": 0.9508625268936157, "length": 3.9999732971191406, "mode": "train", "epoch": 59}
{"loss": 0.2116580307483673, "acc": 0.9390034079551697, "length": 4.0, "mode": "test", "epoch": 59}
{"loss": 0.1288231909275055, "acc": 0.9582711458206177, "length": 3.998887777328491, "mode": "train", "epoch": 60}
{"loss": 0.17507044970989227, "acc": 0.9515464901924133, "length": 4.0, "mode": "test", "epoch": 60}
test accuracy: 0.8078570365905762
