# ["--attributes=5", "--values=16", "--game_size=10", "--vocab_size_factor=3", "--n_epochs=60", "--batch_size=64", "--learning_rate=0.001", "--hidden_size=256", "--temp_update=0.99", "--temperature=1.5"]
Creating train_ds and val_ds...

Creating test_ds...
{"loss": 0.7119972705841064, "acc": 0.5214512348175049, "length": 2.5024149417877197, "mode": "train", "epoch": 1}
{"loss": 0.6905506253242493, "acc": 0.554063618183136, "length": 1.0, "mode": "test", "epoch": 1}
{"loss": 0.6941369771957397, "acc": 0.5231494307518005, "length": 1.0211758613586426, "mode": "train", "epoch": 2}
{"loss": 0.6876820921897888, "acc": 0.5409893989562988, "length": 1.0, "mode": "test", "epoch": 2}
{"loss": 0.6926721930503845, "acc": 0.5159010887145996, "length": 1.0052231550216675, "mode": "train", "epoch": 3}
{"loss": 0.6891166567802429, "acc": 0.5312721133232117, "length": 1.0, "mode": "test", "epoch": 3}
{"loss": 0.6942848563194275, "acc": 0.5052298307418823, "length": 1.0040446519851685, "mode": "train", "epoch": 4}
{"loss": 0.6872510313987732, "acc": 0.5381625890731812, "length": 1.0, "mode": "test", "epoch": 4}
{"loss": 0.6938172578811646, "acc": 0.5169928669929504, "length": 1.0051006078720093, "mode": "train", "epoch": 5}
{"loss": 0.6880084872245789, "acc": 0.5404593348503113, "length": 1.0, "mode": "test", "epoch": 5}
{"loss": 0.6920081377029419, "acc": 0.5259050726890564, "length": 1.0094058513641357, "mode": "train", "epoch": 6}
{"loss": 0.6871060729026794, "acc": 0.5482332110404968, "length": 1.0, "mode": "test", "epoch": 6}
{"loss": 0.6817962527275085, "acc": 0.5640774965286255, "length": 1.3647469282150269, "mode": "train", "epoch": 7}
{"loss": 0.6333064436912537, "acc": 0.6954361796379089, "length": 2.247349739074707, "mode": "test", "epoch": 7}
{"loss": 0.5918110609054565, "acc": 0.685904860496521, "length": 2.70947527885437, "mode": "train", "epoch": 8}
{"loss": 0.5573554039001465, "acc": 0.7078370451927185, "length": 2.939929246902466, "mode": "test", "epoch": 8}
{"loss": 0.49055108428001404, "acc": 0.7584542036056519, "length": 3.1306023597717285, "mode": "train", "epoch": 9}
{"loss": 0.4859583079814911, "acc": 0.7972043752670288, "length": 3.173144817352295, "mode": "test", "epoch": 9}
{"loss": 0.4386139512062073, "acc": 0.8124731779098511, "length": 3.298051357269287, "mode": "train", "epoch": 10}
{"loss": 0.4573462903499603, "acc": 0.8018179535865784, "length": 3.332155466079712, "mode": "test", "epoch": 10}
{"loss": 0.40365883708000183, "acc": 0.8285942673683167, "length": 3.248167037963867, "mode": "train", "epoch": 11}
{"loss": 0.4380511939525604, "acc": 0.8224886655807495, "length": 3.289752721786499, "mode": "test", "epoch": 11}
{"loss": 0.3863542377948761, "acc": 0.8350437879562378, "length": 3.2269835472106934, "mode": "train", "epoch": 12}
{"loss": 0.434663861989975, "acc": 0.8193833827972412, "length": 3.3109540939331055, "mode": "test", "epoch": 12}
{"loss": 0.369450181722641, "acc": 0.8393968939781189, "length": 3.237523078918457, "mode": "train", "epoch": 13}
{"loss": 0.4109223484992981, "acc": 0.8410855531692505, "length": 3.3533568382263184, "mode": "test", "epoch": 13}
{"loss": 0.34940439462661743, "acc": 0.8540652990341187, "length": 3.3323793411254883, "mode": "train", "epoch": 14}
{"loss": 0.4159243702888489, "acc": 0.8262324929237366, "length": 3.406360387802124, "mode": "test", "epoch": 14}
{"loss": 0.31928619742393494, "acc": 0.8696531653404236, "length": 3.4859189987182617, "mode": "train", "epoch": 15}
{"loss": 0.39520761370658875, "acc": 0.8514254093170166, "length": 3.575971841812134, "mode": "test", "epoch": 15}
{"loss": 0.29790741205215454, "acc": 0.8779837489128113, "length": 3.550607681274414, "mode": "train", "epoch": 16}
{"loss": 0.40864068269729614, "acc": 0.8454009294509888, "length": 3.6607773303985596, "mode": "test", "epoch": 16}
{"loss": 0.27840858697891235, "acc": 0.8882624506950378, "length": 3.623731851577759, "mode": "train", "epoch": 17}
{"loss": 0.3258565068244934, "acc": 0.8696334958076477, "length": 3.7137808799743652, "mode": "test", "epoch": 17}
{"loss": 0.25882941484451294, "acc": 0.8959174156188965, "length": 3.6475186347961426, "mode": "train", "epoch": 18}
{"loss": 0.35331249237060547, "acc": 0.8699157238006592, "length": 3.8798587322235107, "mode": "test", "epoch": 18}
{"loss": 0.25770485401153564, "acc": 0.8965824246406555, "length": 3.68530011177063, "mode": "train", "epoch": 19}
{"loss": 0.31948480010032654, "acc": 0.8775774240493774, "length": 3.8162543773651123, "mode": "test", "epoch": 19}
{"loss": 0.23048651218414307, "acc": 0.9051211476325989, "length": 3.694704055786133, "mode": "train", "epoch": 20}
{"loss": 0.26431700587272644, "acc": 0.8979114890098572, "length": 3.8445229530334473, "mode": "test", "epoch": 20}
{"loss": 0.2155962884426117, "acc": 0.9159146547317505, "length": 3.7691009044647217, "mode": "train", "epoch": 21}
{"loss": 0.2773536145687103, "acc": 0.9006418585777283, "length": 3.8303887844085693, "mode": "test", "epoch": 21}
{"loss": 0.19741638004779816, "acc": 0.9201249480247498, "length": 3.7548608779907227, "mode": "train", "epoch": 22}
{"loss": 0.24146668612957, "acc": 0.9054429531097412, "length": 3.8197879791259766, "mode": "test", "epoch": 22}
{"loss": 0.17531712353229523, "acc": 0.9302313327789307, "length": 3.747079849243164, "mode": "train", "epoch": 23}
{"loss": 0.22129963338375092, "acc": 0.9120824337005615, "length": 3.7349822521209717, "mode": "test", "epoch": 23}
{"loss": 0.15315550565719604, "acc": 0.9404793977737427, "length": 3.78106951713562, "mode": "train", "epoch": 24}
{"loss": 0.20873355865478516, "acc": 0.928128182888031, "length": 3.9045937061309814, "mode": "test", "epoch": 24}
{"loss": 0.13526161015033722, "acc": 0.9453414678573608, "length": 3.862560272216797, "mode": "train", "epoch": 25}
{"loss": 0.20664112269878387, "acc": 0.9340603351593018, "length": 3.8939929008483887, "mode": "test", "epoch": 25}
{"loss": 0.1279323250055313, "acc": 0.9506118297576904, "length": 3.8324785232543945, "mode": "train", "epoch": 26}
{"loss": 0.21101966500282288, "acc": 0.9317856431007385, "length": 3.9045937061309814, "mode": "test", "epoch": 26}
{"loss": 0.1367623507976532, "acc": 0.9485015273094177, "length": 3.8815488815307617, "mode": "train", "epoch": 27}
{"loss": 0.20210866630077362, "acc": 0.9282359480857849, "length": 3.94346284866333, "mode": "test", "epoch": 27}
{"loss": 0.11443506181240082, "acc": 0.9562885761260986, "length": 3.8410773277282715, "mode": "train", "epoch": 28}
{"loss": 0.189181849360466, "acc": 0.9346162676811218, "length": 3.94346284866333, "mode": "test", "epoch": 28}
{"loss": 0.1059638112783432, "acc": 0.9614530205726624, "length": 3.889071464538574, "mode": "train", "epoch": 29}
{"loss": 0.1891099214553833, "acc": 0.9352192878723145, "length": 3.929328680038452, "mode": "test", "epoch": 29}
{"loss": 0.09828967601060867, "acc": 0.9614015817642212, "length": 3.8894524574279785, "mode": "train", "epoch": 30}
{"loss": 0.16063189506530762, "acc": 0.9432876706123352, "length": 3.957597255706787, "mode": "test", "epoch": 30}
{"loss": 0.09192215651273727, "acc": 0.96867835521698, "length": 3.9161007404327393, "mode": "train", "epoch": 31}
{"loss": 0.17283371090888977, "acc": 0.9412623047828674, "length": 3.9611308574676514, "mode": "test", "epoch": 31}
{"loss": 0.09463178366422653, "acc": 0.9672524333000183, "length": 3.8656084537506104, "mode": "train", "epoch": 32}
{"loss": 0.12783515453338623, "acc": 0.954311728477478, "length": 3.9363956451416016, "mode": "test", "epoch": 32}
{"loss": 0.08397475630044937, "acc": 0.9648839831352234, "length": 3.8930182456970215, "mode": "train", "epoch": 33}
{"loss": 0.11952074617147446, "acc": 0.9562225937843323, "length": 3.954063653945923, "mode": "test", "epoch": 33}
{"loss": 0.07672407478094101, "acc": 0.9718096256256104, "length": 3.9096784591674805, "mode": "train", "epoch": 34}
{"loss": 0.10391354560852051, "acc": 0.9684929251670837, "length": 3.9752650260925293, "mode": "test", "epoch": 34}
{"loss": 0.08537228405475616, "acc": 0.9709092378616333, "length": 3.9289231300354004, "mode": "train", "epoch": 35}
{"loss": 0.10599042475223541, "acc": 0.965729832649231, "length": 3.9646642208099365, "mode": "test", "epoch": 35}
{"loss": 0.06756918132305145, "acc": 0.9771423935890198, "length": 3.8995654582977295, "mode": "train", "epoch": 36}
{"loss": 0.10936758667230606, "acc": 0.970124363899231, "length": 3.9505300521850586, "mode": "test", "epoch": 36}
{"loss": 0.06510647386312485, "acc": 0.976902186870575, "length": 3.922473430633545, "mode": "train", "epoch": 37}
{"loss": 0.13681450486183167, "acc": 0.9639748334884644, "length": 3.968197822570801, "mode": "test", "epoch": 37}
{"loss": 0.05423090234398842, "acc": 0.9804188013076782, "length": 3.942537546157837, "mode": "train", "epoch": 38}
{"loss": 0.11417520046234131, "acc": 0.9652894139289856, "length": 3.9646642208099365, "mode": "test", "epoch": 38}
{"loss": 0.05211884528398514, "acc": 0.9824995398521423, "length": 3.9397025108337402, "mode": "train", "epoch": 39}
{"loss": 0.10248025506734848, "acc": 0.9731917381286621, "length": 3.9646642208099365, "mode": "test", "epoch": 39}
{"loss": 0.039884939789772034, "acc": 0.9864328503608704, "length": 3.931857109069824, "mode": "train", "epoch": 40}
{"loss": 0.0923432856798172, "acc": 0.9748889803886414, "length": 3.968197822570801, "mode": "test", "epoch": 40}
{"loss": 0.03746199235320091, "acc": 0.9884235858917236, "length": 3.9529685974121094, "mode": "train", "epoch": 41}
{"loss": 0.11829409748315811, "acc": 0.9676859974861145, "length": 3.971731424331665, "mode": "test", "epoch": 41}
{"loss": 0.04406483843922615, "acc": 0.9856340885162354, "length": 3.9499924182891846, "mode": "train", "epoch": 42}
{"loss": 0.10168872028589249, "acc": 0.9727433919906616, "length": 3.971731424331665, "mode": "test", "epoch": 42}
{"loss": 0.04112492874264717, "acc": 0.9857134222984314, "length": 3.9535977840423584, "mode": "train", "epoch": 43}
{"loss": 0.08373672515153885, "acc": 0.9796761274337769, "length": 3.9787986278533936, "mode": "test", "epoch": 43}
{"loss": 0.03564494848251343, "acc": 0.9888851046562195, "length": 3.961303949356079, "mode": "train", "epoch": 44}
{"loss": 0.07741552591323853, "acc": 0.9809166193008423, "length": 3.982332229614258, "mode": "test", "epoch": 44}
{"loss": 0.02400784380733967, "acc": 0.9920960068702698, "length": 3.9613027572631836, "mode": "train", "epoch": 45}
{"loss": 0.08244133740663528, "acc": 0.9833388328552246, "length": 3.985865831375122, "mode": "test", "epoch": 45}
{"loss": 0.025641145184636116, "acc": 0.9926762580871582, "length": 3.9531826972961426, "mode": "train", "epoch": 46}
{"loss": 0.07970771193504333, "acc": 0.9851064682006836, "length": 3.9787986278533936, "mode": "test", "epoch": 46}
{"loss": 0.023869745433330536, "acc": 0.9943479299545288, "length": 3.962566614151001, "mode": "train", "epoch": 47}
{"loss": 0.09649018198251724, "acc": 0.9831442832946777, "length": 3.985865831375122, "mode": "test", "epoch": 47}
{"loss": 0.04151230677962303, "acc": 0.986201286315918, "length": 3.9650216102600098, "mode": "train", "epoch": 48}
{"loss": 0.078667052090168, "acc": 0.9828312993049622, "length": 3.985865831375122, "mode": "test", "epoch": 48}
{"loss": 0.0380227155983448, "acc": 0.9900288581848145, "length": 3.971940040588379, "mode": "train", "epoch": 49}
{"loss": 0.09185119718313217, "acc": 0.9836181998252869, "length": 3.985865831375122, "mode": "test", "epoch": 49}
{"loss": 0.04019981622695923, "acc": 0.9873173832893372, "length": 3.974976062774658, "mode": "train", "epoch": 50}
{"loss": 0.13663539290428162, "acc": 0.9708676934242249, "length": 3.9929327964782715, "mode": "test", "epoch": 50}
{"loss": 0.046902820467948914, "acc": 0.9850870966911316, "length": 3.9707531929016113, "mode": "train", "epoch": 51}
{"loss": 0.13704919815063477, "acc": 0.969760000705719, "length": 3.985865831375122, "mode": "test", "epoch": 51}
{"loss": 0.048957545310258865, "acc": 0.9845121502876282, "length": 3.969008207321167, "mode": "train", "epoch": 52}
{"loss": 0.12295903265476227, "acc": 0.970818281173706, "length": 3.971731424331665, "mode": "test", "epoch": 52}
{"loss": 0.05325686186552048, "acc": 0.9817912578582764, "length": 3.97038197517395, "mode": "train", "epoch": 53}
{"loss": 0.09862694889307022, "acc": 0.9767669439315796, "length": 3.985865831375122, "mode": "test", "epoch": 53}
{"loss": 0.041126690804958344, "acc": 0.9877393841743469, "length": 3.9648990631103516, "mode": "train", "epoch": 54}
{"loss": 0.08887189626693726, "acc": 0.9772934317588806, "length": 3.985865831375122, "mode": "test", "epoch": 54}
{"loss": 0.033509548753499985, "acc": 0.9900149703025818, "length": 3.966369152069092, "mode": "train", "epoch": 55}
{"loss": 0.09552531689405441, "acc": 0.9780494570732117, "length": 3.985865831375122, "mode": "test", "epoch": 55}
{"loss": 0.032750051468610764, "acc": 0.9889253377914429, "length": 3.962703227996826, "mode": "train", "epoch": 56}
{"loss": 0.09901607036590576, "acc": 0.9731670618057251, "length": 3.968197822570801, "mode": "test", "epoch": 56}
{"loss": 0.04082728549838066, "acc": 0.9884277582168579, "length": 3.9632041454315186, "mode": "train", "epoch": 57}
{"loss": 0.100962333381176, "acc": 0.9778744578361511, "length": 3.9893991947174072, "mode": "test", "epoch": 57}
{"loss": 0.03666384145617485, "acc": 0.9903484582901001, "length": 3.97762131690979, "mode": "train", "epoch": 58}
{"loss": 0.10056505352258682, "acc": 0.9754000306129456, "length": 3.985865831375122, "mode": "test", "epoch": 58}
{"loss": 0.032205384224653244, "acc": 0.9893653988838196, "length": 3.9749937057495117, "mode": "train", "epoch": 59}
{"loss": 0.10797231644392014, "acc": 0.9839497208595276, "length": 3.9929327964782715, "mode": "test", "epoch": 59}
{"loss": 0.021896012127399445, "acc": 0.9934102296829224, "length": 3.9784698486328125, "mode": "train", "epoch": 60}
{"loss": 0.09063079208135605, "acc": 0.9839045405387878, "length": 3.9893991947174072, "mode": "test", "epoch": 60}
test accuracy: 0.8105981349945068
