# ["--attributes=5", "--values=16", "--game_size=10", "--vocab_size_factor=3", "--n_epochs=60", "--batch_size=64", "--learning_rate=0.001", "--hidden_size=256", "--temp_update=0.99", "--temperature=2"]
Creating train_ds and val_ds...

Creating test_ds...
{"loss": 0.7180251479148865, "acc": 0.5090945363044739, "length": 2.760816812515259, "mode": "train", "epoch": 1}
{"loss": 0.6913926005363464, "acc": 0.5136690735816956, "length": 1.0, "mode": "test", "epoch": 1}
{"loss": 0.6949023008346558, "acc": 0.5140825510025024, "length": 1.0781757831573486, "mode": "train", "epoch": 2}
{"loss": 0.6929635405540466, "acc": 0.5118705034255981, "length": 1.0, "mode": "test", "epoch": 2}
{"loss": 0.6951244473457336, "acc": 0.5257816910743713, "length": 1.0206184387207031, "mode": "train", "epoch": 3}
{"loss": 0.6907281279563904, "acc": 0.5374101400375366, "length": 1.0, "mode": "test", "epoch": 3}
{"loss": 0.6957077383995056, "acc": 0.49462243914604187, "length": 1.0204917192459106, "mode": "train", "epoch": 4}
{"loss": 0.6921533346176147, "acc": 0.5165467858314514, "length": 1.0, "mode": "test", "epoch": 4}
{"loss": 0.6939235329627991, "acc": 0.5288482904434204, "length": 1.0249103307724, "mode": "train", "epoch": 5}
{"loss": 0.6889132261276245, "acc": 0.5514388680458069, "length": 1.0, "mode": "test", "epoch": 5}
{"loss": 0.6911752820014954, "acc": 0.5202453136444092, "length": 1.083287000656128, "mode": "train", "epoch": 6}
{"loss": 0.6899265050888062, "acc": 0.5341727137565613, "length": 1.0, "mode": "test", "epoch": 6}
{"loss": 0.6545000076293945, "acc": 0.6436102390289307, "length": 2.021267890930176, "mode": "train", "epoch": 7}
{"loss": 0.5890281200408936, "acc": 0.7150486707687378, "length": 2.6438848972320557, "mode": "test", "epoch": 7}
{"loss": 0.5625717639923096, "acc": 0.7317171692848206, "length": 2.5850298404693604, "mode": "train", "epoch": 8}
{"loss": 0.5188329815864563, "acc": 0.7740623354911804, "length": 2.7913668155670166, "mode": "test", "epoch": 8}
{"loss": 0.5063064694404602, "acc": 0.7662568688392639, "length": 2.813441038131714, "mode": "train", "epoch": 9}
{"loss": 0.49937915802001953, "acc": 0.7795929908752441, "length": 2.7805755138397217, "mode": "test", "epoch": 9}
{"loss": 0.4770853519439697, "acc": 0.7857568264007568, "length": 2.7857706546783447, "mode": "train", "epoch": 10}
{"loss": 0.4866558015346527, "acc": 0.7978529930114746, "length": 3.0287768840789795, "mode": "test", "epoch": 10}
{"loss": 0.4521261751651764, "acc": 0.7962378859519958, "length": 2.999995231628418, "mode": "train", "epoch": 11}
{"loss": 0.4608991742134094, "acc": 0.8018401861190796, "length": 3.5071942806243896, "mode": "test", "epoch": 11}
{"loss": 0.4249287545681, "acc": 0.8075394034385681, "length": 3.3077261447906494, "mode": "train", "epoch": 12}
{"loss": 0.43401890993118286, "acc": 0.8150072693824768, "length": 3.431654691696167, "mode": "test", "epoch": 12}
{"loss": 0.39701926708221436, "acc": 0.8163163065910339, "length": 3.374506711959839, "mode": "train", "epoch": 13}
{"loss": 0.409855455160141, "acc": 0.8275207877159119, "length": 3.3597121238708496, "mode": "test", "epoch": 13}
{"loss": 0.37063419818878174, "acc": 0.8341913819313049, "length": 3.423715829849243, "mode": "train", "epoch": 14}
{"loss": 0.4057936370372772, "acc": 0.8412555456161499, "length": 3.410071849822998, "mode": "test", "epoch": 14}
{"loss": 0.3409741222858429, "acc": 0.850510835647583, "length": 3.4722089767456055, "mode": "train", "epoch": 15}
{"loss": 0.39261412620544434, "acc": 0.8415414690971375, "length": 3.4460432529449463, "mode": "test", "epoch": 15}
{"loss": 0.31039106845855713, "acc": 0.8647188544273376, "length": 3.5916202068328857, "mode": "train", "epoch": 16}
{"loss": 0.3720282018184662, "acc": 0.841912567615509, "length": 3.600719451904297, "mode": "test", "epoch": 16}
{"loss": 0.27780336141586304, "acc": 0.8841686248779297, "length": 3.6765215396881104, "mode": "train", "epoch": 17}
{"loss": 0.33389368653297424, "acc": 0.8781952857971191, "length": 3.9028778076171875, "mode": "test", "epoch": 17}
{"loss": 0.24420446157455444, "acc": 0.9009578227996826, "length": 3.782731771469116, "mode": "train", "epoch": 18}
{"loss": 0.29444119334220886, "acc": 0.8942362070083618, "length": 3.9244604110717773, "mode": "test", "epoch": 18}
{"loss": 0.22003990411758423, "acc": 0.9117756485939026, "length": 3.87266206741333, "mode": "train", "epoch": 19}
{"loss": 0.316188782453537, "acc": 0.8724820613861084, "length": 4.0, "mode": "test", "epoch": 19}
{"loss": 0.2117682546377182, "acc": 0.9165900945663452, "length": 3.9049134254455566, "mode": "train", "epoch": 20}
{"loss": 0.2832581698894501, "acc": 0.898316502571106, "length": 3.9964029788970947, "mode": "test", "epoch": 20}
{"loss": 0.19851982593536377, "acc": 0.9230321645736694, "length": 3.9296212196350098, "mode": "train", "epoch": 21}
{"loss": 0.26458558440208435, "acc": 0.9030577540397644, "length": 4.0, "mode": "test", "epoch": 21}
{"loss": 0.1823761761188507, "acc": 0.930087685585022, "length": 3.9462127685546875, "mode": "train", "epoch": 22}
{"loss": 0.23453238606452942, "acc": 0.9082732796669006, "length": 4.0, "mode": "test", "epoch": 22}
{"loss": 0.17318332195281982, "acc": 0.9319606423377991, "length": 3.9628872871398926, "mode": "train", "epoch": 23}
{"loss": 0.2076614648103714, "acc": 0.9107912182807922, "length": 4.0, "mode": "test", "epoch": 23}
{"loss": 0.15224380791187286, "acc": 0.9447358250617981, "length": 3.9741780757904053, "mode": "train", "epoch": 24}
{"loss": 0.19779352843761444, "acc": 0.9273380637168884, "length": 4.0, "mode": "test", "epoch": 24}
{"loss": 0.14038828015327454, "acc": 0.9452517628669739, "length": 3.9776928424835205, "mode": "train", "epoch": 25}
{"loss": 0.1934763640165329, "acc": 0.9129497408866882, "length": 4.0, "mode": "test", "epoch": 25}
{"loss": 0.1325673609972, "acc": 0.9460464119911194, "length": 3.981227397918701, "mode": "train", "epoch": 26}
{"loss": 0.18444466590881348, "acc": 0.9296761751174927, "length": 4.0, "mode": "test", "epoch": 26}
{"loss": 0.12819842994213104, "acc": 0.9503310322761536, "length": 3.991565465927124, "mode": "train", "epoch": 27}
{"loss": 0.16711930930614471, "acc": 0.9332733154296875, "length": 4.0, "mode": "test", "epoch": 27}
{"loss": 0.12193069607019424, "acc": 0.9519100785255432, "length": 3.992192506790161, "mode": "train", "epoch": 28}
{"loss": 0.15461018681526184, "acc": 0.9419063925743103, "length": 4.0, "mode": "test", "epoch": 28}
{"loss": 0.11168226599693298, "acc": 0.9560805559158325, "length": 3.9928317070007324, "mode": "train", "epoch": 29}
{"loss": 0.1749553084373474, "acc": 0.9280575513839722, "length": 4.0, "mode": "test", "epoch": 29}
{"loss": 0.11034577339887619, "acc": 0.957626223564148, "length": 3.995377779006958, "mode": "train", "epoch": 30}
{"loss": 0.1836748570203781, "acc": 0.9384891986846924, "length": 4.0, "mode": "test", "epoch": 30}
{"loss": 0.10492242127656937, "acc": 0.959274172782898, "length": 3.9958691596984863, "mode": "train", "epoch": 31}
{"loss": 0.13329727947711945, "acc": 0.9544965624809265, "length": 4.0, "mode": "test", "epoch": 31}
{"loss": 0.09663960337638855, "acc": 0.9635874032974243, "length": 3.995891571044922, "mode": "train", "epoch": 32}
{"loss": 0.17218413949012756, "acc": 0.9431656002998352, "length": 4.0, "mode": "test", "epoch": 32}
{"loss": 0.08883649855852127, "acc": 0.9669941663742065, "length": 3.995253086090088, "mode": "train", "epoch": 33}
{"loss": 0.14412032067775726, "acc": 0.9550358653068542, "length": 4.0, "mode": "test", "epoch": 33}
{"loss": 0.087925024330616, "acc": 0.9647327661514282, "length": 3.996455669403076, "mode": "train", "epoch": 34}
{"loss": 0.1254381239414215, "acc": 0.9508991837501526, "length": 4.0, "mode": "test", "epoch": 34}
{"loss": 0.08676305413246155, "acc": 0.9656316041946411, "length": 3.9961013793945312, "mode": "train", "epoch": 35}
{"loss": 0.16243091225624084, "acc": 0.9489208459854126, "length": 4.0, "mode": "test", "epoch": 35}
{"loss": 0.07401007413864136, "acc": 0.9743006229400635, "length": 3.997105836868286, "mode": "train", "epoch": 36}
{"loss": 0.1566617339849472, "acc": 0.9573742151260376, "length": 4.0, "mode": "test", "epoch": 36}
{"loss": 0.0693545863032341, "acc": 0.9753648042678833, "length": 3.9982118606567383, "mode": "train", "epoch": 37}
{"loss": 0.13537240028381348, "acc": 0.9600719213485718, "length": 4.0, "mode": "test", "epoch": 37}
{"loss": 0.06607358157634735, "acc": 0.976859450340271, "length": 3.9979124069213867, "mode": "train", "epoch": 38}
{"loss": 0.15087240934371948, "acc": 0.9546762108802795, "length": 4.0, "mode": "test", "epoch": 38}
{"loss": 0.0635109543800354, "acc": 0.9764477610588074, "length": 3.998220682144165, "mode": "train", "epoch": 39}
{"loss": 0.1429947465658188, "acc": 0.951438844203949, "length": 4.0, "mode": "test", "epoch": 39}
{"loss": 0.06572146713733673, "acc": 0.9770616292953491, "length": 3.998516321182251, "mode": "train", "epoch": 40}
{"loss": 0.14182992279529572, "acc": 0.9627697467803955, "length": 4.0, "mode": "test", "epoch": 40}
{"loss": 0.07932766526937485, "acc": 0.97408527135849, "length": 3.9975810050964355, "mode": "train", "epoch": 41}
{"loss": 0.16797813773155212, "acc": 0.9534172415733337, "length": 4.0, "mode": "test", "epoch": 41}
{"loss": 0.05627106502652168, "acc": 0.9824649095535278, "length": 3.9985811710357666, "mode": "train", "epoch": 42}
{"loss": 0.14212428033351898, "acc": 0.9638488292694092, "length": 4.0, "mode": "test", "epoch": 42}
{"loss": 0.04617433249950409, "acc": 0.9856363534927368, "length": 3.9982657432556152, "mode": "train", "epoch": 43}
{"loss": 0.12326371669769287, "acc": 0.9681654572486877, "length": 4.0, "mode": "test", "epoch": 43}
{"loss": 0.0361650288105011, "acc": 0.9872875213623047, "length": 3.9989919662475586, "mode": "train", "epoch": 44}
{"loss": 0.12504719197750092, "acc": 0.9719424843788147, "length": 4.0, "mode": "test", "epoch": 44}
{"loss": 0.03439944237470627, "acc": 0.9869891405105591, "length": 3.999016284942627, "mode": "train", "epoch": 45}
{"loss": 0.13278736174106598, "acc": 0.9663670063018799, "length": 4.0, "mode": "test", "epoch": 45}
{"loss": 0.036686815321445465, "acc": 0.9866885542869568, "length": 3.999030828475952, "mode": "train", "epoch": 46}
{"loss": 0.11864268779754639, "acc": 0.9676259160041809, "length": 4.0, "mode": "test", "epoch": 46}
{"loss": 0.030410446226596832, "acc": 0.9900386333465576, "length": 3.998642921447754, "mode": "train", "epoch": 47}
{"loss": 0.1092747375369072, "acc": 0.9669064283370972, "length": 4.0, "mode": "test", "epoch": 47}
{"loss": 0.03583163768053055, "acc": 0.9886811971664429, "length": 3.9994099140167236, "mode": "train", "epoch": 48}
{"loss": 0.09232321381568909, "acc": 0.9778777360916138, "length": 4.0, "mode": "test", "epoch": 48}
{"loss": 0.038366883993148804, "acc": 0.9879578351974487, "length": 3.999253749847412, "mode": "train", "epoch": 49}
{"loss": 0.10210472345352173, "acc": 0.9636690616607666, "length": 4.0, "mode": "test", "epoch": 49}
{"loss": 0.03752587363123894, "acc": 0.9881394505500793, "length": 3.9994163513183594, "mode": "train", "epoch": 50}
{"loss": 0.10597707331180573, "acc": 0.9681654572486877, "length": 4.0, "mode": "test", "epoch": 50}
{"loss": 0.033941835165023804, "acc": 0.9874807596206665, "length": 3.9994802474975586, "mode": "train", "epoch": 51}
{"loss": 0.08872214704751968, "acc": 0.9710433483123779, "length": 4.0, "mode": "test", "epoch": 51}
{"loss": 0.030300283804535866, "acc": 0.9898808002471924, "length": 3.999389171600342, "mode": "train", "epoch": 52}
{"loss": 0.11688409000635147, "acc": 0.9683453440666199, "length": 4.0, "mode": "test", "epoch": 52}
{"loss": 0.029816633090376854, "acc": 0.9906108379364014, "length": 3.9995508193969727, "mode": "train", "epoch": 53}
{"loss": 0.09289580583572388, "acc": 0.9760791659355164, "length": 4.0, "mode": "test", "epoch": 53}
{"loss": 0.029245276004076004, "acc": 0.9898339509963989, "length": 3.999720335006714, "mode": "train", "epoch": 54}
{"loss": 0.08195345848798752, "acc": 0.972122311592102, "length": 4.0, "mode": "test", "epoch": 54}
{"loss": 0.03412111848592758, "acc": 0.9903155565261841, "length": 3.9997177124023438, "mode": "train", "epoch": 55}
{"loss": 0.08200200647115707, "acc": 0.9793164134025574, "length": 4.0, "mode": "test", "epoch": 55}
{"loss": 0.03627331927418709, "acc": 0.9868298172950745, "length": 3.999722719192505, "mode": "train", "epoch": 56}
{"loss": 0.12331553548574448, "acc": 0.9672661423683167, "length": 4.0, "mode": "test", "epoch": 56}
{"loss": 0.037613023072481155, "acc": 0.9877799153327942, "length": 3.9995837211608887, "mode": "train", "epoch": 57}
{"loss": 0.10035109519958496, "acc": 0.974100649356842, "length": 4.0, "mode": "test", "epoch": 57}
{"loss": 0.027770236134529114, "acc": 0.99097740650177, "length": 3.9997684955596924, "mode": "train", "epoch": 58}
{"loss": 0.17695258557796478, "acc": 0.9645683169364929, "length": 4.0, "mode": "test", "epoch": 58}
{"loss": 0.02516513504087925, "acc": 0.9913380146026611, "length": 3.9997973442077637, "mode": "train", "epoch": 59}
{"loss": 0.13611583411693573, "acc": 0.964208722114563, "length": 4.0, "mode": "test", "epoch": 59}
{"loss": 0.027781670913100243, "acc": 0.990856409072876, "length": 3.999730348587036, "mode": "train", "epoch": 60}
{"loss": 0.12321283668279648, "acc": 0.9696043729782104, "length": 4.0, "mode": "test", "epoch": 60}
test accuracy: 0.8374242782592773
