# ["--attributes=5", "--values=16", "--game_size=10", "--vocab_size_factor=3", "--n_epochs=60", "--batch_size=128", "--learning_rate=0.0005", "--hidden_size=128", "--temp_update=0.97", "--temperature=1"]
Creating train_ds and val_ds...

Creating test_ds...
{"loss": 0.6988928318023682, "acc": 0.5040191411972046, "length": 3.503950834274292, "mode": "train", "epoch": 1}
{"loss": 0.6926145553588867, "acc": 0.5250590443611145, "length": 1.0201342105865479, "mode": "test", "epoch": 1}
{"loss": 0.6935737133026123, "acc": 0.5257067680358887, "length": 3.495262861251831, "mode": "train", "epoch": 2}
{"loss": 0.6893637180328369, "acc": 0.5387670993804932, "length": 1.2046979665756226, "mode": "test", "epoch": 2}
{"loss": 0.6908110976219177, "acc": 0.5279911160469055, "length": 3.4467053413391113, "mode": "train", "epoch": 3}
{"loss": 0.6797022819519043, "acc": 0.5560523271560669, "length": 1.728187918663025, "mode": "test", "epoch": 3}
{"loss": 0.689332902431488, "acc": 0.5348522663116455, "length": 3.4159483909606934, "mode": "train", "epoch": 4}
{"loss": 0.6735745668411255, "acc": 0.6132321953773499, "length": 2.4597315788269043, "mode": "test", "epoch": 4}
{"loss": 0.6852152943611145, "acc": 0.5630621910095215, "length": 3.3951194286346436, "mode": "train", "epoch": 5}
{"loss": 0.6678051948547363, "acc": 0.6037524938583374, "length": 3.2147650718688965, "mode": "test", "epoch": 5}
{"loss": 0.6748484373092651, "acc": 0.6038867235183716, "length": 3.4544975757598877, "mode": "train", "epoch": 6}
{"loss": 0.6555142402648926, "acc": 0.6449622511863708, "length": 3.8288590908050537, "mode": "test", "epoch": 6}
{"loss": 0.6557175517082214, "acc": 0.6466041207313538, "length": 3.6208622455596924, "mode": "train", "epoch": 7}
{"loss": 0.6279109716415405, "acc": 0.6904361844062805, "length": 4.0, "mode": "test", "epoch": 7}
{"loss": 0.6265982985496521, "acc": 0.6895740032196045, "length": 3.8112902641296387, "mode": "train", "epoch": 8}
{"loss": 0.6001210808753967, "acc": 0.7016777992248535, "length": 4.0, "mode": "test", "epoch": 8}
{"loss": 0.592470109462738, "acc": 0.7013756632804871, "length": 3.923644542694092, "mode": "train", "epoch": 9}
{"loss": 0.5780950784683228, "acc": 0.7050336003303528, "length": 4.0, "mode": "test", "epoch": 9}
{"loss": 0.5657284259796143, "acc": 0.7150516510009766, "length": 3.9592854976654053, "mode": "train", "epoch": 10}
{"loss": 0.5573596358299255, "acc": 0.7244967222213745, "length": 4.0, "mode": "test", "epoch": 10}
{"loss": 0.5459417700767517, "acc": 0.7387729287147522, "length": 3.969693183898926, "mode": "train", "epoch": 11}
{"loss": 0.5527794361114502, "acc": 0.732886016368866, "length": 4.0, "mode": "test", "epoch": 11}
{"loss": 0.5246044993400574, "acc": 0.7613589763641357, "length": 3.9773879051208496, "mode": "train", "epoch": 12}
{"loss": 0.5300440788269043, "acc": 0.7463088035583496, "length": 4.0, "mode": "test", "epoch": 12}
{"loss": 0.507209062576294, "acc": 0.7655743360519409, "length": 3.9791407585144043, "mode": "train", "epoch": 13}
{"loss": 0.5201584100723267, "acc": 0.7540268301963806, "length": 4.0, "mode": "test", "epoch": 13}
{"loss": 0.4910965859889984, "acc": 0.7716988325119019, "length": 3.9829087257385254, "mode": "train", "epoch": 14}
{"loss": 0.5114054679870605, "acc": 0.7729867100715637, "length": 4.0, "mode": "test", "epoch": 14}
{"loss": 0.48250874876976013, "acc": 0.7761743068695068, "length": 3.986485242843628, "mode": "train", "epoch": 15}
{"loss": 0.4927210509777069, "acc": 0.7889261841773987, "length": 4.0, "mode": "test", "epoch": 15}
{"loss": 0.4755605161190033, "acc": 0.7883262634277344, "length": 3.9826717376708984, "mode": "train", "epoch": 16}
{"loss": 0.4823378026485443, "acc": 0.7842282056808472, "length": 4.0, "mode": "test", "epoch": 16}
{"loss": 0.46684253215789795, "acc": 0.7941505312919617, "length": 3.9887633323669434, "mode": "train", "epoch": 17}
{"loss": 0.4792008101940155, "acc": 0.7854028344154358, "length": 4.0, "mode": "test", "epoch": 17}
{"loss": 0.4564540982246399, "acc": 0.7961217761039734, "length": 3.9886136054992676, "mode": "train", "epoch": 18}
{"loss": 0.47523319721221924, "acc": 0.7983222603797913, "length": 4.0, "mode": "test", "epoch": 18}
{"loss": 0.45131078362464905, "acc": 0.7978225350379944, "length": 3.990908145904541, "mode": "train", "epoch": 19}
{"loss": 0.46041399240493774, "acc": 0.7966442704200745, "length": 4.0, "mode": "test", "epoch": 19}
{"loss": 0.4427378177642822, "acc": 0.8079527616500854, "length": 3.9957473278045654, "mode": "train", "epoch": 20}
{"loss": 0.4531519412994385, "acc": 0.7991611957550049, "length": 4.0, "mode": "test", "epoch": 20}
{"loss": 0.435757040977478, "acc": 0.808443009853363, "length": 3.9949111938476562, "mode": "train", "epoch": 21}
{"loss": 0.45206519961357117, "acc": 0.7971476316452026, "length": 4.0, "mode": "test", "epoch": 21}
{"loss": 0.43518033623695374, "acc": 0.806906521320343, "length": 3.990870475769043, "mode": "train", "epoch": 22}
{"loss": 0.44295793771743774, "acc": 0.8053690791130066, "length": 4.0, "mode": "test", "epoch": 22}
{"loss": 0.4258040487766266, "acc": 0.8154886960983276, "length": 3.997525453567505, "mode": "train", "epoch": 23}
{"loss": 0.43892595171928406, "acc": 0.8119127154350281, "length": 4.0, "mode": "test", "epoch": 23}
{"loss": 0.4191271960735321, "acc": 0.8166172504425049, "length": 3.9960319995880127, "mode": "train", "epoch": 24}
{"loss": 0.4378941059112549, "acc": 0.8040267825126648, "length": 4.0, "mode": "test", "epoch": 24}
{"loss": 0.41288644075393677, "acc": 0.816912829875946, "length": 3.9977591037750244, "mode": "train", "epoch": 25}
{"loss": 0.42864030599594116, "acc": 0.8025168180465698, "length": 4.0, "mode": "test", "epoch": 25}
{"loss": 0.40670356154441833, "acc": 0.8184268474578857, "length": 3.998490333557129, "mode": "train", "epoch": 26}
{"loss": 0.42426007986068726, "acc": 0.8048657774925232, "length": 4.0, "mode": "test", "epoch": 26}
{"loss": 0.3995722234249115, "acc": 0.8218415379524231, "length": 3.9969632625579834, "mode": "train", "epoch": 27}
{"loss": 0.4081827998161316, "acc": 0.8110738396644592, "length": 4.0, "mode": "test", "epoch": 27}
{"loss": 0.39389631152153015, "acc": 0.8201079368591309, "length": 3.9972755908966064, "mode": "train", "epoch": 28}
{"loss": 0.39496827125549316, "acc": 0.8273489475250244, "length": 4.0, "mode": "test", "epoch": 28}
{"loss": 0.388096421957016, "acc": 0.8321003317832947, "length": 3.9948577880859375, "mode": "train", "epoch": 29}
{"loss": 0.3871082663536072, "acc": 0.8328859806060791, "length": 4.0, "mode": "test", "epoch": 29}
{"loss": 0.37767869234085083, "acc": 0.8384938836097717, "length": 3.9991683959960938, "mode": "train", "epoch": 30}
{"loss": 0.38368773460388184, "acc": 0.8367449045181274, "length": 4.0, "mode": "test", "epoch": 30}
{"loss": 0.3767145574092865, "acc": 0.842104971408844, "length": 3.9975273609161377, "mode": "train", "epoch": 31}
{"loss": 0.37685155868530273, "acc": 0.8407717943191528, "length": 4.0, "mode": "test", "epoch": 31}
{"loss": 0.367214173078537, "acc": 0.8437075614929199, "length": 3.998185634613037, "mode": "train", "epoch": 32}
{"loss": 0.378483384847641, "acc": 0.8401007652282715, "length": 4.0, "mode": "test", "epoch": 32}
{"loss": 0.36175844073295593, "acc": 0.8447645902633667, "length": 3.997567892074585, "mode": "train", "epoch": 33}
{"loss": 0.35880255699157715, "acc": 0.8401007652282715, "length": 4.0, "mode": "test", "epoch": 33}
{"loss": 0.3567192256450653, "acc": 0.8477449417114258, "length": 3.9959816932678223, "mode": "train", "epoch": 34}
{"loss": 0.3571154773235321, "acc": 0.8486577272415161, "length": 4.0, "mode": "test", "epoch": 34}
{"loss": 0.3516526520252228, "acc": 0.852618932723999, "length": 3.998823642730713, "mode": "train", "epoch": 35}
{"loss": 0.35505396127700806, "acc": 0.851510226726532, "length": 4.0, "mode": "test", "epoch": 35}
{"loss": 0.34639331698417664, "acc": 0.8508777022361755, "length": 3.9943864345550537, "mode": "train", "epoch": 36}
{"loss": 0.34184789657592773, "acc": 0.8585571050643921, "length": 4.0, "mode": "test", "epoch": 36}
{"loss": 0.3362443149089813, "acc": 0.8588907122612, "length": 3.9939217567443848, "mode": "train", "epoch": 37}
{"loss": 0.3260573744773865, "acc": 0.86057049036026, "length": 4.0, "mode": "test", "epoch": 37}
{"loss": 0.32582923769950867, "acc": 0.8625612854957581, "length": 3.9973018169403076, "mode": "train", "epoch": 38}
{"loss": 0.32770487666130066, "acc": 0.8607381582260132, "length": 4.0, "mode": "test", "epoch": 38}
{"loss": 0.3169146180152893, "acc": 0.8662105798721313, "length": 3.9976553916931152, "mode": "train", "epoch": 39}
{"loss": 0.31465181708335876, "acc": 0.8609061241149902, "length": 4.0, "mode": "test", "epoch": 39}
{"loss": 0.30907365679740906, "acc": 0.87184739112854, "length": 3.993875503540039, "mode": "train", "epoch": 40}
{"loss": 0.309978723526001, "acc": 0.8671140670776367, "length": 4.0, "mode": "test", "epoch": 40}
{"loss": 0.30184879899024963, "acc": 0.872144877910614, "length": 3.996737003326416, "mode": "train", "epoch": 41}
{"loss": 0.3112127184867859, "acc": 0.8635908365249634, "length": 4.0, "mode": "test", "epoch": 41}
{"loss": 0.2937154471874237, "acc": 0.8710670471191406, "length": 3.9952611923217773, "mode": "train", "epoch": 42}
{"loss": 0.2932818531990051, "acc": 0.8780202269554138, "length": 4.0, "mode": "test", "epoch": 42}
{"loss": 0.2870882451534271, "acc": 0.8766918778419495, "length": 3.9972410202026367, "mode": "train", "epoch": 43}
{"loss": 0.2832731604576111, "acc": 0.8870804309844971, "length": 4.0, "mode": "test", "epoch": 43}
{"loss": 0.2773730158805847, "acc": 0.8866845369338989, "length": 3.99857234954834, "mode": "train", "epoch": 44}
{"loss": 0.27868348360061646, "acc": 0.8942952752113342, "length": 4.0, "mode": "test", "epoch": 44}
{"loss": 0.2715878188610077, "acc": 0.8844906091690063, "length": 3.9974987506866455, "mode": "train", "epoch": 45}
{"loss": 0.2708227336406708, "acc": 0.8875839114189148, "length": 4.0, "mode": "test", "epoch": 45}
{"loss": 0.26324620842933655, "acc": 0.8902971148490906, "length": 3.9957504272460938, "mode": "train", "epoch": 46}
{"loss": 0.2592255771160126, "acc": 0.9018457531929016, "length": 4.0, "mode": "test", "epoch": 46}
{"loss": 0.26495787501335144, "acc": 0.889875590801239, "length": 3.9959142208099365, "mode": "train", "epoch": 47}
{"loss": 0.25846144556999207, "acc": 0.9003356099128723, "length": 4.0, "mode": "test", "epoch": 47}
{"loss": 0.25768813490867615, "acc": 0.8917202949523926, "length": 3.996738910675049, "mode": "train", "epoch": 48}
{"loss": 0.2449360340833664, "acc": 0.9082214832305908, "length": 4.0, "mode": "test", "epoch": 48}
{"loss": 0.2520950138568878, "acc": 0.8954755663871765, "length": 3.9990603923797607, "mode": "train", "epoch": 49}
{"loss": 0.24812188744544983, "acc": 0.9093959927558899, "length": 4.0, "mode": "test", "epoch": 49}
{"loss": 0.24836112558841705, "acc": 0.8952704668045044, "length": 3.9991884231567383, "mode": "train", "epoch": 50}
{"loss": 0.2536470890045166, "acc": 0.8964763879776001, "length": 4.0, "mode": "test", "epoch": 50}
{"loss": 0.24875137209892273, "acc": 0.8961287140846252, "length": 3.998940944671631, "mode": "train", "epoch": 51}
{"loss": 0.2301989495754242, "acc": 0.9110738039016724, "length": 4.0, "mode": "test", "epoch": 51}
{"loss": 0.23596513271331787, "acc": 0.9033551216125488, "length": 3.999610185623169, "mode": "train", "epoch": 52}
{"loss": 0.23291951417922974, "acc": 0.9087246656417847, "length": 4.0, "mode": "test", "epoch": 52}
{"loss": 0.2321808785200119, "acc": 0.9010595679283142, "length": 3.999781608581543, "mode": "train", "epoch": 53}
{"loss": 0.23536668717861176, "acc": 0.9052013158798218, "length": 4.0, "mode": "test", "epoch": 53}
{"loss": 0.23412704467773438, "acc": 0.9007679224014282, "length": 3.998300790786743, "mode": "train", "epoch": 54}
{"loss": 0.22932198643684387, "acc": 0.9134227633476257, "length": 4.0, "mode": "test", "epoch": 54}
{"loss": 0.22801043093204498, "acc": 0.9028648734092712, "length": 3.998906373977661, "mode": "train", "epoch": 55}
{"loss": 0.2246747463941574, "acc": 0.9098992347717285, "length": 4.0, "mode": "test", "epoch": 55}
{"loss": 0.21962079405784607, "acc": 0.9071673154830933, "length": 3.9997313022613525, "mode": "train", "epoch": 56}
{"loss": 0.22677622735500336, "acc": 0.9090603590011597, "length": 4.0, "mode": "test", "epoch": 56}
{"loss": 0.2160182148218155, "acc": 0.907043993473053, "length": 3.9990408420562744, "mode": "train", "epoch": 57}
{"loss": 0.22117309272289276, "acc": 0.9161072969436646, "length": 4.0, "mode": "test", "epoch": 57}
{"loss": 0.2110632359981537, "acc": 0.9136154651641846, "length": 3.999842882156372, "mode": "train", "epoch": 58}
{"loss": 0.21755921840667725, "acc": 0.9145973920822144, "length": 4.0, "mode": "test", "epoch": 58}
{"loss": 0.2078520804643631, "acc": 0.9143587946891785, "length": 3.9960906505584717, "mode": "train", "epoch": 59}
{"loss": 0.22842910885810852, "acc": 0.9105703830718994, "length": 4.0, "mode": "test", "epoch": 59}
{"loss": 0.20897337794303894, "acc": 0.9099653363227844, "length": 3.99906063079834, "mode": "train", "epoch": 60}
{"loss": 0.21301421523094177, "acc": 0.9157716631889343, "length": 4.0, "mode": "test", "epoch": 60}
test accuracy: 0.7778000235557556
