# ["--attributes=5", "--values=16", "--game_size=10", "--vocab_size_factor=3", "--n_epochs=60", "--batch_size=128", "--learning_rate=0.0005", "--hidden_size=128", "--temp_update=0.97", "--temperature=1.5"]
Creating train_ds and val_ds...

Creating test_ds...
{"loss": 0.695881187915802, "acc": 0.4966185390949249, "length": 3.5460264682769775, "mode": "train", "epoch": 1}
{"loss": 0.686388373374939, "acc": 0.561173141002655, "length": 2.3992931842803955, "mode": "test", "epoch": 1}
{"loss": 0.6925762295722961, "acc": 0.5384832620620728, "length": 3.535146713256836, "mode": "train", "epoch": 2}
{"loss": 0.689516007900238, "acc": 0.5504884719848633, "length": 3.6607773303985596, "mode": "test", "epoch": 2}
{"loss": 0.691307783126831, "acc": 0.5386128425598145, "length": 3.514698028564453, "mode": "train", "epoch": 3}
{"loss": 0.6751492023468018, "acc": 0.6078214049339294, "length": 2.724381685256958, "mode": "test", "epoch": 3}
{"loss": 0.6887458562850952, "acc": 0.5395709872245789, "length": 3.4638724327087402, "mode": "train", "epoch": 4}
{"loss": 0.6643614768981934, "acc": 0.6360551118850708, "length": 2.7632508277893066, "mode": "test", "epoch": 4}
{"loss": 0.6850172877311707, "acc": 0.5660434365272522, "length": 3.3774349689483643, "mode": "train", "epoch": 5}
{"loss": 0.6570805311203003, "acc": 0.6643300652503967, "length": 3.565371036529541, "mode": "test", "epoch": 5}
{"loss": 0.6753374934196472, "acc": 0.6013987064361572, "length": 3.348776340484619, "mode": "train", "epoch": 6}
{"loss": 0.6469649076461792, "acc": 0.6813657879829407, "length": 3.915194272994995, "mode": "test", "epoch": 6}
{"loss": 0.654340922832489, "acc": 0.6416954398155212, "length": 3.502701759338379, "mode": "train", "epoch": 7}
{"loss": 0.6234307885169983, "acc": 0.6913937926292419, "length": 3.9893991947174072, "mode": "test", "epoch": 7}
{"loss": 0.6170430183410645, "acc": 0.6803860664367676, "length": 3.683915138244629, "mode": "train", "epoch": 8}
{"loss": 0.5937914848327637, "acc": 0.731448769569397, "length": 4.0, "mode": "test", "epoch": 8}
{"loss": 0.5748766660690308, "acc": 0.7186209559440613, "length": 3.817864418029785, "mode": "train", "epoch": 9}
{"loss": 0.5581924319267273, "acc": 0.7547702193260193, "length": 4.0, "mode": "test", "epoch": 9}
{"loss": 0.543377161026001, "acc": 0.7373075485229492, "length": 3.858318567276001, "mode": "train", "epoch": 10}
{"loss": 0.5319569706916809, "acc": 0.7392226457595825, "length": 4.0, "mode": "test", "epoch": 10}
{"loss": 0.5095900297164917, "acc": 0.7548086047172546, "length": 3.905606746673584, "mode": "train", "epoch": 11}
{"loss": 0.5175067186355591, "acc": 0.7549470067024231, "length": 4.0, "mode": "test", "epoch": 11}
{"loss": 0.4759511351585388, "acc": 0.7683797478675842, "length": 3.9426681995391846, "mode": "train", "epoch": 12}
{"loss": 0.4913679361343384, "acc": 0.7892225980758667, "length": 4.0, "mode": "test", "epoch": 12}
{"loss": 0.4584278166294098, "acc": 0.7727982997894287, "length": 3.959057569503784, "mode": "train", "epoch": 13}
{"loss": 0.47754842042922974, "acc": 0.7899292707443237, "length": 4.0, "mode": "test", "epoch": 13}
{"loss": 0.44308868050575256, "acc": 0.8015680909156799, "length": 3.9678688049316406, "mode": "train", "epoch": 14}
{"loss": 0.46558257937431335, "acc": 0.7957597374916077, "length": 4.0, "mode": "test", "epoch": 14}
{"loss": 0.4256053864955902, "acc": 0.8063360452651978, "length": 3.973921537399292, "mode": "train", "epoch": 15}
{"loss": 0.4538601338863373, "acc": 0.7899292707443237, "length": 4.0, "mode": "test", "epoch": 15}
{"loss": 0.41018030047416687, "acc": 0.8193005323410034, "length": 3.982725143432617, "mode": "train", "epoch": 16}
{"loss": 0.45044243335723877, "acc": 0.7823322415351868, "length": 4.0, "mode": "test", "epoch": 16}
{"loss": 0.39641544222831726, "acc": 0.8212918043136597, "length": 3.980121374130249, "mode": "train", "epoch": 17}
{"loss": 0.43258732557296753, "acc": 0.7954063415527344, "length": 4.0, "mode": "test", "epoch": 17}
{"loss": 0.3726523220539093, "acc": 0.8343998789787292, "length": 3.9857521057128906, "mode": "train", "epoch": 18}
{"loss": 0.40767547488212585, "acc": 0.8056538105010986, "length": 4.0, "mode": "test", "epoch": 18}
{"loss": 0.35668447613716125, "acc": 0.8386436700820923, "length": 3.990108013153076, "mode": "train", "epoch": 19}
{"loss": 0.39059019088745117, "acc": 0.8279151916503906, "length": 4.0, "mode": "test", "epoch": 19}
{"loss": 0.3394387364387512, "acc": 0.8528117537498474, "length": 3.9902122020721436, "mode": "train", "epoch": 20}
{"loss": 0.3873863220214844, "acc": 0.8307420611381531, "length": 4.0, "mode": "test", "epoch": 20}
{"loss": 0.3340984284877777, "acc": 0.8588106036186218, "length": 3.9889447689056396, "mode": "train", "epoch": 21}
{"loss": 0.362310528755188, "acc": 0.8482333421707153, "length": 4.0, "mode": "test", "epoch": 21}
{"loss": 0.3244777321815491, "acc": 0.8652894496917725, "length": 3.989927053451538, "mode": "train", "epoch": 22}
{"loss": 0.3717362582683563, "acc": 0.851590096950531, "length": 4.0, "mode": "test", "epoch": 22}
{"loss": 0.317486047744751, "acc": 0.86659175157547, "length": 3.9948229789733887, "mode": "train", "epoch": 23}
{"loss": 0.349510133266449, "acc": 0.8457597494125366, "length": 4.0, "mode": "test", "epoch": 23}
{"loss": 0.3108859956264496, "acc": 0.8702007532119751, "length": 3.99403977394104, "mode": "train", "epoch": 24}
{"loss": 0.3441838026046753, "acc": 0.8496466875076294, "length": 4.0, "mode": "test", "epoch": 24}
{"loss": 0.3045101761817932, "acc": 0.8677405118942261, "length": 3.9963250160217285, "mode": "train", "epoch": 25}
{"loss": 0.3371764123439789, "acc": 0.8540635108947754, "length": 4.0, "mode": "test", "epoch": 25}
{"loss": 0.3050280213356018, "acc": 0.871826171875, "length": 3.9926624298095703, "mode": "train", "epoch": 26}
{"loss": 0.33545219898223877, "acc": 0.857597291469574, "length": 4.0, "mode": "test", "epoch": 26}
{"loss": 0.2994476854801178, "acc": 0.8783002495765686, "length": 3.9957873821258545, "mode": "train", "epoch": 27}
{"loss": 0.34119176864624023, "acc": 0.8519433736801147, "length": 4.0, "mode": "test", "epoch": 27}
{"loss": 0.2986183762550354, "acc": 0.8748323917388916, "length": 3.994474411010742, "mode": "train", "epoch": 28}
{"loss": 0.3284473419189453, "acc": 0.8533570170402527, "length": 4.0, "mode": "test", "epoch": 28}
{"loss": 0.2994329035282135, "acc": 0.8777632713317871, "length": 3.9954912662506104, "mode": "train", "epoch": 29}
{"loss": 0.3238566517829895, "acc": 0.8591874241828918, "length": 4.0, "mode": "test", "epoch": 29}
{"loss": 0.29599058628082275, "acc": 0.8768989443778992, "length": 3.9979710578918457, "mode": "train", "epoch": 30}
{"loss": 0.31801527738571167, "acc": 0.8639574646949768, "length": 4.0, "mode": "test", "epoch": 30}
{"loss": 0.29620057344436646, "acc": 0.8745935559272766, "length": 3.9962799549102783, "mode": "train", "epoch": 31}
{"loss": 0.31756460666656494, "acc": 0.8590104579925537, "length": 4.0, "mode": "test", "epoch": 31}
{"loss": 0.2952769994735718, "acc": 0.8749285340309143, "length": 3.9935173988342285, "mode": "train", "epoch": 32}
{"loss": 0.3142682909965515, "acc": 0.86537104845047, "length": 4.0, "mode": "test", "epoch": 32}
{"loss": 0.2928360402584076, "acc": 0.8782622218132019, "length": 3.9983558654785156, "mode": "train", "epoch": 33}
{"loss": 0.31799158453941345, "acc": 0.8606009483337402, "length": 4.0, "mode": "test", "epoch": 33}
{"loss": 0.28483256697654724, "acc": 0.8827348351478577, "length": 3.9979848861694336, "mode": "train", "epoch": 34}
{"loss": 0.3047274351119995, "acc": 0.8621909022331238, "length": 4.0, "mode": "test", "epoch": 34}
{"loss": 0.2825130522251129, "acc": 0.8860052227973938, "length": 3.999528169631958, "mode": "train", "epoch": 35}
{"loss": 0.30819401144981384, "acc": 0.8659010529518127, "length": 4.0, "mode": "test", "epoch": 35}
{"loss": 0.2789660692214966, "acc": 0.8843322396278381, "length": 3.997295618057251, "mode": "train", "epoch": 36}
{"loss": 0.3063359558582306, "acc": 0.866077721118927, "length": 4.0, "mode": "test", "epoch": 36}
{"loss": 0.2768586575984955, "acc": 0.8846501708030701, "length": 3.9995996952056885, "mode": "train", "epoch": 37}
{"loss": 0.3105570077896118, "acc": 0.8651943802833557, "length": 4.0, "mode": "test", "epoch": 37}
{"loss": 0.27791863679885864, "acc": 0.8844035267829895, "length": 3.999026298522949, "mode": "train", "epoch": 38}
{"loss": 0.31774476170539856, "acc": 0.8630741238594055, "length": 4.0, "mode": "test", "epoch": 38}
{"loss": 0.2754114270210266, "acc": 0.8863610625267029, "length": 3.9998133182525635, "mode": "train", "epoch": 39}
{"loss": 0.30111396312713623, "acc": 0.8731449246406555, "length": 4.0, "mode": "test", "epoch": 39}
{"loss": 0.2719546854496002, "acc": 0.8891768455505371, "length": 3.9982829093933105, "mode": "train", "epoch": 40}
{"loss": 0.29863232374191284, "acc": 0.8819786310195923, "length": 4.0, "mode": "test", "epoch": 40}
{"loss": 0.2704923748970032, "acc": 0.8871293067932129, "length": 3.9998340606689453, "mode": "train", "epoch": 41}
{"loss": 0.29316407442092896, "acc": 0.8678445219993591, "length": 4.0, "mode": "test", "epoch": 41}
{"loss": 0.2661527395248413, "acc": 0.8851108551025391, "length": 3.9958181381225586, "mode": "train", "epoch": 42}
{"loss": 0.29530417919158936, "acc": 0.8713780045509338, "length": 4.0, "mode": "test", "epoch": 42}
{"loss": 0.2632094621658325, "acc": 0.8892918825149536, "length": 3.998720407485962, "mode": "train", "epoch": 43}
{"loss": 0.28456491231918335, "acc": 0.8796819448471069, "length": 4.0, "mode": "test", "epoch": 43}
{"loss": 0.2619050443172455, "acc": 0.891834020614624, "length": 3.9979944229125977, "mode": "train", "epoch": 44}
{"loss": 0.29531043767929077, "acc": 0.8791521191596985, "length": 4.0, "mode": "test", "epoch": 44}
{"loss": 0.2606571614742279, "acc": 0.8891959190368652, "length": 3.999876022338867, "mode": "train", "epoch": 45}
{"loss": 0.2819037139415741, "acc": 0.8848056793212891, "length": 4.0, "mode": "test", "epoch": 45}
{"loss": 0.2567179203033447, "acc": 0.8965713977813721, "length": 3.999603033065796, "mode": "train", "epoch": 46}
{"loss": 0.2857767343521118, "acc": 0.8786219954490662, "length": 4.0, "mode": "test", "epoch": 46}
{"loss": 0.25566864013671875, "acc": 0.8886644244194031, "length": 3.999861001968384, "mode": "train", "epoch": 47}
{"loss": 0.2886468172073364, "acc": 0.8803887367248535, "length": 4.0, "mode": "test", "epoch": 47}
{"loss": 0.25457847118377686, "acc": 0.8961570858955383, "length": 3.9990785121917725, "mode": "train", "epoch": 48}
{"loss": 0.2800535559654236, "acc": 0.8830388784408569, "length": 4.0, "mode": "test", "epoch": 48}
{"loss": 0.25704431533813477, "acc": 0.8893184065818787, "length": 3.998518943786621, "mode": "train", "epoch": 49}
{"loss": 0.27818676829338074, "acc": 0.8814488649368286, "length": 4.0, "mode": "test", "epoch": 49}
{"loss": 0.24670642614364624, "acc": 0.8978512287139893, "length": 3.9990181922912598, "mode": "train", "epoch": 50}
{"loss": 0.268787682056427, "acc": 0.8858658671379089, "length": 4.0, "mode": "test", "epoch": 50}
{"loss": 0.25336024165153503, "acc": 0.890313982963562, "length": 3.999558687210083, "mode": "train", "epoch": 51}
{"loss": 0.2746279537677765, "acc": 0.8826856017112732, "length": 4.0, "mode": "test", "epoch": 51}
{"loss": 0.24705225229263306, "acc": 0.896989107131958, "length": 3.9999845027923584, "mode": "train", "epoch": 52}
{"loss": 0.2673734426498413, "acc": 0.8796819448471069, "length": 4.0, "mode": "test", "epoch": 52}
{"loss": 0.24578477442264557, "acc": 0.8966934680938721, "length": 3.9999449253082275, "mode": "train", "epoch": 53}
{"loss": 0.2624718248844147, "acc": 0.884452223777771, "length": 4.0, "mode": "test", "epoch": 53}
{"loss": 0.24182657897472382, "acc": 0.8957279324531555, "length": 3.999101161956787, "mode": "train", "epoch": 54}
{"loss": 0.2620123624801636, "acc": 0.8812718987464905, "length": 4.0, "mode": "test", "epoch": 54}
{"loss": 0.2451774775981903, "acc": 0.8952164053916931, "length": 3.999866008758545, "mode": "train", "epoch": 55}
{"loss": 0.2698202431201935, "acc": 0.8809187412261963, "length": 4.0, "mode": "test", "epoch": 55}
{"loss": 0.23981064558029175, "acc": 0.8970934748649597, "length": 3.998652696609497, "mode": "train", "epoch": 56}
{"loss": 0.2745174169540405, "acc": 0.8793286085128784, "length": 4.0, "mode": "test", "epoch": 56}
{"loss": 0.23975199460983276, "acc": 0.8997540473937988, "length": 3.999037265777588, "mode": "train", "epoch": 57}
{"loss": 0.26954185962677, "acc": 0.8830389976501465, "length": 4.0, "mode": "test", "epoch": 57}
{"loss": 0.2395910769701004, "acc": 0.8967403173446655, "length": 3.998918294906616, "mode": "train", "epoch": 58}
{"loss": 0.28071585297584534, "acc": 0.879505455493927, "length": 4.0, "mode": "test", "epoch": 58}
{"loss": 0.2358437180519104, "acc": 0.9020563960075378, "length": 3.9994728565216064, "mode": "train", "epoch": 59}
{"loss": 0.2735903859138489, "acc": 0.8812721967697144, "length": 4.0, "mode": "test", "epoch": 59}
{"loss": 0.23341494798660278, "acc": 0.9006474614143372, "length": 3.9994893074035645, "mode": "train", "epoch": 60}
{"loss": 0.2680228352546692, "acc": 0.8763250112533569, "length": 4.0, "mode": "test", "epoch": 60}
test accuracy: 0.8017741441726685
