# ["--attributes=5", "--values=16", "--game_size=10", "--vocab_size_factor=3", "--n_epochs=60", "--batch_size=128", "--learning_rate=0.0005", "--hidden_size=128", "--temp_update=0.97", "--temperature=2"]
Creating train_ds and val_ds...

Creating test_ds...
{"loss": 0.6890451908111572, "acc": 0.5278732776641846, "length": 3.578003406524658, "mode": "train", "epoch": 1}
{"loss": 0.6971027851104736, "acc": 0.5177936553955078, "length": 4.0, "mode": "test", "epoch": 1}
{"loss": 0.6849384903907776, "acc": 0.5583876371383667, "length": 3.5899059772491455, "mode": "train", "epoch": 2}
{"loss": 0.6938774585723877, "acc": 0.5443060994148254, "length": 4.0, "mode": "test", "epoch": 2}
{"loss": 0.6860266327857971, "acc": 0.5569878220558167, "length": 3.6219234466552734, "mode": "train", "epoch": 3}
{"loss": 0.6773034930229187, "acc": 0.5532028675079346, "length": 4.0, "mode": "test", "epoch": 3}
{"loss": 0.683720052242279, "acc": 0.5704018473625183, "length": 3.634117364883423, "mode": "train", "epoch": 4}
{"loss": 0.668723464012146, "acc": 0.6017793416976929, "length": 4.0, "mode": "test", "epoch": 4}
{"loss": 0.6792929768562317, "acc": 0.5753327012062073, "length": 3.6527369022369385, "mode": "train", "epoch": 5}
{"loss": 0.6630104780197144, "acc": 0.6375444531440735, "length": 4.0, "mode": "test", "epoch": 5}
{"loss": 0.6712695360183716, "acc": 0.5840151906013489, "length": 3.6988956928253174, "mode": "train", "epoch": 6}
{"loss": 0.6529474258422852, "acc": 0.6555160284042358, "length": 4.0, "mode": "test", "epoch": 6}
{"loss": 0.6521323323249817, "acc": 0.6199341416358948, "length": 3.743593215942383, "mode": "train", "epoch": 7}
{"loss": 0.6287583112716675, "acc": 0.6918148994445801, "length": 4.0, "mode": "test", "epoch": 7}
{"loss": 0.6185396313667297, "acc": 0.6874073147773743, "length": 3.8293983936309814, "mode": "train", "epoch": 8}
{"loss": 0.5908989906311035, "acc": 0.7153025269508362, "length": 4.0, "mode": "test", "epoch": 8}
{"loss": 0.5749540328979492, "acc": 0.7248706817626953, "length": 3.912144660949707, "mode": "train", "epoch": 9}
{"loss": 0.555584728717804, "acc": 0.7380782961845398, "length": 4.0, "mode": "test", "epoch": 9}
{"loss": 0.5361197590827942, "acc": 0.7269202470779419, "length": 3.9493987560272217, "mode": "train", "epoch": 10}
{"loss": 0.5377343893051147, "acc": 0.7496441602706909, "length": 4.0, "mode": "test", "epoch": 10}
{"loss": 0.5170508623123169, "acc": 0.7267166376113892, "length": 3.9660420417785645, "mode": "train", "epoch": 11}
{"loss": 0.5334502458572388, "acc": 0.7492882013320923, "length": 4.0, "mode": "test", "epoch": 11}
{"loss": 0.4989330768585205, "acc": 0.7540892958641052, "length": 3.974579334259033, "mode": "train", "epoch": 12}
{"loss": 0.5202255249023438, "acc": 0.7576512098312378, "length": 4.0, "mode": "test", "epoch": 12}
{"loss": 0.48283010721206665, "acc": 0.7699502110481262, "length": 3.9851129055023193, "mode": "train", "epoch": 13}
{"loss": 0.5077230930328369, "acc": 0.7626335024833679, "length": 4.0, "mode": "test", "epoch": 13}
{"loss": 0.46777740120887756, "acc": 0.7808634042739868, "length": 3.98844051361084, "mode": "train", "epoch": 14}
{"loss": 0.49835658073425293, "acc": 0.7768682837486267, "length": 4.0, "mode": "test", "epoch": 14}
{"loss": 0.45149898529052734, "acc": 0.8041578531265259, "length": 3.988652467727661, "mode": "train", "epoch": 15}
{"loss": 0.45883429050445557, "acc": 0.7996440529823303, "length": 4.0, "mode": "test", "epoch": 15}
{"loss": 0.43371257185935974, "acc": 0.8090694546699524, "length": 3.9919886589050293, "mode": "train", "epoch": 16}
{"loss": 0.4419264793395996, "acc": 0.8053380250930786, "length": 4.0, "mode": "test", "epoch": 16}
{"loss": 0.4172930121421814, "acc": 0.8092550039291382, "length": 3.99409818649292, "mode": "train", "epoch": 17}
{"loss": 0.42979949712753296, "acc": 0.8062278032302856, "length": 4.0, "mode": "test", "epoch": 17}
{"loss": 0.40648844838142395, "acc": 0.8182573318481445, "length": 3.9956552982330322, "mode": "train", "epoch": 18}
{"loss": 0.4179902672767639, "acc": 0.8062278032302856, "length": 4.0, "mode": "test", "epoch": 18}
{"loss": 0.39480823278427124, "acc": 0.8235612511634827, "length": 3.9960193634033203, "mode": "train", "epoch": 19}
{"loss": 0.41567036509513855, "acc": 0.8145906925201416, "length": 4.0, "mode": "test", "epoch": 19}
{"loss": 0.3905254900455475, "acc": 0.8277422785758972, "length": 3.99763822555542, "mode": "train", "epoch": 20}
{"loss": 0.41882556676864624, "acc": 0.8122777342796326, "length": 4.0, "mode": "test", "epoch": 20}
{"loss": 0.3832643926143646, "acc": 0.8314224481582642, "length": 3.997377634048462, "mode": "train", "epoch": 21}
{"loss": 0.419467031955719, "acc": 0.8165480494499207, "length": 4.0, "mode": "test", "epoch": 21}
{"loss": 0.3802054524421692, "acc": 0.8362004160881042, "length": 3.998267412185669, "mode": "train", "epoch": 22}
{"loss": 0.4066881537437439, "acc": 0.8231316804885864, "length": 4.0, "mode": "test", "epoch": 22}
{"loss": 0.3695890009403229, "acc": 0.8382938504219055, "length": 3.9984872341156006, "mode": "train", "epoch": 23}
{"loss": 0.4080859422683716, "acc": 0.8218861818313599, "length": 4.0, "mode": "test", "epoch": 23}
{"loss": 0.3658360242843628, "acc": 0.8434204459190369, "length": 3.9987916946411133, "mode": "train", "epoch": 24}
{"loss": 0.40476876497268677, "acc": 0.8332739472389221, "length": 4.0, "mode": "test", "epoch": 24}
{"loss": 0.3613046407699585, "acc": 0.841582715511322, "length": 3.99886155128479, "mode": "train", "epoch": 25}
{"loss": 0.4046039283275604, "acc": 0.834697425365448, "length": 4.0, "mode": "test", "epoch": 25}
{"loss": 0.358641117811203, "acc": 0.8424118757247925, "length": 3.998908758163452, "mode": "train", "epoch": 26}
{"loss": 0.39203935861587524, "acc": 0.8407473564147949, "length": 4.0, "mode": "test", "epoch": 26}
{"loss": 0.3575161099433899, "acc": 0.8493351340293884, "length": 3.999587297439575, "mode": "train", "epoch": 27}
{"loss": 0.3974704444408417, "acc": 0.8400356769561768, "length": 4.0, "mode": "test", "epoch": 27}
{"loss": 0.35389944911003113, "acc": 0.847371518611908, "length": 3.9996845722198486, "mode": "train", "epoch": 28}
{"loss": 0.38646841049194336, "acc": 0.8423486948013306, "length": 4.0, "mode": "test", "epoch": 28}
{"loss": 0.3479700982570648, "acc": 0.8472357988357544, "length": 3.998520612716675, "mode": "train", "epoch": 29}
{"loss": 0.39201292395591736, "acc": 0.8421708345413208, "length": 4.0, "mode": "test", "epoch": 29}
{"loss": 0.34556058049201965, "acc": 0.8519002795219421, "length": 3.999746322631836, "mode": "train", "epoch": 30}
{"loss": 0.385504812002182, "acc": 0.8428824543952942, "length": 4.0, "mode": "test", "epoch": 30}
{"loss": 0.3500353991985321, "acc": 0.8502892851829529, "length": 3.999506950378418, "mode": "train", "epoch": 31}
{"loss": 0.3799213171005249, "acc": 0.844839870929718, "length": 4.0, "mode": "test", "epoch": 31}
{"loss": 0.34104761481285095, "acc": 0.8504796028137207, "length": 3.9986047744750977, "mode": "train", "epoch": 32}
{"loss": 0.3748699128627777, "acc": 0.8464413285255432, "length": 4.0, "mode": "test", "epoch": 32}
{"loss": 0.33500048518180847, "acc": 0.8544604778289795, "length": 3.999732255935669, "mode": "train", "epoch": 33}
{"loss": 0.37423548102378845, "acc": 0.8483985662460327, "length": 4.0, "mode": "test", "epoch": 33}
{"loss": 0.33813586831092834, "acc": 0.8563145399093628, "length": 3.9999144077301025, "mode": "train", "epoch": 34}
{"loss": 0.36328813433647156, "acc": 0.8489323854446411, "length": 4.0, "mode": "test", "epoch": 34}
{"loss": 0.3411685526371002, "acc": 0.8539139628410339, "length": 3.9994750022888184, "mode": "train", "epoch": 35}
{"loss": 0.39333388209342957, "acc": 0.8446619510650635, "length": 4.0, "mode": "test", "epoch": 35}
{"loss": 0.33592694997787476, "acc": 0.8563730120658875, "length": 3.999816656112671, "mode": "train", "epoch": 36}
{"loss": 0.35550737380981445, "acc": 0.8501780033111572, "length": 4.0, "mode": "test", "epoch": 36}
{"loss": 0.33291932940483093, "acc": 0.8556597232818604, "length": 3.999929189682007, "mode": "train", "epoch": 37}
{"loss": 0.362960547208786, "acc": 0.8521352410316467, "length": 4.0, "mode": "test", "epoch": 37}
{"loss": 0.32938066124916077, "acc": 0.8596534132957458, "length": 3.9999608993530273, "mode": "train", "epoch": 38}
{"loss": 0.36447271704673767, "acc": 0.8496440052986145, "length": 4.0, "mode": "test", "epoch": 38}
{"loss": 0.32591789960861206, "acc": 0.8591164350509644, "length": 3.999931812286377, "mode": "train", "epoch": 39}
{"loss": 0.35755595564842224, "acc": 0.8564059138298035, "length": 4.0, "mode": "test", "epoch": 39}
{"loss": 0.3180809020996094, "acc": 0.8640025854110718, "length": 3.999886989593506, "mode": "train", "epoch": 40}
{"loss": 0.35555002093315125, "acc": 0.8528469204902649, "length": 4.0, "mode": "test", "epoch": 40}
{"loss": 0.31500568985939026, "acc": 0.8598809838294983, "length": 3.9994008541107178, "mode": "train", "epoch": 41}
{"loss": 0.35213702917099, "acc": 0.8587188124656677, "length": 4.0, "mode": "test", "epoch": 41}
{"loss": 0.3181235194206238, "acc": 0.8628093600273132, "length": 3.999938488006592, "mode": "train", "epoch": 42}
{"loss": 0.34376829862594604, "acc": 0.856227695941925, "length": 4.0, "mode": "test", "epoch": 42}
{"loss": 0.3158215582370758, "acc": 0.8632873892784119, "length": 3.9999494552612305, "mode": "train", "epoch": 43}
{"loss": 0.3611714243888855, "acc": 0.853202760219574, "length": 4.0, "mode": "test", "epoch": 43}
{"loss": 0.30999040603637695, "acc": 0.8696758151054382, "length": 3.9984629154205322, "mode": "train", "epoch": 44}
{"loss": 0.3417245149612427, "acc": 0.8640570044517517, "length": 4.0, "mode": "test", "epoch": 44}
{"loss": 0.3087311387062073, "acc": 0.8698965311050415, "length": 3.9998250007629395, "mode": "train", "epoch": 45}
{"loss": 0.34136688709259033, "acc": 0.8567616939544678, "length": 4.0, "mode": "test", "epoch": 45}
{"loss": 0.30555516481399536, "acc": 0.8682934045791626, "length": 3.9999608993530273, "mode": "train", "epoch": 46}
{"loss": 0.3469240367412567, "acc": 0.8560497760772705, "length": 4.0, "mode": "test", "epoch": 46}
{"loss": 0.30946865677833557, "acc": 0.8681758046150208, "length": 3.999987840652466, "mode": "train", "epoch": 47}
{"loss": 0.34587550163269043, "acc": 0.8610320091247559, "length": 4.0, "mode": "test", "epoch": 47}
{"loss": 0.29937323927879333, "acc": 0.8693071007728577, "length": 3.9999635219573975, "mode": "train", "epoch": 48}
{"loss": 0.3528948724269867, "acc": 0.8564056754112244, "length": 4.0, "mode": "test", "epoch": 48}
{"loss": 0.29880762100219727, "acc": 0.8703172206878662, "length": 3.9998939037323, "mode": "train", "epoch": 49}
{"loss": 0.34438222646713257, "acc": 0.8567617535591125, "length": 4.0, "mode": "test", "epoch": 49}
{"loss": 0.2995576560497284, "acc": 0.8708516955375671, "length": 3.9999024868011475, "mode": "train", "epoch": 50}
{"loss": 0.34419333934783936, "acc": 0.8596086502075195, "length": 4.0, "mode": "test", "epoch": 50}
{"loss": 0.30001410841941833, "acc": 0.8707351684570312, "length": 3.999915838241577, "mode": "train", "epoch": 51}
{"loss": 0.33645233511924744, "acc": 0.858896791934967, "length": 4.0, "mode": "test", "epoch": 51}
{"loss": 0.2932163178920746, "acc": 0.8717868328094482, "length": 3.9974217414855957, "mode": "train", "epoch": 52}
{"loss": 0.34542497992515564, "acc": 0.8669038414955139, "length": 4.0, "mode": "test", "epoch": 52}
{"loss": 0.2877415716648102, "acc": 0.8770067691802979, "length": 3.9990572929382324, "mode": "train", "epoch": 53}
{"loss": 0.34814226627349854, "acc": 0.8661923408508301, "length": 4.0, "mode": "test", "epoch": 53}
{"loss": 0.2909068167209625, "acc": 0.8764210343360901, "length": 3.9990696907043457, "mode": "train", "epoch": 54}
{"loss": 0.33593830466270447, "acc": 0.8676156401634216, "length": 4.0, "mode": "test", "epoch": 54}
{"loss": 0.28595516085624695, "acc": 0.8756433129310608, "length": 3.9983232021331787, "mode": "train", "epoch": 55}
{"loss": 0.33363938331604004, "acc": 0.8693950772285461, "length": 4.0, "mode": "test", "epoch": 55}
{"loss": 0.277662992477417, "acc": 0.8806270360946655, "length": 3.9990358352661133, "mode": "train", "epoch": 56}
{"loss": 0.33703503012657166, "acc": 0.8681492805480957, "length": 4.0, "mode": "test", "epoch": 56}
{"loss": 0.2835233211517334, "acc": 0.8797235488891602, "length": 3.9982829093933105, "mode": "train", "epoch": 57}
{"loss": 0.3384276330471039, "acc": 0.8628115057945251, "length": 4.0, "mode": "test", "epoch": 57}
{"loss": 0.281829833984375, "acc": 0.8781725764274597, "length": 3.99975848197937, "mode": "train", "epoch": 58}
{"loss": 0.33432599902153015, "acc": 0.865124523639679, "length": 4.0, "mode": "test", "epoch": 58}
{"loss": 0.27660438418388367, "acc": 0.8829349875450134, "length": 3.9980807304382324, "mode": "train", "epoch": 59}
{"loss": 0.3411673307418823, "acc": 0.8733095526695251, "length": 4.0, "mode": "test", "epoch": 59}
{"loss": 0.2707955539226532, "acc": 0.8889715671539307, "length": 3.9999325275421143, "mode": "train", "epoch": 60}
{"loss": 0.33312156796455383, "acc": 0.8722421526908875, "length": 4.0, "mode": "test", "epoch": 60}
test accuracy: 0.7967187166213989
