# ["--attributes=5", "--values=16", "--game_size=10", "--vocab_size_factor=3", "--n_epochs=60", "--batch_size=128", "--learning_rate=0.0005", "--hidden_size=128", "--temp_update=0.99", "--temperature=1"]
Creating train_ds and val_ds...

Creating test_ds...
{"loss": 0.6997476816177368, "acc": 0.5028270483016968, "length": 3.4600186347961426, "mode": "train", "epoch": 1}
{"loss": 0.6941450834274292, "acc": 0.4893992245197296, "length": 1.0, "mode": "test", "epoch": 1}
{"loss": 0.6921203136444092, "acc": 0.5157690644264221, "length": 3.4534974098205566, "mode": "train", "epoch": 2}
{"loss": 0.6885150671005249, "acc": 0.5398316979408264, "length": 1.1060070991516113, "mode": "test", "epoch": 2}
{"loss": 0.6918973326683044, "acc": 0.5277947783470154, "length": 3.4038877487182617, "mode": "train", "epoch": 3}
{"loss": 0.6903240084648132, "acc": 0.5113245844841003, "length": 1.095406413078308, "mode": "test", "epoch": 3}
{"loss": 0.6889882683753967, "acc": 0.5309138298034668, "length": 3.253793478012085, "mode": "train", "epoch": 4}
{"loss": 0.6759201884269714, "acc": 0.6111962199211121, "length": 1.7738516330718994, "mode": "test", "epoch": 4}
{"loss": 0.6835200190544128, "acc": 0.5759855508804321, "length": 3.1798648834228516, "mode": "train", "epoch": 5}
{"loss": 0.6554579734802246, "acc": 0.6945161819458008, "length": 2.971731424331665, "mode": "test", "epoch": 5}
{"loss": 0.6686457395553589, "acc": 0.6325786113739014, "length": 3.2523019313812256, "mode": "train", "epoch": 6}
{"loss": 0.6332944631576538, "acc": 0.6785916686058044, "length": 3.883392333984375, "mode": "test", "epoch": 6}
{"loss": 0.6358834505081177, "acc": 0.6830825805664062, "length": 3.57544207572937, "mode": "train", "epoch": 7}
{"loss": 0.6020006537437439, "acc": 0.6879858374595642, "length": 4.0, "mode": "test", "epoch": 7}
{"loss": 0.5925463438034058, "acc": 0.6947629451751709, "length": 3.8414905071258545, "mode": "train", "epoch": 8}
{"loss": 0.5663428902626038, "acc": 0.7008833289146423, "length": 4.0, "mode": "test", "epoch": 8}
{"loss": 0.5584911108016968, "acc": 0.694188117980957, "length": 3.942877769470215, "mode": "train", "epoch": 9}
{"loss": 0.5543017387390137, "acc": 0.7075971961021423, "length": 4.0, "mode": "test", "epoch": 9}
{"loss": 0.5506131649017334, "acc": 0.6982496976852417, "length": 3.971729040145874, "mode": "train", "epoch": 10}
{"loss": 0.5764976143836975, "acc": 0.7176677584648132, "length": 4.0, "mode": "test", "epoch": 10}
{"loss": 0.5412403345108032, "acc": 0.7308307886123657, "length": 3.9710659980773926, "mode": "train", "epoch": 11}
{"loss": 0.5408611297607422, "acc": 0.7477032542228699, "length": 4.0, "mode": "test", "epoch": 11}
{"loss": 0.5266467928886414, "acc": 0.744351327419281, "length": 3.9801089763641357, "mode": "train", "epoch": 12}
{"loss": 0.5256859660148621, "acc": 0.7692580223083496, "length": 4.0, "mode": "test", "epoch": 12}
{"loss": 0.5099474191665649, "acc": 0.7617683410644531, "length": 3.978527784347534, "mode": "train", "epoch": 13}
{"loss": 0.5069396495819092, "acc": 0.7901060581207275, "length": 4.0, "mode": "test", "epoch": 13}
{"loss": 0.4900760054588318, "acc": 0.7853492498397827, "length": 3.9821441173553467, "mode": "train", "epoch": 14}
{"loss": 0.48677825927734375, "acc": 0.8067139387130737, "length": 4.0, "mode": "test", "epoch": 14}
{"loss": 0.46899178624153137, "acc": 0.7955578565597534, "length": 3.9845616817474365, "mode": "train", "epoch": 15}
{"loss": 0.4719429612159729, "acc": 0.818551242351532, "length": 4.0, "mode": "test", "epoch": 15}
{"loss": 0.44691231846809387, "acc": 0.8099586367607117, "length": 3.9922561645507812, "mode": "train", "epoch": 16}
{"loss": 0.45611533522605896, "acc": 0.8203179836273193, "length": 4.0, "mode": "test", "epoch": 16}
{"loss": 0.4359259009361267, "acc": 0.8070068359375, "length": 3.985368013381958, "mode": "train", "epoch": 17}
{"loss": 0.45601218938827515, "acc": 0.8238517045974731, "length": 4.0, "mode": "test", "epoch": 17}
{"loss": 0.42331764101982117, "acc": 0.8180868625640869, "length": 3.9869375228881836, "mode": "train", "epoch": 18}
{"loss": 0.44468244910240173, "acc": 0.8197880387306213, "length": 4.0, "mode": "test", "epoch": 18}
{"loss": 0.4083317518234253, "acc": 0.8213595151901245, "length": 3.99355411529541, "mode": "train", "epoch": 19}
{"loss": 0.43659067153930664, "acc": 0.8282685875892639, "length": 4.0, "mode": "test", "epoch": 19}
{"loss": 0.39919671416282654, "acc": 0.8254648447036743, "length": 3.989858865737915, "mode": "train", "epoch": 20}
{"loss": 0.41050052642822266, "acc": 0.8273853659629822, "length": 4.0, "mode": "test", "epoch": 20}
{"loss": 0.3842708170413971, "acc": 0.8319569826126099, "length": 3.9921047687530518, "mode": "train", "epoch": 21}
{"loss": 0.4167238473892212, "acc": 0.8295053839683533, "length": 4.0, "mode": "test", "epoch": 21}
{"loss": 0.37605687975883484, "acc": 0.8371834754943848, "length": 3.9887404441833496, "mode": "train", "epoch": 22}
{"loss": 0.4101899266242981, "acc": 0.8321556448936462, "length": 4.0, "mode": "test", "epoch": 22}
{"loss": 0.37488213181495667, "acc": 0.8379748463630676, "length": 3.99340558052063, "mode": "train", "epoch": 23}
{"loss": 0.39989060163497925, "acc": 0.8415195345878601, "length": 4.0, "mode": "test", "epoch": 23}
{"loss": 0.3676314949989319, "acc": 0.8452451229095459, "length": 3.990899085998535, "mode": "train", "epoch": 24}
{"loss": 0.40230125188827515, "acc": 0.8484097123146057, "length": 4.0, "mode": "test", "epoch": 24}
{"loss": 0.35837727785110474, "acc": 0.8435571789741516, "length": 3.991722345352173, "mode": "train", "epoch": 25}
{"loss": 0.3933967053890228, "acc": 0.8452297449111938, "length": 4.0, "mode": "test", "epoch": 25}
{"loss": 0.3533676862716675, "acc": 0.8457661867141724, "length": 3.9957170486450195, "mode": "train", "epoch": 26}
{"loss": 0.3933357000350952, "acc": 0.8411661982536316, "length": 4.0, "mode": "test", "epoch": 26}
{"loss": 0.3552604913711548, "acc": 0.8465216755867004, "length": 3.9949779510498047, "mode": "train", "epoch": 27}
{"loss": 0.3889537453651428, "acc": 0.8452298045158386, "length": 4.0, "mode": "test", "epoch": 27}
{"loss": 0.3463886082172394, "acc": 0.8480241298675537, "length": 3.9947268962860107, "mode": "train", "epoch": 28}
{"loss": 0.3824056088924408, "acc": 0.8461129069328308, "length": 4.0, "mode": "test", "epoch": 28}
{"loss": 0.3462289869785309, "acc": 0.8499724864959717, "length": 3.9935312271118164, "mode": "train", "epoch": 29}
{"loss": 0.39603251218795776, "acc": 0.8432861566543579, "length": 4.0, "mode": "test", "epoch": 29}
{"loss": 0.3451291024684906, "acc": 0.8466432690620422, "length": 3.994110584259033, "mode": "train", "epoch": 30}
{"loss": 0.3887760639190674, "acc": 0.8425794839859009, "length": 4.0, "mode": "test", "epoch": 30}
{"loss": 0.3364082872867584, "acc": 0.8538838624954224, "length": 3.9966697692871094, "mode": "train", "epoch": 31}
{"loss": 0.3831750750541687, "acc": 0.8409895300865173, "length": 4.0, "mode": "test", "epoch": 31}
{"loss": 0.33354270458221436, "acc": 0.854380190372467, "length": 3.9965198040008545, "mode": "train", "epoch": 32}
{"loss": 0.3668304681777954, "acc": 0.843463122844696, "length": 4.0, "mode": "test", "epoch": 32}
{"loss": 0.3272355794906616, "acc": 0.8579111695289612, "length": 3.9944968223571777, "mode": "train", "epoch": 33}
{"loss": 0.37509649991989136, "acc": 0.8432862758636475, "length": 4.0, "mode": "test", "epoch": 33}
{"loss": 0.32478639483451843, "acc": 0.8579970002174377, "length": 3.996325969696045, "mode": "train", "epoch": 34}
{"loss": 0.3648305833339691, "acc": 0.8420495390892029, "length": 4.0, "mode": "test", "epoch": 34}
{"loss": 0.32198211550712585, "acc": 0.8563733100891113, "length": 3.9897377490997314, "mode": "train", "epoch": 35}
{"loss": 0.35758328437805176, "acc": 0.8508833646774292, "length": 4.0, "mode": "test", "epoch": 35}
{"loss": 0.3194810748100281, "acc": 0.8531610369682312, "length": 3.996462345123291, "mode": "train", "epoch": 36}
{"loss": 0.35162028670310974, "acc": 0.8570671081542969, "length": 4.0, "mode": "test", "epoch": 36}
{"loss": 0.31031328439712524, "acc": 0.8661329746246338, "length": 3.9962899684906006, "mode": "train", "epoch": 37}
{"loss": 0.3554491400718689, "acc": 0.8538868427276611, "length": 4.0, "mode": "test", "epoch": 37}
{"loss": 0.30683812499046326, "acc": 0.8675955533981323, "length": 3.9958009719848633, "mode": "train", "epoch": 38}
{"loss": 0.35090371966362, "acc": 0.862190842628479, "length": 4.0, "mode": "test", "epoch": 38}
{"loss": 0.3067324757575989, "acc": 0.8668347597122192, "length": 3.9977939128875732, "mode": "train", "epoch": 39}
{"loss": 0.3424386978149414, "acc": 0.8574204444885254, "length": 4.0, "mode": "test", "epoch": 39}
{"loss": 0.303149938583374, "acc": 0.8688281178474426, "length": 3.997148036956787, "mode": "train", "epoch": 40}
{"loss": 0.34645625948905945, "acc": 0.858303964138031, "length": 4.0, "mode": "test", "epoch": 40}
{"loss": 0.29828253388404846, "acc": 0.8712422847747803, "length": 3.996828079223633, "mode": "train", "epoch": 41}
{"loss": 0.33480343222618103, "acc": 0.8660776615142822, "length": 4.0, "mode": "test", "epoch": 41}
{"loss": 0.29399290680885315, "acc": 0.8740859031677246, "length": 3.9978649616241455, "mode": "train", "epoch": 42}
{"loss": 0.3329998254776001, "acc": 0.865900993347168, "length": 4.0, "mode": "test", "epoch": 42}
{"loss": 0.2908972501754761, "acc": 0.8747725486755371, "length": 3.9992029666900635, "mode": "train", "epoch": 43}
{"loss": 0.33141449093818665, "acc": 0.8681977987289429, "length": 4.0, "mode": "test", "epoch": 43}
{"loss": 0.2881074547767639, "acc": 0.8766453266143799, "length": 3.998408317565918, "mode": "train", "epoch": 44}
{"loss": 0.3271337151527405, "acc": 0.8777384757995605, "length": 4.0, "mode": "test", "epoch": 44}
{"loss": 0.284210205078125, "acc": 0.8822222352027893, "length": 3.9994802474975586, "mode": "train", "epoch": 45}
{"loss": 0.32221275568008423, "acc": 0.8800351619720459, "length": 4.0, "mode": "test", "epoch": 45}
{"loss": 0.2765008211135864, "acc": 0.8860065340995789, "length": 3.99812650680542, "mode": "train", "epoch": 46}
{"loss": 0.3176293969154358, "acc": 0.8786219954490662, "length": 4.0, "mode": "test", "epoch": 46}
{"loss": 0.277685284614563, "acc": 0.8846533298492432, "length": 3.997523784637451, "mode": "train", "epoch": 47}
{"loss": 0.31259945034980774, "acc": 0.8805652856826782, "length": 4.0, "mode": "test", "epoch": 47}
{"loss": 0.2699185609817505, "acc": 0.8902842402458191, "length": 3.9990415573120117, "mode": "train", "epoch": 48}
{"loss": 0.3128633499145508, "acc": 0.8853356838226318, "length": 4.0, "mode": "test", "epoch": 48}
{"loss": 0.2658902108669281, "acc": 0.8960191607475281, "length": 3.9962880611419678, "mode": "train", "epoch": 49}
{"loss": 0.3101447820663452, "acc": 0.8916960954666138, "length": 4.0, "mode": "test", "epoch": 49}
{"loss": 0.2594737708568573, "acc": 0.8957399129867554, "length": 3.999690055847168, "mode": "train", "epoch": 50}
{"loss": 0.31397849321365356, "acc": 0.8892225623130798, "length": 4.0, "mode": "test", "epoch": 50}
{"loss": 0.25713610649108887, "acc": 0.8996210694313049, "length": 3.999257802963257, "mode": "train", "epoch": 51}
{"loss": 0.29794108867645264, "acc": 0.896996259689331, "length": 4.0, "mode": "test", "epoch": 51}
{"loss": 0.24762994050979614, "acc": 0.9045034050941467, "length": 3.9987268447875977, "mode": "train", "epoch": 52}
{"loss": 0.29881036281585693, "acc": 0.8946994543075562, "length": 4.0, "mode": "test", "epoch": 52}
{"loss": 0.2426527738571167, "acc": 0.9081190228462219, "length": 3.9991183280944824, "mode": "train", "epoch": 53}
{"loss": 0.2917916476726532, "acc": 0.895406186580658, "length": 4.0, "mode": "test", "epoch": 53}
{"loss": 0.23866374790668488, "acc": 0.907078206539154, "length": 3.9998645782470703, "mode": "train", "epoch": 54}
{"loss": 0.2810226380825043, "acc": 0.9014133214950562, "length": 4.0, "mode": "test", "epoch": 54}
{"loss": 0.24147716164588928, "acc": 0.9073168039321899, "length": 3.999915838241577, "mode": "train", "epoch": 55}
{"loss": 0.28822118043899536, "acc": 0.8964665532112122, "length": 4.0, "mode": "test", "epoch": 55}
{"loss": 0.23223483562469482, "acc": 0.9120851755142212, "length": 3.999638319015503, "mode": "train", "epoch": 56}
{"loss": 0.2832062840461731, "acc": 0.901943564414978, "length": 4.0, "mode": "test", "epoch": 56}
{"loss": 0.22671104967594147, "acc": 0.9132727384567261, "length": 3.999795436859131, "mode": "train", "epoch": 57}
{"loss": 0.28908273577690125, "acc": 0.9053003787994385, "length": 4.0, "mode": "test", "epoch": 57}
{"loss": 0.22885577380657196, "acc": 0.9139835834503174, "length": 3.999873161315918, "mode": "train", "epoch": 58}
{"loss": 0.2898291349411011, "acc": 0.9026502966880798, "length": 4.0, "mode": "test", "epoch": 58}
{"loss": 0.2189861238002777, "acc": 0.9176965951919556, "length": 3.999762535095215, "mode": "train", "epoch": 59}
{"loss": 0.2873050272464752, "acc": 0.8946995735168457, "length": 4.0, "mode": "test", "epoch": 59}
{"loss": 0.22482392191886902, "acc": 0.9151703119277954, "length": 3.999972343444824, "mode": "train", "epoch": 60}
{"loss": 0.28120067715644836, "acc": 0.9068904519081116, "length": 4.0, "mode": "test", "epoch": 60}
test accuracy: 0.7861289978027344
