# ["--attributes=5", "--values=16", "--game_size=10", "--vocab_size_factor=3", "--n_epochs=60", "--batch_size=128", "--learning_rate=0.0005", "--hidden_size=128", "--temp_update=0.99", "--temperature=1.5"]
Creating train_ds and val_ds...

Creating test_ds...
{"loss": 0.6956126689910889, "acc": 0.508120596408844, "length": 3.5494766235351562, "mode": "train", "epoch": 1}
{"loss": 0.6884867548942566, "acc": 0.5118191242218018, "length": 3.5833332538604736, "mode": "test", "epoch": 1}
{"loss": 0.6918604969978333, "acc": 0.5286873579025269, "length": 3.5574917793273926, "mode": "train", "epoch": 2}
{"loss": 0.6817559003829956, "acc": 0.5270521640777588, "length": 3.7326388359069824, "mode": "test", "epoch": 2}
{"loss": 0.692423939704895, "acc": 0.5228940844535828, "length": 3.554245948791504, "mode": "train", "epoch": 3}
{"loss": 0.6715971827507019, "acc": 0.5912570953369141, "length": 3.711805582046509, "mode": "test", "epoch": 3}
{"loss": 0.6895945072174072, "acc": 0.5423458814620972, "length": 3.5647759437561035, "mode": "train", "epoch": 4}
{"loss": 0.6611930131912231, "acc": 0.6631076335906982, "length": 3.784722328186035, "mode": "test", "epoch": 4}
{"loss": 0.6875296235084534, "acc": 0.5512421131134033, "length": 3.5589921474456787, "mode": "train", "epoch": 5}
{"loss": 0.6560331583023071, "acc": 0.6801676154136658, "length": 3.909722328186035, "mode": "test", "epoch": 5}
{"loss": 0.6821885704994202, "acc": 0.5694261789321899, "length": 3.624390125274658, "mode": "train", "epoch": 6}
{"loss": 0.650697648525238, "acc": 0.6616482138633728, "length": 3.961805582046509, "mode": "test", "epoch": 6}
{"loss": 0.6690590381622314, "acc": 0.6266523599624634, "length": 3.696950912475586, "mode": "train", "epoch": 7}
{"loss": 0.6358058452606201, "acc": 0.7149088382720947, "length": 3.9791667461395264, "mode": "test", "epoch": 7}
{"loss": 0.6449965238571167, "acc": 0.6861283183097839, "length": 3.7784981727600098, "mode": "train", "epoch": 8}
{"loss": 0.6100441813468933, "acc": 0.7140001058578491, "length": 3.9861111640930176, "mode": "test", "epoch": 8}
{"loss": 0.6087813377380371, "acc": 0.7236124277114868, "length": 3.8693556785583496, "mode": "train", "epoch": 9}
{"loss": 0.5747840404510498, "acc": 0.7137153148651123, "length": 4.0, "mode": "test", "epoch": 9}
{"loss": 0.5601447820663452, "acc": 0.7285999059677124, "length": 3.918524980545044, "mode": "train", "epoch": 10}
{"loss": 0.5525017976760864, "acc": 0.7342013120651245, "length": 4.0, "mode": "test", "epoch": 10}
{"loss": 0.518345057964325, "acc": 0.7476580142974854, "length": 3.9495351314544678, "mode": "train", "epoch": 11}
{"loss": 0.525654137134552, "acc": 0.7972221970558167, "length": 4.0, "mode": "test", "epoch": 11}
{"loss": 0.48340001702308655, "acc": 0.7811888456344604, "length": 3.939267873764038, "mode": "train", "epoch": 12}
{"loss": 0.5071415901184082, "acc": 0.7847222685813904, "length": 4.0, "mode": "test", "epoch": 12}
{"loss": 0.4468100368976593, "acc": 0.8218873739242554, "length": 3.9575304985046387, "mode": "train", "epoch": 13}
{"loss": 0.47050294280052185, "acc": 0.8065972924232483, "length": 4.0, "mode": "test", "epoch": 13}
{"loss": 0.4153335988521576, "acc": 0.8282234072685242, "length": 3.9628565311431885, "mode": "train", "epoch": 14}
{"loss": 0.4454529285430908, "acc": 0.8145833015441895, "length": 4.0, "mode": "test", "epoch": 14}
{"loss": 0.389973521232605, "acc": 0.8344437479972839, "length": 3.971590995788574, "mode": "train", "epoch": 15}
{"loss": 0.42871105670928955, "acc": 0.809374988079071, "length": 4.0, "mode": "test", "epoch": 15}
{"loss": 0.3724309504032135, "acc": 0.8414070010185242, "length": 3.97469162940979, "mode": "train", "epoch": 16}
{"loss": 0.4221360385417938, "acc": 0.8177083730697632, "length": 4.0, "mode": "test", "epoch": 16}
{"loss": 0.36286696791648865, "acc": 0.8423898816108704, "length": 3.9804656505584717, "mode": "train", "epoch": 17}
{"loss": 0.43252453207969666, "acc": 0.8199653029441833, "length": 4.0, "mode": "test", "epoch": 17}
{"loss": 0.3523629605770111, "acc": 0.847319483757019, "length": 3.9852352142333984, "mode": "train", "epoch": 18}
{"loss": 0.4324701726436615, "acc": 0.8125, "length": 4.0, "mode": "test", "epoch": 18}
{"loss": 0.3477192223072052, "acc": 0.84972083568573, "length": 3.9877445697784424, "mode": "train", "epoch": 19}
{"loss": 0.440716028213501, "acc": 0.8251736164093018, "length": 4.0, "mode": "test", "epoch": 19}
{"loss": 0.3410665690898895, "acc": 0.8510374426841736, "length": 3.989724636077881, "mode": "train", "epoch": 20}
{"loss": 0.4202962815761566, "acc": 0.822048544883728, "length": 4.0, "mode": "test", "epoch": 20}
{"loss": 0.3441839814186096, "acc": 0.8478361964225769, "length": 3.9907350540161133, "mode": "train", "epoch": 21}
{"loss": 0.43599796295166016, "acc": 0.8274306058883667, "length": 4.0, "mode": "test", "epoch": 21}
{"loss": 0.3353287875652313, "acc": 0.8509582877159119, "length": 3.990854024887085, "mode": "train", "epoch": 22}
{"loss": 0.4276260733604431, "acc": 0.8236110210418701, "length": 4.0, "mode": "test", "epoch": 22}
{"loss": 0.3311336934566498, "acc": 0.8521384596824646, "length": 3.993164539337158, "mode": "train", "epoch": 23}
{"loss": 0.41251784563064575, "acc": 0.8309028148651123, "length": 4.0, "mode": "test", "epoch": 23}
{"loss": 0.3263612389564514, "acc": 0.8543336987495422, "length": 3.9937820434570312, "mode": "train", "epoch": 24}
{"loss": 0.41609296202659607, "acc": 0.8324653506278992, "length": 4.0, "mode": "test", "epoch": 24}
{"loss": 0.32110077142715454, "acc": 0.8589039444923401, "length": 3.9940669536590576, "mode": "train", "epoch": 25}
{"loss": 0.40035808086395264, "acc": 0.8348957896232605, "length": 4.0, "mode": "test", "epoch": 25}
{"loss": 0.3196801543235779, "acc": 0.8604781031608582, "length": 3.99404239654541, "mode": "train", "epoch": 26}
{"loss": 0.40146005153656006, "acc": 0.8288193941116333, "length": 4.0, "mode": "test", "epoch": 26}
{"loss": 0.3177872598171234, "acc": 0.8583294153213501, "length": 3.994577407836914, "mode": "train", "epoch": 27}
{"loss": 0.38322192430496216, "acc": 0.8347222805023193, "length": 4.0, "mode": "test", "epoch": 27}
{"loss": 0.31553781032562256, "acc": 0.8643845319747925, "length": 3.9947545528411865, "mode": "train", "epoch": 28}
{"loss": 0.3726993203163147, "acc": 0.8366318941116333, "length": 4.0, "mode": "test", "epoch": 28}
{"loss": 0.30963680148124695, "acc": 0.8642179369926453, "length": 3.9961206912994385, "mode": "train", "epoch": 29}
{"loss": 0.37895822525024414, "acc": 0.8432294130325317, "length": 4.0, "mode": "test", "epoch": 29}
{"loss": 0.30881834030151367, "acc": 0.8644958138465881, "length": 3.99393630027771, "mode": "train", "epoch": 30}
{"loss": 0.3755905032157898, "acc": 0.8324652314186096, "length": 4.0, "mode": "test", "epoch": 30}
{"loss": 0.30976754426956177, "acc": 0.8654227256774902, "length": 3.9935312271118164, "mode": "train", "epoch": 31}
{"loss": 0.36203521490097046, "acc": 0.8354166150093079, "length": 4.0, "mode": "test", "epoch": 31}
{"loss": 0.3053134083747864, "acc": 0.8646005988121033, "length": 3.9963488578796387, "mode": "train", "epoch": 32}
{"loss": 0.3666306138038635, "acc": 0.840624988079071, "length": 4.0, "mode": "test", "epoch": 32}
{"loss": 0.2990869879722595, "acc": 0.8693456649780273, "length": 3.995518684387207, "mode": "train", "epoch": 33}
{"loss": 0.36159345507621765, "acc": 0.8387153744697571, "length": 4.0, "mode": "test", "epoch": 33}
{"loss": 0.2963017523288727, "acc": 0.8679192066192627, "length": 3.996427297592163, "mode": "train", "epoch": 34}
{"loss": 0.3597465455532074, "acc": 0.8501735925674438, "length": 4.0, "mode": "test", "epoch": 34}
{"loss": 0.2972022294998169, "acc": 0.8726743459701538, "length": 3.9950597286224365, "mode": "train", "epoch": 35}
{"loss": 0.351050466299057, "acc": 0.849826455116272, "length": 4.0, "mode": "test", "epoch": 35}
{"loss": 0.29041337966918945, "acc": 0.8739684820175171, "length": 3.9967200756073, "mode": "train", "epoch": 36}
{"loss": 0.35084933042526245, "acc": 0.8517362475395203, "length": 4.0, "mode": "test", "epoch": 36}
{"loss": 0.29297852516174316, "acc": 0.8716978430747986, "length": 3.996891975402832, "mode": "train", "epoch": 37}
{"loss": 0.34332120418548584, "acc": 0.8458333015441895, "length": 4.0, "mode": "test", "epoch": 37}
{"loss": 0.2865537405014038, "acc": 0.8743115067481995, "length": 3.9964568614959717, "mode": "train", "epoch": 38}
{"loss": 0.33498987555503845, "acc": 0.8472221493721008, "length": 4.0, "mode": "test", "epoch": 38}
{"loss": 0.285741925239563, "acc": 0.8746617436408997, "length": 3.9968557357788086, "mode": "train", "epoch": 39}
{"loss": 0.3385690152645111, "acc": 0.8532986640930176, "length": 4.0, "mode": "test", "epoch": 39}
{"loss": 0.28535670042037964, "acc": 0.8786667585372925, "length": 3.9976823329925537, "mode": "train", "epoch": 40}
{"loss": 0.3255442678928375, "acc": 0.8614583015441895, "length": 4.0, "mode": "test", "epoch": 40}
{"loss": 0.28000834584236145, "acc": 0.8809435367584229, "length": 3.9981088638305664, "mode": "train", "epoch": 41}
{"loss": 0.3219012916088104, "acc": 0.8684027194976807, "length": 4.0, "mode": "test", "epoch": 41}
{"loss": 0.27514907717704773, "acc": 0.8824453949928284, "length": 3.9980926513671875, "mode": "train", "epoch": 42}
{"loss": 0.3287891149520874, "acc": 0.8631944060325623, "length": 4.0, "mode": "test", "epoch": 42}
{"loss": 0.27405649423599243, "acc": 0.883260190486908, "length": 3.996903657913208, "mode": "train", "epoch": 43}
{"loss": 0.3188285231590271, "acc": 0.8585069179534912, "length": 4.0, "mode": "test", "epoch": 43}
{"loss": 0.2667331099510193, "acc": 0.8839341998100281, "length": 3.9969916343688965, "mode": "train", "epoch": 44}
{"loss": 0.3151591718196869, "acc": 0.8607639074325562, "length": 4.0, "mode": "test", "epoch": 44}
{"loss": 0.2661128640174866, "acc": 0.8888816833496094, "length": 3.9951331615448, "mode": "train", "epoch": 45}
{"loss": 0.31278228759765625, "acc": 0.8600693345069885, "length": 4.0, "mode": "test", "epoch": 45}
{"loss": 0.2637542486190796, "acc": 0.8857662677764893, "length": 3.998786687850952, "mode": "train", "epoch": 46}
{"loss": 0.3163334131240845, "acc": 0.8715277314186096, "length": 4.0, "mode": "test", "epoch": 46}
{"loss": 0.26142144203186035, "acc": 0.8890747427940369, "length": 3.9989371299743652, "mode": "train", "epoch": 47}
{"loss": 0.3142511248588562, "acc": 0.871874988079071, "length": 4.0, "mode": "test", "epoch": 47}
{"loss": 0.25244277715682983, "acc": 0.8936001658439636, "length": 3.9983696937561035, "mode": "train", "epoch": 48}
{"loss": 0.3018461763858795, "acc": 0.8687501549720764, "length": 4.0, "mode": "test", "epoch": 48}
{"loss": 0.24927031993865967, "acc": 0.8938698172569275, "length": 3.997802734375, "mode": "train", "epoch": 49}
{"loss": 0.3086719214916229, "acc": 0.8657985925674438, "length": 4.0, "mode": "test", "epoch": 49}
{"loss": 0.25050029158592224, "acc": 0.8907507061958313, "length": 3.997004270553589, "mode": "train", "epoch": 50}
{"loss": 0.3140740394592285, "acc": 0.8753471374511719, "length": 4.0, "mode": "test", "epoch": 50}
{"loss": 0.2489638775587082, "acc": 0.8953970670700073, "length": 3.9987218379974365, "mode": "train", "epoch": 51}
{"loss": 0.29941287636756897, "acc": 0.8744791150093079, "length": 4.0, "mode": "test", "epoch": 51}
{"loss": 0.24442680180072784, "acc": 0.8949317932128906, "length": 3.998469829559326, "mode": "train", "epoch": 52}
{"loss": 0.3027645945549011, "acc": 0.8746528029441833, "length": 4.0, "mode": "test", "epoch": 52}
{"loss": 0.23964346945285797, "acc": 0.8979506492614746, "length": 3.9989800453186035, "mode": "train", "epoch": 53}
{"loss": 0.28387516736984253, "acc": 0.8817707896232605, "length": 4.0, "mode": "test", "epoch": 53}
{"loss": 0.2311813235282898, "acc": 0.9059569835662842, "length": 3.999237060546875, "mode": "train", "epoch": 54}
{"loss": 0.2805464267730713, "acc": 0.8821181654930115, "length": 4.0, "mode": "test", "epoch": 54}
{"loss": 0.23320022225379944, "acc": 0.8986551761627197, "length": 3.999519109725952, "mode": "train", "epoch": 55}
{"loss": 0.2792131304740906, "acc": 0.8857638835906982, "length": 4.0, "mode": "test", "epoch": 55}
{"loss": 0.2240993082523346, "acc": 0.9088671207427979, "length": 3.9955923557281494, "mode": "train", "epoch": 56}
{"loss": 0.2789653539657593, "acc": 0.8871527910232544, "length": 4.0, "mode": "test", "epoch": 56}
{"loss": 0.2180173397064209, "acc": 0.9108731150627136, "length": 3.9985084533691406, "mode": "train", "epoch": 57}
{"loss": 0.27910634875297546, "acc": 0.8859372735023499, "length": 4.0, "mode": "test", "epoch": 57}
{"loss": 0.2159717082977295, "acc": 0.9101879596710205, "length": 3.9991419315338135, "mode": "train", "epoch": 58}
{"loss": 0.2663181722164154, "acc": 0.8866318464279175, "length": 4.0, "mode": "test", "epoch": 58}
{"loss": 0.21519112586975098, "acc": 0.9158174991607666, "length": 3.9992835521698, "mode": "train", "epoch": 59}
{"loss": 0.2589762806892395, "acc": 0.8928819298744202, "length": 4.0, "mode": "test", "epoch": 59}
{"loss": 0.21316692233085632, "acc": 0.9117112159729004, "length": 3.9996347427368164, "mode": "train", "epoch": 60}
{"loss": 0.25386062264442444, "acc": 0.8947916030883789, "length": 4.0, "mode": "test", "epoch": 60}
test accuracy: 0.8484483361244202
