# ["--attributes=5", "--values=16", "--game_size=10", "--vocab_size_factor=3", "--n_epochs=60", "--batch_size=128", "--learning_rate=0.0005", "--hidden_size=128", "--temp_update=0.99", "--temperature=2"]
Creating train_ds and val_ds...

Creating test_ds...
{"loss": 0.7096228003501892, "acc": 0.511333703994751, "length": 3.5492796897888184, "mode": "train", "epoch": 1}
{"loss": 0.6933959722518921, "acc": 0.5167235136032104, "length": 1.0, "mode": "test", "epoch": 1}
{"loss": 0.6949495077133179, "acc": 0.5332301259040833, "length": 3.492161989212036, "mode": "train", "epoch": 2}
{"loss": 0.6915173530578613, "acc": 0.5155289769172668, "length": 1.0, "mode": "test", "epoch": 2}
{"loss": 0.6885613203048706, "acc": 0.5344579219818115, "length": 3.397597312927246, "mode": "train", "epoch": 3}
{"loss": 0.6921277046203613, "acc": 0.5044369101524353, "length": 1.0, "mode": "test", "epoch": 3}
{"loss": 0.6887064576148987, "acc": 0.5323482155799866, "length": 3.3306658267974854, "mode": "train", "epoch": 4}
{"loss": 0.6917244791984558, "acc": 0.4941979646682739, "length": 1.0, "mode": "test", "epoch": 4}
{"loss": 0.6860952973365784, "acc": 0.5368720889091492, "length": 3.245877265930176, "mode": "train", "epoch": 5}
{"loss": 0.6915370225906372, "acc": 0.5124573707580566, "length": 1.0, "mode": "test", "epoch": 5}
{"loss": 0.6844518184661865, "acc": 0.5471177697181702, "length": 3.1580913066864014, "mode": "train", "epoch": 6}
{"loss": 0.6839248538017273, "acc": 0.5236216187477112, "length": 1.2491466999053955, "mode": "test", "epoch": 6}
{"loss": 0.6796583533287048, "acc": 0.5523191094398499, "length": 3.0037484169006348, "mode": "train", "epoch": 7}
{"loss": 0.6682251691818237, "acc": 0.6269547343254089, "length": 2.392491579055786, "mode": "test", "epoch": 7}
{"loss": 0.6709600687026978, "acc": 0.5817407369613647, "length": 3.07318115234375, "mode": "train", "epoch": 8}
{"loss": 0.6601337194442749, "acc": 0.6579705476760864, "length": 2.843003511428833, "mode": "test", "epoch": 8}
{"loss": 0.6559789776802063, "acc": 0.6404807567596436, "length": 3.0736687183380127, "mode": "train", "epoch": 9}
{"loss": 0.6410878896713257, "acc": 0.6962039470672607, "length": 2.8225255012512207, "mode": "test", "epoch": 9}
{"loss": 0.6321415305137634, "acc": 0.6980698704719543, "length": 3.056086301803589, "mode": "train", "epoch": 10}
{"loss": 0.6044790148735046, "acc": 0.7346307635307312, "length": 2.924914598464966, "mode": "test", "epoch": 10}
{"loss": 0.5983186960220337, "acc": 0.7374799251556396, "length": 3.1079697608947754, "mode": "train", "epoch": 11}
{"loss": 0.5622959136962891, "acc": 0.7734917402267456, "length": 3.0716724395751953, "mode": "test", "epoch": 11}
{"loss": 0.5568708777427673, "acc": 0.7709565758705139, "length": 3.2278990745544434, "mode": "train", "epoch": 12}
{"loss": 0.5206446647644043, "acc": 0.7722305655479431, "length": 3.317406177520752, "mode": "test", "epoch": 12}
{"loss": 0.5148468017578125, "acc": 0.7803391218185425, "length": 3.332873821258545, "mode": "train", "epoch": 13}
{"loss": 0.4858742356300354, "acc": 0.7799792289733887, "length": 3.3583617210388184, "mode": "test", "epoch": 13}
{"loss": 0.4788356423377991, "acc": 0.7924323081970215, "length": 3.3980300426483154, "mode": "train", "epoch": 14}
{"loss": 0.4529834985733032, "acc": 0.7902427315711975, "length": 3.372013568878174, "mode": "test", "epoch": 14}
{"loss": 0.44678395986557007, "acc": 0.8036697506904602, "length": 3.435652017593384, "mode": "train", "epoch": 15}
{"loss": 0.4380425810813904, "acc": 0.8066034317016602, "length": 3.4334471225738525, "mode": "test", "epoch": 15}
{"loss": 0.4149893820285797, "acc": 0.8169213533401489, "length": 3.507092237472534, "mode": "train", "epoch": 16}
{"loss": 0.4173327386379242, "acc": 0.8207850456237793, "length": 3.6416382789611816, "mode": "test", "epoch": 16}
{"loss": 0.38427549600601196, "acc": 0.8376249074935913, "length": 3.6654133796691895, "mode": "train", "epoch": 17}
{"loss": 0.4050920009613037, "acc": 0.8232283592224121, "length": 3.679180860519409, "mode": "test", "epoch": 17}
{"loss": 0.35885709524154663, "acc": 0.84681636095047, "length": 3.711677074432373, "mode": "train", "epoch": 18}
{"loss": 0.4034205377101898, "acc": 0.8155824542045593, "length": 3.8498294353485107, "mode": "test", "epoch": 18}
{"loss": 0.3393418490886688, "acc": 0.8571920990943909, "length": 3.783381938934326, "mode": "train", "epoch": 19}
{"loss": 0.3807630240917206, "acc": 0.8428159356117249, "length": 3.8839590549468994, "mode": "test", "epoch": 19}
{"loss": 0.3190922737121582, "acc": 0.8670520782470703, "length": 3.8627231121063232, "mode": "train", "epoch": 20}
{"loss": 0.3853403925895691, "acc": 0.8370346426963806, "length": 3.9385664463043213, "mode": "test", "epoch": 20}
{"loss": 0.3057485520839691, "acc": 0.8730241656303406, "length": 3.8958370685577393, "mode": "train", "epoch": 21}
{"loss": 0.3607255816459656, "acc": 0.8433460593223572, "length": 3.952218532562256, "mode": "test", "epoch": 21}
{"loss": 0.2935712933540344, "acc": 0.8798280954360962, "length": 3.9100677967071533, "mode": "train", "epoch": 22}
{"loss": 0.35450905561447144, "acc": 0.8455817103385925, "length": 3.9897611141204834, "mode": "test", "epoch": 22}
{"loss": 0.2852509021759033, "acc": 0.8845851421356201, "length": 3.9347808361053467, "mode": "train", "epoch": 23}
{"loss": 0.34342092275619507, "acc": 0.8583616614341736, "length": 4.0, "mode": "test", "epoch": 23}
{"loss": 0.28288260102272034, "acc": 0.8852691054344177, "length": 3.9521450996398926, "mode": "train", "epoch": 24}
{"loss": 0.34663325548171997, "acc": 0.8472697138786316, "length": 4.0, "mode": "test", "epoch": 24}
{"loss": 0.2803989052772522, "acc": 0.8890470862388611, "length": 3.964730739593506, "mode": "train", "epoch": 25}
{"loss": 0.3436855673789978, "acc": 0.8593857288360596, "length": 4.0, "mode": "test", "epoch": 25}
{"loss": 0.27539166808128357, "acc": 0.8911658525466919, "length": 3.972684621810913, "mode": "train", "epoch": 26}
{"loss": 0.337871789932251, "acc": 0.8610921502113342, "length": 4.0, "mode": "test", "epoch": 26}
{"loss": 0.27006852626800537, "acc": 0.8923287391662598, "length": 3.973078727722168, "mode": "train", "epoch": 27}
{"loss": 0.32988256216049194, "acc": 0.8656995892524719, "length": 4.0, "mode": "test", "epoch": 27}
{"loss": 0.2699766755104065, "acc": 0.8912461400032043, "length": 3.978663921356201, "mode": "train", "epoch": 28}
{"loss": 0.31830424070358276, "acc": 0.8658704161643982, "length": 4.0, "mode": "test", "epoch": 28}
{"loss": 0.26042672991752625, "acc": 0.8993260860443115, "length": 3.9807209968566895, "mode": "train", "epoch": 29}
{"loss": 0.3409256339073181, "acc": 0.8619454503059387, "length": 4.0, "mode": "test", "epoch": 29}
{"loss": 0.2610483765602112, "acc": 0.8980236649513245, "length": 3.97524356842041, "mode": "train", "epoch": 30}
{"loss": 0.31380778551101685, "acc": 0.8773037195205688, "length": 4.0, "mode": "test", "epoch": 30}
{"loss": 0.2603294551372528, "acc": 0.8944141864776611, "length": 3.980092763900757, "mode": "train", "epoch": 31}
{"loss": 0.31547147035598755, "acc": 0.8752558827400208, "length": 4.0, "mode": "test", "epoch": 31}
{"loss": 0.2526286542415619, "acc": 0.9005879759788513, "length": 3.980853796005249, "mode": "train", "epoch": 32}
{"loss": 0.32556113600730896, "acc": 0.8759387731552124, "length": 4.0, "mode": "test", "epoch": 32}
{"loss": 0.25390321016311646, "acc": 0.8983092308044434, "length": 3.9828708171844482, "mode": "train", "epoch": 33}
{"loss": 0.31329381465911865, "acc": 0.8779861330986023, "length": 4.0, "mode": "test", "epoch": 33}
{"loss": 0.2487741857767105, "acc": 0.902613639831543, "length": 3.979834794998169, "mode": "train", "epoch": 34}
{"loss": 0.30187737941741943, "acc": 0.8802048563957214, "length": 4.0, "mode": "test", "epoch": 34}
{"loss": 0.25010761618614197, "acc": 0.898641049861908, "length": 3.984434127807617, "mode": "train", "epoch": 35}
{"loss": 0.3071085810661316, "acc": 0.8790103197097778, "length": 4.0, "mode": "test", "epoch": 35}
{"loss": 0.24594441056251526, "acc": 0.8987264037132263, "length": 3.984701156616211, "mode": "train", "epoch": 36}
{"loss": 0.29856643080711365, "acc": 0.8755972385406494, "length": 4.0, "mode": "test", "epoch": 36}
{"loss": 0.2415061891078949, "acc": 0.9020775556564331, "length": 3.9845259189605713, "mode": "train", "epoch": 37}
{"loss": 0.2951541543006897, "acc": 0.8764504790306091, "length": 4.0, "mode": "test", "epoch": 37}
{"loss": 0.24587798118591309, "acc": 0.9000850319862366, "length": 3.9870054721832275, "mode": "train", "epoch": 38}
{"loss": 0.2972722053527832, "acc": 0.8812286257743835, "length": 4.0, "mode": "test", "epoch": 38}
{"loss": 0.2395719587802887, "acc": 0.9044354557991028, "length": 3.9847474098205566, "mode": "train", "epoch": 39}
{"loss": 0.3005235195159912, "acc": 0.8798635601997375, "length": 4.0, "mode": "test", "epoch": 39}
{"loss": 0.23916125297546387, "acc": 0.9041624665260315, "length": 3.986732006072998, "mode": "train", "epoch": 40}
{"loss": 0.28539928793907166, "acc": 0.8861774802207947, "length": 4.0, "mode": "test", "epoch": 40}
{"loss": 0.24144771695137024, "acc": 0.9021157026290894, "length": 3.991482734680176, "mode": "train", "epoch": 41}
{"loss": 0.2894471287727356, "acc": 0.8800342679023743, "length": 4.0, "mode": "test", "epoch": 41}
{"loss": 0.23523302376270294, "acc": 0.9067308306694031, "length": 3.9909329414367676, "mode": "train", "epoch": 42}
{"loss": 0.28682804107666016, "acc": 0.8837883472442627, "length": 4.0, "mode": "test", "epoch": 42}
{"loss": 0.23336997628211975, "acc": 0.90555739402771, "length": 3.990102767944336, "mode": "train", "epoch": 43}
{"loss": 0.27694517374038696, "acc": 0.885836124420166, "length": 4.0, "mode": "test", "epoch": 43}
{"loss": 0.2312973141670227, "acc": 0.9093573093414307, "length": 3.992128849029541, "mode": "train", "epoch": 44}
{"loss": 0.2692602872848511, "acc": 0.8892490863800049, "length": 4.0, "mode": "test", "epoch": 44}
{"loss": 0.22742561995983124, "acc": 0.9102262854576111, "length": 3.989837646484375, "mode": "train", "epoch": 45}
{"loss": 0.27875474095344543, "acc": 0.8837883472442627, "length": 4.0, "mode": "test", "epoch": 45}
{"loss": 0.22464482486248016, "acc": 0.9086436629295349, "length": 3.992182493209839, "mode": "train", "epoch": 46}
{"loss": 0.26708364486694336, "acc": 0.8885665535926819, "length": 4.0, "mode": "test", "epoch": 46}
{"loss": 0.22285695374011993, "acc": 0.9101300835609436, "length": 3.992229461669922, "mode": "train", "epoch": 47}
{"loss": 0.2673012614250183, "acc": 0.8877133131027222, "length": 4.0, "mode": "test", "epoch": 47}
{"loss": 0.21794919669628143, "acc": 0.9139363765716553, "length": 3.9952356815338135, "mode": "train", "epoch": 48}
{"loss": 0.26149216294288635, "acc": 0.8916382193565369, "length": 4.0, "mode": "test", "epoch": 48}
{"loss": 0.21919915080070496, "acc": 0.9156599044799805, "length": 3.9923765659332275, "mode": "train", "epoch": 49}
{"loss": 0.25387370586395264, "acc": 0.900853157043457, "length": 4.0, "mode": "test", "epoch": 49}
{"loss": 0.214843288064003, "acc": 0.9168977737426758, "length": 3.9930577278137207, "mode": "train", "epoch": 50}
{"loss": 0.24756509065628052, "acc": 0.8998293280601501, "length": 4.0, "mode": "test", "epoch": 50}
{"loss": 0.21063867211341858, "acc": 0.9162733554840088, "length": 3.99507999420166, "mode": "train", "epoch": 51}
{"loss": 0.2456728219985962, "acc": 0.8989759683609009, "length": 4.0, "mode": "test", "epoch": 51}
{"loss": 0.20415790379047394, "acc": 0.9211761355400085, "length": 3.995042085647583, "mode": "train", "epoch": 52}
{"loss": 0.25036847591400146, "acc": 0.9000001549720764, "length": 4.0, "mode": "test", "epoch": 52}
{"loss": 0.20372852683067322, "acc": 0.918910801410675, "length": 3.996279239654541, "mode": "train", "epoch": 53}
{"loss": 0.23424647748470306, "acc": 0.9001707434654236, "length": 4.0, "mode": "test", "epoch": 53}
{"loss": 0.19900359213352203, "acc": 0.9230464696884155, "length": 3.995467185974121, "mode": "train", "epoch": 54}
{"loss": 0.24653813242912292, "acc": 0.8957338333129883, "length": 4.0, "mode": "test", "epoch": 54}
{"loss": 0.20062486827373505, "acc": 0.9215789437294006, "length": 3.995983839035034, "mode": "train", "epoch": 55}
{"loss": 0.23194774985313416, "acc": 0.9047780632972717, "length": 4.0, "mode": "test", "epoch": 55}
{"loss": 0.19793550670146942, "acc": 0.9249740242958069, "length": 3.9972317218780518, "mode": "train", "epoch": 56}
{"loss": 0.23138603568077087, "acc": 0.9035836458206177, "length": 4.0, "mode": "test", "epoch": 56}
{"loss": 0.1917106956243515, "acc": 0.927493691444397, "length": 3.9962329864501953, "mode": "train", "epoch": 57}
{"loss": 0.22474054992198944, "acc": 0.9059726595878601, "length": 4.0, "mode": "test", "epoch": 57}
{"loss": 0.18503043055534363, "acc": 0.9281038045883179, "length": 3.9973580837249756, "mode": "train", "epoch": 58}
{"loss": 0.21988222002983093, "acc": 0.9127987027168274, "length": 4.0, "mode": "test", "epoch": 58}
{"loss": 0.18314073979854584, "acc": 0.9316239356994629, "length": 3.99702525138855, "mode": "train", "epoch": 59}
{"loss": 0.21974459290504456, "acc": 0.9100683331489563, "length": 4.0, "mode": "test", "epoch": 59}
{"loss": 0.18248774111270905, "acc": 0.928934633731842, "length": 3.996629238128662, "mode": "train", "epoch": 60}
{"loss": 0.23319151997566223, "acc": 0.9100682139396667, "length": 4.0, "mode": "test", "epoch": 60}
test accuracy: 0.6872222423553467
