# ["--attributes=3", "--values=4", "--game_size=10", "--vocab_size_factor=3", "--n_epochs=60", "--batch_size=64", "--learning_rate=0.0005", "--hidden_size=128", "--temp_update=0.99", "--temperature=1"]
Creating train_ds and val_ds...

Creating test_ds...
{"loss": 0.6955651044845581, "acc": 0.516466498374939, "length": 3.4941487312316895, "mode": "train", "epoch": 1}
{"loss": 0.6778599619865417, "acc": 0.5775959491729736, "length": 1.5194345712661743, "mode": "test", "epoch": 1}
{"loss": 0.6884534955024719, "acc": 0.5407888293266296, "length": 3.4254562854766846, "mode": "train", "epoch": 2}
{"loss": 0.6777288913726807, "acc": 0.5683881044387817, "length": 1.462897539138794, "mode": "test", "epoch": 2}
{"loss": 0.6799437999725342, "acc": 0.5645027160644531, "length": 3.0149037837982178, "mode": "train", "epoch": 3}
{"loss": 0.6584447622299194, "acc": 0.6593254804611206, "length": 2.349823236465454, "mode": "test", "epoch": 3}
{"loss": 0.6544363498687744, "acc": 0.6377014517784119, "length": 2.971790313720703, "mode": "train", "epoch": 4}
{"loss": 0.6140357255935669, "acc": 0.7408016920089722, "length": 2.954063653945923, "mode": "test", "epoch": 4}
{"loss": 0.597806453704834, "acc": 0.7280587553977966, "length": 3.102757215499878, "mode": "train", "epoch": 5}
{"loss": 0.538272500038147, "acc": 0.782773494720459, "length": 3.2367491722106934, "mode": "test", "epoch": 5}
{"loss": 0.5269510746002197, "acc": 0.7708954215049744, "length": 3.320791482925415, "mode": "train", "epoch": 6}
{"loss": 0.4770947992801666, "acc": 0.7966577410697937, "length": 3.4876325130462646, "mode": "test", "epoch": 6}
{"loss": 0.4703417122364044, "acc": 0.7857363224029541, "length": 3.4572560787200928, "mode": "train", "epoch": 7}
{"loss": 0.44838204979896545, "acc": 0.8133480548858643, "length": 3.5971732139587402, "mode": "test", "epoch": 7}
{"loss": 0.4533146917819977, "acc": 0.7976745963096619, "length": 3.5190250873565674, "mode": "train", "epoch": 8}
{"loss": 0.4186873435974121, "acc": 0.8237965703010559, "length": 3.452296733856201, "mode": "test", "epoch": 8}
{"loss": 0.43392229080200195, "acc": 0.7992850542068481, "length": 3.545039415359497, "mode": "train", "epoch": 9}
{"loss": 0.4100011885166168, "acc": 0.8252153992652893, "length": 3.491166114807129, "mode": "test", "epoch": 9}
{"loss": 0.43602049350738525, "acc": 0.8045926094055176, "length": 3.527261972427368, "mode": "train", "epoch": 10}
{"loss": 0.4053342044353485, "acc": 0.8321835994720459, "length": 3.5618374347686768, "mode": "test", "epoch": 10}
{"loss": 0.42020735144615173, "acc": 0.814072847366333, "length": 3.533318519592285, "mode": "train", "epoch": 11}
{"loss": 0.39899274706840515, "acc": 0.8288835287094116, "length": 3.593639612197876, "mode": "test", "epoch": 11}
{"loss": 0.40904542803764343, "acc": 0.8178688883781433, "length": 3.5668625831604004, "mode": "train", "epoch": 12}
{"loss": 0.3900028169155121, "acc": 0.834286093711853, "length": 3.519434690475464, "mode": "test", "epoch": 12}
{"loss": 0.40781885385513306, "acc": 0.8169234991073608, "length": 3.5851550102233887, "mode": "train", "epoch": 13}
{"loss": 0.3751511871814728, "acc": 0.8429909944534302, "length": 3.547703266143799, "mode": "test", "epoch": 13}
{"loss": 0.390973836183548, "acc": 0.8236894607543945, "length": 3.5679497718811035, "mode": "train", "epoch": 14}
{"loss": 0.3750947415828705, "acc": 0.8419113755226135, "length": 3.593639612197876, "mode": "test", "epoch": 14}
{"loss": 0.39007821679115295, "acc": 0.829911470413208, "length": 3.5976779460906982, "mode": "train", "epoch": 15}
{"loss": 0.3594825863838196, "acc": 0.8509408235549927, "length": 3.5547702312469482, "mode": "test", "epoch": 15}
{"loss": 0.3714238107204437, "acc": 0.8373652100563049, "length": 3.6099045276641846, "mode": "train", "epoch": 16}
{"loss": 0.35132846236228943, "acc": 0.8576709032058716, "length": 3.5406360626220703, "mode": "test", "epoch": 16}
{"loss": 0.3712647259235382, "acc": 0.8401305675506592, "length": 3.6343894004821777, "mode": "train", "epoch": 17}
{"loss": 0.3283472955226898, "acc": 0.8724925518035889, "length": 3.5971732139587402, "mode": "test", "epoch": 17}
{"loss": 0.3484483063220978, "acc": 0.8487787842750549, "length": 3.66434645652771, "mode": "train", "epoch": 18}
{"loss": 0.32863348722457886, "acc": 0.8793196678161621, "length": 3.6183745861053467, "mode": "test", "epoch": 18}
{"loss": 0.3382226228713989, "acc": 0.8630422949790955, "length": 3.6908907890319824, "mode": "train", "epoch": 19}
{"loss": 0.3126758933067322, "acc": 0.8829090595245361, "length": 3.692579507827759, "mode": "test", "epoch": 19}
{"loss": 0.3240814208984375, "acc": 0.8686012029647827, "length": 3.7277512550354004, "mode": "train", "epoch": 20}
{"loss": 0.30885443091392517, "acc": 0.8845640420913696, "length": 3.724381685256958, "mode": "test", "epoch": 20}
{"loss": 0.3113812208175659, "acc": 0.8714011311531067, "length": 3.738615036010742, "mode": "train", "epoch": 21}
{"loss": 0.2818490266799927, "acc": 0.8949635624885559, "length": 3.7773852348327637, "mode": "test", "epoch": 21}
{"loss": 0.2883126735687256, "acc": 0.8825069665908813, "length": 3.7665233612060547, "mode": "train", "epoch": 22}
{"loss": 0.26536670327186584, "acc": 0.8995530009269714, "length": 3.784452199935913, "mode": "test", "epoch": 22}
{"loss": 0.27935150265693665, "acc": 0.8920819163322449, "length": 3.8455450534820557, "mode": "train", "epoch": 23}
{"loss": 0.26019713282585144, "acc": 0.9006702899932861, "length": 3.8374557495117188, "mode": "test", "epoch": 23}
{"loss": 0.26468151807785034, "acc": 0.8945260643959045, "length": 3.854322671890259, "mode": "train", "epoch": 24}
{"loss": 0.24131643772125244, "acc": 0.9070819616317749, "length": 3.823321580886841, "mode": "test", "epoch": 24}
{"loss": 0.2621520757675171, "acc": 0.9019144773483276, "length": 3.8889617919921875, "mode": "train", "epoch": 25}
{"loss": 0.23502130806446075, "acc": 0.9103075265884399, "length": 3.8657243251800537, "mode": "test", "epoch": 25}
{"loss": 0.26066479086875916, "acc": 0.897360622882843, "length": 3.881401777267456, "mode": "train", "epoch": 26}
{"loss": 0.243142768740654, "acc": 0.9094009399414062, "length": 3.8374557495117188, "mode": "test", "epoch": 26}
{"loss": 0.23995304107666016, "acc": 0.9075238108634949, "length": 3.8525874614715576, "mode": "train", "epoch": 27}
{"loss": 0.22946320474147797, "acc": 0.913090705871582, "length": 3.85512375831604, "mode": "test", "epoch": 27}
{"loss": 0.23526360094547272, "acc": 0.9045407772064209, "length": 3.8983840942382812, "mode": "train", "epoch": 28}
{"loss": 0.2189909666776657, "acc": 0.9253502488136292, "length": 3.883392333984375, "mode": "test", "epoch": 28}
{"loss": 0.23718559741973877, "acc": 0.9102770090103149, "length": 3.8923513889312744, "mode": "train", "epoch": 29}
{"loss": 0.2158009558916092, "acc": 0.9166295528411865, "length": 3.883392333984375, "mode": "test", "epoch": 29}
{"loss": 0.23003949224948883, "acc": 0.9111042618751526, "length": 3.8993079662323, "mode": "train", "epoch": 30}
{"loss": 0.21059058606624603, "acc": 0.9272154569625854, "length": 3.8904592990875244, "mode": "test", "epoch": 30}
{"loss": 0.2277774214744568, "acc": 0.911565363407135, "length": 3.888521909713745, "mode": "train", "epoch": 31}
{"loss": 0.20581720769405365, "acc": 0.92751145362854, "length": 3.8939929008483887, "mode": "test", "epoch": 31}
{"loss": 0.21641775965690613, "acc": 0.9203329086303711, "length": 3.895747423171997, "mode": "train", "epoch": 32}
{"loss": 0.20246028900146484, "acc": 0.9270632863044739, "length": 3.9081273078918457, "mode": "test", "epoch": 32}
{"loss": 0.21044789254665375, "acc": 0.9185142517089844, "length": 3.9084739685058594, "mode": "train", "epoch": 33}
{"loss": 0.20752839744091034, "acc": 0.9279041290283203, "length": 3.9222614765167236, "mode": "test", "epoch": 33}
{"loss": 0.2115618735551834, "acc": 0.9185755252838135, "length": 3.908417224884033, "mode": "train", "epoch": 34}
{"loss": 0.19862915575504303, "acc": 0.9305938482284546, "length": 3.929328680038452, "mode": "test", "epoch": 34}
{"loss": 0.20676225423812866, "acc": 0.9235033988952637, "length": 3.9140803813934326, "mode": "train", "epoch": 35}
{"loss": 0.19817213714122772, "acc": 0.9287862181663513, "length": 3.9081273078918457, "mode": "test", "epoch": 35}
{"loss": 0.20506499707698822, "acc": 0.9188703894615173, "length": 3.9060027599334717, "mode": "train", "epoch": 36}
{"loss": 0.19138458371162415, "acc": 0.9287863969802856, "length": 3.8939929008483887, "mode": "test", "epoch": 36}
{"loss": 0.19980260729789734, "acc": 0.9215011596679688, "length": 3.9076647758483887, "mode": "train", "epoch": 37}
{"loss": 0.1951814740896225, "acc": 0.9282115697860718, "length": 3.915194272994995, "mode": "test", "epoch": 37}
{"loss": 0.20191046595573425, "acc": 0.9235542416572571, "length": 3.9272818565368652, "mode": "train", "epoch": 38}
{"loss": 0.18950216472148895, "acc": 0.9281464219093323, "length": 3.911660671234131, "mode": "test", "epoch": 38}
{"loss": 0.21055923402309418, "acc": 0.9194962382316589, "length": 3.911625623703003, "mode": "train", "epoch": 39}
{"loss": 0.1973959058523178, "acc": 0.9299500584602356, "length": 3.925795078277588, "mode": "test", "epoch": 39}
{"loss": 0.19540001451969147, "acc": 0.9224516749382019, "length": 3.927560567855835, "mode": "train", "epoch": 40}
{"loss": 0.19784775376319885, "acc": 0.9277547597885132, "length": 3.9469964504241943, "mode": "test", "epoch": 40}
{"loss": 0.18849271535873413, "acc": 0.9274646639823914, "length": 3.931589365005493, "mode": "train", "epoch": 41}
{"loss": 0.18891654908657074, "acc": 0.9250075221061707, "length": 3.9328622817993164, "mode": "test", "epoch": 41}
{"loss": 0.1886940449476242, "acc": 0.9279512166976929, "length": 3.9408955574035645, "mode": "train", "epoch": 42}
{"loss": 0.18315578997135162, "acc": 0.9304465651512146, "length": 3.9469964504241943, "mode": "test", "epoch": 42}
{"loss": 0.17980819940567017, "acc": 0.9315357208251953, "length": 3.9570798873901367, "mode": "train", "epoch": 43}
{"loss": 0.1752755343914032, "acc": 0.9355035424232483, "length": 3.9752650260925293, "mode": "test", "epoch": 43}
{"loss": 0.1800280064344406, "acc": 0.9288748502731323, "length": 3.9687917232513428, "mode": "train", "epoch": 44}
{"loss": 0.17283181846141815, "acc": 0.9352568984031677, "length": 3.9787986278533936, "mode": "test", "epoch": 44}
{"loss": 0.18461839854717255, "acc": 0.9283040761947632, "length": 3.973832368850708, "mode": "train", "epoch": 45}
{"loss": 0.16888347268104553, "acc": 0.9344522356987, "length": 4.0, "mode": "test", "epoch": 45}
{"loss": 0.17013666033744812, "acc": 0.9350327253341675, "length": 3.980748414993286, "mode": "train", "epoch": 46}
{"loss": 0.17898599803447723, "acc": 0.9339222311973572, "length": 4.0, "mode": "test", "epoch": 46}
{"loss": 0.17840804159641266, "acc": 0.9338057637214661, "length": 3.9806180000305176, "mode": "train", "epoch": 47}
{"loss": 0.1647707223892212, "acc": 0.93780916929245, "length": 4.0, "mode": "test", "epoch": 47}
{"loss": 0.16103234887123108, "acc": 0.9373765587806702, "length": 3.989084005355835, "mode": "train", "epoch": 48}
{"loss": 0.1739022582769394, "acc": 0.9367491602897644, "length": 4.0, "mode": "test", "epoch": 48}
{"loss": 0.1625475287437439, "acc": 0.9394882321357727, "length": 3.99023699760437, "mode": "train", "epoch": 49}
{"loss": 0.15365496277809143, "acc": 0.9395760297775269, "length": 4.0, "mode": "test", "epoch": 49}
{"loss": 0.16032546758651733, "acc": 0.9375910758972168, "length": 3.9961612224578857, "mode": "train", "epoch": 50}
{"loss": 0.17451491951942444, "acc": 0.9365723729133606, "length": 4.0, "mode": "test", "epoch": 50}
{"loss": 0.16059468686580658, "acc": 0.9391434192657471, "length": 3.994089365005493, "mode": "train", "epoch": 51}
{"loss": 0.1604694128036499, "acc": 0.9399293065071106, "length": 4.0, "mode": "test", "epoch": 51}
{"loss": 0.15241658687591553, "acc": 0.9419730305671692, "length": 3.9908759593963623, "mode": "train", "epoch": 52}
{"loss": 0.1565098762512207, "acc": 0.9374557733535767, "length": 4.0, "mode": "test", "epoch": 52}
{"loss": 0.15765273571014404, "acc": 0.9373309016227722, "length": 3.9955806732177734, "mode": "train", "epoch": 53}
{"loss": 0.15626311302185059, "acc": 0.9411662220954895, "length": 4.0, "mode": "test", "epoch": 53}
{"loss": 0.15096263587474823, "acc": 0.9433531761169434, "length": 3.9931600093841553, "mode": "train", "epoch": 54}
{"loss": 0.1551777422428131, "acc": 0.9475263953208923, "length": 4.0, "mode": "test", "epoch": 54}
{"loss": 0.14997738599777222, "acc": 0.9443531036376953, "length": 3.996666669845581, "mode": "train", "epoch": 55}
{"loss": 0.15685944259166718, "acc": 0.9404593706130981, "length": 4.0, "mode": "test", "epoch": 55}
{"loss": 0.14717340469360352, "acc": 0.9429903030395508, "length": 3.9946742057800293, "mode": "train", "epoch": 56}
{"loss": 0.1431482881307602, "acc": 0.9434629082679749, "length": 4.0, "mode": "test", "epoch": 56}
{"loss": 0.14143966138362885, "acc": 0.944382905960083, "length": 3.9991543292999268, "mode": "train", "epoch": 57}
{"loss": 0.14377205073833466, "acc": 0.9446995854377747, "length": 4.0, "mode": "test", "epoch": 57}
{"loss": 0.1408863514661789, "acc": 0.9461257457733154, "length": 3.997455596923828, "mode": "train", "epoch": 58}
{"loss": 0.15005701780319214, "acc": 0.9473498463630676, "length": 4.0, "mode": "test", "epoch": 58}
{"loss": 0.13533972203731537, "acc": 0.9518425464630127, "length": 3.995521068572998, "mode": "train", "epoch": 59}
{"loss": 0.1429259032011032, "acc": 0.9415192604064941, "length": 4.0, "mode": "test", "epoch": 59}
{"loss": 0.14272351562976837, "acc": 0.9487303495407104, "length": 3.998171329498291, "mode": "train", "epoch": 60}
{"loss": 0.15323419868946075, "acc": 0.9496466517448425, "length": 4.0, "mode": "test", "epoch": 60}
test accuracy: 0.8241934776306152
