# ["--attributes=5", "--values=16", "--game_size=10", "--vocab_size_factor=3", "--n_epochs=60", "--batch_size=128", "--learning_rate=0.0005", "--hidden_size=256", "--temp_update=0.97", "--temperature=1"]
Creating train_ds and val_ds...

Creating test_ds...
{"loss": 0.6970545053482056, "acc": 0.5309547185897827, "length": 3.512427568435669, "mode": "train", "epoch": 1}
{"loss": 0.6936356425285339, "acc": 0.5454288125038147, "length": 1.0889679193496704, "mode": "test", "epoch": 1}
{"loss": 0.6905020475387573, "acc": 0.5515297651290894, "length": 3.364849328994751, "mode": "train", "epoch": 2}
{"loss": 0.6931748390197754, "acc": 0.5052506327629089, "length": 1.0071173906326294, "mode": "test", "epoch": 2}
{"loss": 0.6880829334259033, "acc": 0.5366798639297485, "length": 2.985938549041748, "mode": "train", "epoch": 3}
{"loss": 0.6858201026916504, "acc": 0.5333810448646545, "length": 1.3950177431106567, "mode": "test", "epoch": 3}
{"loss": 0.6669652462005615, "acc": 0.5993818044662476, "length": 2.787231683731079, "mode": "train", "epoch": 4}
{"loss": 0.6424500942230225, "acc": 0.6648947596549988, "length": 3.1316726207733154, "mode": "test", "epoch": 4}
{"loss": 0.6187036633491516, "acc": 0.6765531897544861, "length": 3.3147830963134766, "mode": "train", "epoch": 5}
{"loss": 0.5687374472618103, "acc": 0.7669304013252258, "length": 3.9679715633392334, "mode": "test", "epoch": 5}
{"loss": 0.5417009592056274, "acc": 0.7540150880813599, "length": 3.7010698318481445, "mode": "train", "epoch": 6}
{"loss": 0.4948579668998718, "acc": 0.7836298942565918, "length": 4.0, "mode": "test", "epoch": 6}
{"loss": 0.4603462517261505, "acc": 0.8048542141914368, "length": 3.9077792167663574, "mode": "train", "epoch": 7}
{"loss": 0.4471045732498169, "acc": 0.817259669303894, "length": 4.0, "mode": "test", "epoch": 7}
{"loss": 0.40061885118484497, "acc": 0.8307856917381287, "length": 3.9516375064849854, "mode": "train", "epoch": 8}
{"loss": 0.43072056770324707, "acc": 0.8311387300491333, "length": 4.0, "mode": "test", "epoch": 8}
{"loss": 0.37924352288246155, "acc": 0.8403608202934265, "length": 3.968623161315918, "mode": "train", "epoch": 9}
{"loss": 0.4463821351528168, "acc": 0.829181432723999, "length": 4.0, "mode": "test", "epoch": 9}
{"loss": 0.3635416328907013, "acc": 0.8470287322998047, "length": 3.9910852909088135, "mode": "train", "epoch": 10}
{"loss": 0.427732914686203, "acc": 0.8295373916625977, "length": 4.0, "mode": "test", "epoch": 10}
{"loss": 0.3467326760292053, "acc": 0.849851131439209, "length": 3.986961841583252, "mode": "train", "epoch": 11}
{"loss": 0.4288034439086914, "acc": 0.8375445604324341, "length": 4.0, "mode": "test", "epoch": 11}
{"loss": 0.3380994200706482, "acc": 0.8515728116035461, "length": 3.9935214519500732, "mode": "train", "epoch": 12}
{"loss": 0.4042842388153076, "acc": 0.8434164524078369, "length": 4.0, "mode": "test", "epoch": 12}
{"loss": 0.3255232274532318, "acc": 0.8588181138038635, "length": 3.9926207065582275, "mode": "train", "epoch": 13}
{"loss": 0.40168651938438416, "acc": 0.8455514907836914, "length": 4.0, "mode": "test", "epoch": 13}
{"loss": 0.315517395734787, "acc": 0.8664820194244385, "length": 3.9961864948272705, "mode": "train", "epoch": 14}
{"loss": 0.3932536542415619, "acc": 0.8581851720809937, "length": 4.0, "mode": "test", "epoch": 14}
{"loss": 0.3116525113582611, "acc": 0.8728285431861877, "length": 3.994791269302368, "mode": "train", "epoch": 15}
{"loss": 0.38486334681510925, "acc": 0.8658361434936523, "length": 4.0, "mode": "test", "epoch": 15}
{"loss": 0.3013831079006195, "acc": 0.8807476162910461, "length": 3.995382785797119, "mode": "train", "epoch": 16}
{"loss": 0.35392531752586365, "acc": 0.8637011647224426, "length": 4.0, "mode": "test", "epoch": 16}
{"loss": 0.2869095802307129, "acc": 0.8841792345046997, "length": 3.9976425170898438, "mode": "train", "epoch": 17}
{"loss": 0.3191753625869751, "acc": 0.8747332096099854, "length": 4.0, "mode": "test", "epoch": 17}
{"loss": 0.2754339575767517, "acc": 0.892083466053009, "length": 3.9953324794769287, "mode": "train", "epoch": 18}
{"loss": 0.32769009470939636, "acc": 0.8740212321281433, "length": 4.0, "mode": "test", "epoch": 18}
{"loss": 0.2666676640510559, "acc": 0.8942369818687439, "length": 3.9956862926483154, "mode": "train", "epoch": 19}
{"loss": 0.31230244040489197, "acc": 0.8814945220947266, "length": 4.0, "mode": "test", "epoch": 19}
{"loss": 0.2537345290184021, "acc": 0.9016519784927368, "length": 3.998371124267578, "mode": "train", "epoch": 20}
{"loss": 0.29957476258277893, "acc": 0.893060564994812, "length": 4.0, "mode": "test", "epoch": 20}
{"loss": 0.24150420725345612, "acc": 0.9140323996543884, "length": 3.9981844425201416, "mode": "train", "epoch": 21}
{"loss": 0.27524930238723755, "acc": 0.9090746641159058, "length": 4.0, "mode": "test", "epoch": 21}
{"loss": 0.23816587030887604, "acc": 0.9119929075241089, "length": 3.9975638389587402, "mode": "train", "epoch": 22}
{"loss": 0.27433648705482483, "acc": 0.9051601886749268, "length": 4.0, "mode": "test", "epoch": 22}
{"loss": 0.21664239466190338, "acc": 0.9182296395301819, "length": 3.9962832927703857, "mode": "train", "epoch": 23}
{"loss": 0.283876895904541, "acc": 0.9163699746131897, "length": 4.0, "mode": "test", "epoch": 23}
{"loss": 0.21628409624099731, "acc": 0.9226776361465454, "length": 3.9986960887908936, "mode": "train", "epoch": 24}
{"loss": 0.2632225453853607, "acc": 0.9268683791160583, "length": 4.0, "mode": "test", "epoch": 24}
{"loss": 0.2050233632326126, "acc": 0.9299474358558655, "length": 3.9983808994293213, "mode": "train", "epoch": 25}
{"loss": 0.2784439027309418, "acc": 0.9261565804481506, "length": 4.0, "mode": "test", "epoch": 25}
{"loss": 0.20890791714191437, "acc": 0.9270962476730347, "length": 3.9988791942596436, "mode": "train", "epoch": 26}
{"loss": 0.27467840909957886, "acc": 0.9306049942970276, "length": 4.0, "mode": "test", "epoch": 26}
{"loss": 0.20049412548542023, "acc": 0.930679202079773, "length": 3.999342441558838, "mode": "train", "epoch": 27}
{"loss": 0.2624850571155548, "acc": 0.9288256168365479, "length": 4.0, "mode": "test", "epoch": 27}
{"loss": 0.19372013211250305, "acc": 0.931502640247345, "length": 3.9986507892608643, "mode": "train", "epoch": 28}
{"loss": 0.27073487639427185, "acc": 0.926512598991394, "length": 4.0, "mode": "test", "epoch": 28}
{"loss": 0.1918707638978958, "acc": 0.9327750205993652, "length": 3.999819040298462, "mode": "train", "epoch": 29}
{"loss": 0.25115638971328735, "acc": 0.9316727519035339, "length": 4.0, "mode": "test", "epoch": 29}
{"loss": 0.19027110934257507, "acc": 0.9368664622306824, "length": 3.999269723892212, "mode": "train", "epoch": 30}
{"loss": 0.2710374891757965, "acc": 0.9290035367012024, "length": 4.0, "mode": "test", "epoch": 30}
{"loss": 0.18158309161663055, "acc": 0.9383151531219482, "length": 3.999816656112671, "mode": "train", "epoch": 31}
{"loss": 0.27499479055404663, "acc": 0.9298931956291199, "length": 4.0, "mode": "test", "epoch": 31}
{"loss": 0.18009088933467865, "acc": 0.9383772611618042, "length": 3.999856472015381, "mode": "train", "epoch": 32}
{"loss": 0.26802659034729004, "acc": 0.9314945340156555, "length": 4.0, "mode": "test", "epoch": 32}
{"loss": 0.18357010185718536, "acc": 0.9379238486289978, "length": 3.998727798461914, "mode": "train", "epoch": 33}
{"loss": 0.24909572303295135, "acc": 0.9352312684059143, "length": 4.0, "mode": "test", "epoch": 33}
{"loss": 0.1792188286781311, "acc": 0.9417129755020142, "length": 3.9998505115509033, "mode": "train", "epoch": 34}
{"loss": 0.2569049000740051, "acc": 0.937900185585022, "length": 4.0, "mode": "test", "epoch": 34}
{"loss": 0.17347534000873566, "acc": 0.9441326260566711, "length": 3.9983139038085938, "mode": "train", "epoch": 35}
{"loss": 0.2543664574623108, "acc": 0.9359429478645325, "length": 4.0, "mode": "test", "epoch": 35}
{"loss": 0.167210653424263, "acc": 0.9446529150009155, "length": 3.9976894855499268, "mode": "train", "epoch": 36}
{"loss": 0.24373386800289154, "acc": 0.9355871677398682, "length": 4.0, "mode": "test", "epoch": 36}
{"loss": 0.1584133505821228, "acc": 0.9457077980041504, "length": 3.9995226860046387, "mode": "train", "epoch": 37}
{"loss": 0.23463205993175507, "acc": 0.9411032199859619, "length": 4.0, "mode": "test", "epoch": 37}
{"loss": 0.15384681522846222, "acc": 0.9471614360809326, "length": 3.9977164268493652, "mode": "train", "epoch": 38}
{"loss": 0.22540637850761414, "acc": 0.9409252405166626, "length": 4.0, "mode": "test", "epoch": 38}
{"loss": 0.15354913473129272, "acc": 0.9495749473571777, "length": 3.999589681625366, "mode": "train", "epoch": 39}
{"loss": 0.23486432433128357, "acc": 0.937010645866394, "length": 4.0, "mode": "test", "epoch": 39}
{"loss": 0.15074793994426727, "acc": 0.9487159252166748, "length": 3.996875524520874, "mode": "train", "epoch": 40}
{"loss": 0.22114109992980957, "acc": 0.9361210465431213, "length": 4.0, "mode": "test", "epoch": 40}
{"loss": 0.15356659889221191, "acc": 0.9537515640258789, "length": 3.9998998641967773, "mode": "train", "epoch": 41}
{"loss": 0.22672364115715027, "acc": 0.9403913617134094, "length": 4.0, "mode": "test", "epoch": 41}
{"loss": 0.14869306981563568, "acc": 0.9499345421791077, "length": 3.999891757965088, "mode": "train", "epoch": 42}
{"loss": 0.2162160575389862, "acc": 0.9407474398612976, "length": 4.0, "mode": "test", "epoch": 42}
{"loss": 0.1411837339401245, "acc": 0.9503551125526428, "length": 3.999948501586914, "mode": "train", "epoch": 43}
{"loss": 0.21108029782772064, "acc": 0.9391458630561829, "length": 4.0, "mode": "test", "epoch": 43}
{"loss": 0.13904982805252075, "acc": 0.9538111686706543, "length": 3.99981689453125, "mode": "train", "epoch": 44}
{"loss": 0.1947333663702011, "acc": 0.9482206702232361, "length": 4.0, "mode": "test", "epoch": 44}
{"loss": 0.14430032670497894, "acc": 0.9528957605361938, "length": 3.9991657733917236, "mode": "train", "epoch": 45}
{"loss": 0.22181987762451172, "acc": 0.9469748735427856, "length": 4.0, "mode": "test", "epoch": 45}
{"loss": 0.1341865062713623, "acc": 0.9562563300132751, "length": 3.999957799911499, "mode": "train", "epoch": 46}
{"loss": 0.19027426838874817, "acc": 0.9448398351669312, "length": 4.0, "mode": "test", "epoch": 46}
{"loss": 0.13870379328727722, "acc": 0.9540996551513672, "length": 3.999782085418701, "mode": "train", "epoch": 47}
{"loss": 0.20346002280712128, "acc": 0.9485763311386108, "length": 4.0, "mode": "test", "epoch": 47}
{"loss": 0.13365884125232697, "acc": 0.9543479681015015, "length": 3.999934196472168, "mode": "train", "epoch": 48}
{"loss": 0.19457745552062988, "acc": 0.9437722563743591, "length": 4.0, "mode": "test", "epoch": 48}
{"loss": 0.12258844077587128, "acc": 0.9560129046440125, "length": 3.9995803833007812, "mode": "train", "epoch": 49}
{"loss": 0.19677332043647766, "acc": 0.9483987092971802, "length": 4.0, "mode": "test", "epoch": 49}
{"loss": 0.12049122899770737, "acc": 0.9607256650924683, "length": 3.9999475479125977, "mode": "train", "epoch": 50}
{"loss": 0.19883130490779877, "acc": 0.9528470039367676, "length": 4.0, "mode": "test", "epoch": 50}
{"loss": 0.11827073246240616, "acc": 0.9606858491897583, "length": 3.9984946250915527, "mode": "train", "epoch": 51}
{"loss": 0.20206555724143982, "acc": 0.9480428099632263, "length": 4.0, "mode": "test", "epoch": 51}
{"loss": 0.11558789014816284, "acc": 0.9601784348487854, "length": 3.9988646507263184, "mode": "train", "epoch": 52}
{"loss": 0.19773682951927185, "acc": 0.9476869106292725, "length": 4.0, "mode": "test", "epoch": 52}
{"loss": 0.11424756795167923, "acc": 0.9609472751617432, "length": 3.999311923980713, "mode": "train", "epoch": 53}
{"loss": 0.18996289372444153, "acc": 0.9521350860595703, "length": 4.0, "mode": "test", "epoch": 53}
{"loss": 0.11473170667886734, "acc": 0.9621501564979553, "length": 3.999776840209961, "mode": "train", "epoch": 54}
{"loss": 0.20384246110916138, "acc": 0.9459075331687927, "length": 4.0, "mode": "test", "epoch": 54}
{"loss": 0.11756621301174164, "acc": 0.9608887434005737, "length": 3.9997217655181885, "mode": "train", "epoch": 55}
{"loss": 0.19176778197288513, "acc": 0.9508897066116333, "length": 4.0, "mode": "test", "epoch": 55}
{"loss": 0.11330237984657288, "acc": 0.9599046111106873, "length": 3.997938632965088, "mode": "train", "epoch": 56}
{"loss": 0.17563390731811523, "acc": 0.9533807635307312, "length": 4.0, "mode": "test", "epoch": 56}
{"loss": 0.1141822561621666, "acc": 0.961203396320343, "length": 3.9999806880950928, "mode": "train", "epoch": 57}
{"loss": 0.17519573867321014, "acc": 0.9587188363075256, "length": 4.0, "mode": "test", "epoch": 57}
{"loss": 0.1146109476685524, "acc": 0.9620975852012634, "length": 3.9999923706054688, "mode": "train", "epoch": 58}
{"loss": 0.17305509746074677, "acc": 0.9548042416572571, "length": 4.0, "mode": "test", "epoch": 58}
{"loss": 0.1084526851773262, "acc": 0.9621447920799255, "length": 3.9994494915008545, "mode": "train", "epoch": 59}
{"loss": 0.18949759006500244, "acc": 0.9489324688911438, "length": 4.0, "mode": "test", "epoch": 59}
{"loss": 0.10369899868965149, "acc": 0.9635257720947266, "length": 3.9999613761901855, "mode": "train", "epoch": 60}
{"loss": 0.17541980743408203, "acc": 0.9610322117805481, "length": 4.0, "mode": "test", "epoch": 60}
test accuracy: 0.8723437190055847
