# ["--attributes=5", "--values=16", "--game_size=10", "--vocab_size_factor=3", "--n_epochs=60", "--batch_size=128", "--learning_rate=0.0005", "--hidden_size=256", "--temp_update=0.97", "--temperature=1.5"]
Creating train_ds and val_ds...

Creating test_ds...
{"loss": 0.7054702043533325, "acc": 0.5115141868591309, "length": 3.4787607192993164, "mode": "train", "epoch": 1}
{"loss": 0.6952762603759766, "acc": 0.5024911165237427, "length": 1.0, "mode": "test", "epoch": 1}
{"loss": 0.6938979029655457, "acc": 0.5311526656150818, "length": 3.2614047527313232, "mode": "train", "epoch": 2}
{"loss": 0.6941244006156921, "acc": 0.504804253578186, "length": 1.0, "mode": "test", "epoch": 2}
{"loss": 0.6881140470504761, "acc": 0.5397875308990479, "length": 2.7124905586242676, "mode": "train", "epoch": 3}
{"loss": 0.695758044719696, "acc": 0.4975089728832245, "length": 1.0, "mode": "test", "epoch": 3}
{"loss": 0.6773704290390015, "acc": 0.5839530825614929, "length": 2.342890739440918, "mode": "train", "epoch": 4}
{"loss": 0.6684863567352295, "acc": 0.6142270565032959, "length": 1.8540924787521362, "mode": "test", "epoch": 4}
{"loss": 0.6455137133598328, "acc": 0.6647543907165527, "length": 2.656102180480957, "mode": "train", "epoch": 5}
{"loss": 0.6250114440917969, "acc": 0.67192542552948, "length": 2.740213632583618, "mode": "test", "epoch": 5}
{"loss": 0.5936859846115112, "acc": 0.7086266279220581, "length": 2.7746293544769287, "mode": "train", "epoch": 6}
{"loss": 0.5866730809211731, "acc": 0.6834079027175903, "length": 2.761565923690796, "mode": "test", "epoch": 6}
{"loss": 0.5396258234977722, "acc": 0.728618860244751, "length": 2.797243356704712, "mode": "train", "epoch": 7}
{"loss": 0.53017657995224, "acc": 0.7661115527153015, "length": 3.0213522911071777, "mode": "test", "epoch": 7}
{"loss": 0.5010997653007507, "acc": 0.7665777206420898, "length": 2.982278823852539, "mode": "train", "epoch": 8}
{"loss": 0.48971402645111084, "acc": 0.7916497588157654, "length": 3.3701066970825195, "mode": "test", "epoch": 8}
{"loss": 0.46322786808013916, "acc": 0.7976057529449463, "length": 3.2531590461730957, "mode": "train", "epoch": 9}
{"loss": 0.4841124415397644, "acc": 0.7950722575187683, "length": 3.5444839000701904, "mode": "test", "epoch": 9}
{"loss": 0.4414924383163452, "acc": 0.8104499578475952, "length": 3.303626298904419, "mode": "train", "epoch": 10}
{"loss": 0.47290921211242676, "acc": 0.7964149713516235, "length": 3.498220682144165, "mode": "test", "epoch": 10}
{"loss": 0.4316902756690979, "acc": 0.8163036108016968, "length": 3.2190215587615967, "mode": "train", "epoch": 11}
{"loss": 0.4765724837779999, "acc": 0.7997784614562988, "length": 3.5587189197540283, "mode": "test", "epoch": 11}
{"loss": 0.4173649847507477, "acc": 0.8223003149032593, "length": 3.2987778186798096, "mode": "train", "epoch": 12}
{"loss": 0.44893890619277954, "acc": 0.8118836879730225, "length": 3.6939501762390137, "mode": "test", "epoch": 12}
{"loss": 0.41208702325820923, "acc": 0.824172854423523, "length": 3.404865264892578, "mode": "train", "epoch": 13}
{"loss": 0.4491737484931946, "acc": 0.8125399947166443, "length": 3.6903915405273438, "mode": "test", "epoch": 13}
{"loss": 0.39906013011932373, "acc": 0.8301780819892883, "length": 3.3210527896881104, "mode": "train", "epoch": 14}
{"loss": 0.4433914124965668, "acc": 0.80928635597229, "length": 3.6263344287872314, "mode": "test", "epoch": 14}
{"loss": 0.3929888904094696, "acc": 0.8302359580993652, "length": 3.353095531463623, "mode": "train", "epoch": 15}
{"loss": 0.44703444838523865, "acc": 0.8187851905822754, "length": 3.6263344287872314, "mode": "test", "epoch": 15}
{"loss": 0.3785378038883209, "acc": 0.8385449051856995, "length": 3.36933970451355, "mode": "train", "epoch": 16}
{"loss": 0.4220712184906006, "acc": 0.8102166056632996, "length": 3.672597885131836, "mode": "test", "epoch": 16}
{"loss": 0.36215418577194214, "acc": 0.8455542325973511, "length": 3.4196035861968994, "mode": "train", "epoch": 17}
{"loss": 0.4137440621852875, "acc": 0.8258718848228455, "length": 3.672597885131836, "mode": "test", "epoch": 17}
{"loss": 0.3499928414821625, "acc": 0.8503957986831665, "length": 3.431366443634033, "mode": "train", "epoch": 18}
{"loss": 0.3958359360694885, "acc": 0.8335110545158386, "length": 3.761565923690796, "mode": "test", "epoch": 18}
{"loss": 0.3390914499759674, "acc": 0.8562473058700562, "length": 3.4675416946411133, "mode": "train", "epoch": 19}
{"loss": 0.3701106309890747, "acc": 0.8380337357521057, "length": 3.743772268295288, "mode": "test", "epoch": 19}
{"loss": 0.32591286301612854, "acc": 0.8577790856361389, "length": 3.5253474712371826, "mode": "train", "epoch": 20}
{"loss": 0.3569934070110321, "acc": 0.8440805077552795, "length": 3.8149466514587402, "mode": "test", "epoch": 20}
{"loss": 0.3186114430427551, "acc": 0.8628345727920532, "length": 3.5655875205993652, "mode": "train", "epoch": 21}
{"loss": 0.3569366931915283, "acc": 0.8437920212745667, "length": 3.7793593406677246, "mode": "test", "epoch": 21}
{"loss": 0.31141772866249084, "acc": 0.8700982928276062, "length": 3.5607669353485107, "mode": "train", "epoch": 22}
{"loss": 0.34174323081970215, "acc": 0.8511015772819519, "length": 3.8149466514587402, "mode": "test", "epoch": 22}
{"loss": 0.29688477516174316, "acc": 0.8726959228515625, "length": 3.641406297683716, "mode": "train", "epoch": 23}
{"loss": 0.33136695623397827, "acc": 0.8590503334999084, "length": 3.8576512336730957, "mode": "test", "epoch": 23}
{"loss": 0.29282256960868835, "acc": 0.8750266432762146, "length": 3.6643855571746826, "mode": "train", "epoch": 24}
{"loss": 0.31504446268081665, "acc": 0.8512808084487915, "length": 3.8505337238311768, "mode": "test", "epoch": 24}
{"loss": 0.2864619493484497, "acc": 0.8785923719406128, "length": 3.7039365768432617, "mode": "train", "epoch": 25}
{"loss": 0.29704394936561584, "acc": 0.8613844513893127, "length": 3.8754448890686035, "mode": "test", "epoch": 25}
{"loss": 0.2761663496494293, "acc": 0.8793843984603882, "length": 3.7088139057159424, "mode": "train", "epoch": 26}
{"loss": 0.2906612753868103, "acc": 0.8649503588676453, "length": 3.829181432723999, "mode": "test", "epoch": 26}
{"loss": 0.2596209943294525, "acc": 0.8834285140037537, "length": 3.6609044075012207, "mode": "train", "epoch": 27}
{"loss": 0.29085424542427063, "acc": 0.8709352016448975, "length": 3.81850528717041, "mode": "test", "epoch": 27}
{"loss": 0.2506363093852997, "acc": 0.8903537392616272, "length": 3.7035789489746094, "mode": "train", "epoch": 28}
{"loss": 0.27856892347335815, "acc": 0.8746643662452698, "length": 3.8113880157470703, "mode": "test", "epoch": 28}
{"loss": 0.23736214637756348, "acc": 0.8962373733520508, "length": 3.709399700164795, "mode": "train", "epoch": 29}
{"loss": 0.2723729908466339, "acc": 0.8850460648536682, "length": 3.8113880157470703, "mode": "test", "epoch": 29}
{"loss": 0.2319704294204712, "acc": 0.9033353924751282, "length": 3.7223403453826904, "mode": "train", "epoch": 30}
{"loss": 0.24592095613479614, "acc": 0.9021514058113098, "length": 3.8042705059051514, "mode": "test", "epoch": 30}
{"loss": 0.2149946689605713, "acc": 0.9138195514678955, "length": 3.7245988845825195, "mode": "train", "epoch": 31}
{"loss": 0.2444491982460022, "acc": 0.8958687782287598, "length": 3.7793593406677246, "mode": "test", "epoch": 31}
{"loss": 0.2258632481098175, "acc": 0.9048334360122681, "length": 3.6796963214874268, "mode": "train", "epoch": 32}
{"loss": 0.258383572101593, "acc": 0.8959215879440308, "length": 3.761565923690796, "mode": "test", "epoch": 32}
{"loss": 0.21079738438129425, "acc": 0.9109075665473938, "length": 3.7297167778015137, "mode": "train", "epoch": 33}
{"loss": 0.23876194655895233, "acc": 0.8983473777770996, "length": 3.822064161300659, "mode": "test", "epoch": 33}
{"loss": 0.20282895863056183, "acc": 0.9166498184204102, "length": 3.695713758468628, "mode": "train", "epoch": 34}
{"loss": 0.22061972320079803, "acc": 0.9017679691314697, "length": 3.7686831951141357, "mode": "test", "epoch": 34}
{"loss": 0.18837417662143707, "acc": 0.9265928268432617, "length": 3.7041149139404297, "mode": "train", "epoch": 35}
{"loss": 0.19833455979824066, "acc": 0.914520263671875, "length": 3.7758007049560547, "mode": "test", "epoch": 35}
{"loss": 0.18406249582767487, "acc": 0.9300415515899658, "length": 3.727193832397461, "mode": "train", "epoch": 36}
{"loss": 0.20957818627357483, "acc": 0.9170106649398804, "length": 3.765124559402466, "mode": "test", "epoch": 36}
{"loss": 0.18002519011497498, "acc": 0.9304915070533752, "length": 3.723783493041992, "mode": "train", "epoch": 37}
{"loss": 0.2112901657819748, "acc": 0.9171602129936218, "length": 3.7793593406677246, "mode": "test", "epoch": 37}
{"loss": 0.1744910627603531, "acc": 0.9297500848770142, "length": 3.7474148273468018, "mode": "train", "epoch": 38}
{"loss": 0.2117803543806076, "acc": 0.9144172072410583, "length": 3.7722420692443848, "mode": "test", "epoch": 38}
{"loss": 0.17622384428977966, "acc": 0.9316118955612183, "length": 3.707517147064209, "mode": "train", "epoch": 39}
{"loss": 0.20057210326194763, "acc": 0.9185928106307983, "length": 3.7793593406677246, "mode": "test", "epoch": 39}
{"loss": 0.16639921069145203, "acc": 0.9339079260826111, "length": 3.743715524673462, "mode": "train", "epoch": 40}
{"loss": 0.19290956854820251, "acc": 0.9204534888267517, "length": 3.7864768505096436, "mode": "test", "epoch": 40}
{"loss": 0.17039643228054047, "acc": 0.9327563047409058, "length": 3.7618472576141357, "mode": "train", "epoch": 41}
{"loss": 0.18742677569389343, "acc": 0.916260838508606, "length": 3.8042705059051514, "mode": "test", "epoch": 41}
{"loss": 0.156683549284935, "acc": 0.9432443380355835, "length": 3.730825424194336, "mode": "train", "epoch": 42}
{"loss": 0.19977939128875732, "acc": 0.9174268245697021, "length": 3.822064161300659, "mode": "test", "epoch": 42}
{"loss": 0.1677386611700058, "acc": 0.935549259185791, "length": 3.7604081630706787, "mode": "train", "epoch": 43}
{"loss": 0.20631185173988342, "acc": 0.9214943647384644, "length": 3.8042705059051514, "mode": "test", "epoch": 43}
{"loss": 0.16172738373279572, "acc": 0.9366596341133118, "length": 3.755621910095215, "mode": "train", "epoch": 44}
{"loss": 0.19257813692092896, "acc": 0.9217974543571472, "length": 3.8113880157470703, "mode": "test", "epoch": 44}
{"loss": 0.15294480323791504, "acc": 0.9424857497215271, "length": 3.7488210201263428, "mode": "train", "epoch": 45}
{"loss": 0.20173224806785583, "acc": 0.9236149191856384, "length": 3.825622797012329, "mode": "test", "epoch": 45}
{"loss": 0.14402882754802704, "acc": 0.9457960724830627, "length": 3.786262035369873, "mode": "train", "epoch": 46}
{"loss": 0.186002716422081, "acc": 0.9293840527534485, "length": 3.822064161300659, "mode": "test", "epoch": 46}
{"loss": 0.14428144693374634, "acc": 0.9467747807502747, "length": 3.772733211517334, "mode": "train", "epoch": 47}
{"loss": 0.1903887242078781, "acc": 0.9276096820831299, "length": 3.7971529960632324, "mode": "test", "epoch": 47}
{"loss": 0.14480940997600555, "acc": 0.9468261003494263, "length": 3.7555489540100098, "mode": "train", "epoch": 48}
{"loss": 0.2026938647031784, "acc": 0.9291780591011047, "length": 3.846975088119507, "mode": "test", "epoch": 48}
{"loss": 0.13444480299949646, "acc": 0.9528897404670715, "length": 3.8191475868225098, "mode": "train", "epoch": 49}
{"loss": 0.18446604907512665, "acc": 0.9353196620941162, "length": 3.836298942565918, "mode": "test", "epoch": 49}
{"loss": 0.13091304898262024, "acc": 0.9566357135772705, "length": 3.7832350730895996, "mode": "train", "epoch": 50}
{"loss": 0.17735090851783752, "acc": 0.9335049390792847, "length": 3.832740306854248, "mode": "test", "epoch": 50}
{"loss": 0.12857560813426971, "acc": 0.9552549719810486, "length": 3.7737185955047607, "mode": "train", "epoch": 51}
{"loss": 0.19120067358016968, "acc": 0.9344520568847656, "length": 3.829181432723999, "mode": "test", "epoch": 51}
{"loss": 0.1279929131269455, "acc": 0.9521188139915466, "length": 3.783623695373535, "mode": "train", "epoch": 52}
{"loss": 0.1710413098335266, "acc": 0.9343398809432983, "length": 3.825622797012329, "mode": "test", "epoch": 52}
{"loss": 0.1230001226067543, "acc": 0.957347571849823, "length": 3.7756965160369873, "mode": "train", "epoch": 53}
{"loss": 0.16380535066127777, "acc": 0.9367428421974182, "length": 3.839857578277588, "mode": "test", "epoch": 53}
{"loss": 0.12354560941457748, "acc": 0.955903947353363, "length": 3.797814130783081, "mode": "train", "epoch": 54}
{"loss": 0.17351961135864258, "acc": 0.9313758611679077, "length": 3.836298942565918, "mode": "test", "epoch": 54}
{"loss": 0.12057153135538101, "acc": 0.9565401077270508, "length": 3.790304660797119, "mode": "train", "epoch": 55}
{"loss": 0.16327935457229614, "acc": 0.9378665089607239, "length": 3.854092597961426, "mode": "test", "epoch": 55}
{"loss": 0.12073816359043121, "acc": 0.9564235806465149, "length": 3.809335708618164, "mode": "train", "epoch": 56}
{"loss": 0.18752142786979675, "acc": 0.9245007038116455, "length": 3.8647687435150146, "mode": "test", "epoch": 56}
{"loss": 0.12458184361457825, "acc": 0.954788863658905, "length": 3.8297483921051025, "mode": "train", "epoch": 57}
{"loss": 0.18304233253002167, "acc": 0.9355019330978394, "length": 3.8149466514587402, "mode": "test", "epoch": 57}
{"loss": 0.11943905055522919, "acc": 0.9574988484382629, "length": 3.797454833984375, "mode": "train", "epoch": 58}
{"loss": 0.1527547836303711, "acc": 0.9419361352920532, "length": 3.843416452407837, "mode": "test", "epoch": 58}
{"loss": 0.1124228984117508, "acc": 0.9583010673522949, "length": 3.793226480484009, "mode": "train", "epoch": 59}
{"loss": 0.1739630103111267, "acc": 0.9395230412483215, "length": 3.8113880157470703, "mode": "test", "epoch": 59}
{"loss": 0.10636170208454132, "acc": 0.9633861780166626, "length": 3.798433303833008, "mode": "train", "epoch": 60}
{"loss": 0.15820008516311646, "acc": 0.9350410103797913, "length": 3.8683273792266846, "mode": "test", "epoch": 60}
test accuracy: 0.8742042779922485
