# ["--attributes=5", "--values=16", "--game_size=10", "--vocab_size_factor=3", "--n_epochs=60", "--batch_size=128", "--learning_rate=0.0005", "--hidden_size=256", "--temp_update=0.97", "--temperature=2"]
Creating train_ds and val_ds...

Creating test_ds...
{"loss": 0.6990697383880615, "acc": 0.5301409363746643, "length": 3.5282421112060547, "mode": "train", "epoch": 1}
{"loss": 0.7014493942260742, "acc": 0.5063604116439819, "length": 1.0, "mode": "test", "epoch": 1}
{"loss": 0.6931675672531128, "acc": 0.5117449760437012, "length": 3.3525900840759277, "mode": "train", "epoch": 2}
{"loss": 0.6948566436767578, "acc": 0.4879859387874603, "length": 1.0, "mode": "test", "epoch": 2}
{"loss": 0.687006413936615, "acc": 0.5503291487693787, "length": 3.041492462158203, "mode": "train", "epoch": 3}
{"loss": 0.6988954544067383, "acc": 0.5053646564483643, "length": 1.0424028635025024, "mode": "test", "epoch": 3}
{"loss": 0.6731163859367371, "acc": 0.594195544719696, "length": 2.9608709812164307, "mode": "train", "epoch": 4}
{"loss": 0.6488070487976074, "acc": 0.6800473928451538, "length": 2.7491166591644287, "mode": "test", "epoch": 4}
{"loss": 0.634894073009491, "acc": 0.6751270890235901, "length": 3.4093282222747803, "mode": "train", "epoch": 5}
{"loss": 0.598285436630249, "acc": 0.6958756446838379, "length": 3.971731424331665, "mode": "test", "epoch": 5}
{"loss": 0.5751492381095886, "acc": 0.7030646800994873, "length": 3.769524574279785, "mode": "train", "epoch": 6}
{"loss": 0.5885440707206726, "acc": 0.7088337540626526, "length": 4.0, "mode": "test", "epoch": 6}
{"loss": 0.5467848777770996, "acc": 0.7057338953018188, "length": 3.8914761543273926, "mode": "train", "epoch": 7}
{"loss": 0.5783857703208923, "acc": 0.7201412916183472, "length": 4.0, "mode": "test", "epoch": 7}
{"loss": 0.5195475816726685, "acc": 0.7482690811157227, "length": 3.9271457195281982, "mode": "train", "epoch": 8}
{"loss": 0.5055389404296875, "acc": 0.7950530648231506, "length": 4.0, "mode": "test", "epoch": 8}
{"loss": 0.4652861952781677, "acc": 0.8113716244697571, "length": 3.930912494659424, "mode": "train", "epoch": 9}
{"loss": 0.444826602935791, "acc": 0.819434642791748, "length": 4.0, "mode": "test", "epoch": 9}
{"loss": 0.40542834997177124, "acc": 0.8347595930099487, "length": 3.944924831390381, "mode": "train", "epoch": 10}
{"loss": 0.4260426461696625, "acc": 0.8238516449928284, "length": 4.0, "mode": "test", "epoch": 10}
{"loss": 0.36911672353744507, "acc": 0.8451662659645081, "length": 3.9548444747924805, "mode": "train", "epoch": 11}
{"loss": 0.4029855728149414, "acc": 0.836395800113678, "length": 4.0, "mode": "test", "epoch": 11}
{"loss": 0.3441469371318817, "acc": 0.8562341332435608, "length": 3.968221426010132, "mode": "train", "epoch": 12}
{"loss": 0.3911007344722748, "acc": 0.8431094288825989, "length": 4.0, "mode": "test", "epoch": 12}
{"loss": 0.3245620131492615, "acc": 0.8644056916236877, "length": 3.9763059616088867, "mode": "train", "epoch": 13}
{"loss": 0.3899366557598114, "acc": 0.8492934703826904, "length": 4.0, "mode": "test", "epoch": 13}
{"loss": 0.29792261123657227, "acc": 0.8766261339187622, "length": 3.9838905334472656, "mode": "train", "epoch": 14}
{"loss": 0.36102616786956787, "acc": 0.8533568978309631, "length": 4.0, "mode": "test", "epoch": 14}
{"loss": 0.28318899869918823, "acc": 0.8833608627319336, "length": 3.9878287315368652, "mode": "train", "epoch": 15}
{"loss": 0.3664848506450653, "acc": 0.8628974556922913, "length": 4.0, "mode": "test", "epoch": 15}
{"loss": 0.27586302161216736, "acc": 0.8887799382209778, "length": 3.9910335540771484, "mode": "train", "epoch": 16}
{"loss": 0.3639373481273651, "acc": 0.8628974556922913, "length": 4.0, "mode": "test", "epoch": 16}
{"loss": 0.2692287564277649, "acc": 0.8899414539337158, "length": 3.9897148609161377, "mode": "train", "epoch": 17}
{"loss": 0.35126566886901855, "acc": 0.8673143982887268, "length": 4.0, "mode": "test", "epoch": 17}
{"loss": 0.26289987564086914, "acc": 0.8964939713478088, "length": 3.995582103729248, "mode": "train", "epoch": 18}
{"loss": 0.36254245042800903, "acc": 0.8690813779830933, "length": 4.0, "mode": "test", "epoch": 18}
{"loss": 0.26082056760787964, "acc": 0.895912230014801, "length": 3.9963715076446533, "mode": "train", "epoch": 19}
{"loss": 0.3570597767829895, "acc": 0.8676678538322449, "length": 4.0, "mode": "test", "epoch": 19}
{"loss": 0.25306951999664307, "acc": 0.9020735025405884, "length": 3.996819019317627, "mode": "train", "epoch": 20}
{"loss": 0.34695860743522644, "acc": 0.8766785860061646, "length": 4.0, "mode": "test", "epoch": 20}
{"loss": 0.2493896186351776, "acc": 0.9023189544677734, "length": 3.9974746704101562, "mode": "train", "epoch": 21}
{"loss": 0.3464313745498657, "acc": 0.8729682564735413, "length": 4.0, "mode": "test", "epoch": 21}
{"loss": 0.2465992271900177, "acc": 0.9006987810134888, "length": 3.9965708255767822, "mode": "train", "epoch": 22}
{"loss": 0.3382037580013275, "acc": 0.8690811395645142, "length": 4.0, "mode": "test", "epoch": 22}
{"loss": 0.24092061817646027, "acc": 0.9078148603439331, "length": 3.995851516723633, "mode": "train", "epoch": 23}
{"loss": 0.3234644830226898, "acc": 0.8791519403457642, "length": 4.0, "mode": "test", "epoch": 23}
{"loss": 0.23608402907848358, "acc": 0.9083596467971802, "length": 3.998605251312256, "mode": "train", "epoch": 24}
{"loss": 0.3136633634567261, "acc": 0.8800352811813354, "length": 4.0, "mode": "test", "epoch": 24}
{"loss": 0.24011117219924927, "acc": 0.9082344770431519, "length": 3.998452663421631, "mode": "train", "epoch": 25}
{"loss": 0.3334525525569916, "acc": 0.8846290111541748, "length": 4.0, "mode": "test", "epoch": 25}
{"loss": 0.2349846065044403, "acc": 0.9062924385070801, "length": 3.998628854751587, "mode": "train", "epoch": 26}
{"loss": 0.3156087100505829, "acc": 0.8862190246582031, "length": 4.0, "mode": "test", "epoch": 26}
{"loss": 0.23334583640098572, "acc": 0.9102601408958435, "length": 3.999227523803711, "mode": "train", "epoch": 27}
{"loss": 0.3068007230758667, "acc": 0.8828622698783875, "length": 4.0, "mode": "test", "epoch": 27}
{"loss": 0.2253229022026062, "acc": 0.9143933057785034, "length": 3.999457597732544, "mode": "train", "epoch": 28}
{"loss": 0.3088610768318176, "acc": 0.8895760178565979, "length": 4.0, "mode": "test", "epoch": 28}
{"loss": 0.21551771461963654, "acc": 0.9179752469062805, "length": 3.9985601902008057, "mode": "train", "epoch": 29}
{"loss": 0.3057897388935089, "acc": 0.8849824070930481, "length": 4.0, "mode": "test", "epoch": 29}
{"loss": 0.21745041012763977, "acc": 0.9160410761833191, "length": 3.999136447906494, "mode": "train", "epoch": 30}
{"loss": 0.2969045042991638, "acc": 0.8915193676948547, "length": 4.0, "mode": "test", "epoch": 30}
{"loss": 0.2106551229953766, "acc": 0.9180260300636292, "length": 3.9974706172943115, "mode": "train", "epoch": 31}
{"loss": 0.318118155002594, "acc": 0.8818021416664124, "length": 4.0, "mode": "test", "epoch": 31}
{"loss": 0.2076626569032669, "acc": 0.9138031601905823, "length": 3.9991562366485596, "mode": "train", "epoch": 32}
{"loss": 0.28009986877441406, "acc": 0.8939928412437439, "length": 4.0, "mode": "test", "epoch": 32}
{"loss": 0.20302584767341614, "acc": 0.9217091798782349, "length": 3.9987988471984863, "mode": "train", "epoch": 33}
{"loss": 0.2954198122024536, "acc": 0.891872763633728, "length": 4.0, "mode": "test", "epoch": 33}
{"loss": 0.19928881525993347, "acc": 0.9215345978736877, "length": 3.9984993934631348, "mode": "train", "epoch": 34}
{"loss": 0.27030766010284424, "acc": 0.9045936465263367, "length": 4.0, "mode": "test", "epoch": 34}
{"loss": 0.19143030047416687, "acc": 0.9283913969993591, "length": 3.999854326248169, "mode": "train", "epoch": 35}
{"loss": 0.276706337928772, "acc": 0.9038870930671692, "length": 4.0, "mode": "test", "epoch": 35}
{"loss": 0.17541958391666412, "acc": 0.9362857341766357, "length": 3.9989168643951416, "mode": "train", "epoch": 36}
{"loss": 0.2593248188495636, "acc": 0.9144877195358276, "length": 4.0, "mode": "test", "epoch": 36}
{"loss": 0.1761711984872818, "acc": 0.9343778491020203, "length": 3.998600482940674, "mode": "train", "epoch": 37}
{"loss": 0.26060038805007935, "acc": 0.8985868692398071, "length": 4.0, "mode": "test", "epoch": 37}
{"loss": 0.16925044357776642, "acc": 0.9331127405166626, "length": 3.9996466636657715, "mode": "train", "epoch": 38}
{"loss": 0.2701025605201721, "acc": 0.9093641042709351, "length": 4.0, "mode": "test", "epoch": 38}
{"loss": 0.1657055914402008, "acc": 0.9373658299446106, "length": 3.999920129776001, "mode": "train", "epoch": 39}
{"loss": 0.24832265079021454, "acc": 0.9130741953849792, "length": 4.0, "mode": "test", "epoch": 39}
{"loss": 0.16055245697498322, "acc": 0.9426180124282837, "length": 3.9998795986175537, "mode": "train", "epoch": 40}
{"loss": 0.2400977909564972, "acc": 0.9189045429229736, "length": 4.0, "mode": "test", "epoch": 40}
{"loss": 0.1569938063621521, "acc": 0.9417782425880432, "length": 3.9989047050476074, "mode": "train", "epoch": 41}
{"loss": 0.2561160624027252, "acc": 0.923675000667572, "length": 4.0, "mode": "test", "epoch": 41}
{"loss": 0.15908105671405792, "acc": 0.9433290362358093, "length": 3.9999899864196777, "mode": "train", "epoch": 42}
{"loss": 0.23916319012641907, "acc": 0.9257951378822327, "length": 4.0, "mode": "test", "epoch": 42}
{"loss": 0.14995025098323822, "acc": 0.9441555738449097, "length": 3.9998748302459717, "mode": "train", "epoch": 43}
{"loss": 0.21679583191871643, "acc": 0.9220848679542542, "length": 4.0, "mode": "test", "epoch": 43}
{"loss": 0.14980417490005493, "acc": 0.9441547989845276, "length": 3.999950885772705, "mode": "train", "epoch": 44}
{"loss": 0.22955092787742615, "acc": 0.9233214855194092, "length": 4.0, "mode": "test", "epoch": 44}
{"loss": 0.14438742399215698, "acc": 0.9475158452987671, "length": 3.9993808269500732, "mode": "train", "epoch": 45}
{"loss": 0.21070173382759094, "acc": 0.9236748814582825, "length": 4.0, "mode": "test", "epoch": 45}
{"loss": 0.1502935290336609, "acc": 0.9427390098571777, "length": 3.9999964237213135, "mode": "train", "epoch": 46}
{"loss": 0.2064605951309204, "acc": 0.9275618195533752, "length": 4.0, "mode": "test", "epoch": 46}
{"loss": 0.13672278821468353, "acc": 0.9495863914489746, "length": 3.9999911785125732, "mode": "train", "epoch": 47}
{"loss": 0.1998574435710907, "acc": 0.9287987351417542, "length": 4.0, "mode": "test", "epoch": 47}
{"loss": 0.13949847221374512, "acc": 0.9493638873100281, "length": 3.998716115951538, "mode": "train", "epoch": 48}
{"loss": 0.21296727657318115, "acc": 0.9302120208740234, "length": 4.0, "mode": "test", "epoch": 48}
{"loss": 0.12927618622779846, "acc": 0.9531264305114746, "length": 3.9999632835388184, "mode": "train", "epoch": 49}
{"loss": 0.2013719081878662, "acc": 0.9344523549079895, "length": 4.0, "mode": "test", "epoch": 49}
{"loss": 0.13323597609996796, "acc": 0.953128457069397, "length": 3.9999914169311523, "mode": "train", "epoch": 50}
{"loss": 0.19441954791545868, "acc": 0.9349822402000427, "length": 4.0, "mode": "test", "epoch": 50}
{"loss": 0.12791922688484192, "acc": 0.9543680548667908, "length": 3.999985694885254, "mode": "train", "epoch": 51}
{"loss": 0.21564428508281708, "acc": 0.9298585057258606, "length": 4.0, "mode": "test", "epoch": 51}
{"loss": 0.12523256242275238, "acc": 0.9533032178878784, "length": 3.998164653778076, "mode": "train", "epoch": 52}
{"loss": 0.2049809694290161, "acc": 0.9332156777381897, "length": 4.0, "mode": "test", "epoch": 52}
{"loss": 0.125852569937706, "acc": 0.9570835828781128, "length": 3.9999873638153076, "mode": "train", "epoch": 53}
{"loss": 0.18530838191509247, "acc": 0.9371024370193481, "length": 4.0, "mode": "test", "epoch": 53}
{"loss": 0.12118153274059296, "acc": 0.9576149582862854, "length": 3.9999961853027344, "mode": "train", "epoch": 54}
{"loss": 0.19272033870220184, "acc": 0.9275618195533752, "length": 4.0, "mode": "test", "epoch": 54}
{"loss": 0.12551245093345642, "acc": 0.9570245742797852, "length": 3.999985694885254, "mode": "train", "epoch": 55}
{"loss": 0.19499942660331726, "acc": 0.9307421445846558, "length": 4.0, "mode": "test", "epoch": 55}
{"loss": 0.11995214968919754, "acc": 0.9558441042900085, "length": 3.9999988079071045, "mode": "train", "epoch": 56}
{"loss": 0.2057429999113083, "acc": 0.9365723729133606, "length": 4.0, "mode": "test", "epoch": 56}
{"loss": 0.11767329275608063, "acc": 0.9562572240829468, "length": 3.9999983310699463, "mode": "train", "epoch": 57}
{"loss": 0.19495856761932373, "acc": 0.9287987351417542, "length": 4.0, "mode": "test", "epoch": 57}
{"loss": 0.12848006188869476, "acc": 0.954191267490387, "length": 3.999999523162842, "mode": "train", "epoch": 58}
{"loss": 0.1986582726240158, "acc": 0.9340990781784058, "length": 4.0, "mode": "test", "epoch": 58}
{"loss": 0.12917086482048035, "acc": 0.9537172913551331, "length": 3.999892234802246, "mode": "train", "epoch": 59}
{"loss": 0.21699802577495575, "acc": 0.9263250827789307, "length": 4.0, "mode": "test", "epoch": 59}
{"loss": 0.11994560062885284, "acc": 0.9548404216766357, "length": 3.999997615814209, "mode": "train", "epoch": 60}
{"loss": 0.20639203488826752, "acc": 0.9356890320777893, "length": 4.0, "mode": "test", "epoch": 60}
test accuracy: 0.8072580695152283
