# ["--attributes=5", "--values=16", "--game_size=10", "--vocab_size_factor=3", "--n_epochs=60", "--batch_size=128", "--learning_rate=0.0005", "--hidden_size=256", "--temp_update=0.99", "--temperature=1"]
Creating train_ds and val_ds...

Creating test_ds...
{"loss": 0.7021301984786987, "acc": 0.5064404606819153, "length": 3.5060436725616455, "mode": "train", "epoch": 1}
{"loss": 0.6931725740432739, "acc": 0.5011945962905884, "length": 1.0, "mode": "test", "epoch": 1}
{"loss": 0.6909307241439819, "acc": 0.5437788963317871, "length": 3.2823331356048584, "mode": "train", "epoch": 2}
{"loss": 0.6945637464523315, "acc": 0.4945392310619354, "length": 1.0, "mode": "test", "epoch": 2}
{"loss": 0.685188889503479, "acc": 0.5548120141029358, "length": 2.6986243724823, "mode": "train", "epoch": 3}
{"loss": 0.6942194700241089, "acc": 0.5110921263694763, "length": 1.0, "mode": "test", "epoch": 3}
{"loss": 0.6715847849845886, "acc": 0.6133326292037964, "length": 2.3249351978302, "mode": "train", "epoch": 4}
{"loss": 0.6439055800437927, "acc": 0.6345089077949524, "length": 2.1638224124908447, "mode": "test", "epoch": 4}
{"loss": 0.6326205730438232, "acc": 0.677963137626648, "length": 2.607353925704956, "mode": "train", "epoch": 5}
{"loss": 0.5849922895431519, "acc": 0.7215399742126465, "length": 2.9590444564819336, "mode": "test", "epoch": 5}
{"loss": 0.5664268732070923, "acc": 0.7507661581039429, "length": 2.9415204524993896, "mode": "train", "epoch": 6}
{"loss": 0.5323317050933838, "acc": 0.7614346742630005, "length": 3.3481228351593018, "mode": "test", "epoch": 6}
{"loss": 0.5193736553192139, "acc": 0.763497531414032, "length": 3.0387468338012695, "mode": "train", "epoch": 7}
{"loss": 0.5102405548095703, "acc": 0.7716540694236755, "length": 3.153583526611328, "mode": "test", "epoch": 7}
{"loss": 0.48292139172554016, "acc": 0.7852801084518433, "length": 3.079103469848633, "mode": "train", "epoch": 8}
{"loss": 0.48518264293670654, "acc": 0.7866171598434448, "length": 3.3003413677215576, "mode": "test", "epoch": 8}
{"loss": 0.4464697241783142, "acc": 0.8170203566551208, "length": 3.1517457962036133, "mode": "train", "epoch": 9}
{"loss": 0.44643402099609375, "acc": 0.8233488202095032, "length": 3.2252559661865234, "mode": "test", "epoch": 9}
{"loss": 0.4207760989665985, "acc": 0.8312472105026245, "length": 3.0821731090545654, "mode": "train", "epoch": 10}
{"loss": 0.4351024329662323, "acc": 0.8291769027709961, "length": 3.290102481842041, "mode": "test", "epoch": 10}
{"loss": 0.40607184171676636, "acc": 0.8375832438468933, "length": 3.1806235313415527, "mode": "train", "epoch": 11}
{"loss": 0.42696303129196167, "acc": 0.8274523615837097, "length": 3.1774744987487793, "mode": "test", "epoch": 11}
{"loss": 0.39459291100502014, "acc": 0.8421266078948975, "length": 3.0607364177703857, "mode": "train", "epoch": 12}
{"loss": 0.41814717650413513, "acc": 0.8250762820243835, "length": 3.1501705646514893, "mode": "test", "epoch": 12}
{"loss": 0.3848830759525299, "acc": 0.8447615504264832, "length": 2.973430633544922, "mode": "train", "epoch": 13}
{"loss": 0.3962506949901581, "acc": 0.8342596888542175, "length": 3.1467576026916504, "mode": "test", "epoch": 13}
{"loss": 0.3765212595462799, "acc": 0.8456704616546631, "length": 3.0368247032165527, "mode": "train", "epoch": 14}
{"loss": 0.39544758200645447, "acc": 0.8343836069107056, "length": 3.129692792892456, "mode": "test", "epoch": 14}
{"loss": 0.3702898919582367, "acc": 0.8455888628959656, "length": 2.9928390979766846, "mode": "train", "epoch": 15}
{"loss": 0.39118048548698425, "acc": 0.8381965756416321, "length": 3.1160409450531006, "mode": "test", "epoch": 15}
{"loss": 0.3636096715927124, "acc": 0.8482831716537476, "length": 3.0045104026794434, "mode": "train", "epoch": 16}
{"loss": 0.38639235496520996, "acc": 0.8374345898628235, "length": 3.1126279830932617, "mode": "test", "epoch": 16}
{"loss": 0.35759109258651733, "acc": 0.8499011993408203, "length": 2.94989013671875, "mode": "train", "epoch": 17}
{"loss": 0.38083958625793457, "acc": 0.8390101790428162, "length": 3.05802059173584, "mode": "test", "epoch": 17}
{"loss": 0.34920045733451843, "acc": 0.8519448041915894, "length": 2.993938446044922, "mode": "train", "epoch": 18}
{"loss": 0.3715614974498749, "acc": 0.8457944989204407, "length": 3.075085401535034, "mode": "test", "epoch": 18}
{"loss": 0.34479954838752747, "acc": 0.8537214398384094, "length": 3.003082275390625, "mode": "train", "epoch": 19}
{"loss": 0.3743992745876312, "acc": 0.8407788872718811, "length": 3.03071665763855, "mode": "test", "epoch": 19}
{"loss": 0.3399108946323395, "acc": 0.8562568426132202, "length": 2.9733192920684814, "mode": "train", "epoch": 20}
{"loss": 0.363609254360199, "acc": 0.8420088291168213, "length": 3.023890733718872, "mode": "test", "epoch": 20}
{"loss": 0.3315802216529846, "acc": 0.8578919172286987, "length": 3.025444746017456, "mode": "train", "epoch": 21}
{"loss": 0.35097795724868774, "acc": 0.8495131731033325, "length": 3.153583526611328, "mode": "test", "epoch": 21}
{"loss": 0.3185849189758301, "acc": 0.8652989864349365, "length": 3.101567029953003, "mode": "train", "epoch": 22}
{"loss": 0.33645206689834595, "acc": 0.8562044501304626, "length": 3.208191156387329, "mode": "test", "epoch": 22}
{"loss": 0.3081621527671814, "acc": 0.8687461614608765, "length": 3.19760799407959, "mode": "train", "epoch": 23}
{"loss": 0.320791095495224, "acc": 0.864673912525177, "length": 3.153583526611328, "mode": "test", "epoch": 23}
{"loss": 0.2926318049430847, "acc": 0.8776881694793701, "length": 3.2095892429351807, "mode": "train", "epoch": 24}
{"loss": 0.30838823318481445, "acc": 0.869478166103363, "length": 3.211604118347168, "mode": "test", "epoch": 24}
{"loss": 0.27676063776016235, "acc": 0.8859237432479858, "length": 3.2607367038726807, "mode": "train", "epoch": 25}
{"loss": 0.2957201600074768, "acc": 0.8774933815002441, "length": 3.2798635959625244, "mode": "test", "epoch": 25}
{"loss": 0.25801846385002136, "acc": 0.8980118036270142, "length": 3.3870067596435547, "mode": "train", "epoch": 26}
{"loss": 0.2749812602996826, "acc": 0.8859604001045227, "length": 3.4846415519714355, "mode": "test", "epoch": 26}
{"loss": 0.24731554090976715, "acc": 0.8993033766746521, "length": 3.481297254562378, "mode": "train", "epoch": 27}
{"loss": 0.25815171003341675, "acc": 0.8892787098884583, "length": 3.3788394927978516, "mode": "test", "epoch": 27}
{"loss": 0.2391236573457718, "acc": 0.903374195098877, "length": 3.4277846813201904, "mode": "train", "epoch": 28}
{"loss": 0.2599274516105652, "acc": 0.899110734462738, "length": 3.552901029586792, "mode": "test", "epoch": 28}
{"loss": 0.22383368015289307, "acc": 0.9126673936843872, "length": 3.564099073410034, "mode": "train", "epoch": 29}
{"loss": 0.23589682579040527, "acc": 0.9063383340835571, "length": 3.5699658393859863, "mode": "test", "epoch": 29}
{"loss": 0.21156474947929382, "acc": 0.9190685749053955, "length": 3.592940092086792, "mode": "train", "epoch": 30}
{"loss": 0.2324739396572113, "acc": 0.901932418346405, "length": 3.6245734691619873, "mode": "test", "epoch": 30}
{"loss": 0.20395877957344055, "acc": 0.919651210308075, "length": 3.5725393295288086, "mode": "train", "epoch": 31}
{"loss": 0.2269398421049118, "acc": 0.9023203253746033, "length": 3.607508420944214, "mode": "test", "epoch": 31}
{"loss": 0.19625379145145416, "acc": 0.9242166876792908, "length": 3.564873456954956, "mode": "train", "epoch": 32}
{"loss": 0.21424154937267303, "acc": 0.9166349172592163, "length": 3.474402666091919, "mode": "test", "epoch": 32}
{"loss": 0.18768851459026337, "acc": 0.9285058379173279, "length": 3.5457754135131836, "mode": "train", "epoch": 33}
{"loss": 0.21031376719474792, "acc": 0.9199703931808472, "length": 3.549488067626953, "mode": "test", "epoch": 33}
{"loss": 0.18620966374874115, "acc": 0.9292284250259399, "length": 3.5589869022369385, "mode": "train", "epoch": 34}
{"loss": 0.20754030346870422, "acc": 0.9215641021728516, "length": 3.5460751056671143, "mode": "test", "epoch": 34}
{"loss": 0.17895835638046265, "acc": 0.9319849610328674, "length": 3.5490550994873047, "mode": "train", "epoch": 35}
{"loss": 0.20418879389762878, "acc": 0.9224932789802551, "length": 3.5358362197875977, "mode": "test", "epoch": 35}
{"loss": 0.18049612641334534, "acc": 0.9301192164421082, "length": 3.555166244506836, "mode": "train", "epoch": 36}
{"loss": 0.20422928035259247, "acc": 0.9237983226776123, "length": 3.5358362197875977, "mode": "test", "epoch": 36}
{"loss": 0.17413945496082306, "acc": 0.934036374092102, "length": 3.5726375579833984, "mode": "train", "epoch": 37}
{"loss": 0.20330917835235596, "acc": 0.9207828044891357, "length": 3.505119562149048, "mode": "test", "epoch": 37}
{"loss": 0.17216737568378448, "acc": 0.936060905456543, "length": 3.5821962356567383, "mode": "train", "epoch": 38}
{"loss": 0.20183897018432617, "acc": 0.9234715104103088, "length": 3.5460751056671143, "mode": "test", "epoch": 38}
{"loss": 0.16941532492637634, "acc": 0.9353134632110596, "length": 3.5824434757232666, "mode": "train", "epoch": 39}
{"loss": 0.21593986451625824, "acc": 0.9199362397193909, "length": 3.5631399154663086, "mode": "test", "epoch": 39}
{"loss": 0.16493423283100128, "acc": 0.9374847412109375, "length": 3.536299467086792, "mode": "train", "epoch": 40}
{"loss": 0.2073541134595871, "acc": 0.9258998036384583, "length": 3.498293399810791, "mode": "test", "epoch": 40}
{"loss": 0.16587959229946136, "acc": 0.9399564862251282, "length": 3.571815013885498, "mode": "train", "epoch": 41}
{"loss": 0.2050325870513916, "acc": 0.9293087720870972, "length": 3.522184371948242, "mode": "test", "epoch": 41}
{"loss": 0.15864495933055878, "acc": 0.9402266144752502, "length": 3.537191152572632, "mode": "train", "epoch": 42}
{"loss": 0.2164088934659958, "acc": 0.9268004298210144, "length": 3.5665528774261475, "mode": "test", "epoch": 42}
{"loss": 0.1564377397298813, "acc": 0.9408845901489258, "length": 3.5776004791259766, "mode": "train", "epoch": 43}
{"loss": 0.2086600959300995, "acc": 0.929258406162262, "length": 3.47098970413208, "mode": "test", "epoch": 43}
{"loss": 0.1561678946018219, "acc": 0.9436837434768677, "length": 3.5226728916168213, "mode": "train", "epoch": 44}
{"loss": 0.2098883092403412, "acc": 0.9227849245071411, "length": 3.5460751056671143, "mode": "test", "epoch": 44}
{"loss": 0.14818289875984192, "acc": 0.9432834386825562, "length": 3.5543768405914307, "mode": "train", "epoch": 45}
{"loss": 0.201253741979599, "acc": 0.9265040755271912, "length": 3.447098970413208, "mode": "test", "epoch": 45}
{"loss": 0.1474878489971161, "acc": 0.9469208717346191, "length": 3.590928554534912, "mode": "train", "epoch": 46}
{"loss": 0.21439221501350403, "acc": 0.926335334777832, "length": 3.6143345832824707, "mode": "test", "epoch": 46}
{"loss": 0.14855021238327026, "acc": 0.9471620917320251, "length": 3.57468318939209, "mode": "train", "epoch": 47}
{"loss": 0.21109843254089355, "acc": 0.929989218711853, "length": 3.576791763305664, "mode": "test", "epoch": 47}
{"loss": 0.14256227016448975, "acc": 0.9491297602653503, "length": 3.602088689804077, "mode": "train", "epoch": 48}
{"loss": 0.20196621119976044, "acc": 0.928836464881897, "length": 3.5392491817474365, "mode": "test", "epoch": 48}
{"loss": 0.14120373129844666, "acc": 0.9491232633590698, "length": 3.590757369995117, "mode": "train", "epoch": 49}
{"loss": 0.20129001140594482, "acc": 0.9275645017623901, "length": 3.549488067626953, "mode": "test", "epoch": 49}
{"loss": 0.13712702691555023, "acc": 0.9495850801467896, "length": 3.6090073585510254, "mode": "train", "epoch": 50}
{"loss": 0.18978461623191833, "acc": 0.9359738230705261, "length": 3.5460751056671143, "mode": "test", "epoch": 50}
{"loss": 0.13974536955356598, "acc": 0.9474589824676514, "length": 3.5907094478607178, "mode": "train", "epoch": 51}
{"loss": 0.21380528807640076, "acc": 0.9212862253189087, "length": 3.5904436111450195, "mode": "test", "epoch": 51}
{"loss": 0.14509698748588562, "acc": 0.9463514089584351, "length": 3.5764145851135254, "mode": "train", "epoch": 52}
{"loss": 0.20408742129802704, "acc": 0.9315236806869507, "length": 3.4846415519714355, "mode": "test", "epoch": 52}
{"loss": 0.13628032803535461, "acc": 0.94744873046875, "length": 3.5851283073425293, "mode": "train", "epoch": 53}
{"loss": 0.1978134959936142, "acc": 0.9276038408279419, "length": 3.556313991546631, "mode": "test", "epoch": 53}
{"loss": 0.14347751438617706, "acc": 0.9477876424789429, "length": 3.496717929840088, "mode": "train", "epoch": 54}
{"loss": 0.1960810124874115, "acc": 0.9302003383636475, "length": 3.505119562149048, "mode": "test", "epoch": 54}
{"loss": 0.137134850025177, "acc": 0.9470856785774231, "length": 3.5967514514923096, "mode": "train", "epoch": 55}
{"loss": 0.1977982372045517, "acc": 0.9300580024719238, "length": 3.4846415519714355, "mode": "test", "epoch": 55}
{"loss": 0.138970285654068, "acc": 0.9497856497764587, "length": 3.576814889907837, "mode": "train", "epoch": 56}
{"loss": 0.21231143176555634, "acc": 0.9306543469429016, "length": 3.5972695350646973, "mode": "test", "epoch": 56}
{"loss": 0.14127318561077118, "acc": 0.946091890335083, "length": 3.5630383491516113, "mode": "train", "epoch": 57}
{"loss": 0.19675230979919434, "acc": 0.9273712038993835, "length": 3.450511932373047, "mode": "test", "epoch": 57}
{"loss": 0.13104097545146942, "acc": 0.9523798823356628, "length": 3.5261495113372803, "mode": "train", "epoch": 58}
{"loss": 0.18961605429649353, "acc": 0.9336191415786743, "length": 3.5358362197875977, "mode": "test", "epoch": 58}
{"loss": 0.12924432754516602, "acc": 0.9544842839241028, "length": 3.604841947555542, "mode": "train", "epoch": 59}
{"loss": 0.18183979392051697, "acc": 0.9323086738586426, "length": 3.549488067626953, "mode": "test", "epoch": 59}
{"loss": 0.1250726878643036, "acc": 0.9525923132896423, "length": 3.6003057956695557, "mode": "train", "epoch": 60}
{"loss": 0.17671632766723633, "acc": 0.9325284361839294, "length": 3.549488067626953, "mode": "test", "epoch": 60}
test accuracy: 0.8197222352027893
