# ["--attributes=5", "--values=16", "--game_size=10", "--vocab_size_factor=3", "--n_epochs=60", "--batch_size=128", "--learning_rate=0.0005", "--hidden_size=256", "--temp_update=0.99", "--temperature=1.5"]
Creating train_ds and val_ds...

Creating test_ds...
{"loss": 0.6997002959251404, "acc": 0.5138339996337891, "length": 3.4972612857818604, "mode": "train", "epoch": 1}
{"loss": 0.6975645422935486, "acc": 0.5087826251983643, "length": 1.0036630630493164, "mode": "test", "epoch": 1}
{"loss": 0.6903417706489563, "acc": 0.5335313081741333, "length": 3.3073415756225586, "mode": "train", "epoch": 2}
{"loss": 0.6959041953086853, "acc": 0.5062671899795532, "length": 1.0073260068893433, "mode": "test", "epoch": 2}
{"loss": 0.6874334216117859, "acc": 0.5493499040603638, "length": 2.7813663482666016, "mode": "train", "epoch": 3}
{"loss": 0.6865543723106384, "acc": 0.5634455680847168, "length": 1.2930402755737305, "mode": "test", "epoch": 3}
{"loss": 0.662439227104187, "acc": 0.6261450052261353, "length": 2.5508413314819336, "mode": "train", "epoch": 4}
{"loss": 0.6384567022323608, "acc": 0.6863793730735779, "length": 2.3626372814178467, "mode": "test", "epoch": 4}
{"loss": 0.620681643486023, "acc": 0.6933013796806335, "length": 2.6793782711029053, "mode": "train", "epoch": 5}
{"loss": 0.6049742698669434, "acc": 0.6922259330749512, "length": 2.6373627185821533, "mode": "test", "epoch": 5}
{"loss": 0.5785229206085205, "acc": 0.7300352454185486, "length": 2.8016111850738525, "mode": "train", "epoch": 6}
{"loss": 0.5751227140426636, "acc": 0.7487860918045044, "length": 2.615384578704834, "mode": "test", "epoch": 6}
{"loss": 0.5448731780052185, "acc": 0.7467533946037292, "length": 2.810086488723755, "mode": "train", "epoch": 7}
{"loss": 0.5254678726196289, "acc": 0.7570942640304565, "length": 3.029304027557373, "mode": "test", "epoch": 7}
{"loss": 0.4967426359653473, "acc": 0.7730573415756226, "length": 3.2058322429656982, "mode": "train", "epoch": 8}
{"loss": 0.47926026582717896, "acc": 0.7772136926651001, "length": 3.289377212524414, "mode": "test", "epoch": 8}
{"loss": 0.452435165643692, "acc": 0.7939387559890747, "length": 3.4194490909576416, "mode": "train", "epoch": 9}
{"loss": 0.4519275426864624, "acc": 0.7966729998588562, "length": 3.230769157409668, "mode": "test", "epoch": 9}
{"loss": 0.4197022616863251, "acc": 0.8182223439216614, "length": 3.3352980613708496, "mode": "train", "epoch": 10}
{"loss": 0.44743356108665466, "acc": 0.7978335618972778, "length": 3.2527472972869873, "mode": "test", "epoch": 10}
{"loss": 0.3976219892501831, "acc": 0.8255375623703003, "length": 3.4074316024780273, "mode": "train", "epoch": 11}
{"loss": 0.43739327788352966, "acc": 0.8081569671630859, "length": 3.3040292263031006, "mode": "test", "epoch": 11}
{"loss": 0.37390097975730896, "acc": 0.8314911723136902, "length": 3.460458278656006, "mode": "train", "epoch": 12}
{"loss": 0.42132461071014404, "acc": 0.8128868937492371, "length": 3.31501841545105, "mode": "test", "epoch": 12}
{"loss": 0.3688487112522125, "acc": 0.8379194736480713, "length": 3.506286144256592, "mode": "train", "epoch": 13}
{"loss": 0.41257035732269287, "acc": 0.8193867206573486, "length": 3.289377212524414, "mode": "test", "epoch": 13}
{"loss": 0.3541116416454315, "acc": 0.8471370339393616, "length": 3.4972429275512695, "mode": "train", "epoch": 14}
{"loss": 0.40716809034347534, "acc": 0.8370553851127625, "length": 3.413919448852539, "mode": "test", "epoch": 14}
{"loss": 0.3369095027446747, "acc": 0.8576758503913879, "length": 3.542227268218994, "mode": "train", "epoch": 15}
{"loss": 0.3981437087059021, "acc": 0.8431669473648071, "length": 3.6593406200408936, "mode": "test", "epoch": 15}
{"loss": 0.31940600275993347, "acc": 0.8673134446144104, "length": 3.5686991214752197, "mode": "train", "epoch": 16}
{"loss": 0.3668097257614136, "acc": 0.8574440479278564, "length": 3.575091600418091, "mode": "test", "epoch": 16}
{"loss": 0.30181780457496643, "acc": 0.8789213299751282, "length": 3.6384520530700684, "mode": "train", "epoch": 17}
{"loss": 0.35186266899108887, "acc": 0.865108847618103, "length": 3.758241653442383, "mode": "test", "epoch": 17}
{"loss": 0.2775495946407318, "acc": 0.8912400603294373, "length": 3.6417477130889893, "mode": "train", "epoch": 18}
{"loss": 0.3362858295440674, "acc": 0.8741136193275452, "length": 3.692307710647583, "mode": "test", "epoch": 18}
{"loss": 0.2723235785961151, "acc": 0.8990384936332703, "length": 3.6315267086029053, "mode": "train", "epoch": 19}
{"loss": 0.355292409658432, "acc": 0.8790421485900879, "length": 3.6666667461395264, "mode": "test", "epoch": 19}
{"loss": 0.25999361276626587, "acc": 0.9019301533699036, "length": 3.635464906692505, "mode": "train", "epoch": 20}
{"loss": 0.31199178099632263, "acc": 0.8817694187164307, "length": 3.472527503967285, "mode": "test", "epoch": 20}
{"loss": 0.25800392031669617, "acc": 0.9070753455162048, "length": 3.6046996116638184, "mode": "train", "epoch": 21}
{"loss": 0.3183857500553131, "acc": 0.8871661424636841, "length": 3.6190476417541504, "mode": "test", "epoch": 21}
{"loss": 0.25234246253967285, "acc": 0.9074616432189941, "length": 3.650296688079834, "mode": "train", "epoch": 22}
{"loss": 0.3389294147491455, "acc": 0.895577073097229, "length": 3.5787546634674072, "mode": "test", "epoch": 22}
{"loss": 0.24875469505786896, "acc": 0.9096058011054993, "length": 3.6918387413024902, "mode": "train", "epoch": 23}
{"loss": 0.2992270588874817, "acc": 0.9000511765480042, "length": 3.549450635910034, "mode": "test", "epoch": 23}
{"loss": 0.24373002350330353, "acc": 0.9100598692893982, "length": 3.673360824584961, "mode": "train", "epoch": 24}
{"loss": 0.32948794960975647, "acc": 0.8929547667503357, "length": 3.644688606262207, "mode": "test", "epoch": 24}
{"loss": 0.24171118438243866, "acc": 0.9104968309402466, "length": 3.711034059524536, "mode": "train", "epoch": 25}
{"loss": 0.28178882598876953, "acc": 0.9061098098754883, "length": 3.6300365924835205, "mode": "test", "epoch": 25}
{"loss": 0.2411932647228241, "acc": 0.9114716053009033, "length": 3.684878349304199, "mode": "train", "epoch": 26}
{"loss": 0.2755648195743561, "acc": 0.900993287563324, "length": 3.6117215156555176, "mode": "test", "epoch": 26}
{"loss": 0.22896592319011688, "acc": 0.9152173399925232, "length": 3.6969590187072754, "mode": "train", "epoch": 27}
{"loss": 0.26529866456985474, "acc": 0.9071176648139954, "length": 3.681318759918213, "mode": "test", "epoch": 27}
{"loss": 0.23055154085159302, "acc": 0.9127317070960999, "length": 3.7437076568603516, "mode": "train", "epoch": 28}
{"loss": 0.2792983949184418, "acc": 0.8993285298347473, "length": 3.6703295707702637, "mode": "test", "epoch": 28}
{"loss": 0.22623255848884583, "acc": 0.9128031134605408, "length": 3.7495219707489014, "mode": "train", "epoch": 29}
{"loss": 0.2769978642463684, "acc": 0.9112628102302551, "length": 3.7142856121063232, "mode": "test", "epoch": 29}
{"loss": 0.22551512718200684, "acc": 0.9180955290794373, "length": 3.764547109603882, "mode": "train", "epoch": 30}
{"loss": 0.26649925112724304, "acc": 0.9094094038009644, "length": 3.750915765762329, "mode": "test", "epoch": 30}
{"loss": 0.22172042727470398, "acc": 0.916467547416687, "length": 3.7762789726257324, "mode": "train", "epoch": 31}
{"loss": 0.2590709924697876, "acc": 0.9112903475761414, "length": 3.7545788288116455, "mode": "test", "epoch": 31}
{"loss": 0.22425143420696259, "acc": 0.9175059199333191, "length": 3.7610676288604736, "mode": "train", "epoch": 32}
{"loss": 0.2684144377708435, "acc": 0.9124396443367004, "length": 3.769230842590332, "mode": "test", "epoch": 32}
{"loss": 0.222706601023674, "acc": 0.9218112826347351, "length": 3.7961599826812744, "mode": "train", "epoch": 33}
{"loss": 0.26899653673171997, "acc": 0.9108359217643738, "length": 3.7655677795410156, "mode": "test", "epoch": 33}
{"loss": 0.21913127601146698, "acc": 0.9201337695121765, "length": 3.817614793777466, "mode": "train", "epoch": 34}
{"loss": 0.25100070238113403, "acc": 0.9203801155090332, "length": 3.7765567302703857, "mode": "test", "epoch": 34}
{"loss": 0.21851663291454315, "acc": 0.9210284948348999, "length": 3.8166842460632324, "mode": "train", "epoch": 35}
{"loss": 0.26279208064079285, "acc": 0.9132654070854187, "length": 3.732600688934326, "mode": "test", "epoch": 35}
{"loss": 0.21932466328144073, "acc": 0.920153021812439, "length": 3.7804200649261475, "mode": "train", "epoch": 36}
{"loss": 0.26436054706573486, "acc": 0.9029136896133423, "length": 3.787545680999756, "mode": "test", "epoch": 36}
{"loss": 0.21277382969856262, "acc": 0.9211068153381348, "length": 3.814624309539795, "mode": "train", "epoch": 37}
{"loss": 0.2579336166381836, "acc": 0.9160096049308777, "length": 3.798534870147705, "mode": "test", "epoch": 37}
{"loss": 0.20849843323230743, "acc": 0.9180808067321777, "length": 3.82614803314209, "mode": "train", "epoch": 38}
{"loss": 0.26324334740638733, "acc": 0.9147282242774963, "length": 3.758241653442383, "mode": "test", "epoch": 38}
{"loss": 0.22448591887950897, "acc": 0.9188921451568604, "length": 3.806300640106201, "mode": "train", "epoch": 39}
{"loss": 0.25760072469711304, "acc": 0.907664954662323, "length": 3.7289376258850098, "mode": "test", "epoch": 39}
{"loss": 0.2095562070608139, "acc": 0.9206664562225342, "length": 3.789968729019165, "mode": "train", "epoch": 40}
{"loss": 0.25296515226364136, "acc": 0.9076439142227173, "length": 3.7912087440490723, "mode": "test", "epoch": 40}
{"loss": 0.20912900567054749, "acc": 0.9233459234237671, "length": 3.8260562419891357, "mode": "train", "epoch": 41}
{"loss": 0.24611017107963562, "acc": 0.9157289862632751, "length": 3.780219793319702, "mode": "test", "epoch": 41}
{"loss": 0.20166538655757904, "acc": 0.9230483174324036, "length": 3.8247785568237305, "mode": "train", "epoch": 42}
{"loss": 0.258821576833725, "acc": 0.9161107540130615, "length": 3.8424909114837646, "mode": "test", "epoch": 42}
{"loss": 0.1979864090681076, "acc": 0.9281177520751953, "length": 3.8721506595611572, "mode": "train", "epoch": 43}
{"loss": 0.24099275469779968, "acc": 0.9159773588180542, "length": 3.835164785385132, "mode": "test", "epoch": 43}
{"loss": 0.19327408075332642, "acc": 0.9258685111999512, "length": 3.850095748901367, "mode": "train", "epoch": 44}
{"loss": 0.235563725233078, "acc": 0.9210995435714722, "length": 3.8205127716064453, "mode": "test", "epoch": 44}
{"loss": 0.19425033032894135, "acc": 0.9287885427474976, "length": 3.849059820175171, "mode": "train", "epoch": 45}
{"loss": 0.2412833422422409, "acc": 0.9179382920265198, "length": 3.8498167991638184, "mode": "test", "epoch": 45}
{"loss": 0.18628403544425964, "acc": 0.9294436573982239, "length": 3.8730576038360596, "mode": "train", "epoch": 46}
{"loss": 0.24142655730247498, "acc": 0.9134642481803894, "length": 3.875457763671875, "mode": "test", "epoch": 46}
{"loss": 0.19387200474739075, "acc": 0.9306466579437256, "length": 3.881268262863159, "mode": "train", "epoch": 47}
{"loss": 0.24442598223686218, "acc": 0.9174875020980835, "length": 3.8608057498931885, "mode": "test", "epoch": 47}
{"loss": 0.18403775990009308, "acc": 0.9353837966918945, "length": 3.8745522499084473, "mode": "train", "epoch": 48}
{"loss": 0.24119681119918823, "acc": 0.919207751750946, "length": 3.875457763671875, "mode": "test", "epoch": 48}
{"loss": 0.18449726700782776, "acc": 0.9332023859024048, "length": 3.8794498443603516, "mode": "train", "epoch": 49}
{"loss": 0.2372291088104248, "acc": 0.9138760566711426, "length": 3.8388278484344482, "mode": "test", "epoch": 49}
{"loss": 0.18187472224235535, "acc": 0.9339685440063477, "length": 3.8692140579223633, "mode": "train", "epoch": 50}
{"loss": 0.24808275699615479, "acc": 0.9176621437072754, "length": 3.886446952819824, "mode": "test", "epoch": 50}
{"loss": 0.18399624526500702, "acc": 0.932928740978241, "length": 3.8764283657073975, "mode": "train", "epoch": 51}
{"loss": 0.24068187177181244, "acc": 0.916746199131012, "length": 3.835164785385132, "mode": "test", "epoch": 51}
{"loss": 0.18851545453071594, "acc": 0.9273487329483032, "length": 3.855799436569214, "mode": "train", "epoch": 52}
{"loss": 0.24273383617401123, "acc": 0.9147448539733887, "length": 3.8608057498931885, "mode": "test", "epoch": 52}
{"loss": 0.1876366287469864, "acc": 0.9331477284431458, "length": 3.88858699798584, "mode": "train", "epoch": 53}
{"loss": 0.24042922258377075, "acc": 0.9153088927268982, "length": 3.875457763671875, "mode": "test", "epoch": 53}
{"loss": 0.18852204084396362, "acc": 0.9312233328819275, "length": 3.872596025466919, "mode": "train", "epoch": 54}
{"loss": 0.23965319991111755, "acc": 0.9118365049362183, "length": 3.8534798622131348, "mode": "test", "epoch": 54}
{"loss": 0.18194857239723206, "acc": 0.9341155290603638, "length": 3.8668198585510254, "mode": "train", "epoch": 55}
{"loss": 0.22708889842033386, "acc": 0.9189721941947937, "length": 3.912087917327881, "mode": "test", "epoch": 55}
{"loss": 0.17961439490318298, "acc": 0.9347165822982788, "length": 3.893444061279297, "mode": "train", "epoch": 56}
{"loss": 0.2235712856054306, "acc": 0.9235576391220093, "length": 3.835164785385132, "mode": "test", "epoch": 56}
{"loss": 0.17926450073719025, "acc": 0.9368118047714233, "length": 3.8511109352111816, "mode": "train", "epoch": 57}
{"loss": 0.24440722167491913, "acc": 0.9173322916030884, "length": 3.835164785385132, "mode": "test", "epoch": 57}
{"loss": 0.1733039766550064, "acc": 0.9377193450927734, "length": 3.8415982723236084, "mode": "train", "epoch": 58}
{"loss": 0.23745927214622498, "acc": 0.9176064729690552, "length": 3.875457763671875, "mode": "test", "epoch": 58}
{"loss": 0.17436620593070984, "acc": 0.9386763572692871, "length": 3.8971681594848633, "mode": "train", "epoch": 59}
{"loss": 0.2198440134525299, "acc": 0.9240941405296326, "length": 3.8717949390411377, "mode": "test", "epoch": 59}
{"loss": 0.16713625192642212, "acc": 0.9411355257034302, "length": 3.862595796585083, "mode": "train", "epoch": 60}
{"loss": 0.22718976438045502, "acc": 0.9230132102966309, "length": 3.846153736114502, "mode": "test", "epoch": 60}
test accuracy: 0.8192722797393799
