# ["--attributes=5", "--values=16", "--game_size=10", "--vocab_size_factor=3", "--n_epochs=60", "--batch_size=128", "--learning_rate=0.0005", "--hidden_size=256", "--temp_update=0.99", "--temperature=2"]
Creating train_ds and val_ds...

Creating test_ds...
{"loss": 0.7005454897880554, "acc": 0.5204129219055176, "length": 3.5458688735961914, "mode": "train", "epoch": 1}
{"loss": 0.6975473165512085, "acc": 0.514491081237793, "length": 1.0729166269302368, "mode": "test", "epoch": 1}
{"loss": 0.695985734462738, "acc": 0.5133148431777954, "length": 3.4257771968841553, "mode": "train", "epoch": 2}
{"loss": 0.6946069598197937, "acc": 0.5055894255638123, "length": 1.0833333730697632, "mode": "test", "epoch": 2}
{"loss": 0.6874336004257202, "acc": 0.5382962226867676, "length": 3.0466079711914062, "mode": "train", "epoch": 3}
{"loss": 0.6890192031860352, "acc": 0.5333062410354614, "length": 1.25, "mode": "test", "epoch": 3}
{"loss": 0.6727806329727173, "acc": 0.5887236595153809, "length": 2.671029567718506, "mode": "train", "epoch": 4}
{"loss": 0.6513011455535889, "acc": 0.6639485955238342, "length": 2.0729167461395264, "mode": "test", "epoch": 4}
{"loss": 0.642201840877533, "acc": 0.6548287868499756, "length": 2.6327428817749023, "mode": "train", "epoch": 5}
{"loss": 0.6280083060264587, "acc": 0.6734185218811035, "length": 2.2916667461395264, "mode": "test", "epoch": 5}
{"loss": 0.6047680377960205, "acc": 0.6948303580284119, "length": 2.6230533123016357, "mode": "train", "epoch": 6}
{"loss": 0.5982856154441833, "acc": 0.7000623941421509, "length": 2.53125, "mode": "test", "epoch": 6}
{"loss": 0.5794177055358887, "acc": 0.7060912251472473, "length": 2.6027841567993164, "mode": "train", "epoch": 7}
{"loss": 0.5782835483551025, "acc": 0.7298896312713623, "length": 2.347222328186035, "mode": "test", "epoch": 7}
{"loss": 0.5542846322059631, "acc": 0.7348179221153259, "length": 2.599505662918091, "mode": "train", "epoch": 8}
{"loss": 0.5523015856742859, "acc": 0.7580173015594482, "length": 2.3541667461395264, "mode": "test", "epoch": 8}
{"loss": 0.5127934217453003, "acc": 0.7717583179473877, "length": 2.8636224269866943, "mode": "train", "epoch": 9}
{"loss": 0.5113043785095215, "acc": 0.7628160715103149, "length": 3.1666667461395264, "mode": "test", "epoch": 9}
{"loss": 0.4742451608181, "acc": 0.7845436930656433, "length": 3.309856414794922, "mode": "train", "epoch": 10}
{"loss": 0.5036404132843018, "acc": 0.7662001252174377, "length": 3.3125, "mode": "test", "epoch": 10}
{"loss": 0.4407361149787903, "acc": 0.7985938787460327, "length": 3.316291332244873, "mode": "train", "epoch": 11}
{"loss": 0.494499146938324, "acc": 0.7866076231002808, "length": 3.0833332538604736, "mode": "test", "epoch": 11}
{"loss": 0.4095897972583771, "acc": 0.8234389424324036, "length": 3.2983922958374023, "mode": "train", "epoch": 12}
{"loss": 0.4805114269256592, "acc": 0.80352383852005, "length": 3.152777671813965, "mode": "test", "epoch": 12}
{"loss": 0.37819284200668335, "acc": 0.8432703018188477, "length": 3.3871543407440186, "mode": "train", "epoch": 13}
{"loss": 0.4536110758781433, "acc": 0.8242743015289307, "length": 3.3576388359069824, "mode": "test", "epoch": 13}
{"loss": 0.35062578320503235, "acc": 0.8551418781280518, "length": 3.4995946884155273, "mode": "train", "epoch": 14}
{"loss": 0.42811545729637146, "acc": 0.8326823115348816, "length": 3.6875, "mode": "test", "epoch": 14}
{"loss": 0.32138508558273315, "acc": 0.8662517070770264, "length": 3.610194683074951, "mode": "train", "epoch": 15}
{"loss": 0.4103575646877289, "acc": 0.8485799431800842, "length": 3.7395832538604736, "mode": "test", "epoch": 15}
{"loss": 0.30325281620025635, "acc": 0.8797113299369812, "length": 3.6899938583374023, "mode": "train", "epoch": 16}
{"loss": 0.40592682361602783, "acc": 0.8575330972671509, "length": 3.8229167461395264, "mode": "test", "epoch": 16}
{"loss": 0.2869507372379303, "acc": 0.8897762894630432, "length": 3.74666690826416, "mode": "train", "epoch": 17}
{"loss": 0.3684813976287842, "acc": 0.8587129712104797, "length": 3.84375, "mode": "test", "epoch": 17}
{"loss": 0.2717300057411194, "acc": 0.89568692445755, "length": 3.7727229595184326, "mode": "train", "epoch": 18}
{"loss": 0.3397175669670105, "acc": 0.8726711869239807, "length": 3.8333332538604736, "mode": "test", "epoch": 18}
{"loss": 0.25945407152175903, "acc": 0.9016487002372742, "length": 3.7528884410858154, "mode": "train", "epoch": 19}
{"loss": 0.35726165771484375, "acc": 0.876011848449707, "length": 3.836805582046509, "mode": "test", "epoch": 19}
{"loss": 0.2569001317024231, "acc": 0.9005497694015503, "length": 3.763328790664673, "mode": "train", "epoch": 20}
{"loss": 0.3631102740764618, "acc": 0.8786620497703552, "length": 3.850694417953491, "mode": "test", "epoch": 20}
{"loss": 0.25160571932792664, "acc": 0.9015742540359497, "length": 3.8121519088745117, "mode": "train", "epoch": 21}
{"loss": 0.3522629737854004, "acc": 0.8844767808914185, "length": 3.8576388359069824, "mode": "test", "epoch": 21}
{"loss": 0.24248208105564117, "acc": 0.9089989066123962, "length": 3.8158717155456543, "mode": "train", "epoch": 22}
{"loss": 0.34099555015563965, "acc": 0.8861559629440308, "length": 3.850694417953491, "mode": "test", "epoch": 22}
{"loss": 0.24321973323822021, "acc": 0.9073063135147095, "length": 3.806323528289795, "mode": "train", "epoch": 23}
{"loss": 0.31584233045578003, "acc": 0.885898232460022, "length": 3.881944417953491, "mode": "test", "epoch": 23}
{"loss": 0.23827633261680603, "acc": 0.9091231226921082, "length": 3.8220574855804443, "mode": "train", "epoch": 24}
{"loss": 0.3506545424461365, "acc": 0.8803832530975342, "length": 3.902777671813965, "mode": "test", "epoch": 24}
{"loss": 0.23268017172813416, "acc": 0.9158430695533752, "length": 3.839446783065796, "mode": "train", "epoch": 25}
{"loss": 0.3606584668159485, "acc": 0.8798502683639526, "length": 3.8923611640930176, "mode": "test", "epoch": 25}
{"loss": 0.22870922088623047, "acc": 0.9159433841705322, "length": 3.8277175426483154, "mode": "train", "epoch": 26}
{"loss": 0.32526272535324097, "acc": 0.8885388970375061, "length": 3.8923611640930176, "mode": "test", "epoch": 26}
{"loss": 0.22639061510562897, "acc": 0.9147493243217468, "length": 3.8488352298736572, "mode": "train", "epoch": 27}
{"loss": 0.3133198022842407, "acc": 0.8904256820678711, "length": 3.8923611640930176, "mode": "test", "epoch": 27}
{"loss": 0.21827971935272217, "acc": 0.9206365346908569, "length": 3.8220906257629395, "mode": "train", "epoch": 28}
{"loss": 0.328561931848526, "acc": 0.8919326066970825, "length": 3.875, "mode": "test", "epoch": 28}
{"loss": 0.2157135158777237, "acc": 0.9162927865982056, "length": 3.8604772090911865, "mode": "train", "epoch": 29}
{"loss": 0.34342890977859497, "acc": 0.8868760466575623, "length": 3.902777671813965, "mode": "test", "epoch": 29}
{"loss": 0.21508415043354034, "acc": 0.9190484881401062, "length": 3.8453750610351562, "mode": "train", "epoch": 30}
{"loss": 0.3176000118255615, "acc": 0.891042947769165, "length": 3.8645832538604736, "mode": "test", "epoch": 30}
{"loss": 0.21676748991012573, "acc": 0.9172301888465881, "length": 3.8554437160491943, "mode": "train", "epoch": 31}
{"loss": 0.3440380096435547, "acc": 0.8813734650611877, "length": 3.913194417953491, "mode": "test", "epoch": 31}
{"loss": 0.21560077369213104, "acc": 0.9179032444953918, "length": 3.879997730255127, "mode": "train", "epoch": 32}
{"loss": 0.30569988489151, "acc": 0.8940781354904175, "length": 3.871527671813965, "mode": "test", "epoch": 32}
{"loss": 0.21431033313274384, "acc": 0.9212613105773926, "length": 3.850598096847534, "mode": "train", "epoch": 33}
{"loss": 0.31583648920059204, "acc": 0.8929687142372131, "length": 3.84375, "mode": "test", "epoch": 33}
{"loss": 0.20512226223945618, "acc": 0.9257657527923584, "length": 3.847017765045166, "mode": "train", "epoch": 34}
{"loss": 0.32641589641571045, "acc": 0.8871635794639587, "length": 3.875, "mode": "test", "epoch": 34}
{"loss": 0.2040441781282425, "acc": 0.9210074543952942, "length": 3.851545572280884, "mode": "train", "epoch": 35}
{"loss": 0.32028332352638245, "acc": 0.8879544138908386, "length": 3.819444417953491, "mode": "test", "epoch": 35}
{"loss": 0.20382198691368103, "acc": 0.923015832901001, "length": 3.8346667289733887, "mode": "train", "epoch": 36}
{"loss": 0.31982430815696716, "acc": 0.8895629048347473, "length": 3.8611111640930176, "mode": "test", "epoch": 36}
{"loss": 0.20232848823070526, "acc": 0.9221794009208679, "length": 3.840266227722168, "mode": "train", "epoch": 37}
{"loss": 0.2968452572822571, "acc": 0.8984849452972412, "length": 3.8333332538604736, "mode": "test", "epoch": 37}
{"loss": 0.19767816364765167, "acc": 0.9266629815101624, "length": 3.828160285949707, "mode": "train", "epoch": 38}
{"loss": 0.2770500183105469, "acc": 0.9009575247764587, "length": 3.8125, "mode": "test", "epoch": 38}
{"loss": 0.18914611637592316, "acc": 0.9289012551307678, "length": 3.831880569458008, "mode": "train", "epoch": 39}
{"loss": 0.2756316065788269, "acc": 0.8985339403152466, "length": 3.8541667461395264, "mode": "test", "epoch": 39}
{"loss": 0.1872723251581192, "acc": 0.9269720911979675, "length": 3.8590152263641357, "mode": "train", "epoch": 40}
{"loss": 0.29597008228302, "acc": 0.893406867980957, "length": 3.8229167461395264, "mode": "test", "epoch": 40}
{"loss": 0.1803629845380783, "acc": 0.9341970086097717, "length": 3.8372814655303955, "mode": "train", "epoch": 41}
{"loss": 0.26935499906539917, "acc": 0.8967801332473755, "length": 3.809027671813965, "mode": "test", "epoch": 41}
{"loss": 0.17702850699424744, "acc": 0.9341951012611389, "length": 3.839573860168457, "mode": "train", "epoch": 42}
{"loss": 0.27697402238845825, "acc": 0.901585578918457, "length": 3.850694417953491, "mode": "test", "epoch": 42}
{"loss": 0.17193196713924408, "acc": 0.9329692125320435, "length": 3.8489503860473633, "mode": "train", "epoch": 43}
{"loss": 0.25940895080566406, "acc": 0.9062390923500061, "length": 3.850694417953491, "mode": "test", "epoch": 43}
{"loss": 0.16904130578041077, "acc": 0.9381024837493896, "length": 3.8605780601501465, "mode": "train", "epoch": 44}
{"loss": 0.25278112292289734, "acc": 0.9082791209220886, "length": 3.871527671813965, "mode": "test", "epoch": 44}
{"loss": 0.1616363525390625, "acc": 0.9376016855239868, "length": 3.87506365776062, "mode": "train", "epoch": 45}
{"loss": 0.2520904839038849, "acc": 0.9125244617462158, "length": 3.9201388359069824, "mode": "test", "epoch": 45}
{"loss": 0.1582515984773636, "acc": 0.9399331212043762, "length": 3.901430130004883, "mode": "train", "epoch": 46}
{"loss": 0.26969367265701294, "acc": 0.9105604887008667, "length": 3.9166667461395264, "mode": "test", "epoch": 46}
{"loss": 0.15394935011863708, "acc": 0.9466476440429688, "length": 3.8861522674560547, "mode": "train", "epoch": 47}
{"loss": 0.24944333732128143, "acc": 0.9122503995895386, "length": 3.913194417953491, "mode": "test", "epoch": 47}
{"loss": 0.14993193745613098, "acc": 0.946081817150116, "length": 3.880000114440918, "mode": "train", "epoch": 48}
{"loss": 0.2472325563430786, "acc": 0.9191718697547913, "length": 3.8958332538604736, "mode": "test", "epoch": 48}
{"loss": 0.14228330552577972, "acc": 0.9478763937950134, "length": 3.889986276626587, "mode": "train", "epoch": 49}
{"loss": 0.23885643482208252, "acc": 0.9137614369392395, "length": 3.934027671813965, "mode": "test", "epoch": 49}
{"loss": 0.1421477496623993, "acc": 0.9472361207008362, "length": 3.9220833778381348, "mode": "train", "epoch": 50}
{"loss": 0.23158511519432068, "acc": 0.9183403849601746, "length": 3.9166667461395264, "mode": "test", "epoch": 50}
{"loss": 0.14002090692520142, "acc": 0.9509047269821167, "length": 3.896385908126831, "mode": "train", "epoch": 51}
{"loss": 0.2493840754032135, "acc": 0.9179755449295044, "length": 3.930555582046509, "mode": "test", "epoch": 51}
{"loss": 0.1374550461769104, "acc": 0.9475692510604858, "length": 3.900257110595703, "mode": "train", "epoch": 52}
{"loss": 0.22426021099090576, "acc": 0.9236640930175781, "length": 3.9166667461395264, "mode": "test", "epoch": 52}
{"loss": 0.13104099035263062, "acc": 0.9519214034080505, "length": 3.8970279693603516, "mode": "train", "epoch": 53}
{"loss": 0.23782764375209808, "acc": 0.9237031936645508, "length": 3.9236111640930176, "mode": "test", "epoch": 53}
{"loss": 0.13213667273521423, "acc": 0.9541378617286682, "length": 3.9082443714141846, "mode": "train", "epoch": 54}
{"loss": 0.24907732009887695, "acc": 0.9181124567985535, "length": 3.9236111640930176, "mode": "test", "epoch": 54}
{"loss": 0.12250232696533203, "acc": 0.9540636539459229, "length": 3.909573554992676, "mode": "train", "epoch": 55}
{"loss": 0.23580293357372284, "acc": 0.9279094338417053, "length": 3.90625, "mode": "test", "epoch": 55}
{"loss": 0.12292933464050293, "acc": 0.9543687701225281, "length": 3.9031319618225098, "mode": "train", "epoch": 56}
{"loss": 0.22144870460033417, "acc": 0.9300591945648193, "length": 3.90625, "mode": "test", "epoch": 56}
{"loss": 0.11935392022132874, "acc": 0.9576600790023804, "length": 3.9174108505249023, "mode": "train", "epoch": 57}
{"loss": 0.2310636043548584, "acc": 0.9268268942832947, "length": 3.930555582046509, "mode": "test", "epoch": 57}
{"loss": 0.11381572484970093, "acc": 0.9633115530014038, "length": 3.9224278926849365, "mode": "train", "epoch": 58}
{"loss": 0.21707841753959656, "acc": 0.9266465306282043, "length": 3.913194417953491, "mode": "test", "epoch": 58}
{"loss": 0.11543864756822586, "acc": 0.9595884084701538, "length": 3.915431261062622, "mode": "train", "epoch": 59}
{"loss": 0.19040517508983612, "acc": 0.931833028793335, "length": 3.90625, "mode": "test", "epoch": 59}
{"loss": 0.10759548097848892, "acc": 0.9635374546051025, "length": 3.8967061042785645, "mode": "train", "epoch": 60}
{"loss": 0.1918194591999054, "acc": 0.9334852695465088, "length": 3.902777671813965, "mode": "test", "epoch": 60}
test accuracy: 0.8615496754646301
