# ["--attributes=5", "--values=16", "--game_size=10", "--vocab_size_factor=3", "--n_epochs=60", "--batch_size=128", "--learning_rate=0.001", "--hidden_size=128", "--temp_update=0.97", "--temperature=1"]
Creating train_ds and val_ds...

Creating test_ds...
{"loss": 0.7012139558792114, "acc": 0.5008789896965027, "length": 3.5239973068237305, "mode": "train", "epoch": 1}
{"loss": 0.6916290521621704, "acc": 0.5168227553367615, "length": 1.1317567825317383, "mode": "test", "epoch": 1}
{"loss": 0.6950064301490784, "acc": 0.520940899848938, "length": 3.307219982147217, "mode": "train", "epoch": 2}
{"loss": 0.6946918964385986, "acc": 0.5021960139274597, "length": 1.0202702283859253, "mode": "test", "epoch": 2}
{"loss": 0.6878024935722351, "acc": 0.546522855758667, "length": 2.373483180999756, "mode": "train", "epoch": 3}
{"loss": 0.6909753084182739, "acc": 0.5296120047569275, "length": 1.0405405759811401, "mode": "test", "epoch": 3}
{"loss": 0.6671640276908875, "acc": 0.6419971585273743, "length": 1.9755841493606567, "mode": "train", "epoch": 4}
{"loss": 0.6465541124343872, "acc": 0.6702963709831238, "length": 1.9797297716140747, "mode": "test", "epoch": 4}
{"loss": 0.6305422186851501, "acc": 0.699883759021759, "length": 2.2194766998291016, "mode": "train", "epoch": 5}
{"loss": 0.6094821691513062, "acc": 0.6907094717025757, "length": 2.0945944786071777, "mode": "test", "epoch": 5}
{"loss": 0.5865975618362427, "acc": 0.7099366188049316, "length": 2.324953556060791, "mode": "train", "epoch": 6}
{"loss": 0.5874103307723999, "acc": 0.6876071691513062, "length": 2.070945978164673, "mode": "test", "epoch": 6}
{"loss": 0.5651626586914062, "acc": 0.7131557464599609, "length": 2.264869451522827, "mode": "train", "epoch": 7}
{"loss": 0.5738953948020935, "acc": 0.7050483226776123, "length": 2.222972869873047, "mode": "test", "epoch": 7}
{"loss": 0.5516907572746277, "acc": 0.7354514002799988, "length": 2.314517021179199, "mode": "train", "epoch": 8}
{"loss": 0.5582573413848877, "acc": 0.7291258573532104, "length": 2.226351261138916, "mode": "test", "epoch": 8}
{"loss": 0.5316973924636841, "acc": 0.75465989112854, "length": 2.4006121158599854, "mode": "train", "epoch": 9}
{"loss": 0.5308861136436462, "acc": 0.7649915814399719, "length": 2.327702760696411, "mode": "test", "epoch": 9}
{"loss": 0.5082416534423828, "acc": 0.7719629406929016, "length": 2.366851568222046, "mode": "train", "epoch": 10}
{"loss": 0.5122777819633484, "acc": 0.7678384780883789, "length": 2.3378379344940186, "mode": "test", "epoch": 10}
{"loss": 0.48216143250465393, "acc": 0.7838140726089478, "length": 2.442620038986206, "mode": "train", "epoch": 11}
{"loss": 0.50030517578125, "acc": 0.7749923467636108, "length": 2.3648648262023926, "mode": "test", "epoch": 11}
{"loss": 0.46522802114486694, "acc": 0.7890686988830566, "length": 2.41519832611084, "mode": "train", "epoch": 12}
{"loss": 0.4884755313396454, "acc": 0.7790883183479309, "length": 2.354729652404785, "mode": "test", "epoch": 12}
{"loss": 0.45487773418426514, "acc": 0.7933461666107178, "length": 2.4110074043273926, "mode": "train", "epoch": 13}
{"loss": 0.4702286124229431, "acc": 0.7811669111251831, "length": 2.3175675868988037, "mode": "test", "epoch": 13}
{"loss": 0.4490583837032318, "acc": 0.7940701842308044, "length": 2.335136890411377, "mode": "train", "epoch": 14}
{"loss": 0.47240209579467773, "acc": 0.7837122678756714, "length": 2.327702760696411, "mode": "test", "epoch": 14}
{"loss": 0.44440940022468567, "acc": 0.7964313626289368, "length": 2.3828155994415283, "mode": "train", "epoch": 15}
{"loss": 0.46876296401023865, "acc": 0.7854717373847961, "length": 2.327702760696411, "mode": "test", "epoch": 15}
{"loss": 0.4407409727573395, "acc": 0.7968016266822815, "length": 2.3821537494659424, "mode": "train", "epoch": 16}
{"loss": 0.460103839635849, "acc": 0.7859150767326355, "length": 2.3175675868988037, "mode": "test", "epoch": 16}
{"loss": 0.43822771310806274, "acc": 0.7985600829124451, "length": 2.3902156352996826, "mode": "train", "epoch": 17}
{"loss": 0.45800527930259705, "acc": 0.7859150767326355, "length": 2.3175675868988037, "mode": "test", "epoch": 17}
{"loss": 0.4367433786392212, "acc": 0.7989661693572998, "length": 2.3881919384002686, "mode": "train", "epoch": 18}
{"loss": 0.45685654878616333, "acc": 0.7849569916725159, "length": 2.3108108043670654, "mode": "test", "epoch": 18}
{"loss": 0.43495991826057434, "acc": 0.7981702089309692, "length": 2.3649821281433105, "mode": "train", "epoch": 19}
{"loss": 0.45674699544906616, "acc": 0.7859150767326355, "length": 2.3175675868988037, "mode": "test", "epoch": 19}
{"loss": 0.43600064516067505, "acc": 0.7985957860946655, "length": 2.3849384784698486, "mode": "train", "epoch": 20}
{"loss": 0.45764392614364624, "acc": 0.7860246896743774, "length": 2.3175675868988037, "mode": "test", "epoch": 20}
{"loss": 0.4360191226005554, "acc": 0.7998548746109009, "length": 2.3870081901550293, "mode": "train", "epoch": 21}
{"loss": 0.45517033338546753, "acc": 0.7876689434051514, "length": 2.3175675868988037, "mode": "test", "epoch": 21}
{"loss": 0.43414682149887085, "acc": 0.7999491691589355, "length": 2.386812448501587, "mode": "train", "epoch": 22}
{"loss": 0.4553977847099304, "acc": 0.7860048413276672, "length": 2.3175675868988037, "mode": "test", "epoch": 22}
{"loss": 0.4350295960903168, "acc": 0.7985161542892456, "length": 2.368206024169922, "mode": "train", "epoch": 23}
{"loss": 0.4544282555580139, "acc": 0.7842905521392822, "length": 2.3175675868988037, "mode": "test", "epoch": 23}
{"loss": 0.4342232048511505, "acc": 0.7990506291389465, "length": 2.395298719406128, "mode": "train", "epoch": 24}
{"loss": 0.46244996786117554, "acc": 0.7840331792831421, "length": 2.324324369430542, "mode": "test", "epoch": 24}
{"loss": 0.43549492955207825, "acc": 0.7988231778144836, "length": 2.393338680267334, "mode": "train", "epoch": 25}
{"loss": 0.46000975370407104, "acc": 0.7872342467308044, "length": 2.320945978164673, "mode": "test", "epoch": 25}
{"loss": 0.43437471985816956, "acc": 0.799226701259613, "length": 2.3921749591827393, "mode": "train", "epoch": 26}
{"loss": 0.4554944634437561, "acc": 0.7844845056533813, "length": 2.3175675868988037, "mode": "test", "epoch": 26}
{"loss": 0.43426746129989624, "acc": 0.7981966733932495, "length": 2.3850693702697754, "mode": "train", "epoch": 27}
{"loss": 0.4532298445701599, "acc": 0.787650465965271, "length": 2.3175675868988037, "mode": "test", "epoch": 27}
{"loss": 0.4323969781398773, "acc": 0.7986633777618408, "length": 2.388690710067749, "mode": "train", "epoch": 28}
{"loss": 0.4512549340724945, "acc": 0.7863136529922485, "length": 2.3175675868988037, "mode": "test", "epoch": 28}
{"loss": 0.43166878819465637, "acc": 0.8000108003616333, "length": 2.378974676132202, "mode": "train", "epoch": 29}
{"loss": 0.44908377528190613, "acc": 0.787443220615387, "length": 2.3175675868988037, "mode": "test", "epoch": 29}
{"loss": 0.43048182129859924, "acc": 0.799037516117096, "length": 2.361396074295044, "mode": "train", "epoch": 30}
{"loss": 0.4490118622779846, "acc": 0.7892314195632935, "length": 2.3175675868988037, "mode": "test", "epoch": 30}
{"loss": 0.4296899735927582, "acc": 0.8016611337661743, "length": 2.3816330432891846, "mode": "train", "epoch": 31}
{"loss": 0.449939101934433, "acc": 0.7910750508308411, "length": 2.3175675868988037, "mode": "test", "epoch": 31}
{"loss": 0.42791587114334106, "acc": 0.8022516965866089, "length": 2.389176845550537, "mode": "train", "epoch": 32}
{"loss": 0.44587641954421997, "acc": 0.7916622161865234, "length": 2.3175675868988037, "mode": "test", "epoch": 32}
{"loss": 0.4255158603191376, "acc": 0.8026266694068909, "length": 2.3909008502960205, "mode": "train", "epoch": 33}
{"loss": 0.44459372758865356, "acc": 0.7911897897720337, "length": 2.3175675868988037, "mode": "test", "epoch": 33}
{"loss": 0.4260408282279968, "acc": 0.8018304705619812, "length": 2.3917155265808105, "mode": "train", "epoch": 34}
{"loss": 0.4449853301048279, "acc": 0.7920568585395813, "length": 2.3175675868988037, "mode": "test", "epoch": 34}
{"loss": 0.4241017699241638, "acc": 0.8037325739860535, "length": 2.386505365371704, "mode": "train", "epoch": 35}
{"loss": 0.4427325427532196, "acc": 0.7920568585395813, "length": 2.3175675868988037, "mode": "test", "epoch": 35}
{"loss": 0.4226519465446472, "acc": 0.802422285079956, "length": 2.3624632358551025, "mode": "train", "epoch": 36}
{"loss": 0.44314274191856384, "acc": 0.7913534641265869, "length": 2.3141891956329346, "mode": "test", "epoch": 36}
{"loss": 0.4232921004295349, "acc": 0.8046343326568604, "length": 2.3614864349365234, "mode": "train", "epoch": 37}
{"loss": 0.4426177442073822, "acc": 0.7918047308921814, "length": 2.3074324131011963, "mode": "test", "epoch": 37}
{"loss": 0.4195273220539093, "acc": 0.8042014837265015, "length": 2.375774621963501, "mode": "train", "epoch": 38}
{"loss": 0.44153040647506714, "acc": 0.7918535470962524, "length": 2.3175675868988037, "mode": "test", "epoch": 38}
{"loss": 0.4233274757862091, "acc": 0.8057329654693604, "length": 2.395082950592041, "mode": "train", "epoch": 39}
{"loss": 0.44857513904571533, "acc": 0.794046938419342, "length": 2.327702760696411, "mode": "test", "epoch": 39}
{"loss": 0.4192531406879425, "acc": 0.8082433342933655, "length": 2.3866443634033203, "mode": "train", "epoch": 40}
{"loss": 0.44139131903648376, "acc": 0.7923524975776672, "length": 2.2939188480377197, "mode": "test", "epoch": 40}
{"loss": 0.4210246503353119, "acc": 0.8060278296470642, "length": 2.350816249847412, "mode": "train", "epoch": 41}
{"loss": 0.44119274616241455, "acc": 0.7921885848045349, "length": 2.277027130126953, "mode": "test", "epoch": 41}
{"loss": 0.41858381032943726, "acc": 0.8075775504112244, "length": 2.2905662059783936, "mode": "train", "epoch": 42}
{"loss": 0.4377734065055847, "acc": 0.7943769693374634, "length": 2.2331080436706543, "mode": "test", "epoch": 42}
{"loss": 0.4196273386478424, "acc": 0.8077686429023743, "length": 2.270179510116577, "mode": "train", "epoch": 43}
{"loss": 0.4483528137207031, "acc": 0.7914959788322449, "length": 2.320945978164673, "mode": "test", "epoch": 43}
{"loss": 0.41808846592903137, "acc": 0.8088521957397461, "length": 2.379516839981079, "mode": "train", "epoch": 44}
{"loss": 0.439840167760849, "acc": 0.7958838939666748, "length": 2.304054021835327, "mode": "test", "epoch": 44}
{"loss": 0.4185888469219208, "acc": 0.8075573444366455, "length": 2.358855962753296, "mode": "train", "epoch": 45}
{"loss": 0.4423163831233978, "acc": 0.794087827205658, "length": 2.2939188480377197, "mode": "test", "epoch": 45}
{"loss": 0.41727474331855774, "acc": 0.8086821436882019, "length": 2.285431385040283, "mode": "train", "epoch": 46}
{"loss": 0.4424766004085541, "acc": 0.7960594296455383, "length": 2.229729652404785, "mode": "test", "epoch": 46}
{"loss": 0.41441747546195984, "acc": 0.81082683801651, "length": 2.263131856918335, "mode": "train", "epoch": 47}
{"loss": 0.43878111243247986, "acc": 0.796093761920929, "length": 2.2060811519622803, "mode": "test", "epoch": 47}
{"loss": 0.41306108236312866, "acc": 0.8112831115722656, "length": 2.2733044624328613, "mode": "train", "epoch": 48}
{"loss": 0.4395749270915985, "acc": 0.7956938743591309, "length": 2.2398648262023926, "mode": "test", "epoch": 48}
{"loss": 0.41110193729400635, "acc": 0.8120172619819641, "length": 2.2554128170013428, "mode": "train", "epoch": 49}
{"loss": 0.43844589591026306, "acc": 0.7948955297470093, "length": 2.2195944786071777, "mode": "test", "epoch": 49}
{"loss": 0.41269800066947937, "acc": 0.8117353916168213, "length": 2.2893240451812744, "mode": "train", "epoch": 50}
{"loss": 0.44168853759765625, "acc": 0.7951673269271851, "length": 2.2128379344940186, "mode": "test", "epoch": 50}
{"loss": 0.40866246819496155, "acc": 0.8124438524246216, "length": 2.3154327869415283, "mode": "train", "epoch": 51}
{"loss": 0.4347582459449768, "acc": 0.8018316626548767, "length": 2.351351261138916, "mode": "test", "epoch": 51}
{"loss": 0.40637680888175964, "acc": 0.8159183263778687, "length": 2.3005077838897705, "mode": "train", "epoch": 52}
{"loss": 0.42952975630760193, "acc": 0.8121243715286255, "length": 2.3648648262023926, "mode": "test", "epoch": 52}
{"loss": 0.4033431112766266, "acc": 0.8181036114692688, "length": 2.426370859146118, "mode": "train", "epoch": 53}
{"loss": 0.42303985357284546, "acc": 0.8122783303260803, "length": 2.445945978164673, "mode": "test", "epoch": 53}
{"loss": 0.39994290471076965, "acc": 0.820895254611969, "length": 2.3138957023620605, "mode": "train", "epoch": 54}
{"loss": 0.4167676866054535, "acc": 0.8130334615707397, "length": 2.4391891956329346, "mode": "test", "epoch": 54}
{"loss": 0.39962947368621826, "acc": 0.8196730017662048, "length": 2.3719348907470703, "mode": "train", "epoch": 55}
{"loss": 0.41909927129745483, "acc": 0.8068617582321167, "length": 2.449324369430542, "mode": "test", "epoch": 55}
{"loss": 0.39278170466423035, "acc": 0.8225193023681641, "length": 2.348057270050049, "mode": "train", "epoch": 56}
{"loss": 0.4142742156982422, "acc": 0.814653754234314, "length": 2.479729652404785, "mode": "test", "epoch": 56}
{"loss": 0.3881714642047882, "acc": 0.8253109455108643, "length": 2.462634325027466, "mode": "train", "epoch": 57}
{"loss": 0.4180125594139099, "acc": 0.81787109375, "length": 2.520270347595215, "mode": "test", "epoch": 57}
{"loss": 0.38354629278182983, "acc": 0.8336656093597412, "length": 2.4798808097839355, "mode": "train", "epoch": 58}
{"loss": 0.4228156805038452, "acc": 0.8175802826881409, "length": 2.702702760696411, "mode": "test", "epoch": 58}
{"loss": 0.37356916069984436, "acc": 0.838585615158081, "length": 2.620997667312622, "mode": "train", "epoch": 59}
{"loss": 0.41892358660697937, "acc": 0.8258245587348938, "length": 2.699324369430542, "mode": "test", "epoch": 59}
{"loss": 0.3694514334201813, "acc": 0.8430318236351013, "length": 2.5836727619171143, "mode": "train", "epoch": 60}
{"loss": 0.4001048505306244, "acc": 0.8266950249671936, "length": 2.7060811519622803, "mode": "test", "epoch": 60}
test accuracy: 0.730659544467926
