# ["--attributes=5", "--values=16", "--game_size=10", "--vocab_size_factor=3", "--n_epochs=60", "--batch_size=128", "--learning_rate=0.001", "--hidden_size=128", "--temp_update=0.97", "--temperature=1.5"]
Creating train_ds and val_ds...

Creating test_ds...
{"loss": 0.6972981095314026, "acc": 0.5107448697090149, "length": 3.540480375289917, "mode": "train", "epoch": 1}
{"loss": 0.6842305660247803, "acc": 0.5290324091911316, "length": 1.2881944179534912, "mode": "test", "epoch": 1}
{"loss": 0.6918402910232544, "acc": 0.5246918797492981, "length": 3.4776461124420166, "mode": "train", "epoch": 2}
{"loss": 0.6748737692832947, "acc": 0.5571248531341553, "length": 1.8819444179534912, "mode": "test", "epoch": 2}
{"loss": 0.6857831478118896, "acc": 0.5548957586288452, "length": 3.3499550819396973, "mode": "train", "epoch": 3}
{"loss": 0.6573910713195801, "acc": 0.6666151881217957, "length": 2.5208332538604736, "mode": "test", "epoch": 3}
{"loss": 0.6631458401679993, "acc": 0.6298382878303528, "length": 3.348879337310791, "mode": "train", "epoch": 4}
{"loss": 0.6183671355247498, "acc": 0.7381618618965149, "length": 3.78125, "mode": "test", "epoch": 4}
{"loss": 0.6124821901321411, "acc": 0.6902386546134949, "length": 3.5753276348114014, "mode": "train", "epoch": 5}
{"loss": 0.5862270593643188, "acc": 0.7189237475395203, "length": 4.0, "mode": "test", "epoch": 5}
{"loss": 0.5611280202865601, "acc": 0.6977948546409607, "length": 3.8325135707855225, "mode": "train", "epoch": 6}
{"loss": 0.5838326811790466, "acc": 0.721875011920929, "length": 4.0, "mode": "test", "epoch": 6}
{"loss": 0.5365007519721985, "acc": 0.7202368378639221, "length": 3.9128551483154297, "mode": "train", "epoch": 7}
{"loss": 0.5569466352462769, "acc": 0.7437498569488525, "length": 4.0, "mode": "test", "epoch": 7}
{"loss": 0.5046342611312866, "acc": 0.7638748288154602, "length": 3.9439234733581543, "mode": "train", "epoch": 8}
{"loss": 0.5254946947097778, "acc": 0.7723957896232605, "length": 4.0, "mode": "test", "epoch": 8}
{"loss": 0.47161880135536194, "acc": 0.7911026477813721, "length": 3.9577693939208984, "mode": "train", "epoch": 9}
{"loss": 0.49874597787857056, "acc": 0.7826389670372009, "length": 4.0, "mode": "test", "epoch": 9}
{"loss": 0.43468669056892395, "acc": 0.8100272417068481, "length": 3.971043586730957, "mode": "train", "epoch": 10}
{"loss": 0.46739253401756287, "acc": 0.8111111521720886, "length": 4.0, "mode": "test", "epoch": 10}
{"loss": 0.398830771446228, "acc": 0.8249564170837402, "length": 3.9772253036499023, "mode": "train", "epoch": 11}
{"loss": 0.4448948800563812, "acc": 0.8173611760139465, "length": 4.0, "mode": "test", "epoch": 11}
{"loss": 0.3719862997531891, "acc": 0.8459770083427429, "length": 3.9791300296783447, "mode": "train", "epoch": 12}
{"loss": 0.4089394509792328, "acc": 0.8378472924232483, "length": 4.0, "mode": "test", "epoch": 12}
{"loss": 0.3549555540084839, "acc": 0.8582610487937927, "length": 3.984957218170166, "mode": "train", "epoch": 13}
{"loss": 0.401397168636322, "acc": 0.8442708849906921, "length": 4.0, "mode": "test", "epoch": 13}
{"loss": 0.34968045353889465, "acc": 0.8590028285980225, "length": 3.9881441593170166, "mode": "train", "epoch": 14}
{"loss": 0.3983003497123718, "acc": 0.8451388478279114, "length": 4.0, "mode": "test", "epoch": 14}
{"loss": 0.3304559588432312, "acc": 0.865059494972229, "length": 3.9878604412078857, "mode": "train", "epoch": 15}
{"loss": 0.38521796464920044, "acc": 0.8487846255302429, "length": 4.0, "mode": "test", "epoch": 15}
{"loss": 0.31816092133522034, "acc": 0.8710284233093262, "length": 3.9912331104278564, "mode": "train", "epoch": 16}
{"loss": 0.38929304480552673, "acc": 0.8475694060325623, "length": 4.0, "mode": "test", "epoch": 16}
{"loss": 0.3070104122161865, "acc": 0.8820691704750061, "length": 3.994507312774658, "mode": "train", "epoch": 17}
{"loss": 0.3824523091316223, "acc": 0.8487846851348877, "length": 4.0, "mode": "test", "epoch": 17}
{"loss": 0.3049926161766052, "acc": 0.8798860907554626, "length": 3.9930455684661865, "mode": "train", "epoch": 18}
{"loss": 0.4124211072921753, "acc": 0.8368055820465088, "length": 4.0, "mode": "test", "epoch": 18}
{"loss": 0.2959153354167938, "acc": 0.8864924311637878, "length": 3.995514154434204, "mode": "train", "epoch": 19}
{"loss": 0.3798992335796356, "acc": 0.8550346493721008, "length": 4.0, "mode": "test", "epoch": 19}
{"loss": 0.290485680103302, "acc": 0.8845744729042053, "length": 3.9956390857696533, "mode": "train", "epoch": 20}
{"loss": 0.3702267110347748, "acc": 0.8520833253860474, "length": 4.0, "mode": "test", "epoch": 20}
{"loss": 0.2817133963108063, "acc": 0.892989993095398, "length": 3.996420383453369, "mode": "train", "epoch": 21}
{"loss": 0.3552355170249939, "acc": 0.8571180701255798, "length": 4.0, "mode": "test", "epoch": 21}
{"loss": 0.2725940942764282, "acc": 0.8944369554519653, "length": 3.9969100952148438, "mode": "train", "epoch": 22}
{"loss": 0.34633558988571167, "acc": 0.8635416030883789, "length": 4.0, "mode": "test", "epoch": 22}
{"loss": 0.26461371779441833, "acc": 0.8955729603767395, "length": 3.9931554794311523, "mode": "train", "epoch": 23}
{"loss": 0.33387571573257446, "acc": 0.8800346851348877, "length": 4.0, "mode": "test", "epoch": 23}
{"loss": 0.2577950060367584, "acc": 0.8982988595962524, "length": 3.9944870471954346, "mode": "train", "epoch": 24}
{"loss": 0.3165035843849182, "acc": 0.8720486164093018, "length": 4.0, "mode": "test", "epoch": 24}
{"loss": 0.2529143989086151, "acc": 0.8983189463615417, "length": 3.994823455810547, "mode": "train", "epoch": 25}
{"loss": 0.3098202347755432, "acc": 0.878993034362793, "length": 4.0, "mode": "test", "epoch": 25}
{"loss": 0.2440512329339981, "acc": 0.9025853872299194, "length": 3.9961068630218506, "mode": "train", "epoch": 26}
{"loss": 0.30471497774124146, "acc": 0.8892360329627991, "length": 4.0, "mode": "test", "epoch": 26}
{"loss": 0.23516276478767395, "acc": 0.9068954586982727, "length": 3.9952778816223145, "mode": "train", "epoch": 27}
{"loss": 0.29595017433166504, "acc": 0.8831597566604614, "length": 4.0, "mode": "test", "epoch": 27}
{"loss": 0.22754308581352234, "acc": 0.9096035361289978, "length": 3.998628616333008, "mode": "train", "epoch": 28}
{"loss": 0.2921821177005768, "acc": 0.8874999284744263, "length": 4.0, "mode": "test", "epoch": 28}
{"loss": 0.2163439244031906, "acc": 0.9184862971305847, "length": 3.9993157386779785, "mode": "train", "epoch": 29}
{"loss": 0.2918246388435364, "acc": 0.8869791030883789, "length": 4.0, "mode": "test", "epoch": 29}
{"loss": 0.21848586201667786, "acc": 0.916315495967865, "length": 3.9978232383728027, "mode": "train", "epoch": 30}
{"loss": 0.2776566445827484, "acc": 0.8965277075767517, "length": 4.0, "mode": "test", "epoch": 30}
{"loss": 0.21465365588665009, "acc": 0.9185122847557068, "length": 3.9966959953308105, "mode": "train", "epoch": 31}
{"loss": 0.2937324643135071, "acc": 0.8979166746139526, "length": 4.0, "mode": "test", "epoch": 31}
{"loss": 0.21479487419128418, "acc": 0.9183990955352783, "length": 3.9986116886138916, "mode": "train", "epoch": 32}
{"loss": 0.28132331371307373, "acc": 0.8937499523162842, "length": 4.0, "mode": "test", "epoch": 32}
{"loss": 0.2090694159269333, "acc": 0.9180614948272705, "length": 3.9958553314208984, "mode": "train", "epoch": 33}
{"loss": 0.26861849427223206, "acc": 0.902430534362793, "length": 4.0, "mode": "test", "epoch": 33}
{"loss": 0.19822067022323608, "acc": 0.9215148091316223, "length": 3.998927116394043, "mode": "train", "epoch": 34}
{"loss": 0.27919432520866394, "acc": 0.9065971374511719, "length": 4.0, "mode": "test", "epoch": 34}
{"loss": 0.1960756629705429, "acc": 0.9187232851982117, "length": 3.999523639678955, "mode": "train", "epoch": 35}
{"loss": 0.26405778527259827, "acc": 0.9093750715255737, "length": 4.0, "mode": "test", "epoch": 35}
{"loss": 0.1912759691476822, "acc": 0.9266127943992615, "length": 3.9994001388549805, "mode": "train", "epoch": 36}
{"loss": 0.26951873302459717, "acc": 0.9095485210418701, "length": 4.0, "mode": "test", "epoch": 36}
{"loss": 0.19296516478061676, "acc": 0.9267258644104004, "length": 3.999722480773926, "mode": "train", "epoch": 37}
{"loss": 0.26466402411460876, "acc": 0.9119792580604553, "length": 4.0, "mode": "test", "epoch": 37}
{"loss": 0.1924613118171692, "acc": 0.9233725070953369, "length": 3.999816417694092, "mode": "train", "epoch": 38}
{"loss": 0.2681756913661957, "acc": 0.9083333611488342, "length": 4.0, "mode": "test", "epoch": 38}
{"loss": 0.182647243142128, "acc": 0.9313204288482666, "length": 3.99985408782959, "mode": "train", "epoch": 39}
{"loss": 0.25011053681373596, "acc": 0.9190971851348877, "length": 4.0, "mode": "test", "epoch": 39}
{"loss": 0.17844656109809875, "acc": 0.9291041493415833, "length": 3.999530792236328, "mode": "train", "epoch": 40}
{"loss": 0.23807577788829803, "acc": 0.9196179509162903, "length": 4.0, "mode": "test", "epoch": 40}
{"loss": 0.17262274026870728, "acc": 0.9341031312942505, "length": 3.99988055229187, "mode": "train", "epoch": 41}
{"loss": 0.2548848092556, "acc": 0.9142361879348755, "length": 4.0, "mode": "test", "epoch": 41}
{"loss": 0.17016668617725372, "acc": 0.93587726354599, "length": 3.9988627433776855, "mode": "train", "epoch": 42}
{"loss": 0.2494911402463913, "acc": 0.9184027910232544, "length": 4.0, "mode": "test", "epoch": 42}
{"loss": 0.16516610980033875, "acc": 0.9373525977134705, "length": 3.9999537467956543, "mode": "train", "epoch": 43}
{"loss": 0.25099265575408936, "acc": 0.9149305820465088, "length": 4.0, "mode": "test", "epoch": 43}
{"loss": 0.15850770473480225, "acc": 0.9385790228843689, "length": 3.997748851776123, "mode": "train", "epoch": 44}
{"loss": 0.24671463668346405, "acc": 0.9190971851348877, "length": 4.0, "mode": "test", "epoch": 44}
{"loss": 0.16429643332958221, "acc": 0.9356014728546143, "length": 3.999018907546997, "mode": "train", "epoch": 45}
{"loss": 0.24812179803848267, "acc": 0.9211806058883667, "length": 4.0, "mode": "test", "epoch": 45}
{"loss": 0.15406331419944763, "acc": 0.9397861957550049, "length": 3.999882221221924, "mode": "train", "epoch": 46}
{"loss": 0.2385958880186081, "acc": 0.9243054986000061, "length": 4.0, "mode": "test", "epoch": 46}
{"loss": 0.14493249356746674, "acc": 0.9483144879341125, "length": 3.9999172687530518, "mode": "train", "epoch": 47}
{"loss": 0.2467840611934662, "acc": 0.9263889789581299, "length": 4.0, "mode": "test", "epoch": 47}
{"loss": 0.13987486064434052, "acc": 0.9482901692390442, "length": 3.999664545059204, "mode": "train", "epoch": 48}
{"loss": 0.23378679156303406, "acc": 0.9312499165534973, "length": 4.0, "mode": "test", "epoch": 48}
{"loss": 0.14248260855674744, "acc": 0.9469424486160278, "length": 3.998169422149658, "mode": "train", "epoch": 49}
{"loss": 0.23943936824798584, "acc": 0.9253472089767456, "length": 4.0, "mode": "test", "epoch": 49}
{"loss": 0.1419641226530075, "acc": 0.945448637008667, "length": 3.998408317565918, "mode": "train", "epoch": 50}
{"loss": 0.23707854747772217, "acc": 0.9295138120651245, "length": 4.0, "mode": "test", "epoch": 50}
{"loss": 0.1393994688987732, "acc": 0.9503470063209534, "length": 3.9999728202819824, "mode": "train", "epoch": 51}
{"loss": 0.24076585471630096, "acc": 0.9359375834465027, "length": 4.0, "mode": "test", "epoch": 51}
{"loss": 0.1269344538450241, "acc": 0.9550445079803467, "length": 3.999964952468872, "mode": "train", "epoch": 52}
{"loss": 0.2389887273311615, "acc": 0.9352429509162903, "length": 4.0, "mode": "test", "epoch": 52}
{"loss": 0.12970572710037231, "acc": 0.9559091925621033, "length": 3.9996891021728516, "mode": "train", "epoch": 53}
{"loss": 0.21942177414894104, "acc": 0.9354166388511658, "length": 4.0, "mode": "test", "epoch": 53}
{"loss": 0.12516412138938904, "acc": 0.9528449773788452, "length": 3.9990222454071045, "mode": "train", "epoch": 54}
{"loss": 0.21852990984916687, "acc": 0.9437500834465027, "length": 4.0, "mode": "test", "epoch": 54}
{"loss": 0.11791975051164627, "acc": 0.9582929611206055, "length": 3.9999704360961914, "mode": "train", "epoch": 55}
{"loss": 0.2109065055847168, "acc": 0.9440972208976746, "length": 4.0, "mode": "test", "epoch": 55}
{"loss": 0.11674883216619492, "acc": 0.9612294435501099, "length": 3.9976706504821777, "mode": "train", "epoch": 56}
{"loss": 0.22839036583900452, "acc": 0.9390624165534973, "length": 4.0, "mode": "test", "epoch": 56}
{"loss": 0.11458279192447662, "acc": 0.958096981048584, "length": 3.998751163482666, "mode": "train", "epoch": 57}
{"loss": 0.2043169140815735, "acc": 0.9434027075767517, "length": 4.0, "mode": "test", "epoch": 57}
{"loss": 0.10500089824199677, "acc": 0.9659908413887024, "length": 3.9997870922088623, "mode": "train", "epoch": 58}
{"loss": 0.21586120128631592, "acc": 0.9435763955116272, "length": 4.0, "mode": "test", "epoch": 58}
{"loss": 0.10425731539726257, "acc": 0.96420818567276, "length": 3.9998111724853516, "mode": "train", "epoch": 59}
{"loss": 0.21866711974143982, "acc": 0.949305534362793, "length": 4.0, "mode": "test", "epoch": 59}
{"loss": 0.10227151960134506, "acc": 0.9665159583091736, "length": 3.9991073608398438, "mode": "train", "epoch": 60}
{"loss": 0.2177591770887375, "acc": 0.9449652433395386, "length": 4.0, "mode": "test", "epoch": 60}
test accuracy: 0.6775860786437988
