# ["--attributes=5", "--values=16", "--game_size=10", "--vocab_size_factor=3", "--n_epochs=60", "--batch_size=128", "--learning_rate=0.001", "--hidden_size=128", "--temp_update=0.97", "--temperature=2"]
Creating train_ds and val_ds...

Creating test_ds...
{"loss": 0.7016549706459045, "acc": 0.50822913646698, "length": 3.497952461242676, "mode": "train", "epoch": 1}
{"loss": 0.6921314001083374, "acc": 0.4907342791557312, "length": 1.0, "mode": "test", "epoch": 1}
{"loss": 0.6918256878852844, "acc": 0.5378060340881348, "length": 3.4096410274505615, "mode": "train", "epoch": 2}
{"loss": 0.6908984184265137, "acc": 0.5302447080612183, "length": 1.0, "mode": "test", "epoch": 2}
{"loss": 0.6873633861541748, "acc": 0.5522355437278748, "length": 3.181436777114868, "mode": "train", "epoch": 3}
{"loss": 0.6903804540634155, "acc": 0.5079518556594849, "length": 1.0314685106277466, "mode": "test", "epoch": 3}
{"loss": 0.675493061542511, "acc": 0.577670693397522, "length": 3.104365587234497, "mode": "train", "epoch": 4}
{"loss": 0.6541993618011475, "acc": 0.6428244709968567, "length": 3.0034964084625244, "mode": "test", "epoch": 4}
{"loss": 0.644861102104187, "acc": 0.6604508757591248, "length": 3.490485429763794, "mode": "train", "epoch": 5}
{"loss": 0.6084396243095398, "acc": 0.7057279944419861, "length": 3.8636362552642822, "mode": "test", "epoch": 5}
{"loss": 0.5908515453338623, "acc": 0.7064641118049622, "length": 3.8176114559173584, "mode": "train", "epoch": 6}
{"loss": 0.5782889723777771, "acc": 0.7146992683410645, "length": 3.968531370162964, "mode": "test", "epoch": 6}
{"loss": 0.5485960245132446, "acc": 0.7006357312202454, "length": 3.9160025119781494, "mode": "train", "epoch": 7}
{"loss": 0.5932861566543579, "acc": 0.7031468749046326, "length": 4.0, "mode": "test", "epoch": 7}
{"loss": 0.5167974829673767, "acc": 0.74723881483078, "length": 3.931427240371704, "mode": "train", "epoch": 8}
{"loss": 0.5347111821174622, "acc": 0.7512237429618835, "length": 4.0, "mode": "test", "epoch": 8}
{"loss": 0.4725359082221985, "acc": 0.779985249042511, "length": 3.926210403442383, "mode": "train", "epoch": 9}
{"loss": 0.48808369040489197, "acc": 0.77395099401474, "length": 4.0, "mode": "test", "epoch": 9}
{"loss": 0.43631497025489807, "acc": 0.8050827383995056, "length": 3.9523067474365234, "mode": "train", "epoch": 10}
{"loss": 0.46283262968063354, "acc": 0.789860188961029, "length": 4.0, "mode": "test", "epoch": 10}
{"loss": 0.40993326902389526, "acc": 0.8172755837440491, "length": 3.9613914489746094, "mode": "train", "epoch": 11}
{"loss": 0.45066481828689575, "acc": 0.7994754910469055, "length": 4.0, "mode": "test", "epoch": 11}
{"loss": 0.3967306315898895, "acc": 0.8251405954360962, "length": 3.9720253944396973, "mode": "train", "epoch": 12}
{"loss": 0.45568394660949707, "acc": 0.8019231557846069, "length": 4.0, "mode": "test", "epoch": 12}
{"loss": 0.3846692740917206, "acc": 0.8327941298484802, "length": 3.9808545112609863, "mode": "train", "epoch": 13}
{"loss": 0.4423353672027588, "acc": 0.8071677684783936, "length": 4.0, "mode": "test", "epoch": 13}
{"loss": 0.3722742795944214, "acc": 0.8388570547103882, "length": 3.98883318901062, "mode": "train", "epoch": 14}
{"loss": 0.4196653962135315, "acc": 0.8307690620422363, "length": 4.0, "mode": "test", "epoch": 14}
{"loss": 0.3631087839603424, "acc": 0.8456248044967651, "length": 3.989262342453003, "mode": "train", "epoch": 15}
{"loss": 0.43932223320007324, "acc": 0.8082166314125061, "length": 4.0, "mode": "test", "epoch": 15}
{"loss": 0.3548904061317444, "acc": 0.8440046310424805, "length": 3.991792678833008, "mode": "train", "epoch": 16}
{"loss": 0.4138335585594177, "acc": 0.8265734314918518, "length": 4.0, "mode": "test", "epoch": 16}
{"loss": 0.3506477177143097, "acc": 0.8500089645385742, "length": 3.9951930046081543, "mode": "train", "epoch": 17}
{"loss": 0.4160030484199524, "acc": 0.8201048374176025, "length": 4.0, "mode": "test", "epoch": 17}
{"loss": 0.3431706130504608, "acc": 0.8504990339279175, "length": 3.9965202808380127, "mode": "train", "epoch": 18}
{"loss": 0.413735955953598, "acc": 0.8243006467819214, "length": 4.0, "mode": "test", "epoch": 18}
{"loss": 0.33718618750572205, "acc": 0.856927216053009, "length": 3.9964404106140137, "mode": "train", "epoch": 19}
{"loss": 0.4081687927246094, "acc": 0.8365384340286255, "length": 4.0, "mode": "test", "epoch": 19}
{"loss": 0.3320798873901367, "acc": 0.8570823073387146, "length": 3.9956254959106445, "mode": "train", "epoch": 20}
{"loss": 0.4132649898529053, "acc": 0.8265734910964966, "length": 4.0, "mode": "test", "epoch": 20}
{"loss": 0.3279138505458832, "acc": 0.8591703772544861, "length": 3.9981470108032227, "mode": "train", "epoch": 21}
{"loss": 0.39633020758628845, "acc": 0.840035080909729, "length": 4.0, "mode": "test", "epoch": 21}
{"loss": 0.32408782839775085, "acc": 0.861447811126709, "length": 3.9976701736450195, "mode": "train", "epoch": 22}
{"loss": 0.3959534764289856, "acc": 0.8295453190803528, "length": 4.0, "mode": "test", "epoch": 22}
{"loss": 0.320901095867157, "acc": 0.8636050224304199, "length": 3.997843027114868, "mode": "train", "epoch": 23}
{"loss": 0.3942705988883972, "acc": 0.8412587642669678, "length": 4.0, "mode": "test", "epoch": 23}
{"loss": 0.3129056692123413, "acc": 0.8682854175567627, "length": 3.9963862895965576, "mode": "train", "epoch": 24}
{"loss": 0.388266921043396, "acc": 0.8374124765396118, "length": 4.0, "mode": "test", "epoch": 24}
{"loss": 0.3067687749862671, "acc": 0.8723294138908386, "length": 3.9979591369628906, "mode": "train", "epoch": 25}
{"loss": 0.3769594132900238, "acc": 0.8407343626022339, "length": 4.0, "mode": "test", "epoch": 25}
{"loss": 0.30044931173324585, "acc": 0.8714584112167358, "length": 3.9988062381744385, "mode": "train", "epoch": 26}
{"loss": 0.37454527616500854, "acc": 0.8458041548728943, "length": 4.0, "mode": "test", "epoch": 26}
{"loss": 0.29385748505592346, "acc": 0.8750457167625427, "length": 3.999285936355591, "mode": "train", "epoch": 27}
{"loss": 0.3638051152229309, "acc": 0.8515734672546387, "length": 4.0, "mode": "test", "epoch": 27}
{"loss": 0.28840795159339905, "acc": 0.8793966770172119, "length": 3.9983859062194824, "mode": "train", "epoch": 28}
{"loss": 0.3606693744659424, "acc": 0.8538462519645691, "length": 4.0, "mode": "test", "epoch": 28}
{"loss": 0.2844122648239136, "acc": 0.8810718655586243, "length": 3.9991095066070557, "mode": "train", "epoch": 29}
{"loss": 0.35680365562438965, "acc": 0.8596152663230896, "length": 4.0, "mode": "test", "epoch": 29}
{"loss": 0.2792676091194153, "acc": 0.8848809599876404, "length": 3.9992542266845703, "mode": "train", "epoch": 30}
{"loss": 0.3348132371902466, "acc": 0.8709790706634521, "length": 4.0, "mode": "test", "epoch": 30}
{"loss": 0.26880282163619995, "acc": 0.8889840841293335, "length": 3.999500274658203, "mode": "train", "epoch": 31}
{"loss": 0.3374175429344177, "acc": 0.8722028136253357, "length": 4.0, "mode": "test", "epoch": 31}
{"loss": 0.271148145198822, "acc": 0.886579155921936, "length": 3.999363660812378, "mode": "train", "epoch": 32}
{"loss": 0.32435277104377747, "acc": 0.8702796697616577, "length": 4.0, "mode": "test", "epoch": 32}
{"loss": 0.2634187936782837, "acc": 0.8875840902328491, "length": 3.9998393058776855, "mode": "train", "epoch": 33}
{"loss": 0.3234339654445648, "acc": 0.8741257786750793, "length": 4.0, "mode": "test", "epoch": 33}
{"loss": 0.26197168231010437, "acc": 0.8893415331840515, "length": 3.9998509883880615, "mode": "train", "epoch": 34}
{"loss": 0.3177624046802521, "acc": 0.8758741021156311, "length": 4.0, "mode": "test", "epoch": 34}
{"loss": 0.2556811571121216, "acc": 0.8922019600868225, "length": 3.999589681625366, "mode": "train", "epoch": 35}
{"loss": 0.30675745010375977, "acc": 0.8774476051330566, "length": 4.0, "mode": "test", "epoch": 35}
{"loss": 0.2542494535446167, "acc": 0.8896276950836182, "length": 3.9991350173950195, "mode": "train", "epoch": 36}
{"loss": 0.31319496035575867, "acc": 0.8769230842590332, "length": 4.0, "mode": "test", "epoch": 36}
{"loss": 0.2528221309185028, "acc": 0.8923265933990479, "length": 3.9996092319488525, "mode": "train", "epoch": 37}
{"loss": 0.29858046770095825, "acc": 0.8812936544418335, "length": 4.0, "mode": "test", "epoch": 37}
{"loss": 0.2462259829044342, "acc": 0.8974228501319885, "length": 3.9999430179595947, "mode": "train", "epoch": 38}
{"loss": 0.29210445284843445, "acc": 0.8853146433830261, "length": 4.0, "mode": "test", "epoch": 38}
{"loss": 0.24559183418750763, "acc": 0.8962212204933167, "length": 3.9980111122131348, "mode": "train", "epoch": 39}
{"loss": 0.2935965061187744, "acc": 0.881468653678894, "length": 4.0, "mode": "test", "epoch": 39}
{"loss": 0.24222061038017273, "acc": 0.89900141954422, "length": 3.9998350143432617, "mode": "train", "epoch": 40}
{"loss": 0.2941931486129761, "acc": 0.8839159607887268, "length": 4.0, "mode": "test", "epoch": 40}
{"loss": 0.24176986515522003, "acc": 0.8991199731826782, "length": 3.999910593032837, "mode": "train", "epoch": 41}
{"loss": 0.28189584612846375, "acc": 0.8851397037506104, "length": 4.0, "mode": "test", "epoch": 41}
{"loss": 0.23721879720687866, "acc": 0.9009335041046143, "length": 3.9998550415039062, "mode": "train", "epoch": 42}
{"loss": 0.27744024991989136, "acc": 0.8893356323242188, "length": 4.0, "mode": "test", "epoch": 42}
{"loss": 0.229188933968544, "acc": 0.9023983478546143, "length": 3.999911308288574, "mode": "train", "epoch": 43}
{"loss": 0.28989794850349426, "acc": 0.8900349140167236, "length": 4.0, "mode": "test", "epoch": 43}
{"loss": 0.23380371928215027, "acc": 0.9028095602989197, "length": 3.999957323074341, "mode": "train", "epoch": 44}
{"loss": 0.2689131200313568, "acc": 0.8924824595451355, "length": 4.0, "mode": "test", "epoch": 44}
{"loss": 0.22839169204235077, "acc": 0.9025501012802124, "length": 3.9983394145965576, "mode": "train", "epoch": 45}
{"loss": 0.25651341676712036, "acc": 0.8986015319824219, "length": 4.0, "mode": "test", "epoch": 45}
{"loss": 0.22280482947826385, "acc": 0.9047988653182983, "length": 3.9998955726623535, "mode": "train", "epoch": 46}
{"loss": 0.2503061294555664, "acc": 0.9015732407569885, "length": 4.0, "mode": "test", "epoch": 46}
{"loss": 0.217239111661911, "acc": 0.9087523818016052, "length": 3.998612403869629, "mode": "train", "epoch": 47}
{"loss": 0.2611114978790283, "acc": 0.8986012935638428, "length": 4.0, "mode": "test", "epoch": 47}
{"loss": 0.21500766277313232, "acc": 0.9078888297080994, "length": 3.999507427215576, "mode": "train", "epoch": 48}
{"loss": 0.2650563418865204, "acc": 0.897727370262146, "length": 4.0, "mode": "test", "epoch": 48}
{"loss": 0.21517781913280487, "acc": 0.9100458025932312, "length": 3.9986746311187744, "mode": "train", "epoch": 49}
{"loss": 0.2536203861236572, "acc": 0.8998252153396606, "length": 4.0, "mode": "test", "epoch": 49}
{"loss": 0.2031492292881012, "acc": 0.9114018678665161, "length": 3.9989945888519287, "mode": "train", "epoch": 50}
{"loss": 0.25202473998069763, "acc": 0.901049017906189, "length": 4.0, "mode": "test", "epoch": 50}
{"loss": 0.19881992042064667, "acc": 0.9126324653625488, "length": 3.9992177486419678, "mode": "train", "epoch": 51}
{"loss": 0.23075231909751892, "acc": 0.9097901582717896, "length": 4.0, "mode": "test", "epoch": 51}
{"loss": 0.1930374801158905, "acc": 0.9175987243652344, "length": 3.9988038539886475, "mode": "train", "epoch": 52}
{"loss": 0.207651287317276, "acc": 0.9050698280334473, "length": 4.0, "mode": "test", "epoch": 52}
{"loss": 0.20224778354167938, "acc": 0.9134061336517334, "length": 3.9999213218688965, "mode": "train", "epoch": 53}
{"loss": 0.22682392597198486, "acc": 0.9094405770301819, "length": 4.0, "mode": "test", "epoch": 53}
{"loss": 0.1976684033870697, "acc": 0.9194347858428955, "length": 3.9999074935913086, "mode": "train", "epoch": 54}
{"loss": 0.247884139418602, "acc": 0.9026223421096802, "length": 4.0, "mode": "test", "epoch": 54}
{"loss": 0.19263598322868347, "acc": 0.9213087558746338, "length": 3.999913454055786, "mode": "train", "epoch": 55}
{"loss": 0.22714409232139587, "acc": 0.9094404578208923, "length": 4.0, "mode": "test", "epoch": 55}
{"loss": 0.18565624952316284, "acc": 0.9237115383148193, "length": 3.9999840259552, "mode": "train", "epoch": 56}
{"loss": 0.20517754554748535, "acc": 0.9097902774810791, "length": 4.0, "mode": "test", "epoch": 56}
{"loss": 0.1831658035516739, "acc": 0.9228333830833435, "length": 3.999981641769409, "mode": "train", "epoch": 57}
{"loss": 0.22154107689857483, "acc": 0.911713182926178, "length": 4.0, "mode": "test", "epoch": 57}
{"loss": 0.17774136364459991, "acc": 0.9245312213897705, "length": 3.9999890327453613, "mode": "train", "epoch": 58}
{"loss": 0.22140823304653168, "acc": 0.9080420136451721, "length": 4.0, "mode": "test", "epoch": 58}
{"loss": 0.17737236618995667, "acc": 0.9266441464424133, "length": 3.997725248336792, "mode": "train", "epoch": 59}
{"loss": 0.2211962193250656, "acc": 0.9153846502304077, "length": 4.0, "mode": "test", "epoch": 59}
{"loss": 0.18135176599025726, "acc": 0.9221307039260864, "length": 3.9999828338623047, "mode": "train", "epoch": 60}
{"loss": 0.23353606462478638, "acc": 0.9110140204429626, "length": 4.0, "mode": "test", "epoch": 60}
test accuracy: 0.833000123500824
