# ["--attributes=5", "--values=16", "--game_size=10", "--vocab_size_factor=3", "--n_epochs=60", "--batch_size=128", "--learning_rate=0.001", "--hidden_size=128", "--temp_update=0.99", "--temperature=1"]
Creating train_ds and val_ds...

Creating test_ds...
{"loss": 0.7005612254142761, "acc": 0.5050520896911621, "length": 3.448711633682251, "mode": "train", "epoch": 1}
{"loss": 0.691318929195404, "acc": 0.5135231614112854, "length": 1.0, "mode": "test", "epoch": 1}
{"loss": 0.692069411277771, "acc": 0.5379487872123718, "length": 3.109494209289551, "mode": "train", "epoch": 2}
{"loss": 0.6887423396110535, "acc": 0.5320284366607666, "length": 1.0, "mode": "test", "epoch": 2}
{"loss": 0.6880295276641846, "acc": 0.5399921536445618, "length": 2.567366600036621, "mode": "train", "epoch": 3}
{"loss": 0.689996600151062, "acc": 0.5449984073638916, "length": 1.0106761455535889, "mode": "test", "epoch": 3}
{"loss": 0.6767370104789734, "acc": 0.6015406847000122, "length": 2.8248090744018555, "mode": "train", "epoch": 4}
{"loss": 0.6408716440200806, "acc": 0.6790888905525208, "length": 3.5231316089630127, "mode": "test", "epoch": 4}
{"loss": 0.646392822265625, "acc": 0.6739140152931213, "length": 3.4960343837738037, "mode": "train", "epoch": 5}
{"loss": 0.5994051098823547, "acc": 0.7133452296257019, "length": 4.0, "mode": "test", "epoch": 5}
{"loss": 0.5939393043518066, "acc": 0.6937704682350159, "length": 3.8118255138397217, "mode": "train", "epoch": 6}
{"loss": 0.5527591109275818, "acc": 0.7188611030578613, "length": 4.0, "mode": "test", "epoch": 6}
{"loss": 0.535936713218689, "acc": 0.730201780796051, "length": 3.9379935264587402, "mode": "train", "epoch": 7}
{"loss": 0.5332577228546143, "acc": 0.7464414238929749, "length": 4.0, "mode": "test", "epoch": 7}
{"loss": 0.5110580921173096, "acc": 0.7507165670394897, "length": 3.9692556858062744, "mode": "train", "epoch": 8}
{"loss": 0.505566418170929, "acc": 0.7606760859489441, "length": 4.0, "mode": "test", "epoch": 8}
{"loss": 0.49586695432662964, "acc": 0.7680816054344177, "length": 3.9785141944885254, "mode": "train", "epoch": 9}
{"loss": 0.49305662512779236, "acc": 0.7653024196624756, "length": 4.0, "mode": "test", "epoch": 9}
{"loss": 0.48340505361557007, "acc": 0.7798267006874084, "length": 3.9809837341308594, "mode": "train", "epoch": 10}
{"loss": 0.5026841163635254, "acc": 0.7795374393463135, "length": 4.0, "mode": "test", "epoch": 10}
{"loss": 0.46577972173690796, "acc": 0.79677414894104, "length": 3.972914695739746, "mode": "train", "epoch": 11}
{"loss": 0.4901037812232971, "acc": 0.7745552062988281, "length": 4.0, "mode": "test", "epoch": 11}
{"loss": 0.4552391469478607, "acc": 0.7972543835639954, "length": 3.971801996231079, "mode": "train", "epoch": 12}
{"loss": 0.48791933059692383, "acc": 0.7912812232971191, "length": 4.0, "mode": "test", "epoch": 12}
{"loss": 0.44067078828811646, "acc": 0.8069190382957458, "length": 3.977301836013794, "mode": "train", "epoch": 13}
{"loss": 0.4613354802131653, "acc": 0.7887899875640869, "length": 4.0, "mode": "test", "epoch": 13}
{"loss": 0.4234687387943268, "acc": 0.8135761022567749, "length": 3.9828004837036133, "mode": "train", "epoch": 14}
{"loss": 0.45448368787765503, "acc": 0.7971530556678772, "length": 4.0, "mode": "test", "epoch": 14}
{"loss": 0.4079170823097229, "acc": 0.8155660033226013, "length": 3.981656551361084, "mode": "train", "epoch": 15}
{"loss": 0.44716760516166687, "acc": 0.7868326306343079, "length": 4.0, "mode": "test", "epoch": 15}
{"loss": 0.39932069182395935, "acc": 0.824140191078186, "length": 3.9873111248016357, "mode": "train", "epoch": 16}
{"loss": 0.4569053649902344, "acc": 0.8021352291107178, "length": 4.0, "mode": "test", "epoch": 16}
{"loss": 0.39125192165374756, "acc": 0.8367197513580322, "length": 3.9892027378082275, "mode": "train", "epoch": 17}
{"loss": 0.4401022791862488, "acc": 0.8096084594726562, "length": 4.0, "mode": "test", "epoch": 17}
{"loss": 0.3907853066921234, "acc": 0.828973114490509, "length": 3.989649534225464, "mode": "train", "epoch": 18}
{"loss": 0.44212478399276733, "acc": 0.8110319375991821, "length": 4.0, "mode": "test", "epoch": 18}
{"loss": 0.3841213285923004, "acc": 0.8291824460029602, "length": 3.9944140911102295, "mode": "train", "epoch": 19}
{"loss": 0.4343964457511902, "acc": 0.8158362507820129, "length": 4.0, "mode": "test", "epoch": 19}
{"loss": 0.38068678975105286, "acc": 0.8329107761383057, "length": 3.993169069290161, "mode": "train", "epoch": 20}
{"loss": 0.4304116368293762, "acc": 0.8183273673057556, "length": 4.0, "mode": "test", "epoch": 20}
{"loss": 0.37682774662971497, "acc": 0.8342209458351135, "length": 3.99307918548584, "mode": "train", "epoch": 21}
{"loss": 0.45942753553390503, "acc": 0.8138790130615234, "length": 4.0, "mode": "test", "epoch": 21}
{"loss": 0.3715801537036896, "acc": 0.8350437879562378, "length": 3.9916176795959473, "mode": "train", "epoch": 22}
{"loss": 0.4285907447338104, "acc": 0.8204625844955444, "length": 4.0, "mode": "test", "epoch": 22}
{"loss": 0.36524441838264465, "acc": 0.8343201875686646, "length": 3.9956419467926025, "mode": "train", "epoch": 23}
{"loss": 0.4323495626449585, "acc": 0.8222420811653137, "length": 4.0, "mode": "test", "epoch": 23}
{"loss": 0.3631919026374817, "acc": 0.83672696352005, "length": 3.997191905975342, "mode": "train", "epoch": 24}
{"loss": 0.4274236857891083, "acc": 0.8277580738067627, "length": 4.0, "mode": "test", "epoch": 24}
{"loss": 0.36122334003448486, "acc": 0.8376774191856384, "length": 3.9965314865112305, "mode": "train", "epoch": 25}
{"loss": 0.41968536376953125, "acc": 0.8279359936714172, "length": 4.0, "mode": "test", "epoch": 25}
{"loss": 0.3572602868080139, "acc": 0.8428421020507812, "length": 3.995462656021118, "mode": "train", "epoch": 26}
{"loss": 0.3950151801109314, "acc": 0.8350533246994019, "length": 4.0, "mode": "test", "epoch": 26}
{"loss": 0.3496944010257721, "acc": 0.8460891246795654, "length": 3.997774839401245, "mode": "train", "epoch": 27}
{"loss": 0.37624627351760864, "acc": 0.8361209630966187, "length": 4.0, "mode": "test", "epoch": 27}
{"loss": 0.3481405973434448, "acc": 0.8422749042510986, "length": 3.9960343837738037, "mode": "train", "epoch": 28}
{"loss": 0.37100911140441895, "acc": 0.8387899994850159, "length": 4.0, "mode": "test", "epoch": 28}
{"loss": 0.33791211247444153, "acc": 0.8512712717056274, "length": 3.99311900138855, "mode": "train", "epoch": 29}
{"loss": 0.36955901980400085, "acc": 0.8489325642585754, "length": 4.0, "mode": "test", "epoch": 29}
{"loss": 0.33966150879859924, "acc": 0.8503339290618896, "length": 3.9975621700286865, "mode": "train", "epoch": 30}
{"loss": 0.38125571608543396, "acc": 0.8439502120018005, "length": 4.0, "mode": "test", "epoch": 30}
{"loss": 0.3335086405277252, "acc": 0.8533845543861389, "length": 3.9960556030273438, "mode": "train", "epoch": 31}
{"loss": 0.3624151349067688, "acc": 0.8396797776222229, "length": 4.0, "mode": "test", "epoch": 31}
{"loss": 0.3253823518753052, "acc": 0.8580617904663086, "length": 3.9972481727600098, "mode": "train", "epoch": 32}
{"loss": 0.3391084671020508, "acc": 0.8395018577575684, "length": 4.0, "mode": "test", "epoch": 32}
{"loss": 0.3256279230117798, "acc": 0.8604742884635925, "length": 3.999340534210205, "mode": "train", "epoch": 33}
{"loss": 0.3500422239303589, "acc": 0.833452045917511, "length": 4.0, "mode": "test", "epoch": 33}
{"loss": 0.31819406151771545, "acc": 0.8590303659439087, "length": 3.998415946960449, "mode": "train", "epoch": 34}
{"loss": 0.3420894145965576, "acc": 0.8395017385482788, "length": 4.0, "mode": "test", "epoch": 34}
{"loss": 0.3190573751926422, "acc": 0.8593339920043945, "length": 3.9989640712738037, "mode": "train", "epoch": 35}
{"loss": 0.33797407150268555, "acc": 0.8434165716171265, "length": 4.0, "mode": "test", "epoch": 35}
{"loss": 0.3080906569957733, "acc": 0.8636316657066345, "length": 3.998542070388794, "mode": "train", "epoch": 36}
{"loss": 0.3220037519931793, "acc": 0.8450179100036621, "length": 4.0, "mode": "test", "epoch": 36}
{"loss": 0.30121490359306335, "acc": 0.8696285486221313, "length": 3.9978530406951904, "mode": "train", "epoch": 37}
{"loss": 0.3227479159832001, "acc": 0.8457295894622803, "length": 4.0, "mode": "test", "epoch": 37}
{"loss": 0.2924923300743103, "acc": 0.8697611093521118, "length": 3.9983465671539307, "mode": "train", "epoch": 38}
{"loss": 0.3189389407634735, "acc": 0.8512457013130188, "length": 4.0, "mode": "test", "epoch": 38}
{"loss": 0.295379102230072, "acc": 0.8733322024345398, "length": 3.9987525939941406, "mode": "train", "epoch": 39}
{"loss": 0.3261362612247467, "acc": 0.8553382158279419, "length": 4.0, "mode": "test", "epoch": 39}
{"loss": 0.2849418520927429, "acc": 0.8755857348442078, "length": 3.99853515625, "mode": "train", "epoch": 40}
{"loss": 0.3034675717353821, "acc": 0.8604983687400818, "length": 4.0, "mode": "test", "epoch": 40}
{"loss": 0.2794811725616455, "acc": 0.8797865509986877, "length": 3.998051881790161, "mode": "train", "epoch": 41}
{"loss": 0.30998027324676514, "acc": 0.8594306707382202, "length": 4.0, "mode": "test", "epoch": 41}
{"loss": 0.2821023464202881, "acc": 0.8786436319351196, "length": 3.999337911605835, "mode": "train", "epoch": 42}
{"loss": 0.2960355877876282, "acc": 0.8681493997573853, "length": 4.0, "mode": "test", "epoch": 42}
{"loss": 0.2693530023097992, "acc": 0.8779050707817078, "length": 3.9982314109802246, "mode": "train", "epoch": 43}
{"loss": 0.2883427143096924, "acc": 0.8718863129615784, "length": 4.0, "mode": "test", "epoch": 43}
{"loss": 0.2709360718727112, "acc": 0.8773460388183594, "length": 3.999737501144409, "mode": "train", "epoch": 44}
{"loss": 0.2986755073070526, "acc": 0.8736653923988342, "length": 4.0, "mode": "test", "epoch": 44}
{"loss": 0.26463109254837036, "acc": 0.8858062028884888, "length": 3.9995920658111572, "mode": "train", "epoch": 45}
{"loss": 0.3006497621536255, "acc": 0.8612099885940552, "length": 4.0, "mode": "test", "epoch": 45}
{"loss": 0.2595955431461334, "acc": 0.8886546492576599, "length": 3.999398708343506, "mode": "train", "epoch": 46}
{"loss": 0.2945629954338074, "acc": 0.8606762886047363, "length": 4.0, "mode": "test", "epoch": 46}
{"loss": 0.24951346218585968, "acc": 0.8928976058959961, "length": 3.9997286796569824, "mode": "train", "epoch": 47}
{"loss": 0.27747952938079834, "acc": 0.8768683075904846, "length": 4.0, "mode": "test", "epoch": 47}
{"loss": 0.2496964931488037, "acc": 0.8906311392784119, "length": 3.999662399291992, "mode": "train", "epoch": 48}
{"loss": 0.27727001905441284, "acc": 0.8793593645095825, "length": 4.0, "mode": "test", "epoch": 48}
{"loss": 0.25313276052474976, "acc": 0.8908183574676514, "length": 3.999876022338867, "mode": "train", "epoch": 49}
{"loss": 0.2679033875465393, "acc": 0.8927045464515686, "length": 4.0, "mode": "test", "epoch": 49}
{"loss": 0.24140268564224243, "acc": 0.9014805555343628, "length": 3.999760866165161, "mode": "train", "epoch": 50}
{"loss": 0.2640150785446167, "acc": 0.8971529006958008, "length": 4.0, "mode": "test", "epoch": 50}
{"loss": 0.24114838242530823, "acc": 0.9016050696372986, "length": 3.9999051094055176, "mode": "train", "epoch": 51}
{"loss": 0.2569757401943207, "acc": 0.896975040435791, "length": 4.0, "mode": "test", "epoch": 51}
{"loss": 0.2354005128145218, "acc": 0.9032091498374939, "length": 3.9998035430908203, "mode": "train", "epoch": 52}
{"loss": 0.2650633752346039, "acc": 0.8916371464729309, "length": 4.0, "mode": "test", "epoch": 52}
{"loss": 0.23122505843639374, "acc": 0.9044770002365112, "length": 3.9982478618621826, "mode": "train", "epoch": 53}
{"loss": 0.26030978560447693, "acc": 0.8903914093971252, "length": 4.0, "mode": "test", "epoch": 53}
{"loss": 0.23005154728889465, "acc": 0.9063013792037964, "length": 3.9994962215423584, "mode": "train", "epoch": 54}
{"loss": 0.2502129077911377, "acc": 0.9060497879981995, "length": 4.0, "mode": "test", "epoch": 54}
{"loss": 0.22211721539497375, "acc": 0.9074422121047974, "length": 3.999802350997925, "mode": "train", "epoch": 55}
{"loss": 0.2545907497406006, "acc": 0.8930605053901672, "length": 4.0, "mode": "test", "epoch": 55}
{"loss": 0.22516345977783203, "acc": 0.9070627093315125, "length": 3.9989194869995117, "mode": "train", "epoch": 56}
{"loss": 0.270388662815094, "acc": 0.8839858770370483, "length": 4.0, "mode": "test", "epoch": 56}
{"loss": 0.24437567591667175, "acc": 0.8989803194999695, "length": 3.9998347759246826, "mode": "train", "epoch": 57}
{"loss": 0.2871989905834198, "acc": 0.8806048035621643, "length": 4.0, "mode": "test", "epoch": 57}
{"loss": 0.25140100717544556, "acc": 0.8970149159431458, "length": 3.999879837036133, "mode": "train", "epoch": 58}
{"loss": 0.30837854743003845, "acc": 0.8740214109420776, "length": 4.0, "mode": "test", "epoch": 58}
{"loss": 0.2627095580101013, "acc": 0.8889688849449158, "length": 3.9997873306274414, "mode": "train", "epoch": 59}
{"loss": 0.28176480531692505, "acc": 0.8777580261230469, "length": 4.0, "mode": "test", "epoch": 59}
{"loss": 0.24525262415409088, "acc": 0.8985721468925476, "length": 3.998563289642334, "mode": "train", "epoch": 60}
{"loss": 0.260187029838562, "acc": 0.8994662761688232, "length": 4.0, "mode": "test", "epoch": 60}
test accuracy: 0.8006249666213989
