# ["--attributes=3", "--values=4", "--game_size=10", "--vocab_size_factor=3", "--n_epochs=60", "--batch_size=64", "--learning_rate=0.0005", "--hidden_size=128", "--temp_update=0.99", "--temperature=1.5"]
Creating train_ds and val_ds...

Creating test_ds...
{"loss": 0.7000998854637146, "acc": 0.5037599205970764, "length": 3.48199200630188, "mode": "train", "epoch": 1}
{"loss": 0.6919556260108948, "acc": 0.5114841461181641, "length": 1.0, "mode": "test", "epoch": 1}
{"loss": 0.6905120611190796, "acc": 0.5216147899627686, "length": 3.3948051929473877, "mode": "train", "epoch": 2}
{"loss": 0.6937112212181091, "acc": 0.5194346904754639, "length": 1.0, "mode": "test", "epoch": 2}
{"loss": 0.6877970099449158, "acc": 0.5391401648521423, "length": 3.3010807037353516, "mode": "train", "epoch": 3}
{"loss": 0.6722115874290466, "acc": 0.6223305463790894, "length": 2.060070753097534, "mode": "test", "epoch": 3}
{"loss": 0.671172022819519, "acc": 0.6003854870796204, "length": 3.2930819988250732, "mode": "train", "epoch": 4}
{"loss": 0.634355366230011, "acc": 0.6920024156570435, "length": 3.692579507827759, "mode": "test", "epoch": 4}
{"loss": 0.6264442205429077, "acc": 0.6956875920295715, "length": 3.6436314582824707, "mode": "train", "epoch": 5}
{"loss": 0.5829338431358337, "acc": 0.735865592956543, "length": 4.0, "mode": "test", "epoch": 5}
{"loss": 0.5754453539848328, "acc": 0.7073702216148376, "length": 3.8556935787200928, "mode": "train", "epoch": 6}
{"loss": 0.5674147009849548, "acc": 0.7118374109268188, "length": 4.0, "mode": "test", "epoch": 6}
{"loss": 0.5505616664886475, "acc": 0.704598605632782, "length": 3.9061548709869385, "mode": "train", "epoch": 7}
{"loss": 0.5396891832351685, "acc": 0.7372791767120361, "length": 4.0, "mode": "test", "epoch": 7}
{"loss": 0.51661616563797, "acc": 0.7565194964408875, "length": 3.9230597019195557, "mode": "train", "epoch": 8}
{"loss": 0.5064706206321716, "acc": 0.7528270483016968, "length": 4.0, "mode": "test", "epoch": 8}
{"loss": 0.4797234833240509, "acc": 0.7904324531555176, "length": 3.9420368671417236, "mode": "train", "epoch": 9}
{"loss": 0.466166228055954, "acc": 0.7961128950119019, "length": 4.0, "mode": "test", "epoch": 9}
{"loss": 0.43838149309158325, "acc": 0.8191854953765869, "length": 3.959498643875122, "mode": "train", "epoch": 10}
{"loss": 0.426622211933136, "acc": 0.8254417777061462, "length": 4.0, "mode": "test", "epoch": 10}
{"loss": 0.39326542615890503, "acc": 0.8285923004150391, "length": 3.975001096725464, "mode": "train", "epoch": 11}
{"loss": 0.4066404402256012, "acc": 0.8376323580741882, "length": 4.0, "mode": "test", "epoch": 11}
{"loss": 0.3662629723548889, "acc": 0.8418768644332886, "length": 3.976933479309082, "mode": "train", "epoch": 12}
{"loss": 0.390397310256958, "acc": 0.8489400148391724, "length": 4.0, "mode": "test", "epoch": 12}
{"loss": 0.34023621678352356, "acc": 0.851035475730896, "length": 3.9858272075653076, "mode": "train", "epoch": 13}
{"loss": 0.36681684851646423, "acc": 0.8627208471298218, "length": 4.0, "mode": "test", "epoch": 13}
{"loss": 0.3185482919216156, "acc": 0.8662999868392944, "length": 3.9882383346557617, "mode": "train", "epoch": 14}
{"loss": 0.36240288615226746, "acc": 0.8606005311012268, "length": 4.0, "mode": "test", "epoch": 14}
{"loss": 0.30364859104156494, "acc": 0.8759846091270447, "length": 3.9877946376800537, "mode": "train", "epoch": 15}
{"loss": 0.3520263731479645, "acc": 0.873498260974884, "length": 4.0, "mode": "test", "epoch": 15}
{"loss": 0.2833350896835327, "acc": 0.8857014179229736, "length": 3.992072820663452, "mode": "train", "epoch": 16}
{"loss": 0.34481388330459595, "acc": 0.8757950067520142, "length": 4.0, "mode": "test", "epoch": 16}
{"loss": 0.2694248855113983, "acc": 0.8953514695167542, "length": 3.9923501014709473, "mode": "train", "epoch": 17}
{"loss": 0.34458833932876587, "acc": 0.8856889605522156, "length": 4.0, "mode": "test", "epoch": 17}
{"loss": 0.25538796186447144, "acc": 0.8994879126548767, "length": 3.992494821548462, "mode": "train", "epoch": 18}
{"loss": 0.3146061897277832, "acc": 0.8915194869041443, "length": 4.0, "mode": "test", "epoch": 18}
{"loss": 0.2494012713432312, "acc": 0.906378984451294, "length": 3.9944040775299072, "mode": "train", "epoch": 19}
{"loss": 0.3037281930446625, "acc": 0.9047703742980957, "length": 4.0, "mode": "test", "epoch": 19}
{"loss": 0.22978360950946808, "acc": 0.9133720397949219, "length": 3.9947354793548584, "mode": "train", "epoch": 20}
{"loss": 0.2853860557079315, "acc": 0.9068904519081116, "length": 4.0, "mode": "test", "epoch": 20}
{"loss": 0.22916151583194733, "acc": 0.9199960827827454, "length": 3.9960408210754395, "mode": "train", "epoch": 21}
{"loss": 0.27990204095840454, "acc": 0.9093641042709351, "length": 4.0, "mode": "test", "epoch": 21}
{"loss": 0.222227543592453, "acc": 0.9190598726272583, "length": 3.9958090782165527, "mode": "train", "epoch": 22}
{"loss": 0.27540692687034607, "acc": 0.9060071706771851, "length": 4.0, "mode": "test", "epoch": 22}
{"loss": 0.21819131076335907, "acc": 0.9221635460853577, "length": 3.996675729751587, "mode": "train", "epoch": 23}
{"loss": 0.2626689374446869, "acc": 0.9222613573074341, "length": 4.0, "mode": "test", "epoch": 23}
{"loss": 0.20659896731376648, "acc": 0.9229188561439514, "length": 3.996830701828003, "mode": "train", "epoch": 24}
{"loss": 0.26012736558914185, "acc": 0.9196113348007202, "length": 4.0, "mode": "test", "epoch": 24}
{"loss": 0.2058144360780716, "acc": 0.9273054599761963, "length": 3.997624397277832, "mode": "train", "epoch": 25}
{"loss": 0.2580285966396332, "acc": 0.9204946160316467, "length": 4.0, "mode": "test", "epoch": 25}
{"loss": 0.19861231744289398, "acc": 0.9302739500999451, "length": 3.9981329441070557, "mode": "train", "epoch": 26}
{"loss": 0.25550246238708496, "acc": 0.9289752244949341, "length": 4.0, "mode": "test", "epoch": 26}
{"loss": 0.19732458889484406, "acc": 0.9314278364181519, "length": 3.9968249797821045, "mode": "train", "epoch": 27}
{"loss": 0.24354170262813568, "acc": 0.924381673336029, "length": 4.0, "mode": "test", "epoch": 27}
{"loss": 0.19106541574001312, "acc": 0.9318703413009644, "length": 3.9981961250305176, "mode": "train", "epoch": 28}
{"loss": 0.23850741982460022, "acc": 0.9337455630302429, "length": 4.0, "mode": "test", "epoch": 28}
{"loss": 0.18409229815006256, "acc": 0.9325772523880005, "length": 3.9977622032165527, "mode": "train", "epoch": 29}
{"loss": 0.2334153950214386, "acc": 0.9289751648902893, "length": 4.0, "mode": "test", "epoch": 29}
{"loss": 0.18094465136528015, "acc": 0.9356482625007629, "length": 3.9983837604522705, "mode": "train", "epoch": 30}
{"loss": 0.22377745807170868, "acc": 0.9351590871810913, "length": 4.0, "mode": "test", "epoch": 30}
{"loss": 0.17956171929836273, "acc": 0.9372016191482544, "length": 3.9987571239471436, "mode": "train", "epoch": 31}
{"loss": 0.22054989635944366, "acc": 0.9332155585289001, "length": 4.0, "mode": "test", "epoch": 31}
{"loss": 0.16744364798069, "acc": 0.9406300187110901, "length": 3.9989466667175293, "mode": "train", "epoch": 32}
{"loss": 0.21488094329833984, "acc": 0.9356890916824341, "length": 4.0, "mode": "test", "epoch": 32}
{"loss": 0.16501282155513763, "acc": 0.9417434334754944, "length": 3.9982175827026367, "mode": "train", "epoch": 33}
{"loss": 0.2085586041212082, "acc": 0.9369258880615234, "length": 4.0, "mode": "test", "epoch": 33}
{"loss": 0.16154690086841583, "acc": 0.9451625347137451, "length": 3.9986443519592285, "mode": "train", "epoch": 34}
{"loss": 0.20762455463409424, "acc": 0.9344523549079895, "length": 4.0, "mode": "test", "epoch": 34}
{"loss": 0.1532936692237854, "acc": 0.9461620450019836, "length": 3.998133659362793, "mode": "train", "epoch": 35}
{"loss": 0.2032475769519806, "acc": 0.9369256496429443, "length": 4.0, "mode": "test", "epoch": 35}
{"loss": 0.15647292137145996, "acc": 0.9493148922920227, "length": 3.9987969398498535, "mode": "train", "epoch": 36}
{"loss": 0.20352058112621307, "acc": 0.9371023178100586, "length": 4.0, "mode": "test", "epoch": 36}
{"loss": 0.15942898392677307, "acc": 0.9474722743034363, "length": 3.998772621154785, "mode": "train", "epoch": 37}
{"loss": 0.20269165933132172, "acc": 0.9383391737937927, "length": 4.0, "mode": "test", "epoch": 37}
{"loss": 0.14784273505210876, "acc": 0.9492461085319519, "length": 3.9988300800323486, "mode": "train", "epoch": 38}
{"loss": 0.201431542634964, "acc": 0.9353358149528503, "length": 4.0, "mode": "test", "epoch": 38}
{"loss": 0.1428462564945221, "acc": 0.9488537907600403, "length": 3.9992611408233643, "mode": "train", "epoch": 39}
{"loss": 0.1961408406496048, "acc": 0.9365724921226501, "length": 4.0, "mode": "test", "epoch": 39}
{"loss": 0.14391669631004333, "acc": 0.948734700679779, "length": 3.9991610050201416, "mode": "train", "epoch": 40}
{"loss": 0.20883870124816895, "acc": 0.9376325011253357, "length": 4.0, "mode": "test", "epoch": 40}
{"loss": 0.14310595393180847, "acc": 0.9535143971443176, "length": 3.999328374862671, "mode": "train", "epoch": 41}
{"loss": 0.17778359353542328, "acc": 0.9425796270370483, "length": 4.0, "mode": "test", "epoch": 41}
{"loss": 0.14000694453716278, "acc": 0.9506298303604126, "length": 3.999441623687744, "mode": "train", "epoch": 42}
{"loss": 0.19325409829616547, "acc": 0.9404593706130981, "length": 4.0, "mode": "test", "epoch": 42}
{"loss": 0.13049955666065216, "acc": 0.9535828828811646, "length": 3.999455690383911, "mode": "train", "epoch": 43}
{"loss": 0.18619327247142792, "acc": 0.9390459656715393, "length": 4.0, "mode": "test", "epoch": 43}
{"loss": 0.13274501264095306, "acc": 0.9510995149612427, "length": 3.999110460281372, "mode": "train", "epoch": 44}
{"loss": 0.19067974388599396, "acc": 0.9395761489868164, "length": 4.0, "mode": "test", "epoch": 44}
{"loss": 0.1382787525653839, "acc": 0.9531761407852173, "length": 3.99965238571167, "mode": "train", "epoch": 45}
{"loss": 0.1756824105978012, "acc": 0.9390460252761841, "length": 4.0, "mode": "test", "epoch": 45}
{"loss": 0.13658715784549713, "acc": 0.951522707939148, "length": 3.9996933937072754, "mode": "train", "epoch": 46}
{"loss": 0.18269778788089752, "acc": 0.9415193796157837, "length": 4.0, "mode": "test", "epoch": 46}
{"loss": 0.1314733326435089, "acc": 0.9516444206237793, "length": 3.9997692108154297, "mode": "train", "epoch": 47}
{"loss": 0.17988277971744537, "acc": 0.9402828216552734, "length": 4.0, "mode": "test", "epoch": 47}
{"loss": 0.12984049320220947, "acc": 0.9526481628417969, "length": 3.999809741973877, "mode": "train", "epoch": 48}
{"loss": 0.17734113335609436, "acc": 0.9466431736946106, "length": 4.0, "mode": "test", "epoch": 48}
{"loss": 0.12805193662643433, "acc": 0.9531164169311523, "length": 3.999655246734619, "mode": "train", "epoch": 49}
{"loss": 0.17980574071407318, "acc": 0.9420493841171265, "length": 4.0, "mode": "test", "epoch": 49}
{"loss": 0.12810280919075012, "acc": 0.950455904006958, "length": 3.99959397315979, "mode": "train", "epoch": 50}
{"loss": 0.1743600219488144, "acc": 0.9464665651321411, "length": 4.0, "mode": "test", "epoch": 50}
{"loss": 0.1264858990907669, "acc": 0.9556604027748108, "length": 3.9997401237487793, "mode": "train", "epoch": 51}
{"loss": 0.1718088537454605, "acc": 0.9434630274772644, "length": 4.0, "mode": "test", "epoch": 51}
{"loss": 0.12600800395011902, "acc": 0.9524715542793274, "length": 3.9997687339782715, "mode": "train", "epoch": 52}
{"loss": 0.16510479152202606, "acc": 0.9494699239730835, "length": 4.0, "mode": "test", "epoch": 52}
{"loss": 0.11811728775501251, "acc": 0.9577050805091858, "length": 3.99947452545166, "mode": "train", "epoch": 53}
{"loss": 0.1638394445180893, "acc": 0.9469963312149048, "length": 4.0, "mode": "test", "epoch": 53}
{"loss": 0.12228164821863174, "acc": 0.9574936032295227, "length": 3.9998981952667236, "mode": "train", "epoch": 54}
{"loss": 0.19128547608852386, "acc": 0.9353357553482056, "length": 4.0, "mode": "test", "epoch": 54}
{"loss": 0.12110637128353119, "acc": 0.9541833400726318, "length": 3.999807357788086, "mode": "train", "epoch": 55}
{"loss": 0.1809736043214798, "acc": 0.9409893751144409, "length": 4.0, "mode": "test", "epoch": 55}
{"loss": 0.126395121216774, "acc": 0.9563115835189819, "length": 3.999821901321411, "mode": "train", "epoch": 56}
{"loss": 0.17337267100811005, "acc": 0.9378092885017395, "length": 4.0, "mode": "test", "epoch": 56}
{"loss": 0.11330149322748184, "acc": 0.9590246081352234, "length": 3.999804973602295, "mode": "train", "epoch": 57}
{"loss": 0.17268426716327667, "acc": 0.9462898373603821, "length": 4.0, "mode": "test", "epoch": 57}
{"loss": 0.11658869683742523, "acc": 0.9583213925361633, "length": 3.9999492168426514, "mode": "train", "epoch": 58}
{"loss": 0.15562045574188232, "acc": 0.9448763132095337, "length": 4.0, "mode": "test", "epoch": 58}
{"loss": 0.11648084968328476, "acc": 0.956548810005188, "length": 3.9998722076416016, "mode": "train", "epoch": 59}
{"loss": 0.1568535566329956, "acc": 0.9455828666687012, "length": 4.0, "mode": "test", "epoch": 59}
{"loss": 0.1134410873055458, "acc": 0.95926433801651, "length": 3.9999301433563232, "mode": "train", "epoch": 60}
{"loss": 0.15832877159118652, "acc": 0.9438163042068481, "length": 4.0, "mode": "test", "epoch": 60}
test accuracy: 0.8267740607261658
