# ["--attributes=5", "--values=16", "--game_size=10", "--vocab_size_factor=3", "--n_epochs=60", "--batch_size=128", "--learning_rate=0.001", "--hidden_size=256", "--temp_update=0.97", "--temperature=1"]
Creating train_ds and val_ds...

Creating test_ds...
{"loss": 0.7319775223731995, "acc": 0.5014784932136536, "length": 3.1779894828796387, "mode": "train", "epoch": 1}
{"loss": 0.6975061893463135, "acc": 0.5030034780502319, "length": 1.0, "mode": "test", "epoch": 1}
{"loss": 0.6974543929100037, "acc": 0.5053952932357788, "length": 1.276685357093811, "mode": "train", "epoch": 2}
{"loss": 0.6918658018112183, "acc": 0.4946996569633484, "length": 1.0, "mode": "test", "epoch": 2}
{"loss": 0.693117082118988, "acc": 0.5160438418388367, "length": 1.0023313760757446, "mode": "train", "epoch": 3}
{"loss": 0.6937847137451172, "acc": 0.5106006264686584, "length": 1.0, "mode": "test", "epoch": 3}
{"loss": 0.6941627264022827, "acc": 0.5184160470962524, "length": 1.0003467798233032, "mode": "train", "epoch": 4}
{"loss": 0.6941522359848022, "acc": 0.4871024489402771, "length": 1.0, "mode": "test", "epoch": 4}
{"loss": 0.6923578381538391, "acc": 0.5214818716049194, "length": 1.0003548860549927, "mode": "train", "epoch": 5}
{"loss": 0.6936615705490112, "acc": 0.5109540820121765, "length": 1.0, "mode": "test", "epoch": 5}
{"loss": 0.6926933526992798, "acc": 0.5256165862083435, "length": 1.00013267993927, "mode": "train", "epoch": 6}
{"loss": 0.6918903589248657, "acc": 0.5024734735488892, "length": 1.0, "mode": "test", "epoch": 6}
{"loss": 0.691638708114624, "acc": 0.5161155462265015, "length": 1.0000252723693848, "mode": "train", "epoch": 7}
{"loss": 0.6917853355407715, "acc": 0.5143109560012817, "length": 1.0, "mode": "test", "epoch": 7}
{"loss": 0.6928123831748962, "acc": 0.5124557018280029, "length": 1.0000213384628296, "mode": "train", "epoch": 8}
{"loss": 0.6927334666252136, "acc": 0.5125441551208496, "length": 1.0, "mode": "test", "epoch": 8}
{"loss": 0.6915021538734436, "acc": 0.5250881910324097, "length": 1.000022053718567, "mode": "train", "epoch": 9}
{"loss": 0.6931561827659607, "acc": 0.5164310932159424, "length": 1.0, "mode": "test", "epoch": 9}
{"loss": 0.6916081309318542, "acc": 0.5277442336082458, "length": 1.0000267028808594, "mode": "train", "epoch": 10}
{"loss": 0.6920596361160278, "acc": 0.5254417061805725, "length": 1.0, "mode": "test", "epoch": 10}
{"loss": 0.6916981935501099, "acc": 0.5292203426361084, "length": 1.0000231266021729, "mode": "train", "epoch": 11}
{"loss": 0.6921547651290894, "acc": 0.5056537389755249, "length": 1.0, "mode": "test", "epoch": 11}
{"loss": 0.6910631060600281, "acc": 0.5185365080833435, "length": 1.0000417232513428, "mode": "train", "epoch": 12}
{"loss": 0.6923207640647888, "acc": 0.5047702789306641, "length": 1.0, "mode": "test", "epoch": 12}
{"loss": 0.6925424337387085, "acc": 0.5226091146469116, "length": 1.0000048875808716, "mode": "train", "epoch": 13}
{"loss": 0.6912834048271179, "acc": 0.5167844891548157, "length": 1.0, "mode": "test", "epoch": 13}
{"loss": 0.6918266415596008, "acc": 0.5294559001922607, "length": 1.0000489950180054, "mode": "train", "epoch": 14}
{"loss": 0.6909483671188354, "acc": 0.5028268694877625, "length": 1.0, "mode": "test", "epoch": 14}
{"loss": 0.6920522451400757, "acc": 0.5214873552322388, "length": 1.0000156164169312, "mode": "train", "epoch": 15}
{"loss": 0.6924163699150085, "acc": 0.5012367367744446, "length": 1.0, "mode": "test", "epoch": 15}
{"loss": 0.6928821206092834, "acc": 0.521655797958374, "length": 1.000104308128357, "mode": "train", "epoch": 16}
{"loss": 0.693355917930603, "acc": 0.5153710246086121, "length": 1.0, "mode": "test", "epoch": 16}
{"loss": 0.691270649433136, "acc": 0.53311687707901, "length": 1.000001311302185, "mode": "train", "epoch": 17}
{"loss": 0.6907059550285339, "acc": 0.5054770708084106, "length": 1.0, "mode": "test", "epoch": 17}
{"loss": 0.6917885541915894, "acc": 0.5220778584480286, "length": 1.0000009536743164, "mode": "train", "epoch": 18}
{"loss": 0.6910857558250427, "acc": 0.4992932975292206, "length": 1.0, "mode": "test", "epoch": 18}
{"loss": 0.69086754322052, "acc": 0.5210152864456177, "length": 1.000010371208191, "mode": "train", "epoch": 19}
{"loss": 0.6930434107780457, "acc": 0.5155476927757263, "length": 1.0, "mode": "test", "epoch": 19}
{"loss": 0.6915991306304932, "acc": 0.5288631319999695, "length": 1.0002559423446655, "mode": "train", "epoch": 20}
{"loss": 0.691177248954773, "acc": 0.5247349739074707, "length": 1.0, "mode": "test", "epoch": 20}
{"loss": 0.6912804841995239, "acc": 0.5168240070343018, "length": 1.0000017881393433, "mode": "train", "epoch": 21}
{"loss": 0.6911007165908813, "acc": 0.48409900069236755, "length": 1.0, "mode": "test", "epoch": 21}
{"loss": 0.6914989352226257, "acc": 0.527094841003418, "length": 1.0000895261764526, "mode": "train", "epoch": 22}
{"loss": 0.693274199962616, "acc": 0.49558302760124207, "length": 1.0, "mode": "test", "epoch": 22}
{"loss": 0.6917040944099426, "acc": 0.524734377861023, "length": 1.0000001192092896, "mode": "train", "epoch": 23}
{"loss": 0.6906401515007019, "acc": 0.5203180313110352, "length": 1.0, "mode": "test", "epoch": 23}
{"loss": 0.6900872588157654, "acc": 0.5307555794715881, "length": 1.0000007152557373, "mode": "train", "epoch": 24}
{"loss": 0.6918434500694275, "acc": 0.5243815779685974, "length": 1.0, "mode": "test", "epoch": 24}
{"loss": 0.6905601620674133, "acc": 0.5371310710906982, "length": 1.0000001192092896, "mode": "train", "epoch": 25}
{"loss": 0.691450297832489, "acc": 0.49381619691848755, "length": 1.0, "mode": "test", "epoch": 25}
{"loss": 0.6902492046356201, "acc": 0.5223730802536011, "length": 1.0000001192092896, "mode": "train", "epoch": 26}
{"loss": 0.6907263994216919, "acc": 0.5095407366752625, "length": 1.0, "mode": "test", "epoch": 26}
{"loss": 0.6904822587966919, "acc": 0.5233174562454224, "length": 1.0000001192092896, "mode": "train", "epoch": 27}
{"loss": 0.6903836131095886, "acc": 0.5047702789306641, "length": 1.0, "mode": "test", "epoch": 27}
{"loss": 0.691520631313324, "acc": 0.5224344730377197, "length": 1.0007518529891968, "mode": "train", "epoch": 28}
{"loss": 0.6903500556945801, "acc": 0.5159011483192444, "length": 1.0, "mode": "test", "epoch": 28}
{"loss": 0.6906331181526184, "acc": 0.5255603194236755, "length": 1.0000391006469727, "mode": "train", "epoch": 29}
{"loss": 0.6923696994781494, "acc": 0.5185512900352478, "length": 1.0, "mode": "test", "epoch": 29}
{"loss": 0.690946638584137, "acc": 0.521723747253418, "length": 1.0000004768371582, "mode": "train", "epoch": 30}
{"loss": 0.6888896822929382, "acc": 0.5257951021194458, "length": 1.0, "mode": "test", "epoch": 30}
{"loss": 0.6891716122627258, "acc": 0.5309945940971375, "length": 1.0002895593643188, "mode": "train", "epoch": 31}
{"loss": 0.6908099055290222, "acc": 0.5120140910148621, "length": 1.0, "mode": "test", "epoch": 31}
{"loss": 0.6892554759979248, "acc": 0.5322314500808716, "length": 1.0, "mode": "train", "epoch": 32}
{"loss": 0.6926934719085693, "acc": 0.5250883102416992, "length": 1.0, "mode": "test", "epoch": 32}
{"loss": 0.690234899520874, "acc": 0.5227863788604736, "length": 1.0, "mode": "train", "epoch": 33}
{"loss": 0.6903766393661499, "acc": 0.5051237344741821, "length": 1.0, "mode": "test", "epoch": 33}
{"loss": 0.6913276314735413, "acc": 0.5309916734695435, "length": 1.0000001192092896, "mode": "train", "epoch": 34}
{"loss": 0.6898669004440308, "acc": 0.5146642923355103, "length": 1.0, "mode": "test", "epoch": 34}
{"loss": 0.690132737159729, "acc": 0.5250885486602783, "length": 1.0, "mode": "train", "epoch": 35}
{"loss": 0.6904600858688354, "acc": 0.49982330203056335, "length": 1.0, "mode": "test", "epoch": 35}
{"loss": 0.6892060041427612, "acc": 0.5367177724838257, "length": 1.000004529953003, "mode": "train", "epoch": 36}
{"loss": 0.691412627696991, "acc": 0.5247349143028259, "length": 1.0, "mode": "test", "epoch": 36}
{"loss": 0.6888629794120789, "acc": 0.5393139719963074, "length": 1.0000282526016235, "mode": "train", "epoch": 37}
{"loss": 0.6896555423736572, "acc": 0.5164310932159424, "length": 1.0, "mode": "test", "epoch": 37}
{"loss": 0.6894893050193787, "acc": 0.526682436466217, "length": 1.0000001192092896, "mode": "train", "epoch": 38}
{"loss": 0.6878944635391235, "acc": 0.5153710246086121, "length": 1.0, "mode": "test", "epoch": 38}
{"loss": 0.6890701055526733, "acc": 0.535832405090332, "length": 1.0000009536743164, "mode": "train", "epoch": 39}
{"loss": 0.6934305429458618, "acc": 0.5017667412757874, "length": 1.0, "mode": "test", "epoch": 39}
{"loss": 0.6883412003517151, "acc": 0.5266823768615723, "length": 1.0000003576278687, "mode": "train", "epoch": 40}
{"loss": 0.6896106600761414, "acc": 0.5130742192268372, "length": 1.0, "mode": "test", "epoch": 40}
{"loss": 0.6892415881156921, "acc": 0.5331169366836548, "length": 1.0000001192092896, "mode": "train", "epoch": 41}
{"loss": 0.6874815225601196, "acc": 0.5254417657852173, "length": 1.0, "mode": "test", "epoch": 41}
{"loss": 0.6888650059700012, "acc": 0.5318772196769714, "length": 1.0, "mode": "train", "epoch": 42}
{"loss": 0.6910358667373657, "acc": 0.5058302879333496, "length": 1.0, "mode": "test", "epoch": 42}
{"loss": 0.688417375087738, "acc": 0.5368358492851257, "length": 1.0000015497207642, "mode": "train", "epoch": 43}
{"loss": 0.6893128156661987, "acc": 0.507950484752655, "length": 1.0, "mode": "test", "epoch": 43}
{"loss": 0.6876542568206787, "acc": 0.5362456440925598, "length": 1.0000001192092896, "mode": "train", "epoch": 44}
{"loss": 0.6904511451721191, "acc": 0.5035336017608643, "length": 1.0, "mode": "test", "epoch": 44}
{"loss": 0.6882427334785461, "acc": 0.5324675440788269, "length": 1.0000001192092896, "mode": "train", "epoch": 45}
{"loss": 0.6884931325912476, "acc": 0.5247350335121155, "length": 1.0, "mode": "test", "epoch": 45}
{"loss": 0.6881983876228333, "acc": 0.5387839078903198, "length": 1.0000007152557373, "mode": "train", "epoch": 46}
{"loss": 0.6888467669487, "acc": 0.5233215093612671, "length": 1.0, "mode": "test", "epoch": 46}
{"loss": 0.6881111860275269, "acc": 0.5288076400756836, "length": 1.0000011920928955, "mode": "train", "epoch": 47}
{"loss": 0.6903476715087891, "acc": 0.5021201372146606, "length": 1.0, "mode": "test", "epoch": 47}
{"loss": 0.6892450451850891, "acc": 0.534533679485321, "length": 1.0000004768371582, "mode": "train", "epoch": 48}
{"loss": 0.6917891502380371, "acc": 0.4957597255706787, "length": 1.0, "mode": "test", "epoch": 48}
{"loss": 0.6901357173919678, "acc": 0.5355372428894043, "length": 1.000000238418579, "mode": "train", "epoch": 49}
{"loss": 0.688231885433197, "acc": 0.5173144936561584, "length": 1.0, "mode": "test", "epoch": 49}
{"loss": 0.6889889240264893, "acc": 0.5399048328399658, "length": 1.0000412464141846, "mode": "train", "epoch": 50}
{"loss": 0.6909863948822021, "acc": 0.5035336017608643, "length": 1.0, "mode": "test", "epoch": 50}
{"loss": 0.6885442137718201, "acc": 0.5394923090934753, "length": 1.0000011920928955, "mode": "train", "epoch": 51}
{"loss": 0.6895782351493835, "acc": 0.5017667412757874, "length": 1.0, "mode": "test", "epoch": 51}
{"loss": 0.6886357665061951, "acc": 0.5341793894767761, "length": 1.0000001192092896, "mode": "train", "epoch": 52}
{"loss": 0.6901391744613647, "acc": 0.524911642074585, "length": 1.0, "mode": "test", "epoch": 52}
{"loss": 0.6872012615203857, "acc": 0.5393151640892029, "length": 1.000000238418579, "mode": "train", "epoch": 53}
{"loss": 0.6875057220458984, "acc": 0.5206714272499084, "length": 1.0, "mode": "test", "epoch": 53}
{"loss": 0.688318133354187, "acc": 0.5397284030914307, "length": 1.0000025033950806, "mode": "train", "epoch": 54}
{"loss": 0.6901223659515381, "acc": 0.5015900731086731, "length": 1.0, "mode": "test", "epoch": 54}
{"loss": 0.6886242032051086, "acc": 0.535123884677887, "length": 1.0000088214874268, "mode": "train", "epoch": 55}
{"loss": 0.6897897124290466, "acc": 0.5243815779685974, "length": 1.0, "mode": "test", "epoch": 55}
{"loss": 0.6866307854652405, "acc": 0.5387839674949646, "length": 1.0000003576278687, "mode": "train", "epoch": 56}
{"loss": 0.6877608299255371, "acc": 0.5098940134048462, "length": 1.0, "mode": "test", "epoch": 56}
{"loss": 0.6873283982276917, "acc": 0.5478157997131348, "length": 1.000000238418579, "mode": "train", "epoch": 57}
{"loss": 0.6877106428146362, "acc": 0.5166077613830566, "length": 1.0, "mode": "test", "epoch": 57}
{"loss": 0.6869264841079712, "acc": 0.5476387143135071, "length": 1.0000001192092896, "mode": "train", "epoch": 58}
{"loss": 0.6892279982566833, "acc": 0.5166077613830566, "length": 1.0, "mode": "test", "epoch": 58}
{"loss": 0.6872103810310364, "acc": 0.542384922504425, "length": 1.000000238418579, "mode": "train", "epoch": 59}
{"loss": 0.6888625025749207, "acc": 0.5021201372146606, "length": 1.0, "mode": "test", "epoch": 59}
{"loss": 0.6862319707870483, "acc": 0.5470483899116516, "length": 1.0, "mode": "train", "epoch": 60}
{"loss": 0.6891123652458191, "acc": 0.5015900731086731, "length": 1.0, "mode": "test", "epoch": 60}
test accuracy: 0.37677425146102905
