# ["--attributes=5", "--values=16", "--game_size=10", "--vocab_size_factor=3", "--n_epochs=60", "--batch_size=128", "--learning_rate=0.001", "--hidden_size=256", "--temp_update=0.99", "--temperature=1.5"]
Creating train_ds and val_ds...

Creating test_ds...
{"loss": 0.7117525339126587, "acc": 0.5143846869468689, "length": 3.3811402320861816, "mode": "train", "epoch": 1}
{"loss": 0.6917537450790405, "acc": 0.5211340188980103, "length": 1.0, "mode": "test", "epoch": 1}
{"loss": 0.6951060891151428, "acc": 0.5153579115867615, "length": 1.7208120822906494, "mode": "train", "epoch": 2}
{"loss": 0.6893951892852783, "acc": 0.546735405921936, "length": 1.0, "mode": "test", "epoch": 2}
{"loss": 0.6778892874717712, "acc": 0.5781593322753906, "length": 1.3794947862625122, "mode": "train", "epoch": 3}
{"loss": 0.6652635335922241, "acc": 0.6024290323257446, "length": 1.484536051750183, "mode": "test", "epoch": 3}
{"loss": 0.6401728391647339, "acc": 0.63576340675354, "length": 1.9733521938323975, "mode": "train", "epoch": 4}
{"loss": 0.612520694732666, "acc": 0.6713969111442566, "length": 1.9072165489196777, "mode": "test", "epoch": 4}
{"loss": 0.5943971872329712, "acc": 0.6956417560577393, "length": 1.9857994318008423, "mode": "train", "epoch": 5}
{"loss": 0.576058566570282, "acc": 0.6987760066986084, "length": 1.9793814420700073, "mode": "test", "epoch": 5}
{"loss": 0.5696060657501221, "acc": 0.7111902236938477, "length": 1.9831750392913818, "mode": "train", "epoch": 6}
{"loss": 0.5645012855529785, "acc": 0.7098482251167297, "length": 1.9587628841400146, "mode": "test", "epoch": 6}
{"loss": 0.5567110180854797, "acc": 0.7045465707778931, "length": 1.9949674606323242, "mode": "train", "epoch": 7}
{"loss": 0.5598110556602478, "acc": 0.7112228274345398, "length": 1.948453664779663, "mode": "test", "epoch": 7}
{"loss": 0.537209689617157, "acc": 0.7320420145988464, "length": 2.081089973449707, "mode": "train", "epoch": 8}
{"loss": 0.5311508774757385, "acc": 0.7401773929595947, "length": 2.103092670440674, "mode": "test", "epoch": 8}
{"loss": 0.4977743923664093, "acc": 0.7711155414581299, "length": 2.360872507095337, "mode": "train", "epoch": 9}
{"loss": 0.48654913902282715, "acc": 0.7965320944786072, "length": 2.7628865242004395, "mode": "test", "epoch": 9}
{"loss": 0.43849682807922363, "acc": 0.818302571773529, "length": 2.923635482788086, "mode": "train", "epoch": 10}
{"loss": 0.4484441876411438, "acc": 0.8357608914375305, "length": 3.123711347579956, "mode": "test", "epoch": 10}
{"loss": 0.4069882035255432, "acc": 0.8327556848526001, "length": 3.0997369289398193, "mode": "train", "epoch": 11}
{"loss": 0.44556960463523865, "acc": 0.8376288414001465, "length": 3.175257682800293, "mode": "test", "epoch": 11}
{"loss": 0.3857206404209137, "acc": 0.8419339060783386, "length": 3.1124684810638428, "mode": "train", "epoch": 12}
{"loss": 0.4034439027309418, "acc": 0.8434030413627625, "length": 3.1340205669403076, "mode": "test", "epoch": 12}
{"loss": 0.3632185161113739, "acc": 0.8569074869155884, "length": 3.154339551925659, "mode": "train", "epoch": 13}
{"loss": 0.37311410903930664, "acc": 0.8546570539474487, "length": 3.195876359939575, "mode": "test", "epoch": 13}
{"loss": 0.3372006118297577, "acc": 0.8663613796234131, "length": 3.2515809535980225, "mode": "train", "epoch": 14}
{"loss": 0.36267799139022827, "acc": 0.8544130325317383, "length": 3.195876359939575, "mode": "test", "epoch": 14}
{"loss": 0.31418538093566895, "acc": 0.8746048808097839, "length": 3.309251070022583, "mode": "train", "epoch": 15}
{"loss": 0.3466376066207886, "acc": 0.8671296834945679, "length": 3.3195877075195312, "mode": "test", "epoch": 15}
{"loss": 0.29238763451576233, "acc": 0.8832677602767944, "length": 3.3024239540100098, "mode": "train", "epoch": 16}
{"loss": 0.33295223116874695, "acc": 0.8733870387077332, "length": 3.350515365600586, "mode": "test", "epoch": 16}
{"loss": 0.27716732025146484, "acc": 0.8899836540222168, "length": 3.381938934326172, "mode": "train", "epoch": 17}
{"loss": 0.32720303535461426, "acc": 0.8727789521217346, "length": 3.3402061462402344, "mode": "test", "epoch": 17}
{"loss": 0.25835099816322327, "acc": 0.9006260633468628, "length": 3.358271837234497, "mode": "train", "epoch": 18}
{"loss": 0.3090716004371643, "acc": 0.8865256905555725, "length": 3.3195877075195312, "mode": "test", "epoch": 18}
{"loss": 0.24237093329429626, "acc": 0.908690333366394, "length": 3.420194149017334, "mode": "train", "epoch": 19}
{"loss": 0.31851673126220703, "acc": 0.8870352506637573, "length": 3.453608274459839, "mode": "test", "epoch": 19}
{"loss": 0.22675180435180664, "acc": 0.9146450161933899, "length": 3.386739492416382, "mode": "train", "epoch": 20}
{"loss": 0.2510395050048828, "acc": 0.90167236328125, "length": 3.474226713180542, "mode": "test", "epoch": 20}
{"loss": 0.21282356977462769, "acc": 0.9156969785690308, "length": 3.530395269393921, "mode": "train", "epoch": 21}
{"loss": 0.23515670001506805, "acc": 0.9075224995613098, "length": 3.4845361709594727, "mode": "test", "epoch": 21}
{"loss": 0.19896580278873444, "acc": 0.9263313412666321, "length": 3.4719185829162598, "mode": "train", "epoch": 22}
{"loss": 0.24042534828186035, "acc": 0.9211653470993042, "length": 3.505154609680176, "mode": "test", "epoch": 22}
{"loss": 0.18328480422496796, "acc": 0.9323734641075134, "length": 3.544557809829712, "mode": "train", "epoch": 23}
{"loss": 0.2291448712348938, "acc": 0.9147436618804932, "length": 3.649484634399414, "mode": "test", "epoch": 23}
{"loss": 0.17211182415485382, "acc": 0.934939980506897, "length": 3.5440330505371094, "mode": "train", "epoch": 24}
{"loss": 0.2276018112897873, "acc": 0.9215381741523743, "length": 3.749140977859497, "mode": "test", "epoch": 24}
{"loss": 0.169218510389328, "acc": 0.9371451139450073, "length": 3.635542392730713, "mode": "train", "epoch": 25}
{"loss": 0.23976318538188934, "acc": 0.9193399548530579, "length": 3.77319598197937, "mode": "test", "epoch": 25}
{"loss": 0.15894408524036407, "acc": 0.9398980140686035, "length": 3.641274929046631, "mode": "train", "epoch": 26}
{"loss": 0.20142529904842377, "acc": 0.9250507950782776, "length": 3.804123640060425, "mode": "test", "epoch": 26}
{"loss": 0.15497896075248718, "acc": 0.9402189254760742, "length": 3.7416727542877197, "mode": "train", "epoch": 27}
{"loss": 0.23923349380493164, "acc": 0.9302714467048645, "length": 3.9072165489196777, "mode": "test", "epoch": 27}
{"loss": 0.13895690441131592, "acc": 0.9479542374610901, "length": 3.785956859588623, "mode": "train", "epoch": 28}
{"loss": 0.17544639110565186, "acc": 0.9410654306411743, "length": 4.0, "mode": "test", "epoch": 28}
{"loss": 0.1288357377052307, "acc": 0.9553162455558777, "length": 3.873913288116455, "mode": "train", "epoch": 29}
{"loss": 0.1461404263973236, "acc": 0.9470789432525635, "length": 4.0, "mode": "test", "epoch": 29}
{"loss": 0.13023333251476288, "acc": 0.9497668147087097, "length": 3.9409916400909424, "mode": "train", "epoch": 30}
{"loss": 0.1562914103269577, "acc": 0.9499999284744263, "length": 4.0, "mode": "test", "epoch": 30}
{"loss": 0.11035802960395813, "acc": 0.9585646390914917, "length": 3.975167989730835, "mode": "train", "epoch": 31}
{"loss": 0.1537991762161255, "acc": 0.9487974047660828, "length": 4.0, "mode": "test", "epoch": 31}
{"loss": 0.10785473883152008, "acc": 0.956517219543457, "length": 3.979860544204712, "mode": "train", "epoch": 32}
{"loss": 0.14253531396389008, "acc": 0.9517181515693665, "length": 4.0, "mode": "test", "epoch": 32}
{"loss": 0.10602668672800064, "acc": 0.9585026502609253, "length": 3.9778025150299072, "mode": "train", "epoch": 33}
{"loss": 0.15204130113124847, "acc": 0.9594501852989197, "length": 4.0, "mode": "test", "epoch": 33}
{"loss": 0.09659118950366974, "acc": 0.9595344662666321, "length": 3.988420009613037, "mode": "train", "epoch": 34}
{"loss": 0.1478344202041626, "acc": 0.9560136795043945, "length": 4.0, "mode": "test", "epoch": 34}
{"loss": 0.09242046624422073, "acc": 0.9634718894958496, "length": 3.9884448051452637, "mode": "train", "epoch": 35}
{"loss": 0.16572265326976776, "acc": 0.9582474231719971, "length": 4.0, "mode": "test", "epoch": 35}
{"loss": 0.08366075903177261, "acc": 0.9692988395690918, "length": 3.9918928146362305, "mode": "train", "epoch": 36}
{"loss": 0.13616564869880676, "acc": 0.9611684083938599, "length": 4.0, "mode": "test", "epoch": 36}
{"loss": 0.08070717751979828, "acc": 0.9702845811843872, "length": 3.992854356765747, "mode": "train", "epoch": 37}
{"loss": 0.12639087438583374, "acc": 0.9656357169151306, "length": 4.0, "mode": "test", "epoch": 37}
{"loss": 0.07911966741085052, "acc": 0.9678913354873657, "length": 3.995366096496582, "mode": "train", "epoch": 38}
{"loss": 0.12801864743232727, "acc": 0.9661510586738586, "length": 4.0, "mode": "test", "epoch": 38}
{"loss": 0.07216450572013855, "acc": 0.9743493795394897, "length": 3.9960033893585205, "mode": "train", "epoch": 39}
{"loss": 0.1309187114238739, "acc": 0.9628866314888, "length": 4.0, "mode": "test", "epoch": 39}
{"loss": 0.0738464966416359, "acc": 0.971214234828949, "length": 3.9966046810150146, "mode": "train", "epoch": 40}
{"loss": 0.10621672123670578, "acc": 0.9725086092948914, "length": 4.0, "mode": "test", "epoch": 40}
{"loss": 0.06615862995386124, "acc": 0.9755340218544006, "length": 3.9972524642944336, "mode": "train", "epoch": 41}
{"loss": 0.09431681036949158, "acc": 0.9718212485313416, "length": 4.0, "mode": "test", "epoch": 41}
{"loss": 0.06320390105247498, "acc": 0.9794783592224121, "length": 3.9978585243225098, "mode": "train", "epoch": 42}
{"loss": 0.09743979573249817, "acc": 0.9731959104537964, "length": 4.0, "mode": "test", "epoch": 42}
{"loss": 0.05251796543598175, "acc": 0.9817665219306946, "length": 3.995326519012451, "mode": "train", "epoch": 43}
{"loss": 0.08113303780555725, "acc": 0.972680389881134, "length": 4.0, "mode": "test", "epoch": 43}
{"loss": 0.039083827286958694, "acc": 0.9865918159484863, "length": 3.997354030609131, "mode": "train", "epoch": 44}
{"loss": 0.09305530041456223, "acc": 0.9762885570526123, "length": 4.0, "mode": "test", "epoch": 44}
{"loss": 0.036694832146167755, "acc": 0.98765629529953, "length": 3.9986884593963623, "mode": "train", "epoch": 45}
{"loss": 0.0970536470413208, "acc": 0.9804122447967529, "length": 4.0, "mode": "test", "epoch": 45}
{"loss": 0.030067535117268562, "acc": 0.9908619523048401, "length": 3.9979283809661865, "mode": "train", "epoch": 46}
{"loss": 0.10010164976119995, "acc": 0.9816151857376099, "length": 4.0, "mode": "test", "epoch": 46}
{"loss": 0.03189091756939888, "acc": 0.9908792972564697, "length": 3.998642683029175, "mode": "train", "epoch": 47}
{"loss": 0.07919210195541382, "acc": 0.9788659811019897, "length": 4.0, "mode": "test", "epoch": 47}
{"loss": 0.02737312577664852, "acc": 0.9921371340751648, "length": 3.998788595199585, "mode": "train", "epoch": 48}
{"loss": 0.10229160636663437, "acc": 0.9800688624382019, "length": 4.0, "mode": "test", "epoch": 48}
{"loss": 0.028701938688755035, "acc": 0.9919856190681458, "length": 3.9992051124572754, "mode": "train", "epoch": 49}
{"loss": 0.10272173583507538, "acc": 0.9750859141349792, "length": 4.0, "mode": "test", "epoch": 49}
{"loss": 0.024562757462263107, "acc": 0.992209255695343, "length": 3.9985666275024414, "mode": "train", "epoch": 50}
{"loss": 0.06550116837024689, "acc": 0.9860824942588806, "length": 4.0, "mode": "test", "epoch": 50}
{"loss": 0.019333552569150925, "acc": 0.9940590262413025, "length": 3.9990785121917725, "mode": "train", "epoch": 51}
{"loss": 0.06075868010520935, "acc": 0.9862543940544128, "length": 4.0, "mode": "test", "epoch": 51}
{"loss": 0.017018703743815422, "acc": 0.9956710934638977, "length": 3.999023914337158, "mode": "train", "epoch": 52}
{"loss": 0.07074162364006042, "acc": 0.983677089214325, "length": 4.0, "mode": "test", "epoch": 52}
{"loss": 0.02422183007001877, "acc": 0.9922081232070923, "length": 3.9985015392303467, "mode": "train", "epoch": 53}
{"loss": 0.07442155480384827, "acc": 0.9912371635437012, "length": 4.0, "mode": "test", "epoch": 53}
{"loss": 0.019978612661361694, "acc": 0.9940540790557861, "length": 3.998645067214966, "mode": "train", "epoch": 54}
{"loss": 0.07080075144767761, "acc": 0.9878007173538208, "length": 4.0, "mode": "test", "epoch": 54}
{"loss": 0.030161995440721512, "acc": 0.994053840637207, "length": 3.9987339973449707, "mode": "train", "epoch": 55}
{"loss": 0.06397467851638794, "acc": 0.9919244050979614, "length": 4.0, "mode": "test", "epoch": 55}
{"loss": 0.01960001513361931, "acc": 0.9955586791038513, "length": 3.998523473739624, "mode": "train", "epoch": 56}
{"loss": 0.05545715615153313, "acc": 0.9835050702095032, "length": 4.0, "mode": "test", "epoch": 56}
{"loss": 0.02268562838435173, "acc": 0.9925136566162109, "length": 3.999615430831909, "mode": "train", "epoch": 57}
{"loss": 0.07103119045495987, "acc": 0.9838487505912781, "length": 4.0, "mode": "test", "epoch": 57}
{"loss": 0.03292495384812355, "acc": 0.9914793968200684, "length": 3.999727964401245, "mode": "train", "epoch": 58}
{"loss": 0.09924475848674774, "acc": 0.9876288175582886, "length": 4.0, "mode": "test", "epoch": 58}
{"loss": 0.02922319434583187, "acc": 0.9923389554023743, "length": 3.999372959136963, "mode": "train", "epoch": 59}
{"loss": 0.06684700399637222, "acc": 0.988831639289856, "length": 4.0, "mode": "test", "epoch": 59}
{"loss": 0.020784102380275726, "acc": 0.9941256046295166, "length": 3.9996426105499268, "mode": "train", "epoch": 60}
{"loss": 0.049876511096954346, "acc": 0.9893470406532288, "length": 4.0, "mode": "test", "epoch": 60}
test accuracy: 0.7916072010993958
