# ["--attributes=3", "--values=4", "--game_size=10", "--vocab_size_factor=3", "--n_epochs=60", "--batch_size=64", "--learning_rate=0.0005", "--hidden_size=128", "--temp_update=0.99", "--temperature=2"]
Creating train_ds and val_ds...

Creating test_ds...
{"loss": 0.6959583759307861, "acc": 0.5111260414123535, "length": 3.5415353775024414, "mode": "train", "epoch": 1}
{"loss": 0.6914553046226501, "acc": 0.5314821600914001, "length": 1.003496527671814, "mode": "test", "epoch": 1}
{"loss": 0.6920368075370789, "acc": 0.5254868268966675, "length": 3.4772486686706543, "mode": "train", "epoch": 2}
{"loss": 0.6917036175727844, "acc": 0.5283544659614563, "length": 1.0524475574493408, "mode": "test", "epoch": 2}
{"loss": 0.6883252859115601, "acc": 0.5445774793624878, "length": 3.3500239849090576, "mode": "train", "epoch": 3}
{"loss": 0.6699482798576355, "acc": 0.6102136373519897, "length": 2.909090995788574, "mode": "test", "epoch": 3}
{"loss": 0.673841655254364, "acc": 0.59975665807724, "length": 3.2803752422332764, "mode": "train", "epoch": 4}
{"loss": 0.6371509432792664, "acc": 0.6663075685501099, "length": 3.8426573276519775, "mode": "test", "epoch": 4}
{"loss": 0.6197831630706787, "acc": 0.690386176109314, "length": 3.5962095260620117, "mode": "train", "epoch": 5}
{"loss": 0.5717873573303223, "acc": 0.7360138893127441, "length": 4.0, "mode": "test", "epoch": 5}
{"loss": 0.5456252098083496, "acc": 0.7334636449813843, "length": 3.8347415924072266, "mode": "train", "epoch": 6}
{"loss": 0.5612040758132935, "acc": 0.7201048135757446, "length": 4.0, "mode": "test", "epoch": 6}
{"loss": 0.4980985224246979, "acc": 0.748938262462616, "length": 3.884761333465576, "mode": "train", "epoch": 7}
{"loss": 0.5172774195671082, "acc": 0.7749998569488525, "length": 4.0, "mode": "test", "epoch": 7}
{"loss": 0.44917455315589905, "acc": 0.7841764688491821, "length": 3.909027338027954, "mode": "train", "epoch": 8}
{"loss": 0.5076051950454712, "acc": 0.7795454263687134, "length": 4.0, "mode": "test", "epoch": 8}
{"loss": 0.4224080741405487, "acc": 0.8044652938842773, "length": 3.9316630363464355, "mode": "train", "epoch": 9}
{"loss": 0.5119354128837585, "acc": 0.7798951864242554, "length": 4.0, "mode": "test", "epoch": 9}
{"loss": 0.4007660448551178, "acc": 0.8241159319877625, "length": 3.9470019340515137, "mode": "train", "epoch": 10}
{"loss": 0.4962884485721588, "acc": 0.7926573753356934, "length": 4.0, "mode": "test", "epoch": 10}
{"loss": 0.37455496191978455, "acc": 0.8324999213218689, "length": 3.9584357738494873, "mode": "train", "epoch": 11}
{"loss": 0.49259600043296814, "acc": 0.78706294298172, "length": 4.0, "mode": "test", "epoch": 11}
{"loss": 0.3555751442909241, "acc": 0.8451504707336426, "length": 3.966526746749878, "mode": "train", "epoch": 12}
{"loss": 0.4636684060096741, "acc": 0.8187063336372375, "length": 4.0, "mode": "test", "epoch": 12}
{"loss": 0.33635708689689636, "acc": 0.8618097305297852, "length": 3.9735069274902344, "mode": "train", "epoch": 13}
{"loss": 0.45362529158592224, "acc": 0.8276222944259644, "length": 4.0, "mode": "test", "epoch": 13}
{"loss": 0.3233734667301178, "acc": 0.8667483925819397, "length": 3.978532314300537, "mode": "train", "epoch": 14}
{"loss": 0.4354719817638397, "acc": 0.8346155881881714, "length": 4.0, "mode": "test", "epoch": 14}
{"loss": 0.29740023612976074, "acc": 0.8766074776649475, "length": 3.98091197013855, "mode": "train", "epoch": 15}
{"loss": 0.45600008964538574, "acc": 0.8237762451171875, "length": 4.0, "mode": "test", "epoch": 15}
{"loss": 0.29441341757774353, "acc": 0.8783215284347534, "length": 3.9831771850585938, "mode": "train", "epoch": 16}
{"loss": 0.43609657883644104, "acc": 0.8318182229995728, "length": 4.0, "mode": "test", "epoch": 16}
{"loss": 0.2866097688674927, "acc": 0.8811634182929993, "length": 3.984017848968506, "mode": "train", "epoch": 17}
{"loss": 0.4124203622341156, "acc": 0.8489510416984558, "length": 4.0, "mode": "test", "epoch": 17}
{"loss": 0.27856484055519104, "acc": 0.8863904476165771, "length": 3.9865238666534424, "mode": "train", "epoch": 18}
{"loss": 0.4391576945781708, "acc": 0.8323426246643066, "length": 4.0, "mode": "test", "epoch": 18}
{"loss": 0.26917561888694763, "acc": 0.8942520022392273, "length": 3.9885029792785645, "mode": "train", "epoch": 19}
{"loss": 0.4302525222301483, "acc": 0.8166082501411438, "length": 4.0, "mode": "test", "epoch": 19}
{"loss": 0.2544916570186615, "acc": 0.8940500617027283, "length": 3.9880943298339844, "mode": "train", "epoch": 20}
{"loss": 0.39097824692726135, "acc": 0.8496503829956055, "length": 4.0, "mode": "test", "epoch": 20}
{"loss": 0.2477448433637619, "acc": 0.8992784023284912, "length": 3.9894304275512695, "mode": "train", "epoch": 21}
{"loss": 0.3801693022251129, "acc": 0.8421328067779541, "length": 4.0, "mode": "test", "epoch": 21}
{"loss": 0.2402971088886261, "acc": 0.9005916118621826, "length": 3.989886522293091, "mode": "train", "epoch": 22}
{"loss": 0.3945421874523163, "acc": 0.848950982093811, "length": 4.0, "mode": "test", "epoch": 22}
{"loss": 0.23744972050189972, "acc": 0.905768871307373, "length": 3.991549491882324, "mode": "train", "epoch": 23}
{"loss": 0.3470199704170227, "acc": 0.8737760782241821, "length": 4.0, "mode": "test", "epoch": 23}
{"loss": 0.22402192652225494, "acc": 0.9098412990570068, "length": 3.9931228160858154, "mode": "train", "epoch": 24}
{"loss": 0.36651521921157837, "acc": 0.8608391284942627, "length": 4.0, "mode": "test", "epoch": 24}
{"loss": 0.2261677235364914, "acc": 0.9140775799751282, "length": 3.992565155029297, "mode": "train", "epoch": 25}
{"loss": 0.34582996368408203, "acc": 0.8751748204231262, "length": 4.0, "mode": "test", "epoch": 25}
{"loss": 0.22122684121131897, "acc": 0.9168581962585449, "length": 3.99433970451355, "mode": "train", "epoch": 26}
{"loss": 0.37035486102104187, "acc": 0.8687065243721008, "length": 4.0, "mode": "test", "epoch": 26}
{"loss": 0.21533827483654022, "acc": 0.9132550358772278, "length": 3.9950623512268066, "mode": "train", "epoch": 27}
{"loss": 0.35525497794151306, "acc": 0.878671407699585, "length": 4.0, "mode": "test", "epoch": 27}
{"loss": 0.21018286049365997, "acc": 0.9191743731498718, "length": 3.9952807426452637, "mode": "train", "epoch": 28}
{"loss": 0.34275731444358826, "acc": 0.8798952698707581, "length": 4.0, "mode": "test", "epoch": 28}
{"loss": 0.21291634440422058, "acc": 0.9168298244476318, "length": 3.9956471920013428, "mode": "train", "epoch": 29}
{"loss": 0.32984450459480286, "acc": 0.8783215880393982, "length": 4.0, "mode": "test", "epoch": 29}
{"loss": 0.2087288498878479, "acc": 0.9183263182640076, "length": 3.996258497238159, "mode": "train", "epoch": 30}
{"loss": 0.3189490735530853, "acc": 0.8881120085716248, "length": 4.0, "mode": "test", "epoch": 30}
{"loss": 0.19911602139472961, "acc": 0.9229831099510193, "length": 3.9961061477661133, "mode": "train", "epoch": 31}
{"loss": 0.29914727807044983, "acc": 0.8931817412376404, "length": 4.0, "mode": "test", "epoch": 31}
{"loss": 0.1996086984872818, "acc": 0.9262052774429321, "length": 3.9963505268096924, "mode": "train", "epoch": 32}
{"loss": 0.31073909997940063, "acc": 0.8910839557647705, "length": 4.0, "mode": "test", "epoch": 32}
{"loss": 0.18836413323879242, "acc": 0.9337125420570374, "length": 3.9970133304595947, "mode": "train", "epoch": 33}
{"loss": 0.30506381392478943, "acc": 0.8931816816329956, "length": 4.0, "mode": "test", "epoch": 33}
{"loss": 0.18766899406909943, "acc": 0.9330233335494995, "length": 3.9971039295196533, "mode": "train", "epoch": 34}
{"loss": 0.3079676926136017, "acc": 0.8898601531982422, "length": 4.0, "mode": "test", "epoch": 34}
{"loss": 0.18292513489723206, "acc": 0.9319086074829102, "length": 3.997347831726074, "mode": "train", "epoch": 35}
{"loss": 0.3077925741672516, "acc": 0.8909091949462891, "length": 4.0, "mode": "test", "epoch": 35}
{"loss": 0.18106918036937714, "acc": 0.934042751789093, "length": 3.9979407787323, "mode": "train", "epoch": 36}
{"loss": 0.2987719178199768, "acc": 0.8902097344398499, "length": 4.0, "mode": "test", "epoch": 36}
{"loss": 0.1828427016735077, "acc": 0.9303847551345825, "length": 3.997229814529419, "mode": "train", "epoch": 37}
{"loss": 0.3010677397251129, "acc": 0.8944056034088135, "length": 4.0, "mode": "test", "epoch": 37}
{"loss": 0.17995324730873108, "acc": 0.9312265515327454, "length": 3.997790813446045, "mode": "train", "epoch": 38}
{"loss": 0.2865618169307709, "acc": 0.8987761735916138, "length": 4.0, "mode": "test", "epoch": 38}
{"loss": 0.18038609623908997, "acc": 0.9337607026100159, "length": 3.9983298778533936, "mode": "train", "epoch": 39}
{"loss": 0.31061553955078125, "acc": 0.8930070400238037, "length": 4.0, "mode": "test", "epoch": 39}
{"loss": 0.17374101281166077, "acc": 0.9348902702331543, "length": 3.998663902282715, "mode": "train", "epoch": 40}
{"loss": 0.28795644640922546, "acc": 0.901049017906189, "length": 4.0, "mode": "test", "epoch": 40}
{"loss": 0.16930052638053894, "acc": 0.937411367893219, "length": 3.998737096786499, "mode": "train", "epoch": 41}
{"loss": 0.2839452922344208, "acc": 0.9026223421096802, "length": 4.0, "mode": "test", "epoch": 41}
{"loss": 0.16288688778877258, "acc": 0.9429788589477539, "length": 3.9973206520080566, "mode": "train", "epoch": 42}
{"loss": 0.2826681435108185, "acc": 0.9075174331665039, "length": 4.0, "mode": "test", "epoch": 42}
{"loss": 0.16570830345153809, "acc": 0.9382307529449463, "length": 3.9987423419952393, "mode": "train", "epoch": 43}
{"loss": 0.29170146584510803, "acc": 0.9034965634346008, "length": 4.0, "mode": "test", "epoch": 43}
{"loss": 0.16571544110774994, "acc": 0.9442842602729797, "length": 3.9984278678894043, "mode": "train", "epoch": 44}
{"loss": 0.2752309739589691, "acc": 0.9055942893028259, "length": 4.0, "mode": "test", "epoch": 44}
{"loss": 0.15769003331661224, "acc": 0.9432007670402527, "length": 3.9987378120422363, "mode": "train", "epoch": 45}
{"loss": 0.2752250134944916, "acc": 0.9092656970024109, "length": 4.0, "mode": "test", "epoch": 45}
{"loss": 0.15825867652893066, "acc": 0.9436171650886536, "length": 3.998957633972168, "mode": "train", "epoch": 46}
{"loss": 0.27230003476142883, "acc": 0.9111888408660889, "length": 4.0, "mode": "test", "epoch": 46}
{"loss": 0.15798862278461456, "acc": 0.9425234794616699, "length": 3.999204397201538, "mode": "train", "epoch": 47}
{"loss": 0.2705538868904114, "acc": 0.9061188697814941, "length": 4.0, "mode": "test", "epoch": 47}
{"loss": 0.15751796960830688, "acc": 0.9423421025276184, "length": 3.9991111755371094, "mode": "train", "epoch": 48}
{"loss": 0.26516804099082947, "acc": 0.910314679145813, "length": 4.0, "mode": "test", "epoch": 48}
{"loss": 0.1546870768070221, "acc": 0.944022536277771, "length": 3.9989869594573975, "mode": "train", "epoch": 49}
{"loss": 0.2662574350833893, "acc": 0.9192306399345398, "length": 4.0, "mode": "test", "epoch": 49}
{"loss": 0.15234802663326263, "acc": 0.9438529014587402, "length": 3.998842716217041, "mode": "train", "epoch": 50}
{"loss": 0.27590078115463257, "acc": 0.9145106673240662, "length": 4.0, "mode": "test", "epoch": 50}
{"loss": 0.14929281175136566, "acc": 0.9455612301826477, "length": 3.9991295337677, "mode": "train", "epoch": 51}
{"loss": 0.25573116540908813, "acc": 0.91206294298172, "length": 4.0, "mode": "test", "epoch": 51}
{"loss": 0.14342054724693298, "acc": 0.9474878311157227, "length": 3.9990999698638916, "mode": "train", "epoch": 52}
{"loss": 0.2503240704536438, "acc": 0.9293707013130188, "length": 4.0, "mode": "test", "epoch": 52}
{"loss": 0.15156066417694092, "acc": 0.9472825527191162, "length": 3.9995477199554443, "mode": "train", "epoch": 53}
{"loss": 0.2658233046531677, "acc": 0.9202796816825867, "length": 4.0, "mode": "test", "epoch": 53}
{"loss": 0.1509161740541458, "acc": 0.9435144066810608, "length": 3.9992363452911377, "mode": "train", "epoch": 54}
{"loss": 0.24047017097473145, "acc": 0.9197553992271423, "length": 4.0, "mode": "test", "epoch": 54}
{"loss": 0.15244655311107635, "acc": 0.9473079442977905, "length": 3.9989943504333496, "mode": "train", "epoch": 55}
{"loss": 0.25980231165885925, "acc": 0.9048950672149658, "length": 4.0, "mode": "test", "epoch": 55}
{"loss": 0.14727048575878143, "acc": 0.9486851096153259, "length": 3.999533176422119, "mode": "train", "epoch": 56}
{"loss": 0.26513370871543884, "acc": 0.9155592322349548, "length": 4.0, "mode": "test", "epoch": 56}
{"loss": 0.14186613261699677, "acc": 0.947696328163147, "length": 3.999605417251587, "mode": "train", "epoch": 57}
{"loss": 0.24292902648448944, "acc": 0.9176572561264038, "length": 4.0, "mode": "test", "epoch": 57}
{"loss": 0.14013224840164185, "acc": 0.9473403096199036, "length": 3.9994983673095703, "mode": "train", "epoch": 58}
{"loss": 0.24420347809791565, "acc": 0.9127622246742249, "length": 4.0, "mode": "test", "epoch": 58}
{"loss": 0.1385386884212494, "acc": 0.9484005570411682, "length": 3.999678134918213, "mode": "train", "epoch": 59}
{"loss": 0.24254503846168518, "acc": 0.9078671932220459, "length": 4.0, "mode": "test", "epoch": 59}
{"loss": 0.13607223331928253, "acc": 0.9510928988456726, "length": 3.9996883869171143, "mode": "train", "epoch": 60}
{"loss": 0.2579341232776642, "acc": 0.9090909361839294, "length": 4.0, "mode": "test", "epoch": 60}
test accuracy: 0.7879999876022339
