# ["--attributes=3", "--values=4", "--game_size=10", "--vocab_size_factor=3", "--n_epochs=60", "--batch_size=32", "--learning_rate=0.0005", "--hidden_size=128", "--temp_update=0.99", "--temperature=1"]
Creating train_ds and val_ds...

Creating test_ds...
{"loss": 0.6909669041633606, "acc": 0.5348559617996216, "length": 3.529390811920166, "mode": "train", "epoch": 1}
{"loss": 0.6799259185791016, "acc": 0.5648871660232544, "length": 2.9460432529449463, "mode": "test", "epoch": 1}
{"loss": 0.6801025867462158, "acc": 0.5821433663368225, "length": 3.422513484954834, "mode": "train", "epoch": 2}
{"loss": 0.652715265750885, "acc": 0.62467360496521, "length": 3.7877697944641113, "mode": "test", "epoch": 2}
{"loss": 0.6103361248970032, "acc": 0.6760141849517822, "length": 3.659492015838623, "mode": "train", "epoch": 3}
{"loss": 0.5630083680152893, "acc": 0.6922661662101746, "length": 4.0, "mode": "test", "epoch": 3}
{"loss": 0.5024824142456055, "acc": 0.7661057710647583, "length": 3.9606852531433105, "mode": "train", "epoch": 4}
{"loss": 0.5260688066482544, "acc": 0.7866907715797424, "length": 4.0, "mode": "test", "epoch": 4}
{"loss": 0.47587430477142334, "acc": 0.7866044640541077, "length": 3.9869015216827393, "mode": "train", "epoch": 5}
{"loss": 0.5188896656036377, "acc": 0.7642087936401367, "length": 4.0, "mode": "test", "epoch": 5}
{"loss": 0.4712736904621124, "acc": 0.7901527881622314, "length": 3.990652322769165, "mode": "train", "epoch": 6}
{"loss": 0.5082460045814514, "acc": 0.7892085909843445, "length": 4.0, "mode": "test", "epoch": 6}
{"loss": 0.45879483222961426, "acc": 0.8018929362297058, "length": 3.9921579360961914, "mode": "train", "epoch": 7}
{"loss": 0.5017653703689575, "acc": 0.7955034375190735, "length": 4.0, "mode": "test", "epoch": 7}
{"loss": 0.4388808310031891, "acc": 0.8122535347938538, "length": 3.995664358139038, "mode": "train", "epoch": 8}
{"loss": 0.4742325246334076, "acc": 0.8055755496025085, "length": 4.0, "mode": "test", "epoch": 8}
{"loss": 0.4174792468547821, "acc": 0.8197625279426575, "length": 3.9928371906280518, "mode": "train", "epoch": 9}
{"loss": 0.46355029940605164, "acc": 0.8124100565910339, "length": 4.0, "mode": "test", "epoch": 9}
{"loss": 0.40411683917045593, "acc": 0.8287337422370911, "length": 3.997939109802246, "mode": "train", "epoch": 10}
{"loss": 0.4452553391456604, "acc": 0.8161870241165161, "length": 4.0, "mode": "test", "epoch": 10}
{"loss": 0.38048774003982544, "acc": 0.8386850953102112, "length": 3.9969770908355713, "mode": "train", "epoch": 11}
{"loss": 0.4195448160171509, "acc": 0.8239207863807678, "length": 4.0, "mode": "test", "epoch": 11}
{"loss": 0.3595704138278961, "acc": 0.845977246761322, "length": 3.9982070922851562, "mode": "train", "epoch": 12}
{"loss": 0.4057779610157013, "acc": 0.8246404528617859, "length": 4.0, "mode": "test", "epoch": 12}
{"loss": 0.3452739417552948, "acc": 0.8548142313957214, "length": 3.9986135959625244, "mode": "train", "epoch": 13}
{"loss": 0.40486156940460205, "acc": 0.8235610723495483, "length": 4.0, "mode": "test", "epoch": 13}
{"loss": 0.3270624279975891, "acc": 0.8548778295516968, "length": 3.9977731704711914, "mode": "train", "epoch": 14}
{"loss": 0.38516828417778015, "acc": 0.8420862555503845, "length": 4.0, "mode": "test", "epoch": 14}
{"loss": 0.31491294503211975, "acc": 0.8692470192909241, "length": 3.998906135559082, "mode": "train", "epoch": 15}
{"loss": 0.3831190764904022, "acc": 0.848921000957489, "length": 4.0, "mode": "test", "epoch": 15}
{"loss": 0.3085543215274811, "acc": 0.8658357262611389, "length": 3.9980976581573486, "mode": "train", "epoch": 16}
{"loss": 0.36470428109169006, "acc": 0.8528778553009033, "length": 4.0, "mode": "test", "epoch": 16}
{"loss": 0.29728034138679504, "acc": 0.873470664024353, "length": 3.9993221759796143, "mode": "train", "epoch": 17}
{"loss": 0.36471664905548096, "acc": 0.8570144176483154, "length": 4.0, "mode": "test", "epoch": 17}
{"loss": 0.2856844961643219, "acc": 0.8834346532821655, "length": 3.999058246612549, "mode": "train", "epoch": 18}
{"loss": 0.3337377905845642, "acc": 0.8600718975067139, "length": 4.0, "mode": "test", "epoch": 18}
{"loss": 0.2750239372253418, "acc": 0.8853696584701538, "length": 3.9994187355041504, "mode": "train", "epoch": 19}
{"loss": 0.3341424763202667, "acc": 0.8652878403663635, "length": 4.0, "mode": "test", "epoch": 19}
{"loss": 0.2660849094390869, "acc": 0.8941386342048645, "length": 3.998997688293457, "mode": "train", "epoch": 20}
{"loss": 0.34082043170928955, "acc": 0.8683454394340515, "length": 4.0, "mode": "test", "epoch": 20}
{"loss": 0.25936880707740784, "acc": 0.8967270255088806, "length": 3.9993999004364014, "mode": "train", "epoch": 21}
{"loss": 0.32579749822616577, "acc": 0.875, "length": 4.0, "mode": "test", "epoch": 21}
{"loss": 0.2585362195968628, "acc": 0.8967824578285217, "length": 3.998490571975708, "mode": "train", "epoch": 22}
{"loss": 0.33965566754341125, "acc": 0.8643884062767029, "length": 4.0, "mode": "test", "epoch": 22}
{"loss": 0.2540784776210785, "acc": 0.9002853631973267, "length": 3.9983372688293457, "mode": "train", "epoch": 23}
{"loss": 0.3122131824493408, "acc": 0.876798689365387, "length": 4.0, "mode": "test", "epoch": 23}
{"loss": 0.2458208203315735, "acc": 0.9027554988861084, "length": 3.998056173324585, "mode": "train", "epoch": 24}
{"loss": 0.29032102227211, "acc": 0.8874099850654602, "length": 4.0, "mode": "test", "epoch": 24}
{"loss": 0.23749390244483948, "acc": 0.9052865505218506, "length": 3.999098539352417, "mode": "train", "epoch": 25}
{"loss": 0.30118364095687866, "acc": 0.8856114745140076, "length": 4.0, "mode": "test", "epoch": 25}
{"loss": 0.23223547637462616, "acc": 0.9055630564689636, "length": 3.9983060359954834, "mode": "train", "epoch": 26}
{"loss": 0.2985033392906189, "acc": 0.8809351921081543, "length": 4.0, "mode": "test", "epoch": 26}
{"loss": 0.2281801849603653, "acc": 0.9097742438316345, "length": 3.999567985534668, "mode": "train", "epoch": 27}
{"loss": 0.2856524884700775, "acc": 0.8915467262268066, "length": 4.0, "mode": "test", "epoch": 27}
{"loss": 0.2203345149755478, "acc": 0.914099931716919, "length": 3.9996190071105957, "mode": "train", "epoch": 28}
{"loss": 0.2940311133861542, "acc": 0.8742806911468506, "length": 4.0, "mode": "test", "epoch": 28}
{"loss": 0.21892808377742767, "acc": 0.9158462882041931, "length": 3.9996819496154785, "mode": "train", "epoch": 29}
{"loss": 0.29780256748199463, "acc": 0.8888489603996277, "length": 4.0, "mode": "test", "epoch": 29}
{"loss": 0.2189170867204666, "acc": 0.9133397340774536, "length": 3.9990575313568115, "mode": "train", "epoch": 30}
{"loss": 0.27766627073287964, "acc": 0.8980215787887573, "length": 4.0, "mode": "test", "epoch": 30}
{"loss": 0.21794401109218597, "acc": 0.9113470315933228, "length": 3.9998080730438232, "mode": "train", "epoch": 31}
{"loss": 0.2987220883369446, "acc": 0.8911870121955872, "length": 4.0, "mode": "test", "epoch": 31}
{"loss": 0.21167977154254913, "acc": 0.9183522462844849, "length": 3.999197483062744, "mode": "train", "epoch": 32}
{"loss": 0.3070816397666931, "acc": 0.8865110278129578, "length": 4.0, "mode": "test", "epoch": 32}
{"loss": 0.205715149641037, "acc": 0.9178333878517151, "length": 3.9997339248657227, "mode": "train", "epoch": 33}
{"loss": 0.26877444982528687, "acc": 0.8983812928199768, "length": 4.0, "mode": "test", "epoch": 33}
{"loss": 0.20288732647895813, "acc": 0.9212445616722107, "length": 3.9995639324188232, "mode": "train", "epoch": 34}
{"loss": 0.28229787945747375, "acc": 0.9000000357627869, "length": 4.0, "mode": "test", "epoch": 34}
{"loss": 0.1946222335100174, "acc": 0.9236634373664856, "length": 3.9997968673706055, "mode": "train", "epoch": 35}
{"loss": 0.2728079557418823, "acc": 0.9016186594963074, "length": 4.0, "mode": "test", "epoch": 35}
{"loss": 0.19512899219989777, "acc": 0.9258310794830322, "length": 3.999199867248535, "mode": "train", "epoch": 36}
{"loss": 0.2605120837688446, "acc": 0.90143883228302, "length": 4.0, "mode": "test", "epoch": 36}
{"loss": 0.19234433770179749, "acc": 0.924444317817688, "length": 3.9991888999938965, "mode": "train", "epoch": 37}
{"loss": 0.2556550204753876, "acc": 0.902877688407898, "length": 4.0, "mode": "test", "epoch": 37}
{"loss": 0.18660694360733032, "acc": 0.9252313375473022, "length": 3.9972331523895264, "mode": "train", "epoch": 38}
{"loss": 0.2566816508769989, "acc": 0.9068345427513123, "length": 4.0, "mode": "test", "epoch": 38}
{"loss": 0.1835213005542755, "acc": 0.9282432794570923, "length": 3.9999678134918213, "mode": "train", "epoch": 39}
{"loss": 0.2661280333995819, "acc": 0.9032375812530518, "length": 4.0, "mode": "test", "epoch": 39}
{"loss": 0.18489879369735718, "acc": 0.9252204298973083, "length": 3.999782085418701, "mode": "train", "epoch": 40}
{"loss": 0.2716567814350128, "acc": 0.8938847780227661, "length": 4.0, "mode": "test", "epoch": 40}
{"loss": 0.17686818540096283, "acc": 0.9302507638931274, "length": 3.9991259574890137, "mode": "train", "epoch": 41}
{"loss": 0.25593581795692444, "acc": 0.9043166637420654, "length": 4.0, "mode": "test", "epoch": 41}
{"loss": 0.172824427485466, "acc": 0.9308255910873413, "length": 3.999934196472168, "mode": "train", "epoch": 42}
{"loss": 0.27150994539260864, "acc": 0.9012590050697327, "length": 4.0, "mode": "test", "epoch": 42}
{"loss": 0.16859933733940125, "acc": 0.9337682127952576, "length": 3.9993717670440674, "mode": "train", "epoch": 43}
{"loss": 0.2526664137840271, "acc": 0.9034172892570496, "length": 4.0, "mode": "test", "epoch": 43}
{"loss": 0.16850171983242035, "acc": 0.9327178597450256, "length": 3.9996519088745117, "mode": "train", "epoch": 44}
{"loss": 0.2547791600227356, "acc": 0.9046762585639954, "length": 4.0, "mode": "test", "epoch": 44}
{"loss": 0.16562189161777496, "acc": 0.9335892200469971, "length": 3.999936103820801, "mode": "train", "epoch": 45}
{"loss": 0.23201870918273926, "acc": 0.9131295084953308, "length": 4.0, "mode": "test", "epoch": 45}
{"loss": 0.16360950469970703, "acc": 0.9334515929222107, "length": 3.999732494354248, "mode": "train", "epoch": 46}
{"loss": 0.2781068682670593, "acc": 0.9008992910385132, "length": 4.0, "mode": "test", "epoch": 46}
{"loss": 0.1636328250169754, "acc": 0.9353173971176147, "length": 3.9997940063476562, "mode": "train", "epoch": 47}
{"loss": 0.238526850938797, "acc": 0.9149280786514282, "length": 4.0, "mode": "test", "epoch": 47}
{"loss": 0.1649988293647766, "acc": 0.9344338178634644, "length": 3.9999847412109375, "mode": "train", "epoch": 48}
{"loss": 0.2746927738189697, "acc": 0.9023381471633911, "length": 4.0, "mode": "test", "epoch": 48}
{"loss": 0.16377700865268707, "acc": 0.9344940185546875, "length": 3.9999847412109375, "mode": "train", "epoch": 49}
{"loss": 0.25883811712265015, "acc": 0.9122303128242493, "length": 4.0, "mode": "test", "epoch": 49}
{"loss": 0.15885373950004578, "acc": 0.939602792263031, "length": 3.9999897480010986, "mode": "train", "epoch": 50}
{"loss": 0.2697085440158844, "acc": 0.911510705947876, "length": 4.0, "mode": "test", "epoch": 50}
{"loss": 0.15331175923347473, "acc": 0.9408038258552551, "length": 3.99998140335083, "mode": "train", "epoch": 51}
{"loss": 0.2538374662399292, "acc": 0.9113309979438782, "length": 4.0, "mode": "test", "epoch": 51}
{"loss": 0.14393675327301025, "acc": 0.9439286589622498, "length": 3.9999794960021973, "mode": "train", "epoch": 52}
{"loss": 0.24675089120864868, "acc": 0.9122302532196045, "length": 4.0, "mode": "test", "epoch": 52}
{"loss": 0.15040133893489838, "acc": 0.9399033784866333, "length": 3.999993324279785, "mode": "train", "epoch": 53}
{"loss": 0.2653207778930664, "acc": 0.9037770628929138, "length": 4.0, "mode": "test", "epoch": 53}
{"loss": 0.15658940374851227, "acc": 0.9380998611450195, "length": 3.9999852180480957, "mode": "train", "epoch": 54}
{"loss": 0.2581433951854706, "acc": 0.9116905331611633, "length": 4.0, "mode": "test", "epoch": 54}
{"loss": 0.15879030525684357, "acc": 0.9372534155845642, "length": 3.999941825866699, "mode": "train", "epoch": 55}
{"loss": 0.26823315024375916, "acc": 0.9188848733901978, "length": 4.0, "mode": "test", "epoch": 55}
{"loss": 0.14107345044612885, "acc": 0.9457924365997314, "length": 3.999992609024048, "mode": "train", "epoch": 56}
{"loss": 0.2602110505104065, "acc": 0.9160071015357971, "length": 4.0, "mode": "test", "epoch": 56}
{"loss": 0.14748314023017883, "acc": 0.9449517130851746, "length": 3.9999961853027344, "mode": "train", "epoch": 57}
{"loss": 0.24615712463855743, "acc": 0.917625904083252, "length": 4.0, "mode": "test", "epoch": 57}
{"loss": 0.13144993782043457, "acc": 0.9520372748374939, "length": 3.9999465942382812, "mode": "train", "epoch": 58}
{"loss": 0.25098711252212524, "acc": 0.9122304320335388, "length": 4.0, "mode": "test", "epoch": 58}
{"loss": 0.13649305701255798, "acc": 0.9495182037353516, "length": 3.9999890327453613, "mode": "train", "epoch": 59}
{"loss": 0.23617389798164368, "acc": 0.9179856777191162, "length": 4.0, "mode": "test", "epoch": 59}
{"loss": 0.129705011844635, "acc": 0.9517778158187866, "length": 3.9996252059936523, "mode": "train", "epoch": 60}
{"loss": 0.22740456461906433, "acc": 0.9314748644828796, "length": 4.0, "mode": "test", "epoch": 60}
test accuracy: 0.7768180966377258
