# ["--attributes=3", "--values=4", "--game_size=10", "--vocab_size_factor=3", "--n_epochs=60", "--batch_size=64", "--learning_rate=0.0005", "--hidden_size=256", "--temp_update=0.97", "--temperature=1"]
Creating train_ds and val_ds...

Creating test_ds...
{"loss": 0.7072857618331909, "acc": 0.4931601285934448, "length": 3.281403064727783, "mode": "train", "epoch": 1}
{"loss": 0.6949965953826904, "acc": 0.4916960895061493, "length": 1.0, "mode": "test", "epoch": 1}
{"loss": 0.6934919953346252, "acc": 0.5164003968238831, "length": 1.7405575513839722, "mode": "train", "epoch": 2}
{"loss": 0.6938307285308838, "acc": 0.536395788192749, "length": 1.0, "mode": "test", "epoch": 2}
{"loss": 0.6585730314254761, "acc": 0.6251283884048462, "length": 2.0532824993133545, "mode": "train", "epoch": 3}
{"loss": 0.6411577463150024, "acc": 0.6646817922592163, "length": 2.0035336017608643, "mode": "test", "epoch": 3}
{"loss": 0.5988907814025879, "acc": 0.6754357218742371, "length": 2.508474588394165, "mode": "train", "epoch": 4}
{"loss": 0.603466808795929, "acc": 0.690499484539032, "length": 2.363957643508911, "mode": "test", "epoch": 4}
{"loss": 0.5422190427780151, "acc": 0.7222900986671448, "length": 2.7394051551818848, "mode": "train", "epoch": 5}
{"loss": 0.5342928767204285, "acc": 0.7709446549415588, "length": 2.9505300521850586, "mode": "test", "epoch": 5}
{"loss": 0.4909018278121948, "acc": 0.7778882384300232, "length": 2.9653124809265137, "mode": "train", "epoch": 6}
{"loss": 0.5156334042549133, "acc": 0.7920011878013611, "length": 2.8021202087402344, "mode": "test", "epoch": 6}
{"loss": 0.4613264501094818, "acc": 0.8029916286468506, "length": 2.9212265014648438, "mode": "train", "epoch": 7}
{"loss": 0.503142774105072, "acc": 0.7836586236953735, "length": 2.929328680038452, "mode": "test", "epoch": 7}
{"loss": 0.4526301920413971, "acc": 0.8127362132072449, "length": 2.951795816421509, "mode": "train", "epoch": 8}
{"loss": 0.4800682067871094, "acc": 0.8003413081169128, "length": 3.014134168624878, "mode": "test", "epoch": 8}
{"loss": 0.43075889348983765, "acc": 0.8138849139213562, "length": 2.999460220336914, "mode": "train", "epoch": 9}
{"loss": 0.4842697083950043, "acc": 0.7886180877685547, "length": 3.1943461894989014, "mode": "test", "epoch": 9}
{"loss": 0.4189613461494446, "acc": 0.8210191130638123, "length": 3.013697862625122, "mode": "train", "epoch": 10}
{"loss": 0.45700302720069885, "acc": 0.8047389984130859, "length": 3.2261483669281006, "mode": "test", "epoch": 10}
{"loss": 0.39679986238479614, "acc": 0.8319239616394043, "length": 3.17563796043396, "mode": "train", "epoch": 11}
{"loss": 0.44308018684387207, "acc": 0.8155243396759033, "length": 3.1519434452056885, "mode": "test", "epoch": 11}
{"loss": 0.3712594211101532, "acc": 0.8438003063201904, "length": 3.0981557369232178, "mode": "train", "epoch": 12}
{"loss": 0.42436352372169495, "acc": 0.8211337924003601, "length": 3.173144817352295, "mode": "test", "epoch": 12}
{"loss": 0.3422364294528961, "acc": 0.8532188534736633, "length": 3.1960434913635254, "mode": "train", "epoch": 13}
{"loss": 0.42179909348487854, "acc": 0.8180626034736633, "length": 3.215547800064087, "mode": "test", "epoch": 13}
{"loss": 0.3366713225841522, "acc": 0.8585856556892395, "length": 3.201181650161743, "mode": "train", "epoch": 14}
{"loss": 0.40732818841934204, "acc": 0.8355251550674438, "length": 3.1625442504882812, "mode": "test", "epoch": 14}
{"loss": 0.3168428838253021, "acc": 0.8720371723175049, "length": 3.1299500465393066, "mode": "train", "epoch": 15}
{"loss": 0.3906404972076416, "acc": 0.8402513861656189, "length": 3.204946994781494, "mode": "test", "epoch": 15}
{"loss": 0.30497604608535767, "acc": 0.8761276602745056, "length": 3.1840100288391113, "mode": "train", "epoch": 16}
{"loss": 0.37448105216026306, "acc": 0.8492691516876221, "length": 3.173144817352295, "mode": "test", "epoch": 16}
{"loss": 0.2882018983364105, "acc": 0.8872225880622864, "length": 3.171720504760742, "mode": "train", "epoch": 17}
{"loss": 0.37184709310531616, "acc": 0.854099690914154, "length": 3.2261483669281006, "mode": "test", "epoch": 17}
{"loss": 0.2907590866088867, "acc": 0.886924147605896, "length": 3.186260223388672, "mode": "train", "epoch": 18}
{"loss": 0.3547895550727844, "acc": 0.868313729763031, "length": 3.1943461894989014, "mode": "test", "epoch": 18}
{"loss": 0.2772732079029083, "acc": 0.8936554789543152, "length": 3.2548961639404297, "mode": "train", "epoch": 19}
{"loss": 0.3437331020832062, "acc": 0.8693241477012634, "length": 3.2367491722106934, "mode": "test", "epoch": 19}
{"loss": 0.27315032482147217, "acc": 0.895041286945343, "length": 3.332472085952759, "mode": "train", "epoch": 20}
{"loss": 0.32923656702041626, "acc": 0.8737247586250305, "length": 3.4381625652313232, "mode": "test", "epoch": 20}
{"loss": 0.2634862959384918, "acc": 0.8993130922317505, "length": 3.330120801925659, "mode": "train", "epoch": 21}
{"loss": 0.33518436551094055, "acc": 0.8675104975700378, "length": 3.3533568382263184, "mode": "test", "epoch": 21}
{"loss": 0.2657569348812103, "acc": 0.9014459252357483, "length": 3.354602098464966, "mode": "train", "epoch": 22}
{"loss": 0.32292312383651733, "acc": 0.8767638802528381, "length": 3.575971841812134, "mode": "test", "epoch": 22}
{"loss": 0.25859424471855164, "acc": 0.9045017957687378, "length": 3.412165641784668, "mode": "train", "epoch": 23}
{"loss": 0.31947410106658936, "acc": 0.879595160484314, "length": 3.448763132095337, "mode": "test", "epoch": 23}
{"loss": 0.2449520230293274, "acc": 0.9061927199363708, "length": 3.380244731903076, "mode": "train", "epoch": 24}
{"loss": 0.30510422587394714, "acc": 0.8777848482131958, "length": 3.5441696643829346, "mode": "test", "epoch": 24}
{"loss": 0.2438589483499527, "acc": 0.9061706066131592, "length": 3.4776575565338135, "mode": "train", "epoch": 25}
{"loss": 0.3013039529323578, "acc": 0.8860690593719482, "length": 3.480565309524536, "mode": "test", "epoch": 25}
{"loss": 0.24495355784893036, "acc": 0.9048130512237549, "length": 3.4845545291900635, "mode": "train", "epoch": 26}
{"loss": 0.283471018075943, "acc": 0.8875735402107239, "length": 3.607773780822754, "mode": "test", "epoch": 26}
{"loss": 0.23416614532470703, "acc": 0.9095311164855957, "length": 3.4454996585845947, "mode": "train", "epoch": 27}
{"loss": 0.31713053584098816, "acc": 0.8840320706367493, "length": 3.5017666816711426, "mode": "test", "epoch": 27}
{"loss": 0.23077863454818726, "acc": 0.915879487991333, "length": 3.481041431427002, "mode": "train", "epoch": 28}
{"loss": 0.3020879626274109, "acc": 0.8885895609855652, "length": 3.7031803131103516, "mode": "test", "epoch": 28}
{"loss": 0.227487713098526, "acc": 0.9115721583366394, "length": 3.5809593200683594, "mode": "train", "epoch": 29}
{"loss": 0.30154141783714294, "acc": 0.8900305032730103, "length": 3.639575958251953, "mode": "test", "epoch": 29}
{"loss": 0.22455938160419464, "acc": 0.9199088215827942, "length": 3.515896797180176, "mode": "train", "epoch": 30}
{"loss": 0.26597580313682556, "acc": 0.8933892846107483, "length": 3.650176763534546, "mode": "test", "epoch": 30}
{"loss": 0.2133944183588028, "acc": 0.9172483086585999, "length": 3.564518451690674, "mode": "train", "epoch": 31}
{"loss": 0.2562558352947235, "acc": 0.9024619460105896, "length": 3.7349822521209717, "mode": "test", "epoch": 31}
{"loss": 0.20877952873706818, "acc": 0.9203491806983948, "length": 3.618940830230713, "mode": "train", "epoch": 32}
{"loss": 0.2592523992061615, "acc": 0.8985347151756287, "length": 3.681978702545166, "mode": "test", "epoch": 32}
{"loss": 0.20081040263175964, "acc": 0.9186825752258301, "length": 3.608717441558838, "mode": "train", "epoch": 33}
{"loss": 0.2532685697078705, "acc": 0.9114111661911011, "length": 3.7773852348327637, "mode": "test", "epoch": 33}
{"loss": 0.20347777009010315, "acc": 0.924577534198761, "length": 3.6598076820373535, "mode": "train", "epoch": 34}
{"loss": 0.25055962800979614, "acc": 0.9025131464004517, "length": 3.8303887844085693, "mode": "test", "epoch": 34}
{"loss": 0.19802533090114594, "acc": 0.9247345924377441, "length": 3.6387386322021484, "mode": "train", "epoch": 35}
{"loss": 0.2408904880285263, "acc": 0.9089890122413635, "length": 3.7879858016967773, "mode": "test", "epoch": 35}
{"loss": 0.1963079571723938, "acc": 0.9240342974662781, "length": 3.6927831172943115, "mode": "train", "epoch": 36}
{"loss": 0.22943778336048126, "acc": 0.9175899028778076, "length": 3.766784429550171, "mode": "test", "epoch": 36}
{"loss": 0.18180999159812927, "acc": 0.9350910186767578, "length": 3.705625534057617, "mode": "train", "epoch": 37}
{"loss": 0.2208254188299179, "acc": 0.9231127500534058, "length": 3.883392333984375, "mode": "test", "epoch": 37}
{"loss": 0.17334412038326263, "acc": 0.9381870031356812, "length": 3.7714250087738037, "mode": "train", "epoch": 38}
{"loss": 0.21786680817604065, "acc": 0.9216783046722412, "length": 3.9363956451416016, "mode": "test", "epoch": 38}
{"loss": 0.16951614618301392, "acc": 0.9372196793556213, "length": 3.848003625869751, "mode": "train", "epoch": 39}
{"loss": 0.22385242581367493, "acc": 0.9188632369041443, "length": 3.9787986278533936, "mode": "test", "epoch": 39}
{"loss": 0.16556546092033386, "acc": 0.9399658441543579, "length": 3.900270938873291, "mode": "train", "epoch": 40}
{"loss": 0.2221972495317459, "acc": 0.925969123840332, "length": 3.9893991947174072, "mode": "test", "epoch": 40}
{"loss": 0.17559513449668884, "acc": 0.933189868927002, "length": 3.920393943786621, "mode": "train", "epoch": 41}
{"loss": 0.21314303576946259, "acc": 0.9231420755386353, "length": 3.9929327964782715, "mode": "test", "epoch": 41}
{"loss": 0.15779626369476318, "acc": 0.943304181098938, "length": 3.9294846057891846, "mode": "train", "epoch": 42}
{"loss": 0.21110336482524872, "acc": 0.9253782629966736, "length": 3.9752650260925293, "mode": "test", "epoch": 42}
{"loss": 0.1592852920293808, "acc": 0.940172016620636, "length": 3.91218900680542, "mode": "train", "epoch": 43}
{"loss": 0.21824781596660614, "acc": 0.927738606929779, "length": 3.968197822570801, "mode": "test", "epoch": 43}
{"loss": 0.14794135093688965, "acc": 0.9449436664581299, "length": 3.897252321243286, "mode": "train", "epoch": 44}
{"loss": 0.2102503776550293, "acc": 0.9237686991691589, "length": 3.9752650260925293, "mode": "test", "epoch": 44}
{"loss": 0.15696516633033752, "acc": 0.9465100169181824, "length": 3.8877832889556885, "mode": "train", "epoch": 45}
{"loss": 0.19349543750286102, "acc": 0.9310734272003174, "length": 3.982332229614258, "mode": "test", "epoch": 45}
{"loss": 0.1639164239168167, "acc": 0.9424458146095276, "length": 3.9584529399871826, "mode": "train", "epoch": 46}
{"loss": 0.23179428279399872, "acc": 0.923407256603241, "length": 3.9893991947174072, "mode": "test", "epoch": 46}
{"loss": 0.16606800258159637, "acc": 0.9405565857887268, "length": 3.908278703689575, "mode": "train", "epoch": 47}
{"loss": 0.2101982831954956, "acc": 0.9227693676948547, "length": 3.9646642208099365, "mode": "test", "epoch": 47}
{"loss": 0.1487026959657669, "acc": 0.9450384974479675, "length": 3.948413372039795, "mode": "train", "epoch": 48}
{"loss": 0.22738678753376007, "acc": 0.9283568859100342, "length": 3.9929327964782715, "mode": "test", "epoch": 48}
{"loss": 0.13976602256298065, "acc": 0.9474756717681885, "length": 3.954848289489746, "mode": "train", "epoch": 49}
{"loss": 0.19531026482582092, "acc": 0.9390403032302856, "length": 3.9893991947174072, "mode": "test", "epoch": 49}
{"loss": 0.1249227225780487, "acc": 0.9538105726242065, "length": 3.9483883380889893, "mode": "train", "epoch": 50}
{"loss": 0.1964806169271469, "acc": 0.9360342025756836, "length": 3.9893991947174072, "mode": "test", "epoch": 50}
{"loss": 0.1286303699016571, "acc": 0.9538635015487671, "length": 3.9341018199920654, "mode": "train", "epoch": 51}
{"loss": 0.20587129890918732, "acc": 0.9378837943077087, "length": 3.9787986278533936, "mode": "test", "epoch": 51}
{"loss": 0.12888239324092865, "acc": 0.9554335474967957, "length": 3.9316914081573486, "mode": "train", "epoch": 52}
{"loss": 0.20258675515651703, "acc": 0.9375746250152588, "length": 3.982332229614258, "mode": "test", "epoch": 52}
{"loss": 0.12049653381109238, "acc": 0.9567031860351562, "length": 3.9429569244384766, "mode": "train", "epoch": 53}
{"loss": 0.17204077541828156, "acc": 0.9335494041442871, "length": 3.9893991947174072, "mode": "test", "epoch": 53}
{"loss": 0.11081071197986603, "acc": 0.9570894837379456, "length": 3.941441774368286, "mode": "train", "epoch": 54}
{"loss": 0.20287273824214935, "acc": 0.9320147037506104, "length": 3.9787986278533936, "mode": "test", "epoch": 54}
{"loss": 0.11841142922639847, "acc": 0.9562683701515198, "length": 3.931701183319092, "mode": "train", "epoch": 55}
{"loss": 0.20600345730781555, "acc": 0.9303610324859619, "length": 3.9929327964782715, "mode": "test", "epoch": 55}
{"loss": 0.10938890278339386, "acc": 0.9568378329277039, "length": 3.975595235824585, "mode": "train", "epoch": 56}
{"loss": 0.19697092473506927, "acc": 0.9285777807235718, "length": 3.9929327964782715, "mode": "test", "epoch": 56}
{"loss": 0.11821021139621735, "acc": 0.9558088183403015, "length": 3.970872640609741, "mode": "train", "epoch": 57}
{"loss": 0.2171802520751953, "acc": 0.9185374975204468, "length": 3.9929327964782715, "mode": "test", "epoch": 57}
{"loss": 0.12670235335826874, "acc": 0.9542674422264099, "length": 3.9518468379974365, "mode": "train", "epoch": 58}
{"loss": 0.22798939049243927, "acc": 0.9306702017784119, "length": 3.9929327964782715, "mode": "test", "epoch": 58}
{"loss": 0.1264718770980835, "acc": 0.9556047320365906, "length": 3.943248987197876, "mode": "train", "epoch": 59}
{"loss": 0.1857052892446518, "acc": 0.9316476583480835, "length": 3.9893991947174072, "mode": "test", "epoch": 59}
{"loss": 0.11838183552026749, "acc": 0.9548669457435608, "length": 3.9513485431671143, "mode": "train", "epoch": 60}
{"loss": 0.21333833038806915, "acc": 0.9268218874931335, "length": 3.9929327964782715, "mode": "test", "epoch": 60}
test accuracy: 0.8781391978263855
