# ["--attributes=3", "--values=4", "--game_size=10", "--vocab_size_factor=3", "--n_epochs=60", "--batch_size=64", "--learning_rate=0.0005", "--hidden_size=256", "--temp_update=0.97", "--temperature=2"]
Creating train_ds and val_ds...

Creating test_ds...
{"loss": 0.7051528692245483, "acc": 0.5043880939483643, "length": 3.349112033843994, "mode": "train", "epoch": 1}
{"loss": 0.6939259767532349, "acc": 0.5276041626930237, "length": 1.0, "mode": "test", "epoch": 1}
{"loss": 0.6932603120803833, "acc": 0.5198037624359131, "length": 2.2101964950561523, "mode": "train", "epoch": 2}
{"loss": 0.6942328214645386, "acc": 0.5055555105209351, "length": 1.0, "mode": "test", "epoch": 2}
{"loss": 0.6679007411003113, "acc": 0.6104121804237366, "length": 2.4667294025421143, "mode": "train", "epoch": 3}
{"loss": 0.6374965906143188, "acc": 0.6791720986366272, "length": 2.2916667461395264, "mode": "test", "epoch": 3}
{"loss": 0.588001549243927, "acc": 0.7232752442359924, "length": 2.773014545440674, "mode": "train", "epoch": 4}
{"loss": 0.5438240170478821, "acc": 0.7606744170188904, "length": 3.1076388359069824, "mode": "test", "epoch": 4}
{"loss": 0.4879692494869232, "acc": 0.7892041206359863, "length": 3.1403989791870117, "mode": "train", "epoch": 5}
{"loss": 0.4778704345226288, "acc": 0.7905843257904053, "length": 3.34375, "mode": "test", "epoch": 5}
{"loss": 0.41194361448287964, "acc": 0.8240370750427246, "length": 3.3291707038879395, "mode": "train", "epoch": 6}
{"loss": 0.43785563111305237, "acc": 0.8243110179901123, "length": 3.4895832538604736, "mode": "test", "epoch": 6}
{"loss": 0.3851221203804016, "acc": 0.8469171524047852, "length": 3.5003089904785156, "mode": "train", "epoch": 7}
{"loss": 0.4295555651187897, "acc": 0.8121690154075623, "length": 3.53125, "mode": "test", "epoch": 7}
{"loss": 0.35020211338996887, "acc": 0.8521748185157776, "length": 3.5818374156951904, "mode": "train", "epoch": 8}
{"loss": 0.39011716842651367, "acc": 0.8395534753799438, "length": 3.8576388359069824, "mode": "test", "epoch": 8}
{"loss": 0.32230615615844727, "acc": 0.8742517232894897, "length": 3.703556537628174, "mode": "train", "epoch": 9}
{"loss": 0.3883781135082245, "acc": 0.8488607406616211, "length": 3.9375, "mode": "test", "epoch": 9}
{"loss": 0.30310001969337463, "acc": 0.8824115991592407, "length": 3.7597177028656006, "mode": "train", "epoch": 10}
{"loss": 0.36161819100379944, "acc": 0.8540798425674438, "length": 3.9375, "mode": "test", "epoch": 10}
{"loss": 0.28989672660827637, "acc": 0.8864092826843262, "length": 3.7603087425231934, "mode": "train", "epoch": 11}
{"loss": 0.35972532629966736, "acc": 0.8561847805976868, "length": 3.9791667461395264, "mode": "test", "epoch": 11}
{"loss": 0.2681310772895813, "acc": 0.8919978737831116, "length": 3.887188673019409, "mode": "train", "epoch": 12}
{"loss": 0.3412962853908539, "acc": 0.8660535216331482, "length": 3.975694417953491, "mode": "test", "epoch": 12}
{"loss": 0.25467896461486816, "acc": 0.8959622979164124, "length": 3.8613927364349365, "mode": "train", "epoch": 13}
{"loss": 0.32408520579338074, "acc": 0.8739420771598816, "length": 3.9548611640930176, "mode": "test", "epoch": 13}
{"loss": 0.24426382780075073, "acc": 0.9048728346824646, "length": 3.8731462955474854, "mode": "train", "epoch": 14}
{"loss": 0.29784393310546875, "acc": 0.8878934383392334, "length": 3.96875, "mode": "test", "epoch": 14}
{"loss": 0.22004814445972443, "acc": 0.9152532815933228, "length": 3.87460994720459, "mode": "train", "epoch": 15}
{"loss": 0.3053487241268158, "acc": 0.8898709416389465, "length": 3.9583332538604736, "mode": "test", "epoch": 15}
{"loss": 0.20682884752750397, "acc": 0.9177786111831665, "length": 3.9061191082000732, "mode": "train", "epoch": 16}
{"loss": 0.30494189262390137, "acc": 0.8926622867584229, "length": 3.9861111640930176, "mode": "test", "epoch": 16}
{"loss": 0.19920794665813446, "acc": 0.9208236932754517, "length": 3.9197378158569336, "mode": "train", "epoch": 17}
{"loss": 0.2812193036079407, "acc": 0.8995712995529175, "length": 3.9791667461395264, "mode": "test", "epoch": 17}
{"loss": 0.18514522910118103, "acc": 0.9270414113998413, "length": 3.9233992099761963, "mode": "train", "epoch": 18}
{"loss": 0.2691749036312103, "acc": 0.8942166566848755, "length": 3.9826388359069824, "mode": "test", "epoch": 18}
{"loss": 0.1758078783750534, "acc": 0.9333433508872986, "length": 3.9339194297790527, "mode": "train", "epoch": 19}
{"loss": 0.2708093225955963, "acc": 0.9031874537467957, "length": 3.9826388359069824, "mode": "test", "epoch": 19}
{"loss": 0.17172449827194214, "acc": 0.9348059296607971, "length": 3.9540867805480957, "mode": "train", "epoch": 20}
{"loss": 0.25444212555885315, "acc": 0.9074137210845947, "length": 3.996527671813965, "mode": "test", "epoch": 20}
{"loss": 0.1740954965353012, "acc": 0.9357813000679016, "length": 3.965214729309082, "mode": "train", "epoch": 21}
{"loss": 0.24190321564674377, "acc": 0.9092013835906982, "length": 4.0, "mode": "test", "epoch": 21}
{"loss": 0.1549433022737503, "acc": 0.9423892498016357, "length": 3.971346139907837, "mode": "train", "epoch": 22}
{"loss": 0.2250148057937622, "acc": 0.9229167103767395, "length": 4.0, "mode": "test", "epoch": 22}
{"loss": 0.14835302531719208, "acc": 0.9432501196861267, "length": 3.970954179763794, "mode": "train", "epoch": 23}
{"loss": 0.2153913825750351, "acc": 0.9239583611488342, "length": 4.0, "mode": "test", "epoch": 23}
{"loss": 0.14531497657299042, "acc": 0.9463515281677246, "length": 3.9835686683654785, "mode": "train", "epoch": 24}
{"loss": 0.2131420224905014, "acc": 0.9263889789581299, "length": 4.0, "mode": "test", "epoch": 24}
{"loss": 0.1410914659500122, "acc": 0.9460923075675964, "length": 3.980738401412964, "mode": "train", "epoch": 25}
{"loss": 0.2023056596517563, "acc": 0.9302083253860474, "length": 4.0, "mode": "test", "epoch": 25}
{"loss": 0.1390291303396225, "acc": 0.9458045363426208, "length": 3.9936251640319824, "mode": "train", "epoch": 26}
{"loss": 0.19432711601257324, "acc": 0.9296875, "length": 4.0, "mode": "test", "epoch": 26}
{"loss": 0.1232375055551529, "acc": 0.9554993510246277, "length": 3.994006872177124, "mode": "train", "epoch": 27}
{"loss": 0.20053663849830627, "acc": 0.9142361879348755, "length": 4.0, "mode": "test", "epoch": 27}
{"loss": 0.12755915522575378, "acc": 0.9497981071472168, "length": 3.9942455291748047, "mode": "train", "epoch": 28}
{"loss": 0.16907478868961334, "acc": 0.9354166388511658, "length": 4.0, "mode": "test", "epoch": 28}
{"loss": 0.12059679627418518, "acc": 0.9565510153770447, "length": 3.9959945678710938, "mode": "train", "epoch": 29}
{"loss": 0.18833087384700775, "acc": 0.9314237236976624, "length": 4.0, "mode": "test", "epoch": 29}
{"loss": 0.12437038123607635, "acc": 0.95383220911026, "length": 3.997028350830078, "mode": "train", "epoch": 30}
{"loss": 0.19051533937454224, "acc": 0.9281250834465027, "length": 4.0, "mode": "test", "epoch": 30}
{"loss": 0.1181924045085907, "acc": 0.9534456133842468, "length": 3.995934247970581, "mode": "train", "epoch": 31}
{"loss": 0.18608014285564423, "acc": 0.9376736879348755, "length": 4.0, "mode": "test", "epoch": 31}
{"loss": 0.10278740525245667, "acc": 0.96282559633255, "length": 3.9949951171875, "mode": "train", "epoch": 32}
{"loss": 0.1932826042175293, "acc": 0.9324653148651123, "length": 4.0, "mode": "test", "epoch": 32}
{"loss": 0.10122164338827133, "acc": 0.9618404507637024, "length": 3.996790885925293, "mode": "train", "epoch": 33}
{"loss": 0.18865053355693817, "acc": 0.9357637763023376, "length": 4.0, "mode": "test", "epoch": 33}
{"loss": 0.10155989974737167, "acc": 0.9609726071357727, "length": 3.9982635974884033, "mode": "train", "epoch": 34}
{"loss": 0.23908130824565887, "acc": 0.9272570013999939, "length": 4.0, "mode": "test", "epoch": 34}
{"loss": 0.10857658088207245, "acc": 0.962222158908844, "length": 3.9968109130859375, "mode": "train", "epoch": 35}
{"loss": 0.1861177384853363, "acc": 0.9274305701255798, "length": 4.0, "mode": "test", "epoch": 35}
{"loss": 0.11447936296463013, "acc": 0.9606537222862244, "length": 3.9991486072540283, "mode": "train", "epoch": 36}
{"loss": 0.1698186993598938, "acc": 0.9444445371627808, "length": 4.0, "mode": "test", "epoch": 36}
{"loss": 0.10614527761936188, "acc": 0.9639034271240234, "length": 3.9983856678009033, "mode": "train", "epoch": 37}
{"loss": 0.15277081727981567, "acc": 0.9489583969116211, "length": 4.0, "mode": "test", "epoch": 37}
{"loss": 0.09488733112812042, "acc": 0.9680325388908386, "length": 3.999687433242798, "mode": "train", "epoch": 38}
{"loss": 0.17129741609096527, "acc": 0.9463542103767395, "length": 4.0, "mode": "test", "epoch": 38}
{"loss": 0.08949079364538193, "acc": 0.9679456353187561, "length": 3.995622396469116, "mode": "train", "epoch": 39}
{"loss": 0.16758523881435394, "acc": 0.9435763955116272, "length": 4.0, "mode": "test", "epoch": 39}
{"loss": 0.08993027359247208, "acc": 0.9684352874755859, "length": 3.999738931655884, "mode": "train", "epoch": 40}
{"loss": 0.17837482690811157, "acc": 0.9401041865348816, "length": 4.0, "mode": "test", "epoch": 40}
{"loss": 0.08500351756811142, "acc": 0.9699465036392212, "length": 3.9997332096099854, "mode": "train", "epoch": 41}
{"loss": 0.16952398419380188, "acc": 0.9420139789581299, "length": 4.0, "mode": "test", "epoch": 41}
{"loss": 0.08815060555934906, "acc": 0.9706375598907471, "length": 3.999436378479004, "mode": "train", "epoch": 42}
{"loss": 0.1534004658460617, "acc": 0.954513669013977, "length": 4.0, "mode": "test", "epoch": 42}
{"loss": 0.08329223841428757, "acc": 0.9706488251686096, "length": 3.999960422515869, "mode": "train", "epoch": 43}
{"loss": 0.16438467800617218, "acc": 0.9460068941116333, "length": 4.0, "mode": "test", "epoch": 43}
{"loss": 0.08501363545656204, "acc": 0.970474362373352, "length": 3.999851703643799, "mode": "train", "epoch": 44}
{"loss": 0.1818827986717224, "acc": 0.9440972208976746, "length": 4.0, "mode": "test", "epoch": 44}
{"loss": 0.08756721764802933, "acc": 0.9699528813362122, "length": 3.9999642372131348, "mode": "train", "epoch": 45}
{"loss": 0.18188129365444183, "acc": 0.9404513835906982, "length": 4.0, "mode": "test", "epoch": 45}
{"loss": 0.08249129354953766, "acc": 0.97175133228302, "length": 3.999986171722412, "mode": "train", "epoch": 46}
{"loss": 0.13858793675899506, "acc": 0.9534722566604614, "length": 4.0, "mode": "test", "epoch": 46}
{"loss": 0.0834231749176979, "acc": 0.9720391035079956, "length": 3.9998879432678223, "mode": "train", "epoch": 47}
{"loss": 0.16118447482585907, "acc": 0.9527777433395386, "length": 4.0, "mode": "test", "epoch": 47}
{"loss": 0.0851607620716095, "acc": 0.9733099341392517, "length": 3.9990696907043457, "mode": "train", "epoch": 48}
{"loss": 0.16440735757350922, "acc": 0.9458333253860474, "length": 4.0, "mode": "test", "epoch": 48}
{"loss": 0.08776871114969254, "acc": 0.9688498377799988, "length": 3.9999430179595947, "mode": "train", "epoch": 49}
{"loss": 0.17493413388729095, "acc": 0.9501736164093018, "length": 4.0, "mode": "test", "epoch": 49}
{"loss": 0.07975532859563828, "acc": 0.9725028872489929, "length": 3.999462127685547, "mode": "train", "epoch": 50}
{"loss": 0.1621837615966797, "acc": 0.9500000476837158, "length": 4.0, "mode": "test", "epoch": 50}
{"loss": 0.06956358999013901, "acc": 0.9764482975006104, "length": 3.999887228012085, "mode": "train", "epoch": 51}
{"loss": 0.14760629832744598, "acc": 0.9491318464279175, "length": 4.0, "mode": "test", "epoch": 51}
{"loss": 0.08421497792005539, "acc": 0.9711005687713623, "length": 3.9989709854125977, "mode": "train", "epoch": 52}
{"loss": 0.15957410633563995, "acc": 0.9550347924232483, "length": 4.0, "mode": "test", "epoch": 52}
{"loss": 0.0784267783164978, "acc": 0.9741814732551575, "length": 3.9996700286865234, "mode": "train", "epoch": 53}
{"loss": 0.17509759962558746, "acc": 0.949652910232544, "length": 4.0, "mode": "test", "epoch": 53}
{"loss": 0.07655918598175049, "acc": 0.9752216935157776, "length": 3.9986767768859863, "mode": "train", "epoch": 54}
{"loss": 0.1707008332014084, "acc": 0.9454861879348755, "length": 4.0, "mode": "test", "epoch": 54}
{"loss": 0.07346996665000916, "acc": 0.9775472283363342, "length": 3.999422788619995, "mode": "train", "epoch": 55}
{"loss": 0.16266952455043793, "acc": 0.9552083611488342, "length": 4.0, "mode": "test", "epoch": 55}
{"loss": 0.07184785604476929, "acc": 0.97847980260849, "length": 3.999788522720337, "mode": "train", "epoch": 56}
{"loss": 0.18669919669628143, "acc": 0.9522569179534912, "length": 4.0, "mode": "test", "epoch": 56}
{"loss": 0.08001916855573654, "acc": 0.973722517490387, "length": 3.9999351501464844, "mode": "train", "epoch": 57}
{"loss": 0.16081394255161285, "acc": 0.9571181535720825, "length": 4.0, "mode": "test", "epoch": 57}
{"loss": 0.06909757107496262, "acc": 0.9776097536087036, "length": 3.9999845027923584, "mode": "train", "epoch": 58}
{"loss": 0.1859433948993683, "acc": 0.9454861879348755, "length": 4.0, "mode": "test", "epoch": 58}
{"loss": 0.08118890225887299, "acc": 0.9723314642906189, "length": 3.9997975826263428, "mode": "train", "epoch": 59}
{"loss": 0.20569542050361633, "acc": 0.9451388120651245, "length": 4.0, "mode": "test", "epoch": 59}
{"loss": 0.06842540204524994, "acc": 0.9770299196243286, "length": 3.999983549118042, "mode": "train", "epoch": 60}
{"loss": 0.1885579526424408, "acc": 0.9512152075767517, "length": 4.0, "mode": "test", "epoch": 60}
test accuracy: 0.8143102526664734
