# ["--attributes=3", "--values=4", "--game_size=10", "--vocab_size_factor=3", "--n_epochs=60", "--batch_size=64", "--learning_rate=0.0005", "--hidden_size=256", "--temp_update=0.99", "--temperature=1"]
Creating train_ds and val_ds...

Creating test_ds...
{"loss": 0.7064378261566162, "acc": 0.507234513759613, "length": 3.2991647720336914, "mode": "train", "epoch": 1}
{"loss": 0.6947607398033142, "acc": 0.49097225069999695, "length": 1.0, "mode": "test", "epoch": 1}
{"loss": 0.6947177648544312, "acc": 0.5098517537117004, "length": 1.6633059978485107, "mode": "train", "epoch": 2}
{"loss": 0.6950339078903198, "acc": 0.4928819239139557, "length": 1.0, "mode": "test", "epoch": 2}
{"loss": 0.6632243394851685, "acc": 0.605096161365509, "length": 2.2794363498687744, "mode": "train", "epoch": 3}
{"loss": 0.6110100150108337, "acc": 0.6822320222854614, "length": 2.5104167461395264, "mode": "test", "epoch": 3}
{"loss": 0.5908255577087402, "acc": 0.6914658546447754, "length": 2.5760207176208496, "mode": "train", "epoch": 4}
{"loss": 0.5590128898620605, "acc": 0.7046115398406982, "length": 2.8645832538604736, "mode": "test", "epoch": 4}
{"loss": 0.5352385640144348, "acc": 0.7342639565467834, "length": 2.917815923690796, "mode": "train", "epoch": 5}
{"loss": 0.5189253687858582, "acc": 0.7649794220924377, "length": 3.1111111640930176, "mode": "test", "epoch": 5}
{"loss": 0.49685513973236084, "acc": 0.7679794430732727, "length": 3.315201997756958, "mode": "train", "epoch": 6}
{"loss": 0.5010923147201538, "acc": 0.7736518383026123, "length": 3.6041667461395264, "mode": "test", "epoch": 6}
{"loss": 0.4671202301979065, "acc": 0.7822666168212891, "length": 3.5145578384399414, "mode": "train", "epoch": 7}
{"loss": 0.46295425295829773, "acc": 0.7976047396659851, "length": 3.649305582046509, "mode": "test", "epoch": 7}
{"loss": 0.4382217824459076, "acc": 0.8073832392692566, "length": 3.5166571140289307, "mode": "train", "epoch": 8}
{"loss": 0.44720983505249023, "acc": 0.8088514804840088, "length": 3.496527671813965, "mode": "test", "epoch": 8}
{"loss": 0.4032154381275177, "acc": 0.8264104723930359, "length": 3.4550867080688477, "mode": "train", "epoch": 9}
{"loss": 0.4218723773956299, "acc": 0.8182237148284912, "length": 3.503472328186035, "mode": "test", "epoch": 9}
{"loss": 0.38351452350616455, "acc": 0.8392863869667053, "length": 3.5021767616271973, "mode": "train", "epoch": 10}
{"loss": 0.4162219166755676, "acc": 0.8309787511825562, "length": 3.5208332538604736, "mode": "test", "epoch": 10}
{"loss": 0.366812139749527, "acc": 0.8405378460884094, "length": 3.49307918548584, "mode": "train", "epoch": 11}
{"loss": 0.40355679392814636, "acc": 0.8405246734619141, "length": 3.565972328186035, "mode": "test", "epoch": 11}
{"loss": 0.3528556227684021, "acc": 0.8496947884559631, "length": 3.519820213317871, "mode": "train", "epoch": 12}
{"loss": 0.37219366431236267, "acc": 0.8534613847732544, "length": 3.5416667461395264, "mode": "test", "epoch": 12}
{"loss": 0.33296117186546326, "acc": 0.8591812252998352, "length": 3.510657787322998, "mode": "train", "epoch": 13}
{"loss": 0.3353746831417084, "acc": 0.8618462681770325, "length": 3.590277671813965, "mode": "test", "epoch": 13}
{"loss": 0.2987426817417145, "acc": 0.8758829832077026, "length": 3.563159942626953, "mode": "train", "epoch": 14}
{"loss": 0.33134162425994873, "acc": 0.8695692420005798, "length": 3.6076388359069824, "mode": "test", "epoch": 14}
{"loss": 0.28265276551246643, "acc": 0.8861768245697021, "length": 3.573267936706543, "mode": "train", "epoch": 15}
{"loss": 0.2838916480541229, "acc": 0.887703537940979, "length": 3.524305582046509, "mode": "test", "epoch": 15}
{"loss": 0.26232242584228516, "acc": 0.8914155960083008, "length": 3.624141216278076, "mode": "train", "epoch": 16}
{"loss": 0.29892852902412415, "acc": 0.8826714754104614, "length": 3.7951388359069824, "mode": "test", "epoch": 16}
{"loss": 0.25758522748947144, "acc": 0.8977152705192566, "length": 3.772839307785034, "mode": "train", "epoch": 17}
{"loss": 0.25618788599967957, "acc": 0.9087755680084229, "length": 3.788194417953491, "mode": "test", "epoch": 17}
{"loss": 0.23639829456806183, "acc": 0.9087710380554199, "length": 3.793727159500122, "mode": "train", "epoch": 18}
{"loss": 0.25591522455215454, "acc": 0.9065835475921631, "length": 3.84375, "mode": "test", "epoch": 18}
{"loss": 0.22760619223117828, "acc": 0.9111274480819702, "length": 3.854278564453125, "mode": "train", "epoch": 19}
{"loss": 0.2506541907787323, "acc": 0.9094264507293701, "length": 3.9375, "mode": "test", "epoch": 19}
{"loss": 0.22920505702495575, "acc": 0.9108128547668457, "length": 3.913510322570801, "mode": "train", "epoch": 20}
{"loss": 0.2686573266983032, "acc": 0.9004937410354614, "length": 3.96875, "mode": "test", "epoch": 20}
{"loss": 0.22329112887382507, "acc": 0.911953330039978, "length": 3.927051305770874, "mode": "train", "epoch": 21}
{"loss": 0.22410622239112854, "acc": 0.9142904281616211, "length": 3.944444417953491, "mode": "test", "epoch": 21}
{"loss": 0.20933623611927032, "acc": 0.9200454354286194, "length": 3.9167604446411133, "mode": "train", "epoch": 22}
{"loss": 0.23044326901435852, "acc": 0.9179632663726807, "length": 3.944444417953491, "mode": "test", "epoch": 22}
{"loss": 0.2075243443250656, "acc": 0.9177147150039673, "length": 3.9420759677886963, "mode": "train", "epoch": 23}
{"loss": 0.22301609814167023, "acc": 0.9111490249633789, "length": 3.9861111640930176, "mode": "test", "epoch": 23}
{"loss": 0.20006541907787323, "acc": 0.9195942282676697, "length": 3.941797971725464, "mode": "train", "epoch": 24}
{"loss": 0.21383412182331085, "acc": 0.9119222164154053, "length": 3.9826388359069824, "mode": "test", "epoch": 24}
{"loss": 0.19964641332626343, "acc": 0.9187082052230835, "length": 3.948456287384033, "mode": "train", "epoch": 25}
{"loss": 0.2185412496328354, "acc": 0.9153754115104675, "length": 3.9861111640930176, "mode": "test", "epoch": 25}
{"loss": 0.18871687352657318, "acc": 0.9260449409484863, "length": 3.972602367401123, "mode": "train", "epoch": 26}
{"loss": 0.22841356694698334, "acc": 0.9108669757843018, "length": 3.9895832538604736, "mode": "test", "epoch": 26}
{"loss": 0.18129190802574158, "acc": 0.9291750192642212, "length": 3.9642179012298584, "mode": "train", "epoch": 27}
{"loss": 0.20068931579589844, "acc": 0.9251139163970947, "length": 3.9861111640930176, "mode": "test", "epoch": 27}
{"loss": 0.17731289565563202, "acc": 0.9295318126678467, "length": 3.961652994155884, "mode": "train", "epoch": 28}
{"loss": 0.2012818306684494, "acc": 0.9247097373008728, "length": 3.993055582046509, "mode": "test", "epoch": 28}
{"loss": 0.17388759553432465, "acc": 0.9292364716529846, "length": 3.964388370513916, "mode": "train", "epoch": 29}
{"loss": 0.20375481247901917, "acc": 0.9260714650154114, "length": 3.996527671813965, "mode": "test", "epoch": 29}
{"loss": 0.1685689389705658, "acc": 0.9366401433944702, "length": 3.9739091396331787, "mode": "train", "epoch": 30}
{"loss": 0.20613975822925568, "acc": 0.9260416030883789, "length": 4.0, "mode": "test", "epoch": 30}
{"loss": 0.17313441634178162, "acc": 0.9332794547080994, "length": 3.985650062561035, "mode": "train", "epoch": 31}
{"loss": 0.21101360023021698, "acc": 0.9234374165534973, "length": 4.0, "mode": "test", "epoch": 31}
{"loss": 0.15825152397155762, "acc": 0.9350505471229553, "length": 3.9922096729278564, "mode": "train", "epoch": 32}
{"loss": 0.18211449682712555, "acc": 0.9439236521720886, "length": 4.0, "mode": "test", "epoch": 32}
{"loss": 0.16102991998195648, "acc": 0.9411433935165405, "length": 3.9914982318878174, "mode": "train", "epoch": 33}
{"loss": 0.19462625682353973, "acc": 0.9319444298744202, "length": 4.0, "mode": "test", "epoch": 33}
{"loss": 0.16265113651752472, "acc": 0.9339200854301453, "length": 3.986912727355957, "mode": "train", "epoch": 34}
{"loss": 0.20100609958171844, "acc": 0.9301840662956238, "length": 3.996527671813965, "mode": "test", "epoch": 34}
{"loss": 0.1632639467716217, "acc": 0.9352078437805176, "length": 3.9883835315704346, "mode": "train", "epoch": 35}
{"loss": 0.21492598950862885, "acc": 0.9250000715255737, "length": 4.0, "mode": "test", "epoch": 35}
{"loss": 0.15339666604995728, "acc": 0.939294159412384, "length": 3.981166124343872, "mode": "train", "epoch": 36}
{"loss": 0.20189587771892548, "acc": 0.9345486164093018, "length": 4.0, "mode": "test", "epoch": 36}
{"loss": 0.15727360546588898, "acc": 0.9409077763557434, "length": 3.9843931198120117, "mode": "train", "epoch": 37}
{"loss": 0.18456286191940308, "acc": 0.9411458969116211, "length": 4.0, "mode": "test", "epoch": 37}
{"loss": 0.14499086141586304, "acc": 0.9442399144172668, "length": 3.9907352924346924, "mode": "train", "epoch": 38}
{"loss": 0.1833447515964508, "acc": 0.9463542103767395, "length": 4.0, "mode": "test", "epoch": 38}
{"loss": 0.13338728249073029, "acc": 0.9482254981994629, "length": 3.987199544906616, "mode": "train", "epoch": 39}
{"loss": 0.1792692244052887, "acc": 0.9395833611488342, "length": 4.0, "mode": "test", "epoch": 39}
{"loss": 0.14839224517345428, "acc": 0.9452788829803467, "length": 3.992302179336548, "mode": "train", "epoch": 40}
{"loss": 0.20736725628376007, "acc": 0.9329860210418701, "length": 4.0, "mode": "test", "epoch": 40}
{"loss": 0.14549198746681213, "acc": 0.9466349482536316, "length": 3.9945480823516846, "mode": "train", "epoch": 41}
{"loss": 0.18415939807891846, "acc": 0.9361111521720886, "length": 4.0, "mode": "test", "epoch": 41}
{"loss": 0.14222528040409088, "acc": 0.9430407881736755, "length": 3.994858503341675, "mode": "train", "epoch": 42}
{"loss": 0.2154061645269394, "acc": 0.9295138120651245, "length": 4.0, "mode": "test", "epoch": 42}
{"loss": 0.1500261276960373, "acc": 0.9451376795768738, "length": 3.99221134185791, "mode": "train", "epoch": 43}
{"loss": 0.20599518716335297, "acc": 0.933680534362793, "length": 4.0, "mode": "test", "epoch": 43}
{"loss": 0.14840206503868103, "acc": 0.944291353225708, "length": 3.9916324615478516, "mode": "train", "epoch": 44}
{"loss": 0.19416677951812744, "acc": 0.9364582896232605, "length": 4.0, "mode": "test", "epoch": 44}
{"loss": 0.1427171677350998, "acc": 0.9462722539901733, "length": 3.9913077354431152, "mode": "train", "epoch": 45}
{"loss": 0.178777813911438, "acc": 0.9387152791023254, "length": 4.0, "mode": "test", "epoch": 45}
{"loss": 0.13997939229011536, "acc": 0.9468337297439575, "length": 3.989457130432129, "mode": "train", "epoch": 46}
{"loss": 0.1611318141222, "acc": 0.949742317199707, "length": 3.996527671813965, "mode": "test", "epoch": 46}
{"loss": 0.12503714859485626, "acc": 0.9523148536682129, "length": 3.99039888381958, "mode": "train", "epoch": 47}
{"loss": 0.16103167831897736, "acc": 0.9465277194976807, "length": 4.0, "mode": "test", "epoch": 47}
{"loss": 0.14107656478881836, "acc": 0.945564866065979, "length": 3.987677812576294, "mode": "train", "epoch": 48}
{"loss": 0.22064606845378876, "acc": 0.9249159693717957, "length": 3.993055582046509, "mode": "test", "epoch": 48}
{"loss": 0.14562617242336273, "acc": 0.9446979761123657, "length": 3.990006685256958, "mode": "train", "epoch": 49}
{"loss": 0.16955415904521942, "acc": 0.9361111521720886, "length": 4.0, "mode": "test", "epoch": 49}
{"loss": 0.12856963276863098, "acc": 0.9540349245071411, "length": 3.9969265460968018, "mode": "train", "epoch": 50}
{"loss": 0.1515239030122757, "acc": 0.9435763955116272, "length": 4.0, "mode": "test", "epoch": 50}
{"loss": 0.11859532445669174, "acc": 0.9573139548301697, "length": 3.9956977367401123, "mode": "train", "epoch": 51}
{"loss": 0.14724646508693695, "acc": 0.9548611044883728, "length": 4.0, "mode": "test", "epoch": 51}
{"loss": 0.1167692095041275, "acc": 0.9574664831161499, "length": 3.9994137287139893, "mode": "train", "epoch": 52}
{"loss": 0.1455586850643158, "acc": 0.9539930820465088, "length": 4.0, "mode": "test", "epoch": 52}
{"loss": 0.11234935373067856, "acc": 0.9599601626396179, "length": 3.999422311782837, "mode": "train", "epoch": 53}
{"loss": 0.15356412529945374, "acc": 0.9494791030883789, "length": 4.0, "mode": "test", "epoch": 53}
{"loss": 0.10514294356107712, "acc": 0.9628526568412781, "length": 3.9992613792419434, "mode": "train", "epoch": 54}
{"loss": 0.1769746094942093, "acc": 0.9494791030883789, "length": 4.0, "mode": "test", "epoch": 54}
{"loss": 0.10218766331672668, "acc": 0.96352219581604, "length": 3.9983808994293213, "mode": "train", "epoch": 55}
{"loss": 0.1642254889011383, "acc": 0.9439236521720886, "length": 4.0, "mode": "test", "epoch": 55}
{"loss": 0.09387961775064468, "acc": 0.9678362607955933, "length": 3.998149871826172, "mode": "train", "epoch": 56}
{"loss": 0.12723283469676971, "acc": 0.9562500715255737, "length": 4.0, "mode": "test", "epoch": 56}
{"loss": 0.09176245331764221, "acc": 0.9665831923484802, "length": 3.9997947216033936, "mode": "train", "epoch": 57}
{"loss": 0.12788428366184235, "acc": 0.957118034362793, "length": 4.0, "mode": "test", "epoch": 57}
{"loss": 0.09440150856971741, "acc": 0.9661073088645935, "length": 3.9956958293914795, "mode": "train", "epoch": 58}
{"loss": 0.15457184612751007, "acc": 0.950520932674408, "length": 4.0, "mode": "test", "epoch": 58}
{"loss": 0.10071603208780289, "acc": 0.9639078974723816, "length": 3.999225378036499, "mode": "train", "epoch": 59}
{"loss": 0.131160169839859, "acc": 0.9543402194976807, "length": 4.0, "mode": "test", "epoch": 59}
{"loss": 0.09897003322839737, "acc": 0.963202714920044, "length": 3.999171495437622, "mode": "train", "epoch": 60}
{"loss": 0.15959568321704865, "acc": 0.9461805820465088, "length": 4.0, "mode": "test", "epoch": 60}
test accuracy: 0.8522414565086365
