# ["--attributes=3", "--values=4", "--game_size=10", "--vocab_size_factor=3", "--n_epochs=60", "--batch_size=64", "--learning_rate=0.0005", "--hidden_size=256", "--temp_update=0.99", "--temperature=1.5"]
Creating train_ds and val_ds...

Creating test_ds...
{"loss": 0.6965153813362122, "acc": 0.5272777676582336, "length": 3.5238306522369385, "mode": "train", "epoch": 1}
{"loss": 0.6915915608406067, "acc": 0.526896059513092, "length": 1.0594406127929688, "mode": "test", "epoch": 1}
{"loss": 0.685433030128479, "acc": 0.5493008494377136, "length": 3.296757698059082, "mode": "train", "epoch": 2}
{"loss": 0.6562983989715576, "acc": 0.6032934188842773, "length": 2.9195804595947266, "mode": "test", "epoch": 2}
{"loss": 0.6189782619476318, "acc": 0.686051607131958, "length": 3.415335178375244, "mode": "train", "epoch": 3}
{"loss": 0.5424724817276001, "acc": 0.7400963306427002, "length": 3.916083812713623, "mode": "test", "epoch": 3}
{"loss": 0.5023154020309448, "acc": 0.7787168025970459, "length": 3.8070240020751953, "mode": "train", "epoch": 4}
{"loss": 0.43794235587120056, "acc": 0.809265673160553, "length": 4.0, "mode": "test", "epoch": 4}
{"loss": 0.41144391894340515, "acc": 0.815940797328949, "length": 3.944683313369751, "mode": "train", "epoch": 5}
{"loss": 0.39520546793937683, "acc": 0.836013913154602, "length": 4.0, "mode": "test", "epoch": 5}
{"loss": 0.3796664774417877, "acc": 0.837599515914917, "length": 3.971055269241333, "mode": "train", "epoch": 6}
{"loss": 0.3783418834209442, "acc": 0.8363636136054993, "length": 4.0, "mode": "test", "epoch": 6}
{"loss": 0.36221417784690857, "acc": 0.846413791179657, "length": 3.9833521842956543, "mode": "train", "epoch": 7}
{"loss": 0.38738566637039185, "acc": 0.8438810110092163, "length": 4.0, "mode": "test", "epoch": 7}
{"loss": 0.34043723344802856, "acc": 0.863944947719574, "length": 3.9828009605407715, "mode": "train", "epoch": 8}
{"loss": 0.3746156692504883, "acc": 0.8575174808502197, "length": 4.0, "mode": "test", "epoch": 8}
{"loss": 0.3258427679538727, "acc": 0.8679938912391663, "length": 3.98592209815979, "mode": "train", "epoch": 9}
{"loss": 0.35859090089797974, "acc": 0.8590909242630005, "length": 4.0, "mode": "test", "epoch": 9}
{"loss": 0.31431302428245544, "acc": 0.877669632434845, "length": 3.984976291656494, "mode": "train", "epoch": 10}
{"loss": 0.33945268392562866, "acc": 0.8620627522468567, "length": 4.0, "mode": "test", "epoch": 10}
{"loss": 0.2957691252231598, "acc": 0.8775195479393005, "length": 3.9908039569854736, "mode": "train", "epoch": 11}
{"loss": 0.33248063921928406, "acc": 0.8660839796066284, "length": 4.0, "mode": "test", "epoch": 11}
{"loss": 0.2767717242240906, "acc": 0.8865312933921814, "length": 3.991192102432251, "mode": "train", "epoch": 12}
{"loss": 0.3197479546070099, "acc": 0.874825119972229, "length": 4.0, "mode": "test", "epoch": 12}
{"loss": 0.26274946331977844, "acc": 0.8945751190185547, "length": 3.992419958114624, "mode": "train", "epoch": 13}
{"loss": 0.3030163049697876, "acc": 0.8818181753158569, "length": 4.0, "mode": "test", "epoch": 13}
{"loss": 0.2456233650445938, "acc": 0.9001199007034302, "length": 3.9941446781158447, "mode": "train", "epoch": 14}
{"loss": 0.29708895087242126, "acc": 0.8886362314224243, "length": 4.0, "mode": "test", "epoch": 14}
{"loss": 0.22464391589164734, "acc": 0.912101686000824, "length": 3.9935824871063232, "mode": "train", "epoch": 15}
{"loss": 0.28445902466773987, "acc": 0.8926572203636169, "length": 4.0, "mode": "test", "epoch": 15}
{"loss": 0.21975116431713104, "acc": 0.917160153388977, "length": 3.9924020767211914, "mode": "train", "epoch": 16}
{"loss": 0.2870856523513794, "acc": 0.8994755148887634, "length": 4.0, "mode": "test", "epoch": 16}
{"loss": 0.2163802981376648, "acc": 0.9182289242744446, "length": 3.993468999862671, "mode": "train", "epoch": 17}
{"loss": 0.26795685291290283, "acc": 0.9059441685676575, "length": 4.0, "mode": "test", "epoch": 17}
{"loss": 0.19888243079185486, "acc": 0.9244046211242676, "length": 3.9957547187805176, "mode": "train", "epoch": 18}
{"loss": 0.2415647953748703, "acc": 0.9148601293563843, "length": 4.0, "mode": "test", "epoch": 18}
{"loss": 0.1970728486776352, "acc": 0.9233160018920898, "length": 3.996645212173462, "mode": "train", "epoch": 19}
{"loss": 0.26297569274902344, "acc": 0.9096153378486633, "length": 4.0, "mode": "test", "epoch": 19}
{"loss": 0.18761731684207916, "acc": 0.932183563709259, "length": 3.997328758239746, "mode": "train", "epoch": 20}
{"loss": 0.26044023036956787, "acc": 0.916433572769165, "length": 4.0, "mode": "test", "epoch": 20}
{"loss": 0.18685676157474518, "acc": 0.9310480952262878, "length": 3.9969241619110107, "mode": "train", "epoch": 21}
{"loss": 0.24061857163906097, "acc": 0.9188811779022217, "length": 4.0, "mode": "test", "epoch": 21}
{"loss": 0.1826295703649521, "acc": 0.9354549050331116, "length": 3.9973092079162598, "mode": "train", "epoch": 22}
{"loss": 0.25246936082839966, "acc": 0.9155594706535339, "length": 4.0, "mode": "test", "epoch": 22}
{"loss": 0.1755802035331726, "acc": 0.9351747035980225, "length": 3.997845411300659, "mode": "train", "epoch": 23}
{"loss": 0.21388904750347137, "acc": 0.9246501922607422, "length": 4.0, "mode": "test", "epoch": 23}
{"loss": 0.17952914535999298, "acc": 0.9363999962806702, "length": 3.997692584991455, "mode": "train", "epoch": 24}
{"loss": 0.2670750319957733, "acc": 0.9178321957588196, "length": 4.0, "mode": "test", "epoch": 24}
{"loss": 0.1673521101474762, "acc": 0.9339079856872559, "length": 3.998291015625, "mode": "train", "epoch": 25}
{"loss": 0.22475674748420715, "acc": 0.9269232153892517, "length": 4.0, "mode": "test", "epoch": 25}
{"loss": 0.16590891778469086, "acc": 0.9438642859458923, "length": 3.998412609100342, "mode": "train", "epoch": 26}
{"loss": 0.22222650051116943, "acc": 0.9265734553337097, "length": 4.0, "mode": "test", "epoch": 26}
{"loss": 0.1562940776348114, "acc": 0.9434254169464111, "length": 3.997718095779419, "mode": "train", "epoch": 27}
{"loss": 0.2132413387298584, "acc": 0.9295454621315002, "length": 4.0, "mode": "test", "epoch": 27}
{"loss": 0.1564834862947464, "acc": 0.9419357776641846, "length": 3.9986557960510254, "mode": "train", "epoch": 28}
{"loss": 0.2124778777360916, "acc": 0.9293707013130188, "length": 4.0, "mode": "test", "epoch": 28}
{"loss": 0.15161511301994324, "acc": 0.9407146573066711, "length": 3.9988296031951904, "mode": "train", "epoch": 29}
{"loss": 0.22222943603992462, "acc": 0.9239510297775269, "length": 4.0, "mode": "test", "epoch": 29}
{"loss": 0.15623924136161804, "acc": 0.9398772120475769, "length": 3.9977593421936035, "mode": "train", "epoch": 30}
{"loss": 0.21074023842811584, "acc": 0.9314686059951782, "length": 4.0, "mode": "test", "epoch": 30}
{"loss": 0.15262185037136078, "acc": 0.9463619589805603, "length": 3.9974002838134766, "mode": "train", "epoch": 31}
{"loss": 0.2122444212436676, "acc": 0.9277971386909485, "length": 4.0, "mode": "test", "epoch": 31}
{"loss": 0.16233544051647186, "acc": 0.9409883618354797, "length": 3.9986624717712402, "mode": "train", "epoch": 32}
{"loss": 0.20000381767749786, "acc": 0.9272728562355042, "length": 4.0, "mode": "test", "epoch": 32}
{"loss": 0.15161211788654327, "acc": 0.9423441290855408, "length": 3.9982151985168457, "mode": "train", "epoch": 33}
{"loss": 0.20306396484375, "acc": 0.9333915710449219, "length": 4.0, "mode": "test", "epoch": 33}
{"loss": 0.1423993855714798, "acc": 0.9475809335708618, "length": 3.9993066787719727, "mode": "train", "epoch": 34}
{"loss": 0.20198588073253632, "acc": 0.9312936067581177, "length": 4.0, "mode": "test", "epoch": 34}
{"loss": 0.13404974341392517, "acc": 0.9475764632225037, "length": 3.99904465675354, "mode": "train", "epoch": 35}
{"loss": 0.19409596920013428, "acc": 0.9335664510726929, "length": 4.0, "mode": "test", "epoch": 35}
{"loss": 0.13795824348926544, "acc": 0.9483476877212524, "length": 3.999429941177368, "mode": "train", "epoch": 36}
{"loss": 0.20152048766613007, "acc": 0.9321678280830383, "length": 4.0, "mode": "test", "epoch": 36}
{"loss": 0.14057382941246033, "acc": 0.9495153427124023, "length": 3.9993059635162354, "mode": "train", "epoch": 37}
{"loss": 0.21485041081905365, "acc": 0.9361889362335205, "length": 4.0, "mode": "test", "epoch": 37}
{"loss": 0.13896629214286804, "acc": 0.9507384300231934, "length": 3.9992642402648926, "mode": "train", "epoch": 38}
{"loss": 0.22721605002880096, "acc": 0.9318181872367859, "length": 4.0, "mode": "test", "epoch": 38}
{"loss": 0.13693824410438538, "acc": 0.948409378528595, "length": 3.999636650085449, "mode": "train", "epoch": 39}
{"loss": 0.24324798583984375, "acc": 0.9190560579299927, "length": 4.0, "mode": "test", "epoch": 39}
{"loss": 0.13846373558044434, "acc": 0.9487031102180481, "length": 3.9995548725128174, "mode": "train", "epoch": 40}
{"loss": 0.19259238243103027, "acc": 0.9370629191398621, "length": 4.0, "mode": "test", "epoch": 40}
{"loss": 0.1332716941833496, "acc": 0.9502842426300049, "length": 3.9996867179870605, "mode": "train", "epoch": 41}
{"loss": 0.20009370148181915, "acc": 0.9309440851211548, "length": 4.0, "mode": "test", "epoch": 41}
{"loss": 0.1418467015028, "acc": 0.950722873210907, "length": 3.9982287883758545, "mode": "train", "epoch": 42}
{"loss": 0.20370416343212128, "acc": 0.9339160919189453, "length": 4.0, "mode": "test", "epoch": 42}
{"loss": 0.12911823391914368, "acc": 0.9555492401123047, "length": 3.9993247985839844, "mode": "train", "epoch": 43}
{"loss": 0.18869683146476746, "acc": 0.932692289352417, "length": 4.0, "mode": "test", "epoch": 43}
{"loss": 0.12520353496074677, "acc": 0.9532097578048706, "length": 3.999589204788208, "mode": "train", "epoch": 44}
{"loss": 0.19766758382320404, "acc": 0.9256991744041443, "length": 4.0, "mode": "test", "epoch": 44}
{"loss": 0.12985995411872864, "acc": 0.9536522030830383, "length": 3.998436212539673, "mode": "train", "epoch": 45}
{"loss": 0.21234403550624847, "acc": 0.9304195046424866, "length": 4.0, "mode": "test", "epoch": 45}
{"loss": 0.123190738260746, "acc": 0.9552600979804993, "length": 3.999638557434082, "mode": "train", "epoch": 46}
{"loss": 0.20783181488513947, "acc": 0.934440553188324, "length": 4.0, "mode": "test", "epoch": 46}
{"loss": 0.11379195004701614, "acc": 0.9587693214416504, "length": 3.999509811401367, "mode": "train", "epoch": 47}
{"loss": 0.20238058269023895, "acc": 0.9326922297477722, "length": 4.0, "mode": "test", "epoch": 47}
{"loss": 0.1165478378534317, "acc": 0.9556726217269897, "length": 3.9996743202209473, "mode": "train", "epoch": 48}
{"loss": 0.21483290195465088, "acc": 0.9349648952484131, "length": 4.0, "mode": "test", "epoch": 48}
{"loss": 0.11505059152841568, "acc": 0.9588932991027832, "length": 3.999767780303955, "mode": "train", "epoch": 49}
{"loss": 0.17655591666698456, "acc": 0.9382868409156799, "length": 4.0, "mode": "test", "epoch": 49}
{"loss": 0.11600007116794586, "acc": 0.9568356871604919, "length": 3.9996323585510254, "mode": "train", "epoch": 50}
{"loss": 0.1966126710176468, "acc": 0.9389861822128296, "length": 4.0, "mode": "test", "epoch": 50}
{"loss": 0.10769090056419373, "acc": 0.9604736566543579, "length": 3.999741554260254, "mode": "train", "epoch": 51}
{"loss": 0.1786491721868515, "acc": 0.9438812732696533, "length": 4.0, "mode": "test", "epoch": 51}
{"loss": 0.10060320794582367, "acc": 0.9660959243774414, "length": 3.999845266342163, "mode": "train", "epoch": 52}
{"loss": 0.15547239780426025, "acc": 0.9472026824951172, "length": 4.0, "mode": "test", "epoch": 52}
{"loss": 0.0914221927523613, "acc": 0.9663474559783936, "length": 3.998464345932007, "mode": "train", "epoch": 53}
{"loss": 0.15484096109867096, "acc": 0.9465034604072571, "length": 4.0, "mode": "test", "epoch": 53}
{"loss": 0.09431573003530502, "acc": 0.9663903713226318, "length": 3.9999022483825684, "mode": "train", "epoch": 54}
{"loss": 0.17663617432117462, "acc": 0.9456292986869812, "length": 4.0, "mode": "test", "epoch": 54}
{"loss": 0.08942993730306625, "acc": 0.9660332202911377, "length": 3.9996767044067383, "mode": "train", "epoch": 55}
{"loss": 0.17220847308635712, "acc": 0.9337412118911743, "length": 4.0, "mode": "test", "epoch": 55}
{"loss": 0.0942511260509491, "acc": 0.9675034880638123, "length": 3.9999141693115234, "mode": "train", "epoch": 56}
{"loss": 0.16251598298549652, "acc": 0.9482517838478088, "length": 4.0, "mode": "test", "epoch": 56}
{"loss": 0.07895855605602264, "acc": 0.9716538190841675, "length": 3.9997758865356445, "mode": "train", "epoch": 57}
{"loss": 0.1756938248872757, "acc": 0.9517481923103333, "length": 4.0, "mode": "test", "epoch": 57}
{"loss": 0.08463538438081741, "acc": 0.9726861715316772, "length": 3.9994685649871826, "mode": "train", "epoch": 58}
{"loss": 0.17084917426109314, "acc": 0.9480770230293274, "length": 4.0, "mode": "test", "epoch": 58}
{"loss": 0.0792032927274704, "acc": 0.9733583927154541, "length": 3.9999425411224365, "mode": "train", "epoch": 59}
{"loss": 0.15518882870674133, "acc": 0.953146755695343, "length": 4.0, "mode": "test", "epoch": 59}
{"loss": 0.07903710752725601, "acc": 0.9737083315849304, "length": 3.999906301498413, "mode": "train", "epoch": 60}
{"loss": 0.17783619463443756, "acc": 0.948601484298706, "length": 4.0, "mode": "test", "epoch": 60}
test accuracy: 0.8248333930969238
