# ["--attributes=3", "--values=4", "--game_size=10", "--vocab_size_factor=3", "--n_epochs=60", "--batch_size=64", "--learning_rate=0.0005", "--hidden_size=256", "--temp_update=0.99", "--temperature=2"]
Creating train_ds and val_ds...

Creating test_ds...
{"loss": 0.7041090726852417, "acc": 0.5344687700271606, "length": 3.3019654750823975, "mode": "train", "epoch": 1}
{"loss": 0.6903548240661621, "acc": 0.5473310351371765, "length": 1.0, "mode": "test", "epoch": 1}
{"loss": 0.6927412152290344, "acc": 0.5357097387313843, "length": 1.7364388704299927, "mode": "train", "epoch": 2}
{"loss": 0.6876391768455505, "acc": 0.5245552062988281, "length": 1.0, "mode": "test", "epoch": 2}
{"loss": 0.6845852136611938, "acc": 0.5333017110824585, "length": 1.3921579122543335, "mode": "train", "epoch": 3}
{"loss": 0.6768183708190918, "acc": 0.570116400718689, "length": 1.0854092836380005, "mode": "test", "epoch": 3}
{"loss": 0.6432065963745117, "acc": 0.632975161075592, "length": 2.1816086769104004, "mode": "train", "epoch": 4}
{"loss": 0.608070969581604, "acc": 0.7210848331451416, "length": 2.323843479156494, "mode": "test", "epoch": 4}
{"loss": 0.5772112607955933, "acc": 0.7177448272705078, "length": 2.4961183071136475, "mode": "train", "epoch": 5}
{"loss": 0.5519317388534546, "acc": 0.757382869720459, "length": 2.494661808013916, "mode": "test", "epoch": 5}
{"loss": 0.5365618467330933, "acc": 0.7649635076522827, "length": 2.5111966133117676, "mode": "train", "epoch": 6}
{"loss": 0.5159744620323181, "acc": 0.7850968241691589, "length": 2.6868326663970947, "mode": "test", "epoch": 6}
{"loss": 0.47505688667297363, "acc": 0.7930670380592346, "length": 2.5512125492095947, "mode": "train", "epoch": 7}
{"loss": 0.4967013895511627, "acc": 0.7857540249824524, "length": 2.6120996475219727, "mode": "test", "epoch": 7}
{"loss": 0.4464555084705353, "acc": 0.7937637567520142, "length": 2.5126359462738037, "mode": "train", "epoch": 8}
{"loss": 0.4703133702278137, "acc": 0.7843794822692871, "length": 2.5373666286468506, "mode": "test", "epoch": 8}
{"loss": 0.4296923577785492, "acc": 0.7980806231498718, "length": 2.421196699142456, "mode": "train", "epoch": 9}
{"loss": 0.46760866045951843, "acc": 0.7757113575935364, "length": 2.4377224445343018, "mode": "test", "epoch": 9}
{"loss": 0.43189549446105957, "acc": 0.7966291308403015, "length": 2.4433419704437256, "mode": "train", "epoch": 10}
{"loss": 0.46504974365234375, "acc": 0.7898935079574585, "length": 2.5622775554656982, "mode": "test", "epoch": 10}
{"loss": 0.42419540882110596, "acc": 0.796873927116394, "length": 2.4410762786865234, "mode": "train", "epoch": 11}
{"loss": 0.4488847851753235, "acc": 0.7964893579483032, "length": 2.487544536590576, "mode": "test", "epoch": 11}
{"loss": 0.41381293535232544, "acc": 0.8011043667793274, "length": 2.4472155570983887, "mode": "train", "epoch": 12}
{"loss": 0.45073047280311584, "acc": 0.7914122939109802, "length": 2.508896827697754, "mode": "test", "epoch": 12}
{"loss": 0.4242599308490753, "acc": 0.8037405610084534, "length": 2.425240993499756, "mode": "train", "epoch": 13}
{"loss": 0.4481657147407532, "acc": 0.787100076675415, "length": 2.4590747356414795, "mode": "test", "epoch": 13}
{"loss": 0.41183942556381226, "acc": 0.8019831776618958, "length": 2.4914867877960205, "mode": "train", "epoch": 14}
{"loss": 0.448597252368927, "acc": 0.7979190349578857, "length": 2.5516014099121094, "mode": "test", "epoch": 14}
{"loss": 0.41234296560287476, "acc": 0.8045502305030823, "length": 2.468126058578491, "mode": "train", "epoch": 15}
{"loss": 0.44125786423683167, "acc": 0.7959752678871155, "length": 2.590747356414795, "mode": "test", "epoch": 15}
{"loss": 0.3984364867210388, "acc": 0.8042691946029663, "length": 2.5106074810028076, "mode": "train", "epoch": 16}
{"loss": 0.4534336030483246, "acc": 0.7999451756477356, "length": 2.6085410118103027, "mode": "test", "epoch": 16}
{"loss": 0.4063056707382202, "acc": 0.8075323104858398, "length": 2.506476879119873, "mode": "train", "epoch": 17}
{"loss": 0.43974804878234863, "acc": 0.8064549565315247, "length": 2.5266904830932617, "mode": "test", "epoch": 17}
{"loss": 0.39099469780921936, "acc": 0.8105725049972534, "length": 2.5114519596099854, "mode": "train", "epoch": 18}
{"loss": 0.4521268904209137, "acc": 0.7898992896080017, "length": 2.6441280841827393, "mode": "test", "epoch": 18}
{"loss": 0.3701140284538269, "acc": 0.8215952515602112, "length": 2.647615671157837, "mode": "train", "epoch": 19}
{"loss": 0.42935124039649963, "acc": 0.8025996088981628, "length": 2.982206344604492, "mode": "test", "epoch": 19}
{"loss": 0.37941309809684753, "acc": 0.832329511642456, "length": 2.7655351161956787, "mode": "train", "epoch": 20}
{"loss": 0.41083917021751404, "acc": 0.8169101476669312, "length": 2.9750890731811523, "mode": "test", "epoch": 20}
{"loss": 0.3574935793876648, "acc": 0.8400156497955322, "length": 2.9134066104888916, "mode": "train", "epoch": 21}
{"loss": 0.4145056903362274, "acc": 0.8209478259086609, "length": 2.99644136428833, "mode": "test", "epoch": 21}
{"loss": 0.3430556058883667, "acc": 0.8491274118423462, "length": 2.956482172012329, "mode": "train", "epoch": 22}
{"loss": 0.41416093707084656, "acc": 0.8190816044807434, "length": 2.9466192722320557, "mode": "test", "epoch": 22}
{"loss": 0.33915239572525024, "acc": 0.8514329195022583, "length": 2.9269111156463623, "mode": "train", "epoch": 23}
{"loss": 0.4065572917461395, "acc": 0.8281469345092773, "length": 2.9039146900177, "mode": "test", "epoch": 23}
{"loss": 0.3317652940750122, "acc": 0.8585346341133118, "length": 2.9327569007873535, "mode": "train", "epoch": 24}
{"loss": 0.41028186678886414, "acc": 0.8345015645027161, "length": 2.836298942565918, "mode": "test", "epoch": 24}
{"loss": 0.33073660731315613, "acc": 0.8606685996055603, "length": 2.8740601539611816, "mode": "train", "epoch": 25}
{"loss": 0.4051847457885742, "acc": 0.8351837396621704, "length": 2.8505337238311768, "mode": "test", "epoch": 25}
{"loss": 0.31087493896484375, "acc": 0.865467369556427, "length": 2.9843909740448, "mode": "train", "epoch": 26}
{"loss": 0.3973683714866638, "acc": 0.8403178453445435, "length": 2.8576512336730957, "mode": "test", "epoch": 26}
{"loss": 0.3038179278373718, "acc": 0.8736801147460938, "length": 3.030050277709961, "mode": "train", "epoch": 27}
{"loss": 0.37756606936454773, "acc": 0.8474339842796326, "length": 2.914590835571289, "mode": "test", "epoch": 27}
{"loss": 0.2796109914779663, "acc": 0.8814788460731506, "length": 3.0770559310913086, "mode": "train", "epoch": 28}
{"loss": 0.3695041239261627, "acc": 0.8591098189353943, "length": 3.2028470039367676, "mode": "test", "epoch": 28}
{"loss": 0.2621821165084839, "acc": 0.8896714448928833, "length": 3.111036539077759, "mode": "train", "epoch": 29}
{"loss": 0.35321134328842163, "acc": 0.8616079688072205, "length": 3.153024911880493, "mode": "test", "epoch": 29}
{"loss": 0.2664402425289154, "acc": 0.890468418598175, "length": 3.1276683807373047, "mode": "train", "epoch": 30}
{"loss": 0.33509400486946106, "acc": 0.8599308133125305, "length": 3.09252667427063, "mode": "test", "epoch": 30}
{"loss": 0.25452882051467896, "acc": 0.8929775953292847, "length": 3.1568634510040283, "mode": "train", "epoch": 31}
{"loss": 0.3325219750404358, "acc": 0.8601317405700684, "length": 3.1138789653778076, "mode": "test", "epoch": 31}
{"loss": 0.25127410888671875, "acc": 0.8985756039619446, "length": 3.158623695373535, "mode": "train", "epoch": 32}
{"loss": 0.3489801585674286, "acc": 0.8695903420448303, "length": 3.1174378395080566, "mode": "test", "epoch": 32}
{"loss": 0.24623604118824005, "acc": 0.8948398232460022, "length": 3.1324524879455566, "mode": "train", "epoch": 33}
{"loss": 0.3088357746601105, "acc": 0.8803204894065857, "length": 3.0462634563446045, "mode": "test", "epoch": 33}
{"loss": 0.23126305639743805, "acc": 0.9045119285583496, "length": 3.1108829975128174, "mode": "train", "epoch": 34}
{"loss": 0.3088299334049225, "acc": 0.8853985667228699, "length": 3.170818567276001, "mode": "test", "epoch": 34}
{"loss": 0.22492659091949463, "acc": 0.9094170331954956, "length": 3.196718454360962, "mode": "train", "epoch": 35}
{"loss": 0.29168346524238586, "acc": 0.8943925499916077, "length": 3.2099645137786865, "mode": "test", "epoch": 35}
{"loss": 0.22523193061351776, "acc": 0.9127478003501892, "length": 3.2309138774871826, "mode": "train", "epoch": 36}
{"loss": 0.30289050936698914, "acc": 0.8914457559585571, "length": 3.245551586151123, "mode": "test", "epoch": 36}
{"loss": 0.22013027966022491, "acc": 0.9146016240119934, "length": 3.2635459899902344, "mode": "train", "epoch": 37}
{"loss": 0.28860464692115784, "acc": 0.8937832713127136, "length": 3.1992883682250977, "mode": "test", "epoch": 37}
{"loss": 0.20598454773426056, "acc": 0.914609968662262, "length": 3.217747211456299, "mode": "train", "epoch": 38}
{"loss": 0.28938600420951843, "acc": 0.891133725643158, "length": 3.249110221862793, "mode": "test", "epoch": 38}
{"loss": 0.2011534571647644, "acc": 0.9187434911727905, "length": 3.2854323387145996, "mode": "train", "epoch": 39}
{"loss": 0.29158344864845276, "acc": 0.8972039818763733, "length": 3.27046275138855, "mode": "test", "epoch": 39}
{"loss": 0.19399438798427582, "acc": 0.9233916401863098, "length": 3.3046844005584717, "mode": "train", "epoch": 40}
{"loss": 0.270800918340683, "acc": 0.901587724685669, "length": 3.245551586151123, "mode": "test", "epoch": 40}
{"loss": 0.18056151270866394, "acc": 0.9328444600105286, "length": 3.3278746604919434, "mode": "train", "epoch": 41}
{"loss": 0.24238339066505432, "acc": 0.907472550868988, "length": 3.1352312564849854, "mode": "test", "epoch": 41}
{"loss": 0.1754113733768463, "acc": 0.9304129481315613, "length": 3.300917387008667, "mode": "train", "epoch": 42}
{"loss": 0.25581035017967224, "acc": 0.9083704352378845, "length": 3.3594305515289307, "mode": "test", "epoch": 42}
{"loss": 0.17265163362026215, "acc": 0.9369859099388123, "length": 3.3970730304718018, "mode": "train", "epoch": 43}
{"loss": 0.25108015537261963, "acc": 0.9106450080871582, "length": 3.412811279296875, "mode": "test", "epoch": 43}
{"loss": 0.15073487162590027, "acc": 0.9423685073852539, "length": 3.430755138397217, "mode": "train", "epoch": 44}
{"loss": 0.2061033546924591, "acc": 0.925178587436676, "length": 3.338078260421753, "mode": "test", "epoch": 44}
{"loss": 0.13609622418880463, "acc": 0.9451004266738892, "length": 3.4489636421203613, "mode": "train", "epoch": 45}
{"loss": 0.22190873324871063, "acc": 0.924583911895752, "length": 3.4590747356414795, "mode": "test", "epoch": 45}
{"loss": 0.1443769335746765, "acc": 0.9452522397041321, "length": 3.5015451908111572, "mode": "train", "epoch": 46}
{"loss": 0.20118823647499084, "acc": 0.9321309924125671, "length": 3.427046298980713, "mode": "test", "epoch": 46}
{"loss": 0.14574941992759705, "acc": 0.9455233216285706, "length": 3.5274384021759033, "mode": "train", "epoch": 47}
{"loss": 0.20649932324886322, "acc": 0.9319313764572144, "length": 3.5266904830932617, "mode": "test", "epoch": 47}
{"loss": 0.1406257003545761, "acc": 0.9483696222305298, "length": 3.5301120281219482, "mode": "train", "epoch": 48}
{"loss": 0.23080480098724365, "acc": 0.9223155975341797, "length": 3.505338191986084, "mode": "test", "epoch": 48}
{"loss": 0.12158805876970291, "acc": 0.9524458050727844, "length": 3.5994651317596436, "mode": "train", "epoch": 49}
{"loss": 0.18332549929618835, "acc": 0.9401142001152039, "length": 3.6405694484710693, "mode": "test", "epoch": 49}
{"loss": 0.11410661041736603, "acc": 0.957805871963501, "length": 3.639946937561035, "mode": "train", "epoch": 50}
{"loss": 0.1849033087491989, "acc": 0.9372375011444092, "length": 3.661921739578247, "mode": "test", "epoch": 50}
{"loss": 0.11921796202659607, "acc": 0.9566300511360168, "length": 3.6740362644195557, "mode": "train", "epoch": 51}
{"loss": 0.18115466833114624, "acc": 0.9424363374710083, "length": 3.7224199771881104, "mode": "test", "epoch": 51}
{"loss": 0.10236351191997528, "acc": 0.9616166949272156, "length": 3.738241672515869, "mode": "train", "epoch": 52}
{"loss": 0.21487446129322052, "acc": 0.9375755786895752, "length": 3.7081849575042725, "mode": "test", "epoch": 52}
{"loss": 0.10365321487188339, "acc": 0.9618820548057556, "length": 3.6822566986083984, "mode": "train", "epoch": 53}
{"loss": 0.2060496062040329, "acc": 0.9358437061309814, "length": 3.733096122741699, "mode": "test", "epoch": 53}
{"loss": 0.10098359733819962, "acc": 0.9573774337768555, "length": 3.722627639770508, "mode": "train", "epoch": 54}
{"loss": 0.17709018290042877, "acc": 0.9400490522384644, "length": 3.758007049560547, "mode": "test", "epoch": 54}
{"loss": 0.08878392726182938, "acc": 0.964971125125885, "length": 3.7041451930999756, "mode": "train", "epoch": 55}
{"loss": 0.15466924011707306, "acc": 0.9483984708786011, "length": 3.654804229736328, "mode": "test", "epoch": 55}
{"loss": 0.08064447343349457, "acc": 0.9675869345664978, "length": 3.7136056423187256, "mode": "train", "epoch": 56}
{"loss": 0.16504931449890137, "acc": 0.9453949332237244, "length": 3.7971529960632324, "mode": "test", "epoch": 56}
{"loss": 0.07778951525688171, "acc": 0.9712461829185486, "length": 3.7588536739349365, "mode": "train", "epoch": 57}
{"loss": 0.12490010261535645, "acc": 0.9610141515731812, "length": 3.7224199771881104, "mode": "test", "epoch": 57}
{"loss": 0.08632059395313263, "acc": 0.9710596799850464, "length": 3.7461130619049072, "mode": "train", "epoch": 58}
{"loss": 0.15508762001991272, "acc": 0.9495066404342651, "length": 3.7935943603515625, "mode": "test", "epoch": 58}
{"loss": 0.08911221474409103, "acc": 0.9651643633842468, "length": 3.8295979499816895, "mode": "train", "epoch": 59}
{"loss": 0.15543681383132935, "acc": 0.9424652457237244, "length": 3.7793593406677246, "mode": "test", "epoch": 59}
{"loss": 0.07199905812740326, "acc": 0.9720883965492249, "length": 3.7629854679107666, "mode": "train", "epoch": 60}
{"loss": 0.13847611844539642, "acc": 0.9558234810829163, "length": 3.7010676860809326, "mode": "test", "epoch": 60}
test accuracy: 0.7878345251083374
