# ["--attributes=3", "--values=4", "--game_size=10", "--vocab_size_factor=3", "--n_epochs=60", "--batch_size=64", "--learning_rate=0.001", "--hidden_size=128", "--temp_update=0.97", "--temperature=1"]
Creating train_ds and val_ds...

Creating test_ds...
{"loss": 0.6976932287216187, "acc": 0.507093071937561, "length": 3.472689151763916, "mode": "train", "epoch": 1}
{"loss": 0.6943485140800476, "acc": 0.5107508301734924, "length": 1.0, "mode": "test", "epoch": 1}
{"loss": 0.6896039247512817, "acc": 0.5447779297828674, "length": 2.6481130123138428, "mode": "train", "epoch": 2}
{"loss": 0.6677459478378296, "acc": 0.585637629032135, "length": 1.9419795274734497, "mode": "test", "epoch": 2}
{"loss": 0.6343633532524109, "acc": 0.7111756801605225, "length": 3.2401034832000732, "mode": "train", "epoch": 3}
{"loss": 0.5469302535057068, "acc": 0.8071575164794922, "length": 3.8566553592681885, "mode": "test", "epoch": 3}
{"loss": 0.48130181431770325, "acc": 0.8115811944007874, "length": 3.848862648010254, "mode": "train", "epoch": 4}
{"loss": 0.46641823649406433, "acc": 0.8078498840332031, "length": 4.0, "mode": "test", "epoch": 4}
{"loss": 0.42147377133369446, "acc": 0.8210713863372803, "length": 3.9623990058898926, "mode": "train", "epoch": 5}
{"loss": 0.44156351685523987, "acc": 0.8230376243591309, "length": 4.0, "mode": "test", "epoch": 5}
{"loss": 0.39206206798553467, "acc": 0.8341553807258606, "length": 3.9708995819091797, "mode": "train", "epoch": 6}
{"loss": 0.4182968735694885, "acc": 0.8245734572410583, "length": 4.0, "mode": "test", "epoch": 6}
{"loss": 0.36076751351356506, "acc": 0.846531331539154, "length": 3.983441114425659, "mode": "train", "epoch": 7}
{"loss": 0.4121766984462738, "acc": 0.8390785455703735, "length": 4.0, "mode": "test", "epoch": 7}
{"loss": 0.34148576855659485, "acc": 0.8631594777107239, "length": 3.990537166595459, "mode": "train", "epoch": 8}
{"loss": 0.41569623351097107, "acc": 0.8397610783576965, "length": 4.0, "mode": "test", "epoch": 8}
{"loss": 0.32546740770339966, "acc": 0.8713072538375854, "length": 3.990156888961792, "mode": "train", "epoch": 9}
{"loss": 0.41180333495140076, "acc": 0.8329352140426636, "length": 4.0, "mode": "test", "epoch": 9}
{"loss": 0.3180626630783081, "acc": 0.8776830434799194, "length": 3.992292642593384, "mode": "train", "epoch": 10}
{"loss": 0.40470048785209656, "acc": 0.8477815389633179, "length": 4.0, "mode": "test", "epoch": 10}
{"loss": 0.30517280101776123, "acc": 0.8760240077972412, "length": 3.997056007385254, "mode": "train", "epoch": 11}
{"loss": 0.37920689582824707, "acc": 0.8549488186836243, "length": 4.0, "mode": "test", "epoch": 11}
{"loss": 0.2981488108634949, "acc": 0.8816977143287659, "length": 3.995877265930176, "mode": "train", "epoch": 12}
{"loss": 0.37998875975608826, "acc": 0.849829375743866, "length": 4.0, "mode": "test", "epoch": 12}
{"loss": 0.30302760004997253, "acc": 0.880065381526947, "length": 3.99338436126709, "mode": "train", "epoch": 13}
{"loss": 0.3503471910953522, "acc": 0.8600683808326721, "length": 4.0, "mode": "test", "epoch": 13}
{"loss": 0.2902790307998657, "acc": 0.8815466165542603, "length": 3.9957520961761475, "mode": "train", "epoch": 14}
{"loss": 0.3276684582233429, "acc": 0.8626280426979065, "length": 4.0, "mode": "test", "epoch": 14}
{"loss": 0.26700466871261597, "acc": 0.8906769752502441, "length": 3.994513750076294, "mode": "train", "epoch": 15}
{"loss": 0.31059080362319946, "acc": 0.8766210675239563, "length": 4.0, "mode": "test", "epoch": 15}
{"loss": 0.25237753987312317, "acc": 0.9015154242515564, "length": 3.9948043823242188, "mode": "train", "epoch": 16}
{"loss": 0.3011300563812256, "acc": 0.8926622867584229, "length": 4.0, "mode": "test", "epoch": 16}
{"loss": 0.24072200059890747, "acc": 0.9105952978134155, "length": 3.996795177459717, "mode": "train", "epoch": 17}
{"loss": 0.2893367409706116, "acc": 0.8957338333129883, "length": 4.0, "mode": "test", "epoch": 17}
{"loss": 0.23542268574237823, "acc": 0.9103453159332275, "length": 3.9965150356292725, "mode": "train", "epoch": 18}
{"loss": 0.27941998839378357, "acc": 0.8986348509788513, "length": 4.0, "mode": "test", "epoch": 18}
{"loss": 0.22388975322246552, "acc": 0.9179714918136597, "length": 3.9983057975769043, "mode": "train", "epoch": 19}
{"loss": 0.27266767621040344, "acc": 0.8967576622962952, "length": 4.0, "mode": "test", "epoch": 19}
{"loss": 0.21454234421253204, "acc": 0.9182333946228027, "length": 3.9997198581695557, "mode": "train", "epoch": 20}
{"loss": 0.27070969343185425, "acc": 0.901365339756012, "length": 4.0, "mode": "test", "epoch": 20}
{"loss": 0.21920359134674072, "acc": 0.9151058793067932, "length": 3.999133348464966, "mode": "train", "epoch": 21}
{"loss": 0.2750004827976227, "acc": 0.8970990180969238, "length": 4.0, "mode": "test", "epoch": 21}
{"loss": 0.2110206037759781, "acc": 0.9186550974845886, "length": 3.9971964359283447, "mode": "train", "epoch": 22}
{"loss": 0.26443979144096375, "acc": 0.9046075940132141, "length": 4.0, "mode": "test", "epoch": 22}
{"loss": 0.19699367880821228, "acc": 0.9253507256507874, "length": 3.9991376399993896, "mode": "train", "epoch": 23}
{"loss": 0.24110916256904602, "acc": 0.9110921025276184, "length": 4.0, "mode": "test", "epoch": 23}
{"loss": 0.19289971888065338, "acc": 0.9306711554527283, "length": 3.999940872192383, "mode": "train", "epoch": 24}
{"loss": 0.2421925812959671, "acc": 0.9087029695510864, "length": 4.0, "mode": "test", "epoch": 24}
{"loss": 0.19218923151493073, "acc": 0.9302720427513123, "length": 3.9999101161956787, "mode": "train", "epoch": 25}
{"loss": 0.2439529448747635, "acc": 0.910750687122345, "length": 4.0, "mode": "test", "epoch": 25}
{"loss": 0.17964376509189606, "acc": 0.9331731796264648, "length": 3.998905658721924, "mode": "train", "epoch": 26}
{"loss": 0.2449684888124466, "acc": 0.9117746949195862, "length": 4.0, "mode": "test", "epoch": 26}
{"loss": 0.18849453330039978, "acc": 0.9335032105445862, "length": 3.9988925457000732, "mode": "train", "epoch": 27}
{"loss": 0.2625252902507782, "acc": 0.9054607152938843, "length": 4.0, "mode": "test", "epoch": 27}
{"loss": 0.1856280267238617, "acc": 0.932028591632843, "length": 3.998772382736206, "mode": "train", "epoch": 28}
{"loss": 0.24043670296669006, "acc": 0.9186006784439087, "length": 4.0, "mode": "test", "epoch": 28}
{"loss": 0.17074237763881683, "acc": 0.9388613700866699, "length": 3.9990503787994385, "mode": "train", "epoch": 29}
{"loss": 0.2245038002729416, "acc": 0.9244027733802795, "length": 4.0, "mode": "test", "epoch": 29}
{"loss": 0.16654019057750702, "acc": 0.9393839240074158, "length": 3.999537944793701, "mode": "train", "epoch": 30}
{"loss": 0.22746427357196808, "acc": 0.91825932264328, "length": 4.0, "mode": "test", "epoch": 30}
{"loss": 0.1625356674194336, "acc": 0.9427867531776428, "length": 3.9982364177703857, "mode": "train", "epoch": 31}
{"loss": 0.2270321100950241, "acc": 0.9257678389549255, "length": 4.0, "mode": "test", "epoch": 31}
{"loss": 0.15350860357284546, "acc": 0.9476037621498108, "length": 3.999934196472168, "mode": "train", "epoch": 32}
{"loss": 0.2215026468038559, "acc": 0.9262798428535461, "length": 4.0, "mode": "test", "epoch": 32}
{"loss": 0.15757958590984344, "acc": 0.94331294298172, "length": 3.9992778301239014, "mode": "train", "epoch": 33}
{"loss": 0.21840257942676544, "acc": 0.9334471225738525, "length": 4.0, "mode": "test", "epoch": 33}
{"loss": 0.16092360019683838, "acc": 0.9452672600746155, "length": 3.9999752044677734, "mode": "train", "epoch": 34}
{"loss": 0.21861134469509125, "acc": 0.925426721572876, "length": 4.0, "mode": "test", "epoch": 34}
{"loss": 0.15133075416088104, "acc": 0.9473094940185547, "length": 3.999011993408203, "mode": "train", "epoch": 35}
{"loss": 0.22812071442604065, "acc": 0.9237202405929565, "length": 4.0, "mode": "test", "epoch": 35}
{"loss": 0.15601105988025665, "acc": 0.9450380802154541, "length": 3.9999654293060303, "mode": "train", "epoch": 36}
{"loss": 0.20785406231880188, "acc": 0.9325938820838928, "length": 4.0, "mode": "test", "epoch": 36}
{"loss": 0.15354888141155243, "acc": 0.9458922147750854, "length": 3.999891519546509, "mode": "train", "epoch": 37}
{"loss": 0.2147202491760254, "acc": 0.9366894364356995, "length": 4.0, "mode": "test", "epoch": 37}
{"loss": 0.1412612497806549, "acc": 0.9508978128433228, "length": 3.9994657039642334, "mode": "train", "epoch": 38}
{"loss": 0.1937682181596756, "acc": 0.9363482594490051, "length": 4.0, "mode": "test", "epoch": 38}
{"loss": 0.14072208106517792, "acc": 0.9523817896842957, "length": 3.9991679191589355, "mode": "train", "epoch": 39}
{"loss": 0.19089920818805695, "acc": 0.9372012615203857, "length": 4.0, "mode": "test", "epoch": 39}
{"loss": 0.13544227182865143, "acc": 0.9512757062911987, "length": 3.998525857925415, "mode": "train", "epoch": 40}
{"loss": 0.1981552094221115, "acc": 0.9383958578109741, "length": 4.0, "mode": "test", "epoch": 40}
{"loss": 0.13948336243629456, "acc": 0.9491985440254211, "length": 3.9998161792755127, "mode": "train", "epoch": 41}
{"loss": 0.19295050203800201, "acc": 0.9383958578109741, "length": 4.0, "mode": "test", "epoch": 41}
{"loss": 0.13256242871284485, "acc": 0.9536484479904175, "length": 3.999983787536621, "mode": "train", "epoch": 42}
{"loss": 0.19889257848262787, "acc": 0.9385665655136108, "length": 4.0, "mode": "test", "epoch": 42}
{"loss": 0.13324977457523346, "acc": 0.9543137550354004, "length": 3.9996070861816406, "mode": "train", "epoch": 43}
{"loss": 0.20557203888893127, "acc": 0.9375426173210144, "length": 4.0, "mode": "test", "epoch": 43}
{"loss": 0.12841008603572845, "acc": 0.9563263058662415, "length": 3.999917507171631, "mode": "train", "epoch": 44}
{"loss": 0.19997180998325348, "acc": 0.938054621219635, "length": 4.0, "mode": "test", "epoch": 44}
{"loss": 0.12820813059806824, "acc": 0.9548999667167664, "length": 3.9998395442962646, "mode": "train", "epoch": 45}
{"loss": 0.20207098126411438, "acc": 0.9375426769256592, "length": 4.0, "mode": "test", "epoch": 45}
{"loss": 0.12899115681648254, "acc": 0.9535862803459167, "length": 3.999574899673462, "mode": "train", "epoch": 46}
{"loss": 0.18064351379871368, "acc": 0.9401024580001831, "length": 4.0, "mode": "test", "epoch": 46}
{"loss": 0.1244819238781929, "acc": 0.9543260931968689, "length": 3.9997618198394775, "mode": "train", "epoch": 47}
{"loss": 0.2104562520980835, "acc": 0.9383958578109741, "length": 4.0, "mode": "test", "epoch": 47}
{"loss": 0.12841419875621796, "acc": 0.9535178542137146, "length": 3.998640775680542, "mode": "train", "epoch": 48}
{"loss": 0.2052634060382843, "acc": 0.935836136341095, "length": 4.0, "mode": "test", "epoch": 48}
{"loss": 0.12312950938940048, "acc": 0.9552972316741943, "length": 3.9998295307159424, "mode": "train", "epoch": 49}
{"loss": 0.1788518875837326, "acc": 0.9433447122573853, "length": 4.0, "mode": "test", "epoch": 49}
{"loss": 0.11830323934555054, "acc": 0.9552600383758545, "length": 3.99859619140625, "mode": "train", "epoch": 50}
{"loss": 0.1908605396747589, "acc": 0.9382252097129822, "length": 4.0, "mode": "test", "epoch": 50}
{"loss": 0.11774656921625137, "acc": 0.9576951861381531, "length": 3.9999454021453857, "mode": "train", "epoch": 51}
{"loss": 0.2261839210987091, "acc": 0.9358361959457397, "length": 4.0, "mode": "test", "epoch": 51}
{"loss": 0.12379267066717148, "acc": 0.9556906819343567, "length": 3.999619245529175, "mode": "train", "epoch": 52}
{"loss": 0.18168993294239044, "acc": 0.9450511932373047, "length": 4.0, "mode": "test", "epoch": 52}
{"loss": 0.11905428022146225, "acc": 0.9556987285614014, "length": 3.999885320663452, "mode": "train", "epoch": 53}
{"loss": 0.21157574653625488, "acc": 0.9397609829902649, "length": 4.0, "mode": "test", "epoch": 53}
{"loss": 0.12131764739751816, "acc": 0.9559162855148315, "length": 3.999441623687744, "mode": "train", "epoch": 54}
{"loss": 0.20353451371192932, "acc": 0.9346416592597961, "length": 4.0, "mode": "test", "epoch": 54}
{"loss": 0.12715059518814087, "acc": 0.9531332850456238, "length": 3.9999008178710938, "mode": "train", "epoch": 55}
{"loss": 0.18126235902309418, "acc": 0.94334477186203, "length": 4.0, "mode": "test", "epoch": 55}
{"loss": 0.11474379152059555, "acc": 0.9580942392349243, "length": 3.999925374984741, "mode": "train", "epoch": 56}
{"loss": 0.19688208401203156, "acc": 0.9436861276626587, "length": 4.0, "mode": "test", "epoch": 56}
{"loss": 0.11214639246463776, "acc": 0.9598299860954285, "length": 3.9991257190704346, "mode": "train", "epoch": 57}
{"loss": 0.20174124836921692, "acc": 0.9462456107139587, "length": 4.0, "mode": "test", "epoch": 57}
{"loss": 0.1073143258690834, "acc": 0.9635117053985596, "length": 3.9999916553497314, "mode": "train", "epoch": 58}
{"loss": 0.18510209023952484, "acc": 0.9459044337272644, "length": 4.0, "mode": "test", "epoch": 58}
{"loss": 0.10276885330677032, "acc": 0.961850643157959, "length": 3.9996747970581055, "mode": "train", "epoch": 59}
{"loss": 0.17994184792041779, "acc": 0.9467576742172241, "length": 4.0, "mode": "test", "epoch": 59}
{"loss": 0.1039767786860466, "acc": 0.9596349000930786, "length": 3.9999911785125732, "mode": "train", "epoch": 60}
{"loss": 0.1923384815454483, "acc": 0.9418089389801025, "length": 4.0, "mode": "test", "epoch": 60}
test accuracy: 0.7824075222015381
