# ["--attributes=3", "--values=4", "--game_size=10", "--vocab_size_factor=3", "--n_epochs=60", "--batch_size=64", "--learning_rate=0.001", "--hidden_size=128", "--temp_update=0.97", "--temperature=1.5"]
Creating train_ds and val_ds...

Creating test_ds...
{"loss": 0.6945374608039856, "acc": 0.523738443851471, "length": 3.5119824409484863, "mode": "train", "epoch": 1}
{"loss": 0.6877760887145996, "acc": 0.5551615953445435, "length": 1.1503496170043945, "mode": "test", "epoch": 1}
{"loss": 0.6838961839675903, "acc": 0.5474085211753845, "length": 3.0980629920959473, "mode": "train", "epoch": 2}
{"loss": 0.6437067985534668, "acc": 0.6779828667640686, "length": 3.0559439659118652, "mode": "test", "epoch": 2}
{"loss": 0.6197073459625244, "acc": 0.688372790813446, "length": 3.4729256629943848, "mode": "train", "epoch": 3}
{"loss": 0.5254195332527161, "acc": 0.7608391642570496, "length": 4.0, "mode": "test", "epoch": 3}
{"loss": 0.48322561383247375, "acc": 0.79110187292099, "length": 3.8974523544311523, "mode": "train", "epoch": 4}
{"loss": 0.4402950406074524, "acc": 0.8111889362335205, "length": 4.0, "mode": "test", "epoch": 4}
{"loss": 0.40573400259017944, "acc": 0.8231196403503418, "length": 3.9678266048431396, "mode": "train", "epoch": 5}
{"loss": 0.42210397124290466, "acc": 0.8092657327651978, "length": 4.0, "mode": "test", "epoch": 5}
{"loss": 0.3743448853492737, "acc": 0.8321855664253235, "length": 3.9829773902893066, "mode": "train", "epoch": 6}
{"loss": 0.40737929940223694, "acc": 0.8284965753555298, "length": 4.0, "mode": "test", "epoch": 6}
{"loss": 0.36353108286857605, "acc": 0.8443018198013306, "length": 3.990778684616089, "mode": "train", "epoch": 7}
{"loss": 0.4037749469280243, "acc": 0.8339162468910217, "length": 4.0, "mode": "test", "epoch": 7}
{"loss": 0.3474781811237335, "acc": 0.8489046692848206, "length": 3.992006540298462, "mode": "train", "epoch": 8}
{"loss": 0.3927313983440399, "acc": 0.838111937046051, "length": 4.0, "mode": "test", "epoch": 8}
{"loss": 0.341085821390152, "acc": 0.8544877767562866, "length": 3.992645025253296, "mode": "train", "epoch": 9}
{"loss": 0.38010644912719727, "acc": 0.8520979285240173, "length": 4.0, "mode": "test", "epoch": 9}
{"loss": 0.33490845561027527, "acc": 0.8595699667930603, "length": 3.9951210021972656, "mode": "train", "epoch": 10}
{"loss": 0.37425950169563293, "acc": 0.8491259217262268, "length": 4.0, "mode": "test", "epoch": 10}
{"loss": 0.3369975984096527, "acc": 0.8614976406097412, "length": 3.995915174484253, "mode": "train", "epoch": 11}
{"loss": 0.3603370487689972, "acc": 0.8610140085220337, "length": 4.0, "mode": "test", "epoch": 11}
{"loss": 0.32782793045043945, "acc": 0.8630371689796448, "length": 3.9963409900665283, "mode": "train", "epoch": 12}
{"loss": 0.3528366982936859, "acc": 0.8440558910369873, "length": 4.0, "mode": "test", "epoch": 12}
{"loss": 0.3225257992744446, "acc": 0.8612529635429382, "length": 3.9978175163269043, "mode": "train", "epoch": 13}
{"loss": 0.3463306128978729, "acc": 0.8688811659812927, "length": 4.0, "mode": "test", "epoch": 13}
{"loss": 0.3195631206035614, "acc": 0.8678789734840393, "length": 3.998525619506836, "mode": "train", "epoch": 14}
{"loss": 0.35087284445762634, "acc": 0.8694056272506714, "length": 4.0, "mode": "test", "epoch": 14}
{"loss": 0.31085506081581116, "acc": 0.866366446018219, "length": 3.9986486434936523, "mode": "train", "epoch": 15}
{"loss": 0.3587978780269623, "acc": 0.8666083812713623, "length": 4.0, "mode": "test", "epoch": 15}
{"loss": 0.3089927136898041, "acc": 0.8716488480567932, "length": 3.999191999435425, "mode": "train", "epoch": 16}
{"loss": 0.3337849974632263, "acc": 0.8812938928604126, "length": 4.0, "mode": "test", "epoch": 16}
{"loss": 0.3014783263206482, "acc": 0.8715871572494507, "length": 3.999099016189575, "mode": "train", "epoch": 17}
{"loss": 0.3359297215938568, "acc": 0.8816432952880859, "length": 4.0, "mode": "test", "epoch": 17}
{"loss": 0.2954632341861725, "acc": 0.8755131363868713, "length": 3.998652935028076, "mode": "train", "epoch": 18}
{"loss": 0.3179553747177124, "acc": 0.8800699710845947, "length": 4.0, "mode": "test", "epoch": 18}
{"loss": 0.2937680184841156, "acc": 0.8794910311698914, "length": 3.999321699142456, "mode": "train", "epoch": 19}
{"loss": 0.3029291331768036, "acc": 0.8909090757369995, "length": 4.0, "mode": "test", "epoch": 19}
{"loss": 0.2844734191894531, "acc": 0.8872308731079102, "length": 3.999703884124756, "mode": "train", "epoch": 20}
{"loss": 0.3101135194301605, "acc": 0.891258716583252, "length": 4.0, "mode": "test", "epoch": 20}
{"loss": 0.2766043543815613, "acc": 0.8817743062973022, "length": 3.9988152980804443, "mode": "train", "epoch": 21}
{"loss": 0.3037125766277313, "acc": 0.8900349140167236, "length": 4.0, "mode": "test", "epoch": 21}
{"loss": 0.2807314693927765, "acc": 0.881667971611023, "length": 3.999804735183716, "mode": "train", "epoch": 22}
{"loss": 0.305581271648407, "acc": 0.8926573395729065, "length": 4.0, "mode": "test", "epoch": 22}
{"loss": 0.27191606163978577, "acc": 0.887818455696106, "length": 3.999793529510498, "mode": "train", "epoch": 23}
{"loss": 0.2989715039730072, "acc": 0.890209972858429, "length": 4.0, "mode": "test", "epoch": 23}
{"loss": 0.27073872089385986, "acc": 0.8884057998657227, "length": 3.99988055229187, "mode": "train", "epoch": 24}
{"loss": 0.2916411757469177, "acc": 0.8912588357925415, "length": 4.0, "mode": "test", "epoch": 24}
{"loss": 0.27154093980789185, "acc": 0.8910849690437317, "length": 3.999114751815796, "mode": "train", "epoch": 25}
{"loss": 0.29649731516838074, "acc": 0.8884616494178772, "length": 4.0, "mode": "test", "epoch": 25}
{"loss": 0.2684626281261444, "acc": 0.8906896710395813, "length": 3.999922513961792, "mode": "train", "epoch": 26}
{"loss": 0.28982946276664734, "acc": 0.8870627284049988, "length": 4.0, "mode": "test", "epoch": 26}
{"loss": 0.27572473883628845, "acc": 0.8906834721565247, "length": 3.999826669692993, "mode": "train", "epoch": 27}
{"loss": 0.28673237562179565, "acc": 0.8935314416885376, "length": 4.0, "mode": "test", "epoch": 27}
{"loss": 0.2724788784980774, "acc": 0.8925637602806091, "length": 3.9999730587005615, "mode": "train", "epoch": 28}
{"loss": 0.3050086200237274, "acc": 0.8928322792053223, "length": 4.0, "mode": "test", "epoch": 28}
{"loss": 0.266155868768692, "acc": 0.8957242369651794, "length": 3.999925374984741, "mode": "train", "epoch": 29}
{"loss": 0.28582456707954407, "acc": 0.8947553038597107, "length": 4.0, "mode": "test", "epoch": 29}
{"loss": 0.25963839888572693, "acc": 0.89601731300354, "length": 3.9999287128448486, "mode": "train", "epoch": 30}
{"loss": 0.28375187516212463, "acc": 0.8916082382202148, "length": 4.0, "mode": "test", "epoch": 30}
{"loss": 0.2583419978618622, "acc": 0.896955132484436, "length": 3.999983787536621, "mode": "train", "epoch": 31}
{"loss": 0.2715901732444763, "acc": 0.8975526094436646, "length": 4.0, "mode": "test", "epoch": 31}
{"loss": 0.2499840408563614, "acc": 0.8998218178749084, "length": 3.999830961227417, "mode": "train", "epoch": 32}
{"loss": 0.27452781796455383, "acc": 0.8914334774017334, "length": 4.0, "mode": "test", "epoch": 32}
{"loss": 0.24857079982757568, "acc": 0.8979505300521851, "length": 3.999983072280884, "mode": "train", "epoch": 33}
{"loss": 0.2715127170085907, "acc": 0.8984265923500061, "length": 4.0, "mode": "test", "epoch": 33}
{"loss": 0.2568177878856659, "acc": 0.8977163434028625, "length": 3.9999914169311523, "mode": "train", "epoch": 34}
{"loss": 0.27858954668045044, "acc": 0.9003496766090393, "length": 4.0, "mode": "test", "epoch": 34}
{"loss": 0.2507666349411011, "acc": 0.9006398916244507, "length": 3.99958872795105, "mode": "train", "epoch": 35}
{"loss": 0.27065834403038025, "acc": 0.9031468033790588, "length": 4.0, "mode": "test", "epoch": 35}
{"loss": 0.24284601211547852, "acc": 0.903102695941925, "length": 3.999988555908203, "mode": "train", "epoch": 36}
{"loss": 0.27068713307380676, "acc": 0.9040210247039795, "length": 4.0, "mode": "test", "epoch": 36}
{"loss": 0.24648122489452362, "acc": 0.9035667181015015, "length": 3.9996113777160645, "mode": "train", "epoch": 37}
{"loss": 0.2769891917705536, "acc": 0.9022728800773621, "length": 4.0, "mode": "test", "epoch": 37}
{"loss": 0.24791516363620758, "acc": 0.9093459844589233, "length": 3.999375581741333, "mode": "train", "epoch": 38}
{"loss": 0.2824496924877167, "acc": 0.9041958451271057, "length": 4.0, "mode": "test", "epoch": 38}
{"loss": 0.24578167498111725, "acc": 0.9042739868164062, "length": 3.999999523162842, "mode": "train", "epoch": 39}
{"loss": 0.26982876658439636, "acc": 0.905419647693634, "length": 4.0, "mode": "test", "epoch": 39}
{"loss": 0.24760082364082336, "acc": 0.9074941277503967, "length": 3.9999990463256836, "mode": "train", "epoch": 40}
{"loss": 0.27442675828933716, "acc": 0.9068182110786438, "length": 4.0, "mode": "test", "epoch": 40}
{"loss": 0.2391306608915329, "acc": 0.9084893465042114, "length": 3.999998092651367, "mode": "train", "epoch": 41}
{"loss": 0.2629129886627197, "acc": 0.9096154570579529, "length": 4.0, "mode": "test", "epoch": 41}
{"loss": 0.22958099842071533, "acc": 0.9099532961845398, "length": 3.9999914169311523, "mode": "train", "epoch": 42}
{"loss": 0.26125895977020264, "acc": 0.9045453667640686, "length": 4.0, "mode": "test", "epoch": 42}
{"loss": 0.2382313311100006, "acc": 0.9092501997947693, "length": 3.9999771118164062, "mode": "train", "epoch": 43}
{"loss": 0.27147480845451355, "acc": 0.9061188697814941, "length": 4.0, "mode": "test", "epoch": 43}
{"loss": 0.23809093236923218, "acc": 0.9053863883018494, "length": 3.999999523162842, "mode": "train", "epoch": 44}
{"loss": 0.27284806966781616, "acc": 0.9061188697814941, "length": 4.0, "mode": "test", "epoch": 44}
{"loss": 0.24622775614261627, "acc": 0.9064988493919373, "length": 4.0, "mode": "train", "epoch": 45}
{"loss": 0.26169583201408386, "acc": 0.9054195284843445, "length": 4.0, "mode": "test", "epoch": 45}
{"loss": 0.23973824083805084, "acc": 0.9080796241760254, "length": 3.9999988079071045, "mode": "train", "epoch": 46}
{"loss": 0.27270230650901794, "acc": 0.9015733599662781, "length": 4.0, "mode": "test", "epoch": 46}
{"loss": 0.23695841431617737, "acc": 0.9085471630096436, "length": 3.999988079071045, "mode": "train", "epoch": 47}
{"loss": 0.27255868911743164, "acc": 0.9024474620819092, "length": 4.0, "mode": "test", "epoch": 47}
{"loss": 0.23475301265716553, "acc": 0.9090749025344849, "length": 3.9999983310699463, "mode": "train", "epoch": 48}
{"loss": 0.2790691554546356, "acc": 0.9017484188079834, "length": 4.0, "mode": "test", "epoch": 48}
{"loss": 0.2341526299715042, "acc": 0.9083114266395569, "length": 3.9998836517333984, "mode": "train", "epoch": 49}
{"loss": 0.267604798078537, "acc": 0.9020978212356567, "length": 4.0, "mode": "test", "epoch": 49}
{"loss": 0.23589469492435455, "acc": 0.905268132686615, "length": 3.9999818801879883, "mode": "train", "epoch": 50}
{"loss": 0.2663651704788208, "acc": 0.9052446484565735, "length": 4.0, "mode": "test", "epoch": 50}
{"loss": 0.22643297910690308, "acc": 0.9093667268753052, "length": 3.9999656677246094, "mode": "train", "epoch": 51}
{"loss": 0.25604304671287537, "acc": 0.9048951864242554, "length": 4.0, "mode": "test", "epoch": 51}
{"loss": 0.23016729950904846, "acc": 0.912528932094574, "length": 3.9999918937683105, "mode": "train", "epoch": 52}
{"loss": 0.285214364528656, "acc": 0.9003496766090393, "length": 4.0, "mode": "test", "epoch": 52}
{"loss": 0.22570934891700745, "acc": 0.9137590527534485, "length": 3.9999988079071045, "mode": "train", "epoch": 53}
{"loss": 0.24212852120399475, "acc": 0.9089159965515137, "length": 4.0, "mode": "test", "epoch": 53}
{"loss": 0.21706268191337585, "acc": 0.9139925241470337, "length": 3.9999802112579346, "mode": "train", "epoch": 54}
{"loss": 0.24120669066905975, "acc": 0.9041959047317505, "length": 4.0, "mode": "test", "epoch": 54}
{"loss": 0.21601219475269318, "acc": 0.917030930519104, "length": 3.9998421669006348, "mode": "train", "epoch": 55}
{"loss": 0.2420605719089508, "acc": 0.9057691693305969, "length": 4.0, "mode": "test", "epoch": 55}
{"loss": 0.21142394840717316, "acc": 0.9200819730758667, "length": 3.999999523162842, "mode": "train", "epoch": 56}
{"loss": 0.2358018457889557, "acc": 0.9103147983551025, "length": 4.0, "mode": "test", "epoch": 56}
{"loss": 0.20895114541053772, "acc": 0.9210771322250366, "length": 3.9999988079071045, "mode": "train", "epoch": 57}
{"loss": 0.2384154349565506, "acc": 0.910314679145813, "length": 4.0, "mode": "test", "epoch": 57}
{"loss": 0.2099350243806839, "acc": 0.92002272605896, "length": 3.999988079071045, "mode": "train", "epoch": 58}
{"loss": 0.23141717910766602, "acc": 0.9185314178466797, "length": 4.0, "mode": "test", "epoch": 58}
{"loss": 0.20325128734111786, "acc": 0.9228337407112122, "length": 3.999999523162842, "mode": "train", "epoch": 59}
{"loss": 0.24417166411876678, "acc": 0.913986086845398, "length": 4.0, "mode": "test", "epoch": 59}
{"loss": 0.20536810159683228, "acc": 0.9224820137023926, "length": 3.999988079071045, "mode": "train", "epoch": 60}
{"loss": 0.24145448207855225, "acc": 0.9113636016845703, "length": 4.0, "mode": "test", "epoch": 60}
test accuracy: 0.7000000476837158
