# ["--attributes=3", "--values=4", "--game_size=10", "--vocab_size_factor=3", "--n_epochs=60", "--batch_size=64", "--learning_rate=0.001", "--hidden_size=128", "--temp_update=0.97", "--temperature=2"]
Creating train_ds and val_ds...

Creating test_ds...
{"loss": 0.6975350975990295, "acc": 0.5130866169929504, "length": 3.53810977935791, "mode": "train", "epoch": 1}
{"loss": 0.689835250377655, "acc": 0.5318142771720886, "length": 1.1319444179534912, "mode": "test", "epoch": 1}
{"loss": 0.6886216998100281, "acc": 0.5399300456047058, "length": 3.2369635105133057, "mode": "train", "epoch": 2}
{"loss": 0.6624244451522827, "acc": 0.6772162914276123, "length": 2.3958332538604736, "mode": "test", "epoch": 2}
{"loss": 0.648560643196106, "acc": 0.6594719290733337, "length": 3.3679895401000977, "mode": "train", "epoch": 3}
{"loss": 0.5663679242134094, "acc": 0.7628200650215149, "length": 3.5833332538604736, "mode": "test", "epoch": 3}
{"loss": 0.5300585031509399, "acc": 0.7677184343338013, "length": 3.7459938526153564, "mode": "train", "epoch": 4}
{"loss": 0.48713812232017517, "acc": 0.778124988079071, "length": 4.0, "mode": "test", "epoch": 4}
{"loss": 0.4721694588661194, "acc": 0.7779017090797424, "length": 3.807427406311035, "mode": "train", "epoch": 5}
{"loss": 0.4638027846813202, "acc": 0.7885416150093079, "length": 4.0, "mode": "test", "epoch": 5}
{"loss": 0.4477936029434204, "acc": 0.7947130799293518, "length": 3.872565507888794, "mode": "train", "epoch": 6}
{"loss": 0.4585723876953125, "acc": 0.7713541984558105, "length": 4.0, "mode": "test", "epoch": 6}
{"loss": 0.42268475890159607, "acc": 0.8010486960411072, "length": 3.9309046268463135, "mode": "train", "epoch": 7}
{"loss": 0.44003453850746155, "acc": 0.7795138359069824, "length": 4.0, "mode": "test", "epoch": 7}
{"loss": 0.40901076793670654, "acc": 0.81258624792099, "length": 3.969870090484619, "mode": "train", "epoch": 8}
{"loss": 0.422722727060318, "acc": 0.8147569894790649, "length": 4.0, "mode": "test", "epoch": 8}
{"loss": 0.40056803822517395, "acc": 0.8249765038490295, "length": 3.9844536781311035, "mode": "train", "epoch": 9}
{"loss": 0.42483076453208923, "acc": 0.8104166984558105, "length": 4.0, "mode": "test", "epoch": 9}
{"loss": 0.38694897294044495, "acc": 0.8342553377151489, "length": 3.9866013526916504, "mode": "train", "epoch": 10}
{"loss": 0.4176298677921295, "acc": 0.8244791030883789, "length": 4.0, "mode": "test", "epoch": 10}
{"loss": 0.3822213411331177, "acc": 0.840864896774292, "length": 3.990817070007324, "mode": "train", "epoch": 11}
{"loss": 0.4036739468574524, "acc": 0.8309028148651123, "length": 4.0, "mode": "test", "epoch": 11}
{"loss": 0.3660578429698944, "acc": 0.8414151072502136, "length": 3.992753267288208, "mode": "train", "epoch": 12}
{"loss": 0.3924802839756012, "acc": 0.8274306654930115, "length": 4.0, "mode": "test", "epoch": 12}
{"loss": 0.35563936829566956, "acc": 0.8593762516975403, "length": 3.9952733516693115, "mode": "train", "epoch": 13}
{"loss": 0.37511613965034485, "acc": 0.8406250476837158, "length": 4.0, "mode": "test", "epoch": 13}
{"loss": 0.34041649103164673, "acc": 0.8581125736236572, "length": 3.9957966804504395, "mode": "train", "epoch": 14}
{"loss": 0.37822994589805603, "acc": 0.8362846970558167, "length": 4.0, "mode": "test", "epoch": 14}
{"loss": 0.3233254551887512, "acc": 0.8666641712188721, "length": 3.9968056678771973, "mode": "train", "epoch": 15}
{"loss": 0.3384883999824524, "acc": 0.8581597805023193, "length": 4.0, "mode": "test", "epoch": 15}
{"loss": 0.3008130192756653, "acc": 0.8724089860916138, "length": 3.9976792335510254, "mode": "train", "epoch": 16}
{"loss": 0.3217642903327942, "acc": 0.8565971851348877, "length": 4.0, "mode": "test", "epoch": 16}
{"loss": 0.2802116572856903, "acc": 0.879661500453949, "length": 3.998016595840454, "mode": "train", "epoch": 17}
{"loss": 0.3252640962600708, "acc": 0.8685764074325562, "length": 4.0, "mode": "test", "epoch": 17}
{"loss": 0.268882155418396, "acc": 0.8861661553382874, "length": 3.9985127449035645, "mode": "train", "epoch": 18}
{"loss": 0.3060635030269623, "acc": 0.8720486164093018, "length": 4.0, "mode": "test", "epoch": 18}
{"loss": 0.2557900846004486, "acc": 0.8902943134307861, "length": 3.999138355255127, "mode": "train", "epoch": 19}
{"loss": 0.2988165020942688, "acc": 0.8784722089767456, "length": 4.0, "mode": "test", "epoch": 19}
{"loss": 0.2429174929857254, "acc": 0.8972474336624146, "length": 3.9990668296813965, "mode": "train", "epoch": 20}
{"loss": 0.2857236862182617, "acc": 0.8880208730697632, "length": 4.0, "mode": "test", "epoch": 20}
{"loss": 0.2329491525888443, "acc": 0.9067088961601257, "length": 3.9991705417633057, "mode": "train", "epoch": 21}
{"loss": 0.2640524208545685, "acc": 0.8904513120651245, "length": 4.0, "mode": "test", "epoch": 21}
{"loss": 0.2264699935913086, "acc": 0.9075244665145874, "length": 3.9994373321533203, "mode": "train", "epoch": 22}
{"loss": 0.27116575837135315, "acc": 0.8876736164093018, "length": 4.0, "mode": "test", "epoch": 22}
{"loss": 0.21702873706817627, "acc": 0.9096145033836365, "length": 3.9995474815368652, "mode": "train", "epoch": 23}
{"loss": 0.2638336718082428, "acc": 0.8892361521720886, "length": 4.0, "mode": "test", "epoch": 23}
{"loss": 0.21315623819828033, "acc": 0.9166377186775208, "length": 3.999631404876709, "mode": "train", "epoch": 24}
{"loss": 0.2592804431915283, "acc": 0.8909721374511719, "length": 4.0, "mode": "test", "epoch": 24}
{"loss": 0.20165590941905975, "acc": 0.9199988842010498, "length": 3.9996097087860107, "mode": "train", "epoch": 25}
{"loss": 0.2557238042354584, "acc": 0.9015624523162842, "length": 4.0, "mode": "test", "epoch": 25}
{"loss": 0.2058638632297516, "acc": 0.918432891368866, "length": 3.999610185623169, "mode": "train", "epoch": 26}
{"loss": 0.2656921446323395, "acc": 0.8885416984558105, "length": 4.0, "mode": "test", "epoch": 26}
{"loss": 0.20197561383247375, "acc": 0.9200630784034729, "length": 3.9998116493225098, "mode": "train", "epoch": 27}
{"loss": 0.23925261199474335, "acc": 0.9079861044883728, "length": 4.0, "mode": "test", "epoch": 27}
{"loss": 0.19556042551994324, "acc": 0.9262736439704895, "length": 3.999901533126831, "mode": "train", "epoch": 28}
{"loss": 0.237871915102005, "acc": 0.9085069298744202, "length": 4.0, "mode": "test", "epoch": 28}
{"loss": 0.18796733021736145, "acc": 0.9263882040977478, "length": 3.999873638153076, "mode": "train", "epoch": 29}
{"loss": 0.23358343541622162, "acc": 0.9128472208976746, "length": 4.0, "mode": "test", "epoch": 29}
{"loss": 0.1801464706659317, "acc": 0.9271451234817505, "length": 3.999953031539917, "mode": "train", "epoch": 30}
{"loss": 0.223540261387825, "acc": 0.9147568941116333, "length": 4.0, "mode": "test", "epoch": 30}
{"loss": 0.17677517235279083, "acc": 0.9304513335227966, "length": 3.999962568283081, "mode": "train", "epoch": 31}
{"loss": 0.22227981686592102, "acc": 0.9149305820465088, "length": 4.0, "mode": "test", "epoch": 31}
{"loss": 0.17596398293972015, "acc": 0.9299870729446411, "length": 3.9999396800994873, "mode": "train", "epoch": 32}
{"loss": 0.21902064979076385, "acc": 0.9126736521720886, "length": 4.0, "mode": "test", "epoch": 32}
{"loss": 0.16769589483737946, "acc": 0.9353821873664856, "length": 3.999976396560669, "mode": "train", "epoch": 33}
{"loss": 0.20777149498462677, "acc": 0.9298611879348755, "length": 4.0, "mode": "test", "epoch": 33}
{"loss": 0.17371509969234467, "acc": 0.9343961477279663, "length": 3.9999773502349854, "mode": "train", "epoch": 34}
{"loss": 0.22253134846687317, "acc": 0.9177083969116211, "length": 4.0, "mode": "test", "epoch": 34}
{"loss": 0.16373832523822784, "acc": 0.9346863627433777, "length": 3.9999725818634033, "mode": "train", "epoch": 35}
{"loss": 0.21167278289794922, "acc": 0.9222222566604614, "length": 4.0, "mode": "test", "epoch": 35}
{"loss": 0.1642773598432541, "acc": 0.9355509281158447, "length": 3.9999160766601562, "mode": "train", "epoch": 36}
{"loss": 0.21650128066539764, "acc": 0.9234374165534973, "length": 4.0, "mode": "test", "epoch": 36}
{"loss": 0.17223791778087616, "acc": 0.9341645240783691, "length": 3.9999914169311523, "mode": "train", "epoch": 37}
{"loss": 0.20119722187519073, "acc": 0.9211806058883667, "length": 4.0, "mode": "test", "epoch": 37}
{"loss": 0.16174335777759552, "acc": 0.9361941814422607, "length": 3.9999794960021973, "mode": "train", "epoch": 38}
{"loss": 0.19757714867591858, "acc": 0.9312499165534973, "length": 4.0, "mode": "test", "epoch": 38}
{"loss": 0.16341161727905273, "acc": 0.9360208511352539, "length": 3.999997138977051, "mode": "train", "epoch": 39}
{"loss": 0.20144926011562347, "acc": 0.9244791865348816, "length": 4.0, "mode": "test", "epoch": 39}
{"loss": 0.15644317865371704, "acc": 0.9380505681037903, "length": 3.9999847412109375, "mode": "train", "epoch": 40}
{"loss": 0.21917977929115295, "acc": 0.9184026718139648, "length": 4.0, "mode": "test", "epoch": 40}
{"loss": 0.1629028171300888, "acc": 0.9369393587112427, "length": 3.999729633331299, "mode": "train", "epoch": 41}
{"loss": 0.2084789276123047, "acc": 0.9164929986000061, "length": 4.0, "mode": "test", "epoch": 41}
{"loss": 0.16580720245838165, "acc": 0.9353288412094116, "length": 3.9988656044006348, "mode": "train", "epoch": 42}
{"loss": 0.22200432419776917, "acc": 0.9118055701255798, "length": 4.0, "mode": "test", "epoch": 42}
{"loss": 0.16199564933776855, "acc": 0.9357303380966187, "length": 3.9999756813049316, "mode": "train", "epoch": 43}
{"loss": 0.20091407001018524, "acc": 0.9227430820465088, "length": 4.0, "mode": "test", "epoch": 43}
{"loss": 0.15865813195705414, "acc": 0.9397910833358765, "length": 3.999997138977051, "mode": "train", "epoch": 44}
{"loss": 0.20633545517921448, "acc": 0.9276041388511658, "length": 4.0, "mode": "test", "epoch": 44}
{"loss": 0.1558578759431839, "acc": 0.9411251544952393, "length": 3.999997138977051, "mode": "train", "epoch": 45}
{"loss": 0.20573540031909943, "acc": 0.9239583611488342, "length": 4.0, "mode": "test", "epoch": 45}
{"loss": 0.14992845058441162, "acc": 0.9407771825790405, "length": 4.0, "mode": "train", "epoch": 46}
{"loss": 0.20931576192378998, "acc": 0.9208332896232605, "length": 4.0, "mode": "test", "epoch": 46}
{"loss": 0.14979267120361328, "acc": 0.9403712153434753, "length": 3.999999761581421, "mode": "train", "epoch": 47}
{"loss": 0.2008853405714035, "acc": 0.9237847924232483, "length": 4.0, "mode": "test", "epoch": 47}
{"loss": 0.15728215873241425, "acc": 0.9372970461845398, "length": 3.9999983310699463, "mode": "train", "epoch": 48}
{"loss": 0.2041284143924713, "acc": 0.9270833134651184, "length": 4.0, "mode": "test", "epoch": 48}
{"loss": 0.15767870843410492, "acc": 0.9410092234611511, "length": 3.999999523162842, "mode": "train", "epoch": 49}
{"loss": 0.21581192314624786, "acc": 0.9199652075767517, "length": 4.0, "mode": "test", "epoch": 49}
{"loss": 0.22226396203041077, "acc": 0.9160673022270203, "length": 3.9999983310699463, "mode": "train", "epoch": 50}
{"loss": 0.2371811419725418, "acc": 0.9065972566604614, "length": 4.0, "mode": "test", "epoch": 50}
{"loss": 0.2117590457201004, "acc": 0.920137345790863, "length": 3.9982564449310303, "mode": "train", "epoch": 51}
{"loss": 0.24778179824352264, "acc": 0.9114583134651184, "length": 4.0, "mode": "test", "epoch": 51}
{"loss": 0.19493386149406433, "acc": 0.9273781180381775, "length": 3.9999969005584717, "mode": "train", "epoch": 52}
{"loss": 0.24549973011016846, "acc": 0.9081597924232483, "length": 4.0, "mode": "test", "epoch": 52}
{"loss": 0.1902344524860382, "acc": 0.9298723340034485, "length": 3.999995231628418, "mode": "train", "epoch": 53}
{"loss": 0.23484544456005096, "acc": 0.9157986044883728, "length": 4.0, "mode": "test", "epoch": 53}
{"loss": 0.18973885476589203, "acc": 0.9325404763221741, "length": 3.9999983310699463, "mode": "train", "epoch": 54}
{"loss": 0.2328406125307083, "acc": 0.9125000834465027, "length": 4.0, "mode": "test", "epoch": 54}
{"loss": 0.17036233842372894, "acc": 0.9342222213745117, "length": 3.9999921321868896, "mode": "train", "epoch": 55}
{"loss": 0.20384500920772552, "acc": 0.9243054986000061, "length": 4.0, "mode": "test", "epoch": 55}
{"loss": 0.15648293495178223, "acc": 0.9436721801757812, "length": 3.9996070861816406, "mode": "train", "epoch": 56}
{"loss": 0.20821510255336761, "acc": 0.9173610210418701, "length": 4.0, "mode": "test", "epoch": 56}
{"loss": 0.1550605297088623, "acc": 0.9417631030082703, "length": 3.999994993209839, "mode": "train", "epoch": 57}
{"loss": 0.19920948147773743, "acc": 0.9197916388511658, "length": 4.0, "mode": "test", "epoch": 57}
{"loss": 0.15230479836463928, "acc": 0.9384559392929077, "length": 3.999953508377075, "mode": "train", "epoch": 58}
{"loss": 0.19573555886745453, "acc": 0.9262152910232544, "length": 4.0, "mode": "test", "epoch": 58}
{"loss": 0.14569786190986633, "acc": 0.9441995024681091, "length": 3.9999990463256836, "mode": "train", "epoch": 59}
{"loss": 0.19974608719348907, "acc": 0.9227430820465088, "length": 4.0, "mode": "test", "epoch": 59}
{"loss": 0.14301586151123047, "acc": 0.9461137652397156, "length": 3.999999523162842, "mode": "train", "epoch": 60}
{"loss": 0.1941564530134201, "acc": 0.9260416030883789, "length": 4.0, "mode": "test", "epoch": 60}
test accuracy: 0.7208620309829712
