# ["--attributes=3", "--values=4", "--game_size=10", "--vocab_size_factor=3", "--n_epochs=60", "--batch_size=32", "--learning_rate=0.0005", "--hidden_size=128", "--temp_update=0.99", "--temperature=1.5"]
Creating train_ds and val_ds...

Creating test_ds...
{"loss": 0.6907935738563538, "acc": 0.536056637763977, "length": 3.508676767349243, "mode": "train", "epoch": 1}
{"loss": 0.6727079153060913, "acc": 0.6198082566261292, "length": 1.7738516330718994, "mode": "test", "epoch": 1}
{"loss": 0.6765784025192261, "acc": 0.570243239402771, "length": 3.4377548694610596, "mode": "train", "epoch": 2}
{"loss": 0.6422218680381775, "acc": 0.6718183755874634, "length": 3.2685513496398926, "mode": "test", "epoch": 2}
{"loss": 0.6013332605361938, "acc": 0.7070106267929077, "length": 3.715712308883667, "mode": "train", "epoch": 3}
{"loss": 0.5715293884277344, "acc": 0.7371025681495667, "length": 4.0, "mode": "test", "epoch": 3}
{"loss": 0.5212417244911194, "acc": 0.7511816024780273, "length": 3.9228556156158447, "mode": "train", "epoch": 4}
{"loss": 0.5123986005783081, "acc": 0.7823321223258972, "length": 4.0, "mode": "test", "epoch": 4}
{"loss": 0.44682538509368896, "acc": 0.798997163772583, "length": 3.947643995285034, "mode": "train", "epoch": 5}
{"loss": 0.47350969910621643, "acc": 0.800176739692688, "length": 4.0, "mode": "test", "epoch": 5}
{"loss": 0.4057849645614624, "acc": 0.823501706123352, "length": 3.972689390182495, "mode": "train", "epoch": 6}
{"loss": 0.4610297977924347, "acc": 0.8028267621994019, "length": 4.0, "mode": "test", "epoch": 6}
{"loss": 0.38778164982795715, "acc": 0.8303419947624207, "length": 3.975015163421631, "mode": "train", "epoch": 7}
{"loss": 0.45618751645088196, "acc": 0.8053003549575806, "length": 4.0, "mode": "test", "epoch": 7}
{"loss": 0.37332868576049805, "acc": 0.8365477323532104, "length": 3.9862465858459473, "mode": "train", "epoch": 8}
{"loss": 0.44182315468788147, "acc": 0.823851466178894, "length": 4.0, "mode": "test", "epoch": 8}
{"loss": 0.36524346470832825, "acc": 0.8421650528907776, "length": 3.9889259338378906, "mode": "train", "epoch": 9}
{"loss": 0.42745858430862427, "acc": 0.82579505443573, "length": 4.0, "mode": "test", "epoch": 9}
{"loss": 0.35305121541023254, "acc": 0.8435544371604919, "length": 3.990906000137329, "mode": "train", "epoch": 10}
{"loss": 0.41216033697128296, "acc": 0.8229683041572571, "length": 4.0, "mode": "test", "epoch": 10}
{"loss": 0.3446893095970154, "acc": 0.8504594564437866, "length": 3.9927525520324707, "mode": "train", "epoch": 11}
{"loss": 0.39895257353782654, "acc": 0.8226150274276733, "length": 4.0, "mode": "test", "epoch": 11}
{"loss": 0.3386400043964386, "acc": 0.8532273769378662, "length": 3.993438959121704, "mode": "train", "epoch": 12}
{"loss": 0.39340031147003174, "acc": 0.8344523310661316, "length": 4.0, "mode": "test", "epoch": 12}
{"loss": 0.3269915282726288, "acc": 0.8524980545043945, "length": 3.994717597961426, "mode": "train", "epoch": 13}
{"loss": 0.39646115899086, "acc": 0.8323321342468262, "length": 4.0, "mode": "test", "epoch": 13}
{"loss": 0.3144107162952423, "acc": 0.8660501837730408, "length": 3.99525785446167, "mode": "train", "epoch": 14}
{"loss": 0.375148206949234, "acc": 0.8363959193229675, "length": 4.0, "mode": "test", "epoch": 14}
{"loss": 0.3066543936729431, "acc": 0.8719602823257446, "length": 3.996227502822876, "mode": "train", "epoch": 15}
{"loss": 0.353453665971756, "acc": 0.8448761701583862, "length": 4.0, "mode": "test", "epoch": 15}
{"loss": 0.2929440438747406, "acc": 0.875724196434021, "length": 3.996446371078491, "mode": "train", "epoch": 16}
{"loss": 0.3496657609939575, "acc": 0.843639612197876, "length": 4.0, "mode": "test", "epoch": 16}
{"loss": 0.27718013525009155, "acc": 0.8802278637886047, "length": 3.9970412254333496, "mode": "train", "epoch": 17}
{"loss": 0.3461114466190338, "acc": 0.8450530171394348, "length": 4.0, "mode": "test", "epoch": 17}
{"loss": 0.27089712023735046, "acc": 0.888428807258606, "length": 3.9972012042999268, "mode": "train", "epoch": 18}
{"loss": 0.3423837721347809, "acc": 0.8597171902656555, "length": 4.0, "mode": "test", "epoch": 18}
{"loss": 0.26629313826560974, "acc": 0.8916160464286804, "length": 3.9978671073913574, "mode": "train", "epoch": 19}
{"loss": 0.33248430490493774, "acc": 0.8616608381271362, "length": 4.0, "mode": "test", "epoch": 19}
{"loss": 0.2571670413017273, "acc": 0.8967686295509338, "length": 3.9982450008392334, "mode": "train", "epoch": 20}
{"loss": 0.34845900535583496, "acc": 0.8646643161773682, "length": 4.0, "mode": "test", "epoch": 20}
{"loss": 0.2550260126590729, "acc": 0.8965842723846436, "length": 3.9981119632720947, "mode": "train", "epoch": 21}
{"loss": 0.3212839663028717, "acc": 0.8704946041107178, "length": 4.0, "mode": "test", "epoch": 21}
{"loss": 0.24545727670192719, "acc": 0.9006708860397339, "length": 3.9985361099243164, "mode": "train", "epoch": 22}
{"loss": 0.317761093378067, "acc": 0.8696112632751465, "length": 4.0, "mode": "test", "epoch": 22}
{"loss": 0.23829670250415802, "acc": 0.9026330709457397, "length": 3.9962921142578125, "mode": "train", "epoch": 23}
{"loss": 0.31491556763648987, "acc": 0.8694344758987427, "length": 4.0, "mode": "test", "epoch": 23}
{"loss": 0.24235141277313232, "acc": 0.9007368087768555, "length": 3.998849391937256, "mode": "train", "epoch": 24}
{"loss": 0.33484259247779846, "acc": 0.8697879910469055, "length": 4.0, "mode": "test", "epoch": 24}
{"loss": 0.23240962624549866, "acc": 0.9099352955818176, "length": 3.998748779296875, "mode": "train", "epoch": 25}
{"loss": 0.3046565055847168, "acc": 0.8805652856826782, "length": 4.0, "mode": "test", "epoch": 25}
{"loss": 0.2268630862236023, "acc": 0.9108394384384155, "length": 3.9991557598114014, "mode": "train", "epoch": 26}
{"loss": 0.3014034330844879, "acc": 0.8759719133377075, "length": 4.0, "mode": "test", "epoch": 26}
{"loss": 0.22227714955806732, "acc": 0.9132627844810486, "length": 3.9993436336517334, "mode": "train", "epoch": 27}
{"loss": 0.29603663086891174, "acc": 0.8909893035888672, "length": 4.0, "mode": "test", "epoch": 27}
{"loss": 0.22239865362644196, "acc": 0.9124952554702759, "length": 3.9994609355926514, "mode": "train", "epoch": 28}
{"loss": 0.2908577620983124, "acc": 0.8846291303634644, "length": 4.0, "mode": "test", "epoch": 28}
{"loss": 0.21716181933879852, "acc": 0.9122529029846191, "length": 3.998741865158081, "mode": "train", "epoch": 29}
{"loss": 0.312036395072937, "acc": 0.883392333984375, "length": 4.0, "mode": "test", "epoch": 29}
{"loss": 0.21558311581611633, "acc": 0.9116748571395874, "length": 3.9995367527008057, "mode": "train", "epoch": 30}
{"loss": 0.2939717173576355, "acc": 0.88816237449646, "length": 4.0, "mode": "test", "epoch": 30}
{"loss": 0.2068769335746765, "acc": 0.9215902090072632, "length": 3.999549150466919, "mode": "train", "epoch": 31}
{"loss": 0.2973856031894684, "acc": 0.8825087547302246, "length": 4.0, "mode": "test", "epoch": 31}
{"loss": 0.2125525176525116, "acc": 0.917393684387207, "length": 3.9993982315063477, "mode": "train", "epoch": 32}
{"loss": 0.28767096996307373, "acc": 0.8860425353050232, "length": 4.0, "mode": "test", "epoch": 32}
{"loss": 0.20909401774406433, "acc": 0.9194119572639465, "length": 3.9996562004089355, "mode": "train", "epoch": 33}
{"loss": 0.308187872171402, "acc": 0.8818020820617676, "length": 4.0, "mode": "test", "epoch": 33}
{"loss": 0.2012191116809845, "acc": 0.9234781861305237, "length": 3.9995522499084473, "mode": "train", "epoch": 34}
{"loss": 0.27102014422416687, "acc": 0.8961130976676941, "length": 4.0, "mode": "test", "epoch": 34}
{"loss": 0.19410830736160278, "acc": 0.9243649244308472, "length": 3.99932599067688, "mode": "train", "epoch": 35}
{"loss": 0.28577080368995667, "acc": 0.879328727722168, "length": 4.0, "mode": "test", "epoch": 35}
{"loss": 0.1946324110031128, "acc": 0.9226518273353577, "length": 3.9995381832122803, "mode": "train", "epoch": 36}
{"loss": 0.27119290828704834, "acc": 0.8908129334449768, "length": 4.0, "mode": "test", "epoch": 36}
{"loss": 0.1912645548582077, "acc": 0.9259581565856934, "length": 3.9994869232177734, "mode": "train", "epoch": 37}
{"loss": 0.2667134404182434, "acc": 0.890812873840332, "length": 4.0, "mode": "test", "epoch": 37}
{"loss": 0.18757542967796326, "acc": 0.9283136129379272, "length": 3.9993019104003906, "mode": "train", "epoch": 38}
{"loss": 0.25916817784309387, "acc": 0.894346296787262, "length": 4.0, "mode": "test", "epoch": 38}
{"loss": 0.18533611297607422, "acc": 0.9287903904914856, "length": 3.9993953704833984, "mode": "train", "epoch": 39}
{"loss": 0.2640646994113922, "acc": 0.8819787502288818, "length": 4.0, "mode": "test", "epoch": 39}
{"loss": 0.18705308437347412, "acc": 0.9259382486343384, "length": 3.999075412750244, "mode": "train", "epoch": 40}
{"loss": 0.27007949352264404, "acc": 0.8828622698783875, "length": 4.0, "mode": "test", "epoch": 40}
{"loss": 0.1808156669139862, "acc": 0.9282624125480652, "length": 3.999507188796997, "mode": "train", "epoch": 41}
{"loss": 0.25293827056884766, "acc": 0.8936396837234497, "length": 4.0, "mode": "test", "epoch": 41}
{"loss": 0.17703092098236084, "acc": 0.93309485912323, "length": 3.999288320541382, "mode": "train", "epoch": 42}
{"loss": 0.2704240381717682, "acc": 0.8977031707763672, "length": 4.0, "mode": "test", "epoch": 42}
{"loss": 0.17688389122486115, "acc": 0.9334599375724792, "length": 3.999682903289795, "mode": "train", "epoch": 43}
{"loss": 0.25966712832450867, "acc": 0.8929328918457031, "length": 4.0, "mode": "test", "epoch": 43}
{"loss": 0.17390619218349457, "acc": 0.9335741400718689, "length": 3.9995925426483154, "mode": "train", "epoch": 44}
{"loss": 0.2737416625022888, "acc": 0.9019433259963989, "length": 4.0, "mode": "test", "epoch": 44}
{"loss": 0.17026112973690033, "acc": 0.935286283493042, "length": 3.9996073246002197, "mode": "train", "epoch": 45}
{"loss": 0.27599138021469116, "acc": 0.8992931842803955, "length": 4.0, "mode": "test", "epoch": 45}
{"loss": 0.1707567274570465, "acc": 0.9351179599761963, "length": 3.999831438064575, "mode": "train", "epoch": 46}
{"loss": 0.2721640169620514, "acc": 0.899469792842865, "length": 4.0, "mode": "test", "epoch": 46}
{"loss": 0.16678592562675476, "acc": 0.9359984993934631, "length": 3.9996728897094727, "mode": "train", "epoch": 47}
{"loss": 0.2534085214138031, "acc": 0.9068904519081116, "length": 4.0, "mode": "test", "epoch": 47}
{"loss": 0.16426965594291687, "acc": 0.9377731084823608, "length": 3.999845504760742, "mode": "train", "epoch": 48}
{"loss": 0.27001479268074036, "acc": 0.9079504609107971, "length": 4.0, "mode": "test", "epoch": 48}
{"loss": 0.1615801751613617, "acc": 0.9372430443763733, "length": 3.999861240386963, "mode": "train", "epoch": 49}
{"loss": 0.2618676424026489, "acc": 0.9042402505874634, "length": 4.0, "mode": "test", "epoch": 49}
{"loss": 0.15869218111038208, "acc": 0.9389562010765076, "length": 3.9998741149902344, "mode": "train", "epoch": 50}
{"loss": 0.24271167814731598, "acc": 0.9113072752952576, "length": 4.0, "mode": "test", "epoch": 50}
{"loss": 0.15664230287075043, "acc": 0.9380567669868469, "length": 3.9996047019958496, "mode": "train", "epoch": 51}
{"loss": 0.2564024031162262, "acc": 0.9070671796798706, "length": 4.0, "mode": "test", "epoch": 51}
{"loss": 0.15892760455608368, "acc": 0.9399611353874207, "length": 3.999924421310425, "mode": "train", "epoch": 52}
{"loss": 0.2583291530609131, "acc": 0.9026501178741455, "length": 4.0, "mode": "test", "epoch": 52}
{"loss": 0.16159774363040924, "acc": 0.9373019933700562, "length": 3.9997928142547607, "mode": "train", "epoch": 53}
{"loss": 0.25027525424957275, "acc": 0.9061838984489441, "length": 4.0, "mode": "test", "epoch": 53}
{"loss": 0.1565108597278595, "acc": 0.938468873500824, "length": 3.9997243881225586, "mode": "train", "epoch": 54}
{"loss": 0.2506275773048401, "acc": 0.9015901684761047, "length": 4.0, "mode": "test", "epoch": 54}
{"loss": 0.15444457530975342, "acc": 0.9406709671020508, "length": 3.999960422515869, "mode": "train", "epoch": 55}
{"loss": 0.2501334249973297, "acc": 0.9114841222763062, "length": 4.0, "mode": "test", "epoch": 55}
{"loss": 0.15427525341510773, "acc": 0.938837468624115, "length": 3.9999043941497803, "mode": "train", "epoch": 56}
{"loss": 0.24695613980293274, "acc": 0.9121909141540527, "length": 4.0, "mode": "test", "epoch": 56}
{"loss": 0.15022864937782288, "acc": 0.9425597786903381, "length": 3.999941110610962, "mode": "train", "epoch": 57}
{"loss": 0.2545453608036041, "acc": 0.9134275913238525, "length": 4.0, "mode": "test", "epoch": 57}
{"loss": 0.1506335288286209, "acc": 0.9417352676391602, "length": 3.9985568523406982, "mode": "train", "epoch": 58}
{"loss": 0.23006851971149445, "acc": 0.9120142459869385, "length": 4.0, "mode": "test", "epoch": 58}
{"loss": 0.15514551103115082, "acc": 0.939785897731781, "length": 3.99995756149292, "mode": "train", "epoch": 59}
{"loss": 0.23822088539600372, "acc": 0.9159011244773865, "length": 4.0, "mode": "test", "epoch": 59}
{"loss": 0.1504734307527542, "acc": 0.9412624835968018, "length": 3.9999771118164062, "mode": "train", "epoch": 60}
{"loss": 0.24446254968643188, "acc": 0.9120141267776489, "length": 4.0, "mode": "test", "epoch": 60}
test accuracy: 0.6551612019538879
