# ["--attributes=3", "--values=4", "--game_size=10", "--vocab_size_factor=3", "--n_epochs=60", "--batch_size=64", "--learning_rate=0.001", "--hidden_size=256", "--temp_update=0.97", "--temperature=1.5"]
Creating train_ds and val_ds...

Creating test_ds...
{"loss": 0.7034937739372253, "acc": 0.5253768563270569, "length": 2.792619466781616, "mode": "train", "epoch": 1}
{"loss": 0.6959816813468933, "acc": 0.5231449007987976, "length": 1.0, "mode": "test", "epoch": 1}
{"loss": 0.6805241703987122, "acc": 0.5473023056983948, "length": 1.5266166925430298, "mode": "train", "epoch": 2}
{"loss": 0.6194057464599609, "acc": 0.6807218790054321, "length": 2.452296733856201, "mode": "test", "epoch": 2}
{"loss": 0.549988329410553, "acc": 0.7393512725830078, "length": 2.7759225368499756, "mode": "train", "epoch": 3}
{"loss": 0.5519413948059082, "acc": 0.7286733388900757, "length": 3.289752721786499, "mode": "test", "epoch": 3}
{"loss": 0.44924163818359375, "acc": 0.8042612671852112, "length": 3.2824549674987793, "mode": "train", "epoch": 4}
{"loss": 0.497803658246994, "acc": 0.7850461602210999, "length": 3.363957643508911, "mode": "test", "epoch": 4}
{"loss": 0.3893193006515503, "acc": 0.8393998742103577, "length": 3.4074182510375977, "mode": "train", "epoch": 5}
{"loss": 0.41727596521377563, "acc": 0.827951967716217, "length": 3.416961193084717, "mode": "test", "epoch": 5}
{"loss": 0.33802470564842224, "acc": 0.8674370646476746, "length": 3.4002959728240967, "mode": "train", "epoch": 6}
{"loss": 0.4010102450847626, "acc": 0.8462879061698914, "length": 3.4982333183288574, "mode": "test", "epoch": 6}
{"loss": 0.3087547719478607, "acc": 0.8818299770355225, "length": 3.410205602645874, "mode": "train", "epoch": 7}
{"loss": 0.3946799337863922, "acc": 0.8571367859840393, "length": 3.388692617416382, "mode": "test", "epoch": 7}
{"loss": 0.2937465310096741, "acc": 0.8866512775421143, "length": 3.416842222213745, "mode": "train", "epoch": 8}
{"loss": 0.3744993209838867, "acc": 0.8649746775627136, "length": 3.6325087547302246, "mode": "test", "epoch": 8}
{"loss": 0.2891983091831207, "acc": 0.8897853493690491, "length": 3.410059928894043, "mode": "train", "epoch": 9}
{"loss": 0.3749425709247589, "acc": 0.8619588613510132, "length": 3.3674912452697754, "mode": "test", "epoch": 9}
{"loss": 0.2830960750579834, "acc": 0.8934719562530518, "length": 3.4080371856689453, "mode": "train", "epoch": 10}
{"loss": 0.3608212172985077, "acc": 0.8673089742660522, "length": 3.766784429550171, "mode": "test", "epoch": 10}
{"loss": 0.2677479684352875, "acc": 0.8956555128097534, "length": 3.406294345855713, "mode": "train", "epoch": 11}
{"loss": 0.36474502086639404, "acc": 0.8548890352249146, "length": 3.692579507827759, "mode": "test", "epoch": 11}
{"loss": 0.2599973678588867, "acc": 0.9012412428855896, "length": 3.421675443649292, "mode": "train", "epoch": 12}
{"loss": 0.3710668087005615, "acc": 0.8438511490821838, "length": 3.784452199935913, "mode": "test", "epoch": 12}
{"loss": 0.2590198516845703, "acc": 0.9048925042152405, "length": 3.5565154552459717, "mode": "train", "epoch": 13}
{"loss": 0.3191750645637512, "acc": 0.8768567442893982, "length": 3.7491166591644287, "mode": "test", "epoch": 13}
{"loss": 0.2285877913236618, "acc": 0.917527973651886, "length": 3.6986985206604004, "mode": "train", "epoch": 14}
{"loss": 0.318375825881958, "acc": 0.872168779373169, "length": 3.9646642208099365, "mode": "test", "epoch": 14}
{"loss": 0.22420746088027954, "acc": 0.9133591055870056, "length": 3.9042086601257324, "mode": "train", "epoch": 15}
{"loss": 0.3201274275779724, "acc": 0.8832156658172607, "length": 4.0, "mode": "test", "epoch": 15}
{"loss": 0.21553120017051697, "acc": 0.9176619052886963, "length": 3.943859100341797, "mode": "train", "epoch": 16}
{"loss": 0.30212336778640747, "acc": 0.886572539806366, "length": 4.0, "mode": "test", "epoch": 16}
{"loss": 0.2099127471446991, "acc": 0.9185767769813538, "length": 3.949221611022949, "mode": "train", "epoch": 17}
{"loss": 0.34725821018218994, "acc": 0.8803886771202087, "length": 4.0, "mode": "test", "epoch": 17}
{"loss": 0.21112535893917084, "acc": 0.9183745980262756, "length": 3.956327438354492, "mode": "train", "epoch": 18}
{"loss": 0.28319334983825684, "acc": 0.8932862877845764, "length": 4.0, "mode": "test", "epoch": 18}
{"loss": 0.19777455925941467, "acc": 0.924065351486206, "length": 3.9726014137268066, "mode": "train", "epoch": 19}
{"loss": 0.2817210555076599, "acc": 0.8959366679191589, "length": 4.0, "mode": "test", "epoch": 19}
{"loss": 0.19367030262947083, "acc": 0.9253970980644226, "length": 3.974611282348633, "mode": "train", "epoch": 20}
{"loss": 0.2981848418712616, "acc": 0.8968197107315063, "length": 4.0, "mode": "test", "epoch": 20}
{"loss": 0.1949383169412613, "acc": 0.9199559092521667, "length": 3.983764410018921, "mode": "train", "epoch": 21}
{"loss": 0.2787221670150757, "acc": 0.8939928412437439, "length": 4.0, "mode": "test", "epoch": 21}
{"loss": 0.18930235505104065, "acc": 0.9269956350326538, "length": 3.97652530670166, "mode": "train", "epoch": 22}
{"loss": 0.2634057104587555, "acc": 0.8936397433280945, "length": 4.0, "mode": "test", "epoch": 22}
{"loss": 0.18532338738441467, "acc": 0.9313474893569946, "length": 3.980177402496338, "mode": "train", "epoch": 23}
{"loss": 0.267350435256958, "acc": 0.8991166353225708, "length": 4.0, "mode": "test", "epoch": 23}
{"loss": 0.1753697544336319, "acc": 0.9296783208847046, "length": 3.985933780670166, "mode": "train", "epoch": 24}
{"loss": 0.27871039509773254, "acc": 0.8906360864639282, "length": 4.0, "mode": "test", "epoch": 24}
{"loss": 0.16842783987522125, "acc": 0.9384516477584839, "length": 3.9905519485473633, "mode": "train", "epoch": 25}
{"loss": 0.2547225058078766, "acc": 0.9072437882423401, "length": 4.0, "mode": "test", "epoch": 25}
{"loss": 0.17152442038059235, "acc": 0.9351878762245178, "length": 3.99288010597229, "mode": "train", "epoch": 26}
{"loss": 0.2782216966152191, "acc": 0.9031803607940674, "length": 4.0, "mode": "test", "epoch": 26}
{"loss": 0.19191987812519073, "acc": 0.924862265586853, "length": 3.9883406162261963, "mode": "train", "epoch": 27}
{"loss": 0.27335211634635925, "acc": 0.8959363102912903, "length": 4.0, "mode": "test", "epoch": 27}
{"loss": 0.158200204372406, "acc": 0.9363168478012085, "length": 3.9969818592071533, "mode": "train", "epoch": 28}
{"loss": 0.23802046477794647, "acc": 0.9100707173347473, "length": 4.0, "mode": "test", "epoch": 28}
{"loss": 0.15043938159942627, "acc": 0.9433844685554504, "length": 3.996440887451172, "mode": "train", "epoch": 29}
{"loss": 0.20184408128261566, "acc": 0.9194347858428955, "length": 4.0, "mode": "test", "epoch": 29}
{"loss": 0.14070960879325867, "acc": 0.9443694353103638, "length": 3.9911928176879883, "mode": "train", "epoch": 30}
{"loss": 0.19270944595336914, "acc": 0.9268549680709839, "length": 4.0, "mode": "test", "epoch": 30}
{"loss": 0.13703471422195435, "acc": 0.9451869130134583, "length": 3.994596004486084, "mode": "train", "epoch": 31}
{"loss": 0.23101411759853363, "acc": 0.9178446531295776, "length": 4.0, "mode": "test", "epoch": 31}
{"loss": 0.13952766358852386, "acc": 0.9480352997779846, "length": 3.996227502822876, "mode": "train", "epoch": 32}
{"loss": 0.21332120895385742, "acc": 0.919434666633606, "length": 4.0, "mode": "test", "epoch": 32}
{"loss": 0.13264821469783783, "acc": 0.9485718011856079, "length": 3.999438524246216, "mode": "train", "epoch": 33}
{"loss": 0.18912599980831146, "acc": 0.9169612526893616, "length": 4.0, "mode": "test", "epoch": 33}
{"loss": 0.12869912385940552, "acc": 0.9463465213775635, "length": 3.996029853820801, "mode": "train", "epoch": 34}
{"loss": 0.2134556621313095, "acc": 0.9210246205329895, "length": 4.0, "mode": "test", "epoch": 34}
{"loss": 0.13263575732707977, "acc": 0.9483315348625183, "length": 3.998636245727539, "mode": "train", "epoch": 35}
{"loss": 0.20955966413021088, "acc": 0.924558162689209, "length": 4.0, "mode": "test", "epoch": 35}
{"loss": 0.1414756178855896, "acc": 0.9462783336639404, "length": 3.999835968017578, "mode": "train", "epoch": 36}
{"loss": 0.22440595924854279, "acc": 0.928091824054718, "length": 4.0, "mode": "test", "epoch": 36}
{"loss": 0.123650461435318, "acc": 0.9546682238578796, "length": 3.997631788253784, "mode": "train", "epoch": 37}
{"loss": 0.20647791028022766, "acc": 0.9259716868400574, "length": 4.0, "mode": "test", "epoch": 37}
{"loss": 0.11983522772789001, "acc": 0.9519411325454712, "length": 3.999607801437378, "mode": "train", "epoch": 38}
{"loss": 0.17554108798503876, "acc": 0.9332155585289001, "length": 4.0, "mode": "test", "epoch": 38}
{"loss": 0.11594412475824356, "acc": 0.9560180902481079, "length": 3.999809741973877, "mode": "train", "epoch": 39}
{"loss": 0.1922231763601303, "acc": 0.9369256496429443, "length": 4.0, "mode": "test", "epoch": 39}
{"loss": 0.11251278221607208, "acc": 0.9575418829917908, "length": 3.9983699321746826, "mode": "train", "epoch": 40}
{"loss": 0.18698130548000336, "acc": 0.9376324415206909, "length": 4.0, "mode": "test", "epoch": 40}
{"loss": 0.12004943937063217, "acc": 0.9585311412811279, "length": 3.9981276988983154, "mode": "train", "epoch": 41}
{"loss": 0.18030671775341034, "acc": 0.934628963470459, "length": 4.0, "mode": "test", "epoch": 41}
{"loss": 0.12357225269079208, "acc": 0.9553646445274353, "length": 3.999621629714966, "mode": "train", "epoch": 42}
{"loss": 0.23497991263866425, "acc": 0.923851728439331, "length": 4.0, "mode": "test", "epoch": 42}
{"loss": 0.13231748342514038, "acc": 0.9501144886016846, "length": 3.9996564388275146, "mode": "train", "epoch": 43}
{"loss": 0.20303070545196533, "acc": 0.919434666633606, "length": 4.0, "mode": "test", "epoch": 43}
{"loss": 0.11102070659399033, "acc": 0.9577106237411499, "length": 3.998464822769165, "mode": "train", "epoch": 44}
{"loss": 0.15650008618831635, "acc": 0.9436395168304443, "length": 4.0, "mode": "test", "epoch": 44}
{"loss": 0.10881415754556656, "acc": 0.9618622064590454, "length": 3.99981951713562, "mode": "train", "epoch": 45}
{"loss": 0.1716313362121582, "acc": 0.9392225742340088, "length": 4.0, "mode": "test", "epoch": 45}
{"loss": 0.11104331910610199, "acc": 0.9622576236724854, "length": 3.995962619781494, "mode": "train", "epoch": 46}
{"loss": 0.202248677611351, "acc": 0.9369258880615234, "length": 4.0, "mode": "test", "epoch": 46}
{"loss": 0.10826367884874344, "acc": 0.9595442414283752, "length": 3.9986369609832764, "mode": "train", "epoch": 47}
{"loss": 0.17003503441810608, "acc": 0.937985897064209, "length": 4.0, "mode": "test", "epoch": 47}
{"loss": 0.11275704205036163, "acc": 0.9617856740951538, "length": 3.9988811016082764, "mode": "train", "epoch": 48}
{"loss": 0.16895581781864166, "acc": 0.9379857778549194, "length": 4.0, "mode": "test", "epoch": 48}
{"loss": 0.1095147579908371, "acc": 0.9606175422668457, "length": 3.9987215995788574, "mode": "train", "epoch": 49}
{"loss": 0.16192486882209778, "acc": 0.9420496225357056, "length": 4.0, "mode": "test", "epoch": 49}
{"loss": 0.12807130813598633, "acc": 0.9575923681259155, "length": 3.998286724090576, "mode": "train", "epoch": 50}
{"loss": 0.16626383364200592, "acc": 0.9386926889419556, "length": 4.0, "mode": "test", "epoch": 50}
{"loss": 0.1304028332233429, "acc": 0.9555449485778809, "length": 3.9993584156036377, "mode": "train", "epoch": 51}
{"loss": 0.1703483760356903, "acc": 0.942226231098175, "length": 4.0, "mode": "test", "epoch": 51}
{"loss": 0.10208959132432938, "acc": 0.9631077647209167, "length": 3.997251272201538, "mode": "train", "epoch": 52}
{"loss": 0.12758015096187592, "acc": 0.9547704458236694, "length": 4.0, "mode": "test", "epoch": 52}
{"loss": 0.08343058079481125, "acc": 0.9704660177230835, "length": 3.999246597290039, "mode": "train", "epoch": 53}
{"loss": 0.1287849098443985, "acc": 0.9545935988426208, "length": 4.0, "mode": "test", "epoch": 53}
{"loss": 0.0887615755200386, "acc": 0.9690579771995544, "length": 3.9997365474700928, "mode": "train", "epoch": 54}
{"loss": 0.1632315218448639, "acc": 0.946289598941803, "length": 4.0, "mode": "test", "epoch": 54}
{"loss": 0.08155661821365356, "acc": 0.9712900519371033, "length": 3.9990313053131104, "mode": "train", "epoch": 55}
{"loss": 0.12966212630271912, "acc": 0.9574205279350281, "length": 4.0, "mode": "test", "epoch": 55}
{"loss": 0.07430534809827805, "acc": 0.9736632108688354, "length": 3.99965238571167, "mode": "train", "epoch": 56}
{"loss": 0.13707856833934784, "acc": 0.9583039283752441, "length": 4.0, "mode": "test", "epoch": 56}
{"loss": 0.07819651067256927, "acc": 0.9733728766441345, "length": 3.999831199645996, "mode": "train", "epoch": 57}
{"loss": 0.12821976840496063, "acc": 0.9598938822746277, "length": 4.0, "mode": "test", "epoch": 57}
{"loss": 0.08205220103263855, "acc": 0.9695976376533508, "length": 3.9999325275421143, "mode": "train", "epoch": 58}
{"loss": 0.1942351907491684, "acc": 0.9471731185913086, "length": 4.0, "mode": "test", "epoch": 58}
{"loss": 0.08264307677745819, "acc": 0.9686530828475952, "length": 3.9999029636383057, "mode": "train", "epoch": 59}
{"loss": 0.15582023561000824, "acc": 0.955653727054596, "length": 4.0, "mode": "test", "epoch": 59}
{"loss": 0.10682719200849533, "acc": 0.9639291763305664, "length": 3.999894857406616, "mode": "train", "epoch": 60}
{"loss": 0.16985738277435303, "acc": 0.9517669081687927, "length": 4.0, "mode": "test", "epoch": 60}
test accuracy: 0.791451632976532
