# ["--attributes=3", "--values=4", "--game_size=10", "--vocab_size_factor=3", "--n_epochs=60", "--batch_size=64", "--learning_rate=0.001", "--hidden_size=256", "--temp_update=0.99", "--temperature=1"]
Creating train_ds and val_ds...

Creating test_ds...
{"loss": 0.7041041851043701, "acc": 0.5070601105690002, "length": 2.146660089492798, "mode": "train", "epoch": 1}
{"loss": 0.6963667273521423, "acc": 0.49522191286087036, "length": 1.0, "mode": "test", "epoch": 1}
{"loss": 0.6930875182151794, "acc": 0.5194011926651001, "length": 1.0047550201416016, "mode": "train", "epoch": 2}
{"loss": 0.6981894373893738, "acc": 0.49982935190200806, "length": 1.0, "mode": "test", "epoch": 2}
{"loss": 0.6929947733879089, "acc": 0.5193881988525391, "length": 1.0016021728515625, "mode": "train", "epoch": 3}
{"loss": 0.6961393356323242, "acc": 0.5124573707580566, "length": 1.0, "mode": "test", "epoch": 3}
{"loss": 0.6942445039749146, "acc": 0.5213012099266052, "length": 1.0085217952728271, "mode": "train", "epoch": 4}
{"loss": 0.6983269453048706, "acc": 0.4843003749847412, "length": 1.0, "mode": "test", "epoch": 4}
{"loss": 0.6458043456077576, "acc": 0.6278101205825806, "length": 1.932533860206604, "mode": "train", "epoch": 5}
{"loss": 0.6113691329956055, "acc": 0.6748310923576355, "length": 2.2559726238250732, "mode": "test", "epoch": 5}
{"loss": 0.579573929309845, "acc": 0.6958222985267639, "length": 2.1552605628967285, "mode": "train", "epoch": 6}
{"loss": 0.5905831456184387, "acc": 0.6762728095054626, "length": 2.1228668689727783, "mode": "test", "epoch": 6}
{"loss": 0.5481358766555786, "acc": 0.7112720608711243, "length": 2.202796459197998, "mode": "train", "epoch": 7}
{"loss": 0.5583797693252563, "acc": 0.7197346687316895, "length": 2.232081890106201, "mode": "test", "epoch": 7}
{"loss": 0.5090727210044861, "acc": 0.7422797679901123, "length": 2.419900417327881, "mode": "train", "epoch": 8}
{"loss": 0.5205053687095642, "acc": 0.7551332712173462, "length": 2.689419746398926, "mode": "test", "epoch": 8}
{"loss": 0.4630388617515564, "acc": 0.787253737449646, "length": 2.714369058609009, "mode": "train", "epoch": 9}
{"loss": 0.47949767112731934, "acc": 0.8151534199714661, "length": 3.180887460708618, "mode": "test", "epoch": 9}
{"loss": 0.43199288845062256, "acc": 0.8114149570465088, "length": 2.9817771911621094, "mode": "train", "epoch": 10}
{"loss": 0.46051302552223206, "acc": 0.8043200373649597, "length": 3.2423207759857178, "mode": "test", "epoch": 10}
{"loss": 0.4028938412666321, "acc": 0.8278218507766724, "length": 3.112471103668213, "mode": "train", "epoch": 11}
{"loss": 0.43423399329185486, "acc": 0.8245055079460144, "length": 3.232081890106201, "mode": "test", "epoch": 11}
{"loss": 0.3760856091976166, "acc": 0.840303897857666, "length": 3.2190706729888916, "mode": "train", "epoch": 12}
{"loss": 0.41732463240623474, "acc": 0.8250078558921814, "length": 3.2423207759857178, "mode": "test", "epoch": 12}
{"loss": 0.35253390669822693, "acc": 0.8482136130332947, "length": 3.3526928424835205, "mode": "train", "epoch": 13}
{"loss": 0.40746569633483887, "acc": 0.834263801574707, "length": 3.395904541015625, "mode": "test", "epoch": 13}
{"loss": 0.33615878224372864, "acc": 0.8560351133346558, "length": 3.479832887649536, "mode": "train", "epoch": 14}
{"loss": 0.4118330478668213, "acc": 0.8327057361602783, "length": 3.5187714099884033, "mode": "test", "epoch": 14}
{"loss": 0.32272276282310486, "acc": 0.8635836839675903, "length": 3.557403326034546, "mode": "train", "epoch": 15}
{"loss": 0.36598485708236694, "acc": 0.8575896620750427, "length": 3.6416382789611816, "mode": "test", "epoch": 15}
{"loss": 0.30783531069755554, "acc": 0.8738163709640503, "length": 3.59039044380188, "mode": "train", "epoch": 16}
{"loss": 0.3581184446811676, "acc": 0.8550644516944885, "length": 3.7030715942382812, "mode": "test", "epoch": 16}
{"loss": 0.284488320350647, "acc": 0.8837860822677612, "length": 3.7475502490997314, "mode": "train", "epoch": 17}
{"loss": 0.3481215834617615, "acc": 0.859753429889679, "length": 3.7952218055725098, "mode": "test", "epoch": 17}
{"loss": 0.27877873182296753, "acc": 0.8850871324539185, "length": 3.7911887168884277, "mode": "train", "epoch": 18}
{"loss": 0.30792829394340515, "acc": 0.88166743516922, "length": 3.8054606914520264, "mode": "test", "epoch": 18}
{"loss": 0.26596876978874207, "acc": 0.8942268490791321, "length": 3.834667682647705, "mode": "train", "epoch": 19}
{"loss": 0.30356860160827637, "acc": 0.8918164372444153, "length": 3.8054606914520264, "mode": "test", "epoch": 19}
{"loss": 0.24438434839248657, "acc": 0.9018796682357788, "length": 3.8568804264068604, "mode": "train", "epoch": 20}
{"loss": 0.2908969521522522, "acc": 0.8914440870285034, "length": 3.8361775875091553, "mode": "test", "epoch": 20}
{"loss": 0.2334907054901123, "acc": 0.9113398790359497, "length": 3.8928892612457275, "mode": "train", "epoch": 21}
{"loss": 0.2925390303134918, "acc": 0.8964489698410034, "length": 3.873720169067383, "mode": "test", "epoch": 21}
{"loss": 0.23349618911743164, "acc": 0.9140139818191528, "length": 3.905484199523926, "mode": "train", "epoch": 22}
{"loss": 0.2840389013290405, "acc": 0.895832359790802, "length": 3.9078497886657715, "mode": "test", "epoch": 22}
{"loss": 0.22848601639270782, "acc": 0.9146059155464172, "length": 3.930121660232544, "mode": "train", "epoch": 23}
{"loss": 0.2851778566837311, "acc": 0.8967898488044739, "length": 3.94197940826416, "mode": "test", "epoch": 23}
{"loss": 0.21790805459022522, "acc": 0.9194152355194092, "length": 3.957798957824707, "mode": "train", "epoch": 24}
{"loss": 0.26339882612228394, "acc": 0.90621018409729, "length": 3.9931740760803223, "mode": "test", "epoch": 24}
{"loss": 0.2033311426639557, "acc": 0.9231436252593994, "length": 3.9758994579315186, "mode": "train", "epoch": 25}
{"loss": 0.2600521743297577, "acc": 0.9072498083114624, "length": 3.996587038040161, "mode": "test", "epoch": 25}
{"loss": 0.2004299759864807, "acc": 0.9232420325279236, "length": 3.981019973754883, "mode": "train", "epoch": 26}
{"loss": 0.26509103178977966, "acc": 0.902047872543335, "length": 4.0, "mode": "test", "epoch": 26}
{"loss": 0.20076383650302887, "acc": 0.9229444265365601, "length": 3.984870433807373, "mode": "train", "epoch": 27}
{"loss": 0.25246915221214294, "acc": 0.909727156162262, "length": 4.0, "mode": "test", "epoch": 27}
{"loss": 0.20303736627101898, "acc": 0.9214742183685303, "length": 3.9909894466400146, "mode": "train", "epoch": 28}
{"loss": 0.25615355372428894, "acc": 0.9095563888549805, "length": 4.0, "mode": "test", "epoch": 28}
{"loss": 0.19493435323238373, "acc": 0.9281785488128662, "length": 3.988569736480713, "mode": "train", "epoch": 29}
{"loss": 0.2738156020641327, "acc": 0.9100682139396667, "length": 4.0, "mode": "test", "epoch": 29}
{"loss": 0.1940227448940277, "acc": 0.9244213700294495, "length": 3.9929707050323486, "mode": "train", "epoch": 30}
{"loss": 0.2528022229671478, "acc": 0.9150170087814331, "length": 4.0, "mode": "test", "epoch": 30}
{"loss": 0.19757141172885895, "acc": 0.9264670610427856, "length": 3.990023136138916, "mode": "train", "epoch": 31}
{"loss": 0.2442455291748047, "acc": 0.9194537997245789, "length": 4.0, "mode": "test", "epoch": 31}
{"loss": 0.17834623157978058, "acc": 0.9356038570404053, "length": 3.995823621749878, "mode": "train", "epoch": 32}
{"loss": 0.24913263320922852, "acc": 0.9129692912101746, "length": 4.0, "mode": "test", "epoch": 32}
{"loss": 0.17950323224067688, "acc": 0.9289343953132629, "length": 3.994025945663452, "mode": "train", "epoch": 33}
{"loss": 0.24244265258312225, "acc": 0.9215018153190613, "length": 4.0, "mode": "test", "epoch": 33}
{"loss": 0.1741248518228531, "acc": 0.9369753003120422, "length": 3.9936695098876953, "mode": "train", "epoch": 34}
{"loss": 0.2570171058177948, "acc": 0.914675772190094, "length": 4.0, "mode": "test", "epoch": 34}
{"loss": 0.16783711314201355, "acc": 0.9398142695426941, "length": 3.99592661857605, "mode": "train", "epoch": 35}
{"loss": 0.24271748960018158, "acc": 0.9199658036231995, "length": 4.0, "mode": "test", "epoch": 35}
{"loss": 0.16282576322555542, "acc": 0.9425199031829834, "length": 3.9993271827697754, "mode": "train", "epoch": 36}
{"loss": 0.2404641956090927, "acc": 0.9262799620628357, "length": 4.0, "mode": "test", "epoch": 36}
{"loss": 0.15068987011909485, "acc": 0.9485655426979065, "length": 3.9992494583129883, "mode": "train", "epoch": 37}
{"loss": 0.24071469902992249, "acc": 0.9281570315361023, "length": 4.0, "mode": "test", "epoch": 37}
{"loss": 0.15374529361724854, "acc": 0.9444712400436401, "length": 3.9973394870758057, "mode": "train", "epoch": 38}
{"loss": 0.26430273056030273, "acc": 0.9078498482704163, "length": 4.0, "mode": "test", "epoch": 38}
{"loss": 0.18762823939323425, "acc": 0.931006133556366, "length": 3.999427080154419, "mode": "train", "epoch": 39}
{"loss": 0.2902023494243622, "acc": 0.8933448195457458, "length": 4.0, "mode": "test", "epoch": 39}
{"loss": 0.19645753502845764, "acc": 0.927646279335022, "length": 3.999624729156494, "mode": "train", "epoch": 40}
{"loss": 0.291276216506958, "acc": 0.909385621547699, "length": 4.0, "mode": "test", "epoch": 40}
{"loss": 0.17896267771720886, "acc": 0.9322666525840759, "length": 3.999850273132324, "mode": "train", "epoch": 41}
{"loss": 0.2586694657802582, "acc": 0.9126278758049011, "length": 4.0, "mode": "test", "epoch": 41}
{"loss": 0.17720209062099457, "acc": 0.932765007019043, "length": 3.99904727935791, "mode": "train", "epoch": 42}
{"loss": 0.26155033707618713, "acc": 0.9156997203826904, "length": 4.0, "mode": "test", "epoch": 42}
{"loss": 0.1641380488872528, "acc": 0.9381089806556702, "length": 3.9981741905212402, "mode": "train", "epoch": 43}
{"loss": 0.2233462780714035, "acc": 0.9215016961097717, "length": 4.0, "mode": "test", "epoch": 43}
{"loss": 0.16211825609207153, "acc": 0.9397189021110535, "length": 3.9985551834106445, "mode": "train", "epoch": 44}
{"loss": 0.26449522376060486, "acc": 0.917064905166626, "length": 4.0, "mode": "test", "epoch": 44}
{"loss": 0.16147823631763458, "acc": 0.9387657046318054, "length": 3.9998278617858887, "mode": "train", "epoch": 45}
{"loss": 0.24442623555660248, "acc": 0.9194539785385132, "length": 4.0, "mode": "test", "epoch": 45}
{"loss": 0.1515006124973297, "acc": 0.9431285262107849, "length": 3.9986464977264404, "mode": "train", "epoch": 46}
{"loss": 0.2506555914878845, "acc": 0.9201365113258362, "length": 4.0, "mode": "test", "epoch": 46}
{"loss": 0.1515538990497589, "acc": 0.9409299492835999, "length": 3.9996509552001953, "mode": "train", "epoch": 47}
{"loss": 0.2378406971693039, "acc": 0.9192832112312317, "length": 4.0, "mode": "test", "epoch": 47}
{"loss": 0.14476802945137024, "acc": 0.9449371099472046, "length": 3.997934103012085, "mode": "train", "epoch": 48}
{"loss": 0.23166517913341522, "acc": 0.922355055809021, "length": 4.0, "mode": "test", "epoch": 48}
{"loss": 0.13703370094299316, "acc": 0.9484436511993408, "length": 3.999359369277954, "mode": "train", "epoch": 49}
{"loss": 0.23565839231014252, "acc": 0.9271332025527954, "length": 4.0, "mode": "test", "epoch": 49}
{"loss": 0.13015690445899963, "acc": 0.9511224627494812, "length": 3.999488592147827, "mode": "train", "epoch": 50}
{"loss": 0.23678408563137054, "acc": 0.9303754568099976, "length": 4.0, "mode": "test", "epoch": 50}
{"loss": 0.13363561034202576, "acc": 0.9503934979438782, "length": 3.9997646808624268, "mode": "train", "epoch": 51}
{"loss": 0.23441536724567413, "acc": 0.9233788847923279, "length": 4.0, "mode": "test", "epoch": 51}
{"loss": 0.13367757201194763, "acc": 0.9526169300079346, "length": 3.9996094703674316, "mode": "train", "epoch": 52}
{"loss": 0.2089626044034958, "acc": 0.9305460453033447, "length": 4.0, "mode": "test", "epoch": 52}
{"loss": 0.13206413388252258, "acc": 0.9500479102134705, "length": 3.9993510246276855, "mode": "train", "epoch": 53}
{"loss": 0.23833294212818146, "acc": 0.9201365113258362, "length": 4.0, "mode": "test", "epoch": 53}
{"loss": 0.13507279753684998, "acc": 0.9479429125785828, "length": 3.999723196029663, "mode": "train", "epoch": 54}
{"loss": 0.2482229322195053, "acc": 0.9196246266365051, "length": 4.0, "mode": "test", "epoch": 54}
{"loss": 0.13153183460235596, "acc": 0.9486905336380005, "length": 3.9989068508148193, "mode": "train", "epoch": 55}
{"loss": 0.26509031653404236, "acc": 0.9160410165786743, "length": 4.0, "mode": "test", "epoch": 55}
{"loss": 0.13537514209747314, "acc": 0.9482268691062927, "length": 3.9997286796569824, "mode": "train", "epoch": 56}
{"loss": 0.21763335168361664, "acc": 0.9232081770896912, "length": 4.0, "mode": "test", "epoch": 56}
{"loss": 0.12812598049640656, "acc": 0.9481648802757263, "length": 3.999352216720581, "mode": "train", "epoch": 57}
{"loss": 0.201730415225029, "acc": 0.935153603553772, "length": 4.0, "mode": "test", "epoch": 57}
{"loss": 0.15326064825057983, "acc": 0.9433839917182922, "length": 3.9998157024383545, "mode": "train", "epoch": 58}
{"loss": 0.21637263894081116, "acc": 0.919283390045166, "length": 4.0, "mode": "test", "epoch": 58}
{"loss": 0.1466778814792633, "acc": 0.9441773295402527, "length": 3.9994592666625977, "mode": "train", "epoch": 59}
{"loss": 0.21675637364387512, "acc": 0.9283276200294495, "length": 4.0, "mode": "test", "epoch": 59}
{"loss": 0.14235442876815796, "acc": 0.943671464920044, "length": 3.9999866485595703, "mode": "train", "epoch": 60}
{"loss": 0.19040681421756744, "acc": 0.9257678985595703, "length": 4.0, "mode": "test", "epoch": 60}
test accuracy: 0.762036919593811
