# ["--attributes=3", "--values=4", "--game_size=10", "--vocab_size_factor=3", "--n_epochs=60", "--batch_size=64", "--learning_rate=0.001", "--hidden_size=256", "--temp_update=0.99", "--temperature=1.5"]
Creating train_ds and val_ds...

Creating test_ds...
{"loss": 0.7109193205833435, "acc": 0.5113065242767334, "length": 2.6981945037841797, "mode": "train", "epoch": 1}
{"loss": 0.7000170946121216, "acc": 0.47968754172325134, "length": 1.0, "mode": "test", "epoch": 1}
{"loss": 0.695256769657135, "acc": 0.5084184408187866, "length": 1.0283010005950928, "mode": "train", "epoch": 2}
{"loss": 0.6899632811546326, "acc": 0.5185763835906982, "length": 1.0, "mode": "test", "epoch": 2}
{"loss": 0.6930633187294006, "acc": 0.5141040086746216, "length": 1.010571002960205, "mode": "train", "epoch": 3}
{"loss": 0.6871560215950012, "acc": 0.5414931178092957, "length": 1.0, "mode": "test", "epoch": 3}
{"loss": 0.6940132975578308, "acc": 0.5101633071899414, "length": 1.0096871852874756, "mode": "train", "epoch": 4}
{"loss": 0.6916471123695374, "acc": 0.5159721970558167, "length": 1.0, "mode": "test", "epoch": 4}
{"loss": 0.6914337873458862, "acc": 0.5280784964561462, "length": 1.0176414251327515, "mode": "train", "epoch": 5}
{"loss": 0.6866921782493591, "acc": 0.5388888716697693, "length": 1.0, "mode": "test", "epoch": 5}
{"loss": 0.6804043054580688, "acc": 0.5578412413597107, "length": 1.4944729804992676, "mode": "train", "epoch": 6}
{"loss": 0.6122289299964905, "acc": 0.6950738430023193, "length": 2.809027671813965, "mode": "test", "epoch": 6}
{"loss": 0.5701245069503784, "acc": 0.7034282088279724, "length": 2.922098398208618, "mode": "train", "epoch": 7}
{"loss": 0.5564110279083252, "acc": 0.6933674812316895, "length": 2.9166667461395264, "mode": "test", "epoch": 7}
{"loss": 0.5450348854064941, "acc": 0.7049316763877869, "length": 3.075654983520508, "mode": "train", "epoch": 8}
{"loss": 0.5548302531242371, "acc": 0.7132432460784912, "length": 2.8854167461395264, "mode": "test", "epoch": 8}
{"loss": 0.5381485223770142, "acc": 0.712613582611084, "length": 3.0699496269226074, "mode": "train", "epoch": 9}
{"loss": 0.5388684868812561, "acc": 0.7120090126991272, "length": 2.9270832538604736, "mode": "test", "epoch": 9}
{"loss": 0.5382580757141113, "acc": 0.7100100517272949, "length": 3.075646162033081, "mode": "train", "epoch": 10}
{"loss": 0.5412032604217529, "acc": 0.7140190601348877, "length": 2.9270832538604736, "mode": "test", "epoch": 10}
{"loss": 0.5385169386863708, "acc": 0.7116289734840393, "length": 3.0768039226531982, "mode": "train", "epoch": 11}
{"loss": 0.5347830653190613, "acc": 0.7126355767250061, "length": 2.9270832538604736, "mode": "test", "epoch": 11}
{"loss": 0.5287513136863708, "acc": 0.7180148959159851, "length": 3.070617437362671, "mode": "train", "epoch": 12}
{"loss": 0.5483128428459167, "acc": 0.7252278923988342, "length": 2.9166667461395264, "mode": "test", "epoch": 12}
{"loss": 0.5247966647148132, "acc": 0.7216085195541382, "length": 3.0836493968963623, "mode": "train", "epoch": 13}
{"loss": 0.5396419763565063, "acc": 0.7159342765808105, "length": 2.9270832538604736, "mode": "test", "epoch": 13}
{"loss": 0.5038613677024841, "acc": 0.7418578267097473, "length": 3.1101107597351074, "mode": "train", "epoch": 14}
{"loss": 0.5080373883247375, "acc": 0.7625732421875, "length": 2.9166667461395264, "mode": "test", "epoch": 14}
{"loss": 0.46524322032928467, "acc": 0.7755720019340515, "length": 3.1322357654571533, "mode": "train", "epoch": 15}
{"loss": 0.4951925277709961, "acc": 0.7958604693412781, "length": 2.9166667461395264, "mode": "test", "epoch": 15}
{"loss": 0.4433172941207886, "acc": 0.7964338660240173, "length": 3.1647887229919434, "mode": "train", "epoch": 16}
{"loss": 0.47444653511047363, "acc": 0.7887043952941895, "length": 3.03125, "mode": "test", "epoch": 16}
{"loss": 0.42822110652923584, "acc": 0.8095221519470215, "length": 3.297154426574707, "mode": "train", "epoch": 17}
{"loss": 0.4527372419834137, "acc": 0.8093342185020447, "length": 3.0729167461395264, "mode": "test", "epoch": 17}
{"loss": 0.42177125811576843, "acc": 0.8124736547470093, "length": 3.343043565750122, "mode": "train", "epoch": 18}
{"loss": 0.46772369742393494, "acc": 0.7975965142250061, "length": 3.15625, "mode": "test", "epoch": 18}
{"loss": 0.4125608801841736, "acc": 0.8127515316009521, "length": 3.4095094203948975, "mode": "train", "epoch": 19}
{"loss": 0.4364670217037201, "acc": 0.8098606467247009, "length": 3.1666667461395264, "mode": "test", "epoch": 19}
{"loss": 0.3966674506664276, "acc": 0.8127486705780029, "length": 3.497194766998291, "mode": "train", "epoch": 20}
{"loss": 0.4186355769634247, "acc": 0.8171875476837158, "length": 3.2708332538604736, "mode": "test", "epoch": 20}
{"loss": 0.36803382635116577, "acc": 0.834034264087677, "length": 3.499539375305176, "mode": "train", "epoch": 21}
{"loss": 0.3813038170337677, "acc": 0.8306559920310974, "length": 3.5520832538604736, "mode": "test", "epoch": 21}
{"loss": 0.3484641909599304, "acc": 0.8405044674873352, "length": 3.6544580459594727, "mode": "train", "epoch": 22}
{"loss": 0.34491369128227234, "acc": 0.8393337726593018, "length": 3.53125, "mode": "test", "epoch": 22}
{"loss": 0.3268963098526001, "acc": 0.8567969799041748, "length": 3.6269943714141846, "mode": "train", "epoch": 23}
{"loss": 0.32921016216278076, "acc": 0.8526394367218018, "length": 3.6354167461395264, "mode": "test", "epoch": 23}
{"loss": 0.30308985710144043, "acc": 0.8653410077095032, "length": 3.809586763381958, "mode": "train", "epoch": 24}
{"loss": 0.31065985560417175, "acc": 0.867811381816864, "length": 3.90625, "mode": "test", "epoch": 24}
{"loss": 0.28376504778862, "acc": 0.8767914175987244, "length": 3.966355562210083, "mode": "train", "epoch": 25}
{"loss": 0.29517224431037903, "acc": 0.8741319179534912, "length": 4.0, "mode": "test", "epoch": 25}
{"loss": 0.26349958777427673, "acc": 0.885220468044281, "length": 3.99836802482605, "mode": "train", "epoch": 26}
{"loss": 0.3159432113170624, "acc": 0.8743056058883667, "length": 4.0, "mode": "test", "epoch": 26}
{"loss": 0.25566548109054565, "acc": 0.889896810054779, "length": 3.9978106021881104, "mode": "train", "epoch": 27}
{"loss": 0.27754488587379456, "acc": 0.8887152075767517, "length": 4.0, "mode": "test", "epoch": 27}
{"loss": 0.23527927696704865, "acc": 0.9017511010169983, "length": 3.997246742248535, "mode": "train", "epoch": 28}
{"loss": 0.26532256603240967, "acc": 0.8930554986000061, "length": 4.0, "mode": "test", "epoch": 28}
{"loss": 0.22607041895389557, "acc": 0.9068946242332458, "length": 3.99660587310791, "mode": "train", "epoch": 29}
{"loss": 0.24917276203632355, "acc": 0.9010416865348816, "length": 4.0, "mode": "test", "epoch": 29}
{"loss": 0.21508245170116425, "acc": 0.9093442559242249, "length": 3.998476028442383, "mode": "train", "epoch": 30}
{"loss": 0.24444161355495453, "acc": 0.8963541388511658, "length": 4.0, "mode": "test", "epoch": 30}
{"loss": 0.19656069576740265, "acc": 0.9152194261550903, "length": 3.996694803237915, "mode": "train", "epoch": 31}
{"loss": 0.2386348694562912, "acc": 0.9029514789581299, "length": 4.0, "mode": "test", "epoch": 31}
{"loss": 0.17343738675117493, "acc": 0.9301159977912903, "length": 3.9984660148620605, "mode": "train", "epoch": 32}
{"loss": 0.24989891052246094, "acc": 0.9003472924232483, "length": 4.0, "mode": "test", "epoch": 32}
{"loss": 0.18017463386058807, "acc": 0.9269850254058838, "length": 3.9989678859710693, "mode": "train", "epoch": 33}
{"loss": 0.23817764222621918, "acc": 0.9048611521720886, "length": 4.0, "mode": "test", "epoch": 33}
{"loss": 0.17092517018318176, "acc": 0.929839015007019, "length": 3.9992613792419434, "mode": "train", "epoch": 34}
{"loss": 0.2045140564441681, "acc": 0.9187500476837158, "length": 4.0, "mode": "test", "epoch": 34}
{"loss": 0.15418528020381927, "acc": 0.9397646188735962, "length": 3.9993817806243896, "mode": "train", "epoch": 35}
{"loss": 0.2268458902835846, "acc": 0.9168403148651123, "length": 4.0, "mode": "test", "epoch": 35}
{"loss": 0.14533782005310059, "acc": 0.9422035217285156, "length": 3.9994595050811768, "mode": "train", "epoch": 36}
{"loss": 0.18852458894252777, "acc": 0.9249999523162842, "length": 4.0, "mode": "test", "epoch": 36}
{"loss": 0.14188244938850403, "acc": 0.941623330116272, "length": 3.9994089603424072, "mode": "train", "epoch": 37}
{"loss": 0.19666431844234467, "acc": 0.9114582538604736, "length": 4.0, "mode": "test", "epoch": 37}
{"loss": 0.1308547556400299, "acc": 0.9462133049964905, "length": 3.9995408058166504, "mode": "train", "epoch": 38}
{"loss": 0.20181195437908173, "acc": 0.9210069179534912, "length": 4.0, "mode": "test", "epoch": 38}
{"loss": 0.13608548045158386, "acc": 0.9462103843688965, "length": 3.9994709491729736, "mode": "train", "epoch": 39}
{"loss": 0.19046750664710999, "acc": 0.9291665554046631, "length": 4.0, "mode": "test", "epoch": 39}
{"loss": 0.13054734468460083, "acc": 0.9506130218505859, "length": 3.999404191970825, "mode": "train", "epoch": 40}
{"loss": 0.16794143617153168, "acc": 0.9307292103767395, "length": 4.0, "mode": "test", "epoch": 40}
{"loss": 0.10417496412992477, "acc": 0.961877167224884, "length": 3.9996755123138428, "mode": "train", "epoch": 41}
{"loss": 0.1687859147787094, "acc": 0.9366318583488464, "length": 4.0, "mode": "test", "epoch": 41}
{"loss": 0.10139194130897522, "acc": 0.9629034996032715, "length": 3.999136209487915, "mode": "train", "epoch": 42}
{"loss": 0.1850891262292862, "acc": 0.9376736879348755, "length": 4.0, "mode": "test", "epoch": 42}
{"loss": 0.09534800797700882, "acc": 0.9621667265892029, "length": 3.99947190284729, "mode": "train", "epoch": 43}
{"loss": 0.1845887154340744, "acc": 0.9314236044883728, "length": 4.0, "mode": "test", "epoch": 43}
{"loss": 0.09537966549396515, "acc": 0.9649530649185181, "length": 3.9997406005859375, "mode": "train", "epoch": 44}
{"loss": 0.18899138271808624, "acc": 0.9357638955116272, "length": 4.0, "mode": "test", "epoch": 44}
{"loss": 0.09100858122110367, "acc": 0.96640944480896, "length": 3.999868631362915, "mode": "train", "epoch": 45}
{"loss": 0.15684866905212402, "acc": 0.9437500834465027, "length": 4.0, "mode": "test", "epoch": 45}
{"loss": 0.09316481649875641, "acc": 0.9618256092071533, "length": 3.999840497970581, "mode": "train", "epoch": 46}
{"loss": 0.19565075635910034, "acc": 0.9319444298744202, "length": 4.0, "mode": "test", "epoch": 46}
{"loss": 0.11102385073900223, "acc": 0.9588110446929932, "length": 3.9998562335968018, "mode": "train", "epoch": 47}
{"loss": 0.20702436566352844, "acc": 0.9289931058883667, "length": 4.0, "mode": "test", "epoch": 47}
{"loss": 0.0959329828619957, "acc": 0.9644388556480408, "length": 3.999903440475464, "mode": "train", "epoch": 48}
{"loss": 0.17003336548805237, "acc": 0.9407985210418701, "length": 4.0, "mode": "test", "epoch": 48}
{"loss": 0.10801621526479721, "acc": 0.9601980447769165, "length": 3.9997456073760986, "mode": "train", "epoch": 49}
{"loss": 0.18821649253368378, "acc": 0.9359375834465027, "length": 4.0, "mode": "test", "epoch": 49}
{"loss": 0.11967603117227554, "acc": 0.9546937942504883, "length": 3.9998979568481445, "mode": "train", "epoch": 50}
{"loss": 0.19248001277446747, "acc": 0.9395835399627686, "length": 4.0, "mode": "test", "epoch": 50}
{"loss": 0.11243889480829239, "acc": 0.9562610387802124, "length": 3.999925136566162, "mode": "train", "epoch": 51}
{"loss": 0.18484728038311005, "acc": 0.9321179986000061, "length": 4.0, "mode": "test", "epoch": 51}
{"loss": 0.09871228784322739, "acc": 0.9620023369789124, "length": 3.999892473220825, "mode": "train", "epoch": 52}
{"loss": 0.1976204812526703, "acc": 0.9210069179534912, "length": 4.0, "mode": "test", "epoch": 52}
{"loss": 0.08921634405851364, "acc": 0.9664133787155151, "length": 3.999958038330078, "mode": "train", "epoch": 53}
{"loss": 0.21772050857543945, "acc": 0.9309027791023254, "length": 4.0, "mode": "test", "epoch": 53}
{"loss": 0.09406367689371109, "acc": 0.966523289680481, "length": 3.9998295307159424, "mode": "train", "epoch": 54}
{"loss": 0.1658463329076767, "acc": 0.9454861879348755, "length": 4.0, "mode": "test", "epoch": 54}
{"loss": 0.0861489474773407, "acc": 0.9693148732185364, "length": 3.999983072280884, "mode": "train", "epoch": 55}
{"loss": 0.18334603309631348, "acc": 0.9390624165534973, "length": 4.0, "mode": "test", "epoch": 55}
{"loss": 0.08226160705089569, "acc": 0.9683860540390015, "length": 3.999959707260132, "mode": "train", "epoch": 56}
{"loss": 0.21317856013774872, "acc": 0.9307292103767395, "length": 4.0, "mode": "test", "epoch": 56}
{"loss": 0.07499317824840546, "acc": 0.9708803296089172, "length": 3.9999594688415527, "mode": "train", "epoch": 57}
{"loss": 0.16522565484046936, "acc": 0.9480903148651123, "length": 4.0, "mode": "test", "epoch": 57}
{"loss": 0.08325573801994324, "acc": 0.9696050882339478, "length": 3.9999783039093018, "mode": "train", "epoch": 58}
{"loss": 0.1385001391172409, "acc": 0.9458333253860474, "length": 4.0, "mode": "test", "epoch": 58}
{"loss": 0.07555990666151047, "acc": 0.9699530005455017, "length": 3.999985933303833, "mode": "train", "epoch": 59}
{"loss": 0.1583237200975418, "acc": 0.9489583969116211, "length": 4.0, "mode": "test", "epoch": 59}
{"loss": 0.07438936829566956, "acc": 0.9744194746017456, "length": 3.999985933303833, "mode": "train", "epoch": 60}
{"loss": 0.16955116391181946, "acc": 0.941493034362793, "length": 4.0, "mode": "test", "epoch": 60}
test accuracy: 0.8018965125083923
