# ["--attributes=3", "--values=4", "--game_size=10", "--vocab_size_factor=3", "--n_epochs=60", "--batch_size=64", "--learning_rate=0.001", "--hidden_size=256", "--temp_update=0.99", "--temperature=2"]
Creating train_ds and val_ds...

Creating test_ds...
{"loss": 0.7032228708267212, "acc": 0.5178335309028625, "length": 2.629883050918579, "mode": "train", "epoch": 1}
{"loss": 0.6916155219078064, "acc": 0.5399305820465088, "length": 1.0, "mode": "test", "epoch": 1}
{"loss": 0.6841007471084595, "acc": 0.5504723191261292, "length": 1.3815159797668457, "mode": "train", "epoch": 2}
{"loss": 0.6705452799797058, "acc": 0.6248019337654114, "length": 1.6979166269302368, "mode": "test", "epoch": 2}
{"loss": 0.6066200137138367, "acc": 0.6817013025283813, "length": 2.457552909851074, "mode": "train", "epoch": 3}
{"loss": 0.6213167905807495, "acc": 0.6776746511459351, "length": 2.625, "mode": "test", "epoch": 3}
{"loss": 0.5439655184745789, "acc": 0.7241068482398987, "length": 2.714002847671509, "mode": "train", "epoch": 4}
{"loss": 0.5123634934425354, "acc": 0.7644639611244202, "length": 2.9791667461395264, "mode": "test", "epoch": 4}
{"loss": 0.4738183617591858, "acc": 0.7844185829162598, "length": 2.9067471027374268, "mode": "train", "epoch": 5}
{"loss": 0.45446062088012695, "acc": 0.7927002906799316, "length": 3.125, "mode": "test", "epoch": 5}
{"loss": 0.39302167296409607, "acc": 0.8306424617767334, "length": 3.0420002937316895, "mode": "train", "epoch": 6}
{"loss": 0.40647727251052856, "acc": 0.8279243111610413, "length": 3.1458332538604736, "mode": "test", "epoch": 6}
{"loss": 0.3491547405719757, "acc": 0.8500324487686157, "length": 3.122166156768799, "mode": "train", "epoch": 7}
{"loss": 0.41185489296913147, "acc": 0.8259873986244202, "length": 3.2604167461395264, "mode": "test", "epoch": 7}
{"loss": 0.322542279958725, "acc": 0.8605216145515442, "length": 3.174835443496704, "mode": "train", "epoch": 8}
{"loss": 0.361166387796402, "acc": 0.8486409783363342, "length": 3.1041667461395264, "mode": "test", "epoch": 8}
{"loss": 0.29199206829071045, "acc": 0.8772854804992676, "length": 3.1713767051696777, "mode": "train", "epoch": 9}
{"loss": 0.34259673953056335, "acc": 0.8449598550796509, "length": 3.25, "mode": "test", "epoch": 9}
{"loss": 0.26423507928848267, "acc": 0.8913699388504028, "length": 3.2440502643585205, "mode": "train", "epoch": 10}
{"loss": 0.3356737792491913, "acc": 0.8702499866485596, "length": 3.15625, "mode": "test", "epoch": 10}
{"loss": 0.24553470313549042, "acc": 0.8985981345176697, "length": 3.3432204723358154, "mode": "train", "epoch": 11}
{"loss": 0.32836610078811646, "acc": 0.8685683012008667, "length": 3.28125, "mode": "test", "epoch": 11}
{"loss": 0.23626121878623962, "acc": 0.9056412577629089, "length": 3.352550983428955, "mode": "train", "epoch": 12}
{"loss": 0.34487563371658325, "acc": 0.8807183504104614, "length": 3.3854167461395264, "mode": "test", "epoch": 12}
{"loss": 0.22764849662780762, "acc": 0.9105470776557922, "length": 3.4560184478759766, "mode": "train", "epoch": 13}
{"loss": 0.2931710183620453, "acc": 0.8868868947029114, "length": 3.53125, "mode": "test", "epoch": 13}
{"loss": 0.2111610472202301, "acc": 0.9179114699363708, "length": 3.582954168319702, "mode": "train", "epoch": 14}
{"loss": 0.2656495273113251, "acc": 0.9025065898895264, "length": 3.7916667461395264, "mode": "test", "epoch": 14}
{"loss": 0.19892464578151703, "acc": 0.9200943112373352, "length": 3.7658584117889404, "mode": "train", "epoch": 15}
{"loss": 0.2748374342918396, "acc": 0.9050347208976746, "length": 4.0, "mode": "test", "epoch": 15}
{"loss": 0.18063977360725403, "acc": 0.9263902306556702, "length": 3.9251108169555664, "mode": "train", "epoch": 16}
{"loss": 0.23982082307338715, "acc": 0.9142361879348755, "length": 4.0, "mode": "test", "epoch": 16}
{"loss": 0.1696968674659729, "acc": 0.9339441657066345, "length": 3.98091721534729, "mode": "train", "epoch": 17}
{"loss": 0.2195357084274292, "acc": 0.9286457896232605, "length": 4.0, "mode": "test", "epoch": 17}
{"loss": 0.16950680315494537, "acc": 0.9366154670715332, "length": 3.9843246936798096, "mode": "train", "epoch": 18}
{"loss": 0.20314207673072815, "acc": 0.9157986044883728, "length": 4.0, "mode": "test", "epoch": 18}
{"loss": 0.15680661797523499, "acc": 0.9382602572441101, "length": 3.9895894527435303, "mode": "train", "epoch": 19}
{"loss": 0.1938682347536087, "acc": 0.9310763478279114, "length": 4.0, "mode": "test", "epoch": 19}
{"loss": 0.145348459482193, "acc": 0.9456658363342285, "length": 3.9901037216186523, "mode": "train", "epoch": 20}
{"loss": 0.18741320073604584, "acc": 0.9411458969116211, "length": 4.0, "mode": "test", "epoch": 20}
{"loss": 0.1315380185842514, "acc": 0.9475526213645935, "length": 3.9911813735961914, "mode": "train", "epoch": 21}
{"loss": 0.16683028638362885, "acc": 0.9307292103767395, "length": 4.0, "mode": "test", "epoch": 21}
{"loss": 0.12088081985712051, "acc": 0.9527328610420227, "length": 3.992161512374878, "mode": "train", "epoch": 22}
{"loss": 0.1586911976337433, "acc": 0.9484375715255737, "length": 4.0, "mode": "test", "epoch": 22}
{"loss": 0.10297811776399612, "acc": 0.962809681892395, "length": 3.992985248565674, "mode": "train", "epoch": 23}
{"loss": 0.15036827325820923, "acc": 0.9465277791023254, "length": 4.0, "mode": "test", "epoch": 23}
{"loss": 0.096169613301754, "acc": 0.9644849300384521, "length": 3.9922313690185547, "mode": "train", "epoch": 24}
{"loss": 0.1323690414428711, "acc": 0.9527777433395386, "length": 4.0, "mode": "test", "epoch": 24}
{"loss": 0.09451771527528763, "acc": 0.9622814059257507, "length": 3.9952311515808105, "mode": "train", "epoch": 25}
{"loss": 0.15543261170387268, "acc": 0.941493034362793, "length": 4.0, "mode": "test", "epoch": 25}
{"loss": 0.0864812433719635, "acc": 0.9693132638931274, "length": 3.9967174530029297, "mode": "train", "epoch": 26}
{"loss": 0.12639538943767548, "acc": 0.9590277075767517, "length": 4.0, "mode": "test", "epoch": 26}
{"loss": 0.0809357538819313, "acc": 0.9712769389152527, "length": 3.9967551231384277, "mode": "train", "epoch": 27}
{"loss": 0.13275572657585144, "acc": 0.9498264789581299, "length": 4.0, "mode": "test", "epoch": 27}
{"loss": 0.08176326006650925, "acc": 0.9670683741569519, "length": 3.997560977935791, "mode": "train", "epoch": 28}
{"loss": 0.13034269213676453, "acc": 0.953125, "length": 4.0, "mode": "test", "epoch": 28}
{"loss": 0.07693338394165039, "acc": 0.9689900279045105, "length": 3.997847557067871, "mode": "train", "epoch": 29}
{"loss": 0.134458526968956, "acc": 0.953125, "length": 4.0, "mode": "test", "epoch": 29}
{"loss": 0.07280062884092331, "acc": 0.9704839587211609, "length": 3.9973323345184326, "mode": "train", "epoch": 30}
{"loss": 0.16271758079528809, "acc": 0.9319445490837097, "length": 4.0, "mode": "test", "epoch": 30}
{"loss": 0.06631311029195786, "acc": 0.9725512266159058, "length": 3.995648145675659, "mode": "train", "epoch": 31}
{"loss": 0.10763633251190186, "acc": 0.9576389789581299, "length": 4.0, "mode": "test", "epoch": 31}
{"loss": 0.06586720049381256, "acc": 0.9751452803611755, "length": 3.9985544681549072, "mode": "train", "epoch": 32}
{"loss": 0.12616686522960663, "acc": 0.9586805701255798, "length": 4.0, "mode": "test", "epoch": 32}
{"loss": 0.0645977184176445, "acc": 0.9752684235572815, "length": 3.9987633228302, "mode": "train", "epoch": 33}
{"loss": 0.10681303590536118, "acc": 0.9682290554046631, "length": 4.0, "mode": "test", "epoch": 33}
{"loss": 0.05122693255543709, "acc": 0.9816468358039856, "length": 3.9988691806793213, "mode": "train", "epoch": 34}
{"loss": 0.11697127670049667, "acc": 0.9612847566604614, "length": 4.0, "mode": "test", "epoch": 34}
{"loss": 0.05038405582308769, "acc": 0.9796189069747925, "length": 3.9988653659820557, "mode": "train", "epoch": 35}
{"loss": 0.09956376999616623, "acc": 0.9684027433395386, "length": 4.0, "mode": "test", "epoch": 35}
{"loss": 0.05642835050821304, "acc": 0.9788103103637695, "length": 3.9990010261535645, "mode": "train", "epoch": 36}
{"loss": 0.09758330136537552, "acc": 0.9684027433395386, "length": 4.0, "mode": "test", "epoch": 36}
{"loss": 0.054414793848991394, "acc": 0.9808409810066223, "length": 3.9992873668670654, "mode": "train", "epoch": 37}
{"loss": 0.15131480991840363, "acc": 0.9538193941116333, "length": 4.0, "mode": "test", "epoch": 37}
{"loss": 0.06125262752175331, "acc": 0.978456437587738, "length": 3.999006509780884, "mode": "train", "epoch": 38}
{"loss": 0.10493993759155273, "acc": 0.9645833969116211, "length": 4.0, "mode": "test", "epoch": 38}
{"loss": 0.04874912649393082, "acc": 0.9817723631858826, "length": 3.9993646144866943, "mode": "train", "epoch": 39}
{"loss": 0.10547896474599838, "acc": 0.9651041030883789, "length": 4.0, "mode": "test", "epoch": 39}
{"loss": 0.04096556827425957, "acc": 0.985314130783081, "length": 3.999540090560913, "mode": "train", "epoch": 40}
{"loss": 0.11128874123096466, "acc": 0.9630207419395447, "length": 4.0, "mode": "test", "epoch": 40}
{"loss": 0.041100531816482544, "acc": 0.9839800000190735, "length": 3.99955677986145, "mode": "train", "epoch": 41}
{"loss": 0.11053289473056793, "acc": 0.9585070013999939, "length": 4.0, "mode": "test", "epoch": 41}
{"loss": 0.04277250915765762, "acc": 0.9839209318161011, "length": 3.999534845352173, "mode": "train", "epoch": 42}
{"loss": 0.09300277382135391, "acc": 0.9671875834465027, "length": 4.0, "mode": "test", "epoch": 42}
{"loss": 0.03910835459828377, "acc": 0.9846788048744202, "length": 3.9996886253356934, "mode": "train", "epoch": 43}
{"loss": 0.08675248920917511, "acc": 0.9723958969116211, "length": 4.0, "mode": "test", "epoch": 43}
{"loss": 0.044839002192020416, "acc": 0.9844440817832947, "length": 3.999438762664795, "mode": "train", "epoch": 44}
{"loss": 0.08678879588842392, "acc": 0.9765625, "length": 4.0, "mode": "test", "epoch": 44}
{"loss": 0.041610099375247955, "acc": 0.9843322038650513, "length": 3.999692440032959, "mode": "train", "epoch": 45}
{"loss": 0.09511947631835938, "acc": 0.9697917103767395, "length": 4.0, "mode": "test", "epoch": 45}
{"loss": 0.039500754326581955, "acc": 0.9866465926170349, "length": 3.9994986057281494, "mode": "train", "epoch": 46}
{"loss": 0.13109910488128662, "acc": 0.9609375, "length": 4.0, "mode": "test", "epoch": 46}
{"loss": 0.048922862857580185, "acc": 0.9822425246238708, "length": 3.999588966369629, "mode": "train", "epoch": 47}
{"loss": 0.1535118967294693, "acc": 0.9463542103767395, "length": 4.0, "mode": "test", "epoch": 47}
{"loss": 0.054075971245765686, "acc": 0.9801550507545471, "length": 3.9996397495269775, "mode": "train", "epoch": 48}
{"loss": 0.11275891214609146, "acc": 0.9654514789581299, "length": 4.0, "mode": "test", "epoch": 48}
{"loss": 0.04740341380238533, "acc": 0.9834648370742798, "length": 3.9997336864471436, "mode": "train", "epoch": 49}
{"loss": 0.1357938051223755, "acc": 0.9657986164093018, "length": 4.0, "mode": "test", "epoch": 49}
{"loss": 0.04000461846590042, "acc": 0.9859583973884583, "length": 3.9997775554656982, "mode": "train", "epoch": 50}
{"loss": 0.11129610985517502, "acc": 0.9651041030883789, "length": 4.0, "mode": "test", "epoch": 50}
{"loss": 0.039960380643606186, "acc": 0.9876391291618347, "length": 3.9997665882110596, "mode": "train", "epoch": 51}
{"loss": 0.09824498742818832, "acc": 0.9734375476837158, "length": 4.0, "mode": "test", "epoch": 51}
{"loss": 0.02738238498568535, "acc": 0.9889727234840393, "length": 3.9996986389160156, "mode": "train", "epoch": 52}
{"loss": 0.1289208084344864, "acc": 0.9680556058883667, "length": 4.0, "mode": "test", "epoch": 52}
{"loss": 0.032273344695568085, "acc": 0.9885686039924622, "length": 3.9998011589050293, "mode": "train", "epoch": 53}
{"loss": 0.10760533809661865, "acc": 0.9776042103767395, "length": 4.0, "mode": "test", "epoch": 53}
{"loss": 0.032278694212436676, "acc": 0.9868887662887573, "length": 3.9998769760131836, "mode": "train", "epoch": 54}
{"loss": 0.08477234840393066, "acc": 0.9729166030883789, "length": 4.0, "mode": "test", "epoch": 54}
{"loss": 0.03878810629248619, "acc": 0.9852068424224854, "length": 3.999875545501709, "mode": "train", "epoch": 55}
{"loss": 0.08864843100309372, "acc": 0.9760416746139526, "length": 4.0, "mode": "test", "epoch": 55}
{"loss": 0.027635052800178528, "acc": 0.9903682470321655, "length": 3.9998061656951904, "mode": "train", "epoch": 56}
{"loss": 0.05644224211573601, "acc": 0.9842013120651245, "length": 4.0, "mode": "test", "epoch": 56}
{"loss": 0.01895890384912491, "acc": 0.9933859705924988, "length": 3.999920129776001, "mode": "train", "epoch": 57}
{"loss": 0.055211424827575684, "acc": 0.9784722924232483, "length": 4.0, "mode": "test", "epoch": 57}
{"loss": 0.022080333903431892, "acc": 0.9918182492256165, "length": 3.9998457431793213, "mode": "train", "epoch": 58}
{"loss": 0.07664386928081512, "acc": 0.9791667461395264, "length": 4.0, "mode": "test", "epoch": 58}
{"loss": 0.02167270891368389, "acc": 0.9931515455245972, "length": 3.9997408390045166, "mode": "train", "epoch": 59}
{"loss": 0.05644812807440758, "acc": 0.9798610210418701, "length": 4.0, "mode": "test", "epoch": 59}
{"loss": 0.021174903959035873, "acc": 0.9926313161849976, "length": 3.999896287918091, "mode": "train", "epoch": 60}
{"loss": 0.06711827963590622, "acc": 0.9763888120651245, "length": 4.0, "mode": "test", "epoch": 60}
test accuracy: 0.8789656162261963
