# ["--attributes=3", "--values=4", "--game_size=10", "--vocab_size_factor=3", "--n_epochs=60", "--batch_size=128", "--learning_rate=0.0005", "--hidden_size=128", "--temp_update=0.97", "--temperature=1"]
Creating train_ds and val_ds...

Creating test_ds...
{"loss": 0.6935023069381714, "acc": 0.5104964375495911, "length": 3.5457534790039062, "mode": "train", "epoch": 1}
{"loss": 0.6908957362174988, "acc": 0.5245703458786011, "length": 4.0, "mode": "test", "epoch": 1}
{"loss": 0.6911652088165283, "acc": 0.5293940305709839, "length": 3.591949224472046, "mode": "train", "epoch": 2}
{"loss": 0.6804624795913696, "acc": 0.570131242275238, "length": 3.9896907806396484, "mode": "test", "epoch": 2}
{"loss": 0.6902826428413391, "acc": 0.53277188539505, "length": 3.6231651306152344, "mode": "train", "epoch": 3}
{"loss": 0.6690921187400818, "acc": 0.619454026222229, "length": 3.9381444454193115, "mode": "test", "epoch": 3}
{"loss": 0.6874082684516907, "acc": 0.5487760305404663, "length": 3.614206314086914, "mode": "train", "epoch": 4}
{"loss": 0.6616186499595642, "acc": 0.6414971351623535, "length": 3.903779983520508, "mode": "test", "epoch": 4}
{"loss": 0.683012068271637, "acc": 0.5741965770721436, "length": 3.6259591579437256, "mode": "train", "epoch": 5}
{"loss": 0.6543424129486084, "acc": 0.6721193790435791, "length": 3.979381561279297, "mode": "test", "epoch": 5}
{"loss": 0.6692185997962952, "acc": 0.6158058047294617, "length": 3.694969415664673, "mode": "train", "epoch": 6}
{"loss": 0.637898862361908, "acc": 0.6864261031150818, "length": 4.0, "mode": "test", "epoch": 6}
{"loss": 0.6429693102836609, "acc": 0.6799513101577759, "length": 3.7323930263519287, "mode": "train", "epoch": 7}
{"loss": 0.6041692495346069, "acc": 0.7396907806396484, "length": 4.0, "mode": "test", "epoch": 7}
{"loss": 0.6013396382331848, "acc": 0.7355998754501343, "length": 3.846189498901367, "mode": "train", "epoch": 8}
{"loss": 0.5687428712844849, "acc": 0.7345361709594727, "length": 4.0, "mode": "test", "epoch": 8}
{"loss": 0.5492850542068481, "acc": 0.7659952044487, "length": 3.906708002090454, "mode": "train", "epoch": 9}
{"loss": 0.525182843208313, "acc": 0.7587628364562988, "length": 4.0, "mode": "test", "epoch": 9}
{"loss": 0.5003497004508972, "acc": 0.7747898101806641, "length": 3.9651196002960205, "mode": "train", "epoch": 10}
{"loss": 0.5001571178436279, "acc": 0.7549829483032227, "length": 4.0, "mode": "test", "epoch": 10}
{"loss": 0.46817389130592346, "acc": 0.7869282960891724, "length": 3.976797342300415, "mode": "train", "epoch": 11}
{"loss": 0.4904782474040985, "acc": 0.7814434766769409, "length": 4.0, "mode": "test", "epoch": 11}
{"loss": 0.4561212658882141, "acc": 0.7987725734710693, "length": 3.9848523139953613, "mode": "train", "epoch": 12}
{"loss": 0.4823026657104492, "acc": 0.7747423052787781, "length": 4.0, "mode": "test", "epoch": 12}
{"loss": 0.4395347833633423, "acc": 0.8045449256896973, "length": 3.9884018898010254, "mode": "train", "epoch": 13}
{"loss": 0.47881484031677246, "acc": 0.7931271195411682, "length": 4.0, "mode": "test", "epoch": 13}
{"loss": 0.43208393454551697, "acc": 0.8081441521644592, "length": 3.991605281829834, "mode": "train", "epoch": 14}
{"loss": 0.47670823335647583, "acc": 0.8085910677909851, "length": 4.0, "mode": "test", "epoch": 14}
{"loss": 0.4263339638710022, "acc": 0.8170290589332581, "length": 3.9944405555725098, "mode": "train", "epoch": 15}
{"loss": 0.4623885750770569, "acc": 0.8118557333946228, "length": 4.0, "mode": "test", "epoch": 15}
{"loss": 0.4148715138435364, "acc": 0.8227841258049011, "length": 3.994896173477173, "mode": "train", "epoch": 16}
{"loss": 0.4666751027107239, "acc": 0.8096219897270203, "length": 4.0, "mode": "test", "epoch": 16}
{"loss": 0.41612449288368225, "acc": 0.8235496282577515, "length": 3.995534896850586, "mode": "train", "epoch": 17}
{"loss": 0.4529346227645874, "acc": 0.8168385028839111, "length": 4.0, "mode": "test", "epoch": 17}
{"loss": 0.41167691349983215, "acc": 0.8287370204925537, "length": 3.9973275661468506, "mode": "train", "epoch": 18}
{"loss": 0.4456934928894043, "acc": 0.8183848857879639, "length": 4.0, "mode": "test", "epoch": 18}
{"loss": 0.40662774443626404, "acc": 0.8280516266822815, "length": 3.997335910797119, "mode": "train", "epoch": 19}
{"loss": 0.4366863965988159, "acc": 0.8237112760543823, "length": 4.0, "mode": "test", "epoch": 19}
{"loss": 0.40150368213653564, "acc": 0.8336337804794312, "length": 3.995274305343628, "mode": "train", "epoch": 20}
{"loss": 0.4338659942150116, "acc": 0.8228522539138794, "length": 4.0, "mode": "test", "epoch": 20}
{"loss": 0.39672353863716125, "acc": 0.8328761458396912, "length": 3.9952094554901123, "mode": "train", "epoch": 21}
{"loss": 0.4250517785549164, "acc": 0.8250858783721924, "length": 4.0, "mode": "test", "epoch": 21}
{"loss": 0.39022019505500793, "acc": 0.8379461169242859, "length": 3.9973981380462646, "mode": "train", "epoch": 22}
{"loss": 0.42325472831726074, "acc": 0.8333333134651184, "length": 4.0, "mode": "test", "epoch": 22}
{"loss": 0.3868567645549774, "acc": 0.8399466872215271, "length": 3.9968857765197754, "mode": "train", "epoch": 23}
{"loss": 0.4156301021575928, "acc": 0.8329896926879883, "length": 4.0, "mode": "test", "epoch": 23}
{"loss": 0.3786594569683075, "acc": 0.842473030090332, "length": 3.9925992488861084, "mode": "train", "epoch": 24}
{"loss": 0.40680181980133057, "acc": 0.8432988524436951, "length": 4.0, "mode": "test", "epoch": 24}
{"loss": 0.36439478397369385, "acc": 0.8512540459632874, "length": 3.9989261627197266, "mode": "train", "epoch": 25}
{"loss": 0.38704192638397217, "acc": 0.8458763957023621, "length": 4.0, "mode": "test", "epoch": 25}
{"loss": 0.3496388792991638, "acc": 0.8600329160690308, "length": 3.998161554336548, "mode": "train", "epoch": 26}
{"loss": 0.37162816524505615, "acc": 0.8530929088592529, "length": 4.0, "mode": "test", "epoch": 26}
{"loss": 0.3366921544075012, "acc": 0.8656769394874573, "length": 3.9981911182403564, "mode": "train", "epoch": 27}
{"loss": 0.37096428871154785, "acc": 0.8491409420967102, "length": 4.0, "mode": "test", "epoch": 27}
{"loss": 0.3246249556541443, "acc": 0.8737918138504028, "length": 3.9967148303985596, "mode": "train", "epoch": 28}
{"loss": 0.3625733256340027, "acc": 0.854982852935791, "length": 4.0, "mode": "test", "epoch": 28}
{"loss": 0.3155907392501831, "acc": 0.874195396900177, "length": 3.998961925506592, "mode": "train", "epoch": 29}
{"loss": 0.3565043807029724, "acc": 0.8522337675094604, "length": 4.0, "mode": "test", "epoch": 29}
{"loss": 0.31276798248291016, "acc": 0.8722971677780151, "length": 3.9975311756134033, "mode": "train", "epoch": 30}
{"loss": 0.3602670133113861, "acc": 0.8524053692817688, "length": 4.0, "mode": "test", "epoch": 30}
{"loss": 0.30965834856033325, "acc": 0.8774942755699158, "length": 3.9994218349456787, "mode": "train", "epoch": 31}
{"loss": 0.34770235419273376, "acc": 0.8486254811286926, "length": 4.0, "mode": "test", "epoch": 31}
{"loss": 0.3101244866847992, "acc": 0.8751647472381592, "length": 3.9975130558013916, "mode": "train", "epoch": 32}
{"loss": 0.35292530059814453, "acc": 0.8520618677139282, "length": 4.0, "mode": "test", "epoch": 32}
{"loss": 0.3024415075778961, "acc": 0.8795710206031799, "length": 3.999727964401245, "mode": "train", "epoch": 33}
{"loss": 0.34145960211753845, "acc": 0.8570446372032166, "length": 4.0, "mode": "test", "epoch": 33}
{"loss": 0.3021048307418823, "acc": 0.8771136999130249, "length": 3.9984841346740723, "mode": "train", "epoch": 34}
{"loss": 0.33960387110710144, "acc": 0.8561855554580688, "length": 4.0, "mode": "test", "epoch": 34}
{"loss": 0.3010672330856323, "acc": 0.8825092911720276, "length": 3.9983177185058594, "mode": "train", "epoch": 35}
{"loss": 0.33240312337875366, "acc": 0.8620274066925049, "length": 4.0, "mode": "test", "epoch": 35}
{"loss": 0.2932996451854706, "acc": 0.8851467370986938, "length": 3.9995977878570557, "mode": "train", "epoch": 36}
{"loss": 0.33566784858703613, "acc": 0.8615121245384216, "length": 4.0, "mode": "test", "epoch": 36}
{"loss": 0.2974553108215332, "acc": 0.8868770003318787, "length": 3.9997074604034424, "mode": "train", "epoch": 37}
{"loss": 0.33778509497642517, "acc": 0.8651202917098999, "length": 4.0, "mode": "test", "epoch": 37}
{"loss": 0.29557305574417114, "acc": 0.8831095099449158, "length": 3.9990394115448, "mode": "train", "epoch": 38}
{"loss": 0.33659839630126953, "acc": 0.8635740280151367, "length": 4.0, "mode": "test", "epoch": 38}
{"loss": 0.28899216651916504, "acc": 0.8865171670913696, "length": 3.999014139175415, "mode": "train", "epoch": 39}
{"loss": 0.3236982524394989, "acc": 0.8654639720916748, "length": 4.0, "mode": "test", "epoch": 39}
{"loss": 0.28085044026374817, "acc": 0.8921739459037781, "length": 3.9994072914123535, "mode": "train", "epoch": 40}
{"loss": 0.32306063175201416, "acc": 0.8699312210083008, "length": 4.0, "mode": "test", "epoch": 40}
{"loss": 0.2785269320011139, "acc": 0.8900838494300842, "length": 3.998826503753662, "mode": "train", "epoch": 41}
{"loss": 0.31589722633361816, "acc": 0.8735395669937134, "length": 4.0, "mode": "test", "epoch": 41}
{"loss": 0.2788596451282501, "acc": 0.8914149403572083, "length": 3.9991302490234375, "mode": "train", "epoch": 42}
{"loss": 0.31889936327934265, "acc": 0.8769758343696594, "length": 4.0, "mode": "test", "epoch": 42}
{"loss": 0.27455955743789673, "acc": 0.8955587148666382, "length": 3.996333122253418, "mode": "train", "epoch": 43}
{"loss": 0.30946412682533264, "acc": 0.8788659572601318, "length": 4.0, "mode": "test", "epoch": 43}
{"loss": 0.2693856656551361, "acc": 0.8953173756599426, "length": 3.9980628490448, "mode": "train", "epoch": 44}
{"loss": 0.30647796392440796, "acc": 0.8792097568511963, "length": 4.0, "mode": "test", "epoch": 44}
{"loss": 0.2676176428794861, "acc": 0.8992899060249329, "length": 3.999508857727051, "mode": "train", "epoch": 45}
{"loss": 0.31137752532958984, "acc": 0.879381537437439, "length": 4.0, "mode": "test", "epoch": 45}
{"loss": 0.2621844708919525, "acc": 0.8998785614967346, "length": 3.9996838569641113, "mode": "train", "epoch": 46}
{"loss": 0.29407942295074463, "acc": 0.8865980505943298, "length": 4.0, "mode": "test", "epoch": 46}
{"loss": 0.2595014274120331, "acc": 0.8991900086402893, "length": 3.999772787094116, "mode": "train", "epoch": 47}
{"loss": 0.2992478013038635, "acc": 0.88453608751297, "length": 4.0, "mode": "test", "epoch": 47}
{"loss": 0.2524685263633728, "acc": 0.9028644561767578, "length": 3.9995086193084717, "mode": "train", "epoch": 48}
{"loss": 0.2751976251602173, "acc": 0.8948453664779663, "length": 4.0, "mode": "test", "epoch": 48}
{"loss": 0.24798792600631714, "acc": 0.9043066501617432, "length": 3.998164653778076, "mode": "train", "epoch": 49}
{"loss": 0.2631225287914276, "acc": 0.891065239906311, "length": 4.0, "mode": "test", "epoch": 49}
{"loss": 0.24340136349201202, "acc": 0.9053462743759155, "length": 3.999586343765259, "mode": "train", "epoch": 50}
{"loss": 0.2680503726005554, "acc": 0.8924399018287659, "length": 4.0, "mode": "test", "epoch": 50}
{"loss": 0.24261415004730225, "acc": 0.9048866629600525, "length": 3.9998786449432373, "mode": "train", "epoch": 51}
{"loss": 0.2700105905532837, "acc": 0.8941580057144165, "length": 4.0, "mode": "test", "epoch": 51}
{"loss": 0.23959864675998688, "acc": 0.9084556102752686, "length": 3.9999279975891113, "mode": "train", "epoch": 52}
{"loss": 0.2665378451347351, "acc": 0.8998280763626099, "length": 4.0, "mode": "test", "epoch": 52}
{"loss": 0.23733913898468018, "acc": 0.9058008193969727, "length": 3.999722719192505, "mode": "train", "epoch": 53}
{"loss": 0.26666784286499023, "acc": 0.8986256122589111, "length": 4.0, "mode": "test", "epoch": 53}
{"loss": 0.23789730668067932, "acc": 0.9089146256446838, "length": 3.999837875366211, "mode": "train", "epoch": 54}
{"loss": 0.25480788946151733, "acc": 0.9017181992530823, "length": 4.0, "mode": "test", "epoch": 54}
{"loss": 0.23168277740478516, "acc": 0.9101132154464722, "length": 3.9996402263641357, "mode": "train", "epoch": 55}
{"loss": 0.259312242269516, "acc": 0.9044675230979919, "length": 4.0, "mode": "test", "epoch": 55}
{"loss": 0.2313658893108368, "acc": 0.9104006886482239, "length": 3.9993035793304443, "mode": "train", "epoch": 56}
{"loss": 0.24809210002422333, "acc": 0.9061856269836426, "length": 4.0, "mode": "test", "epoch": 56}
{"loss": 0.22626817226409912, "acc": 0.9118494391441345, "length": 3.9997217655181885, "mode": "train", "epoch": 57}
{"loss": 0.24370142817497253, "acc": 0.9058420658111572, "length": 4.0, "mode": "test", "epoch": 57}
{"loss": 0.2199651598930359, "acc": 0.9172602295875549, "length": 3.9999537467956543, "mode": "train", "epoch": 58}
{"loss": 0.24320922791957855, "acc": 0.9085911512374878, "length": 4.0, "mode": "test", "epoch": 58}
{"loss": 0.2159574031829834, "acc": 0.9163338541984558, "length": 3.9997270107269287, "mode": "train", "epoch": 59}
{"loss": 0.23892877995967865, "acc": 0.9039518237113953, "length": 4.0, "mode": "test", "epoch": 59}
{"loss": 0.21552260220050812, "acc": 0.9165096879005432, "length": 3.9999053478240967, "mode": "train", "epoch": 60}
{"loss": 0.23335832357406616, "acc": 0.9060136079788208, "length": 4.0, "mode": "test", "epoch": 60}
test accuracy: 0.7675000429153442
