# ["--attributes=3", "--values=4", "--game_size=10", "--vocab_size_factor=3", "--n_epochs=60", "--batch_size=128", "--learning_rate=0.0005", "--hidden_size=128", "--temp_update=0.97", "--temperature=1.5"]
Creating train_ds and val_ds...

Creating test_ds...
{"loss": 0.6988523006439209, "acc": 0.5031853318214417, "length": 3.543989658355713, "mode": "train", "epoch": 1}
{"loss": 0.6892224550247192, "acc": 0.5303409099578857, "length": 2.5647482872009277, "mode": "test", "epoch": 1}
{"loss": 0.6940014958381653, "acc": 0.5077733397483826, "length": 3.5227456092834473, "mode": "train", "epoch": 2}
{"loss": 0.6899096369743347, "acc": 0.527404248714447, "length": 1.2697842121124268, "mode": "test", "epoch": 2}
{"loss": 0.6920890212059021, "acc": 0.5304710268974304, "length": 3.4769320487976074, "mode": "train", "epoch": 3}
{"loss": 0.6855840086936951, "acc": 0.541721761226654, "length": 1.625899314880371, "mode": "test", "epoch": 3}
{"loss": 0.6903226375579834, "acc": 0.5290380120277405, "length": 3.427009344100952, "mode": "train", "epoch": 4}
{"loss": 0.679511308670044, "acc": 0.6217268705368042, "length": 1.863309383392334, "mode": "test", "epoch": 4}
{"loss": 0.6867698431015015, "acc": 0.5648080110549927, "length": 3.357692241668701, "mode": "train", "epoch": 5}
{"loss": 0.6660354733467102, "acc": 0.6595758199691772, "length": 2.7913668155670166, "mode": "test", "epoch": 5}
{"loss": 0.67466139793396, "acc": 0.6151933073997498, "length": 3.3040285110473633, "mode": "train", "epoch": 6}
{"loss": 0.6464982032775879, "acc": 0.6996815800666809, "length": 3.557554006576538, "mode": "test", "epoch": 6}
{"loss": 0.6542812585830688, "acc": 0.6942071318626404, "length": 3.4003348350524902, "mode": "train", "epoch": 7}
{"loss": 0.6201024651527405, "acc": 0.7144700884819031, "length": 3.967625856399536, "mode": "test", "epoch": 7}
{"loss": 0.6171103715896606, "acc": 0.7244341373443604, "length": 3.5860114097595215, "mode": "train", "epoch": 8}
{"loss": 0.5833699107170105, "acc": 0.7455037236213684, "length": 4.0, "mode": "test", "epoch": 8}
{"loss": 0.563136637210846, "acc": 0.7684964537620544, "length": 3.7975823879241943, "mode": "train", "epoch": 9}
{"loss": 0.5404517650604248, "acc": 0.7726619243621826, "length": 4.0, "mode": "test", "epoch": 9}
{"loss": 0.5122933387756348, "acc": 0.7919800877571106, "length": 3.9161007404327393, "mode": "train", "epoch": 10}
{"loss": 0.5193579792976379, "acc": 0.7825539112091064, "length": 4.0, "mode": "test", "epoch": 10}
{"loss": 0.48372501134872437, "acc": 0.7818515300750732, "length": 3.9566051959991455, "mode": "train", "epoch": 11}
{"loss": 0.5111395716667175, "acc": 0.7866907119750977, "length": 4.0, "mode": "test", "epoch": 11}
{"loss": 0.46792349219322205, "acc": 0.7836958765983582, "length": 3.976137638092041, "mode": "train", "epoch": 12}
{"loss": 0.5037221908569336, "acc": 0.7595324516296387, "length": 4.0, "mode": "test", "epoch": 12}
{"loss": 0.45754274725914, "acc": 0.7837764024734497, "length": 3.9747366905212402, "mode": "train", "epoch": 13}
{"loss": 0.4961487650871277, "acc": 0.777877688407898, "length": 4.0, "mode": "test", "epoch": 13}
{"loss": 0.4502626359462738, "acc": 0.7885294556617737, "length": 3.9814374446868896, "mode": "train", "epoch": 14}
{"loss": 0.488261342048645, "acc": 0.7708632946014404, "length": 4.0, "mode": "test", "epoch": 14}
{"loss": 0.4410777986049652, "acc": 0.7981668710708618, "length": 3.9897842407226562, "mode": "train", "epoch": 15}
{"loss": 0.4913021922111511, "acc": 0.7764387726783752, "length": 4.0, "mode": "test", "epoch": 15}
{"loss": 0.4409905672073364, "acc": 0.7909755706787109, "length": 3.9857187271118164, "mode": "train", "epoch": 16}
{"loss": 0.4741639792919159, "acc": 0.7767984867095947, "length": 4.0, "mode": "test", "epoch": 16}
{"loss": 0.43272727727890015, "acc": 0.7962254881858826, "length": 3.991126537322998, "mode": "train", "epoch": 17}
{"loss": 0.471111536026001, "acc": 0.7865107655525208, "length": 4.0, "mode": "test", "epoch": 17}
{"loss": 0.4306737780570984, "acc": 0.8043107390403748, "length": 3.9904897212982178, "mode": "train", "epoch": 18}
{"loss": 0.46535491943359375, "acc": 0.7892087697982788, "length": 4.0, "mode": "test", "epoch": 18}
{"loss": 0.4212406873703003, "acc": 0.8033126592636108, "length": 3.991774082183838, "mode": "train", "epoch": 19}
{"loss": 0.45312008261680603, "acc": 0.7908272743225098, "length": 4.0, "mode": "test", "epoch": 19}
{"loss": 0.41998064517974854, "acc": 0.7996425032615662, "length": 3.99234938621521, "mode": "train", "epoch": 20}
{"loss": 0.4572087526321411, "acc": 0.7877700328826904, "length": 4.0, "mode": "test", "epoch": 20}
{"loss": 0.41171199083328247, "acc": 0.811233639717102, "length": 3.9924252033233643, "mode": "train", "epoch": 21}
{"loss": 0.4522692561149597, "acc": 0.7859713435173035, "length": 4.0, "mode": "test", "epoch": 21}
{"loss": 0.41344401240348816, "acc": 0.8043338060379028, "length": 3.994560718536377, "mode": "train", "epoch": 22}
{"loss": 0.4444662034511566, "acc": 0.7893886566162109, "length": 4.0, "mode": "test", "epoch": 22}
{"loss": 0.40947118401527405, "acc": 0.8119676113128662, "length": 3.9961228370666504, "mode": "train", "epoch": 23}
{"loss": 0.4444577097892761, "acc": 0.7901079058647156, "length": 4.0, "mode": "test", "epoch": 23}
{"loss": 0.40335243940353394, "acc": 0.811279833316803, "length": 3.99294376373291, "mode": "train", "epoch": 24}
{"loss": 0.4357050359249115, "acc": 0.7818345427513123, "length": 4.0, "mode": "test", "epoch": 24}
{"loss": 0.4044450521469116, "acc": 0.8150494694709778, "length": 3.996253728866577, "mode": "train", "epoch": 25}
{"loss": 0.4339444637298584, "acc": 0.7974820137023926, "length": 4.0, "mode": "test", "epoch": 25}
{"loss": 0.39954984188079834, "acc": 0.8196235299110413, "length": 3.997469902038574, "mode": "train", "epoch": 26}
{"loss": 0.42824476957321167, "acc": 0.8075540661811829, "length": 4.0, "mode": "test", "epoch": 26}
{"loss": 0.39183223247528076, "acc": 0.8223607540130615, "length": 3.9956376552581787, "mode": "train", "epoch": 27}
{"loss": 0.4214082360267639, "acc": 0.8019785284996033, "length": 4.0, "mode": "test", "epoch": 27}
{"loss": 0.38754087686538696, "acc": 0.8242520689964294, "length": 3.9975361824035645, "mode": "train", "epoch": 28}
{"loss": 0.42019587755203247, "acc": 0.8140287399291992, "length": 4.0, "mode": "test", "epoch": 28}
{"loss": 0.3868713974952698, "acc": 0.826789915561676, "length": 3.999147891998291, "mode": "train", "epoch": 29}
{"loss": 0.41791820526123047, "acc": 0.8199639916419983, "length": 4.0, "mode": "test", "epoch": 29}
{"loss": 0.3803632855415344, "acc": 0.8316528797149658, "length": 3.9986824989318848, "mode": "train", "epoch": 30}
{"loss": 0.41408824920654297, "acc": 0.8214027881622314, "length": 4.0, "mode": "test", "epoch": 30}
{"loss": 0.3712039291858673, "acc": 0.8355379104614258, "length": 3.997927665710449, "mode": "train", "epoch": 31}
{"loss": 0.41138195991516113, "acc": 0.8241007924079895, "length": 4.0, "mode": "test", "epoch": 31}
{"loss": 0.3702269494533539, "acc": 0.8326246738433838, "length": 3.9994583129882812, "mode": "train", "epoch": 32}
{"loss": 0.40268537402153015, "acc": 0.830035924911499, "length": 4.0, "mode": "test", "epoch": 32}
{"loss": 0.36100542545318604, "acc": 0.8438158631324768, "length": 3.9929990768432617, "mode": "train", "epoch": 33}
{"loss": 0.3938290476799011, "acc": 0.8348920345306396, "length": 4.0, "mode": "test", "epoch": 33}
{"loss": 0.35189539194107056, "acc": 0.8496168851852417, "length": 3.998457431793213, "mode": "train", "epoch": 34}
{"loss": 0.39295968413352966, "acc": 0.834352433681488, "length": 4.0, "mode": "test", "epoch": 34}
{"loss": 0.34944847226142883, "acc": 0.8494930863380432, "length": 3.998476505279541, "mode": "train", "epoch": 35}
{"loss": 0.3866810202598572, "acc": 0.8377699255943298, "length": 4.0, "mode": "test", "epoch": 35}
{"loss": 0.34741565585136414, "acc": 0.8518612384796143, "length": 3.9998674392700195, "mode": "train", "epoch": 36}
{"loss": 0.3924613893032074, "acc": 0.8359712362289429, "length": 4.0, "mode": "test", "epoch": 36}
{"loss": 0.3451310396194458, "acc": 0.8505650162696838, "length": 3.99790358543396, "mode": "train", "epoch": 37}
{"loss": 0.3802378177642822, "acc": 0.8383094072341919, "length": 4.0, "mode": "test", "epoch": 37}
{"loss": 0.3404306471347809, "acc": 0.8512017726898193, "length": 3.9956307411193848, "mode": "train", "epoch": 38}
{"loss": 0.37988942861557007, "acc": 0.8366905450820923, "length": 4.0, "mode": "test", "epoch": 38}
{"loss": 0.33925968408584595, "acc": 0.8507105112075806, "length": 3.998915672302246, "mode": "train", "epoch": 39}
{"loss": 0.3779733180999756, "acc": 0.8343524932861328, "length": 4.0, "mode": "test", "epoch": 39}
{"loss": 0.3361586332321167, "acc": 0.854745626449585, "length": 3.9997951984405518, "mode": "train", "epoch": 40}
{"loss": 0.3694363236427307, "acc": 0.8397483229637146, "length": 4.0, "mode": "test", "epoch": 40}
{"loss": 0.33360037207603455, "acc": 0.8519319891929626, "length": 3.995913505554199, "mode": "train", "epoch": 41}
{"loss": 0.3686791658401489, "acc": 0.8413670063018799, "length": 4.0, "mode": "test", "epoch": 41}
{"loss": 0.3303344249725342, "acc": 0.8605148792266846, "length": 3.999790668487549, "mode": "train", "epoch": 42}
{"loss": 0.36122560501098633, "acc": 0.8465827107429504, "length": 4.0, "mode": "test", "epoch": 42}
{"loss": 0.3223465383052826, "acc": 0.8578704595565796, "length": 3.9998178482055664, "mode": "train", "epoch": 43}
{"loss": 0.3577951192855835, "acc": 0.8516187071800232, "length": 4.0, "mode": "test", "epoch": 43}
{"loss": 0.3147433400154114, "acc": 0.8574281334877014, "length": 3.9964029788970947, "mode": "train", "epoch": 44}
{"loss": 0.35355180501937866, "acc": 0.8508994579315186, "length": 4.0, "mode": "test", "epoch": 44}
{"loss": 0.31403371691703796, "acc": 0.858828604221344, "length": 3.9964518547058105, "mode": "train", "epoch": 45}
{"loss": 0.34080129861831665, "acc": 0.8543166518211365, "length": 4.0, "mode": "test", "epoch": 45}
{"loss": 0.3086318075656891, "acc": 0.867832601070404, "length": 3.9972691535949707, "mode": "train", "epoch": 46}
{"loss": 0.3520509898662567, "acc": 0.8526979684829712, "length": 4.0, "mode": "test", "epoch": 46}
{"loss": 0.30523577332496643, "acc": 0.8617144823074341, "length": 3.9993185997009277, "mode": "train", "epoch": 47}
{"loss": 0.3445487916469574, "acc": 0.8624100685119629, "length": 4.0, "mode": "test", "epoch": 47}
{"loss": 0.3027728796005249, "acc": 0.8674191236495972, "length": 3.9966278076171875, "mode": "train", "epoch": 48}
{"loss": 0.331839382648468, "acc": 0.8589926362037659, "length": 4.0, "mode": "test", "epoch": 48}
{"loss": 0.2969313859939575, "acc": 0.8690274953842163, "length": 3.998471736907959, "mode": "train", "epoch": 49}
{"loss": 0.35212916135787964, "acc": 0.8604316711425781, "length": 4.0, "mode": "test", "epoch": 49}
{"loss": 0.2959558665752411, "acc": 0.8671720027923584, "length": 3.998332977294922, "mode": "train", "epoch": 50}
{"loss": 0.32177436351776123, "acc": 0.8582733869552612, "length": 4.0, "mode": "test", "epoch": 50}
{"loss": 0.28907400369644165, "acc": 0.8741321563720703, "length": 3.9963231086730957, "mode": "train", "epoch": 51}
{"loss": 0.3357082009315491, "acc": 0.8661870360374451, "length": 4.0, "mode": "test", "epoch": 51}
{"loss": 0.2885376513004303, "acc": 0.8730677366256714, "length": 3.9995853900909424, "mode": "train", "epoch": 52}
{"loss": 0.3095023036003113, "acc": 0.8638489246368408, "length": 4.0, "mode": "test", "epoch": 52}
{"loss": 0.2828213572502136, "acc": 0.8775750398635864, "length": 3.9987568855285645, "mode": "train", "epoch": 53}
{"loss": 0.3160915672779083, "acc": 0.8758992552757263, "length": 4.0, "mode": "test", "epoch": 53}
{"loss": 0.2807101011276245, "acc": 0.8791847229003906, "length": 3.9992101192474365, "mode": "train", "epoch": 54}
{"loss": 0.30948036909103394, "acc": 0.8679855465888977, "length": 4.0, "mode": "test", "epoch": 54}
{"loss": 0.2866816520690918, "acc": 0.8769024610519409, "length": 3.9979095458984375, "mode": "train", "epoch": 55}
{"loss": 0.30445390939712524, "acc": 0.8741008043289185, "length": 4.0, "mode": "test", "epoch": 55}
{"loss": 0.27823716402053833, "acc": 0.8834711909294128, "length": 3.9999258518218994, "mode": "train", "epoch": 56}
{"loss": 0.30479368567466736, "acc": 0.8793166875839233, "length": 4.0, "mode": "test", "epoch": 56}
{"loss": 0.2737216055393219, "acc": 0.8841227293014526, "length": 3.9996278285980225, "mode": "train", "epoch": 57}
{"loss": 0.30253732204437256, "acc": 0.8755395412445068, "length": 4.0, "mode": "test", "epoch": 57}
{"loss": 0.26886558532714844, "acc": 0.8889402747154236, "length": 3.999908924102783, "mode": "train", "epoch": 58}
{"loss": 0.3023286461830139, "acc": 0.8794965147972107, "length": 4.0, "mode": "test", "epoch": 58}
{"loss": 0.2678365707397461, "acc": 0.8916396498680115, "length": 3.9984326362609863, "mode": "train", "epoch": 59}
{"loss": 0.3039381504058838, "acc": 0.8803955912590027, "length": 4.0, "mode": "test", "epoch": 59}
{"loss": 0.2638964056968689, "acc": 0.8910439610481262, "length": 3.9984350204467773, "mode": "train", "epoch": 60}
{"loss": 0.31405550241470337, "acc": 0.8771582841873169, "length": 4.0, "mode": "test", "epoch": 60}
test accuracy: 0.7984848618507385
