# ["--attributes=3", "--values=4", "--game_size=10", "--vocab_size_factor=3", "--n_epochs=60", "--batch_size=32", "--learning_rate=0.0005", "--hidden_size=128", "--temp_update=0.99", "--temperature=2"]
Creating train_ds and val_ds...

Creating test_ds...
{"loss": 0.6941162943840027, "acc": 0.5263317823410034, "length": 3.5229971408843994, "mode": "train", "epoch": 1}
{"loss": 0.6891736388206482, "acc": 0.527077853679657, "length": 1.074204921722412, "mode": "test", "epoch": 1}
{"loss": 0.6848952770233154, "acc": 0.5708609223365784, "length": 3.349174976348877, "mode": "train", "epoch": 2}
{"loss": 0.6559675931930542, "acc": 0.6468721032142639, "length": 2.812720775604248, "mode": "test", "epoch": 2}
{"loss": 0.6292599439620972, "acc": 0.6573654413223267, "length": 3.579346179962158, "mode": "train", "epoch": 3}
{"loss": 0.5515093207359314, "acc": 0.760424017906189, "length": 4.0, "mode": "test", "epoch": 3}
{"loss": 0.5270153284072876, "acc": 0.7567363381385803, "length": 3.8900654315948486, "mode": "train", "epoch": 4}
{"loss": 0.48705175518989563, "acc": 0.7724382877349854, "length": 4.0, "mode": "test", "epoch": 4}
{"loss": 0.45539259910583496, "acc": 0.7903093099594116, "length": 3.9402756690979004, "mode": "train", "epoch": 5}
{"loss": 0.4366997182369232, "acc": 0.793816328048706, "length": 4.0, "mode": "test", "epoch": 5}
{"loss": 0.40022924542427063, "acc": 0.8206642866134644, "length": 3.958763837814331, "mode": "train", "epoch": 6}
{"loss": 0.412006676197052, "acc": 0.8137810230255127, "length": 4.0, "mode": "test", "epoch": 6}
{"loss": 0.37047308683395386, "acc": 0.834519624710083, "length": 3.973177671432495, "mode": "train", "epoch": 7}
{"loss": 0.39504748582839966, "acc": 0.8277385234832764, "length": 4.0, "mode": "test", "epoch": 7}
{"loss": 0.36670181155204773, "acc": 0.833514928817749, "length": 3.9800641536712646, "mode": "train", "epoch": 8}
{"loss": 0.3827802240848541, "acc": 0.8263250589370728, "length": 4.0, "mode": "test", "epoch": 8}
{"loss": 0.3545028567314148, "acc": 0.8398761749267578, "length": 3.9861841201782227, "mode": "train", "epoch": 9}
{"loss": 0.39111101627349854, "acc": 0.829681932926178, "length": 4.0, "mode": "test", "epoch": 9}
{"loss": 0.34820860624313354, "acc": 0.8459863066673279, "length": 3.9877538681030273, "mode": "train", "epoch": 10}
{"loss": 0.39374518394470215, "acc": 0.8238517045974731, "length": 4.0, "mode": "test", "epoch": 10}
{"loss": 0.34182465076446533, "acc": 0.8448175191879272, "length": 3.990283727645874, "mode": "train", "epoch": 11}
{"loss": 0.3894510865211487, "acc": 0.8383392095565796, "length": 4.0, "mode": "test", "epoch": 11}
{"loss": 0.33690857887268066, "acc": 0.8437868356704712, "length": 3.9919912815093994, "mode": "train", "epoch": 12}
{"loss": 0.39249977469444275, "acc": 0.8319787383079529, "length": 4.0, "mode": "test", "epoch": 12}
{"loss": 0.3375248312950134, "acc": 0.845803439617157, "length": 3.993112087249756, "mode": "train", "epoch": 13}
{"loss": 0.3934536576271057, "acc": 0.8333922028541565, "length": 4.0, "mode": "test", "epoch": 13}
{"loss": 0.33333122730255127, "acc": 0.8465914726257324, "length": 3.993896484375, "mode": "train", "epoch": 14}
{"loss": 0.38565874099731445, "acc": 0.8452298045158386, "length": 4.0, "mode": "test", "epoch": 14}
{"loss": 0.3284231424331665, "acc": 0.8504442572593689, "length": 3.994838237762451, "mode": "train", "epoch": 15}
{"loss": 0.3782311677932739, "acc": 0.8367490172386169, "length": 4.0, "mode": "test", "epoch": 15}
{"loss": 0.3230525255203247, "acc": 0.8487150073051453, "length": 3.9949097633361816, "mode": "train", "epoch": 16}
{"loss": 0.3666325807571411, "acc": 0.8452298045158386, "length": 4.0, "mode": "test", "epoch": 16}
{"loss": 0.3235115110874176, "acc": 0.8513460755348206, "length": 3.99591326713562, "mode": "train", "epoch": 17}
{"loss": 0.3719291090965271, "acc": 0.8425796031951904, "length": 4.0, "mode": "test", "epoch": 17}
{"loss": 0.321916788816452, "acc": 0.8510721921920776, "length": 3.9964747428894043, "mode": "train", "epoch": 18}
{"loss": 0.3598889112472534, "acc": 0.8402827382087708, "length": 4.0, "mode": "test", "epoch": 18}
{"loss": 0.3134409487247467, "acc": 0.8547941446304321, "length": 3.9965264797210693, "mode": "train", "epoch": 19}
{"loss": 0.3727877140045166, "acc": 0.8487633466720581, "length": 4.0, "mode": "test", "epoch": 19}
{"loss": 0.31697219610214233, "acc": 0.851222038269043, "length": 3.997373342514038, "mode": "train", "epoch": 20}
{"loss": 0.35679882764816284, "acc": 0.8420494794845581, "length": 4.0, "mode": "test", "epoch": 20}
{"loss": 0.31186315417289734, "acc": 0.8530557155609131, "length": 3.9978907108306885, "mode": "train", "epoch": 21}
{"loss": 0.35606804490089417, "acc": 0.8386926054954529, "length": 4.0, "mode": "test", "epoch": 21}
{"loss": 0.31501761078834534, "acc": 0.8538965582847595, "length": 3.9980409145355225, "mode": "train", "epoch": 22}
{"loss": 0.3603576123714447, "acc": 0.8477030992507935, "length": 4.0, "mode": "test", "epoch": 22}
{"loss": 0.30811062455177307, "acc": 0.8538814783096313, "length": 3.997911214828491, "mode": "train", "epoch": 23}
{"loss": 0.35859400033950806, "acc": 0.8454064130783081, "length": 4.0, "mode": "test", "epoch": 23}
{"loss": 0.3100806474685669, "acc": 0.8528988361358643, "length": 3.9984078407287598, "mode": "train", "epoch": 24}
{"loss": 0.36480215191841125, "acc": 0.8505301475524902, "length": 4.0, "mode": "test", "epoch": 24}
{"loss": 0.3078281283378601, "acc": 0.8569810390472412, "length": 3.998751640319824, "mode": "train", "epoch": 25}
{"loss": 0.3416810929775238, "acc": 0.8530036211013794, "length": 4.0, "mode": "test", "epoch": 25}
{"loss": 0.30265364050865173, "acc": 0.8549644947052002, "length": 3.9984395503997803, "mode": "train", "epoch": 26}
{"loss": 0.3496173918247223, "acc": 0.8545937538146973, "length": 4.0, "mode": "test", "epoch": 26}
{"loss": 0.3014335036277771, "acc": 0.8565726280212402, "length": 3.9989287853240967, "mode": "train", "epoch": 27}
{"loss": 0.33983221650123596, "acc": 0.8561837077140808, "length": 4.0, "mode": "test", "epoch": 27}
{"loss": 0.3012339174747467, "acc": 0.8566393852233887, "length": 3.9991092681884766, "mode": "train", "epoch": 28}
{"loss": 0.33239519596099854, "acc": 0.8563604354858398, "length": 4.0, "mode": "test", "epoch": 28}
{"loss": 0.3018852770328522, "acc": 0.8614240288734436, "length": 3.9992332458496094, "mode": "train", "epoch": 29}
{"loss": 0.3378737270832062, "acc": 0.8549469113349915, "length": 4.0, "mode": "test", "epoch": 29}
{"loss": 0.30528131127357483, "acc": 0.8571172952651978, "length": 3.99922513961792, "mode": "train", "epoch": 30}
{"loss": 0.3509162962436676, "acc": 0.8535335063934326, "length": 4.0, "mode": "test", "epoch": 30}
{"loss": 0.30098956823349, "acc": 0.8579383492469788, "length": 3.999140977859497, "mode": "train", "epoch": 31}
{"loss": 0.34378162026405334, "acc": 0.8538869023323059, "length": 4.0, "mode": "test", "epoch": 31}
{"loss": 0.3050224781036377, "acc": 0.8540534377098083, "length": 3.999417781829834, "mode": "train", "epoch": 32}
{"loss": 0.3325013518333435, "acc": 0.8604241013526917, "length": 4.0, "mode": "test", "epoch": 32}
{"loss": 0.29949527978897095, "acc": 0.860669732093811, "length": 3.999558925628662, "mode": "train", "epoch": 33}
{"loss": 0.3280382752418518, "acc": 0.8531802296638489, "length": 4.0, "mode": "test", "epoch": 33}
{"loss": 0.2972213625907898, "acc": 0.859488844871521, "length": 3.9995956420898438, "mode": "train", "epoch": 34}
{"loss": 0.33935314416885376, "acc": 0.8572437167167664, "length": 4.0, "mode": "test", "epoch": 34}
{"loss": 0.29836955666542053, "acc": 0.8585448861122131, "length": 3.9995484352111816, "mode": "train", "epoch": 35}
{"loss": 0.34151706099510193, "acc": 0.839752733707428, "length": 4.0, "mode": "test", "epoch": 35}
{"loss": 0.2925569713115692, "acc": 0.8632099628448486, "length": 3.9996509552001953, "mode": "train", "epoch": 36}
{"loss": 0.3239394426345825, "acc": 0.8632508516311646, "length": 4.0, "mode": "test", "epoch": 36}
{"loss": 0.28986063599586487, "acc": 0.8634427189826965, "length": 3.99957537651062, "mode": "train", "epoch": 37}
{"loss": 0.3266286253929138, "acc": 0.852826714515686, "length": 4.0, "mode": "test", "epoch": 37}
{"loss": 0.2900297939777374, "acc": 0.8628504872322083, "length": 3.9994471073150635, "mode": "train", "epoch": 38}
{"loss": 0.33141210675239563, "acc": 0.8595405220985413, "length": 4.0, "mode": "test", "epoch": 38}
{"loss": 0.2880682349205017, "acc": 0.8654481172561646, "length": 3.9996206760406494, "mode": "train", "epoch": 39}
{"loss": 0.32811081409454346, "acc": 0.8538870811462402, "length": 4.0, "mode": "test", "epoch": 39}
{"loss": 0.28445273637771606, "acc": 0.8714740872383118, "length": 3.9996659755706787, "mode": "train", "epoch": 40}
{"loss": 0.31968432664871216, "acc": 0.8530035018920898, "length": 4.0, "mode": "test", "epoch": 40}
{"loss": 0.2790790796279907, "acc": 0.8687626123428345, "length": 3.9997072219848633, "mode": "train", "epoch": 41}
{"loss": 0.30959001183509827, "acc": 0.8623673915863037, "length": 4.0, "mode": "test", "epoch": 41}
{"loss": 0.26708030700683594, "acc": 0.8763735294342041, "length": 3.9996650218963623, "mode": "train", "epoch": 42}
{"loss": 0.30826377868652344, "acc": 0.8671377301216125, "length": 4.0, "mode": "test", "epoch": 42}
{"loss": 0.25224441289901733, "acc": 0.8875287175178528, "length": 3.999671459197998, "mode": "train", "epoch": 43}
{"loss": 0.3042764365673065, "acc": 0.8681979775428772, "length": 4.0, "mode": "test", "epoch": 43}
{"loss": 0.24591724574565887, "acc": 0.8897050023078918, "length": 3.9990715980529785, "mode": "train", "epoch": 44}
{"loss": 0.28647035360336304, "acc": 0.8745583295822144, "length": 4.0, "mode": "test", "epoch": 44}
{"loss": 0.23522694408893585, "acc": 0.8970935940742493, "length": 3.999728202819824, "mode": "train", "epoch": 45}
{"loss": 0.2780410349369049, "acc": 0.876501739025116, "length": 4.0, "mode": "test", "epoch": 45}
{"loss": 0.23123963177204132, "acc": 0.8964447379112244, "length": 3.999739408493042, "mode": "train", "epoch": 46}
{"loss": 0.27944862842559814, "acc": 0.8749115467071533, "length": 4.0, "mode": "test", "epoch": 46}
{"loss": 0.21982905268669128, "acc": 0.9049378037452698, "length": 3.9996492862701416, "mode": "train", "epoch": 47}
{"loss": 0.2803144156932831, "acc": 0.8667846322059631, "length": 4.0, "mode": "test", "epoch": 47}
{"loss": 0.22054024040699005, "acc": 0.9017543792724609, "length": 3.999725341796875, "mode": "train", "epoch": 48}
{"loss": 0.26077917218208313, "acc": 0.8761483430862427, "length": 4.0, "mode": "test", "epoch": 48}
{"loss": 0.21203075349330902, "acc": 0.9071199297904968, "length": 3.9996607303619385, "mode": "train", "epoch": 49}
{"loss": 0.2609874904155731, "acc": 0.8761485815048218, "length": 4.0, "mode": "test", "epoch": 49}
{"loss": 0.21330231428146362, "acc": 0.9068570137023926, "length": 3.9992291927337646, "mode": "train", "epoch": 50}
{"loss": 0.2676192820072174, "acc": 0.8856890201568604, "length": 4.0, "mode": "test", "epoch": 50}
{"loss": 0.21222667396068573, "acc": 0.9068924188613892, "length": 3.999778985977173, "mode": "train", "epoch": 51}
{"loss": 0.2753850519657135, "acc": 0.88127201795578, "length": 4.0, "mode": "test", "epoch": 51}
{"loss": 0.21737141907215118, "acc": 0.9038825035095215, "length": 3.9997642040252686, "mode": "train", "epoch": 52}
{"loss": 0.2661495804786682, "acc": 0.8860425353050232, "length": 4.0, "mode": "test", "epoch": 52}
{"loss": 0.20445680618286133, "acc": 0.9119111895561218, "length": 3.9997849464416504, "mode": "train", "epoch": 53}
{"loss": 0.25263288617134094, "acc": 0.9000001549720764, "length": 4.0, "mode": "test", "epoch": 53}
{"loss": 0.2022918313741684, "acc": 0.9143898487091064, "length": 3.9997920989990234, "mode": "train", "epoch": 54}
{"loss": 0.25819262862205505, "acc": 0.8934628963470459, "length": 4.0, "mode": "test", "epoch": 54}
{"loss": 0.20672085881233215, "acc": 0.9119685888290405, "length": 3.9997329711914062, "mode": "train", "epoch": 55}
{"loss": 0.23697423934936523, "acc": 0.9038869738578796, "length": 4.0, "mode": "test", "epoch": 55}
{"loss": 0.19200563430786133, "acc": 0.9235939383506775, "length": 3.9996795654296875, "mode": "train", "epoch": 56}
{"loss": 0.24722878634929657, "acc": 0.9035336375236511, "length": 4.0, "mode": "test", "epoch": 56}
{"loss": 0.19932663440704346, "acc": 0.9210560321807861, "length": 3.9996984004974365, "mode": "train", "epoch": 57}
{"loss": 0.22205281257629395, "acc": 0.9139576554298401, "length": 4.0, "mode": "test", "epoch": 57}
{"loss": 0.19322794675827026, "acc": 0.9236557483673096, "length": 3.9997119903564453, "mode": "train", "epoch": 58}
{"loss": 0.22507725656032562, "acc": 0.9185513854026794, "length": 4.0, "mode": "test", "epoch": 58}
{"loss": 0.18752169609069824, "acc": 0.924686074256897, "length": 3.9993176460266113, "mode": "train", "epoch": 59}
{"loss": 0.21626754105091095, "acc": 0.9192580580711365, "length": 4.0, "mode": "test", "epoch": 59}
{"loss": 0.18756774067878723, "acc": 0.9251998662948608, "length": 3.999835729598999, "mode": "train", "epoch": 60}
{"loss": 0.23030397295951843, "acc": 0.9114840626716614, "length": 4.0, "mode": "test", "epoch": 60}
test accuracy: 0.8045161962509155
