# ["--attributes=3", "--values=4", "--game_size=10", "--vocab_size_factor=3", "--n_epochs=60", "--batch_size=128", "--learning_rate=0.0005", "--hidden_size=128", "--temp_update=0.97", "--temperature=2"]
Creating train_ds and val_ds...

Creating test_ds...
{"loss": 0.6963203549385071, "acc": 0.49744200706481934, "length": 3.5727808475494385, "mode": "train", "epoch": 1}
{"loss": 0.6871892809867859, "acc": 0.5562310218811035, "length": 1.7881944179534912, "mode": "test", "epoch": 1}
{"loss": 0.6936572194099426, "acc": 0.5027409791946411, "length": 3.528719663619995, "mode": "train", "epoch": 2}
{"loss": 0.6817294359207153, "acc": 0.5739814043045044, "length": 1.8958333730697632, "mode": "test", "epoch": 2}
{"loss": 0.6922217607498169, "acc": 0.5196933746337891, "length": 3.5340166091918945, "mode": "train", "epoch": 3}
{"loss": 0.6729015111923218, "acc": 0.6514621376991272, "length": 3.034722328186035, "mode": "test", "epoch": 3}
{"loss": 0.6911462545394897, "acc": 0.5251041650772095, "length": 3.503530502319336, "mode": "train", "epoch": 4}
{"loss": 0.6672844886779785, "acc": 0.6721299290657043, "length": 3.9166667461395264, "mode": "test", "epoch": 4}
{"loss": 0.6865390539169312, "acc": 0.5690608620643616, "length": 3.504126787185669, "mode": "train", "epoch": 5}
{"loss": 0.6607563495635986, "acc": 0.6955320835113525, "length": 3.9895832538604736, "mode": "test", "epoch": 5}
{"loss": 0.6755165457725525, "acc": 0.6539477109909058, "length": 3.5379202365875244, "mode": "train", "epoch": 6}
{"loss": 0.6422855854034424, "acc": 0.7225694060325623, "length": 4.0, "mode": "test", "epoch": 6}
{"loss": 0.6520547866821289, "acc": 0.681246817111969, "length": 3.686904191970825, "mode": "train", "epoch": 7}
{"loss": 0.6115631461143494, "acc": 0.7173610925674438, "length": 4.0, "mode": "test", "epoch": 7}
{"loss": 0.6179502010345459, "acc": 0.693773090839386, "length": 3.823786497116089, "mode": "train", "epoch": 8}
{"loss": 0.5729626417160034, "acc": 0.7006945013999939, "length": 4.0, "mode": "test", "epoch": 8}
{"loss": 0.5765237808227539, "acc": 0.6973780393600464, "length": 3.903730630874634, "mode": "train", "epoch": 9}
{"loss": 0.5502232313156128, "acc": 0.7147569060325623, "length": 4.0, "mode": "test", "epoch": 9}
{"loss": 0.555076003074646, "acc": 0.6964744925498962, "length": 3.9341564178466797, "mode": "train", "epoch": 10}
{"loss": 0.5451512336730957, "acc": 0.7138888835906982, "length": 4.0, "mode": "test", "epoch": 10}
{"loss": 0.542675256729126, "acc": 0.7114611268043518, "length": 3.946415424346924, "mode": "train", "epoch": 11}
{"loss": 0.5391054153442383, "acc": 0.7248263359069824, "length": 4.0, "mode": "test", "epoch": 11}
{"loss": 0.5233402252197266, "acc": 0.7417913675308228, "length": 3.9511165618896484, "mode": "train", "epoch": 12}
{"loss": 0.5008714199066162, "acc": 0.7451388835906982, "length": 4.0, "mode": "test", "epoch": 12}
{"loss": 0.4991227090358734, "acc": 0.7695708870887756, "length": 3.9628353118896484, "mode": "train", "epoch": 13}
{"loss": 0.48755311965942383, "acc": 0.7732637524604797, "length": 4.0, "mode": "test", "epoch": 13}
{"loss": 0.4747122824192047, "acc": 0.7860318422317505, "length": 3.972170352935791, "mode": "train", "epoch": 14}
{"loss": 0.4646265506744385, "acc": 0.788194477558136, "length": 4.0, "mode": "test", "epoch": 14}
{"loss": 0.45870548486709595, "acc": 0.7907944917678833, "length": 3.980056047439575, "mode": "train", "epoch": 15}
{"loss": 0.4582892656326294, "acc": 0.7895833849906921, "length": 4.0, "mode": "test", "epoch": 15}
{"loss": 0.44354012608528137, "acc": 0.7946509718894958, "length": 3.9829933643341064, "mode": "train", "epoch": 16}
{"loss": 0.4402167797088623, "acc": 0.7911458015441895, "length": 4.0, "mode": "test", "epoch": 16}
{"loss": 0.4319511950016022, "acc": 0.8000657558441162, "length": 3.989161491394043, "mode": "train", "epoch": 17}
{"loss": 0.4288121461868286, "acc": 0.7960069179534912, "length": 4.0, "mode": "test", "epoch": 17}
{"loss": 0.41649630665779114, "acc": 0.8079129457473755, "length": 3.984499454498291, "mode": "train", "epoch": 18}
{"loss": 0.41368138790130615, "acc": 0.8057292103767395, "length": 4.0, "mode": "test", "epoch": 18}
{"loss": 0.41315099596977234, "acc": 0.8154778480529785, "length": 3.98306941986084, "mode": "train", "epoch": 19}
{"loss": 0.40886104106903076, "acc": 0.8178818225860596, "length": 4.0, "mode": "test", "epoch": 19}
{"loss": 0.40540611743927, "acc": 0.822539210319519, "length": 3.9873952865600586, "mode": "train", "epoch": 20}
{"loss": 0.4072367548942566, "acc": 0.8135417103767395, "length": 4.0, "mode": "test", "epoch": 20}
{"loss": 0.3972488045692444, "acc": 0.8264957666397095, "length": 3.990065336227417, "mode": "train", "epoch": 21}
{"loss": 0.4070478081703186, "acc": 0.8130208849906921, "length": 4.0, "mode": "test", "epoch": 21}
{"loss": 0.39097684621810913, "acc": 0.8329418897628784, "length": 3.992300510406494, "mode": "train", "epoch": 22}
{"loss": 0.39165887236595154, "acc": 0.824999988079071, "length": 4.0, "mode": "test", "epoch": 22}
{"loss": 0.3854570686817169, "acc": 0.8352760076522827, "length": 3.9927124977111816, "mode": "train", "epoch": 23}
{"loss": 0.3882714509963989, "acc": 0.8229166865348816, "length": 4.0, "mode": "test", "epoch": 23}
{"loss": 0.38118329644203186, "acc": 0.8396786451339722, "length": 3.9940528869628906, "mode": "train", "epoch": 24}
{"loss": 0.36820387840270996, "acc": 0.8289930820465088, "length": 4.0, "mode": "test", "epoch": 24}
{"loss": 0.3754861056804657, "acc": 0.841770589351654, "length": 3.9936671257019043, "mode": "train", "epoch": 25}
{"loss": 0.36769673228263855, "acc": 0.8282986879348755, "length": 4.0, "mode": "test", "epoch": 25}
{"loss": 0.3733291029930115, "acc": 0.842038631439209, "length": 3.9975357055664062, "mode": "train", "epoch": 26}
{"loss": 0.3637767434120178, "acc": 0.8345485925674438, "length": 4.0, "mode": "test", "epoch": 26}
{"loss": 0.3681095838546753, "acc": 0.8459126353263855, "length": 3.996664524078369, "mode": "train", "epoch": 27}
{"loss": 0.36538657546043396, "acc": 0.8310763835906982, "length": 4.0, "mode": "test", "epoch": 27}
{"loss": 0.3652053475379944, "acc": 0.8434327244758606, "length": 3.9978597164154053, "mode": "train", "epoch": 28}
{"loss": 0.3600232005119324, "acc": 0.8324652910232544, "length": 4.0, "mode": "test", "epoch": 28}
{"loss": 0.36384788155555725, "acc": 0.8448231220245361, "length": 3.9942691326141357, "mode": "train", "epoch": 29}
{"loss": 0.3592480421066284, "acc": 0.8300348520278931, "length": 4.0, "mode": "test", "epoch": 29}
{"loss": 0.36036035418510437, "acc": 0.8443964719772339, "length": 3.9966936111450195, "mode": "train", "epoch": 30}
{"loss": 0.3493008315563202, "acc": 0.8355903029441833, "length": 4.0, "mode": "test", "epoch": 30}
{"loss": 0.36068686842918396, "acc": 0.8433607816696167, "length": 3.9978678226470947, "mode": "train", "epoch": 31}
{"loss": 0.35215336084365845, "acc": 0.8378472924232483, "length": 4.0, "mode": "test", "epoch": 31}
{"loss": 0.3580962121486664, "acc": 0.8487032055854797, "length": 3.997863531112671, "mode": "train", "epoch": 32}
{"loss": 0.3515319526195526, "acc": 0.835069477558136, "length": 4.0, "mode": "test", "epoch": 32}
{"loss": 0.3576837480068207, "acc": 0.8442161679267883, "length": 3.9960696697235107, "mode": "train", "epoch": 33}
{"loss": 0.3424185514450073, "acc": 0.8388888835906982, "length": 4.0, "mode": "test", "epoch": 33}
{"loss": 0.3510139286518097, "acc": 0.8479018211364746, "length": 3.998985528945923, "mode": "train", "epoch": 34}
{"loss": 0.3387663960456848, "acc": 0.8387153148651123, "length": 4.0, "mode": "test", "epoch": 34}
{"loss": 0.34750664234161377, "acc": 0.8503940105438232, "length": 3.998699426651001, "mode": "train", "epoch": 35}
{"loss": 0.33993443846702576, "acc": 0.8387153148651123, "length": 4.0, "mode": "test", "epoch": 35}
{"loss": 0.3490319848060608, "acc": 0.8460180163383484, "length": 3.9966397285461426, "mode": "train", "epoch": 36}
{"loss": 0.339958131313324, "acc": 0.8376736640930176, "length": 4.0, "mode": "test", "epoch": 36}
{"loss": 0.3449602425098419, "acc": 0.8513888120651245, "length": 3.9995203018188477, "mode": "train", "epoch": 37}
{"loss": 0.33666667342185974, "acc": 0.839062511920929, "length": 4.0, "mode": "test", "epoch": 37}
{"loss": 0.3462366461753845, "acc": 0.8465180397033691, "length": 3.99971342086792, "mode": "train", "epoch": 38}
{"loss": 0.3342092037200928, "acc": 0.8427082896232605, "length": 4.0, "mode": "test", "epoch": 38}
{"loss": 0.3432641923427582, "acc": 0.8504012227058411, "length": 3.9987292289733887, "mode": "train", "epoch": 39}
{"loss": 0.3316133916378021, "acc": 0.8420138955116272, "length": 4.0, "mode": "test", "epoch": 39}
{"loss": 0.34024423360824585, "acc": 0.8507806658744812, "length": 3.9983410835266113, "mode": "train", "epoch": 40}
{"loss": 0.33583760261535645, "acc": 0.845486044883728, "length": 4.0, "mode": "test", "epoch": 40}
{"loss": 0.34139594435691833, "acc": 0.8500557541847229, "length": 3.999121904373169, "mode": "train", "epoch": 41}
{"loss": 0.3304382562637329, "acc": 0.8435762524604797, "length": 4.0, "mode": "test", "epoch": 41}
{"loss": 0.3371060788631439, "acc": 0.8535021543502808, "length": 3.997912645339966, "mode": "train", "epoch": 42}
{"loss": 0.3288843035697937, "acc": 0.8413195610046387, "length": 4.0, "mode": "test", "epoch": 42}
{"loss": 0.33709174394607544, "acc": 0.8533042669296265, "length": 3.9998550415039062, "mode": "train", "epoch": 43}
{"loss": 0.32740646600723267, "acc": 0.845486044883728, "length": 4.0, "mode": "test", "epoch": 43}
{"loss": 0.33622434735298157, "acc": 0.8517396450042725, "length": 3.9996793270111084, "mode": "train", "epoch": 44}
{"loss": 0.32496482133865356, "acc": 0.8487846851348877, "length": 4.0, "mode": "test", "epoch": 44}
{"loss": 0.33480653166770935, "acc": 0.8533050417900085, "length": 3.9999353885650635, "mode": "train", "epoch": 45}
{"loss": 0.32701295614242554, "acc": 0.8461804986000061, "length": 4.0, "mode": "test", "epoch": 45}
{"loss": 0.32889264822006226, "acc": 0.8549858927726746, "length": 3.9996891021728516, "mode": "train", "epoch": 46}
{"loss": 0.32372552156448364, "acc": 0.8480902314186096, "length": 4.0, "mode": "test", "epoch": 46}
{"loss": 0.33198636770248413, "acc": 0.8575977087020874, "length": 3.999894618988037, "mode": "train", "epoch": 47}
{"loss": 0.32613009214401245, "acc": 0.8493055105209351, "length": 4.0, "mode": "test", "epoch": 47}
{"loss": 0.32884490489959717, "acc": 0.8556623458862305, "length": 3.999267816543579, "mode": "train", "epoch": 48}
{"loss": 0.32224559783935547, "acc": 0.8446180820465088, "length": 4.0, "mode": "test", "epoch": 48}
{"loss": 0.3265876770019531, "acc": 0.8555102348327637, "length": 3.999924659729004, "mode": "train", "epoch": 49}
{"loss": 0.3251030445098877, "acc": 0.8486111164093018, "length": 4.0, "mode": "test", "epoch": 49}
{"loss": 0.3263808488845825, "acc": 0.8554506301879883, "length": 3.999776601791382, "mode": "train", "epoch": 50}
{"loss": 0.3218209445476532, "acc": 0.8526042103767395, "length": 4.0, "mode": "test", "epoch": 50}
{"loss": 0.3233789801597595, "acc": 0.859625518321991, "length": 3.99979305267334, "mode": "train", "epoch": 51}
{"loss": 0.32276830077171326, "acc": 0.8505207896232605, "length": 4.0, "mode": "test", "epoch": 51}
{"loss": 0.3238503038883209, "acc": 0.8606144785881042, "length": 3.9999544620513916, "mode": "train", "epoch": 52}
{"loss": 0.32237696647644043, "acc": 0.8473958969116211, "length": 4.0, "mode": "test", "epoch": 52}
{"loss": 0.3177744746208191, "acc": 0.8598023653030396, "length": 3.9999561309814453, "mode": "train", "epoch": 53}
{"loss": 0.3200201690196991, "acc": 0.8505207300186157, "length": 4.0, "mode": "test", "epoch": 53}
{"loss": 0.31917208433151245, "acc": 0.8572255969047546, "length": 3.9976110458374023, "mode": "train", "epoch": 54}
{"loss": 0.31791549921035767, "acc": 0.8515625, "length": 4.0, "mode": "test", "epoch": 54}
{"loss": 0.3153018355369568, "acc": 0.8603240251541138, "length": 3.9983651638031006, "mode": "train", "epoch": 55}
{"loss": 0.3119984269142151, "acc": 0.8517361879348755, "length": 4.0, "mode": "test", "epoch": 55}
{"loss": 0.313023179769516, "acc": 0.8599193692207336, "length": 3.9995834827423096, "mode": "train", "epoch": 56}
{"loss": 0.3161866068840027, "acc": 0.8531248569488525, "length": 4.0, "mode": "test", "epoch": 56}
{"loss": 0.31131911277770996, "acc": 0.8642663359642029, "length": 3.998946189880371, "mode": "train", "epoch": 57}
{"loss": 0.30012786388397217, "acc": 0.864062488079071, "length": 4.0, "mode": "test", "epoch": 57}
{"loss": 0.30182206630706787, "acc": 0.8681544065475464, "length": 3.999894142150879, "mode": "train", "epoch": 58}
{"loss": 0.2959761321544647, "acc": 0.8628472089767456, "length": 4.0, "mode": "test", "epoch": 58}
{"loss": 0.30072277784347534, "acc": 0.8699513077735901, "length": 3.9996042251586914, "mode": "train", "epoch": 59}
{"loss": 0.29049181938171387, "acc": 0.870833158493042, "length": 4.0, "mode": "test", "epoch": 59}
{"loss": 0.2871013283729553, "acc": 0.8732596635818481, "length": 3.999974250793457, "mode": "train", "epoch": 60}
{"loss": 0.2827188968658447, "acc": 0.8656250834465027, "length": 4.0, "mode": "test", "epoch": 60}
test accuracy: 0.834482729434967
