# ["--attributes=3", "--values=4", "--game_size=10", "--vocab_size_factor=3", "--n_epochs=60", "--batch_size=128", "--learning_rate=0.0005", "--hidden_size=128", "--temp_update=0.99", "--temperature=1"]
Creating train_ds and val_ds...

Creating test_ds...
{"loss": 0.7020989656448364, "acc": 0.4933909475803375, "length": 3.5520224571228027, "mode": "train", "epoch": 1}
{"loss": 0.6916834115982056, "acc": 0.5180034637451172, "length": 1.0204777717590332, "mode": "test", "epoch": 1}
{"loss": 0.6931535005569458, "acc": 0.5181949138641357, "length": 3.463109254837036, "mode": "train", "epoch": 2}
{"loss": 0.686667799949646, "acc": 0.5502707362174988, "length": 1.0511945486068726, "mode": "test", "epoch": 2}
{"loss": 0.691602885723114, "acc": 0.520274817943573, "length": 3.4186277389526367, "mode": "train", "epoch": 3}
{"loss": 0.6866428852081299, "acc": 0.5451804995536804, "length": 1.040955662727356, "mode": "test", "epoch": 3}
{"loss": 0.6904565095901489, "acc": 0.5360934734344482, "length": 3.32716703414917, "mode": "train", "epoch": 4}
{"loss": 0.6845875978469849, "acc": 0.5658789873123169, "length": 1.2457337379455566, "mode": "test", "epoch": 4}
{"loss": 0.6878067255020142, "acc": 0.5530896186828613, "length": 3.1651406288146973, "mode": "train", "epoch": 5}
{"loss": 0.6789150238037109, "acc": 0.5828978419303894, "length": 1.4505119323730469, "mode": "test", "epoch": 5}
{"loss": 0.6809123754501343, "acc": 0.5973771810531616, "length": 2.7966148853302, "mode": "train", "epoch": 6}
{"loss": 0.6662363409996033, "acc": 0.6459695100784302, "length": 2.0136518478393555, "mode": "test", "epoch": 6}
{"loss": 0.6684208512306213, "acc": 0.6528118252754211, "length": 2.816249132156372, "mode": "train", "epoch": 7}
{"loss": 0.6407045125961304, "acc": 0.7251904010772705, "length": 2.8020477294921875, "mode": "test", "epoch": 7}
{"loss": 0.6460453867912292, "acc": 0.6873361468315125, "length": 3.0106751918792725, "mode": "train", "epoch": 8}
{"loss": 0.6136875152587891, "acc": 0.7265870571136475, "length": 3.1399316787719727, "mode": "test", "epoch": 8}
{"loss": 0.6141125559806824, "acc": 0.7339219450950623, "length": 3.092860221862793, "mode": "train", "epoch": 9}
{"loss": 0.5794240832328796, "acc": 0.7679109573364258, "length": 3.2832765579223633, "mode": "test", "epoch": 9}
{"loss": 0.5737446546554565, "acc": 0.7531231045722961, "length": 3.2536890506744385, "mode": "train", "epoch": 10}
{"loss": 0.5471547842025757, "acc": 0.7599194049835205, "length": 3.3276450634002686, "mode": "test", "epoch": 10}
{"loss": 0.5337729454040527, "acc": 0.7565430402755737, "length": 3.2382352352142334, "mode": "train", "epoch": 11}
{"loss": 0.524084210395813, "acc": 0.7558397054672241, "length": 3.109215021133423, "mode": "test", "epoch": 11}
{"loss": 0.5044047832489014, "acc": 0.7743989825248718, "length": 3.1924495697021484, "mode": "train", "epoch": 12}
{"loss": 0.4956439435482025, "acc": 0.7763356566429138, "length": 3.075085401535034, "mode": "test", "epoch": 12}
{"loss": 0.4803410470485687, "acc": 0.7833161950111389, "length": 3.287031888961792, "mode": "train", "epoch": 13}
{"loss": 0.4676213264465332, "acc": 0.7968698740005493, "length": 3.3344709873199463, "mode": "test", "epoch": 13}
{"loss": 0.457577109336853, "acc": 0.8023506999015808, "length": 3.4646096229553223, "mode": "train", "epoch": 14}
{"loss": 0.4450438916683197, "acc": 0.8102389574050903, "length": 4.0, "mode": "test", "epoch": 14}
{"loss": 0.4377973675727844, "acc": 0.8122836351394653, "length": 3.8169360160827637, "mode": "train", "epoch": 15}
{"loss": 0.4281279444694519, "acc": 0.8194538950920105, "length": 4.0, "mode": "test", "epoch": 15}
{"loss": 0.4133819341659546, "acc": 0.8320303559303284, "length": 3.948699474334717, "mode": "train", "epoch": 16}
{"loss": 0.41108807921409607, "acc": 0.8303753137588501, "length": 4.0, "mode": "test", "epoch": 16}
{"loss": 0.40057578682899475, "acc": 0.8334870338439941, "length": 3.9754652976989746, "mode": "train", "epoch": 17}
{"loss": 0.4031359553337097, "acc": 0.8284982442855835, "length": 4.0, "mode": "test", "epoch": 17}
{"loss": 0.3808719217777252, "acc": 0.8435101509094238, "length": 3.97668194770813, "mode": "train", "epoch": 18}
{"loss": 0.3993353843688965, "acc": 0.8242321014404297, "length": 4.0, "mode": "test", "epoch": 18}
{"loss": 0.366950124502182, "acc": 0.8442362546920776, "length": 3.9828004837036133, "mode": "train", "epoch": 19}
{"loss": 0.3873046636581421, "acc": 0.836177408695221, "length": 4.0, "mode": "test", "epoch": 19}
{"loss": 0.35537686944007874, "acc": 0.8483479022979736, "length": 3.9860708713531494, "mode": "train", "epoch": 20}
{"loss": 0.39378461241722107, "acc": 0.8305460214614868, "length": 4.0, "mode": "test", "epoch": 20}
{"loss": 0.3458814024925232, "acc": 0.8508307933807373, "length": 3.9864754676818848, "mode": "train", "epoch": 21}
{"loss": 0.37776172161102295, "acc": 0.8302047848701477, "length": 4.0, "mode": "test", "epoch": 21}
{"loss": 0.34011203050613403, "acc": 0.8553045988082886, "length": 3.9893102645874023, "mode": "train", "epoch": 22}
{"loss": 0.37407931685447693, "acc": 0.8426621556282043, "length": 4.0, "mode": "test", "epoch": 22}
{"loss": 0.3351881206035614, "acc": 0.856646716594696, "length": 3.9821956157684326, "mode": "train", "epoch": 23}
{"loss": 0.36062705516815186, "acc": 0.8452216982841492, "length": 4.0, "mode": "test", "epoch": 23}
{"loss": 0.3273257613182068, "acc": 0.862182080745697, "length": 3.991238832473755, "mode": "train", "epoch": 24}
{"loss": 0.36185258626937866, "acc": 0.843344509601593, "length": 4.0, "mode": "test", "epoch": 24}
{"loss": 0.32365286350250244, "acc": 0.8638371825218201, "length": 3.987516164779663, "mode": "train", "epoch": 25}
{"loss": 0.3546011447906494, "acc": 0.8488054275512695, "length": 4.0, "mode": "test", "epoch": 25}
{"loss": 0.31714126467704773, "acc": 0.8684830665588379, "length": 3.990400791168213, "mode": "train", "epoch": 26}
{"loss": 0.3367554545402527, "acc": 0.8575084209442139, "length": 4.0, "mode": "test", "epoch": 26}
{"loss": 0.31371575593948364, "acc": 0.8703286051750183, "length": 3.9938509464263916, "mode": "train", "epoch": 27}
{"loss": 0.3309456408023834, "acc": 0.8684300780296326, "length": 4.0, "mode": "test", "epoch": 27}
{"loss": 0.30497583746910095, "acc": 0.8775349855422974, "length": 3.9925339221954346, "mode": "train", "epoch": 28}
{"loss": 0.31334900856018066, "acc": 0.8677475452423096, "length": 4.0, "mode": "test", "epoch": 28}
{"loss": 0.3019343614578247, "acc": 0.8756749629974365, "length": 3.9872937202453613, "mode": "train", "epoch": 29}
{"loss": 0.3054361343383789, "acc": 0.877474308013916, "length": 4.0, "mode": "test", "epoch": 29}
{"loss": 0.2965306043624878, "acc": 0.8812980055809021, "length": 3.9914727210998535, "mode": "train", "epoch": 30}
{"loss": 0.29204750061035156, "acc": 0.8815699219703674, "length": 4.0, "mode": "test", "epoch": 30}
{"loss": 0.2877708971500397, "acc": 0.8850829005241394, "length": 3.9859507083892822, "mode": "train", "epoch": 31}
{"loss": 0.29650023579597473, "acc": 0.8858362436294556, "length": 4.0, "mode": "test", "epoch": 31}
{"loss": 0.2824932336807251, "acc": 0.885229766368866, "length": 3.994218111038208, "mode": "train", "epoch": 32}
{"loss": 0.2885983884334564, "acc": 0.8883959650993347, "length": 4.0, "mode": "test", "epoch": 32}
{"loss": 0.2780468463897705, "acc": 0.8885838389396667, "length": 3.994856119155884, "mode": "train", "epoch": 33}
{"loss": 0.2880920171737671, "acc": 0.8887372612953186, "length": 4.0, "mode": "test", "epoch": 33}
{"loss": 0.27468252182006836, "acc": 0.8930466175079346, "length": 3.990705966949463, "mode": "train", "epoch": 34}
{"loss": 0.27830395102500916, "acc": 0.8977816104888916, "length": 4.0, "mode": "test", "epoch": 34}
{"loss": 0.2717640995979309, "acc": 0.8927325010299683, "length": 3.9958558082580566, "mode": "train", "epoch": 35}
{"loss": 0.2835480272769928, "acc": 0.8965869545936584, "length": 4.0, "mode": "test", "epoch": 35}
{"loss": 0.2718527019023895, "acc": 0.8918409943580627, "length": 3.991173028945923, "mode": "train", "epoch": 36}
{"loss": 0.2734965980052948, "acc": 0.8986348509788513, "length": 4.0, "mode": "test", "epoch": 36}
{"loss": 0.26977673172950745, "acc": 0.8924809098243713, "length": 3.997872829437256, "mode": "train", "epoch": 37}
{"loss": 0.26363998651504517, "acc": 0.9018770456314087, "length": 4.0, "mode": "test", "epoch": 37}
{"loss": 0.26710811257362366, "acc": 0.897498607635498, "length": 3.9952502250671387, "mode": "train", "epoch": 38}
{"loss": 0.2684950530529022, "acc": 0.9005119800567627, "length": 4.0, "mode": "test", "epoch": 38}
{"loss": 0.26577097177505493, "acc": 0.8917236328125, "length": 3.9970285892486572, "mode": "train", "epoch": 39}
{"loss": 0.26623523235321045, "acc": 0.900170624256134, "length": 4.0, "mode": "test", "epoch": 39}
{"loss": 0.26738250255584717, "acc": 0.8928276896476746, "length": 3.996504545211792, "mode": "train", "epoch": 40}
{"loss": 0.26093602180480957, "acc": 0.9034128785133362, "length": 4.0, "mode": "test", "epoch": 40}
{"loss": 0.260315865278244, "acc": 0.8977117538452148, "length": 3.9966037273406982, "mode": "train", "epoch": 41}
{"loss": 0.25809505581855774, "acc": 0.9063140749931335, "length": 4.0, "mode": "test", "epoch": 41}
{"loss": 0.2580925226211548, "acc": 0.9004359245300293, "length": 3.999354362487793, "mode": "train", "epoch": 42}
{"loss": 0.2511857748031616, "acc": 0.9040955305099487, "length": 4.0, "mode": "test", "epoch": 42}
{"loss": 0.25804010033607483, "acc": 0.8993407487869263, "length": 3.998520612716675, "mode": "train", "epoch": 43}
{"loss": 0.2556911110877991, "acc": 0.9035836458206177, "length": 4.0, "mode": "test", "epoch": 43}
{"loss": 0.2575957477092743, "acc": 0.898746907711029, "length": 3.9971978664398193, "mode": "train", "epoch": 44}
{"loss": 0.261491060256958, "acc": 0.9049486517906189, "length": 4.0, "mode": "test", "epoch": 44}
{"loss": 0.2551400363445282, "acc": 0.8990519046783447, "length": 3.996245861053467, "mode": "train", "epoch": 45}
{"loss": 0.25114691257476807, "acc": 0.9080206155776978, "length": 4.0, "mode": "test", "epoch": 45}
{"loss": 0.24850542843341827, "acc": 0.9018562436103821, "length": 3.999039649963379, "mode": "train", "epoch": 46}
{"loss": 0.2493577003479004, "acc": 0.9100682139396667, "length": 4.0, "mode": "test", "epoch": 46}
{"loss": 0.247953861951828, "acc": 0.902230441570282, "length": 3.998007297515869, "mode": "train", "epoch": 47}
{"loss": 0.24474191665649414, "acc": 0.9122867584228516, "length": 4.0, "mode": "test", "epoch": 47}
{"loss": 0.2474585771560669, "acc": 0.9026236534118652, "length": 3.9984278678894043, "mode": "train", "epoch": 48}
{"loss": 0.2387990951538086, "acc": 0.9131399989128113, "length": 4.0, "mode": "test", "epoch": 48}
{"loss": 0.24403348565101624, "acc": 0.9055116772651672, "length": 3.9993419647216797, "mode": "train", "epoch": 49}
{"loss": 0.24117206037044525, "acc": 0.9071670770645142, "length": 4.0, "mode": "test", "epoch": 49}
{"loss": 0.24307137727737427, "acc": 0.9040966033935547, "length": 3.9972147941589355, "mode": "train", "epoch": 50}
{"loss": 0.23927006125450134, "acc": 0.9090445041656494, "length": 4.0, "mode": "test", "epoch": 50}
{"loss": 0.24011440575122833, "acc": 0.9082825779914856, "length": 3.998300552368164, "mode": "train", "epoch": 51}
{"loss": 0.23835115134716034, "acc": 0.9064845442771912, "length": 4.0, "mode": "test", "epoch": 51}
{"loss": 0.24072173237800598, "acc": 0.9074753522872925, "length": 3.999040126800537, "mode": "train", "epoch": 52}
{"loss": 0.23581957817077637, "acc": 0.9078498482704163, "length": 4.0, "mode": "test", "epoch": 52}
{"loss": 0.2404232770204544, "acc": 0.9058095812797546, "length": 3.997702121734619, "mode": "train", "epoch": 53}
{"loss": 0.23711299896240234, "acc": 0.912286639213562, "length": 4.0, "mode": "test", "epoch": 53}
{"loss": 0.236641064286232, "acc": 0.9082043766975403, "length": 3.9998128414154053, "mode": "train", "epoch": 54}
{"loss": 0.24394524097442627, "acc": 0.9035836458206177, "length": 4.0, "mode": "test", "epoch": 54}
{"loss": 0.23634326457977295, "acc": 0.9089645147323608, "length": 3.999202251434326, "mode": "train", "epoch": 55}
{"loss": 0.2294279932975769, "acc": 0.9155290126800537, "length": 4.0, "mode": "test", "epoch": 55}
{"loss": 0.23619654774665833, "acc": 0.9039556980133057, "length": 3.998422384262085, "mode": "train", "epoch": 56}
{"loss": 0.2327616810798645, "acc": 0.9047781825065613, "length": 4.0, "mode": "test", "epoch": 56}
{"loss": 0.2307937890291214, "acc": 0.9062438011169434, "length": 3.999300479888916, "mode": "train", "epoch": 57}
{"loss": 0.23198962211608887, "acc": 0.9088737964630127, "length": 4.0, "mode": "test", "epoch": 57}
{"loss": 0.23088181018829346, "acc": 0.9081259369850159, "length": 3.996713876724243, "mode": "train", "epoch": 58}
{"loss": 0.23025941848754883, "acc": 0.9150171875953674, "length": 4.0, "mode": "test", "epoch": 58}
{"loss": 0.22464892268180847, "acc": 0.9109081029891968, "length": 3.9992129802703857, "mode": "train", "epoch": 59}
{"loss": 0.23347243666648865, "acc": 0.9085323810577393, "length": 4.0, "mode": "test", "epoch": 59}
{"loss": 0.22770561277866364, "acc": 0.9102666974067688, "length": 3.9990897178649902, "mode": "train", "epoch": 60}
{"loss": 0.23606285452842712, "acc": 0.9000000357627869, "length": 4.0, "mode": "test", "epoch": 60}
test accuracy: 0.7551852464675903
