# ["--attributes=3", "--values=4", "--game_size=10", "--vocab_size_factor=3", "--n_epochs=60", "--batch_size=128", "--learning_rate=0.0005", "--hidden_size=128", "--temp_update=0.99", "--temperature=1.5"]
Creating train_ds and val_ds...

Creating test_ds...
{"loss": 0.6993482112884521, "acc": 0.49544471502304077, "length": 3.565574884414673, "mode": "train", "epoch": 1}
{"loss": 0.6911741495132446, "acc": 0.5351507067680359, "length": 1.0212013721466064, "mode": "test", "epoch": 1}
{"loss": 0.6922861933708191, "acc": 0.5136136412620544, "length": 3.4899373054504395, "mode": "train", "epoch": 2}
{"loss": 0.6926192045211792, "acc": 0.5116608142852783, "length": 1.0, "mode": "test", "epoch": 2}
{"loss": 0.6913209557533264, "acc": 0.5228917598724365, "length": 3.4240128993988037, "mode": "train", "epoch": 3}
{"loss": 0.6912163496017456, "acc": 0.5038869380950928, "length": 1.0, "mode": "test", "epoch": 3}
{"loss": 0.689613938331604, "acc": 0.539345383644104, "length": 3.368536949157715, "mode": "train", "epoch": 4}
{"loss": 0.6837429404258728, "acc": 0.5583406686782837, "length": 1.530035376548767, "mode": "test", "epoch": 4}
{"loss": 0.6869625449180603, "acc": 0.5357505083084106, "length": 3.3322906494140625, "mode": "train", "epoch": 5}
{"loss": 0.6722590923309326, "acc": 0.5936377644538879, "length": 2.448763132095337, "mode": "test", "epoch": 5}
{"loss": 0.6809502243995667, "acc": 0.5855756402015686, "length": 3.3084518909454346, "mode": "train", "epoch": 6}
{"loss": 0.6579664945602417, "acc": 0.637592077255249, "length": 3.098939895629883, "mode": "test", "epoch": 6}
{"loss": 0.6654880046844482, "acc": 0.6285780668258667, "length": 3.427945137023926, "mode": "train", "epoch": 7}
{"loss": 0.6346149444580078, "acc": 0.7036453485488892, "length": 3.925795078277588, "mode": "test", "epoch": 7}
{"loss": 0.6391638517379761, "acc": 0.6747199892997742, "length": 3.6347620487213135, "mode": "train", "epoch": 8}
{"loss": 0.6100763082504272, "acc": 0.6886926293373108, "length": 4.0, "mode": "test", "epoch": 8}
{"loss": 0.5948426723480225, "acc": 0.6979109048843384, "length": 3.788400650024414, "mode": "train", "epoch": 9}
{"loss": 0.5760936737060547, "acc": 0.7116608619689941, "length": 4.0, "mode": "test", "epoch": 9}
{"loss": 0.5562957525253296, "acc": 0.7128881812095642, "length": 3.873121500015259, "mode": "train", "epoch": 10}
{"loss": 0.5538807511329651, "acc": 0.728621780872345, "length": 4.0, "mode": "test", "epoch": 10}
{"loss": 0.5319055318832397, "acc": 0.7307699918746948, "length": 3.9242546558380127, "mode": "train", "epoch": 11}
{"loss": 0.5365667343139648, "acc": 0.7321553826332092, "length": 4.0, "mode": "test", "epoch": 11}
{"loss": 0.5036783814430237, "acc": 0.7631646990776062, "length": 3.945317029953003, "mode": "train", "epoch": 12}
{"loss": 0.5078537464141846, "acc": 0.774558424949646, "length": 4.0, "mode": "test", "epoch": 12}
{"loss": 0.47085779905319214, "acc": 0.7911356687545776, "length": 3.959235668182373, "mode": "train", "epoch": 13}
{"loss": 0.4840812683105469, "acc": 0.7987632751464844, "length": 4.0, "mode": "test", "epoch": 13}
{"loss": 0.4487815797328949, "acc": 0.7995581030845642, "length": 3.966296434402466, "mode": "train", "epoch": 14}
{"loss": 0.4734156131744385, "acc": 0.800353467464447, "length": 4.0, "mode": "test", "epoch": 14}
{"loss": 0.43424296379089355, "acc": 0.8021444082260132, "length": 3.9717350006103516, "mode": "train", "epoch": 15}
{"loss": 0.4538622796535492, "acc": 0.7925795316696167, "length": 4.0, "mode": "test", "epoch": 15}
{"loss": 0.4154743254184723, "acc": 0.808648943901062, "length": 3.9728496074676514, "mode": "train", "epoch": 16}
{"loss": 0.44868922233581543, "acc": 0.794346272945404, "length": 4.0, "mode": "test", "epoch": 16}
{"loss": 0.4082401394844055, "acc": 0.8077621459960938, "length": 3.9807777404785156, "mode": "train", "epoch": 17}
{"loss": 0.4365489184856415, "acc": 0.7839224338531494, "length": 4.0, "mode": "test", "epoch": 17}
{"loss": 0.3970339894294739, "acc": 0.8081420660018921, "length": 3.9838545322418213, "mode": "train", "epoch": 18}
{"loss": 0.41872212290763855, "acc": 0.7973499894142151, "length": 4.0, "mode": "test", "epoch": 18}
{"loss": 0.39005154371261597, "acc": 0.8203603625297546, "length": 3.9859988689422607, "mode": "train", "epoch": 19}
{"loss": 0.4175175130367279, "acc": 0.8038870096206665, "length": 4.0, "mode": "test", "epoch": 19}
{"loss": 0.3821946680545807, "acc": 0.817839503288269, "length": 3.9909188747406006, "mode": "train", "epoch": 20}
{"loss": 0.4052259624004364, "acc": 0.8141343593597412, "length": 4.0, "mode": "test", "epoch": 20}
{"loss": 0.3713781535625458, "acc": 0.828385055065155, "length": 3.9915921688079834, "mode": "train", "epoch": 21}
{"loss": 0.40221208333969116, "acc": 0.8178444504737854, "length": 4.0, "mode": "test", "epoch": 21}
{"loss": 0.3636665940284729, "acc": 0.8332191109657288, "length": 3.9917643070220947, "mode": "train", "epoch": 22}
{"loss": 0.38840803503990173, "acc": 0.8215548992156982, "length": 4.0, "mode": "test", "epoch": 22}
{"loss": 0.3568151593208313, "acc": 0.8365374803543091, "length": 3.9938416481018066, "mode": "train", "epoch": 23}
{"loss": 0.3916519284248352, "acc": 0.8213781118392944, "length": 4.0, "mode": "test", "epoch": 23}
{"loss": 0.3469981253147125, "acc": 0.8373072743415833, "length": 3.9934592247009277, "mode": "train", "epoch": 24}
{"loss": 0.3771384656429291, "acc": 0.8291518688201904, "length": 4.0, "mode": "test", "epoch": 24}
{"loss": 0.3379890024662018, "acc": 0.8464086651802063, "length": 3.9911458492279053, "mode": "train", "epoch": 25}
{"loss": 0.37914353609085083, "acc": 0.8300354480743408, "length": 4.0, "mode": "test", "epoch": 25}
{"loss": 0.32658758759498596, "acc": 0.8478884100914001, "length": 3.994377851486206, "mode": "train", "epoch": 26}
{"loss": 0.3665110468864441, "acc": 0.8280919790267944, "length": 4.0, "mode": "test", "epoch": 26}
{"loss": 0.3158838450908661, "acc": 0.8583925366401672, "length": 3.9943857192993164, "mode": "train", "epoch": 27}
{"loss": 0.3529479205608368, "acc": 0.840282678604126, "length": 4.0, "mode": "test", "epoch": 27}
{"loss": 0.3070215582847595, "acc": 0.8607385754585266, "length": 3.9949350357055664, "mode": "train", "epoch": 28}
{"loss": 0.3410002589225769, "acc": 0.8468198776245117, "length": 4.0, "mode": "test", "epoch": 28}
{"loss": 0.29892438650131226, "acc": 0.8649289608001709, "length": 3.995835542678833, "mode": "train", "epoch": 29}
{"loss": 0.33665037155151367, "acc": 0.8473497629165649, "length": 4.0, "mode": "test", "epoch": 29}
{"loss": 0.2980164885520935, "acc": 0.8667789101600647, "length": 3.9970815181732178, "mode": "train", "epoch": 30}
{"loss": 0.32698726654052734, "acc": 0.8558302521705627, "length": 4.0, "mode": "test", "epoch": 30}
{"loss": 0.287617564201355, "acc": 0.8751634359359741, "length": 3.9976084232330322, "mode": "train", "epoch": 31}
{"loss": 0.33389812707901, "acc": 0.8547703623771667, "length": 4.0, "mode": "test", "epoch": 31}
{"loss": 0.28455430269241333, "acc": 0.8784440755844116, "length": 3.9965927600860596, "mode": "train", "epoch": 32}
{"loss": 0.32573840022087097, "acc": 0.8567137122154236, "length": 4.0, "mode": "test", "epoch": 32}
{"loss": 0.2849019765853882, "acc": 0.8795796036720276, "length": 3.997097969055176, "mode": "train", "epoch": 33}
{"loss": 0.3042607307434082, "acc": 0.8606007099151611, "length": 4.0, "mode": "test", "epoch": 33}
{"loss": 0.281631201505661, "acc": 0.8783434629440308, "length": 3.997873306274414, "mode": "train", "epoch": 34}
{"loss": 0.31093722581863403, "acc": 0.8676679134368896, "length": 4.0, "mode": "test", "epoch": 34}
{"loss": 0.2792421877384186, "acc": 0.8781576752662659, "length": 3.9944231510162354, "mode": "train", "epoch": 35}
{"loss": 0.3060758709907532, "acc": 0.8625441193580627, "length": 4.0, "mode": "test", "epoch": 35}
{"loss": 0.2766265869140625, "acc": 0.8820889592170715, "length": 3.998464345932007, "mode": "train", "epoch": 36}
{"loss": 0.29730236530303955, "acc": 0.8745583295822144, "length": 4.0, "mode": "test", "epoch": 36}
{"loss": 0.2811572253704071, "acc": 0.8830083608627319, "length": 3.996985673904419, "mode": "train", "epoch": 37}
{"loss": 0.30824288725852966, "acc": 0.8655475974082947, "length": 4.0, "mode": "test", "epoch": 37}
{"loss": 0.27081382274627686, "acc": 0.8840856552124023, "length": 3.9972877502441406, "mode": "train", "epoch": 38}
{"loss": 0.30074045062065125, "acc": 0.872791588306427, "length": 4.0, "mode": "test", "epoch": 38}
{"loss": 0.269555002450943, "acc": 0.8877949714660645, "length": 3.9973390102386475, "mode": "train", "epoch": 39}
{"loss": 0.2974024713039398, "acc": 0.8671378493309021, "length": 4.0, "mode": "test", "epoch": 39}
{"loss": 0.26499855518341064, "acc": 0.890669047832489, "length": 3.9977245330810547, "mode": "train", "epoch": 40}
{"loss": 0.2915014624595642, "acc": 0.869257926940918, "length": 4.0, "mode": "test", "epoch": 40}
{"loss": 0.2642580270767212, "acc": 0.8875797390937805, "length": 3.998495578765869, "mode": "train", "epoch": 41}
{"loss": 0.2941576838493347, "acc": 0.8674912452697754, "length": 4.0, "mode": "test", "epoch": 41}
{"loss": 0.2631298005580902, "acc": 0.8918220400810242, "length": 3.9983229637145996, "mode": "train", "epoch": 42}
{"loss": 0.2947092652320862, "acc": 0.8720847368240356, "length": 4.0, "mode": "test", "epoch": 42}
{"loss": 0.2596319317817688, "acc": 0.887672483921051, "length": 3.997215509414673, "mode": "train", "epoch": 43}
{"loss": 0.2845071256160736, "acc": 0.8823320865631104, "length": 4.0, "mode": "test", "epoch": 43}
{"loss": 0.2511857748031616, "acc": 0.8911719918251038, "length": 3.9986371994018555, "mode": "train", "epoch": 44}
{"loss": 0.29826590418815613, "acc": 0.8763251900672913, "length": 4.0, "mode": "test", "epoch": 44}
{"loss": 0.24992072582244873, "acc": 0.8925975561141968, "length": 3.9986093044281006, "mode": "train", "epoch": 45}
{"loss": 0.2776549160480499, "acc": 0.8885157108306885, "length": 4.0, "mode": "test", "epoch": 45}
{"loss": 0.24927738308906555, "acc": 0.8950111269950867, "length": 3.9986634254455566, "mode": "train", "epoch": 46}
{"loss": 0.2790472209453583, "acc": 0.8833923935890198, "length": 4.0, "mode": "test", "epoch": 46}
{"loss": 0.24166123569011688, "acc": 0.9011206030845642, "length": 3.9964094161987305, "mode": "train", "epoch": 47}
{"loss": 0.280520498752594, "acc": 0.8941696882247925, "length": 4.0, "mode": "test", "epoch": 47}
{"loss": 0.23586492240428925, "acc": 0.9045864343643188, "length": 3.999229907989502, "mode": "train", "epoch": 48}
{"loss": 0.26060205698013306, "acc": 0.9012367129325867, "length": 4.0, "mode": "test", "epoch": 48}
{"loss": 0.2298322468996048, "acc": 0.9083608388900757, "length": 3.999046802520752, "mode": "train", "epoch": 49}
{"loss": 0.2587602138519287, "acc": 0.9033568501472473, "length": 4.0, "mode": "test", "epoch": 49}
{"loss": 0.22552061080932617, "acc": 0.9091294407844543, "length": 3.9989802837371826, "mode": "train", "epoch": 50}
{"loss": 0.2570894658565521, "acc": 0.9024734497070312, "length": 4.0, "mode": "test", "epoch": 50}
{"loss": 0.22408881783485413, "acc": 0.9101318717002869, "length": 3.9992547035217285, "mode": "train", "epoch": 51}
{"loss": 0.25429999828338623, "acc": 0.9090104699134827, "length": 4.0, "mode": "test", "epoch": 51}
{"loss": 0.22023864090442657, "acc": 0.9141574501991272, "length": 3.9995999336242676, "mode": "train", "epoch": 52}
{"loss": 0.24484378099441528, "acc": 0.9123674035072327, "length": 4.0, "mode": "test", "epoch": 52}
{"loss": 0.21806268393993378, "acc": 0.9131391048431396, "length": 3.997403860092163, "mode": "train", "epoch": 53}
{"loss": 0.24268421530723572, "acc": 0.9144877195358276, "length": 4.0, "mode": "test", "epoch": 53}
{"loss": 0.21473152935504913, "acc": 0.9168020486831665, "length": 3.999397039413452, "mode": "train", "epoch": 54}
{"loss": 0.24786393344402313, "acc": 0.9174912571907043, "length": 4.0, "mode": "test", "epoch": 54}
{"loss": 0.21600033342838287, "acc": 0.9165991544723511, "length": 3.998368740081787, "mode": "train", "epoch": 55}
{"loss": 0.25209519267082214, "acc": 0.9130741953849792, "length": 4.0, "mode": "test", "epoch": 55}
{"loss": 0.21215827763080597, "acc": 0.9185248613357544, "length": 3.9996728897094727, "mode": "train", "epoch": 56}
{"loss": 0.24498137831687927, "acc": 0.9187278151512146, "length": 4.0, "mode": "test", "epoch": 56}
{"loss": 0.20724384486675262, "acc": 0.9239500761032104, "length": 3.999208450317383, "mode": "train", "epoch": 57}
{"loss": 0.24626043438911438, "acc": 0.9185512661933899, "length": 4.0, "mode": "test", "epoch": 57}
{"loss": 0.2073841542005539, "acc": 0.9224240183830261, "length": 3.9997034072875977, "mode": "train", "epoch": 58}
{"loss": 0.24085192382335663, "acc": 0.9243815541267395, "length": 4.0, "mode": "test", "epoch": 58}
{"loss": 0.19907642900943756, "acc": 0.9233092069625854, "length": 3.9997706413269043, "mode": "train", "epoch": 59}
{"loss": 0.24128949642181396, "acc": 0.9219080805778503, "length": 4.0, "mode": "test", "epoch": 59}
{"loss": 0.19933369755744934, "acc": 0.9251967668533325, "length": 3.999638557434082, "mode": "train", "epoch": 60}
{"loss": 0.23178982734680176, "acc": 0.9259716868400574, "length": 4.0, "mode": "test", "epoch": 60}
test accuracy: 0.8701612949371338
