# ["--attributes=3", "--values=4", "--game_size=10", "--vocab_size_factor=3", "--n_epochs=60", "--batch_size=128", "--learning_rate=0.0005", "--hidden_size=128", "--temp_update=0.99", "--temperature=2"]
Creating train_ds and val_ds...

Creating test_ds...
{"loss": 0.6959112882614136, "acc": 0.5128189325332642, "length": 3.56404972076416, "mode": "train", "epoch": 1}
{"loss": 0.6803240776062012, "acc": 0.603846549987793, "length": 3.3333332538604736, "mode": "test", "epoch": 1}
{"loss": 0.6909593939781189, "acc": 0.5349645018577576, "length": 3.56667423248291, "mode": "train", "epoch": 2}
{"loss": 0.676750659942627, "acc": 0.5982421040534973, "length": 3.6979167461395264, "mode": "test", "epoch": 2}
{"loss": 0.689767062664032, "acc": 0.5393210649490356, "length": 3.5591273307800293, "mode": "train", "epoch": 3}
{"loss": 0.6717345118522644, "acc": 0.5796115398406982, "length": 3.71875, "mode": "test", "epoch": 3}
{"loss": 0.6890934705734253, "acc": 0.5396369695663452, "length": 3.5559253692626953, "mode": "train", "epoch": 4}
{"loss": 0.663770854473114, "acc": 0.6400254368782043, "length": 3.6770832538604736, "mode": "test", "epoch": 4}
{"loss": 0.685133695602417, "acc": 0.5626757144927979, "length": 3.5255653858184814, "mode": "train", "epoch": 5}
{"loss": 0.6566417813301086, "acc": 0.6754421591758728, "length": 3.7395832538604736, "mode": "test", "epoch": 5}
{"loss": 0.678078293800354, "acc": 0.5804676413536072, "length": 3.531235933303833, "mode": "train", "epoch": 6}
{"loss": 0.6451448798179626, "acc": 0.6735568046569824, "length": 3.8958332538604736, "mode": "test", "epoch": 6}
{"loss": 0.6624752879142761, "acc": 0.6355782151222229, "length": 3.6059353351593018, "mode": "train", "epoch": 7}
{"loss": 0.6237413287162781, "acc": 0.6927083730697632, "length": 4.0, "mode": "test", "epoch": 7}
{"loss": 0.6363733410835266, "acc": 0.6848114132881165, "length": 3.7480878829956055, "mode": "train", "epoch": 8}
{"loss": 0.5941148996353149, "acc": 0.7211804986000061, "length": 4.0, "mode": "test", "epoch": 8}
{"loss": 0.5988975763320923, "acc": 0.6999834179878235, "length": 3.8550381660461426, "mode": "train", "epoch": 9}
{"loss": 0.5666605234146118, "acc": 0.739062488079071, "length": 4.0, "mode": "test", "epoch": 9}
{"loss": 0.5624778270721436, "acc": 0.7088291645050049, "length": 3.8987228870391846, "mode": "train", "epoch": 10}
{"loss": 0.5615681409835815, "acc": 0.7359374165534973, "length": 4.0, "mode": "test", "epoch": 10}
{"loss": 0.5444799661636353, "acc": 0.7100592255592346, "length": 3.9147818088531494, "mode": "train", "epoch": 11}
{"loss": 0.5539741516113281, "acc": 0.7279514074325562, "length": 4.0, "mode": "test", "epoch": 11}
{"loss": 0.5316023826599121, "acc": 0.7222325205802917, "length": 3.8869898319244385, "mode": "train", "epoch": 12}
{"loss": 0.5144269466400146, "acc": 0.7253472805023193, "length": 4.0, "mode": "test", "epoch": 12}
{"loss": 0.5163030028343201, "acc": 0.740567147731781, "length": 3.873072862625122, "mode": "train", "epoch": 13}
{"loss": 0.4948854148387909, "acc": 0.7756944894790649, "length": 4.0, "mode": "test", "epoch": 13}
{"loss": 0.4971856474876404, "acc": 0.7726949453353882, "length": 3.907620906829834, "mode": "train", "epoch": 14}
{"loss": 0.47901231050491333, "acc": 0.8034722805023193, "length": 4.0, "mode": "test", "epoch": 14}
{"loss": 0.4777384400367737, "acc": 0.7912118434906006, "length": 3.9325315952301025, "mode": "train", "epoch": 15}
{"loss": 0.4611247479915619, "acc": 0.8123262524604797, "length": 4.0, "mode": "test", "epoch": 15}
{"loss": 0.45565876364707947, "acc": 0.8091167211532593, "length": 3.949556589126587, "mode": "train", "epoch": 16}
{"loss": 0.45107293128967285, "acc": 0.8168402314186096, "length": 4.0, "mode": "test", "epoch": 16}
{"loss": 0.4336507320404053, "acc": 0.8156067728996277, "length": 3.9571056365966797, "mode": "train", "epoch": 17}
{"loss": 0.4478332996368408, "acc": 0.8182292580604553, "length": 4.0, "mode": "test", "epoch": 17}
{"loss": 0.41904935240745544, "acc": 0.8139384984970093, "length": 3.9713408946990967, "mode": "train", "epoch": 18}
{"loss": 0.4481228291988373, "acc": 0.8126736879348755, "length": 4.0, "mode": "test", "epoch": 18}
{"loss": 0.4063529372215271, "acc": 0.8162472248077393, "length": 3.97106671333313, "mode": "train", "epoch": 19}
{"loss": 0.46293744444847107, "acc": 0.7980902194976807, "length": 4.0, "mode": "test", "epoch": 19}
{"loss": 0.3976939618587494, "acc": 0.8222061395645142, "length": 3.977696418762207, "mode": "train", "epoch": 20}
{"loss": 0.45554670691490173, "acc": 0.8006944060325623, "length": 4.0, "mode": "test", "epoch": 20}
{"loss": 0.3917824327945709, "acc": 0.8202894330024719, "length": 3.9797468185424805, "mode": "train", "epoch": 21}
{"loss": 0.45738276839256287, "acc": 0.8071179389953613, "length": 4.0, "mode": "test", "epoch": 21}
{"loss": 0.38410013914108276, "acc": 0.8251041173934937, "length": 3.9839489459991455, "mode": "train", "epoch": 22}
{"loss": 0.46034371852874756, "acc": 0.8060764074325562, "length": 4.0, "mode": "test", "epoch": 22}
{"loss": 0.37654605507850647, "acc": 0.8298068046569824, "length": 3.983922004699707, "mode": "train", "epoch": 23}
{"loss": 0.47504302859306335, "acc": 0.8065972924232483, "length": 4.0, "mode": "test", "epoch": 23}
{"loss": 0.3675031363964081, "acc": 0.8332011699676514, "length": 3.9867570400238037, "mode": "train", "epoch": 24}
{"loss": 0.4508652687072754, "acc": 0.8098958134651184, "length": 4.0, "mode": "test", "epoch": 24}
{"loss": 0.3599506616592407, "acc": 0.8334583640098572, "length": 3.9886772632598877, "mode": "train", "epoch": 25}
{"loss": 0.44534966349601746, "acc": 0.8194444179534912, "length": 4.0, "mode": "test", "epoch": 25}
{"loss": 0.35288697481155396, "acc": 0.84007728099823, "length": 3.9884536266326904, "mode": "train", "epoch": 26}
{"loss": 0.43407711386680603, "acc": 0.8234375715255737, "length": 4.0, "mode": "test", "epoch": 26}
{"loss": 0.34034305810928345, "acc": 0.8537710309028625, "length": 3.9904284477233887, "mode": "train", "epoch": 27}
{"loss": 0.42806440591812134, "acc": 0.8263888359069824, "length": 4.0, "mode": "test", "epoch": 27}
{"loss": 0.33371612429618835, "acc": 0.8543950915336609, "length": 3.9916844367980957, "mode": "train", "epoch": 28}
{"loss": 0.4071445167064667, "acc": 0.840624988079071, "length": 4.0, "mode": "test", "epoch": 28}
{"loss": 0.3235054910182953, "acc": 0.8599169254302979, "length": 3.9915530681610107, "mode": "train", "epoch": 29}
{"loss": 0.40328750014305115, "acc": 0.8406249284744263, "length": 4.0, "mode": "test", "epoch": 29}
{"loss": 0.31473231315612793, "acc": 0.8627011179924011, "length": 3.9933857917785645, "mode": "train", "epoch": 30}
{"loss": 0.3775619864463806, "acc": 0.8416666984558105, "length": 4.0, "mode": "test", "epoch": 30}
{"loss": 0.3079904019832611, "acc": 0.8669255375862122, "length": 3.9932987689971924, "mode": "train", "epoch": 31}
{"loss": 0.37821587920188904, "acc": 0.8496527075767517, "length": 4.0, "mode": "test", "epoch": 31}
{"loss": 0.2952713966369629, "acc": 0.8672872185707092, "length": 3.9940500259399414, "mode": "train", "epoch": 32}
{"loss": 0.358913779258728, "acc": 0.8546874523162842, "length": 4.0, "mode": "test", "epoch": 32}
{"loss": 0.29142680764198303, "acc": 0.8722424507141113, "length": 3.995210647583008, "mode": "train", "epoch": 33}
{"loss": 0.33987709879875183, "acc": 0.8546875715255737, "length": 4.0, "mode": "test", "epoch": 33}
{"loss": 0.2839660346508026, "acc": 0.87797611951828, "length": 3.9954166412353516, "mode": "train", "epoch": 34}
{"loss": 0.33084356784820557, "acc": 0.8598958253860474, "length": 4.0, "mode": "test", "epoch": 34}
{"loss": 0.2817748188972473, "acc": 0.8778637051582336, "length": 3.9955224990844727, "mode": "train", "epoch": 35}
{"loss": 0.317109078168869, "acc": 0.8685764074325562, "length": 4.0, "mode": "test", "epoch": 35}
{"loss": 0.2748185098171234, "acc": 0.8791607022285461, "length": 3.995676279067993, "mode": "train", "epoch": 36}
{"loss": 0.3104822635650635, "acc": 0.8736110925674438, "length": 4.0, "mode": "test", "epoch": 36}
{"loss": 0.2699941098690033, "acc": 0.8828696608543396, "length": 3.9962337017059326, "mode": "train", "epoch": 37}
{"loss": 0.2914334237575531, "acc": 0.8784722685813904, "length": 4.0, "mode": "test", "epoch": 37}
{"loss": 0.26583924889564514, "acc": 0.88704514503479, "length": 3.9965972900390625, "mode": "train", "epoch": 38}
{"loss": 0.3046438694000244, "acc": 0.8782985210418701, "length": 4.0, "mode": "test", "epoch": 38}
{"loss": 0.2608588933944702, "acc": 0.8829466104507446, "length": 3.9972808361053467, "mode": "train", "epoch": 39}
{"loss": 0.2957700192928314, "acc": 0.8814235925674438, "length": 4.0, "mode": "test", "epoch": 39}
{"loss": 0.25696536898612976, "acc": 0.8896244168281555, "length": 3.997532606124878, "mode": "train", "epoch": 40}
{"loss": 0.29191601276397705, "acc": 0.8774304986000061, "length": 4.0, "mode": "test", "epoch": 40}
{"loss": 0.2497776448726654, "acc": 0.8929723501205444, "length": 3.9973928928375244, "mode": "train", "epoch": 41}
{"loss": 0.2948090732097626, "acc": 0.8821179270744324, "length": 4.0, "mode": "test", "epoch": 41}
{"loss": 0.24774618446826935, "acc": 0.8928636908531189, "length": 3.997382402420044, "mode": "train", "epoch": 42}
{"loss": 0.2773545980453491, "acc": 0.8810763359069824, "length": 4.0, "mode": "test", "epoch": 42}
{"loss": 0.24551822245121002, "acc": 0.8961181044578552, "length": 3.998058557510376, "mode": "train", "epoch": 43}
{"loss": 0.27863577008247375, "acc": 0.8874999284744263, "length": 4.0, "mode": "test", "epoch": 43}
{"loss": 0.24005408585071564, "acc": 0.8987950682640076, "length": 3.998020648956299, "mode": "train", "epoch": 44}
{"loss": 0.26734814047813416, "acc": 0.8869791030883789, "length": 4.0, "mode": "test", "epoch": 44}
{"loss": 0.23565673828125, "acc": 0.897979736328125, "length": 3.9982717037200928, "mode": "train", "epoch": 45}
{"loss": 0.27072232961654663, "acc": 0.8895832896232605, "length": 4.0, "mode": "test", "epoch": 45}
{"loss": 0.2307429313659668, "acc": 0.9010559320449829, "length": 3.9982800483703613, "mode": "train", "epoch": 46}
{"loss": 0.2631078362464905, "acc": 0.8925347924232483, "length": 4.0, "mode": "test", "epoch": 46}
{"loss": 0.2269880324602127, "acc": 0.9080541729927063, "length": 3.9977564811706543, "mode": "train", "epoch": 47}
{"loss": 0.24630004167556763, "acc": 0.8991318941116333, "length": 4.0, "mode": "test", "epoch": 47}
{"loss": 0.2275453805923462, "acc": 0.9043607711791992, "length": 3.9983577728271484, "mode": "train", "epoch": 48}
{"loss": 0.24172620475292206, "acc": 0.9010416865348816, "length": 4.0, "mode": "test", "epoch": 48}
{"loss": 0.2176951915025711, "acc": 0.9127079248428345, "length": 3.998567819595337, "mode": "train", "epoch": 49}
{"loss": 0.24920086562633514, "acc": 0.8996527791023254, "length": 4.0, "mode": "test", "epoch": 49}
{"loss": 0.21311061084270477, "acc": 0.9122999310493469, "length": 3.9983115196228027, "mode": "train", "epoch": 50}
{"loss": 0.24759691953659058, "acc": 0.8991318941116333, "length": 4.0, "mode": "test", "epoch": 50}
{"loss": 0.20789940655231476, "acc": 0.9192993640899658, "length": 3.9982187747955322, "mode": "train", "epoch": 51}
{"loss": 0.23014895617961884, "acc": 0.8984375, "length": 4.0, "mode": "test", "epoch": 51}
{"loss": 0.20475131273269653, "acc": 0.917061448097229, "length": 3.9986772537231445, "mode": "train", "epoch": 52}
{"loss": 0.22384420037269592, "acc": 0.9065971374511719, "length": 4.0, "mode": "test", "epoch": 52}
{"loss": 0.19953188300132751, "acc": 0.9226194620132446, "length": 3.9985005855560303, "mode": "train", "epoch": 53}
{"loss": 0.23907241225242615, "acc": 0.9069443941116333, "length": 4.0, "mode": "test", "epoch": 53}
{"loss": 0.19552631676197052, "acc": 0.9227870106697083, "length": 3.998387575149536, "mode": "train", "epoch": 54}
{"loss": 0.23968695104122162, "acc": 0.9071180820465088, "length": 4.0, "mode": "test", "epoch": 54}
{"loss": 0.18691329658031464, "acc": 0.9292948842048645, "length": 3.997058629989624, "mode": "train", "epoch": 55}
{"loss": 0.23078066110610962, "acc": 0.9060763120651245, "length": 4.0, "mode": "test", "epoch": 55}
{"loss": 0.1832703948020935, "acc": 0.9298204183578491, "length": 3.9986815452575684, "mode": "train", "epoch": 56}
{"loss": 0.22495326399803162, "acc": 0.9069443941116333, "length": 4.0, "mode": "test", "epoch": 56}
{"loss": 0.1856226623058319, "acc": 0.9277480840682983, "length": 3.999035358428955, "mode": "train", "epoch": 57}
{"loss": 0.22621741890907288, "acc": 0.9121527075767517, "length": 4.0, "mode": "test", "epoch": 57}
{"loss": 0.17475904524326324, "acc": 0.9367887377738953, "length": 3.9990463256835938, "mode": "train", "epoch": 58}
{"loss": 0.22107063233852386, "acc": 0.9119791388511658, "length": 4.0, "mode": "test", "epoch": 58}
{"loss": 0.17279836535453796, "acc": 0.9353875517845154, "length": 3.998708486557007, "mode": "train", "epoch": 59}
{"loss": 0.21783369779586792, "acc": 0.9170138835906982, "length": 4.0, "mode": "test", "epoch": 59}
{"loss": 0.1673033982515335, "acc": 0.9373362064361572, "length": 3.998368263244629, "mode": "train", "epoch": 60}
{"loss": 0.1986888349056244, "acc": 0.9182291030883789, "length": 4.0, "mode": "test", "epoch": 60}
test accuracy: 0.8239656686782837
