# ["--attributes=3", "--values=4", "--game_size=10", "--vocab_size_factor=3", "--n_epochs=60", "--batch_size=128", "--learning_rate=0.0005", "--hidden_size=256", "--temp_update=0.97", "--temperature=1.5"]
Creating train_ds and val_ds...

Creating test_ds...
{"loss": 0.6943053007125854, "acc": 0.5333037376403809, "length": 3.5435140132904053, "mode": "train", "epoch": 1}
{"loss": 0.6860383749008179, "acc": 0.5411486029624939, "length": 1.25, "mode": "test", "epoch": 1}
{"loss": 0.6870434880256653, "acc": 0.5427893996238708, "length": 3.445988178253174, "mode": "train", "epoch": 2}
{"loss": 0.6828645467758179, "acc": 0.5827581882476807, "length": 1.4270833730697632, "mode": "test", "epoch": 2}
{"loss": 0.6818130016326904, "acc": 0.5662394165992737, "length": 3.2585220336914062, "mode": "train", "epoch": 3}
{"loss": 0.6680994033813477, "acc": 0.5965983867645264, "length": 1.8819444179534912, "mode": "test", "epoch": 3}
{"loss": 0.6571888327598572, "acc": 0.6254783868789673, "length": 3.06695294380188, "mode": "train", "epoch": 4}
{"loss": 0.6254479289054871, "acc": 0.6868734359741211, "length": 2.711805582046509, "mode": "test", "epoch": 4}
{"loss": 0.6072805523872375, "acc": 0.6888265013694763, "length": 3.3063321113586426, "mode": "train", "epoch": 5}
{"loss": 0.5727273225784302, "acc": 0.7087510228157043, "length": 3.8333332538604736, "mode": "test", "epoch": 5}
{"loss": 0.5568947196006775, "acc": 0.7265607714653015, "length": 3.641322135925293, "mode": "train", "epoch": 6}
{"loss": 0.5573431253433228, "acc": 0.7244846820831299, "length": 3.9791667461395264, "mode": "test", "epoch": 6}
{"loss": 0.528052568435669, "acc": 0.7442404627799988, "length": 3.7845277786254883, "mode": "train", "epoch": 7}
{"loss": 0.5275305509567261, "acc": 0.7749335169792175, "length": 3.7395832538604736, "mode": "test", "epoch": 7}
{"loss": 0.4851888418197632, "acc": 0.772284984588623, "length": 3.7885348796844482, "mode": "train", "epoch": 8}
{"loss": 0.49854815006256104, "acc": 0.7700669765472412, "length": 3.96875, "mode": "test", "epoch": 8}
{"loss": 0.44543924927711487, "acc": 0.7846367955207825, "length": 3.8177173137664795, "mode": "train", "epoch": 9}
{"loss": 0.48468828201293945, "acc": 0.7968885898590088, "length": 3.96875, "mode": "test", "epoch": 9}
{"loss": 0.4266030490398407, "acc": 0.804460346698761, "length": 3.8430535793304443, "mode": "train", "epoch": 10}
{"loss": 0.4742010831832886, "acc": 0.8101060390472412, "length": 3.940972328186035, "mode": "test", "epoch": 10}
{"loss": 0.3967280685901642, "acc": 0.8348752856254578, "length": 3.884459972381592, "mode": "train", "epoch": 11}
{"loss": 0.4292733669281006, "acc": 0.8303601741790771, "length": 3.96875, "mode": "test", "epoch": 11}
{"loss": 0.3648074269294739, "acc": 0.8448997735977173, "length": 3.91365647315979, "mode": "train", "epoch": 12}
{"loss": 0.4001287817955017, "acc": 0.8333333134651184, "length": 4.0, "mode": "test", "epoch": 12}
{"loss": 0.3320077955722809, "acc": 0.8620599508285522, "length": 3.955653190612793, "mode": "train", "epoch": 13}
{"loss": 0.37028443813323975, "acc": 0.8435763120651245, "length": 4.0, "mode": "test", "epoch": 13}
{"loss": 0.3101847767829895, "acc": 0.8699547648429871, "length": 3.971411943435669, "mode": "train", "epoch": 14}
{"loss": 0.373282253742218, "acc": 0.852430522441864, "length": 4.0, "mode": "test", "epoch": 14}
{"loss": 0.29089006781578064, "acc": 0.883578360080719, "length": 3.965602397918701, "mode": "train", "epoch": 15}
{"loss": 0.3467733561992645, "acc": 0.8631944060325623, "length": 4.0, "mode": "test", "epoch": 15}
{"loss": 0.2724124789237976, "acc": 0.8907108902931213, "length": 3.975679874420166, "mode": "train", "epoch": 16}
{"loss": 0.3475131392478943, "acc": 0.8696181774139404, "length": 4.0, "mode": "test", "epoch": 16}
{"loss": 0.26117658615112305, "acc": 0.891781747341156, "length": 3.98300838470459, "mode": "train", "epoch": 17}
{"loss": 0.3307662904262543, "acc": 0.8805555105209351, "length": 4.0, "mode": "test", "epoch": 17}
{"loss": 0.24989524483680725, "acc": 0.9040198922157288, "length": 3.987985610961914, "mode": "train", "epoch": 18}
{"loss": 0.3113483190536499, "acc": 0.8868055939674377, "length": 4.0, "mode": "test", "epoch": 18}
{"loss": 0.2380789816379547, "acc": 0.9072839617729187, "length": 3.9937446117401123, "mode": "train", "epoch": 19}
{"loss": 0.2918267846107483, "acc": 0.8958333134651184, "length": 4.0, "mode": "test", "epoch": 19}
{"loss": 0.23368407785892487, "acc": 0.9107181429862976, "length": 3.9936914443969727, "mode": "train", "epoch": 20}
{"loss": 0.2852135896682739, "acc": 0.8951389789581299, "length": 4.0, "mode": "test", "epoch": 20}
{"loss": 0.22287502884864807, "acc": 0.9090560078620911, "length": 3.9893229007720947, "mode": "train", "epoch": 21}
{"loss": 0.2714190185070038, "acc": 0.9001737236976624, "length": 4.0, "mode": "test", "epoch": 21}
{"loss": 0.2145763784646988, "acc": 0.9134103655815125, "length": 3.9900314807891846, "mode": "train", "epoch": 22}
{"loss": 0.26208919286727905, "acc": 0.9125000834465027, "length": 4.0, "mode": "test", "epoch": 22}
{"loss": 0.20460118353366852, "acc": 0.9203407168388367, "length": 3.9901812076568604, "mode": "train", "epoch": 23}
{"loss": 0.25109609961509705, "acc": 0.9067705869674683, "length": 4.0, "mode": "test", "epoch": 23}
{"loss": 0.20247067511081696, "acc": 0.9179202318191528, "length": 3.9932620525360107, "mode": "train", "epoch": 24}
{"loss": 0.26016733050346375, "acc": 0.9060763120651245, "length": 4.0, "mode": "test", "epoch": 24}
{"loss": 0.2015206515789032, "acc": 0.9240252375602722, "length": 3.9962546825408936, "mode": "train", "epoch": 25}
{"loss": 0.2510029077529907, "acc": 0.9107639789581299, "length": 4.0, "mode": "test", "epoch": 25}
{"loss": 0.1976011097431183, "acc": 0.92366623878479, "length": 3.9967658519744873, "mode": "train", "epoch": 26}
{"loss": 0.24936437606811523, "acc": 0.9154513478279114, "length": 4.0, "mode": "test", "epoch": 26}
{"loss": 0.1943681389093399, "acc": 0.9297284483909607, "length": 3.995518684387207, "mode": "train", "epoch": 27}
{"loss": 0.24379655718803406, "acc": 0.9119792580604553, "length": 4.0, "mode": "test", "epoch": 27}
{"loss": 0.1809922158718109, "acc": 0.9304251670837402, "length": 3.9978995323181152, "mode": "train", "epoch": 28}
{"loss": 0.23512707650661469, "acc": 0.9154513478279114, "length": 4.0, "mode": "test", "epoch": 28}
{"loss": 0.1799585372209549, "acc": 0.9315460324287415, "length": 3.9961087703704834, "mode": "train", "epoch": 29}
{"loss": 0.24379464983940125, "acc": 0.9187500476837158, "length": 4.0, "mode": "test", "epoch": 29}
{"loss": 0.17429214715957642, "acc": 0.9369081258773804, "length": 3.998230457305908, "mode": "train", "epoch": 30}
{"loss": 0.2365500032901764, "acc": 0.9145834445953369, "length": 4.0, "mode": "test", "epoch": 30}
{"loss": 0.17091961205005646, "acc": 0.937748372554779, "length": 3.999192714691162, "mode": "train", "epoch": 31}
{"loss": 0.2179839015007019, "acc": 0.9225693941116333, "length": 4.0, "mode": "test", "epoch": 31}
{"loss": 0.16852493584156036, "acc": 0.9385733008384705, "length": 3.996457576751709, "mode": "train", "epoch": 32}
{"loss": 0.2262648046016693, "acc": 0.9210068583488464, "length": 4.0, "mode": "test", "epoch": 32}
{"loss": 0.16584882140159607, "acc": 0.934867799282074, "length": 3.997018575668335, "mode": "train", "epoch": 33}
{"loss": 0.2210296094417572, "acc": 0.9279513955116272, "length": 4.0, "mode": "test", "epoch": 33}
{"loss": 0.16014115512371063, "acc": 0.9403449296951294, "length": 3.998164653778076, "mode": "train", "epoch": 34}
{"loss": 0.2210291624069214, "acc": 0.9125000834465027, "length": 4.0, "mode": "test", "epoch": 34}
{"loss": 0.16761352121829987, "acc": 0.9357035160064697, "length": 3.9988465309143066, "mode": "train", "epoch": 35}
{"loss": 0.20857451856136322, "acc": 0.9225693941116333, "length": 4.0, "mode": "test", "epoch": 35}
{"loss": 0.16851140558719635, "acc": 0.9388566613197327, "length": 3.9994723796844482, "mode": "train", "epoch": 36}
{"loss": 0.22220966219902039, "acc": 0.925868034362793, "length": 4.0, "mode": "test", "epoch": 36}
{"loss": 0.16365955770015717, "acc": 0.939667820930481, "length": 3.9996910095214844, "mode": "train", "epoch": 37}
{"loss": 0.21921157836914062, "acc": 0.9237847924232483, "length": 4.0, "mode": "test", "epoch": 37}
{"loss": 0.15943948924541473, "acc": 0.9407720565795898, "length": 3.999799966812134, "mode": "train", "epoch": 38}
{"loss": 0.2079283893108368, "acc": 0.932291567325592, "length": 4.0, "mode": "test", "epoch": 38}
{"loss": 0.14902456104755402, "acc": 0.9457585215568542, "length": 3.9997026920318604, "mode": "train", "epoch": 39}
{"loss": 0.226401686668396, "acc": 0.9314236044883728, "length": 4.0, "mode": "test", "epoch": 39}
{"loss": 0.1523721069097519, "acc": 0.9412867426872253, "length": 3.9993770122528076, "mode": "train", "epoch": 40}
{"loss": 0.19876770675182343, "acc": 0.9279513955116272, "length": 4.0, "mode": "test", "epoch": 40}
{"loss": 0.1458137333393097, "acc": 0.943331241607666, "length": 3.9974796772003174, "mode": "train", "epoch": 41}
{"loss": 0.20314949750900269, "acc": 0.9237847924232483, "length": 4.0, "mode": "test", "epoch": 41}
{"loss": 0.14066199958324432, "acc": 0.9470605254173279, "length": 3.9981963634490967, "mode": "train", "epoch": 42}
{"loss": 0.19033768773078918, "acc": 0.925347089767456, "length": 4.0, "mode": "test", "epoch": 42}
{"loss": 0.13835300505161285, "acc": 0.9453518390655518, "length": 3.997246503829956, "mode": "train", "epoch": 43}
{"loss": 0.20039385557174683, "acc": 0.9286457896232605, "length": 4.0, "mode": "test", "epoch": 43}
{"loss": 0.1357453316450119, "acc": 0.950167179107666, "length": 3.9997332096099854, "mode": "train", "epoch": 44}
{"loss": 0.20269876718521118, "acc": 0.9230902194976807, "length": 4.0, "mode": "test", "epoch": 44}
{"loss": 0.13728122413158417, "acc": 0.9494184255599976, "length": 3.9999656677246094, "mode": "train", "epoch": 45}
{"loss": 0.21175508201122284, "acc": 0.9244791865348816, "length": 4.0, "mode": "test", "epoch": 45}
{"loss": 0.13574551045894623, "acc": 0.948309600353241, "length": 3.999474287033081, "mode": "train", "epoch": 46}
{"loss": 0.2013685703277588, "acc": 0.9197916388511658, "length": 4.0, "mode": "test", "epoch": 46}
{"loss": 0.12487584352493286, "acc": 0.9534094333648682, "length": 3.999671459197998, "mode": "train", "epoch": 47}
{"loss": 0.2000804841518402, "acc": 0.9354166388511658, "length": 4.0, "mode": "test", "epoch": 47}
{"loss": 0.1316419541835785, "acc": 0.9515037536621094, "length": 3.9998698234558105, "mode": "train", "epoch": 48}
{"loss": 0.1952030062675476, "acc": 0.9246528148651123, "length": 4.0, "mode": "test", "epoch": 48}
{"loss": 0.13383670151233673, "acc": 0.9473293423652649, "length": 3.9997546672821045, "mode": "train", "epoch": 49}
{"loss": 0.1938314437866211, "acc": 0.9248263835906982, "length": 4.0, "mode": "test", "epoch": 49}
{"loss": 0.1266544759273529, "acc": 0.9525271058082581, "length": 3.997490406036377, "mode": "train", "epoch": 50}
{"loss": 0.20163516700267792, "acc": 0.916840136051178, "length": 4.0, "mode": "test", "epoch": 50}
{"loss": 0.1256013959646225, "acc": 0.9495913982391357, "length": 3.9999308586120605, "mode": "train", "epoch": 51}
{"loss": 0.17657367885112762, "acc": 0.9342014789581299, "length": 4.0, "mode": "test", "epoch": 51}
{"loss": 0.1221572756767273, "acc": 0.95440673828125, "length": 3.999962091445923, "mode": "train", "epoch": 52}
{"loss": 0.1649027317762375, "acc": 0.9437500834465027, "length": 4.0, "mode": "test", "epoch": 52}
{"loss": 0.12395533174276352, "acc": 0.9540596604347229, "length": 3.9999687671661377, "mode": "train", "epoch": 53}
{"loss": 0.1646607220172882, "acc": 0.9366319179534912, "length": 4.0, "mode": "test", "epoch": 53}
{"loss": 0.11498463898897171, "acc": 0.9552725553512573, "length": 3.9992964267730713, "mode": "train", "epoch": 54}
{"loss": 0.15365548431873322, "acc": 0.9463542103767395, "length": 4.0, "mode": "test", "epoch": 54}
{"loss": 0.12060873210430145, "acc": 0.9537090063095093, "length": 3.9997622966766357, "mode": "train", "epoch": 55}
{"loss": 0.1590038686990738, "acc": 0.9402778148651123, "length": 4.0, "mode": "test", "epoch": 55}
{"loss": 0.1138581708073616, "acc": 0.954697847366333, "length": 3.9999663829803467, "mode": "train", "epoch": 56}
{"loss": 0.16502711176872253, "acc": 0.9336806535720825, "length": 4.0, "mode": "test", "epoch": 56}
{"loss": 0.11387850344181061, "acc": 0.9559739232063293, "length": 3.9999775886535645, "mode": "train", "epoch": 57}
{"loss": 0.17125707864761353, "acc": 0.9366319179534912, "length": 4.0, "mode": "test", "epoch": 57}
{"loss": 0.11369970440864563, "acc": 0.9564330577850342, "length": 3.9998996257781982, "mode": "train", "epoch": 58}
{"loss": 0.19217853248119354, "acc": 0.9291666746139526, "length": 4.0, "mode": "test", "epoch": 58}
{"loss": 0.11195337772369385, "acc": 0.9591645002365112, "length": 3.9999847412109375, "mode": "train", "epoch": 59}
{"loss": 0.15939532220363617, "acc": 0.9359375834465027, "length": 4.0, "mode": "test", "epoch": 59}
{"loss": 0.11822693049907684, "acc": 0.9551018476486206, "length": 3.9999592304229736, "mode": "train", "epoch": 60}
{"loss": 0.15872758626937866, "acc": 0.9402778148651123, "length": 4.0, "mode": "test", "epoch": 60}
test accuracy: 0.7417241334915161
