# ["--attributes=3", "--values=4", "--game_size=10", "--vocab_size_factor=3", "--n_epochs=60", "--batch_size=32", "--learning_rate=0.0005", "--hidden_size=256", "--temp_update=0.97", "--temperature=1"]
Creating train_ds and val_ds...

Creating test_ds...
{"loss": 0.7025713920593262, "acc": 0.5134844183921814, "length": 2.595989465713501, "mode": "train", "epoch": 1}
{"loss": 0.6930387616157532, "acc": 0.4962897300720215, "length": 1.0, "mode": "test", "epoch": 1}
{"loss": 0.6458708643913269, "acc": 0.6374583840370178, "length": 2.287673234939575, "mode": "train", "epoch": 2}
{"loss": 0.5340813398361206, "acc": 0.764151394367218, "length": 3.098939895629883, "mode": "test", "epoch": 2}
{"loss": 0.4977555572986603, "acc": 0.773821234703064, "length": 3.17923641204834, "mode": "train", "epoch": 3}
{"loss": 0.4612063467502594, "acc": 0.7916095852851868, "length": 3.3392226696014404, "mode": "test", "epoch": 3}
{"loss": 0.4433351159095764, "acc": 0.8049895763397217, "length": 3.2932472229003906, "mode": "train", "epoch": 4}
{"loss": 0.42343664169311523, "acc": 0.815795361995697, "length": 3.519434690475464, "mode": "test", "epoch": 4}
{"loss": 0.39115166664123535, "acc": 0.8347254395484924, "length": 3.4777333736419678, "mode": "train", "epoch": 5}
{"loss": 0.41381001472473145, "acc": 0.8239091634750366, "length": 3.508833885192871, "mode": "test", "epoch": 5}
{"loss": 0.3677305281162262, "acc": 0.8504158854484558, "length": 3.4720957279205322, "mode": "train", "epoch": 6}
{"loss": 0.3854840099811554, "acc": 0.8249902129173279, "length": 3.4699647426605225, "mode": "test", "epoch": 6}
{"loss": 0.3546788990497589, "acc": 0.8522077202796936, "length": 3.451308488845825, "mode": "train", "epoch": 7}
{"loss": 0.3741890490055084, "acc": 0.8413566946983337, "length": 3.5017666816711426, "mode": "test", "epoch": 7}
{"loss": 0.3262838125228882, "acc": 0.8647198677062988, "length": 3.4687867164611816, "mode": "train", "epoch": 8}
{"loss": 0.346387654542923, "acc": 0.8484857678413391, "length": 3.4699647426605225, "mode": "test", "epoch": 8}
{"loss": 0.31449875235557556, "acc": 0.8669661283493042, "length": 3.464851140975952, "mode": "train", "epoch": 9}
{"loss": 0.3314298093318939, "acc": 0.857699453830719, "length": 3.480565309524536, "mode": "test", "epoch": 9}
{"loss": 0.3060618042945862, "acc": 0.8717921376228333, "length": 3.477975845336914, "mode": "train", "epoch": 10}
{"loss": 0.32483750581741333, "acc": 0.857309877872467, "length": 3.462897539138794, "mode": "test", "epoch": 10}
{"loss": 0.2936643064022064, "acc": 0.8755120038986206, "length": 3.4898483753204346, "mode": "train", "epoch": 11}
{"loss": 0.31834232807159424, "acc": 0.8565514087677002, "length": 3.462897539138794, "mode": "test", "epoch": 11}
{"loss": 0.29504233598709106, "acc": 0.8803113102912903, "length": 3.4896175861358643, "mode": "train", "epoch": 12}
{"loss": 0.3140849173069, "acc": 0.867982804775238, "length": 3.5724382400512695, "mode": "test", "epoch": 12}
{"loss": 0.27190765738487244, "acc": 0.891170859336853, "length": 3.5876669883728027, "mode": "train", "epoch": 13}
{"loss": 0.2827621400356293, "acc": 0.8765465617179871, "length": 3.664310932159424, "mode": "test", "epoch": 13}
{"loss": 0.2595917880535126, "acc": 0.8935733437538147, "length": 3.646712064743042, "mode": "train", "epoch": 14}
{"loss": 0.259649395942688, "acc": 0.8966071605682373, "length": 3.8056538105010986, "mode": "test", "epoch": 14}
{"loss": 0.2516356408596039, "acc": 0.9009284973144531, "length": 3.767472267150879, "mode": "train", "epoch": 15}
{"loss": 0.24627794325351715, "acc": 0.9062672257423401, "length": 3.840989351272583, "mode": "test", "epoch": 15}
{"loss": 0.2531682252883911, "acc": 0.8996322751045227, "length": 3.827355146408081, "mode": "train", "epoch": 16}
{"loss": 0.26532119512557983, "acc": 0.8994166254997253, "length": 3.9328622817993164, "mode": "test", "epoch": 16}
{"loss": 0.23690344393253326, "acc": 0.9087017178535461, "length": 3.9092488288879395, "mode": "train", "epoch": 17}
{"loss": 0.24434883892536163, "acc": 0.9045661687850952, "length": 3.9964663982391357, "mode": "test", "epoch": 17}
{"loss": 0.232106551527977, "acc": 0.9112761616706848, "length": 3.967909574508667, "mode": "train", "epoch": 18}
{"loss": 0.245663121342659, "acc": 0.9028269648551941, "length": 4.0, "mode": "test", "epoch": 18}
{"loss": 0.2213636040687561, "acc": 0.9136003255844116, "length": 3.980699062347412, "mode": "train", "epoch": 19}
{"loss": 0.2395913153886795, "acc": 0.9070671796798706, "length": 4.0, "mode": "test", "epoch": 19}
{"loss": 0.22220580279827118, "acc": 0.914877712726593, "length": 3.990372657775879, "mode": "train", "epoch": 20}
{"loss": 0.2432858645915985, "acc": 0.9010600447654724, "length": 4.0, "mode": "test", "epoch": 20}
{"loss": 0.22529664635658264, "acc": 0.909132719039917, "length": 3.993556022644043, "mode": "train", "epoch": 21}
{"loss": 0.22468988597393036, "acc": 0.9185511469841003, "length": 4.0, "mode": "test", "epoch": 21}
{"loss": 0.21853026747703552, "acc": 0.9141567349433899, "length": 3.9917871952056885, "mode": "train", "epoch": 22}
{"loss": 0.2423541098833084, "acc": 0.9086571931838989, "length": 4.0, "mode": "test", "epoch": 22}
{"loss": 0.22904500365257263, "acc": 0.909483015537262, "length": 3.998108386993408, "mode": "train", "epoch": 23}
{"loss": 0.2415703982114792, "acc": 0.9102471470832825, "length": 4.0, "mode": "test", "epoch": 23}
{"loss": 0.2214035540819168, "acc": 0.9098227620124817, "length": 3.998119592666626, "mode": "train", "epoch": 24}
{"loss": 0.23619696497917175, "acc": 0.9127209186553955, "length": 4.0, "mode": "test", "epoch": 24}
{"loss": 0.21343910694122314, "acc": 0.9160876274108887, "length": 3.9981420040130615, "mode": "train", "epoch": 25}
{"loss": 0.2273603230714798, "acc": 0.9141342043876648, "length": 4.0, "mode": "test", "epoch": 25}
{"loss": 0.21503789722919464, "acc": 0.9164457321166992, "length": 3.9985311031341553, "mode": "train", "epoch": 26}
{"loss": 0.23204405605793, "acc": 0.9100706577301025, "length": 4.0, "mode": "test", "epoch": 26}
{"loss": 0.21126380562782288, "acc": 0.9167882800102234, "length": 3.9972238540649414, "mode": "train", "epoch": 27}
{"loss": 0.21831679344177246, "acc": 0.9183745384216309, "length": 4.0, "mode": "test", "epoch": 27}
{"loss": 0.2060549557209015, "acc": 0.9194336533546448, "length": 3.9982542991638184, "mode": "train", "epoch": 28}
{"loss": 0.21827083826065063, "acc": 0.9167842864990234, "length": 4.0, "mode": "test", "epoch": 28}
{"loss": 0.2051781713962555, "acc": 0.917421281337738, "length": 3.996831178665161, "mode": "train", "epoch": 29}
{"loss": 0.2076963186264038, "acc": 0.9201414585113525, "length": 4.0, "mode": "test", "epoch": 29}
{"loss": 0.20090365409851074, "acc": 0.921701192855835, "length": 3.9972362518310547, "mode": "train", "epoch": 30}
{"loss": 0.23112504184246063, "acc": 0.9153708815574646, "length": 4.0, "mode": "test", "epoch": 30}
{"loss": 0.20103472471237183, "acc": 0.9197719693183899, "length": 3.998411178588867, "mode": "train", "epoch": 31}
{"loss": 0.21865615248680115, "acc": 0.9164310097694397, "length": 4.0, "mode": "test", "epoch": 31}
{"loss": 0.20347259938716888, "acc": 0.9199526906013489, "length": 3.9998409748077393, "mode": "train", "epoch": 32}
{"loss": 0.22541972994804382, "acc": 0.9088338613510132, "length": 4.0, "mode": "test", "epoch": 32}
{"loss": 0.1921086460351944, "acc": 0.921833336353302, "length": 3.9995200634002686, "mode": "train", "epoch": 33}
{"loss": 0.21536631882190704, "acc": 0.9167845249176025, "length": 4.0, "mode": "test", "epoch": 33}
{"loss": 0.19647113978862762, "acc": 0.9178850054740906, "length": 3.99985408782959, "mode": "train", "epoch": 34}
{"loss": 0.2212059497833252, "acc": 0.9107773900032043, "length": 4.0, "mode": "test", "epoch": 34}
{"loss": 0.1933930665254593, "acc": 0.9221876263618469, "length": 3.999566078186035, "mode": "train", "epoch": 35}
{"loss": 0.2225549966096878, "acc": 0.9157244563102722, "length": 4.0, "mode": "test", "epoch": 35}
{"loss": 0.19972378015518188, "acc": 0.9196553230285645, "length": 3.9998466968536377, "mode": "train", "epoch": 36}
{"loss": 0.22390468418598175, "acc": 0.9185512661933899, "length": 4.0, "mode": "test", "epoch": 36}
{"loss": 0.1932421773672104, "acc": 0.9231962561607361, "length": 3.9996800422668457, "mode": "train", "epoch": 37}
{"loss": 0.21377328038215637, "acc": 0.9157243371009827, "length": 4.0, "mode": "test", "epoch": 37}
{"loss": 0.18686340749263763, "acc": 0.922841489315033, "length": 3.9987144470214844, "mode": "train", "epoch": 38}
{"loss": 0.2101449966430664, "acc": 0.9208479523658752, "length": 4.0, "mode": "test", "epoch": 38}
{"loss": 0.18341830372810364, "acc": 0.9221190214157104, "length": 3.999110698699951, "mode": "train", "epoch": 39}
{"loss": 0.20856906473636627, "acc": 0.9130740761756897, "length": 4.0, "mode": "test", "epoch": 39}
{"loss": 0.19068850576877594, "acc": 0.9206588864326477, "length": 3.9997239112854004, "mode": "train", "epoch": 40}
{"loss": 0.20901283621788025, "acc": 0.9180211424827576, "length": 4.0, "mode": "test", "epoch": 40}
{"loss": 0.1858530193567276, "acc": 0.9240598082542419, "length": 3.9986326694488525, "mode": "train", "epoch": 41}
{"loss": 0.19662992656230927, "acc": 0.9245582818984985, "length": 4.0, "mode": "test", "epoch": 41}
{"loss": 0.18237535655498505, "acc": 0.9244387745857239, "length": 3.999967098236084, "mode": "train", "epoch": 42}
{"loss": 0.21066910028457642, "acc": 0.9171377420425415, "length": 4.0, "mode": "test", "epoch": 42}
{"loss": 0.19410990178585052, "acc": 0.9206617474555969, "length": 3.999936580657959, "mode": "train", "epoch": 43}
{"loss": 0.20092804729938507, "acc": 0.9148410558700562, "length": 4.0, "mode": "test", "epoch": 43}
{"loss": 0.19007080793380737, "acc": 0.9237892627716064, "length": 3.999925136566162, "mode": "train", "epoch": 44}
{"loss": 0.22803804278373718, "acc": 0.9000001549720764, "length": 4.0, "mode": "test", "epoch": 44}
{"loss": 0.19272994995117188, "acc": 0.919532299041748, "length": 3.999232530593872, "mode": "train", "epoch": 45}
{"loss": 0.20538149774074554, "acc": 0.9181979894638062, "length": 4.0, "mode": "test", "epoch": 45}
{"loss": 0.18636420369148254, "acc": 0.9247342348098755, "length": 3.999969482421875, "mode": "train", "epoch": 46}
{"loss": 0.21050027012825012, "acc": 0.9169612526893616, "length": 4.0, "mode": "test", "epoch": 46}
{"loss": 0.18132218718528748, "acc": 0.924852192401886, "length": 3.9999642372131348, "mode": "train", "epoch": 47}
{"loss": 0.20339255034923553, "acc": 0.9217314720153809, "length": 4.0, "mode": "test", "epoch": 47}
{"loss": 0.20974920690059662, "acc": 0.9173547029495239, "length": 3.9999256134033203, "mode": "train", "epoch": 48}
{"loss": 0.21974791586399078, "acc": 0.9072439074516296, "length": 4.0, "mode": "test", "epoch": 48}
{"loss": 0.20270976424217224, "acc": 0.9186536073684692, "length": 3.999959707260132, "mode": "train", "epoch": 49}
{"loss": 0.23658807575702667, "acc": 0.9120142459869385, "length": 4.0, "mode": "test", "epoch": 49}
{"loss": 0.18943755328655243, "acc": 0.925855278968811, "length": 3.9998602867126465, "mode": "train", "epoch": 50}
{"loss": 0.19890771806240082, "acc": 0.9213780760765076, "length": 4.0, "mode": "test", "epoch": 50}
{"loss": 0.18342924118041992, "acc": 0.9260326027870178, "length": 3.99993896484375, "mode": "train", "epoch": 51}
{"loss": 0.19400937855243683, "acc": 0.928798496723175, "length": 4.0, "mode": "test", "epoch": 51}
{"loss": 0.19831040501594543, "acc": 0.9259738922119141, "length": 3.9999890327453613, "mode": "train", "epoch": 52}
{"loss": 0.23826146125793457, "acc": 0.9183746576309204, "length": 4.0, "mode": "test", "epoch": 52}
{"loss": 0.19444647431373596, "acc": 0.9252064824104309, "length": 3.9999945163726807, "mode": "train", "epoch": 53}
{"loss": 0.19957146048545837, "acc": 0.9215548634529114, "length": 4.0, "mode": "test", "epoch": 53}
{"loss": 0.18078146874904633, "acc": 0.9287856817245483, "length": 3.999131917953491, "mode": "train", "epoch": 54}
{"loss": 0.21007336676120758, "acc": 0.9272083640098572, "length": 4.0, "mode": "test", "epoch": 54}
{"loss": 0.17349691689014435, "acc": 0.9310503005981445, "length": 3.9999806880950928, "mode": "train", "epoch": 55}
{"loss": 0.18789058923721313, "acc": 0.9333922863006592, "length": 4.0, "mode": "test", "epoch": 55}
{"loss": 0.16957931220531464, "acc": 0.9319906234741211, "length": 3.9997904300689697, "mode": "train", "epoch": 56}
{"loss": 0.1923038512468338, "acc": 0.912897527217865, "length": 4.0, "mode": "test", "epoch": 56}
{"loss": 0.1720205843448639, "acc": 0.9316409230232239, "length": 3.9999794960021973, "mode": "train", "epoch": 57}
{"loss": 0.2661605775356293, "acc": 0.9047702550888062, "length": 4.0, "mode": "test", "epoch": 57}
{"loss": 0.19139517843723297, "acc": 0.9242029190063477, "length": 3.999993085861206, "mode": "train", "epoch": 58}
{"loss": 0.21904245018959045, "acc": 0.9151943325996399, "length": 4.0, "mode": "test", "epoch": 58}
{"loss": 0.18678472936153412, "acc": 0.9224911332130432, "length": 3.9999845027923584, "mode": "train", "epoch": 59}
{"loss": 0.24189601838588715, "acc": 0.9091872572898865, "length": 4.0, "mode": "test", "epoch": 59}
{"loss": 0.17337051033973694, "acc": 0.9317878484725952, "length": 3.9990735054016113, "mode": "train", "epoch": 60}
{"loss": 0.2132536917924881, "acc": 0.9245582818984985, "length": 4.0, "mode": "test", "epoch": 60}
test accuracy: 0.7625807523727417
