# ["--attributes=3", "--values=4", "--game_size=10", "--vocab_size_factor=3", "--n_epochs=60", "--batch_size=128", "--learning_rate=0.001", "--hidden_size=128", "--temp_update=0.97", "--temperature=1.5"]
Creating train_ds and val_ds...

Creating test_ds...
{"loss": 0.698257327079773, "acc": 0.5045945644378662, "length": 3.5320088863372803, "mode": "train", "epoch": 1}
{"loss": 0.69219970703125, "acc": 0.507117509841919, "length": 1.0, "mode": "test", "epoch": 1}
{"loss": 0.6921384334564209, "acc": 0.5390231013298035, "length": 3.369584560394287, "mode": "train", "epoch": 2}
{"loss": 0.6901631355285645, "acc": 0.5238432884216309, "length": 1.0, "mode": "test", "epoch": 2}
{"loss": 0.6880205273628235, "acc": 0.5450178384780884, "length": 2.9574785232543945, "mode": "train", "epoch": 3}
{"loss": 0.6913242340087891, "acc": 0.5173709392547607, "length": 1.0142349004745483, "mode": "test", "epoch": 3}
{"loss": 0.6796790957450867, "acc": 0.5843334197998047, "length": 2.7212915420532227, "mode": "train", "epoch": 4}
{"loss": 0.6632798910140991, "acc": 0.5990673303604126, "length": 1.9145907163619995, "mode": "test", "epoch": 4}
{"loss": 0.6544521450996399, "acc": 0.6478195190429688, "length": 2.9318623542785645, "mode": "train", "epoch": 5}
{"loss": 0.6147728562355042, "acc": 0.7148587107658386, "length": 3.007117509841919, "mode": "test", "epoch": 5}
{"loss": 0.6063078045845032, "acc": 0.7087336778640747, "length": 3.2401833534240723, "mode": "train", "epoch": 6}
{"loss": 0.5529689192771912, "acc": 0.7135018706321716, "length": 3.348754405975342, "mode": "test", "epoch": 6}
{"loss": 0.5516419410705566, "acc": 0.7373364567756653, "length": 3.326847553253174, "mode": "train", "epoch": 7}
{"loss": 0.5176047682762146, "acc": 0.7694293856620789, "length": 3.2277579307556152, "mode": "test", "epoch": 7}
{"loss": 0.5052091479301453, "acc": 0.7619057297706604, "length": 3.385040521621704, "mode": "train", "epoch": 8}
{"loss": 0.44489142298698425, "acc": 0.8044219017028809, "length": 3.8612098693847656, "mode": "test", "epoch": 8}
{"loss": 0.45213374495506287, "acc": 0.7972221374511719, "length": 3.6703991889953613, "mode": "train", "epoch": 9}
{"loss": 0.40203437209129333, "acc": 0.8110319972038269, "length": 4.0, "mode": "test", "epoch": 9}
{"loss": 0.4193352460861206, "acc": 0.8059186935424805, "length": 3.906172037124634, "mode": "train", "epoch": 10}
{"loss": 0.3804979920387268, "acc": 0.82526695728302, "length": 4.0, "mode": "test", "epoch": 10}
{"loss": 0.39829862117767334, "acc": 0.8226320743560791, "length": 3.9515483379364014, "mode": "train", "epoch": 11}
{"loss": 0.3604329526424408, "acc": 0.839145839214325, "length": 4.0, "mode": "test", "epoch": 11}
{"loss": 0.3736403286457062, "acc": 0.8371773958206177, "length": 3.9636332988739014, "mode": "train", "epoch": 12}
{"loss": 0.3398410677909851, "acc": 0.8412811160087585, "length": 4.0, "mode": "test", "epoch": 12}
{"loss": 0.3602433502674103, "acc": 0.8480491638183594, "length": 3.961613178253174, "mode": "train", "epoch": 13}
{"loss": 0.33493858575820923, "acc": 0.8501778244972229, "length": 4.0, "mode": "test", "epoch": 13}
{"loss": 0.34563973546028137, "acc": 0.8485756516456604, "length": 3.9661262035369873, "mode": "train", "epoch": 14}
{"loss": 0.33119991421699524, "acc": 0.8448399901390076, "length": 4.0, "mode": "test", "epoch": 14}
{"loss": 0.3277933597564697, "acc": 0.8606808185577393, "length": 3.9658093452453613, "mode": "train", "epoch": 15}
{"loss": 0.315940260887146, "acc": 0.8612100481987, "length": 4.0, "mode": "test", "epoch": 15}
{"loss": 0.3201128840446472, "acc": 0.8615824580192566, "length": 3.9701342582702637, "mode": "train", "epoch": 16}
{"loss": 0.2981848120689392, "acc": 0.8565835356712341, "length": 4.0, "mode": "test", "epoch": 16}
{"loss": 0.3035237491130829, "acc": 0.8667927980422974, "length": 3.9736108779907227, "mode": "train", "epoch": 17}
{"loss": 0.30421021580696106, "acc": 0.8610321283340454, "length": 4.0, "mode": "test", "epoch": 17}
{"loss": 0.3052842319011688, "acc": 0.871012806892395, "length": 3.9835147857666016, "mode": "train", "epoch": 18}
{"loss": 0.2884417772293091, "acc": 0.867793619632721, "length": 4.0, "mode": "test", "epoch": 18}
{"loss": 0.2951210141181946, "acc": 0.8762059807777405, "length": 3.9893453121185303, "mode": "train", "epoch": 19}
{"loss": 0.28575706481933594, "acc": 0.8715302348136902, "length": 4.0, "mode": "test", "epoch": 19}
{"loss": 0.28513723611831665, "acc": 0.881890594959259, "length": 3.983590841293335, "mode": "train", "epoch": 20}
{"loss": 0.27373379468917847, "acc": 0.8749111294746399, "length": 4.0, "mode": "test", "epoch": 20}
{"loss": 0.28478407859802246, "acc": 0.882794976234436, "length": 3.9921610355377197, "mode": "train", "epoch": 21}
{"loss": 0.2735424041748047, "acc": 0.8795374035835266, "length": 4.0, "mode": "test", "epoch": 21}
{"loss": 0.279653400182724, "acc": 0.8826801776885986, "length": 3.991603136062622, "mode": "train", "epoch": 22}
{"loss": 0.27390915155410767, "acc": 0.8791813850402832, "length": 4.0, "mode": "test", "epoch": 22}
{"loss": 0.2759532928466797, "acc": 0.8859187364578247, "length": 3.9914090633392334, "mode": "train", "epoch": 23}
{"loss": 0.2541326880455017, "acc": 0.8841638565063477, "length": 4.0, "mode": "test", "epoch": 23}
{"loss": 0.2697557210922241, "acc": 0.8897359371185303, "length": 3.9951794147491455, "mode": "train", "epoch": 24}
{"loss": 0.252278208732605, "acc": 0.8999999165534973, "length": 4.0, "mode": "test", "epoch": 24}
{"loss": 0.2643081545829773, "acc": 0.8950363993644714, "length": 3.9898505210876465, "mode": "train", "epoch": 25}
{"loss": 0.2526388466358185, "acc": 0.8994662165641785, "length": 4.0, "mode": "test", "epoch": 25}
{"loss": 0.25625360012054443, "acc": 0.8997456431388855, "length": 3.9966542720794678, "mode": "train", "epoch": 26}
{"loss": 0.24633896350860596, "acc": 0.8983986377716064, "length": 4.0, "mode": "test", "epoch": 26}
{"loss": 0.2554810047149658, "acc": 0.8969939947128296, "length": 3.9983532428741455, "mode": "train", "epoch": 27}
{"loss": 0.23826496303081512, "acc": 0.9019574522972107, "length": 4.0, "mode": "test", "epoch": 27}
{"loss": 0.24846868216991425, "acc": 0.9006053805351257, "length": 3.9978342056274414, "mode": "train", "epoch": 28}
{"loss": 0.23913833498954773, "acc": 0.9021351337432861, "length": 4.0, "mode": "test", "epoch": 28}
{"loss": 0.24646975100040436, "acc": 0.9038868546485901, "length": 3.997366189956665, "mode": "train", "epoch": 29}
{"loss": 0.22601592540740967, "acc": 0.9056938886642456, "length": 4.0, "mode": "test", "epoch": 29}
{"loss": 0.23767337203025818, "acc": 0.9038301110267639, "length": 3.997680425643921, "mode": "train", "epoch": 30}
{"loss": 0.2252013385295868, "acc": 0.9072955846786499, "length": 4.0, "mode": "test", "epoch": 30}
{"loss": 0.24057622253894806, "acc": 0.9022439122200012, "length": 3.9957454204559326, "mode": "train", "epoch": 31}
{"loss": 0.21714481711387634, "acc": 0.9071173071861267, "length": 4.0, "mode": "test", "epoch": 31}
{"loss": 0.23656634986400604, "acc": 0.9065209031105042, "length": 3.9977550506591797, "mode": "train", "epoch": 32}
{"loss": 0.2192486971616745, "acc": 0.9076513648033142, "length": 4.0, "mode": "test", "epoch": 32}
{"loss": 0.2300550490617752, "acc": 0.9110327363014221, "length": 3.996537685394287, "mode": "train", "epoch": 33}
{"loss": 0.217898890376091, "acc": 0.9129893779754639, "length": 4.0, "mode": "test", "epoch": 33}
{"loss": 0.2254028469324112, "acc": 0.9138671159744263, "length": 3.9949586391448975, "mode": "train", "epoch": 34}
{"loss": 0.21727930009365082, "acc": 0.9117438197135925, "length": 4.0, "mode": "test", "epoch": 34}
{"loss": 0.2264987677335739, "acc": 0.9113150238990784, "length": 3.9995617866516113, "mode": "train", "epoch": 35}
{"loss": 0.20264670252799988, "acc": 0.9202847480773926, "length": 4.0, "mode": "test", "epoch": 35}
{"loss": 0.2259388417005539, "acc": 0.9136276245117188, "length": 3.9971868991851807, "mode": "train", "epoch": 36}
{"loss": 0.20225071907043457, "acc": 0.9215301871299744, "length": 4.0, "mode": "test", "epoch": 36}
{"loss": 0.216995969414711, "acc": 0.9143571257591248, "length": 3.999236822128296, "mode": "train", "epoch": 37}
{"loss": 0.2037200778722763, "acc": 0.9243771433830261, "length": 4.0, "mode": "test", "epoch": 37}
{"loss": 0.21394331753253937, "acc": 0.9169162511825562, "length": 3.9983105659484863, "mode": "train", "epoch": 38}
{"loss": 0.19393479824066162, "acc": 0.9261565804481506, "length": 4.0, "mode": "test", "epoch": 38}
{"loss": 0.21121101081371307, "acc": 0.9204295873641968, "length": 3.9994287490844727, "mode": "train", "epoch": 39}
{"loss": 0.18728089332580566, "acc": 0.9325622320175171, "length": 4.0, "mode": "test", "epoch": 39}
{"loss": 0.20018449425697327, "acc": 0.9264535903930664, "length": 3.999772548675537, "mode": "train", "epoch": 40}
{"loss": 0.19076579809188843, "acc": 0.9316724538803101, "length": 4.0, "mode": "test", "epoch": 40}
{"loss": 0.20420683920383453, "acc": 0.9244068264961243, "length": 3.9968385696411133, "mode": "train", "epoch": 41}
{"loss": 0.1831691563129425, "acc": 0.9345197081565857, "length": 4.0, "mode": "test", "epoch": 41}
{"loss": 0.19800449907779694, "acc": 0.9240072965621948, "length": 3.993032455444336, "mode": "train", "epoch": 42}
{"loss": 0.1897973120212555, "acc": 0.9313167929649353, "length": 4.0, "mode": "test", "epoch": 42}
{"loss": 0.2028207927942276, "acc": 0.9239016771316528, "length": 3.993811845779419, "mode": "train", "epoch": 43}
{"loss": 0.18453341722488403, "acc": 0.929359495639801, "length": 4.0, "mode": "test", "epoch": 43}
{"loss": 0.1930658370256424, "acc": 0.9312360286712646, "length": 3.9928512573242188, "mode": "train", "epoch": 44}
{"loss": 0.18593648076057434, "acc": 0.9341635704040527, "length": 4.0, "mode": "test", "epoch": 44}
{"loss": 0.1910863071680069, "acc": 0.9305177927017212, "length": 3.99372935295105, "mode": "train", "epoch": 45}
{"loss": 0.1864227056503296, "acc": 0.928469717502594, "length": 4.0, "mode": "test", "epoch": 45}
{"loss": 0.18002428114414215, "acc": 0.9378560185432434, "length": 3.9987876415252686, "mode": "train", "epoch": 46}
{"loss": 0.1709691882133484, "acc": 0.9373666644096375, "length": 4.0, "mode": "test", "epoch": 46}
{"loss": 0.17543406784534454, "acc": 0.9374620318412781, "length": 3.9987094402313232, "mode": "train", "epoch": 47}
{"loss": 0.17695759236812592, "acc": 0.9373666644096375, "length": 4.0, "mode": "test", "epoch": 47}
{"loss": 0.1769813895225525, "acc": 0.9365890622138977, "length": 3.9999330043792725, "mode": "train", "epoch": 48}
{"loss": 0.16023683547973633, "acc": 0.9405695796012878, "length": 4.0, "mode": "test", "epoch": 48}
{"loss": 0.16851776838302612, "acc": 0.938578188419342, "length": 3.999053955078125, "mode": "train", "epoch": 49}
{"loss": 0.15940707921981812, "acc": 0.9386121034622192, "length": 4.0, "mode": "test", "epoch": 49}
{"loss": 0.16313454508781433, "acc": 0.9413076043128967, "length": 3.9986085891723633, "mode": "train", "epoch": 50}
{"loss": 0.16753244400024414, "acc": 0.9380782246589661, "length": 4.0, "mode": "test", "epoch": 50}
{"loss": 0.1702716052532196, "acc": 0.9414117932319641, "length": 3.9998011589050293, "mode": "train", "epoch": 51}
{"loss": 0.15267282724380493, "acc": 0.942348837852478, "length": 4.0, "mode": "test", "epoch": 51}
{"loss": 0.16049186885356903, "acc": 0.9397673010826111, "length": 3.9980459213256836, "mode": "train", "epoch": 52}
{"loss": 0.15853065252304077, "acc": 0.9451956152915955, "length": 4.0, "mode": "test", "epoch": 52}
{"loss": 0.158318430185318, "acc": 0.9424833655357361, "length": 3.999702215194702, "mode": "train", "epoch": 53}
{"loss": 0.15023089945316315, "acc": 0.9473307728767395, "length": 4.0, "mode": "test", "epoch": 53}
{"loss": 0.15739962458610535, "acc": 0.9431741833686829, "length": 3.999262809753418, "mode": "train", "epoch": 54}
{"loss": 0.1560279130935669, "acc": 0.9402134418487549, "length": 4.0, "mode": "test", "epoch": 54}
{"loss": 0.15643055737018585, "acc": 0.9443557262420654, "length": 3.9987564086914062, "mode": "train", "epoch": 55}
{"loss": 0.15557020902633667, "acc": 0.9421709179878235, "length": 4.0, "mode": "test", "epoch": 55}
{"loss": 0.15366506576538086, "acc": 0.9439189434051514, "length": 3.999885082244873, "mode": "train", "epoch": 56}
{"loss": 0.1558280885219574, "acc": 0.9453737735748291, "length": 4.0, "mode": "test", "epoch": 56}
{"loss": 0.15309374034404755, "acc": 0.9494524002075195, "length": 3.9996886253356934, "mode": "train", "epoch": 57}
{"loss": 0.15583691000938416, "acc": 0.9419927000999451, "length": 4.0, "mode": "test", "epoch": 57}
{"loss": 0.15364614129066467, "acc": 0.944388747215271, "length": 3.99973201751709, "mode": "train", "epoch": 58}
{"loss": 0.16852913796901703, "acc": 0.9430605173110962, "length": 4.0, "mode": "test", "epoch": 58}
{"loss": 0.1501758098602295, "acc": 0.946241021156311, "length": 3.9999172687530518, "mode": "train", "epoch": 59}
{"loss": 0.1555994153022766, "acc": 0.9444839358329773, "length": 4.0, "mode": "test", "epoch": 59}
{"loss": 0.15093299746513367, "acc": 0.9494426846504211, "length": 3.999351739883423, "mode": "train", "epoch": 60}
{"loss": 0.1503182053565979, "acc": 0.9395017623901367, "length": 4.0, "mode": "test", "epoch": 60}
test accuracy: 0.8342186808586121
