# ["--attributes=3", "--values=4", "--game_size=10", "--vocab_size_factor=3", "--n_epochs=60", "--batch_size=128", "--learning_rate=0.001", "--hidden_size=128", "--temp_update=0.97", "--temperature=2"]
Creating train_ds and val_ds...

Creating test_ds...
{"loss": 0.6975097060203552, "acc": 0.5088584423065186, "length": 3.513622760772705, "mode": "train", "epoch": 1}
{"loss": 0.6901019811630249, "acc": 0.5184299945831299, "length": 1.0, "mode": "test", "epoch": 1}
{"loss": 0.6905482411384583, "acc": 0.5251907706260681, "length": 3.331371784210205, "mode": "train", "epoch": 2}
{"loss": 0.6898033618927002, "acc": 0.5343002676963806, "length": 1.0, "mode": "test", "epoch": 2}
{"loss": 0.687720000743866, "acc": 0.5405187010765076, "length": 3.0503838062286377, "mode": "train", "epoch": 3}
{"loss": 0.6832414865493774, "acc": 0.5793712139129639, "length": 1.2593857049942017, "mode": "test", "epoch": 3}
{"loss": 0.6773602962493896, "acc": 0.5817552208900452, "length": 2.943896770477295, "mode": "train", "epoch": 4}
{"loss": 0.6601491570472717, "acc": 0.6596657037734985, "length": 2.0341296195983887, "mode": "test", "epoch": 4}
{"loss": 0.6508781313896179, "acc": 0.6570701599121094, "length": 3.0705151557922363, "mode": "train", "epoch": 5}
{"loss": 0.6121556758880615, "acc": 0.7345566749572754, "length": 3.1126279830932617, "mode": "test", "epoch": 5}
{"loss": 0.6018812656402588, "acc": 0.7155013084411621, "length": 3.3207781314849854, "mode": "train", "epoch": 6}
{"loss": 0.5484340190887451, "acc": 0.7441632747650146, "length": 3.9624574184417725, "mode": "test", "epoch": 6}
{"loss": 0.5364546775817871, "acc": 0.7482621073722839, "length": 3.6746466159820557, "mode": "train", "epoch": 7}
{"loss": 0.5126877427101135, "acc": 0.7573379278182983, "length": 4.0, "mode": "test", "epoch": 7}
{"loss": 0.491006463766098, "acc": 0.7633437514305115, "length": 3.8927109241485596, "mode": "train", "epoch": 8}
{"loss": 0.5157914757728577, "acc": 0.7648463845252991, "length": 4.0, "mode": "test", "epoch": 8}
{"loss": 0.4697168469429016, "acc": 0.7879268527030945, "length": 3.9420909881591797, "mode": "train", "epoch": 9}
{"loss": 0.5266113877296448, "acc": 0.7559727430343628, "length": 4.0, "mode": "test", "epoch": 9}
{"loss": 0.45046213269233704, "acc": 0.8026446104049683, "length": 3.9557700157165527, "mode": "train", "epoch": 10}
{"loss": 0.4803563952445984, "acc": 0.7720136642456055, "length": 4.0, "mode": "test", "epoch": 10}
{"loss": 0.4248400926589966, "acc": 0.8029689788818359, "length": 3.9627673625946045, "mode": "train", "epoch": 11}
{"loss": 0.4418713450431824, "acc": 0.8122867941856384, "length": 4.0, "mode": "test", "epoch": 11}
{"loss": 0.4033816456794739, "acc": 0.8117997050285339, "length": 3.971550226211548, "mode": "train", "epoch": 12}
{"loss": 0.41261380910873413, "acc": 0.829180896282196, "length": 4.0, "mode": "test", "epoch": 12}
{"loss": 0.393428236246109, "acc": 0.8177011013031006, "length": 3.9795143604278564, "mode": "train", "epoch": 13}
{"loss": 0.3967265486717224, "acc": 0.8341296911239624, "length": 4.0, "mode": "test", "epoch": 13}
{"loss": 0.37177905440330505, "acc": 0.8314626812934875, "length": 3.9875359535217285, "mode": "train", "epoch": 14}
{"loss": 0.3718039393424988, "acc": 0.8450511693954468, "length": 4.0, "mode": "test", "epoch": 14}
{"loss": 0.35148271918296814, "acc": 0.8458825349807739, "length": 3.9916958808898926, "mode": "train", "epoch": 15}
{"loss": 0.35377034544944763, "acc": 0.842150092124939, "length": 4.0, "mode": "test", "epoch": 15}
{"loss": 0.3368001878261566, "acc": 0.8492834568023682, "length": 3.99338960647583, "mode": "train", "epoch": 16}
{"loss": 0.3403535783290863, "acc": 0.8513651490211487, "length": 4.0, "mode": "test", "epoch": 16}
{"loss": 0.3257456421852112, "acc": 0.855151891708374, "length": 3.994144916534424, "mode": "train", "epoch": 17}
{"loss": 0.3209856152534485, "acc": 0.8626279234886169, "length": 4.0, "mode": "test", "epoch": 17}
{"loss": 0.3137224316596985, "acc": 0.8584446907043457, "length": 3.996367931365967, "mode": "train", "epoch": 18}
{"loss": 0.31243133544921875, "acc": 0.8680888414382935, "length": 4.0, "mode": "test", "epoch": 18}
{"loss": 0.3071831166744232, "acc": 0.8646588921546936, "length": 3.9967968463897705, "mode": "train", "epoch": 19}
{"loss": 0.29243290424346924, "acc": 0.873720109462738, "length": 4.0, "mode": "test", "epoch": 19}
{"loss": 0.29483699798583984, "acc": 0.8681449890136719, "length": 3.997211217880249, "mode": "train", "epoch": 20}
{"loss": 0.273789644241333, "acc": 0.8793514966964722, "length": 4.0, "mode": "test", "epoch": 20}
{"loss": 0.2886353135108948, "acc": 0.875400722026825, "length": 3.9984443187713623, "mode": "train", "epoch": 21}
{"loss": 0.2678200900554657, "acc": 0.8841297626495361, "length": 4.0, "mode": "test", "epoch": 21}
{"loss": 0.284551739692688, "acc": 0.8778870105743408, "length": 3.9974234104156494, "mode": "train", "epoch": 22}
{"loss": 0.26020580530166626, "acc": 0.8872014284133911, "length": 4.0, "mode": "test", "epoch": 22}
{"loss": 0.2786814570426941, "acc": 0.8789262771606445, "length": 3.9981331825256348, "mode": "train", "epoch": 23}
{"loss": 0.2528504729270935, "acc": 0.8928326964378357, "length": 4.0, "mode": "test", "epoch": 23}
{"loss": 0.2698343098163605, "acc": 0.8835693001747131, "length": 3.999387502670288, "mode": "train", "epoch": 24}
{"loss": 0.25222504138946533, "acc": 0.8948803544044495, "length": 4.0, "mode": "test", "epoch": 24}
{"loss": 0.2725100517272949, "acc": 0.8810595273971558, "length": 3.999302387237549, "mode": "train", "epoch": 25}
{"loss": 0.26001960039138794, "acc": 0.8935155272483826, "length": 4.0, "mode": "test", "epoch": 25}
{"loss": 0.26856884360313416, "acc": 0.8853968381881714, "length": 3.9995267391204834, "mode": "train", "epoch": 26}
{"loss": 0.25608113408088684, "acc": 0.8960751295089722, "length": 4.0, "mode": "test", "epoch": 26}
{"loss": 0.2627147436141968, "acc": 0.8920714855194092, "length": 3.9998278617858887, "mode": "train", "epoch": 27}
{"loss": 0.2531871795654297, "acc": 0.8935152888298035, "length": 4.0, "mode": "test", "epoch": 27}
{"loss": 0.2607724666595459, "acc": 0.8897309899330139, "length": 3.9995713233947754, "mode": "train", "epoch": 28}
{"loss": 0.24291813373565674, "acc": 0.8996585011482239, "length": 4.0, "mode": "test", "epoch": 28}
{"loss": 0.26109442114830017, "acc": 0.8869933485984802, "length": 3.999363899230957, "mode": "train", "epoch": 29}
{"loss": 0.24403256177902222, "acc": 0.9030718207359314, "length": 4.0, "mode": "test", "epoch": 29}
{"loss": 0.25764554738998413, "acc": 0.892696738243103, "length": 3.999716281890869, "mode": "train", "epoch": 30}
{"loss": 0.25299695134162903, "acc": 0.8969283103942871, "length": 4.0, "mode": "test", "epoch": 30}
{"loss": 0.2530709505081177, "acc": 0.8909857869148254, "length": 3.9995760917663574, "mode": "train", "epoch": 31}
{"loss": 0.23467093706130981, "acc": 0.900170624256134, "length": 4.0, "mode": "test", "epoch": 31}
{"loss": 0.25395530462265015, "acc": 0.8932072520256042, "length": 3.9996955394744873, "mode": "train", "epoch": 32}
{"loss": 0.24157355725765228, "acc": 0.8994879126548767, "length": 4.0, "mode": "test", "epoch": 32}
{"loss": 0.2500801086425781, "acc": 0.8941823244094849, "length": 3.999873161315918, "mode": "train", "epoch": 33}
{"loss": 0.24832674860954285, "acc": 0.8988054990768433, "length": 4.0, "mode": "test", "epoch": 33}
{"loss": 0.25030210614204407, "acc": 0.8982800245285034, "length": 3.9996211528778076, "mode": "train", "epoch": 34}
{"loss": 0.24686110019683838, "acc": 0.9030717015266418, "length": 4.0, "mode": "test", "epoch": 34}
{"loss": 0.2470298558473587, "acc": 0.8957235813140869, "length": 3.999971628189087, "mode": "train", "epoch": 35}
{"loss": 0.24306586384773254, "acc": 0.9020479321479797, "length": 4.0, "mode": "test", "epoch": 35}
{"loss": 0.24276356399059296, "acc": 0.9006829261779785, "length": 3.999948501586914, "mode": "train", "epoch": 36}
{"loss": 0.24818643927574158, "acc": 0.901877224445343, "length": 4.0, "mode": "test", "epoch": 36}
{"loss": 0.24095790088176727, "acc": 0.9022228121757507, "length": 3.99997615814209, "mode": "train", "epoch": 37}
{"loss": 0.23382708430290222, "acc": 0.9017063975334167, "length": 4.0, "mode": "test", "epoch": 37}
{"loss": 0.23803699016571045, "acc": 0.9021652340888977, "length": 3.999950408935547, "mode": "train", "epoch": 38}
{"loss": 0.24165543913841248, "acc": 0.8994880318641663, "length": 4.0, "mode": "test", "epoch": 38}
{"loss": 0.23757195472717285, "acc": 0.9025653004646301, "length": 3.999985456466675, "mode": "train", "epoch": 39}
{"loss": 0.2390371561050415, "acc": 0.9039250612258911, "length": 4.0, "mode": "test", "epoch": 39}
{"loss": 0.2375713586807251, "acc": 0.9029073119163513, "length": 3.9999873638153076, "mode": "train", "epoch": 40}
{"loss": 0.23816518485546112, "acc": 0.9040956497192383, "length": 4.0, "mode": "test", "epoch": 40}
{"loss": 0.23842386901378632, "acc": 0.9022803902626038, "length": 3.999995231628418, "mode": "train", "epoch": 41}
{"loss": 0.24350450932979584, "acc": 0.9011943936347961, "length": 4.0, "mode": "test", "epoch": 41}
{"loss": 0.2388661652803421, "acc": 0.8988597989082336, "length": 3.9999985694885254, "mode": "train", "epoch": 42}
{"loss": 0.2288041114807129, "acc": 0.9071671962738037, "length": 4.0, "mode": "test", "epoch": 42}
{"loss": 0.2315656542778015, "acc": 0.9050170183181763, "length": 3.9999961853027344, "mode": "train", "epoch": 43}
{"loss": 0.23372045159339905, "acc": 0.9052901864051819, "length": 4.0, "mode": "test", "epoch": 43}
{"loss": 0.22521033883094788, "acc": 0.9060400724411011, "length": 3.9975790977478027, "mode": "train", "epoch": 44}
{"loss": 0.2357710301876068, "acc": 0.9093855023384094, "length": 4.0, "mode": "test", "epoch": 44}
{"loss": 0.22555848956108093, "acc": 0.9084947109222412, "length": 3.9999935626983643, "mode": "train", "epoch": 45}
{"loss": 0.23338919878005981, "acc": 0.9068257808685303, "length": 4.0, "mode": "test", "epoch": 45}
{"loss": 0.2235444188117981, "acc": 0.9087797403335571, "length": 3.9999794960021973, "mode": "train", "epoch": 46}
{"loss": 0.2323065847158432, "acc": 0.9114333987236023, "length": 4.0, "mode": "test", "epoch": 46}
{"loss": 0.22708028554916382, "acc": 0.9115167260169983, "length": 4.0, "mode": "train", "epoch": 47}
{"loss": 0.23575305938720703, "acc": 0.9097269177436829, "length": 4.0, "mode": "test", "epoch": 47}
{"loss": 0.24028465151786804, "acc": 0.9034777283668518, "length": 3.999997854232788, "mode": "train", "epoch": 48}
{"loss": 0.250842809677124, "acc": 0.9095563292503357, "length": 4.0, "mode": "test", "epoch": 48}
{"loss": 0.23544010519981384, "acc": 0.9075255990028381, "length": 3.999997854232788, "mode": "train", "epoch": 49}
{"loss": 0.2447025030851364, "acc": 0.9080204367637634, "length": 4.0, "mode": "test", "epoch": 49}
{"loss": 0.226132333278656, "acc": 0.9124286770820618, "length": 4.0, "mode": "train", "epoch": 50}
{"loss": 0.2464452087879181, "acc": 0.9034129977226257, "length": 4.0, "mode": "test", "epoch": 50}
{"loss": 0.22360330820083618, "acc": 0.9109980463981628, "length": 3.9998035430908203, "mode": "train", "epoch": 51}
{"loss": 0.23549586534500122, "acc": 0.9098977446556091, "length": 4.0, "mode": "test", "epoch": 51}
{"loss": 0.22249655425548553, "acc": 0.9080955386161804, "length": 3.999969482421875, "mode": "train", "epoch": 52}
{"loss": 0.2465287297964096, "acc": 0.9088735580444336, "length": 4.0, "mode": "test", "epoch": 52}
{"loss": 0.22664687037467957, "acc": 0.9105471968650818, "length": 4.0, "mode": "train", "epoch": 53}
{"loss": 0.2534635066986084, "acc": 0.910409688949585, "length": 4.0, "mode": "test", "epoch": 53}
{"loss": 0.22956518828868866, "acc": 0.9059291481971741, "length": 3.999999761581421, "mode": "train", "epoch": 54}
{"loss": 0.2542492747306824, "acc": 0.9042662382125854, "length": 4.0, "mode": "test", "epoch": 54}
{"loss": 0.22581589221954346, "acc": 0.9086659550666809, "length": 4.0, "mode": "train", "epoch": 55}
{"loss": 0.22532622516155243, "acc": 0.902559757232666, "length": 4.0, "mode": "test", "epoch": 55}
{"loss": 0.21698710322380066, "acc": 0.9095779657363892, "length": 3.999999523162842, "mode": "train", "epoch": 56}
{"loss": 0.23351600766181946, "acc": 0.9160410165786743, "length": 4.0, "mode": "test", "epoch": 56}
{"loss": 0.20933088660240173, "acc": 0.9168713688850403, "length": 3.9998972415924072, "mode": "train", "epoch": 57}
{"loss": 0.23520410060882568, "acc": 0.9066552519798279, "length": 4.0, "mode": "test", "epoch": 57}
{"loss": 0.21142928302288055, "acc": 0.9138540029525757, "length": 4.0, "mode": "train", "epoch": 58}
{"loss": 0.2209608256816864, "acc": 0.9213311076164246, "length": 4.0, "mode": "test", "epoch": 58}
{"loss": 0.20630905032157898, "acc": 0.9180160760879517, "length": 4.0, "mode": "train", "epoch": 59}
{"loss": 0.22304698824882507, "acc": 0.9186007380485535, "length": 4.0, "mode": "test", "epoch": 59}
{"loss": 0.20306436717510223, "acc": 0.9183579087257385, "length": 4.0, "mode": "train", "epoch": 60}
{"loss": 0.21337324380874634, "acc": 0.9182592630386353, "length": 4.0, "mode": "test", "epoch": 60}
test accuracy: 0.7779630422592163
