# ["--attributes=3", "--values=4", "--game_size=10", "--vocab_size_factor=3", "--n_epochs=60", "--batch_size=128", "--learning_rate=0.001", "--hidden_size=128", "--temp_update=0.99", "--temperature=1"]
Creating train_ds and val_ds...

Creating test_ds...
{"loss": 0.693556010723114, "acc": 0.5330259799957275, "length": 3.5253655910491943, "mode": "train", "epoch": 1}
{"loss": 0.6905915141105652, "acc": 0.5480042695999146, "length": 3.948805570602417, "mode": "test", "epoch": 1}
{"loss": 0.6878111958503723, "acc": 0.538619875907898, "length": 3.4897422790527344, "mode": "train", "epoch": 2}
{"loss": 0.6658543348312378, "acc": 0.6313372254371643, "length": 3.0170648097991943, "mode": "test", "epoch": 2}
{"loss": 0.6819878220558167, "acc": 0.5551692843437195, "length": 3.363241195678711, "mode": "train", "epoch": 3}
{"loss": 0.6496545672416687, "acc": 0.6769887208938599, "length": 3.365187644958496, "mode": "test", "epoch": 3}
{"loss": 0.6604189276695251, "acc": 0.6274286508560181, "length": 3.3642845153808594, "mode": "train", "epoch": 4}
{"loss": 0.6105587482452393, "acc": 0.7029009461402893, "length": 4.0, "mode": "test", "epoch": 4}
{"loss": 0.6021934747695923, "acc": 0.6831337213516235, "length": 3.7442104816436768, "mode": "train", "epoch": 5}
{"loss": 0.5578685998916626, "acc": 0.7037543058395386, "length": 4.0, "mode": "test", "epoch": 5}
{"loss": 0.5481366515159607, "acc": 0.7221210598945618, "length": 3.943572998046875, "mode": "train", "epoch": 6}
{"loss": 0.5401999950408936, "acc": 0.6998292803764343, "length": 4.0, "mode": "test", "epoch": 6}
{"loss": 0.5277199149131775, "acc": 0.7336384654045105, "length": 3.9638583660125732, "mode": "train", "epoch": 7}
{"loss": 0.5060865879058838, "acc": 0.7706484794616699, "length": 4.0, "mode": "test", "epoch": 7}
{"loss": 0.4848659634590149, "acc": 0.7966823577880859, "length": 3.97991943359375, "mode": "train", "epoch": 8}
{"loss": 0.4740409255027771, "acc": 0.8020477890968323, "length": 4.0, "mode": "test", "epoch": 8}
{"loss": 0.43435460329055786, "acc": 0.8301674127578735, "length": 3.9801199436187744, "mode": "train", "epoch": 9}
{"loss": 0.4322205185890198, "acc": 0.8088736534118652, "length": 4.0, "mode": "test", "epoch": 9}
{"loss": 0.3958953022956848, "acc": 0.8326043486595154, "length": 3.993680715560913, "mode": "train", "epoch": 10}
{"loss": 0.399458646774292, "acc": 0.8204779028892517, "length": 4.0, "mode": "test", "epoch": 10}
{"loss": 0.36663004755973816, "acc": 0.8481021523475647, "length": 3.9953582286834717, "mode": "train", "epoch": 11}
{"loss": 0.37806880474090576, "acc": 0.8319111466407776, "length": 4.0, "mode": "test", "epoch": 11}
{"loss": 0.33990007638931274, "acc": 0.8661261796951294, "length": 3.996472120285034, "mode": "train", "epoch": 12}
{"loss": 0.3546641767024994, "acc": 0.8452218770980835, "length": 4.0, "mode": "test", "epoch": 12}
{"loss": 0.32152411341667175, "acc": 0.8718281984329224, "length": 3.9983675479888916, "mode": "train", "epoch": 13}
{"loss": 0.3417001962661743, "acc": 0.8462455868721008, "length": 4.0, "mode": "test", "epoch": 13}
{"loss": 0.3086605668067932, "acc": 0.8747818470001221, "length": 3.997317314147949, "mode": "train", "epoch": 14}
{"loss": 0.3324197232723236, "acc": 0.8610921502113342, "length": 4.0, "mode": "test", "epoch": 14}
{"loss": 0.3018866181373596, "acc": 0.8785455822944641, "length": 3.997894763946533, "mode": "train", "epoch": 15}
{"loss": 0.31431710720062256, "acc": 0.8621160984039307, "length": 4.0, "mode": "test", "epoch": 15}
{"loss": 0.2954734265804291, "acc": 0.8783035278320312, "length": 3.9980504512786865, "mode": "train", "epoch": 16}
{"loss": 0.3187798857688904, "acc": 0.8590444326400757, "length": 4.0, "mode": "test", "epoch": 16}
{"loss": 0.28709977865219116, "acc": 0.885291576385498, "length": 3.995945692062378, "mode": "train", "epoch": 17}
{"loss": 0.2948734164237976, "acc": 0.8701366782188416, "length": 4.0, "mode": "test", "epoch": 17}
{"loss": 0.27693161368370056, "acc": 0.8881229162216187, "length": 3.9958934783935547, "mode": "train", "epoch": 18}
{"loss": 0.29634279012680054, "acc": 0.8617748618125916, "length": 4.0, "mode": "test", "epoch": 18}
{"loss": 0.2713838517665863, "acc": 0.8940994739532471, "length": 3.9965786933898926, "mode": "train", "epoch": 19}
{"loss": 0.2855348289012909, "acc": 0.8716723322868347, "length": 4.0, "mode": "test", "epoch": 19}
{"loss": 0.26893988251686096, "acc": 0.8893934488296509, "length": 3.997572422027588, "mode": "train", "epoch": 20}
{"loss": 0.2820690870285034, "acc": 0.87389075756073, "length": 4.0, "mode": "test", "epoch": 20}
{"loss": 0.2611372172832489, "acc": 0.8963576555252075, "length": 3.9983952045440674, "mode": "train", "epoch": 21}
{"loss": 0.2778673470020294, "acc": 0.8819113373756409, "length": 4.0, "mode": "test", "epoch": 21}
{"loss": 0.25611382722854614, "acc": 0.9034290313720703, "length": 3.9935193061828613, "mode": "train", "epoch": 22}
{"loss": 0.2756306529045105, "acc": 0.8872013092041016, "length": 4.0, "mode": "test", "epoch": 22}
{"loss": 0.2483481466770172, "acc": 0.9062085151672363, "length": 3.9981303215026855, "mode": "train", "epoch": 23}
{"loss": 0.26841434836387634, "acc": 0.8894197940826416, "length": 4.0, "mode": "test", "epoch": 23}
{"loss": 0.23854435980319977, "acc": 0.9137042760848999, "length": 3.9987826347351074, "mode": "train", "epoch": 24}
{"loss": 0.2604336142539978, "acc": 0.896587073802948, "length": 4.0, "mode": "test", "epoch": 24}
{"loss": 0.23599398136138916, "acc": 0.912848174571991, "length": 3.9956979751586914, "mode": "train", "epoch": 25}
{"loss": 0.25914689898490906, "acc": 0.8965871930122375, "length": 4.0, "mode": "test", "epoch": 25}
{"loss": 0.22878222167491913, "acc": 0.9189724326133728, "length": 3.99831223487854, "mode": "train", "epoch": 26}
{"loss": 0.2337309718132019, "acc": 0.9097270369529724, "length": 4.0, "mode": "test", "epoch": 26}
{"loss": 0.22781385481357574, "acc": 0.9174119234085083, "length": 3.99827241897583, "mode": "train", "epoch": 27}
{"loss": 0.23317253589630127, "acc": 0.9141637682914734, "length": 4.0, "mode": "test", "epoch": 27}
{"loss": 0.21644005179405212, "acc": 0.9224972724914551, "length": 3.9994678497314453, "mode": "train", "epoch": 28}
{"loss": 0.2302807867527008, "acc": 0.9160410165786743, "length": 4.0, "mode": "test", "epoch": 28}
{"loss": 0.21247321367263794, "acc": 0.924095869064331, "length": 3.999317169189453, "mode": "train", "epoch": 29}
{"loss": 0.2196752279996872, "acc": 0.9250853061676025, "length": 4.0, "mode": "test", "epoch": 29}
{"loss": 0.20589710772037506, "acc": 0.9319124221801758, "length": 3.9994468688964844, "mode": "train", "epoch": 30}
{"loss": 0.21808010339736938, "acc": 0.9209898710250854, "length": 4.0, "mode": "test", "epoch": 30}
{"loss": 0.20825549960136414, "acc": 0.9287793040275574, "length": 3.9994442462921143, "mode": "train", "epoch": 31}
{"loss": 0.20876237750053406, "acc": 0.9249147772789001, "length": 4.0, "mode": "test", "epoch": 31}
{"loss": 0.19668136537075043, "acc": 0.9355286359786987, "length": 3.9981653690338135, "mode": "train", "epoch": 32}
{"loss": 0.21610575914382935, "acc": 0.9250853061676025, "length": 4.0, "mode": "test", "epoch": 32}
{"loss": 0.20391497015953064, "acc": 0.9298592209815979, "length": 3.9988622665405273, "mode": "train", "epoch": 33}
{"loss": 0.20660758018493652, "acc": 0.9276450276374817, "length": 4.0, "mode": "test", "epoch": 33}
{"loss": 0.19903545081615448, "acc": 0.934192419052124, "length": 3.999101161956787, "mode": "train", "epoch": 34}
{"loss": 0.2127324789762497, "acc": 0.9267918467521667, "length": 4.0, "mode": "test", "epoch": 34}
{"loss": 0.1963604837656021, "acc": 0.9335716366767883, "length": 3.99959659576416, "mode": "train", "epoch": 35}
{"loss": 0.20283035933971405, "acc": 0.9238908290863037, "length": 4.0, "mode": "test", "epoch": 35}
{"loss": 0.18942922353744507, "acc": 0.9352216720581055, "length": 3.9997944831848145, "mode": "train", "epoch": 36}
{"loss": 0.2115350216627121, "acc": 0.9259385466575623, "length": 4.0, "mode": "test", "epoch": 36}
{"loss": 0.19355656206607819, "acc": 0.9338055849075317, "length": 3.999929904937744, "mode": "train", "epoch": 37}
{"loss": 0.20327644050121307, "acc": 0.9261091351509094, "length": 4.0, "mode": "test", "epoch": 37}
{"loss": 0.18739019334316254, "acc": 0.9373957514762878, "length": 3.9998700618743896, "mode": "train", "epoch": 38}
{"loss": 0.20133046805858612, "acc": 0.925938606262207, "length": 4.0, "mode": "test", "epoch": 38}
{"loss": 0.18591850996017456, "acc": 0.9363088011741638, "length": 3.999861001968384, "mode": "train", "epoch": 39}
{"loss": 0.20140764117240906, "acc": 0.9209898114204407, "length": 4.0, "mode": "test", "epoch": 39}
{"loss": 0.18828542530536652, "acc": 0.9366501569747925, "length": 3.9997787475585938, "mode": "train", "epoch": 40}
{"loss": 0.2066645622253418, "acc": 0.9298633933067322, "length": 4.0, "mode": "test", "epoch": 40}
{"loss": 0.18641157448291779, "acc": 0.9357894659042358, "length": 3.99981951713562, "mode": "train", "epoch": 41}
{"loss": 0.19908547401428223, "acc": 0.9271330833435059, "length": 4.0, "mode": "test", "epoch": 41}
{"loss": 0.1890629678964615, "acc": 0.9355167150497437, "length": 3.9999172687530518, "mode": "train", "epoch": 42}
{"loss": 0.20443157851696014, "acc": 0.9160410165786743, "length": 4.0, "mode": "test", "epoch": 42}
{"loss": 0.18598516285419464, "acc": 0.9332940578460693, "length": 3.999973773956299, "mode": "train", "epoch": 43}
{"loss": 0.2028609961271286, "acc": 0.9278154969215393, "length": 4.0, "mode": "test", "epoch": 43}
{"loss": 0.1876307874917984, "acc": 0.9351162910461426, "length": 3.9998958110809326, "mode": "train", "epoch": 44}
{"loss": 0.19915199279785156, "acc": 0.9252558946609497, "length": 4.0, "mode": "test", "epoch": 44}
{"loss": 0.1842355877161026, "acc": 0.9354583024978638, "length": 3.9999172687530518, "mode": "train", "epoch": 45}
{"loss": 0.20320972800254822, "acc": 0.9247438311576843, "length": 4.0, "mode": "test", "epoch": 45}
{"loss": 0.1773250550031662, "acc": 0.9373448491096497, "length": 3.9987952709198, "mode": "train", "epoch": 46}
{"loss": 0.19076435267925262, "acc": 0.9240615367889404, "length": 4.0, "mode": "test", "epoch": 46}
{"loss": 0.17916065454483032, "acc": 0.9340912103652954, "length": 3.9999301433563232, "mode": "train", "epoch": 47}
{"loss": 0.19407761096954346, "acc": 0.932081937789917, "length": 4.0, "mode": "test", "epoch": 47}
{"loss": 0.17443250119686127, "acc": 0.9386427402496338, "length": 3.9997780323028564, "mode": "train", "epoch": 48}
{"loss": 0.19273704290390015, "acc": 0.9283276200294495, "length": 4.0, "mode": "test", "epoch": 48}
{"loss": 0.18061520159244537, "acc": 0.9361392855644226, "length": 3.999837875366211, "mode": "train", "epoch": 49}
{"loss": 0.18742667138576508, "acc": 0.9228668808937073, "length": 4.0, "mode": "test", "epoch": 49}
{"loss": 0.17551375925540924, "acc": 0.9381627440452576, "length": 3.999630928039551, "mode": "train", "epoch": 50}
{"loss": 0.2069023847579956, "acc": 0.928327739238739, "length": 4.0, "mode": "test", "epoch": 50}
{"loss": 0.17492970824241638, "acc": 0.9386513829231262, "length": 3.999957799911499, "mode": "train", "epoch": 51}
{"loss": 0.19579115509986877, "acc": 0.930375337600708, "length": 4.0, "mode": "test", "epoch": 51}
{"loss": 0.1779041886329651, "acc": 0.9361454248428345, "length": 3.999985694885254, "mode": "train", "epoch": 52}
{"loss": 0.20532411336898804, "acc": 0.9208190441131592, "length": 4.0, "mode": "test", "epoch": 52}
{"loss": 0.18156251311302185, "acc": 0.9354579448699951, "length": 3.9999446868896484, "mode": "train", "epoch": 53}
{"loss": 0.1986306607723236, "acc": 0.9264504313468933, "length": 4.0, "mode": "test", "epoch": 53}
{"loss": 0.1815149188041687, "acc": 0.9336937665939331, "length": 3.9999754428863525, "mode": "train", "epoch": 54}
{"loss": 0.19578014314174652, "acc": 0.9291809797286987, "length": 4.0, "mode": "test", "epoch": 54}
{"loss": 0.17355528473854065, "acc": 0.939281165599823, "length": 3.9999899864196777, "mode": "train", "epoch": 55}
{"loss": 0.19682835042476654, "acc": 0.932081937789917, "length": 4.0, "mode": "test", "epoch": 55}
{"loss": 0.17642034590244293, "acc": 0.9369990229606628, "length": 3.9988245964050293, "mode": "train", "epoch": 56}
{"loss": 0.19854509830474854, "acc": 0.9199658036231995, "length": 4.0, "mode": "test", "epoch": 56}
{"loss": 0.1778261363506317, "acc": 0.9380263090133667, "length": 3.99997615814209, "mode": "train", "epoch": 57}
{"loss": 0.19438046216964722, "acc": 0.9245733618736267, "length": 4.0, "mode": "test", "epoch": 57}
{"loss": 0.17041407525539398, "acc": 0.9405209422111511, "length": 3.999826669692993, "mode": "train", "epoch": 58}
{"loss": 0.1838817447423935, "acc": 0.9325939416885376, "length": 4.0, "mode": "test", "epoch": 58}
{"loss": 0.16930373013019562, "acc": 0.9382492899894714, "length": 3.9998598098754883, "mode": "train", "epoch": 59}
{"loss": 0.19073252379894257, "acc": 0.9276450276374817, "length": 4.0, "mode": "test", "epoch": 59}
{"loss": 0.1684059500694275, "acc": 0.9393954873085022, "length": 3.999994993209839, "mode": "train", "epoch": 60}
{"loss": 0.18369393050670624, "acc": 0.9300340414047241, "length": 4.0, "mode": "test", "epoch": 60}
test accuracy: 0.7635185718536377
