# ["--attributes=3", "--values=4", "--game_size=10", "--vocab_size_factor=3", "--n_epochs=60", "--batch_size=128", "--learning_rate=0.001", "--hidden_size=128", "--temp_update=0.99", "--temperature=1.5"]
Creating train_ds and val_ds...

Creating test_ds...
{"loss": 0.6972340941429138, "acc": 0.5038636326789856, "length": 3.504417896270752, "mode": "train", "epoch": 1}
{"loss": 0.6935371160507202, "acc": 0.5115107893943787, "length": 1.0, "mode": "test", "epoch": 1}
{"loss": 0.6940779089927673, "acc": 0.5241211652755737, "length": 3.403024911880493, "mode": "train", "epoch": 2}
{"loss": 0.6945823431015015, "acc": 0.5210431218147278, "length": 1.0, "mode": "test", "epoch": 2}
{"loss": 0.689688503742218, "acc": 0.5392427444458008, "length": 3.069401979446411, "mode": "train", "epoch": 3}
{"loss": 0.6783626079559326, "acc": 0.5861223340034485, "length": 1.3992805480957031, "mode": "test", "epoch": 3}
{"loss": 0.6729779839515686, "acc": 0.609844446182251, "length": 3.05340313911438, "mode": "train", "epoch": 4}
{"loss": 0.6377159357070923, "acc": 0.6777663230895996, "length": 2.899280548095703, "mode": "test", "epoch": 4}
{"loss": 0.6261938810348511, "acc": 0.667811930179596, "length": 3.4770045280456543, "mode": "train", "epoch": 5}
{"loss": 0.5911712050437927, "acc": 0.6636804342269897, "length": 3.989208698272705, "mode": "test", "epoch": 5}
{"loss": 0.583368182182312, "acc": 0.6716362237930298, "length": 3.8236563205718994, "mode": "train", "epoch": 6}
{"loss": 0.603079080581665, "acc": 0.694064736366272, "length": 4.0, "mode": "test", "epoch": 6}
{"loss": 0.5709899663925171, "acc": 0.6782233715057373, "length": 3.920023202896118, "mode": "train", "epoch": 7}
{"loss": 0.5814880728721619, "acc": 0.6924460530281067, "length": 4.0, "mode": "test", "epoch": 7}
{"loss": 0.5519109964370728, "acc": 0.7068020701408386, "length": 3.938096523284912, "mode": "train", "epoch": 8}
{"loss": 0.5506191849708557, "acc": 0.6951438784599304, "length": 4.0, "mode": "test", "epoch": 8}
{"loss": 0.5389286875724792, "acc": 0.7041653394699097, "length": 3.9395341873168945, "mode": "train", "epoch": 9}
{"loss": 0.5550025701522827, "acc": 0.7196043729782104, "length": 4.0, "mode": "test", "epoch": 9}
{"loss": 0.5101456046104431, "acc": 0.7451829314231873, "length": 3.9478909969329834, "mode": "train", "epoch": 10}
{"loss": 0.489823579788208, "acc": 0.7748201489448547, "length": 4.0, "mode": "test", "epoch": 10}
{"loss": 0.46670210361480713, "acc": 0.7887194156646729, "length": 3.966283082962036, "mode": "train", "epoch": 11}
{"loss": 0.4443916976451874, "acc": 0.79928058385849, "length": 4.0, "mode": "test", "epoch": 11}
{"loss": 0.41896873712539673, "acc": 0.8104092478752136, "length": 3.9748728275299072, "mode": "train", "epoch": 12}
{"loss": 0.41772493720054626, "acc": 0.805395781993866, "length": 4.0, "mode": "test", "epoch": 12}
{"loss": 0.3940015435218811, "acc": 0.8168278336524963, "length": 3.983297824859619, "mode": "train", "epoch": 13}
{"loss": 0.41193294525146484, "acc": 0.8151078820228577, "length": 4.0, "mode": "test", "epoch": 13}
{"loss": 0.3878919780254364, "acc": 0.8219092488288879, "length": 3.9875903129577637, "mode": "train", "epoch": 14}
{"loss": 0.41971224546432495, "acc": 0.8080933690071106, "length": 4.0, "mode": "test", "epoch": 14}
{"loss": 0.3724712133407593, "acc": 0.8323286771774292, "length": 3.9887807369232178, "mode": "train", "epoch": 15}
{"loss": 0.4144333302974701, "acc": 0.8226618766784668, "length": 4.0, "mode": "test", "epoch": 15}
{"loss": 0.36326372623443604, "acc": 0.8377383947372437, "length": 3.986755132675171, "mode": "train", "epoch": 16}
{"loss": 0.40037596225738525, "acc": 0.8287769556045532, "length": 4.0, "mode": "test", "epoch": 16}
{"loss": 0.34820234775543213, "acc": 0.8439163565635681, "length": 3.989814519882202, "mode": "train", "epoch": 17}
{"loss": 0.3784216344356537, "acc": 0.8383093476295471, "length": 4.0, "mode": "test", "epoch": 17}
{"loss": 0.33657729625701904, "acc": 0.8542023301124573, "length": 3.990342378616333, "mode": "train", "epoch": 18}
{"loss": 0.3790542483329773, "acc": 0.8381295204162598, "length": 4.0, "mode": "test", "epoch": 18}
{"loss": 0.32514914870262146, "acc": 0.8606778383255005, "length": 3.9928042888641357, "mode": "train", "epoch": 19}
{"loss": 0.35152578353881836, "acc": 0.8505396842956543, "length": 4.0, "mode": "test", "epoch": 19}
{"loss": 0.3045439124107361, "acc": 0.8651993870735168, "length": 3.993433952331543, "mode": "train", "epoch": 20}
{"loss": 0.3314480781555176, "acc": 0.8654676675796509, "length": 4.0, "mode": "test", "epoch": 20}
{"loss": 0.29688921570777893, "acc": 0.8748989701271057, "length": 3.994886636734009, "mode": "train", "epoch": 21}
{"loss": 0.3363809585571289, "acc": 0.8631295561790466, "length": 4.0, "mode": "test", "epoch": 21}
{"loss": 0.2821168303489685, "acc": 0.884344756603241, "length": 3.993910074234009, "mode": "train", "epoch": 22}
{"loss": 0.3088218569755554, "acc": 0.8724819421768188, "length": 4.0, "mode": "test", "epoch": 22}
{"loss": 0.2775953710079193, "acc": 0.8792977929115295, "length": 3.9949522018432617, "mode": "train", "epoch": 23}
{"loss": 0.30216485261917114, "acc": 0.8744605183601379, "length": 4.0, "mode": "test", "epoch": 23}
{"loss": 0.26841622591018677, "acc": 0.8907495737075806, "length": 3.9950218200683594, "mode": "train", "epoch": 24}
{"loss": 0.2816065549850464, "acc": 0.8838129639625549, "length": 4.0, "mode": "test", "epoch": 24}
{"loss": 0.26388198137283325, "acc": 0.8936773538589478, "length": 3.9959142208099365, "mode": "train", "epoch": 25}
{"loss": 0.27501094341278076, "acc": 0.8807554841041565, "length": 4.0, "mode": "test", "epoch": 25}
{"loss": 0.2532719075679779, "acc": 0.9003929495811462, "length": 3.996093988418579, "mode": "train", "epoch": 26}
{"loss": 0.27377453446388245, "acc": 0.8785970211029053, "length": 4.0, "mode": "test", "epoch": 26}
{"loss": 0.24201007187366486, "acc": 0.9048491716384888, "length": 3.997013568878174, "mode": "train", "epoch": 27}
{"loss": 0.2702109217643738, "acc": 0.8893885016441345, "length": 4.0, "mode": "test", "epoch": 27}
{"loss": 0.2318764477968216, "acc": 0.9117511510848999, "length": 3.99700665473938, "mode": "train", "epoch": 28}
{"loss": 0.2582889795303345, "acc": 0.8915467858314514, "length": 4.0, "mode": "test", "epoch": 28}
{"loss": 0.2196933925151825, "acc": 0.9180582761764526, "length": 3.9971389770507812, "mode": "train", "epoch": 29}
{"loss": 0.2745823264122009, "acc": 0.8908274173736572, "length": 4.0, "mode": "test", "epoch": 29}
{"loss": 0.2160317301750183, "acc": 0.9144555330276489, "length": 3.9971606731414795, "mode": "train", "epoch": 30}
{"loss": 0.27468326687812805, "acc": 0.8825538158416748, "length": 4.0, "mode": "test", "epoch": 30}
{"loss": 0.21272020041942596, "acc": 0.9162880778312683, "length": 3.9978158473968506, "mode": "train", "epoch": 31}
{"loss": 0.2527771592140198, "acc": 0.9014389514923096, "length": 4.0, "mode": "test", "epoch": 31}
{"loss": 0.2013077586889267, "acc": 0.9191483855247498, "length": 3.997162342071533, "mode": "train", "epoch": 32}
{"loss": 0.24897581338882446, "acc": 0.9039567112922668, "length": 4.0, "mode": "test", "epoch": 32}
{"loss": 0.19345340132713318, "acc": 0.9255472421646118, "length": 3.996701717376709, "mode": "train", "epoch": 33}
{"loss": 0.23989729583263397, "acc": 0.8998201489448547, "length": 4.0, "mode": "test", "epoch": 33}
{"loss": 0.1879446655511856, "acc": 0.9223681092262268, "length": 3.9986066818237305, "mode": "train", "epoch": 34}
{"loss": 0.23826879262924194, "acc": 0.9120504856109619, "length": 4.0, "mode": "test", "epoch": 34}
{"loss": 0.1837891936302185, "acc": 0.9270109534263611, "length": 3.9989430904388428, "mode": "train", "epoch": 35}
{"loss": 0.23117318749427795, "acc": 0.9097123146057129, "length": 4.0, "mode": "test", "epoch": 35}
{"loss": 0.1715545505285263, "acc": 0.9329249858856201, "length": 3.99806547164917, "mode": "train", "epoch": 36}
{"loss": 0.2157386839389801, "acc": 0.9172661304473877, "length": 4.0, "mode": "test", "epoch": 36}
{"loss": 0.162007138133049, "acc": 0.9383639693260193, "length": 3.998985528945923, "mode": "train", "epoch": 37}
{"loss": 0.2102164924144745, "acc": 0.9170862436294556, "length": 4.0, "mode": "test", "epoch": 37}
{"loss": 0.16160400211811066, "acc": 0.9357268810272217, "length": 3.998993158340454, "mode": "train", "epoch": 38}
{"loss": 0.20410025119781494, "acc": 0.9143884181976318, "length": 4.0, "mode": "test", "epoch": 38}
{"loss": 0.14689216017723083, "acc": 0.9413601756095886, "length": 3.998713970184326, "mode": "train", "epoch": 39}
{"loss": 0.19445928931236267, "acc": 0.9244605302810669, "length": 4.0, "mode": "test", "epoch": 39}
{"loss": 0.1469719111919403, "acc": 0.9392216205596924, "length": 3.9992833137512207, "mode": "train", "epoch": 40}
{"loss": 0.1846628189086914, "acc": 0.9248201847076416, "length": 4.0, "mode": "test", "epoch": 40}
{"loss": 0.14242951571941376, "acc": 0.9398624897003174, "length": 3.998910427093506, "mode": "train", "epoch": 41}
{"loss": 0.1769801378250122, "acc": 0.9233813285827637, "length": 4.0, "mode": "test", "epoch": 41}
{"loss": 0.13736292719841003, "acc": 0.9453445076942444, "length": 3.9992141723632812, "mode": "train", "epoch": 42}
{"loss": 0.1551210731267929, "acc": 0.9388489127159119, "length": 4.0, "mode": "test", "epoch": 42}
{"loss": 0.13098914921283722, "acc": 0.9447285532951355, "length": 3.99888014793396, "mode": "train", "epoch": 43}
{"loss": 0.1585332453250885, "acc": 0.9393885731697083, "length": 4.0, "mode": "test", "epoch": 43}
{"loss": 0.11627604812383652, "acc": 0.9548454284667969, "length": 3.9995052814483643, "mode": "train", "epoch": 44}
{"loss": 0.15243417024612427, "acc": 0.9329137206077576, "length": 4.0, "mode": "test", "epoch": 44}
{"loss": 0.11785999685525894, "acc": 0.9521481990814209, "length": 3.9995992183685303, "mode": "train", "epoch": 45}
{"loss": 0.16201989352703094, "acc": 0.940108060836792, "length": 4.0, "mode": "test", "epoch": 45}
{"loss": 0.11671651899814606, "acc": 0.9505752921104431, "length": 3.9991607666015625, "mode": "train", "epoch": 46}
{"loss": 0.14159102737903595, "acc": 0.9381293654441833, "length": 4.0, "mode": "test", "epoch": 46}
{"loss": 0.11985810101032257, "acc": 0.9502710700035095, "length": 3.999389410018921, "mode": "train", "epoch": 47}
{"loss": 0.17876982688903809, "acc": 0.9291366338729858, "length": 4.0, "mode": "test", "epoch": 47}
{"loss": 0.11574947834014893, "acc": 0.952050507068634, "length": 3.9981138706207275, "mode": "train", "epoch": 48}
{"loss": 0.14776471257209778, "acc": 0.9383094906806946, "length": 4.0, "mode": "test", "epoch": 48}
{"loss": 0.11053534597158432, "acc": 0.9567121863365173, "length": 3.9983086585998535, "mode": "train", "epoch": 49}
{"loss": 0.1376768946647644, "acc": 0.9408273100852966, "length": 4.0, "mode": "test", "epoch": 49}
{"loss": 0.10641033202409744, "acc": 0.9544950723648071, "length": 3.9997012615203857, "mode": "train", "epoch": 50}
{"loss": 0.15864494442939758, "acc": 0.9411869049072266, "length": 4.0, "mode": "test", "epoch": 50}
{"loss": 0.10630260407924652, "acc": 0.95430988073349, "length": 3.9992589950561523, "mode": "train", "epoch": 51}
{"loss": 0.13304927945137024, "acc": 0.9464026689529419, "length": 4.0, "mode": "test", "epoch": 51}
{"loss": 0.09800852090120316, "acc": 0.9640980362892151, "length": 3.9995436668395996, "mode": "train", "epoch": 52}
{"loss": 0.16329149901866913, "acc": 0.9474821090698242, "length": 4.0, "mode": "test", "epoch": 52}
{"loss": 0.09338811784982681, "acc": 0.9625225067138672, "length": 3.9991402626037598, "mode": "train", "epoch": 53}
{"loss": 0.13080453872680664, "acc": 0.9564746618270874, "length": 4.0, "mode": "test", "epoch": 53}
{"loss": 0.09306164085865021, "acc": 0.9644704461097717, "length": 3.9997289180755615, "mode": "train", "epoch": 54}
{"loss": 0.14382421970367432, "acc": 0.9482013583183289, "length": 4.0, "mode": "test", "epoch": 54}
{"loss": 0.0926557332277298, "acc": 0.9625999927520752, "length": 3.999547004699707, "mode": "train", "epoch": 55}
{"loss": 0.13754013180732727, "acc": 0.9534172415733337, "length": 4.0, "mode": "test", "epoch": 55}
{"loss": 0.0894569680094719, "acc": 0.9654912352561951, "length": 3.999704599380493, "mode": "train", "epoch": 56}
{"loss": 0.1217530369758606, "acc": 0.9519783854484558, "length": 4.0, "mode": "test", "epoch": 56}
{"loss": 0.08168412744998932, "acc": 0.9700629711151123, "length": 3.9997990131378174, "mode": "train", "epoch": 57}
{"loss": 0.13868705928325653, "acc": 0.9543164968490601, "length": 4.0, "mode": "test", "epoch": 57}
{"loss": 0.07929535955190659, "acc": 0.9697015285491943, "length": 3.999755620956421, "mode": "train", "epoch": 58}
{"loss": 0.12733380496501923, "acc": 0.9539567828178406, "length": 4.0, "mode": "test", "epoch": 58}
{"loss": 0.07743191719055176, "acc": 0.9678432941436768, "length": 3.9998762607574463, "mode": "train", "epoch": 59}
{"loss": 0.14500994980335236, "acc": 0.9555755257606506, "length": 4.0, "mode": "test", "epoch": 59}
{"loss": 0.0855436846613884, "acc": 0.9673009514808655, "length": 3.9998488426208496, "mode": "train", "epoch": 60}
{"loss": 0.11450111865997314, "acc": 0.9595323801040649, "length": 4.0, "mode": "test", "epoch": 60}
test accuracy: 0.889848530292511
