# ["--attributes=3", "--values=4", "--game_size=10", "--vocab_size_factor=3", "--n_epochs=60", "--batch_size=128", "--learning_rate=0.001", "--hidden_size=256", "--temp_update=0.97", "--temperature=1"]
Creating train_ds and val_ds...

Creating test_ds...
{"loss": 0.7303416132926941, "acc": 0.5029265284538269, "length": 3.344036102294922, "mode": "train", "epoch": 1}
{"loss": 0.6928212642669678, "acc": 0.5363482236862183, "length": 1.0, "mode": "test", "epoch": 1}
{"loss": 0.6990458965301514, "acc": 0.5184908509254456, "length": 1.6195870637893677, "mode": "train", "epoch": 2}
{"loss": 0.6888294219970703, "acc": 0.5230375528335571, "length": 1.0, "mode": "test", "epoch": 2}
{"loss": 0.6932417750358582, "acc": 0.5100479125976562, "length": 1.0059438943862915, "mode": "train", "epoch": 3}
{"loss": 0.6866090297698975, "acc": 0.5433446764945984, "length": 1.0, "mode": "test", "epoch": 3}
{"loss": 0.691902220249176, "acc": 0.5294131636619568, "length": 1.0010945796966553, "mode": "train", "epoch": 4}
{"loss": 0.6885111331939697, "acc": 0.538395881652832, "length": 1.0, "mode": "test", "epoch": 4}
{"loss": 0.6909467577934265, "acc": 0.5148237943649292, "length": 1.0005366802215576, "mode": "train", "epoch": 5}
{"loss": 0.6869074702262878, "acc": 0.5382251739501953, "length": 1.0, "mode": "test", "epoch": 5}
{"loss": 0.69195157289505, "acc": 0.5364298820495605, "length": 1.0009076595306396, "mode": "train", "epoch": 6}
{"loss": 0.6855869293212891, "acc": 0.5392491221427917, "length": 1.0, "mode": "test", "epoch": 6}
{"loss": 0.6901759505271912, "acc": 0.5194408893585205, "length": 1.0003279447555542, "mode": "train", "epoch": 7}
{"loss": 0.6892350912094116, "acc": 0.5370307564735413, "length": 1.0, "mode": "test", "epoch": 7}
{"loss": 0.69031822681427, "acc": 0.5196707844734192, "length": 1.0009866952896118, "mode": "train", "epoch": 8}
{"loss": 0.6868674755096436, "acc": 0.5353241562843323, "length": 1.0, "mode": "test", "epoch": 8}
{"loss": 0.6900320649147034, "acc": 0.5303269028663635, "length": 1.0007336139678955, "mode": "train", "epoch": 9}
{"loss": 0.6861820220947266, "acc": 0.5496587157249451, "length": 1.0, "mode": "test", "epoch": 9}
{"loss": 0.6901209950447083, "acc": 0.5336648225784302, "length": 1.0055830478668213, "mode": "train", "epoch": 10}
{"loss": 0.6867203712463379, "acc": 0.5349829792976379, "length": 1.0, "mode": "test", "epoch": 10}
{"loss": 0.6834660172462463, "acc": 0.550068199634552, "length": 1.148756504058838, "mode": "train", "epoch": 11}
{"loss": 0.6441306471824646, "acc": 0.6503326892852783, "length": 2.3617746829986572, "mode": "test", "epoch": 11}
{"loss": 0.6296999454498291, "acc": 0.6735542416572571, "length": 2.1376309394836426, "mode": "train", "epoch": 12}
{"loss": 0.582526683807373, "acc": 0.7238855957984924, "length": 2.372013568878174, "mode": "test", "epoch": 12}
{"loss": 0.5889545679092407, "acc": 0.7038106322288513, "length": 2.325514793395996, "mode": "train", "epoch": 13}
{"loss": 0.5715135335922241, "acc": 0.7162371873855591, "length": 2.372013568878174, "mode": "test", "epoch": 13}
{"loss": 0.5848108530044556, "acc": 0.7027554512023926, "length": 2.399759292602539, "mode": "train", "epoch": 14}
{"loss": 0.5730694532394409, "acc": 0.719414234161377, "length": 2.4539248943328857, "mode": "test", "epoch": 14}
{"loss": 0.5751940608024597, "acc": 0.7003423571586609, "length": 2.4202537536621094, "mode": "train", "epoch": 15}
{"loss": 0.5622053146362305, "acc": 0.7194437384605408, "length": 2.443686008453369, "mode": "test", "epoch": 15}
{"loss": 0.568785548210144, "acc": 0.7121366262435913, "length": 2.4350838661193848, "mode": "train", "epoch": 16}
{"loss": 0.5612082481384277, "acc": 0.7248974442481995, "length": 2.4539248943328857, "mode": "test", "epoch": 16}
{"loss": 0.5625520944595337, "acc": 0.7197635173797607, "length": 2.436631917953491, "mode": "train", "epoch": 17}
{"loss": 0.5480533838272095, "acc": 0.7379527688026428, "length": 2.4846415519714355, "mode": "test", "epoch": 17}
{"loss": 0.5507264137268066, "acc": 0.7209606766700745, "length": 2.48453950881958, "mode": "train", "epoch": 18}
{"loss": 0.5371693968772888, "acc": 0.7457734942436218, "length": 2.5153584480285645, "mode": "test", "epoch": 18}
{"loss": 0.5288059711456299, "acc": 0.7447697520256042, "length": 2.5277273654937744, "mode": "train", "epoch": 19}
{"loss": 0.5175012946128845, "acc": 0.7589618563652039, "length": 2.5665528774261475, "mode": "test", "epoch": 19}
{"loss": 0.49670544266700745, "acc": 0.7764233350753784, "length": 2.656806468963623, "mode": "train", "epoch": 20}
{"loss": 0.4701591730117798, "acc": 0.798834502696991, "length": 2.924914598464966, "mode": "test", "epoch": 20}
{"loss": 0.4533134996891022, "acc": 0.8117327690124512, "length": 2.929807186126709, "mode": "train", "epoch": 21}
{"loss": 0.44680655002593994, "acc": 0.8121592998504639, "length": 3.426621198654175, "mode": "test", "epoch": 21}
{"loss": 0.4248233139514923, "acc": 0.824948787689209, "length": 3.1106157302856445, "mode": "train", "epoch": 22}
{"loss": 0.41788697242736816, "acc": 0.8208804726600647, "length": 3.3037543296813965, "mode": "test", "epoch": 22}
{"loss": 0.40859296917915344, "acc": 0.8300278782844543, "length": 3.1499099731445312, "mode": "train", "epoch": 23}
{"loss": 0.41647279262542725, "acc": 0.8224509954452515, "length": 3.365187644958496, "mode": "test", "epoch": 23}
{"loss": 0.39928632974624634, "acc": 0.8322024345397949, "length": 3.1517295837402344, "mode": "train", "epoch": 24}
{"loss": 0.3919565677642822, "acc": 0.8308491110801697, "length": 3.416382312774658, "mode": "test", "epoch": 24}
{"loss": 0.37902113795280457, "acc": 0.8418155312538147, "length": 3.2005298137664795, "mode": "train", "epoch": 25}
{"loss": 0.36629366874694824, "acc": 0.8393683433532715, "length": 3.447098970413208, "mode": "test", "epoch": 25}
{"loss": 0.3657528758049011, "acc": 0.8498802185058594, "length": 3.239734411239624, "mode": "train", "epoch": 26}
{"loss": 0.3640897274017334, "acc": 0.8479646444320679, "length": 3.5085325241088867, "mode": "test", "epoch": 26}
{"loss": 0.35079339146614075, "acc": 0.8533108830451965, "length": 3.256861448287964, "mode": "train", "epoch": 27}
{"loss": 0.3638227581977844, "acc": 0.8503309488296509, "length": 3.5085325241088867, "mode": "test", "epoch": 27}
{"loss": 0.34063127636909485, "acc": 0.8620879054069519, "length": 3.3394346237182617, "mode": "train", "epoch": 28}
{"loss": 0.35669100284576416, "acc": 0.8582885265350342, "length": 3.5085325241088867, "mode": "test", "epoch": 28}
{"loss": 0.33478429913520813, "acc": 0.8613849878311157, "length": 3.3432116508483887, "mode": "train", "epoch": 29}
{"loss": 0.3624460697174072, "acc": 0.8576278686523438, "length": 3.5597269535064697, "mode": "test", "epoch": 29}
{"loss": 0.3218000531196594, "acc": 0.8689231872558594, "length": 3.3541977405548096, "mode": "train", "epoch": 30}
{"loss": 0.3370545506477356, "acc": 0.8652589321136475, "length": 3.5187714099884033, "mode": "test", "epoch": 30}
{"loss": 0.3150791823863983, "acc": 0.8695804476737976, "length": 3.382405996322632, "mode": "train", "epoch": 31}
{"loss": 0.3322025239467621, "acc": 0.8665840029716492, "length": 3.5085325241088867, "mode": "test", "epoch": 31}
{"loss": 0.3099419176578522, "acc": 0.872602105140686, "length": 3.339759349822998, "mode": "train", "epoch": 32}
{"loss": 0.3219906985759735, "acc": 0.8719924688339233, "length": 3.5085325241088867, "mode": "test", "epoch": 32}
{"loss": 0.30259522795677185, "acc": 0.8786177039146423, "length": 3.3303136825561523, "mode": "train", "epoch": 33}
{"loss": 0.318630576133728, "acc": 0.872991681098938, "length": 3.52901029586792, "mode": "test", "epoch": 33}
{"loss": 0.30087247490882874, "acc": 0.8784011006355286, "length": 3.3295681476593018, "mode": "train", "epoch": 34}
{"loss": 0.33048006892204285, "acc": 0.8736389875411987, "length": 3.5187714099884033, "mode": "test", "epoch": 34}
{"loss": 0.3029160499572754, "acc": 0.877069890499115, "length": 3.326183319091797, "mode": "train", "epoch": 35}
{"loss": 0.32477861642837524, "acc": 0.8715348839759827, "length": 3.5187714099884033, "mode": "test", "epoch": 35}
{"loss": 0.29871436953544617, "acc": 0.8760039210319519, "length": 3.3675312995910645, "mode": "train", "epoch": 36}
{"loss": 0.31866654753685, "acc": 0.8726891279220581, "length": 3.5187714099884033, "mode": "test", "epoch": 36}
{"loss": 0.2971873879432678, "acc": 0.8770825862884521, "length": 3.35652232170105, "mode": "train", "epoch": 37}
{"loss": 0.31544673442840576, "acc": 0.8739393949508667, "length": 3.52901029586792, "mode": "test", "epoch": 37}
{"loss": 0.2926773428916931, "acc": 0.8806259632110596, "length": 3.372638463973999, "mode": "train", "epoch": 38}
{"loss": 0.3140650689601898, "acc": 0.87013179063797, "length": 3.5187714099884033, "mode": "test", "epoch": 38}
{"loss": 0.29234635829925537, "acc": 0.8798160552978516, "length": 3.3507423400878906, "mode": "train", "epoch": 39}
{"loss": 0.3101118803024292, "acc": 0.8762020468711853, "length": 3.5187714099884033, "mode": "test", "epoch": 39}
{"loss": 0.2896747589111328, "acc": 0.8781992793083191, "length": 3.3625266551971436, "mode": "train", "epoch": 40}
{"loss": 0.3048611283302307, "acc": 0.8708077669143677, "length": 3.5187714099884033, "mode": "test", "epoch": 40}
{"loss": 0.2879915237426758, "acc": 0.8797293305397034, "length": 3.4000861644744873, "mode": "train", "epoch": 41}
{"loss": 0.3033033311367035, "acc": 0.8784782886505127, "length": 3.600682497024536, "mode": "test", "epoch": 41}
{"loss": 0.28707563877105713, "acc": 0.880059003829956, "length": 3.425682306289673, "mode": "train", "epoch": 42}
{"loss": 0.3033100664615631, "acc": 0.8823151588439941, "length": 3.5699658393859863, "mode": "test", "epoch": 42}
{"loss": 0.2825251817703247, "acc": 0.8852897882461548, "length": 3.444211721420288, "mode": "train", "epoch": 43}
{"loss": 0.3060920834541321, "acc": 0.8809821605682373, "length": 3.549488067626953, "mode": "test", "epoch": 43}
{"loss": 0.2835663855075836, "acc": 0.8847038149833679, "length": 3.4325568675994873, "mode": "train", "epoch": 44}
{"loss": 0.30211251974105835, "acc": 0.8808426260948181, "length": 3.6109213829040527, "mode": "test", "epoch": 44}
{"loss": 0.28517791628837585, "acc": 0.8848161101341248, "length": 3.433320999145508, "mode": "train", "epoch": 45}
{"loss": 0.30698448419570923, "acc": 0.8838740587234497, "length": 3.52901029586792, "mode": "test", "epoch": 45}
{"loss": 0.2857525944709778, "acc": 0.8836899995803833, "length": 3.421677827835083, "mode": "train", "epoch": 46}
{"loss": 0.2965599298477173, "acc": 0.8726685047149658, "length": 3.52901029586792, "mode": "test", "epoch": 46}
{"loss": 0.28349336981773376, "acc": 0.8826605677604675, "length": 3.4539036750793457, "mode": "train", "epoch": 47}
{"loss": 0.2874557375907898, "acc": 0.877982497215271, "length": 3.549488067626953, "mode": "test", "epoch": 47}
{"loss": 0.2817743420600891, "acc": 0.8810174465179443, "length": 3.467664957046509, "mode": "train", "epoch": 48}
{"loss": 0.2971763610839844, "acc": 0.8777148127555847, "length": 3.6109213829040527, "mode": "test", "epoch": 48}
{"loss": 0.2859191298484802, "acc": 0.8817376494407654, "length": 3.527745246887207, "mode": "train", "epoch": 49}
{"loss": 0.3003668487071991, "acc": 0.8782992362976074, "length": 3.549488067626953, "mode": "test", "epoch": 49}
{"loss": 0.28473296761512756, "acc": 0.8815159797668457, "length": 3.386258125305176, "mode": "train", "epoch": 50}
{"loss": 0.29847368597984314, "acc": 0.875237762928009, "length": 3.580204725265503, "mode": "test", "epoch": 50}
{"loss": 0.28119125962257385, "acc": 0.8823705911636353, "length": 3.4003419876098633, "mode": "train", "epoch": 51}
{"loss": 0.30817121267318726, "acc": 0.8763037919998169, "length": 3.5597269535064697, "mode": "test", "epoch": 51}
{"loss": 0.2862945795059204, "acc": 0.8813493847846985, "length": 3.5406110286712646, "mode": "train", "epoch": 52}
{"loss": 0.31028124690055847, "acc": 0.875427782535553, "length": 3.5904436111450195, "mode": "test", "epoch": 52}
{"loss": 0.28209972381591797, "acc": 0.8777095675468445, "length": 3.4193274974823, "mode": "train", "epoch": 53}
{"loss": 0.2929418683052063, "acc": 0.8798596858978271, "length": 3.5904436111450195, "mode": "test", "epoch": 53}
{"loss": 0.2784076929092407, "acc": 0.8824528455734253, "length": 3.452237606048584, "mode": "train", "epoch": 54}
{"loss": 0.2947027385234833, "acc": 0.8790243864059448, "length": 3.600682497024536, "mode": "test", "epoch": 54}
{"loss": 0.27275341749191284, "acc": 0.8853735327720642, "length": 3.439208984375, "mode": "train", "epoch": 55}
{"loss": 0.297178715467453, "acc": 0.882277250289917, "length": 3.498293399810791, "mode": "test", "epoch": 55}
{"loss": 0.27893054485321045, "acc": 0.8835150003433228, "length": 3.3789610862731934, "mode": "train", "epoch": 56}
{"loss": 0.29061004519462585, "acc": 0.8808104395866394, "length": 3.52901029586792, "mode": "test", "epoch": 56}
{"loss": 0.27488330006599426, "acc": 0.8847916126251221, "length": 3.4199254512786865, "mode": "train", "epoch": 57}
{"loss": 0.29332786798477173, "acc": 0.8821022510528564, "length": 3.549488067626953, "mode": "test", "epoch": 57}
{"loss": 0.2724124789237976, "acc": 0.8883721232414246, "length": 3.412566661834717, "mode": "train", "epoch": 58}
{"loss": 0.2894098162651062, "acc": 0.8798776865005493, "length": 3.5904436111450195, "mode": "test", "epoch": 58}
{"loss": 0.27242350578308105, "acc": 0.8816648125648499, "length": 3.4241671562194824, "mode": "train", "epoch": 59}
{"loss": 0.2943720519542694, "acc": 0.8814952373504639, "length": 3.580204725265503, "mode": "test", "epoch": 59}
{"loss": 0.27355360984802246, "acc": 0.8840569257736206, "length": 3.4328794479370117, "mode": "train", "epoch": 60}
{"loss": 0.2846444547176361, "acc": 0.8796864748001099, "length": 3.5904436111450195, "mode": "test", "epoch": 60}
test accuracy: 0.6205020546913147
