# ["--attributes=3", "--values=4", "--game_size=10", "--vocab_size_factor=3", "--n_epochs=60", "--batch_size=128", "--learning_rate=0.001", "--hidden_size=256", "--temp_update=0.99", "--temperature=1"]
Creating train_ds and val_ds...

Creating test_ds...
{"loss": 0.7258341908454895, "acc": 0.5052157044410706, "length": 3.0601518154144287, "mode": "train", "epoch": 1}
{"loss": 0.6980566382408142, "acc": 0.5295532941818237, "length": 1.0, "mode": "test", "epoch": 1}
{"loss": 0.6950105428695679, "acc": 0.5218700170516968, "length": 1.155890703201294, "mode": "train", "epoch": 2}
{"loss": 0.6958261728286743, "acc": 0.503608226776123, "length": 1.0, "mode": "test", "epoch": 2}
{"loss": 0.6922919750213623, "acc": 0.5189430713653564, "length": 1.0025180578231812, "mode": "train", "epoch": 3}
{"loss": 0.6946456432342529, "acc": 0.5280068516731262, "length": 1.0, "mode": "test", "epoch": 3}
{"loss": 0.6911159753799438, "acc": 0.5349223017692566, "length": 1.0004889965057373, "mode": "train", "epoch": 4}
{"loss": 0.694467306137085, "acc": 0.5137457847595215, "length": 1.0, "mode": "test", "epoch": 4}
{"loss": 0.6907397508621216, "acc": 0.5209384560585022, "length": 1.0006195306777954, "mode": "train", "epoch": 5}
{"loss": 0.6950051188468933, "acc": 0.5235395431518555, "length": 1.0, "mode": "test", "epoch": 5}
{"loss": 0.6906208395957947, "acc": 0.5372220277786255, "length": 1.0002437829971313, "mode": "train", "epoch": 6}
{"loss": 0.6936988234519958, "acc": 0.5266323089599609, "length": 1.0, "mode": "test", "epoch": 6}
{"loss": 0.6911294460296631, "acc": 0.5405582189559937, "length": 1.000267505645752, "mode": "train", "epoch": 7}
{"loss": 0.6939470171928406, "acc": 0.5261167883872986, "length": 1.0, "mode": "test", "epoch": 7}
{"loss": 0.6908846497535706, "acc": 0.5357875823974609, "length": 1.0000718832015991, "mode": "train", "epoch": 8}
{"loss": 0.6955674886703491, "acc": 0.5063574314117432, "length": 1.0, "mode": "test", "epoch": 8}
{"loss": 0.6906670331954956, "acc": 0.5211182832717896, "length": 1.0001060962677002, "mode": "train", "epoch": 9}
{"loss": 0.6942048072814941, "acc": 0.5156357288360596, "length": 1.0, "mode": "test", "epoch": 9}
{"loss": 0.6904740929603577, "acc": 0.541192889213562, "length": 1.0001506805419922, "mode": "train", "epoch": 10}
{"loss": 0.6937645673751831, "acc": 0.5297251343727112, "length": 1.0, "mode": "test", "epoch": 10}
{"loss": 0.6901616454124451, "acc": 0.5321637392044067, "length": 1.0000691413879395, "mode": "train", "epoch": 11}
{"loss": 0.693642795085907, "acc": 0.5164948105812073, "length": 1.0, "mode": "test", "epoch": 11}
{"loss": 0.6899396777153015, "acc": 0.5405049920082092, "length": 1.0000596046447754, "mode": "train", "epoch": 12}
{"loss": 0.6953688859939575, "acc": 0.5243986248970032, "length": 1.0, "mode": "test", "epoch": 12}
{"loss": 0.6901071667671204, "acc": 0.5316458940505981, "length": 1.0000615119934082, "mode": "train", "epoch": 13}
{"loss": 0.6930168867111206, "acc": 0.5130583643913269, "length": 1.0, "mode": "test", "epoch": 13}
{"loss": 0.6900377869606018, "acc": 0.5377443432807922, "length": 1.0000479221343994, "mode": "train", "epoch": 14}
{"loss": 0.6948353052139282, "acc": 0.5266323089599609, "length": 1.0, "mode": "test", "epoch": 14}
{"loss": 0.6904323101043701, "acc": 0.539584219455719, "length": 1.0000693798065186, "mode": "train", "epoch": 15}
{"loss": 0.6947298049926758, "acc": 0.5171821713447571, "length": 1.0, "mode": "test", "epoch": 15}
{"loss": 0.6900087594985962, "acc": 0.5445332527160645, "length": 1.000044822692871, "mode": "train", "epoch": 16}
{"loss": 0.6938145160675049, "acc": 0.5228522419929504, "length": 1.0, "mode": "test", "epoch": 16}
{"loss": 0.689400315284729, "acc": 0.5337156653404236, "length": 1.0001648664474487, "mode": "train", "epoch": 17}
{"loss": 0.6959042549133301, "acc": 0.5180412530899048, "length": 1.0, "mode": "test", "epoch": 17}
{"loss": 0.6891470551490784, "acc": 0.536017894744873, "length": 1.0000579357147217, "mode": "train", "epoch": 18}
{"loss": 0.6937527060508728, "acc": 0.5245705246925354, "length": 1.0, "mode": "test", "epoch": 18}
{"loss": 0.6895053386688232, "acc": 0.5355009436607361, "length": 1.0000522136688232, "mode": "train", "epoch": 19}
{"loss": 0.6931613683700562, "acc": 0.5280068516731262, "length": 1.0, "mode": "test", "epoch": 19}
{"loss": 0.6898159384727478, "acc": 0.5446485280990601, "length": 1.0000300407409668, "mode": "train", "epoch": 20}
{"loss": 0.6946033835411072, "acc": 0.5264605283737183, "length": 1.0, "mode": "test", "epoch": 20}
{"loss": 0.689236581325531, "acc": 0.5394687056541443, "length": 1.0002187490463257, "mode": "train", "epoch": 21}
{"loss": 0.694401204586029, "acc": 0.5256013870239258, "length": 1.0, "mode": "test", "epoch": 21}
{"loss": 0.6884636282920837, "acc": 0.5404490828514099, "length": 1.0000237226486206, "mode": "train", "epoch": 22}
{"loss": 0.6934393644332886, "acc": 0.5264605283737183, "length": 1.0, "mode": "test", "epoch": 22}
{"loss": 0.6880637407302856, "acc": 0.5485609173774719, "length": 1.0000301599502563, "mode": "train", "epoch": 23}
{"loss": 0.6936676502227783, "acc": 0.5250858664512634, "length": 1.0, "mode": "test", "epoch": 23}
{"loss": 0.6900743842124939, "acc": 0.536478579044342, "length": 1.000017762184143, "mode": "train", "epoch": 24}
{"loss": 0.6957569122314453, "acc": 0.5245705246925354, "length": 1.0, "mode": "test", "epoch": 24}
{"loss": 0.6886417269706726, "acc": 0.5366007089614868, "length": 1.0003389120101929, "mode": "train", "epoch": 25}
{"loss": 0.6931485533714294, "acc": 0.5254296064376831, "length": 1.0, "mode": "test", "epoch": 25}
{"loss": 0.688696026802063, "acc": 0.547410786151886, "length": 1.0000159740447998, "mode": "train", "epoch": 26}
{"loss": 0.6942882537841797, "acc": 0.534020721912384, "length": 1.0, "mode": "test", "epoch": 26}
{"loss": 0.6878520846366882, "acc": 0.5410239696502686, "length": 1.0000134706497192, "mode": "train", "epoch": 27}
{"loss": 0.6947492361068726, "acc": 0.5140893459320068, "length": 1.0, "mode": "test", "epoch": 27}
{"loss": 0.6880778074264526, "acc": 0.5384924411773682, "length": 1.0000057220458984, "mode": "train", "epoch": 28}
{"loss": 0.6934930086135864, "acc": 0.531615138053894, "length": 1.0, "mode": "test", "epoch": 28}
{"loss": 0.6885932087898254, "acc": 0.5421174764633179, "length": 1.0000097751617432, "mode": "train", "epoch": 29}
{"loss": 0.695042073726654, "acc": 0.5280068516731262, "length": 1.0, "mode": "test", "epoch": 29}
{"loss": 0.6884487867355347, "acc": 0.5463175177574158, "length": 1.000005841255188, "mode": "train", "epoch": 30}
{"loss": 0.6945878863334656, "acc": 0.5298968553543091, "length": 1.0, "mode": "test", "epoch": 30}
{"loss": 0.6875620484352112, "acc": 0.5394706726074219, "length": 1.0000083446502686, "mode": "train", "epoch": 31}
{"loss": 0.6931478977203369, "acc": 0.5314432978630066, "length": 1.0, "mode": "test", "epoch": 31}
{"loss": 0.6864856481552124, "acc": 0.5494821667671204, "length": 1.0000097751617432, "mode": "train", "epoch": 32}
{"loss": 0.6954905390739441, "acc": 0.530240535736084, "length": 1.0, "mode": "test", "epoch": 32}
{"loss": 0.6875825524330139, "acc": 0.5547180771827698, "length": 1.0002127885818481, "mode": "train", "epoch": 33}
{"loss": 0.6954072713851929, "acc": 0.5367697477340698, "length": 1.0, "mode": "test", "epoch": 33}
{"loss": 0.6866687536239624, "acc": 0.5484469532966614, "length": 1.0000370740890503, "mode": "train", "epoch": 34}
{"loss": 0.6936489939689636, "acc": 0.5314432978630066, "length": 1.0, "mode": "test", "epoch": 34}
{"loss": 0.6868582963943481, "acc": 0.5449365973472595, "length": 1.0000064373016357, "mode": "train", "epoch": 35}
{"loss": 0.6955814361572266, "acc": 0.5237113833427429, "length": 1.0, "mode": "test", "epoch": 35}
{"loss": 0.6868993639945984, "acc": 0.5509779453277588, "length": 1.000006914138794, "mode": "train", "epoch": 36}
{"loss": 0.6936240196228027, "acc": 0.5424397587776184, "length": 1.0, "mode": "test", "epoch": 36}
{"loss": 0.686677873134613, "acc": 0.5479286909103394, "length": 1.0000019073486328, "mode": "train", "epoch": 37}
{"loss": 0.695137619972229, "acc": 0.530240535736084, "length": 1.0, "mode": "test", "epoch": 37}
{"loss": 0.6880147457122803, "acc": 0.5376294851303101, "length": 1.000002145767212, "mode": "train", "epoch": 38}
{"loss": 0.6954330205917358, "acc": 0.5300687551498413, "length": 1.0, "mode": "test", "epoch": 38}
{"loss": 0.6898595094680786, "acc": 0.5389522910118103, "length": 1.0000274181365967, "mode": "train", "epoch": 39}
{"loss": 0.6933333277702332, "acc": 0.5345360636711121, "length": 1.0, "mode": "test", "epoch": 39}
{"loss": 0.6859796643257141, "acc": 0.5518985390663147, "length": 1.000009298324585, "mode": "train", "epoch": 40}
{"loss": 0.6977930068969727, "acc": 0.5329896211624146, "length": 1.0, "mode": "test", "epoch": 40}
{"loss": 0.6871725916862488, "acc": 0.5495396852493286, "length": 1.0000016689300537, "mode": "train", "epoch": 41}
{"loss": 0.6951982378959656, "acc": 0.5211340188980103, "length": 1.0, "mode": "test", "epoch": 41}
{"loss": 0.6857403516769409, "acc": 0.5507480502128601, "length": 1.0000135898590088, "mode": "train", "epoch": 42}
{"loss": 0.6932377815246582, "acc": 0.5276631712913513, "length": 1.0, "mode": "test", "epoch": 42}
{"loss": 0.6854680776596069, "acc": 0.5489068031311035, "length": 1.0000026226043701, "mode": "train", "epoch": 43}
{"loss": 0.6940714716911316, "acc": 0.5261168479919434, "length": 1.0, "mode": "test", "epoch": 43}
{"loss": 0.6856146454811096, "acc": 0.5529346466064453, "length": 1.0000113248825073, "mode": "train", "epoch": 44}
{"loss": 0.6954805254936218, "acc": 0.531615138053894, "length": 1.0, "mode": "test", "epoch": 44}
{"loss": 0.6850529313087463, "acc": 0.5509786009788513, "length": 1.0000267028808594, "mode": "train", "epoch": 45}
{"loss": 0.6954954862594604, "acc": 0.530240535736084, "length": 1.0, "mode": "test", "epoch": 45}
{"loss": 0.6861684918403625, "acc": 0.5520138144493103, "length": 1.0000014305114746, "mode": "train", "epoch": 46}
{"loss": 0.6940654516220093, "acc": 0.5310997366905212, "length": 1.0, "mode": "test", "epoch": 46}
{"loss": 0.6854861974716187, "acc": 0.5509204864501953, "length": 1.0000004768371582, "mode": "train", "epoch": 47}
{"loss": 0.6956396102905273, "acc": 0.530240535736084, "length": 1.0, "mode": "test", "epoch": 47}
{"loss": 0.6841100454330444, "acc": 0.5525892376899719, "length": 1.0000014305114746, "mode": "train", "epoch": 48}
{"loss": 0.693762481212616, "acc": 0.5274913311004639, "length": 1.0, "mode": "test", "epoch": 48}
{"loss": 0.6857120394706726, "acc": 0.5482162833213806, "length": 1.000006914138794, "mode": "train", "epoch": 49}
{"loss": 0.6947981715202332, "acc": 0.5247422456741333, "length": 1.0, "mode": "test", "epoch": 49}
{"loss": 0.685579240322113, "acc": 0.5497124195098877, "length": 1.000001072883606, "mode": "train", "epoch": 50}
{"loss": 0.6960510611534119, "acc": 0.5329897403717041, "length": 1.0, "mode": "test", "epoch": 50}
{"loss": 0.6847001314163208, "acc": 0.5515535473823547, "length": 1.000002145767212, "mode": "train", "epoch": 51}
{"loss": 0.6945639848709106, "acc": 0.5013746023178101, "length": 1.0, "mode": "test", "epoch": 51}
{"loss": 0.6843327283859253, "acc": 0.5579978227615356, "length": 1.0000022649765015, "mode": "train", "epoch": 52}
{"loss": 0.6954692602157593, "acc": 0.530240535736084, "length": 1.0, "mode": "test", "epoch": 52}
{"loss": 0.6845735907554626, "acc": 0.5516685843467712, "length": 1.0000019073486328, "mode": "train", "epoch": 53}
{"loss": 0.694249153137207, "acc": 0.5276632308959961, "length": 1.0, "mode": "test", "epoch": 53}
{"loss": 0.6840001940727234, "acc": 0.5524165034294128, "length": 1.0000113248825073, "mode": "train", "epoch": 54}
{"loss": 0.6965562701225281, "acc": 0.5158075094223022, "length": 1.0, "mode": "test", "epoch": 54}
{"loss": 0.6846445798873901, "acc": 0.5489067435264587, "length": 1.0000011920928955, "mode": "train", "epoch": 55}
{"loss": 0.6934691667556763, "acc": 0.531615138053894, "length": 1.0, "mode": "test", "epoch": 55}
{"loss": 0.683602511882782, "acc": 0.5543729066848755, "length": 1.0000033378601074, "mode": "train", "epoch": 56}
{"loss": 0.6957486867904663, "acc": 0.5225085616111755, "length": 1.0, "mode": "test", "epoch": 56}
{"loss": 0.6846044659614563, "acc": 0.5543152689933777, "length": 1.0000004768371582, "mode": "train", "epoch": 57}
{"loss": 0.6948758363723755, "acc": 0.5245704054832458, "length": 1.0, "mode": "test", "epoch": 57}
{"loss": 0.6841031312942505, "acc": 0.560759425163269, "length": 1.0000026226043701, "mode": "train", "epoch": 58}
{"loss": 0.6956920027732849, "acc": 0.511168360710144, "length": 1.0, "mode": "test", "epoch": 58}
{"loss": 0.6833941340446472, "acc": 0.5505178570747375, "length": 1.0000005960464478, "mode": "train", "epoch": 59}
{"loss": 0.6954836845397949, "acc": 0.5173539519309998, "length": 1.0, "mode": "test", "epoch": 59}
{"loss": 0.6839468479156494, "acc": 0.5474683046340942, "length": 1.0000050067901611, "mode": "train", "epoch": 60}
{"loss": 0.6937615871429443, "acc": 0.5329897403717041, "length": 1.0, "mode": "test", "epoch": 60}
test accuracy: 0.303035706281662
