# ["--attributes=3", "--values=4", "--game_size=10", "--vocab_size_factor=3", "--n_epochs=60", "--batch_size=32", "--learning_rate=0.0005", "--hidden_size=256", "--temp_update=0.97", "--temperature=1.5"]
Creating train_ds and val_ds...

Creating test_ds...
{"loss": 0.7006133198738098, "acc": 0.5157353281974792, "length": 2.6915290355682373, "mode": "train", "epoch": 1}
{"loss": 0.7022152543067932, "acc": 0.4989323616027832, "length": 1.0, "mode": "test", "epoch": 1}
{"loss": 0.6352752447128296, "acc": 0.6411517858505249, "length": 2.0801165103912354, "mode": "train", "epoch": 2}
{"loss": 0.5944428443908691, "acc": 0.694663941860199, "length": 2.099644184112549, "mode": "test", "epoch": 2}
{"loss": 0.5635855793952942, "acc": 0.7054818868637085, "length": 2.191129684448242, "mode": "train", "epoch": 3}
{"loss": 0.5853858590126038, "acc": 0.6879815459251404, "length": 1.9822064638137817, "mode": "test", "epoch": 3}
{"loss": 0.5340728163719177, "acc": 0.7291319966316223, "length": 2.1502904891967773, "mode": "train", "epoch": 4}
{"loss": 0.5599879622459412, "acc": 0.7133402824401855, "length": 1.9608540534973145, "mode": "test", "epoch": 4}
{"loss": 0.481732040643692, "acc": 0.7734915614128113, "length": 2.50040340423584, "mode": "train", "epoch": 5}
{"loss": 0.47928544878959656, "acc": 0.790839672088623, "length": 2.676156520843506, "mode": "test", "epoch": 5}
{"loss": 0.4326227605342865, "acc": 0.8041748404502869, "length": 2.670320749282837, "mode": "train", "epoch": 6}
{"loss": 0.4403516352176666, "acc": 0.7959255576133728, "length": 2.740213632583618, "mode": "test", "epoch": 6}
{"loss": 0.3878931403160095, "acc": 0.8269443511962891, "length": 2.9641873836517334, "mode": "train", "epoch": 7}
{"loss": 0.40811797976493835, "acc": 0.8232595920562744, "length": 3.327402114868164, "mode": "test", "epoch": 7}
{"loss": 0.34716087579727173, "acc": 0.8461704254150391, "length": 3.39593768119812, "mode": "train", "epoch": 8}
{"loss": 0.3638780415058136, "acc": 0.8389893174171448, "length": 3.572953701019287, "mode": "test", "epoch": 8}
{"loss": 0.3159181475639343, "acc": 0.8680407404899597, "length": 3.450793504714966, "mode": "train", "epoch": 9}
{"loss": 0.36333703994750977, "acc": 0.8467690944671631, "length": 3.3843417167663574, "mode": "test", "epoch": 9}
{"loss": 0.3092145621776581, "acc": 0.867214024066925, "length": 3.4291296005249023, "mode": "train", "epoch": 10}
{"loss": 0.3704994320869446, "acc": 0.8391329646110535, "length": 3.3701066970825195, "mode": "test", "epoch": 10}
{"loss": 0.2919025719165802, "acc": 0.8756338953971863, "length": 3.4133098125457764, "mode": "train", "epoch": 11}
{"loss": 0.3269244134426117, "acc": 0.8600770831108093, "length": 3.512455463409424, "mode": "test", "epoch": 11}
{"loss": 0.2677426040172577, "acc": 0.8869709372520447, "length": 3.421499729156494, "mode": "train", "epoch": 12}
{"loss": 0.30696189403533936, "acc": 0.8598446846008301, "length": 3.590747356414795, "mode": "test", "epoch": 12}
{"loss": 0.26370519399642944, "acc": 0.8934283256530762, "length": 3.4881398677825928, "mode": "train", "epoch": 13}
{"loss": 0.2819352149963379, "acc": 0.8762295842170715, "length": 3.5587189197540283, "mode": "test", "epoch": 13}
{"loss": 0.23974920809268951, "acc": 0.8982979655265808, "length": 3.602320909500122, "mode": "train", "epoch": 14}
{"loss": 0.26719120144844055, "acc": 0.8897777795791626, "length": 3.594305992126465, "mode": "test", "epoch": 14}
{"loss": 0.22575823962688446, "acc": 0.9055843353271484, "length": 3.5383691787719727, "mode": "train", "epoch": 15}
{"loss": 0.2630389630794525, "acc": 0.9006979465484619, "length": 3.572953701019287, "mode": "test", "epoch": 15}
{"loss": 0.20839212834835052, "acc": 0.9130522012710571, "length": 3.542640447616577, "mode": "train", "epoch": 16}
{"loss": 0.26559796929359436, "acc": 0.892308235168457, "length": 3.565836191177368, "mode": "test", "epoch": 16}
{"loss": 0.201559379696846, "acc": 0.9213178753852844, "length": 3.547806739807129, "mode": "train", "epoch": 17}
{"loss": 0.26310622692108154, "acc": 0.8984319567680359, "length": 3.6405694484710693, "mode": "test", "epoch": 17}
{"loss": 0.19776226580142975, "acc": 0.9223012328147888, "length": 3.548673391342163, "mode": "train", "epoch": 18}
{"loss": 0.26942047476768494, "acc": 0.8888841271400452, "length": 3.647686719894409, "mode": "test", "epoch": 18}
{"loss": 0.19769449532032013, "acc": 0.9228021502494812, "length": 3.5887839794158936, "mode": "train", "epoch": 19}
{"loss": 0.254067599773407, "acc": 0.9018537402153015, "length": 3.5195729732513428, "mode": "test", "epoch": 19}
{"loss": 0.1912175714969635, "acc": 0.9221273064613342, "length": 3.5389835834503174, "mode": "train", "epoch": 20}
{"loss": 0.23424379527568817, "acc": 0.9087827205657959, "length": 3.580071210861206, "mode": "test", "epoch": 20}
{"loss": 0.1848077028989792, "acc": 0.9255081415176392, "length": 3.5479984283447266, "mode": "train", "epoch": 21}
{"loss": 0.21420003473758698, "acc": 0.9195629358291626, "length": 3.5622775554656982, "mode": "test", "epoch": 21}
{"loss": 0.17374680936336517, "acc": 0.9295343160629272, "length": 3.532179355621338, "mode": "train", "epoch": 22}
{"loss": 0.23168189823627472, "acc": 0.9074006080627441, "length": 3.569395065307617, "mode": "test", "epoch": 22}
{"loss": 0.17540138959884644, "acc": 0.9282169342041016, "length": 3.5461034774780273, "mode": "train", "epoch": 23}
{"loss": 0.22528903186321259, "acc": 0.9212039113044739, "length": 3.597864866256714, "mode": "test", "epoch": 23}
{"loss": 0.17911292612552643, "acc": 0.9319062829017639, "length": 3.5554451942443848, "mode": "train", "epoch": 24}
{"loss": 0.22174318134784698, "acc": 0.9169603586196899, "length": 3.505338191986084, "mode": "test", "epoch": 24}
{"loss": 0.17154623568058014, "acc": 0.929633378982544, "length": 3.542606830596924, "mode": "train", "epoch": 25}
{"loss": 0.2219865322113037, "acc": 0.9202849268913269, "length": 3.594305992126465, "mode": "test", "epoch": 25}
{"loss": 0.15146656334400177, "acc": 0.9360215663909912, "length": 3.5640480518341064, "mode": "train", "epoch": 26}
{"loss": 0.20417025685310364, "acc": 0.9263021349906921, "length": 3.565836191177368, "mode": "test", "epoch": 26}
{"loss": 0.15026895701885223, "acc": 0.9410582184791565, "length": 3.576669692993164, "mode": "train", "epoch": 27}
{"loss": 0.21433107554912567, "acc": 0.9249691367149353, "length": 3.6085410118103027, "mode": "test", "epoch": 27}
{"loss": 0.13678860664367676, "acc": 0.9446783065795898, "length": 3.6006059646606445, "mode": "train", "epoch": 28}
{"loss": 0.21820753812789917, "acc": 0.9264857769012451, "length": 3.6298933029174805, "mode": "test", "epoch": 28}
{"loss": 0.13903553783893585, "acc": 0.9442975521087646, "length": 3.6119089126586914, "mode": "train", "epoch": 29}
{"loss": 0.16986456513404846, "acc": 0.9321666955947876, "length": 3.5195729732513428, "mode": "test", "epoch": 29}
{"loss": 0.13125742971897125, "acc": 0.9477894306182861, "length": 3.557734489440918, "mode": "train", "epoch": 30}
{"loss": 0.21023836731910706, "acc": 0.9323238730430603, "length": 3.6049821376800537, "mode": "test", "epoch": 30}
{"loss": 0.1360667198896408, "acc": 0.945830762386322, "length": 3.6099703311920166, "mode": "train", "epoch": 31}
{"loss": 0.20681805908679962, "acc": 0.931736409664154, "length": 3.6298933029174805, "mode": "test", "epoch": 31}
{"loss": 0.12693844735622406, "acc": 0.9484207630157471, "length": 3.6282753944396973, "mode": "train", "epoch": 32}
{"loss": 0.23785297572612762, "acc": 0.9293954372406006, "length": 3.6298933029174805, "mode": "test", "epoch": 32}
{"loss": 0.1300445795059204, "acc": 0.9462042450904846, "length": 3.6012165546417236, "mode": "train", "epoch": 33}
{"loss": 0.20965678989887238, "acc": 0.929831862449646, "length": 3.6334519386291504, "mode": "test", "epoch": 33}
{"loss": 0.12808319926261902, "acc": 0.9478840231895447, "length": 3.6348025798797607, "mode": "train", "epoch": 34}
{"loss": 0.20132163166999817, "acc": 0.9315398335456848, "length": 3.6192171573638916, "mode": "test", "epoch": 34}
{"loss": 0.13444292545318604, "acc": 0.9460539221763611, "length": 3.6276745796203613, "mode": "train", "epoch": 35}
{"loss": 0.20397771894931793, "acc": 0.9298763871192932, "length": 3.601423501968384, "mode": "test", "epoch": 35}
{"loss": 0.12681728601455688, "acc": 0.9509959816932678, "length": 3.5940160751342773, "mode": "train", "epoch": 36}
{"loss": 0.17178955674171448, "acc": 0.9369707703590393, "length": 3.6192171573638916, "mode": "test", "epoch": 36}
{"loss": 0.11433859914541245, "acc": 0.9551779627799988, "length": 3.616825819015503, "mode": "train", "epoch": 37}
{"loss": 0.20091155171394348, "acc": 0.9367131590843201, "length": 3.580071210861206, "mode": "test", "epoch": 37}
{"loss": 0.12966132164001465, "acc": 0.9538359642028809, "length": 3.5884621143341064, "mode": "train", "epoch": 38}
{"loss": 0.2186661660671234, "acc": 0.9314894676208496, "length": 3.7224199771881104, "mode": "test", "epoch": 38}
{"loss": 0.12384823709726334, "acc": 0.9543418288230896, "length": 3.641385555267334, "mode": "train", "epoch": 39}
{"loss": 0.25711768865585327, "acc": 0.9298168420791626, "length": 3.747330904006958, "mode": "test", "epoch": 39}
{"loss": 0.12011171132326126, "acc": 0.9537200927734375, "length": 3.621936082839966, "mode": "train", "epoch": 40}
{"loss": 0.19761621952056885, "acc": 0.9384374618530273, "length": 3.6405694484710693, "mode": "test", "epoch": 40}
{"loss": 0.1301749050617218, "acc": 0.9510332345962524, "length": 3.6292531490325928, "mode": "train", "epoch": 41}
{"loss": 0.2049732357263565, "acc": 0.9394911527633667, "length": 3.6156582832336426, "mode": "test", "epoch": 41}
{"loss": 0.1295493245124817, "acc": 0.9532507658004761, "length": 3.5930123329162598, "mode": "train", "epoch": 42}
{"loss": 0.220163032412529, "acc": 0.9262673854827881, "length": 3.5622775554656982, "mode": "test", "epoch": 42}
{"loss": 0.12570244073867798, "acc": 0.9523570537567139, "length": 3.608248472213745, "mode": "train", "epoch": 43}
{"loss": 0.27824655175209045, "acc": 0.9247000217437744, "length": 3.6975088119506836, "mode": "test", "epoch": 43}
{"loss": 0.1231294572353363, "acc": 0.9521187543869019, "length": 3.629168748855591, "mode": "train", "epoch": 44}
{"loss": 0.21929873526096344, "acc": 0.9259849786758423, "length": 3.569395065307617, "mode": "test", "epoch": 44}
{"loss": 0.10749658197164536, "acc": 0.9548003077507019, "length": 3.606459617614746, "mode": "train", "epoch": 45}
{"loss": 0.1917543113231659, "acc": 0.9379498362541199, "length": 3.676156520843506, "mode": "test", "epoch": 45}
{"loss": 0.10112133622169495, "acc": 0.9593572020530701, "length": 3.6587975025177, "mode": "train", "epoch": 46}
{"loss": 0.19017575681209564, "acc": 0.9431031942367554, "length": 3.683274030685425, "mode": "test", "epoch": 46}
{"loss": 0.09779947251081467, "acc": 0.9631595015525818, "length": 3.6162757873535156, "mode": "train", "epoch": 47}
{"loss": 0.1717795580625534, "acc": 0.9492689371109009, "length": 3.658363103866577, "mode": "test", "epoch": 47}
{"loss": 0.09169993549585342, "acc": 0.9627265930175781, "length": 3.6449668407440186, "mode": "train", "epoch": 48}
{"loss": 0.1886330544948578, "acc": 0.9479613304138184, "length": 3.6939501762390137, "mode": "test", "epoch": 48}
{"loss": 0.08782757818698883, "acc": 0.9629006385803223, "length": 3.6515052318573, "mode": "train", "epoch": 49}
{"loss": 0.1858878880739212, "acc": 0.9498820900917053, "length": 3.6903915405273438, "mode": "test", "epoch": 49}
{"loss": 0.09615889936685562, "acc": 0.9608124494552612, "length": 3.6549410820007324, "mode": "train", "epoch": 50}
{"loss": 0.18731336295604706, "acc": 0.9458479285240173, "length": 3.601423501968384, "mode": "test", "epoch": 50}
{"loss": 0.09578822553157806, "acc": 0.9605858325958252, "length": 3.612145185470581, "mode": "train", "epoch": 51}
{"loss": 0.18211577832698822, "acc": 0.946201503276825, "length": 3.6227757930755615, "mode": "test", "epoch": 51}
{"loss": 0.10461311042308807, "acc": 0.9578942060470581, "length": 3.5948026180267334, "mode": "train", "epoch": 52}
{"loss": 0.1448289006948471, "acc": 0.9507870078086853, "length": 3.572953701019287, "mode": "test", "epoch": 52}
{"loss": 0.09475746750831604, "acc": 0.9617912173271179, "length": 3.591078042984009, "mode": "train", "epoch": 53}
{"loss": 0.19307449460029602, "acc": 0.9471496343612671, "length": 3.651245594024658, "mode": "test", "epoch": 53}
{"loss": 0.08973250538110733, "acc": 0.963072657585144, "length": 3.635373115539551, "mode": "train", "epoch": 54}
{"loss": 0.15872836112976074, "acc": 0.9498099684715271, "length": 3.6441280841827393, "mode": "test", "epoch": 54}
{"loss": 0.08179010450839996, "acc": 0.9672116637229919, "length": 3.6521804332733154, "mode": "train", "epoch": 55}
{"loss": 0.15204064548015594, "acc": 0.9541211128234863, "length": 3.6298933029174805, "mode": "test", "epoch": 55}
{"loss": 0.08442845195531845, "acc": 0.9663622379302979, "length": 3.631049871444702, "mode": "train", "epoch": 56}
{"loss": 0.15882277488708496, "acc": 0.9545585513114929, "length": 3.6192171573638916, "mode": "test", "epoch": 56}
{"loss": 0.08012903481721878, "acc": 0.969448983669281, "length": 3.635287284851074, "mode": "train", "epoch": 57}
{"loss": 0.15694983303546906, "acc": 0.9576216340065002, "length": 3.672597885131836, "mode": "test", "epoch": 57}
{"loss": 0.08723438531160355, "acc": 0.9672282934188843, "length": 3.6427206993103027, "mode": "train", "epoch": 58}
{"loss": 0.1553087830543518, "acc": 0.950130820274353, "length": 3.6192171573638916, "mode": "test", "epoch": 58}
{"loss": 0.08520897477865219, "acc": 0.9681077599525452, "length": 3.612910270690918, "mode": "train", "epoch": 59}
{"loss": 0.15588690340518951, "acc": 0.9550009369850159, "length": 3.6298933029174805, "mode": "test", "epoch": 59}
{"loss": 0.0716564729809761, "acc": 0.9720558524131775, "length": 3.621335506439209, "mode": "train", "epoch": 60}
{"loss": 0.14731526374816895, "acc": 0.9562202095985413, "length": 3.6370105743408203, "mode": "test", "epoch": 60}
test accuracy: 0.8252442479133606
