# ["--attributes=3", "--values=4", "--game_size=10", "--vocab_size_factor=3", "--n_epochs=60", "--batch_size=128", "--learning_rate=0.001", "--hidden_size=256", "--temp_update=0.99", "--temperature=1.5"]
Creating train_ds and val_ds...

Creating test_ds...
{"loss": 0.7298112511634827, "acc": 0.4967249631881714, "length": 3.2141499519348145, "mode": "train", "epoch": 1}
{"loss": 0.6943101286888123, "acc": 0.506081223487854, "length": 1.0, "mode": "test", "epoch": 1}
{"loss": 0.6995292901992798, "acc": 0.4945085346698761, "length": 1.494274377822876, "mode": "train", "epoch": 2}
{"loss": 0.6922181844711304, "acc": 0.5104729533195496, "length": 1.0, "mode": "test", "epoch": 2}
{"loss": 0.6951218247413635, "acc": 0.5117208957672119, "length": 1.0186810493469238, "mode": "train", "epoch": 3}
{"loss": 0.6930526494979858, "acc": 0.4905405342578888, "length": 1.0, "mode": "test", "epoch": 3}
{"loss": 0.6940934658050537, "acc": 0.5145745277404785, "length": 1.0061495304107666, "mode": "train", "epoch": 4}
{"loss": 0.6931686401367188, "acc": 0.5001688599586487, "length": 1.0, "mode": "test", "epoch": 4}
{"loss": 0.693153440952301, "acc": 0.5045267343521118, "length": 1.0045536756515503, "mode": "train", "epoch": 5}
{"loss": 0.6926524639129639, "acc": 0.5047297477722168, "length": 1.0, "mode": "test", "epoch": 5}
{"loss": 0.6929787397384644, "acc": 0.5113540887832642, "length": 1.0041193962097168, "mode": "train", "epoch": 6}
{"loss": 0.6914205551147461, "acc": 0.5076013803482056, "length": 1.0, "mode": "test", "epoch": 6}
{"loss": 0.693575918674469, "acc": 0.5184314250946045, "length": 1.00336492061615, "mode": "train", "epoch": 7}
{"loss": 0.6916235685348511, "acc": 0.5153716206550598, "length": 1.0, "mode": "test", "epoch": 7}
{"loss": 0.6923844814300537, "acc": 0.5117871761322021, "length": 1.003526210784912, "mode": "train", "epoch": 8}
{"loss": 0.6929475665092468, "acc": 0.4890202283859253, "length": 1.0, "mode": "test", "epoch": 8}
{"loss": 0.6928502917289734, "acc": 0.4997682571411133, "length": 1.0032223463058472, "mode": "train", "epoch": 9}
{"loss": 0.6919262409210205, "acc": 0.5101351141929626, "length": 1.0, "mode": "test", "epoch": 9}
{"loss": 0.6931036710739136, "acc": 0.5107028484344482, "length": 1.0038782358169556, "mode": "train", "epoch": 10}
{"loss": 0.692173421382904, "acc": 0.505743145942688, "length": 1.0, "mode": "test", "epoch": 10}
{"loss": 0.6937943696975708, "acc": 0.5056212544441223, "length": 1.0060148239135742, "mode": "train", "epoch": 11}
{"loss": 0.6917900443077087, "acc": 0.5231418609619141, "length": 1.0, "mode": "test", "epoch": 11}
{"loss": 0.6924719214439392, "acc": 0.5171343684196472, "length": 1.0125339031219482, "mode": "train", "epoch": 12}
{"loss": 0.6921519041061401, "acc": 0.5116554498672485, "length": 1.0, "mode": "test", "epoch": 12}
{"loss": 0.689082682132721, "acc": 0.5356287956237793, "length": 1.1216763257980347, "mode": "train", "epoch": 13}
{"loss": 0.6921639442443848, "acc": 0.5092905163764954, "length": 1.0, "mode": "test", "epoch": 13}
{"loss": 0.649285614490509, "acc": 0.6366949081420898, "length": 1.810905933380127, "mode": "train", "epoch": 14}
{"loss": 0.6049709320068359, "acc": 0.7023923993110657, "length": 2.449324369430542, "mode": "test", "epoch": 14}
{"loss": 0.584614098072052, "acc": 0.6934154629707336, "length": 2.3289740085601807, "mode": "train", "epoch": 15}
{"loss": 0.604740560054779, "acc": 0.7030246257781982, "length": 2.4898648262023926, "mode": "test", "epoch": 15}
{"loss": 0.5795564651489258, "acc": 0.689923107624054, "length": 2.397216796875, "mode": "train", "epoch": 16}
{"loss": 0.5937172174453735, "acc": 0.694087564945221, "length": 2.621621608734131, "mode": "test", "epoch": 16}
{"loss": 0.5679363012313843, "acc": 0.7033957839012146, "length": 2.407274007797241, "mode": "train", "epoch": 17}
{"loss": 0.5754884481430054, "acc": 0.7187684774398804, "length": 2.6317567825317383, "mode": "test", "epoch": 17}
{"loss": 0.5604498386383057, "acc": 0.7127777934074402, "length": 2.5100014209747314, "mode": "train", "epoch": 18}
{"loss": 0.5746440887451172, "acc": 0.7050187587738037, "length": 2.6418919563293457, "mode": "test", "epoch": 18}
{"loss": 0.545259952545166, "acc": 0.7249714136123657, "length": 2.6381170749664307, "mode": "train", "epoch": 19}
{"loss": 0.5334725379943848, "acc": 0.7360135316848755, "length": 2.9662163257598877, "mode": "test", "epoch": 19}
{"loss": 0.5117060542106628, "acc": 0.766423761844635, "length": 2.851875066757202, "mode": "train", "epoch": 20}
{"loss": 0.49744337797164917, "acc": 0.7709221839904785, "length": 3.1081080436706543, "mode": "test", "epoch": 20}
{"loss": 0.47664523124694824, "acc": 0.7798728942871094, "length": 3.02506685256958, "mode": "train", "epoch": 21}
{"loss": 0.49080759286880493, "acc": 0.786515474319458, "length": 3.1385135650634766, "mode": "test", "epoch": 21}
{"loss": 0.4602903127670288, "acc": 0.7960716485977173, "length": 3.053980588912964, "mode": "train", "epoch": 22}
{"loss": 0.47864994406700134, "acc": 0.7893027067184448, "length": 3.148648738861084, "mode": "test", "epoch": 22}
{"loss": 0.4498416483402252, "acc": 0.7962080836296082, "length": 3.0890536308288574, "mode": "train", "epoch": 23}
{"loss": 0.46814054250717163, "acc": 0.7968248724937439, "length": 3.148648738861084, "mode": "test", "epoch": 23}
{"loss": 0.4444781541824341, "acc": 0.7969978451728821, "length": 3.062875270843506, "mode": "train", "epoch": 24}
{"loss": 0.47942692041397095, "acc": 0.7796220779418945, "length": 3.1689188480377197, "mode": "test", "epoch": 24}
{"loss": 0.4320751130580902, "acc": 0.8040692806243896, "length": 3.1121554374694824, "mode": "train", "epoch": 25}
{"loss": 0.45934975147247314, "acc": 0.8047561645507812, "length": 3.148648738861084, "mode": "test", "epoch": 25}
{"loss": 0.42312487959861755, "acc": 0.8112221360206604, "length": 3.087139368057251, "mode": "train", "epoch": 26}
{"loss": 0.45465582609176636, "acc": 0.8092958331108093, "length": 3.148648738861084, "mode": "test", "epoch": 26}
{"loss": 0.4137149751186371, "acc": 0.8156649470329285, "length": 3.1155364513397217, "mode": "train", "epoch": 27}
{"loss": 0.4690497815608978, "acc": 0.7819296717643738, "length": 3.1587836742401123, "mode": "test", "epoch": 27}
{"loss": 0.40469497442245483, "acc": 0.8226429224014282, "length": 3.167693853378296, "mode": "train", "epoch": 28}
{"loss": 0.44526752829551697, "acc": 0.797306478023529, "length": 3.1587836742401123, "mode": "test", "epoch": 28}
{"loss": 0.39746981859207153, "acc": 0.8209090232849121, "length": 3.212552309036255, "mode": "train", "epoch": 29}
{"loss": 0.4478416442871094, "acc": 0.8076372146606445, "length": 3.2398648262023926, "mode": "test", "epoch": 29}
{"loss": 0.38409119844436646, "acc": 0.829097330570221, "length": 3.294713258743286, "mode": "train", "epoch": 30}
{"loss": 0.41690176725387573, "acc": 0.8248265981674194, "length": 3.270270347595215, "mode": "test", "epoch": 30}
{"loss": 0.3732631802558899, "acc": 0.8352072834968567, "length": 3.3259458541870117, "mode": "train", "epoch": 31}
{"loss": 0.4131186902523041, "acc": 0.8262141346931458, "length": 3.351351261138916, "mode": "test", "epoch": 31}
{"loss": 0.3659464716911316, "acc": 0.8392446637153625, "length": 3.359598159790039, "mode": "train", "epoch": 32}
{"loss": 0.40103572607040405, "acc": 0.8355380892753601, "length": 3.300675630569458, "mode": "test", "epoch": 32}
{"loss": 0.3547379672527313, "acc": 0.8453293442726135, "length": 3.353978395462036, "mode": "train", "epoch": 33}
{"loss": 0.39109763503074646, "acc": 0.8376864194869995, "length": 3.300675630569458, "mode": "test", "epoch": 33}
{"loss": 0.3478313684463501, "acc": 0.8496639728546143, "length": 3.458711624145508, "mode": "train", "epoch": 34}
{"loss": 0.3893560767173767, "acc": 0.8309295773506165, "length": 3.4425675868988037, "mode": "test", "epoch": 34}
{"loss": 0.34148547053337097, "acc": 0.8530372381210327, "length": 3.4993648529052734, "mode": "train", "epoch": 35}
{"loss": 0.3540155291557312, "acc": 0.8447186946868896, "length": 3.6148648262023926, "mode": "test", "epoch": 35}
{"loss": 0.32306620478630066, "acc": 0.8613829612731934, "length": 3.742892026901245, "mode": "train", "epoch": 36}
{"loss": 0.3423866629600525, "acc": 0.8518381118774414, "length": 3.9189188480377197, "mode": "test", "epoch": 36}
{"loss": 0.301023006439209, "acc": 0.8747502565383911, "length": 3.9194297790527344, "mode": "train", "epoch": 37}
{"loss": 0.33160722255706787, "acc": 0.86110520362854, "length": 3.979729652404785, "mode": "test", "epoch": 37}
{"loss": 0.27775871753692627, "acc": 0.8867483735084534, "length": 3.975313663482666, "mode": "train", "epoch": 38}
{"loss": 0.3136412799358368, "acc": 0.8777027726173401, "length": 4.0, "mode": "test", "epoch": 38}
{"loss": 0.2627004086971283, "acc": 0.8887795805931091, "length": 3.9936599731445312, "mode": "train", "epoch": 39}
{"loss": 0.31128448247909546, "acc": 0.8817568421363831, "length": 4.0, "mode": "test", "epoch": 39}
{"loss": 0.24684640765190125, "acc": 0.8958027958869934, "length": 3.997663974761963, "mode": "train", "epoch": 40}
{"loss": 0.2991100251674652, "acc": 0.8750001192092896, "length": 4.0, "mode": "test", "epoch": 40}
{"loss": 0.23741930723190308, "acc": 0.8989347815513611, "length": 3.998548746109009, "mode": "train", "epoch": 41}
{"loss": 0.2898419499397278, "acc": 0.8913853764533997, "length": 4.0, "mode": "test", "epoch": 41}
{"loss": 0.23453427851200104, "acc": 0.9013849496841431, "length": 3.9988837242126465, "mode": "train", "epoch": 42}
{"loss": 0.2728598415851593, "acc": 0.8915541172027588, "length": 4.0, "mode": "test", "epoch": 42}
{"loss": 0.22790810465812683, "acc": 0.9037569761276245, "length": 3.996955394744873, "mode": "train", "epoch": 43}
{"loss": 0.29807835817337036, "acc": 0.8859798312187195, "length": 4.0, "mode": "test", "epoch": 43}
{"loss": 0.21641361713409424, "acc": 0.9108529686927795, "length": 3.997966766357422, "mode": "train", "epoch": 44}
{"loss": 0.2818244397640228, "acc": 0.8891891241073608, "length": 4.0, "mode": "test", "epoch": 44}
{"loss": 0.21526271104812622, "acc": 0.9112741947174072, "length": 3.998847723007202, "mode": "train", "epoch": 45}
{"loss": 0.264484703540802, "acc": 0.8940877914428711, "length": 4.0, "mode": "test", "epoch": 45}
{"loss": 0.20788022875785828, "acc": 0.9145895838737488, "length": 3.994001865386963, "mode": "train", "epoch": 46}
{"loss": 0.2580837905406952, "acc": 0.8893581032752991, "length": 4.0, "mode": "test", "epoch": 46}
{"loss": 0.20191361010074615, "acc": 0.9156495332717896, "length": 3.9980928897857666, "mode": "train", "epoch": 47}
{"loss": 0.24422912299633026, "acc": 0.9018580317497253, "length": 4.0, "mode": "test", "epoch": 47}
{"loss": 0.20065787434577942, "acc": 0.9148643612861633, "length": 3.9996559619903564, "mode": "train", "epoch": 48}
{"loss": 0.26623833179473877, "acc": 0.8976351022720337, "length": 4.0, "mode": "test", "epoch": 48}
{"loss": 0.20313557982444763, "acc": 0.914106547832489, "length": 3.9992051124572754, "mode": "train", "epoch": 49}
{"loss": 0.2442569136619568, "acc": 0.8994932174682617, "length": 4.0, "mode": "test", "epoch": 49}
{"loss": 0.2022152543067932, "acc": 0.9205762147903442, "length": 3.9996232986450195, "mode": "train", "epoch": 50}
{"loss": 0.26199251413345337, "acc": 0.9072636961936951, "length": 4.0, "mode": "test", "epoch": 50}
{"loss": 0.20138663053512573, "acc": 0.9178085923194885, "length": 3.999774932861328, "mode": "train", "epoch": 51}
{"loss": 0.242052361369133, "acc": 0.9023647904396057, "length": 4.0, "mode": "test", "epoch": 51}
{"loss": 0.2048545628786087, "acc": 0.9172948002815247, "length": 3.999680757522583, "mode": "train", "epoch": 52}
{"loss": 0.2719395160675049, "acc": 0.8903716802597046, "length": 4.0, "mode": "test", "epoch": 52}
{"loss": 0.19983497262001038, "acc": 0.9198991656303406, "length": 3.9997670650482178, "mode": "train", "epoch": 53}
{"loss": 0.25194621086120605, "acc": 0.9006755948066711, "length": 4.0, "mode": "test", "epoch": 53}
{"loss": 0.1883472055196762, "acc": 0.9210302233695984, "length": 3.999728202819824, "mode": "train", "epoch": 54}
{"loss": 0.25474122166633606, "acc": 0.9008445739746094, "length": 4.0, "mode": "test", "epoch": 54}
{"loss": 0.18555626273155212, "acc": 0.9229570627212524, "length": 3.999814033508301, "mode": "train", "epoch": 55}
{"loss": 0.26234865188598633, "acc": 0.8971284627914429, "length": 4.0, "mode": "test", "epoch": 55}
{"loss": 0.19013291597366333, "acc": 0.9247649312019348, "length": 3.999796152114868, "mode": "train", "epoch": 56}
{"loss": 0.2790542244911194, "acc": 0.8871622085571289, "length": 4.0, "mode": "test", "epoch": 56}
{"loss": 0.1896878033876419, "acc": 0.9236023426055908, "length": 3.999178886413574, "mode": "train", "epoch": 57}
{"loss": 0.25572171807289124, "acc": 0.9079391956329346, "length": 4.0, "mode": "test", "epoch": 57}
{"loss": 0.18357151746749878, "acc": 0.9304735660552979, "length": 3.9997799396514893, "mode": "train", "epoch": 58}
{"loss": 0.24698524177074432, "acc": 0.9104729890823364, "length": 4.0, "mode": "test", "epoch": 58}
{"loss": 0.1781003773212433, "acc": 0.9321208000183105, "length": 3.9998903274536133, "mode": "train", "epoch": 59}
{"loss": 0.23839984834194183, "acc": 0.9087839126586914, "length": 4.0, "mode": "test", "epoch": 59}
{"loss": 0.1768103539943695, "acc": 0.9320571422576904, "length": 3.9997425079345703, "mode": "train", "epoch": 60}
{"loss": 0.23932114243507385, "acc": 0.9103040099143982, "length": 4.0, "mode": "test", "epoch": 60}
test accuracy: 0.7178846597671509
