# ["--attributes=3", "--values=16", "--game_size=10", "--vocab_size_factor=3", "--n_epochs=60", "--batch_size=32", "--learning_rate=0.0005", "--hidden_size=128", "--temp_update=0.97", "--temperature=1"]
Creating train_ds and val_ds...

Creating test_ds...
{"loss": 0.6911810636520386, "acc": 0.5273653864860535, "length": 3.6002392768859863, "mode": "train", "epoch": 1}
{"loss": 0.6770092844963074, "acc": 0.6132270693778992, "length": 3.534722328186035, "mode": "test", "epoch": 1}
{"loss": 0.6806877255439758, "acc": 0.5592553019523621, "length": 3.502997875213623, "mode": "train", "epoch": 2}
{"loss": 0.648102879524231, "acc": 0.6281521916389465, "length": 3.8125, "mode": "test", "epoch": 2}
{"loss": 0.5893387794494629, "acc": 0.710580587387085, "length": 3.764604330062866, "mode": "train", "epoch": 3}
{"loss": 0.5366075038909912, "acc": 0.7449653148651123, "length": 4.0, "mode": "test", "epoch": 3}
{"loss": 0.5091173052787781, "acc": 0.7668245434761047, "length": 3.9477860927581787, "mode": "train", "epoch": 4}
{"loss": 0.4927324652671814, "acc": 0.7758679986000061, "length": 4.0, "mode": "test", "epoch": 4}
{"loss": 0.4704979360103607, "acc": 0.7835792303085327, "length": 3.97993540763855, "mode": "train", "epoch": 5}
{"loss": 0.48857346177101135, "acc": 0.7880207896232605, "length": 4.0, "mode": "test", "epoch": 5}
{"loss": 0.4456650912761688, "acc": 0.7934823632240295, "length": 3.9890201091766357, "mode": "train", "epoch": 6}
{"loss": 0.4605845808982849, "acc": 0.794097363948822, "length": 4.0, "mode": "test", "epoch": 6}
{"loss": 0.4286901652812958, "acc": 0.8039918541908264, "length": 3.9905598163604736, "mode": "train", "epoch": 7}
{"loss": 0.4359332323074341, "acc": 0.8111110925674438, "length": 4.0, "mode": "test", "epoch": 7}
{"loss": 0.4074929654598236, "acc": 0.8223371505737305, "length": 3.993227005004883, "mode": "train", "epoch": 8}
{"loss": 0.40276241302490234, "acc": 0.8237847089767456, "length": 4.0, "mode": "test", "epoch": 8}
{"loss": 0.38509196043014526, "acc": 0.8331580758094788, "length": 3.992764711380005, "mode": "train", "epoch": 9}
{"loss": 0.37429800629615784, "acc": 0.8494791984558105, "length": 4.0, "mode": "test", "epoch": 9}
{"loss": 0.3704069256782532, "acc": 0.8405024409294128, "length": 3.997335910797119, "mode": "train", "epoch": 10}
{"loss": 0.36265602707862854, "acc": 0.8529514074325562, "length": 4.0, "mode": "test", "epoch": 10}
{"loss": 0.35773059725761414, "acc": 0.8443294167518616, "length": 3.994966506958008, "mode": "train", "epoch": 11}
{"loss": 0.3318159282207489, "acc": 0.8569445013999939, "length": 4.0, "mode": "test", "epoch": 11}
{"loss": 0.34387779235839844, "acc": 0.850591242313385, "length": 3.995457649230957, "mode": "train", "epoch": 12}
{"loss": 0.31634005904197693, "acc": 0.8630208969116211, "length": 4.0, "mode": "test", "epoch": 12}
{"loss": 0.3291455805301666, "acc": 0.8547879457473755, "length": 3.9961650371551514, "mode": "train", "epoch": 13}
{"loss": 0.30115801095962524, "acc": 0.8678818941116333, "length": 4.0, "mode": "test", "epoch": 13}
{"loss": 0.3067992925643921, "acc": 0.8696625828742981, "length": 3.99806547164917, "mode": "train", "epoch": 14}
{"loss": 0.27693483233451843, "acc": 0.8887154459953308, "length": 4.0, "mode": "test", "epoch": 14}
{"loss": 0.2909548282623291, "acc": 0.8816621899604797, "length": 3.998593807220459, "mode": "train", "epoch": 15}
{"loss": 0.27851998805999756, "acc": 0.8862847089767456, "length": 4.0, "mode": "test", "epoch": 15}
{"loss": 0.2815798819065094, "acc": 0.8842063546180725, "length": 3.9979569911956787, "mode": "train", "epoch": 16}
{"loss": 0.2509644031524658, "acc": 0.9038195013999939, "length": 4.0, "mode": "test", "epoch": 16}
{"loss": 0.2750765383243561, "acc": 0.8874467015266418, "length": 3.997201442718506, "mode": "train", "epoch": 17}
{"loss": 0.25656455755233765, "acc": 0.9045138955116272, "length": 4.0, "mode": "test", "epoch": 17}
{"loss": 0.27045485377311707, "acc": 0.888617217540741, "length": 3.99889874458313, "mode": "train", "epoch": 18}
{"loss": 0.24889853596687317, "acc": 0.902256965637207, "length": 4.0, "mode": "test", "epoch": 18}
{"loss": 0.25926029682159424, "acc": 0.8954712152481079, "length": 3.9986472129821777, "mode": "train", "epoch": 19}
{"loss": 0.24669750034809113, "acc": 0.9046875834465027, "length": 4.0, "mode": "test", "epoch": 19}
{"loss": 0.25605911016464233, "acc": 0.8919102549552917, "length": 3.9917614459991455, "mode": "train", "epoch": 20}
{"loss": 0.2354942411184311, "acc": 0.9072917103767395, "length": 4.0, "mode": "test", "epoch": 20}
{"loss": 0.25678396224975586, "acc": 0.8924515247344971, "length": 3.999310255050659, "mode": "train", "epoch": 21}
{"loss": 0.23690056800842285, "acc": 0.9065971374511719, "length": 4.0, "mode": "test", "epoch": 21}
{"loss": 0.24540241062641144, "acc": 0.8983718752861023, "length": 3.999652862548828, "mode": "train", "epoch": 22}
{"loss": 0.23598319292068481, "acc": 0.9085069298744202, "length": 4.0, "mode": "test", "epoch": 22}
{"loss": 0.2470753788948059, "acc": 0.9014373421669006, "length": 3.999279022216797, "mode": "train", "epoch": 23}
{"loss": 0.2314547449350357, "acc": 0.9071180820465088, "length": 4.0, "mode": "test", "epoch": 23}
{"loss": 0.24248135089874268, "acc": 0.9034652709960938, "length": 3.999262571334839, "mode": "train", "epoch": 24}
{"loss": 0.23182204365730286, "acc": 0.9097222089767456, "length": 4.0, "mode": "test", "epoch": 24}
{"loss": 0.24029427766799927, "acc": 0.9044073820114136, "length": 3.99979829788208, "mode": "train", "epoch": 25}
{"loss": 0.2276807576417923, "acc": 0.9125000834465027, "length": 4.0, "mode": "test", "epoch": 25}
{"loss": 0.2380751669406891, "acc": 0.905858039855957, "length": 3.9997076988220215, "mode": "train", "epoch": 26}
{"loss": 0.23766057193279266, "acc": 0.9092013835906982, "length": 4.0, "mode": "test", "epoch": 26}
{"loss": 0.23876693844795227, "acc": 0.9040343165397644, "length": 3.996966600418091, "mode": "train", "epoch": 27}
{"loss": 0.22209355235099792, "acc": 0.9156249165534973, "length": 4.0, "mode": "test", "epoch": 27}
{"loss": 0.2330814152956009, "acc": 0.9045794606208801, "length": 3.999626874923706, "mode": "train", "epoch": 28}
{"loss": 0.22829514741897583, "acc": 0.9163194298744202, "length": 4.0, "mode": "test", "epoch": 28}
{"loss": 0.22800599038600922, "acc": 0.9057407379150391, "length": 3.999873161315918, "mode": "train", "epoch": 29}
{"loss": 0.2241099625825882, "acc": 0.9168403148651123, "length": 4.0, "mode": "test", "epoch": 29}
{"loss": 0.22108156979084015, "acc": 0.9125851988792419, "length": 3.9999263286590576, "mode": "train", "epoch": 30}
{"loss": 0.22237035632133484, "acc": 0.9144097566604614, "length": 4.0, "mode": "test", "epoch": 30}
{"loss": 0.21717621386051178, "acc": 0.9116541147232056, "length": 3.9998068809509277, "mode": "train", "epoch": 31}
{"loss": 0.21542909741401672, "acc": 0.9267361164093018, "length": 4.0, "mode": "test", "epoch": 31}
{"loss": 0.21659758687019348, "acc": 0.9178444147109985, "length": 3.998825788497925, "mode": "train", "epoch": 32}
{"loss": 0.21061083674430847, "acc": 0.9187500476837158, "length": 4.0, "mode": "test", "epoch": 32}
{"loss": 0.21601606905460358, "acc": 0.9127106666564941, "length": 3.9984946250915527, "mode": "train", "epoch": 33}
{"loss": 0.20927003026008606, "acc": 0.9286457896232605, "length": 4.0, "mode": "test", "epoch": 33}
{"loss": 0.20825524628162384, "acc": 0.9168775081634521, "length": 3.999678373336792, "mode": "train", "epoch": 34}
{"loss": 0.21862252056598663, "acc": 0.9256943464279175, "length": 4.0, "mode": "test", "epoch": 34}
{"loss": 0.21102723479270935, "acc": 0.9160057902336121, "length": 3.999830722808838, "mode": "train", "epoch": 35}
{"loss": 0.20658603310585022, "acc": 0.9248263835906982, "length": 4.0, "mode": "test", "epoch": 35}
{"loss": 0.20343680679798126, "acc": 0.9205707311630249, "length": 3.99851131439209, "mode": "train", "epoch": 36}
{"loss": 0.19899314641952515, "acc": 0.9348958134651184, "length": 4.0, "mode": "test", "epoch": 36}
{"loss": 0.19866272807121277, "acc": 0.92299485206604, "length": 3.9989237785339355, "mode": "train", "epoch": 37}
{"loss": 0.19810959696769714, "acc": 0.9310763478279114, "length": 4.0, "mode": "test", "epoch": 37}
{"loss": 0.20954884588718414, "acc": 0.9167050719261169, "length": 3.9999747276306152, "mode": "train", "epoch": 38}
{"loss": 0.20815522968769073, "acc": 0.9164929986000061, "length": 4.0, "mode": "test", "epoch": 38}
{"loss": 0.20655256509780884, "acc": 0.9219805002212524, "length": 3.999782085418701, "mode": "train", "epoch": 39}
{"loss": 0.2015383541584015, "acc": 0.9296875, "length": 4.0, "mode": "test", "epoch": 39}
{"loss": 0.19690515100955963, "acc": 0.9240103960037231, "length": 3.9998390674591064, "mode": "train", "epoch": 40}
{"loss": 0.20051871240139008, "acc": 0.9303818941116333, "length": 4.0, "mode": "test", "epoch": 40}
{"loss": 0.19614483416080475, "acc": 0.9238051772117615, "length": 3.999138116836548, "mode": "train", "epoch": 41}
{"loss": 0.1946781426668167, "acc": 0.9343750476837158, "length": 4.0, "mode": "test", "epoch": 41}
{"loss": 0.19082878530025482, "acc": 0.926385223865509, "length": 3.9996776580810547, "mode": "train", "epoch": 42}
{"loss": 0.2152824103832245, "acc": 0.9250000715255737, "length": 4.0, "mode": "test", "epoch": 42}
{"loss": 0.18410052359104156, "acc": 0.9272616505622864, "length": 3.999979257583618, "mode": "train", "epoch": 43}
{"loss": 0.19623303413391113, "acc": 0.9317708611488342, "length": 4.0, "mode": "test", "epoch": 43}
{"loss": 0.18050441145896912, "acc": 0.92771977186203, "length": 3.999857187271118, "mode": "train", "epoch": 44}
{"loss": 0.1901642233133316, "acc": 0.9286457896232605, "length": 4.0, "mode": "test", "epoch": 44}
{"loss": 0.17588119208812714, "acc": 0.9314330220222473, "length": 3.9997711181640625, "mode": "train", "epoch": 45}
{"loss": 0.172282412648201, "acc": 0.9394097924232483, "length": 4.0, "mode": "test", "epoch": 45}
{"loss": 0.17380931973457336, "acc": 0.9331769943237305, "length": 3.999957799911499, "mode": "train", "epoch": 46}
{"loss": 0.18092896044254303, "acc": 0.9361111521720886, "length": 4.0, "mode": "test", "epoch": 46}
{"loss": 0.16986322402954102, "acc": 0.9350833892822266, "length": 3.999789237976074, "mode": "train", "epoch": 47}
{"loss": 0.18038387596607208, "acc": 0.9364582896232605, "length": 4.0, "mode": "test", "epoch": 47}
{"loss": 0.1716286540031433, "acc": 0.933971107006073, "length": 3.999309539794922, "mode": "train", "epoch": 48}
{"loss": 0.17927895486354828, "acc": 0.9375, "length": 4.0, "mode": "test", "epoch": 48}
{"loss": 0.16461019217967987, "acc": 0.935265839099884, "length": 3.9999682903289795, "mode": "train", "epoch": 49}
{"loss": 0.20272476971149445, "acc": 0.9286457896232605, "length": 4.0, "mode": "test", "epoch": 49}
{"loss": 0.1804279237985611, "acc": 0.929631233215332, "length": 3.999734878540039, "mode": "train", "epoch": 50}
{"loss": 0.17058789730072021, "acc": 0.9385417103767395, "length": 4.0, "mode": "test", "epoch": 50}
{"loss": 0.1672784835100174, "acc": 0.9353737235069275, "length": 3.9995830059051514, "mode": "train", "epoch": 51}
{"loss": 0.18525636196136475, "acc": 0.9343750476837158, "length": 4.0, "mode": "test", "epoch": 51}
{"loss": 0.17175637185573578, "acc": 0.9305088520050049, "length": 3.999960422515869, "mode": "train", "epoch": 52}
{"loss": 0.16968746483325958, "acc": 0.9399304986000061, "length": 4.0, "mode": "test", "epoch": 52}
{"loss": 0.15498673915863037, "acc": 0.9385050535202026, "length": 3.9984848499298096, "mode": "train", "epoch": 53}
{"loss": 0.17415134608745575, "acc": 0.9385417103767395, "length": 4.0, "mode": "test", "epoch": 53}
{"loss": 0.1616830974817276, "acc": 0.9368308186531067, "length": 3.999938726425171, "mode": "train", "epoch": 54}
{"loss": 0.17257197201251984, "acc": 0.9414931535720825, "length": 4.0, "mode": "test", "epoch": 54}
{"loss": 0.15512382984161377, "acc": 0.9404155015945435, "length": 3.9995505809783936, "mode": "train", "epoch": 55}
{"loss": 0.16454534232616425, "acc": 0.9383680820465088, "length": 4.0, "mode": "test", "epoch": 55}
{"loss": 0.15343831479549408, "acc": 0.9405311346054077, "length": 3.999074935913086, "mode": "train", "epoch": 56}
{"loss": 0.16917476058006287, "acc": 0.941493034362793, "length": 4.0, "mode": "test", "epoch": 56}
{"loss": 0.1501917839050293, "acc": 0.9406481385231018, "length": 3.9995992183685303, "mode": "train", "epoch": 57}
{"loss": 0.16266149282455444, "acc": 0.9423611760139465, "length": 4.0, "mode": "test", "epoch": 57}
{"loss": 0.14664317667484283, "acc": 0.943733811378479, "length": 3.9999656677246094, "mode": "train", "epoch": 58}
{"loss": 0.1686767190694809, "acc": 0.9428820013999939, "length": 4.0, "mode": "test", "epoch": 58}
{"loss": 0.14525023102760315, "acc": 0.9419933557510376, "length": 3.999932050704956, "mode": "train", "epoch": 59}
{"loss": 0.1678222417831421, "acc": 0.9430554509162903, "length": 4.0, "mode": "test", "epoch": 59}
{"loss": 0.14359262585639954, "acc": 0.9426263570785522, "length": 3.99979567527771, "mode": "train", "epoch": 60}
{"loss": 0.16227561235427856, "acc": 0.9421874284744263, "length": 4.0, "mode": "test", "epoch": 60}
test accuracy: 0.7341379523277283
