# ["--attributes=3", "--values=16", "--game_size=10", "--vocab_size_factor=3", "--n_epochs=60", "--batch_size=32", "--learning_rate=0.0005", "--hidden_size=128", "--temp_update=0.97", "--temperature=1.5"]
Creating train_ds and val_ds...

Creating test_ds...
{"loss": 0.6937813758850098, "acc": 0.5043141841888428, "length": 3.540799856185913, "mode": "train", "epoch": 1}
{"loss": 0.6833517551422119, "acc": 0.5867031216621399, "length": 1.996503472328186, "mode": "test", "epoch": 1}
{"loss": 0.6800520420074463, "acc": 0.5708065629005432, "length": 3.426870107650757, "mode": "train", "epoch": 2}
{"loss": 0.6389800906181335, "acc": 0.7161517143249512, "length": 3.846153736114502, "mode": "test", "epoch": 2}
{"loss": 0.6030401587486267, "acc": 0.7036964297294617, "length": 3.790167808532715, "mode": "train", "epoch": 3}
{"loss": 0.5545679926872253, "acc": 0.733916163444519, "length": 4.0, "mode": "test", "epoch": 3}
{"loss": 0.5285642147064209, "acc": 0.7521393895149231, "length": 3.9499223232269287, "mode": "train", "epoch": 4}
{"loss": 0.5132999420166016, "acc": 0.7660839557647705, "length": 4.0, "mode": "test", "epoch": 4}
{"loss": 0.47372815012931824, "acc": 0.782435417175293, "length": 3.9769110679626465, "mode": "train", "epoch": 5}
{"loss": 0.46907198429107666, "acc": 0.7868881225585938, "length": 4.0, "mode": "test", "epoch": 5}
{"loss": 0.44451233744621277, "acc": 0.7938961386680603, "length": 3.976116180419922, "mode": "train", "epoch": 6}
{"loss": 0.4569004476070404, "acc": 0.7965034246444702, "length": 4.0, "mode": "test", "epoch": 6}
{"loss": 0.4250651001930237, "acc": 0.8022650480270386, "length": 3.980633497238159, "mode": "train", "epoch": 7}
{"loss": 0.45607149600982666, "acc": 0.788811206817627, "length": 4.0, "mode": "test", "epoch": 7}
{"loss": 0.40909501910209656, "acc": 0.8091036677360535, "length": 3.9851980209350586, "mode": "train", "epoch": 8}
{"loss": 0.41592976450920105, "acc": 0.8155595064163208, "length": 4.0, "mode": "test", "epoch": 8}
{"loss": 0.3734593689441681, "acc": 0.8250241875648499, "length": 3.9858367443084717, "mode": "train", "epoch": 9}
{"loss": 0.36005517840385437, "acc": 0.8479020595550537, "length": 4.0, "mode": "test", "epoch": 9}
{"loss": 0.32960641384124756, "acc": 0.857184648513794, "length": 3.9910693168640137, "mode": "train", "epoch": 10}
{"loss": 0.31715595722198486, "acc": 0.8701047897338867, "length": 4.0, "mode": "test", "epoch": 10}
{"loss": 0.29354149103164673, "acc": 0.876850426197052, "length": 3.992887020111084, "mode": "train", "epoch": 11}
{"loss": 0.3127140998840332, "acc": 0.8716782927513123, "length": 4.0, "mode": "test", "epoch": 11}
{"loss": 0.2757301330566406, "acc": 0.8821008801460266, "length": 3.996316432952881, "mode": "train", "epoch": 12}
{"loss": 0.2918897569179535, "acc": 0.8784965872764587, "length": 4.0, "mode": "test", "epoch": 12}
{"loss": 0.2669145464897156, "acc": 0.8874280452728271, "length": 3.9955193996429443, "mode": "train", "epoch": 13}
{"loss": 0.2797585129737854, "acc": 0.8769228458404541, "length": 4.0, "mode": "test", "epoch": 13}
{"loss": 0.25714775919914246, "acc": 0.8915567994117737, "length": 3.997514009475708, "mode": "train", "epoch": 14}
{"loss": 0.2607819736003876, "acc": 0.8903847336769104, "length": 4.0, "mode": "test", "epoch": 14}
{"loss": 0.2421160638332367, "acc": 0.8986641764640808, "length": 3.998781681060791, "mode": "train", "epoch": 15}
{"loss": 0.276745080947876, "acc": 0.8847901821136475, "length": 4.0, "mode": "test", "epoch": 15}
{"loss": 0.2352084070444107, "acc": 0.9036118388175964, "length": 3.9984116554260254, "mode": "train", "epoch": 16}
{"loss": 0.25844860076904297, "acc": 0.8975523710250854, "length": 4.0, "mode": "test", "epoch": 16}
{"loss": 0.2352803498506546, "acc": 0.9038760662078857, "length": 3.9988045692443848, "mode": "train", "epoch": 17}
{"loss": 0.25097206234931946, "acc": 0.8968531489372253, "length": 4.0, "mode": "test", "epoch": 17}
{"loss": 0.22263166308403015, "acc": 0.9089840054512024, "length": 3.9990506172180176, "mode": "train", "epoch": 18}
{"loss": 0.24259573221206665, "acc": 0.899300754070282, "length": 4.0, "mode": "test", "epoch": 18}
{"loss": 0.22119012475013733, "acc": 0.9107550382614136, "length": 3.9995744228363037, "mode": "train", "epoch": 19}
{"loss": 0.23589976131916046, "acc": 0.9040210247039795, "length": 4.0, "mode": "test", "epoch": 19}
{"loss": 0.21680374443531036, "acc": 0.9120985865592957, "length": 3.9995105266571045, "mode": "train", "epoch": 20}
{"loss": 0.2270711064338684, "acc": 0.9055944085121155, "length": 4.0, "mode": "test", "epoch": 20}
{"loss": 0.2109975963830948, "acc": 0.9189583659172058, "length": 3.999701499938965, "mode": "train", "epoch": 21}
{"loss": 0.2284291833639145, "acc": 0.9089159965515137, "length": 4.0, "mode": "test", "epoch": 21}
{"loss": 0.20839622616767883, "acc": 0.9205964207649231, "length": 3.999711036682129, "mode": "train", "epoch": 22}
{"loss": 0.22943203151226044, "acc": 0.9117133021354675, "length": 4.0, "mode": "test", "epoch": 22}
{"loss": 0.19195342063903809, "acc": 0.9242308735847473, "length": 3.9997782707214355, "mode": "train", "epoch": 23}
{"loss": 0.21908091008663177, "acc": 0.9087412357330322, "length": 4.0, "mode": "test", "epoch": 23}
{"loss": 0.19117601215839386, "acc": 0.9242279529571533, "length": 3.999738931655884, "mode": "train", "epoch": 24}
{"loss": 0.20309603214263916, "acc": 0.9248251914978027, "length": 4.0, "mode": "test", "epoch": 24}
{"loss": 0.18529386818408966, "acc": 0.9259527921676636, "length": 3.999025344848633, "mode": "train", "epoch": 25}
{"loss": 0.20507977902889252, "acc": 0.92010498046875, "length": 4.0, "mode": "test", "epoch": 25}
{"loss": 0.18604448437690735, "acc": 0.9288631677627563, "length": 3.99997615814209, "mode": "train", "epoch": 26}
{"loss": 0.1991531401872635, "acc": 0.918356716632843, "length": 4.0, "mode": "test", "epoch": 26}
{"loss": 0.18504780530929565, "acc": 0.9284532070159912, "length": 3.999964952468872, "mode": "train", "epoch": 27}
{"loss": 0.1988624930381775, "acc": 0.9251748323440552, "length": 4.0, "mode": "test", "epoch": 27}
{"loss": 0.18111534416675568, "acc": 0.9318422675132751, "length": 3.9998292922973633, "mode": "train", "epoch": 28}
{"loss": 0.20130488276481628, "acc": 0.9232516884803772, "length": 4.0, "mode": "test", "epoch": 28}
{"loss": 0.16525156795978546, "acc": 0.9353625774383545, "length": 3.9999897480010986, "mode": "train", "epoch": 29}
{"loss": 0.1889958381652832, "acc": 0.9293705821037292, "length": 4.0, "mode": "test", "epoch": 29}
{"loss": 0.16860924661159515, "acc": 0.9364166855812073, "length": 3.999992609024048, "mode": "train", "epoch": 30}
{"loss": 0.19620515406131744, "acc": 0.9225524663925171, "length": 4.0, "mode": "test", "epoch": 30}
{"loss": 0.16599921882152557, "acc": 0.9358310103416443, "length": 3.9999918937683105, "mode": "train", "epoch": 31}
{"loss": 0.18419577181339264, "acc": 0.9325175285339355, "length": 4.0, "mode": "test", "epoch": 31}
{"loss": 0.17164133489131927, "acc": 0.9346009492874146, "length": 3.999983310699463, "mode": "train", "epoch": 32}
{"loss": 0.18437708914279938, "acc": 0.9319930672645569, "length": 4.0, "mode": "test", "epoch": 32}
{"loss": 0.1579972356557846, "acc": 0.9385233521461487, "length": 3.99997878074646, "mode": "train", "epoch": 33}
{"loss": 0.18883340060710907, "acc": 0.9311188459396362, "length": 4.0, "mode": "test", "epoch": 33}
{"loss": 0.1524961292743683, "acc": 0.9400467276573181, "length": 3.9999985694885254, "mode": "train", "epoch": 34}
{"loss": 0.16612954437732697, "acc": 0.9381118416786194, "length": 4.0, "mode": "test", "epoch": 34}
{"loss": 0.1473984271287918, "acc": 0.9436511993408203, "length": 3.9995851516723633, "mode": "train", "epoch": 35}
{"loss": 0.1683955192565918, "acc": 0.9428321719169617, "length": 4.0, "mode": "test", "epoch": 35}
{"loss": 0.15400536358356476, "acc": 0.9428947567939758, "length": 3.9994401931762695, "mode": "train", "epoch": 36}
{"loss": 0.16331322491168976, "acc": 0.940559446811676, "length": 4.0, "mode": "test", "epoch": 36}
{"loss": 0.14695705473423004, "acc": 0.9457257390022278, "length": 3.9999966621398926, "mode": "train", "epoch": 37}
{"loss": 0.15813785791397095, "acc": 0.9395105242729187, "length": 4.0, "mode": "test", "epoch": 37}
{"loss": 0.1466776579618454, "acc": 0.9414515495300293, "length": 3.9999873638153076, "mode": "train", "epoch": 38}
{"loss": 0.17479632794857025, "acc": 0.9372377395629883, "length": 4.0, "mode": "test", "epoch": 38}
{"loss": 0.13974320888519287, "acc": 0.9473066926002502, "length": 3.9999990463256836, "mode": "train", "epoch": 39}
{"loss": 0.19185024499893188, "acc": 0.9325175285339355, "length": 4.0, "mode": "test", "epoch": 39}
{"loss": 0.14806847274303436, "acc": 0.943795382976532, "length": 3.9995017051696777, "mode": "train", "epoch": 40}
{"loss": 0.16709133982658386, "acc": 0.9337413311004639, "length": 4.0, "mode": "test", "epoch": 40}
{"loss": 0.13815072178840637, "acc": 0.9457225203514099, "length": 3.9999258518218994, "mode": "train", "epoch": 41}
{"loss": 0.155269056558609, "acc": 0.9342657923698425, "length": 4.0, "mode": "test", "epoch": 41}
{"loss": 0.13092082738876343, "acc": 0.9488874077796936, "length": 3.9999945163726807, "mode": "train", "epoch": 42}
{"loss": 0.1529623568058014, "acc": 0.9442307353019714, "length": 4.0, "mode": "test", "epoch": 42}
{"loss": 0.1372184157371521, "acc": 0.946193516254425, "length": 3.9999775886535645, "mode": "train", "epoch": 43}
{"loss": 0.150757297873497, "acc": 0.9458041787147522, "length": 4.0, "mode": "test", "epoch": 43}
{"loss": 0.1311296671628952, "acc": 0.9494127631187439, "length": 3.999969244003296, "mode": "train", "epoch": 44}
{"loss": 0.16954101622104645, "acc": 0.9391608834266663, "length": 4.0, "mode": "test", "epoch": 44}
{"loss": 0.13063782453536987, "acc": 0.9504588842391968, "length": 3.999877452850342, "mode": "train", "epoch": 45}
{"loss": 0.15599828958511353, "acc": 0.9428321719169617, "length": 4.0, "mode": "test", "epoch": 45}
{"loss": 0.12823887169361115, "acc": 0.9507024884223938, "length": 3.9999966621398926, "mode": "train", "epoch": 46}
{"loss": 0.16925565898418427, "acc": 0.9403846859931946, "length": 4.0, "mode": "test", "epoch": 46}
{"loss": 0.12742039561271667, "acc": 0.9501169919967651, "length": 3.99999737739563, "mode": "train", "epoch": 47}
{"loss": 0.1489095240831375, "acc": 0.9393355250358582, "length": 4.0, "mode": "test", "epoch": 47}
{"loss": 0.12217625230550766, "acc": 0.9501754641532898, "length": 3.999995470046997, "mode": "train", "epoch": 48}
{"loss": 0.14232032001018524, "acc": 0.9454546570777893, "length": 4.0, "mode": "test", "epoch": 48}
{"loss": 0.12087864428758621, "acc": 0.9532194137573242, "length": 3.9999876022338867, "mode": "train", "epoch": 49}
{"loss": 0.14415235817432404, "acc": 0.9459791779518127, "length": 4.0, "mode": "test", "epoch": 49}
{"loss": 0.11045876890420914, "acc": 0.9572011828422546, "length": 3.9999961853027344, "mode": "train", "epoch": 50}
{"loss": 0.14232759177684784, "acc": 0.9475524425506592, "length": 4.0, "mode": "test", "epoch": 50}
{"loss": 0.11970329284667969, "acc": 0.9549762010574341, "length": 3.9999940395355225, "mode": "train", "epoch": 51}
{"loss": 0.14995414018630981, "acc": 0.9463286399841309, "length": 4.0, "mode": "test", "epoch": 51}
{"loss": 0.11473476886749268, "acc": 0.9570795893669128, "length": 3.999936819076538, "mode": "train", "epoch": 52}
{"loss": 0.15168732404708862, "acc": 0.9435313940048218, "length": 4.0, "mode": "test", "epoch": 52}
{"loss": 0.12062414735555649, "acc": 0.9545055627822876, "length": 3.9999616146087646, "mode": "train", "epoch": 53}
{"loss": 0.13086916506290436, "acc": 0.9559440612792969, "length": 4.0, "mode": "test", "epoch": 53}
{"loss": 0.11132083088159561, "acc": 0.9582551717758179, "length": 3.9999990463256836, "mode": "train", "epoch": 54}
{"loss": 0.16747504472732544, "acc": 0.9426572322845459, "length": 4.0, "mode": "test", "epoch": 54}
{"loss": 0.12011613696813583, "acc": 0.9533373117446899, "length": 3.999999523162842, "mode": "train", "epoch": 55}
{"loss": 0.13440854847431183, "acc": 0.9466782212257385, "length": 4.0, "mode": "test", "epoch": 55}
{"loss": 0.1040593609213829, "acc": 0.9601283669471741, "length": 3.9999911785125732, "mode": "train", "epoch": 56}
{"loss": 0.12665285170078278, "acc": 0.9562938213348389, "length": 4.0, "mode": "test", "epoch": 56}
{"loss": 0.10213875770568848, "acc": 0.9622933268547058, "length": 3.9999780654907227, "mode": "train", "epoch": 57}
{"loss": 0.12642623484134674, "acc": 0.9545454382896423, "length": 4.0, "mode": "test", "epoch": 57}
{"loss": 0.09725121408700943, "acc": 0.9647539854049683, "length": 3.9999990463256836, "mode": "train", "epoch": 58}
{"loss": 0.13032762706279755, "acc": 0.956643283367157, "length": 4.0, "mode": "test", "epoch": 58}
{"loss": 0.11205685138702393, "acc": 0.9601872563362122, "length": 3.9999988079071045, "mode": "train", "epoch": 59}
{"loss": 0.12880069017410278, "acc": 0.9568182826042175, "length": 4.0, "mode": "test", "epoch": 59}
{"loss": 0.10134461522102356, "acc": 0.9632903337478638, "length": 3.9999990463256836, "mode": "train", "epoch": 60}
{"loss": 0.12334690988063812, "acc": 0.9527971744537354, "length": 4.0, "mode": "test", "epoch": 60}
test accuracy: 0.8470001220703125
