# ["--attributes=3", "--values=16", "--game_size=10", "--vocab_size_factor=3", "--n_epochs=60", "--batch_size=32", "--learning_rate=0.0005", "--hidden_size=128", "--temp_update=0.97", "--temperature=2"]
Creating train_ds and val_ds...

Creating test_ds...
{"loss": 0.697212815284729, "acc": 0.5232508778572083, "length": 3.49373459815979, "mode": "train", "epoch": 1}
{"loss": 0.6938730478286743, "acc": 0.5047703385353088, "length": 1.0, "mode": "test", "epoch": 1}
{"loss": 0.6849669814109802, "acc": 0.5508055686950684, "length": 3.1401238441467285, "mode": "train", "epoch": 2}
{"loss": 0.6603561043739319, "acc": 0.657856285572052, "length": 2.3674912452697754, "mode": "test", "epoch": 2}
{"loss": 0.6400951147079468, "acc": 0.6764531135559082, "length": 2.884451389312744, "mode": "train", "epoch": 3}
{"loss": 0.582913875579834, "acc": 0.7488385438919067, "length": 2.8763251304626465, "mode": "test", "epoch": 3}
{"loss": 0.5600871443748474, "acc": 0.7263022661209106, "length": 3.155961751937866, "mode": "train", "epoch": 4}
{"loss": 0.5166640877723694, "acc": 0.7469522953033447, "length": 3.985865831375122, "mode": "test", "epoch": 4}
{"loss": 0.4853464365005493, "acc": 0.7749035954475403, "length": 3.7451791763305664, "mode": "train", "epoch": 5}
{"loss": 0.45647478103637695, "acc": 0.7913428544998169, "length": 4.0, "mode": "test", "epoch": 5}
{"loss": 0.42843857407569885, "acc": 0.8055891394615173, "length": 3.8824610710144043, "mode": "train", "epoch": 6}
{"loss": 0.4234219491481781, "acc": 0.8302121162414551, "length": 4.0, "mode": "test", "epoch": 6}
{"loss": 0.39867231249809265, "acc": 0.8276306390762329, "length": 3.9353933334350586, "mode": "train", "epoch": 7}
{"loss": 0.4133228063583374, "acc": 0.8326854109764099, "length": 4.0, "mode": "test", "epoch": 7}
{"loss": 0.37614116072654724, "acc": 0.8371767401695251, "length": 3.964566946029663, "mode": "train", "epoch": 8}
{"loss": 0.4051394760608673, "acc": 0.8173145651817322, "length": 4.0, "mode": "test", "epoch": 8}
{"loss": 0.35632774233818054, "acc": 0.8439893126487732, "length": 3.9786908626556396, "mode": "train", "epoch": 9}
{"loss": 0.37662914395332336, "acc": 0.8450530171394348, "length": 4.0, "mode": "test", "epoch": 9}
{"loss": 0.3442918360233307, "acc": 0.8538498282432556, "length": 3.9850001335144043, "mode": "train", "epoch": 10}
{"loss": 0.352327823638916, "acc": 0.8579506278038025, "length": 4.0, "mode": "test", "epoch": 10}
{"loss": 0.3277069628238678, "acc": 0.8577828407287598, "length": 3.9876484870910645, "mode": "train", "epoch": 11}
{"loss": 0.34373050928115845, "acc": 0.8614840507507324, "length": 4.0, "mode": "test", "epoch": 11}
{"loss": 0.3101571798324585, "acc": 0.8686909675598145, "length": 3.989204168319702, "mode": "train", "epoch": 12}
{"loss": 0.3345116376876831, "acc": 0.8598939776420593, "length": 4.0, "mode": "test", "epoch": 12}
{"loss": 0.30546873807907104, "acc": 0.8698543906211853, "length": 3.990131139755249, "mode": "train", "epoch": 13}
{"loss": 0.32363632321357727, "acc": 0.8704947829246521, "length": 4.0, "mode": "test", "epoch": 13}
{"loss": 0.2913866639137268, "acc": 0.8753686547279358, "length": 3.9942078590393066, "mode": "train", "epoch": 14}
{"loss": 0.32972875237464905, "acc": 0.8736750483512878, "length": 4.0, "mode": "test", "epoch": 14}
{"loss": 0.2899649739265442, "acc": 0.8716017603874207, "length": 3.9945406913757324, "mode": "train", "epoch": 15}
{"loss": 0.3106909394264221, "acc": 0.8763250708580017, "length": 4.0, "mode": "test", "epoch": 15}
{"loss": 0.2779809236526489, "acc": 0.8779146075248718, "length": 3.9954428672790527, "mode": "train", "epoch": 16}
{"loss": 0.30434921383857727, "acc": 0.8782686591148376, "length": 4.0, "mode": "test", "epoch": 16}
{"loss": 0.27337121963500977, "acc": 0.8764631152153015, "length": 3.9967331886291504, "mode": "train", "epoch": 17}
{"loss": 0.2966764569282532, "acc": 0.8853356242179871, "length": 4.0, "mode": "test", "epoch": 17}
{"loss": 0.27323678135871887, "acc": 0.879479706287384, "length": 3.9976844787597656, "mode": "train", "epoch": 18}
{"loss": 0.2984780967235565, "acc": 0.8863957524299622, "length": 4.0, "mode": "test", "epoch": 18}
{"loss": 0.27067309617996216, "acc": 0.8821122050285339, "length": 3.9964895248413086, "mode": "train", "epoch": 19}
{"loss": 0.2912386655807495, "acc": 0.8885159492492676, "length": 4.0, "mode": "test", "epoch": 19}
{"loss": 0.26573455333709717, "acc": 0.8854891061782837, "length": 3.997274875640869, "mode": "train", "epoch": 20}
{"loss": 0.29226285219192505, "acc": 0.8872792720794678, "length": 4.0, "mode": "test", "epoch": 20}
{"loss": 0.2651139795780182, "acc": 0.8853227496147156, "length": 3.997668743133545, "mode": "train", "epoch": 21}
{"loss": 0.28476423025131226, "acc": 0.8893994688987732, "length": 4.0, "mode": "test", "epoch": 21}
{"loss": 0.2572149336338043, "acc": 0.8889955878257751, "length": 3.998584508895874, "mode": "train", "epoch": 22}
{"loss": 0.27386534214019775, "acc": 0.8860424160957336, "length": 4.0, "mode": "test", "epoch": 22}
{"loss": 0.24464987218379974, "acc": 0.8948894143104553, "length": 3.9985032081604004, "mode": "train", "epoch": 23}
{"loss": 0.2548025846481323, "acc": 0.8978798389434814, "length": 4.0, "mode": "test", "epoch": 23}
{"loss": 0.2464469075202942, "acc": 0.8919995427131653, "length": 3.99831485748291, "mode": "train", "epoch": 24}
{"loss": 0.2721836566925049, "acc": 0.8872790932655334, "length": 4.0, "mode": "test", "epoch": 24}
{"loss": 0.23646794259548187, "acc": 0.8996824026107788, "length": 3.998516082763672, "mode": "train", "epoch": 25}
{"loss": 0.24901314079761505, "acc": 0.9054769277572632, "length": 4.0, "mode": "test", "epoch": 25}
{"loss": 0.227866068482399, "acc": 0.9076406359672546, "length": 3.9984209537506104, "mode": "train", "epoch": 26}
{"loss": 0.24517138302326202, "acc": 0.9120139479637146, "length": 4.0, "mode": "test", "epoch": 26}
{"loss": 0.22349350154399872, "acc": 0.909425675868988, "length": 3.999056816101074, "mode": "train", "epoch": 27}
{"loss": 0.23726113140583038, "acc": 0.9106006622314453, "length": 4.0, "mode": "test", "epoch": 27}
{"loss": 0.2129959613084793, "acc": 0.9121906161308289, "length": 3.9971764087677, "mode": "train", "epoch": 28}
{"loss": 0.2061728537082672, "acc": 0.9219081997871399, "length": 4.0, "mode": "test", "epoch": 28}
{"loss": 0.20391488075256348, "acc": 0.9218145608901978, "length": 3.999060869216919, "mode": "train", "epoch": 29}
{"loss": 0.19324320554733276, "acc": 0.9219081997871399, "length": 4.0, "mode": "test", "epoch": 29}
{"loss": 0.19639717042446136, "acc": 0.924354076385498, "length": 3.9990482330322266, "mode": "train", "epoch": 30}
{"loss": 0.20720410346984863, "acc": 0.9210247993469238, "length": 4.0, "mode": "test", "epoch": 30}
{"loss": 0.19318443536758423, "acc": 0.923351526260376, "length": 3.9989843368530273, "mode": "train", "epoch": 31}
{"loss": 0.19726070761680603, "acc": 0.9229681491851807, "length": 4.0, "mode": "test", "epoch": 31}
{"loss": 0.1826285868883133, "acc": 0.9298591613769531, "length": 3.999563694000244, "mode": "train", "epoch": 32}
{"loss": 0.19267983734607697, "acc": 0.9266783595085144, "length": 4.0, "mode": "test", "epoch": 32}
{"loss": 0.18509013950824738, "acc": 0.929862916469574, "length": 3.9997243881225586, "mode": "train", "epoch": 33}
{"loss": 0.19352023303508759, "acc": 0.9284453392028809, "length": 4.0, "mode": "test", "epoch": 33}
{"loss": 0.1795998513698578, "acc": 0.9312730431556702, "length": 3.99949049949646, "mode": "train", "epoch": 34}
{"loss": 0.1920853704214096, "acc": 0.9275620579719543, "length": 4.0, "mode": "test", "epoch": 34}
{"loss": 0.17453688383102417, "acc": 0.9331266283988953, "length": 3.9976439476013184, "mode": "train", "epoch": 35}
{"loss": 0.18045471608638763, "acc": 0.9284451007843018, "length": 4.0, "mode": "test", "epoch": 35}
{"loss": 0.17011158168315887, "acc": 0.9342827200889587, "length": 3.999397039413452, "mode": "train", "epoch": 36}
{"loss": 0.18928490579128265, "acc": 0.9293285012245178, "length": 4.0, "mode": "test", "epoch": 36}
{"loss": 0.17269927263259888, "acc": 0.9363437294960022, "length": 3.9996373653411865, "mode": "train", "epoch": 37}
{"loss": 0.1795402467250824, "acc": 0.9358657598495483, "length": 4.0, "mode": "test", "epoch": 37}
{"loss": 0.16769815981388092, "acc": 0.9352315664291382, "length": 3.9996330738067627, "mode": "train", "epoch": 38}
{"loss": 0.19440144300460815, "acc": 0.935158908367157, "length": 4.0, "mode": "test", "epoch": 38}
{"loss": 0.16416329145431519, "acc": 0.937541127204895, "length": 3.9998703002929688, "mode": "train", "epoch": 39}
{"loss": 0.17271247506141663, "acc": 0.9393994212150574, "length": 4.0, "mode": "test", "epoch": 39}
{"loss": 0.1569323092699051, "acc": 0.9393726587295532, "length": 3.9999332427978516, "mode": "train", "epoch": 40}
{"loss": 0.178863987326622, "acc": 0.935512363910675, "length": 4.0, "mode": "test", "epoch": 40}
{"loss": 0.15087787806987762, "acc": 0.944212794303894, "length": 3.9999563694000244, "mode": "train", "epoch": 41}
{"loss": 0.18406590819358826, "acc": 0.9376325011253357, "length": 4.0, "mode": "test", "epoch": 41}
{"loss": 0.1510676145553589, "acc": 0.9418531656265259, "length": 3.9999876022338867, "mode": "train", "epoch": 42}
{"loss": 0.1615423560142517, "acc": 0.944699764251709, "length": 4.0, "mode": "test", "epoch": 42}
{"loss": 0.14939557015895844, "acc": 0.9462798237800598, "length": 3.999948740005493, "mode": "train", "epoch": 43}
{"loss": 0.16218720376491547, "acc": 0.9365726113319397, "length": 4.0, "mode": "test", "epoch": 43}
{"loss": 0.14445550739765167, "acc": 0.944687008857727, "length": 3.9999890327453613, "mode": "train", "epoch": 44}
{"loss": 0.16517332196235657, "acc": 0.9409894347190857, "length": 4.0, "mode": "test", "epoch": 44}
{"loss": 0.15257355570793152, "acc": 0.9404364824295044, "length": 3.999985933303833, "mode": "train", "epoch": 45}
{"loss": 0.18687261641025543, "acc": 0.9348058104515076, "length": 4.0, "mode": "test", "epoch": 45}
{"loss": 0.1491428166627884, "acc": 0.9444297552108765, "length": 3.999074935913086, "mode": "train", "epoch": 46}
{"loss": 0.17349369823932648, "acc": 0.9411661028862, "length": 4.0, "mode": "test", "epoch": 46}
{"loss": 0.15006913244724274, "acc": 0.9408485293388367, "length": 3.999868631362915, "mode": "train", "epoch": 47}
{"loss": 0.16720032691955566, "acc": 0.9416959881782532, "length": 4.0, "mode": "test", "epoch": 47}
{"loss": 0.13914242386817932, "acc": 0.9451584219932556, "length": 3.9999709129333496, "mode": "train", "epoch": 48}
{"loss": 0.17559385299682617, "acc": 0.9406360983848572, "length": 4.0, "mode": "test", "epoch": 48}
{"loss": 0.1311139315366745, "acc": 0.9505310654640198, "length": 3.9999935626983643, "mode": "train", "epoch": 49}
{"loss": 0.1622132509946823, "acc": 0.9441694617271423, "length": 4.0, "mode": "test", "epoch": 49}
{"loss": 0.1451808661222458, "acc": 0.9443732500076294, "length": 3.99960994720459, "mode": "train", "epoch": 50}
{"loss": 0.17838063836097717, "acc": 0.9392226934432983, "length": 4.0, "mode": "test", "epoch": 50}
{"loss": 0.13252662122249603, "acc": 0.948288083076477, "length": 3.9999983310699463, "mode": "train", "epoch": 51}
{"loss": 0.16461266577243805, "acc": 0.9434627890586853, "length": 4.0, "mode": "test", "epoch": 51}
{"loss": 0.14054831862449646, "acc": 0.9452182650566101, "length": 3.9999942779541016, "mode": "train", "epoch": 52}
{"loss": 0.18357065320014954, "acc": 0.9332154393196106, "length": 4.0, "mode": "test", "epoch": 52}
{"loss": 0.1501888781785965, "acc": 0.9419711232185364, "length": 3.999985933303833, "mode": "train", "epoch": 53}
{"loss": 0.1702977865934372, "acc": 0.938869297504425, "length": 4.0, "mode": "test", "epoch": 53}
{"loss": 0.13236476480960846, "acc": 0.9515935778617859, "length": 3.9999916553497314, "mode": "train", "epoch": 54}
{"loss": 0.14413151144981384, "acc": 0.9478798508644104, "length": 4.0, "mode": "test", "epoch": 54}
{"loss": 0.126226007938385, "acc": 0.9503542184829712, "length": 3.999997615814209, "mode": "train", "epoch": 55}
{"loss": 0.14601102471351624, "acc": 0.952296793460846, "length": 4.0, "mode": "test", "epoch": 55}
{"loss": 0.12320718914270401, "acc": 0.9525381922721863, "length": 3.999986171722412, "mode": "train", "epoch": 56}
{"loss": 0.1414324790239334, "acc": 0.9503533840179443, "length": 4.0, "mode": "test", "epoch": 56}
{"loss": 0.12144391983747482, "acc": 0.9530102610588074, "length": 3.9999945163726807, "mode": "train", "epoch": 57}
{"loss": 0.1575324684381485, "acc": 0.945406436920166, "length": 4.0, "mode": "test", "epoch": 57}
{"loss": 0.12468298524618149, "acc": 0.9502359628677368, "length": 3.999995470046997, "mode": "train", "epoch": 58}
{"loss": 0.15937495231628418, "acc": 0.9461131691932678, "length": 4.0, "mode": "test", "epoch": 58}
{"loss": 0.13018320500850677, "acc": 0.9483469724655151, "length": 3.9999866485595703, "mode": "train", "epoch": 59}
{"loss": 0.14076478779315948, "acc": 0.9503533840179443, "length": 4.0, "mode": "test", "epoch": 59}
{"loss": 0.12874838709831238, "acc": 0.9506490230560303, "length": 3.999990463256836, "mode": "train", "epoch": 60}
{"loss": 0.15403659641742706, "acc": 0.9491166472434998, "length": 4.0, "mode": "test", "epoch": 60}
test accuracy: 0.8717741966247559
