# ["--attributes=3", "--values=16", "--game_size=10", "--vocab_size_factor=3", "--n_epochs=60", "--batch_size=32", "--learning_rate=0.0005", "--hidden_size=128", "--temp_update=0.99", "--temperature=1"]
Creating train_ds and val_ds...

Creating test_ds...
{"loss": 0.6934103965759277, "acc": 0.5312686562538147, "length": 3.453545570373535, "mode": "train", "epoch": 1}
{"loss": 0.6720250248908997, "acc": 0.592806875705719, "length": 1.7844523191452026, "mode": "test", "epoch": 1}
{"loss": 0.6783888936042786, "acc": 0.5734599232673645, "length": 3.226579427719116, "mode": "train", "epoch": 2}
{"loss": 0.6340463757514954, "acc": 0.6969189643859863, "length": 3.6007068157196045, "mode": "test", "epoch": 2}
{"loss": 0.6045136451721191, "acc": 0.6889683604240417, "length": 3.6763126850128174, "mode": "train", "epoch": 3}
{"loss": 0.5683647394180298, "acc": 0.6950861811637878, "length": 3.9964663982391357, "mode": "test", "epoch": 3}
{"loss": 0.519112229347229, "acc": 0.7450671195983887, "length": 3.820786714553833, "mode": "train", "epoch": 4}
{"loss": 0.4819506108760834, "acc": 0.790459394454956, "length": 4.0, "mode": "test", "epoch": 4}
{"loss": 0.43321487307548523, "acc": 0.8081667423248291, "length": 3.947608232498169, "mode": "train", "epoch": 5}
{"loss": 0.42928779125213623, "acc": 0.8123674988746643, "length": 4.0, "mode": "test", "epoch": 5}
{"loss": 0.3777956962585449, "acc": 0.8321974277496338, "length": 3.976430654525757, "mode": "train", "epoch": 6}
{"loss": 0.3911294937133789, "acc": 0.8243816494941711, "length": 4.0, "mode": "test", "epoch": 6}
{"loss": 0.3478311598300934, "acc": 0.8525513410568237, "length": 3.9840469360351562, "mode": "train", "epoch": 7}
{"loss": 0.37425845861434937, "acc": 0.8468198776245117, "length": 4.0, "mode": "test", "epoch": 7}
{"loss": 0.32964617013931274, "acc": 0.864418625831604, "length": 3.9831314086914062, "mode": "train", "epoch": 8}
{"loss": 0.3667643666267395, "acc": 0.8491166830062866, "length": 4.0, "mode": "test", "epoch": 8}
{"loss": 0.307882696390152, "acc": 0.8750020265579224, "length": 3.9878299236297607, "mode": "train", "epoch": 9}
{"loss": 0.35465019941329956, "acc": 0.8508835434913635, "length": 4.0, "mode": "test", "epoch": 9}
{"loss": 0.3034045696258545, "acc": 0.8762901425361633, "length": 3.99330472946167, "mode": "train", "epoch": 10}
{"loss": 0.34615856409072876, "acc": 0.8574205040931702, "length": 4.0, "mode": "test", "epoch": 10}
{"loss": 0.2919904589653015, "acc": 0.8800969123840332, "length": 3.9941039085388184, "mode": "train", "epoch": 11}
{"loss": 0.3291224539279938, "acc": 0.8530035614967346, "length": 4.0, "mode": "test", "epoch": 11}
{"loss": 0.2854548394680023, "acc": 0.8845231533050537, "length": 3.995105743408203, "mode": "train", "epoch": 12}
{"loss": 0.32943254709243774, "acc": 0.8519434332847595, "length": 4.0, "mode": "test", "epoch": 12}
{"loss": 0.27741703391075134, "acc": 0.8850361108779907, "length": 3.9969475269317627, "mode": "train", "epoch": 13}
{"loss": 0.3259366750717163, "acc": 0.861484169960022, "length": 4.0, "mode": "test", "epoch": 13}
{"loss": 0.2662733495235443, "acc": 0.8930421471595764, "length": 3.9956893920898438, "mode": "train", "epoch": 14}
{"loss": 0.31533125042915344, "acc": 0.8683746457099915, "length": 4.0, "mode": "test", "epoch": 14}
{"loss": 0.25767698884010315, "acc": 0.8961083889007568, "length": 3.9970719814300537, "mode": "train", "epoch": 15}
{"loss": 0.30302947759628296, "acc": 0.8848057389259338, "length": 4.0, "mode": "test", "epoch": 15}
{"loss": 0.2511588931083679, "acc": 0.9038964509963989, "length": 3.9957919120788574, "mode": "train", "epoch": 16}
{"loss": 0.30262619256973267, "acc": 0.8816254734992981, "length": 4.0, "mode": "test", "epoch": 16}
{"loss": 0.24562862515449524, "acc": 0.9043896198272705, "length": 3.9978010654449463, "mode": "train", "epoch": 17}
{"loss": 0.30168217420578003, "acc": 0.8810953497886658, "length": 4.0, "mode": "test", "epoch": 17}
{"loss": 0.24021212756633759, "acc": 0.9053443670272827, "length": 3.996397018432617, "mode": "train", "epoch": 18}
{"loss": 0.30293941497802734, "acc": 0.8828620910644531, "length": 4.0, "mode": "test", "epoch": 18}
{"loss": 0.23879170417785645, "acc": 0.9083027839660645, "length": 3.996507167816162, "mode": "train", "epoch": 19}
{"loss": 0.30700936913490295, "acc": 0.8904592394828796, "length": 4.0, "mode": "test", "epoch": 19}
{"loss": 0.22818198800086975, "acc": 0.9137315154075623, "length": 3.9987001419067383, "mode": "train", "epoch": 20}
{"loss": 0.3007239103317261, "acc": 0.8835689425468445, "length": 4.0, "mode": "test", "epoch": 20}
{"loss": 0.22599244117736816, "acc": 0.9106082916259766, "length": 3.9990274906158447, "mode": "train", "epoch": 21}
{"loss": 0.2999415993690491, "acc": 0.8922262191772461, "length": 4.0, "mode": "test", "epoch": 21}
{"loss": 0.222758486866951, "acc": 0.9153785109519958, "length": 3.9982335567474365, "mode": "train", "epoch": 22}
{"loss": 0.2995583117008209, "acc": 0.8844522833824158, "length": 4.0, "mode": "test", "epoch": 22}
{"loss": 0.21921099722385406, "acc": 0.9173017740249634, "length": 3.9974727630615234, "mode": "train", "epoch": 23}
{"loss": 0.29124686121940613, "acc": 0.8938161730766296, "length": 4.0, "mode": "test", "epoch": 23}
{"loss": 0.21657200157642365, "acc": 0.912786602973938, "length": 3.999016523361206, "mode": "train", "epoch": 24}
{"loss": 0.2804478704929352, "acc": 0.8945230841636658, "length": 4.0, "mode": "test", "epoch": 24}
{"loss": 0.21838656067848206, "acc": 0.9169915318489075, "length": 3.999375104904175, "mode": "train", "epoch": 25}
{"loss": 0.27997127175331116, "acc": 0.8925794959068298, "length": 4.0, "mode": "test", "epoch": 25}
{"loss": 0.21288268268108368, "acc": 0.9135414958000183, "length": 3.9966444969177246, "mode": "train", "epoch": 26}
{"loss": 0.2877613604068756, "acc": 0.8945230841636658, "length": 4.0, "mode": "test", "epoch": 26}
{"loss": 0.2112610936164856, "acc": 0.9157565236091614, "length": 3.998713970184326, "mode": "train", "epoch": 27}
{"loss": 0.29813244938850403, "acc": 0.8878092169761658, "length": 4.0, "mode": "test", "epoch": 27}
{"loss": 0.20887915790081024, "acc": 0.9166334271430969, "length": 3.998528003692627, "mode": "train", "epoch": 28}
{"loss": 0.2861610949039459, "acc": 0.8906360864639282, "length": 4.0, "mode": "test", "epoch": 28}
{"loss": 0.2047795206308365, "acc": 0.9187728762626648, "length": 3.9974148273468018, "mode": "train", "epoch": 29}
{"loss": 0.2963842451572418, "acc": 0.890989363193512, "length": 4.0, "mode": "test", "epoch": 29}
{"loss": 0.20556232333183289, "acc": 0.9186014533042908, "length": 3.9978652000427246, "mode": "train", "epoch": 30}
{"loss": 0.2786540389060974, "acc": 0.8922260999679565, "length": 4.0, "mode": "test", "epoch": 30}
{"loss": 0.2038201540708542, "acc": 0.9191511273384094, "length": 3.998080253601074, "mode": "train", "epoch": 31}
{"loss": 0.2915584146976471, "acc": 0.8897526264190674, "length": 4.0, "mode": "test", "epoch": 31}
{"loss": 0.19797326624393463, "acc": 0.9184731841087341, "length": 3.9997010231018066, "mode": "train", "epoch": 32}
{"loss": 0.2848210334777832, "acc": 0.8932862877845764, "length": 4.0, "mode": "test", "epoch": 32}
{"loss": 0.18641555309295654, "acc": 0.9267958402633667, "length": 3.999769687652588, "mode": "train", "epoch": 33}
{"loss": 0.2711011469364166, "acc": 0.8978796601295471, "length": 4.0, "mode": "test", "epoch": 33}
{"loss": 0.18617798388004303, "acc": 0.9262050986289978, "length": 3.9997100830078125, "mode": "train", "epoch": 34}
{"loss": 0.27632272243499756, "acc": 0.8961130380630493, "length": 4.0, "mode": "test", "epoch": 34}
{"loss": 0.1832548975944519, "acc": 0.9265479445457458, "length": 3.9994583129882812, "mode": "train", "epoch": 35}
{"loss": 0.25228351354599, "acc": 0.9008834958076477, "length": 4.0, "mode": "test", "epoch": 35}
{"loss": 0.18292081356048584, "acc": 0.9274165034294128, "length": 3.998800277709961, "mode": "train", "epoch": 36}
{"loss": 0.2528842091560364, "acc": 0.8991165161132812, "length": 4.0, "mode": "test", "epoch": 36}
{"loss": 0.17248259484767914, "acc": 0.9291556477546692, "length": 3.999690532684326, "mode": "train", "epoch": 37}
{"loss": 0.26389825344085693, "acc": 0.8994699716567993, "length": 4.0, "mode": "test", "epoch": 37}
{"loss": 0.17199385166168213, "acc": 0.9311037659645081, "length": 3.999663829803467, "mode": "train", "epoch": 38}
{"loss": 0.25298088788986206, "acc": 0.9060070514678955, "length": 4.0, "mode": "test", "epoch": 38}
{"loss": 0.17516136169433594, "acc": 0.9313858151435852, "length": 3.9991488456726074, "mode": "train", "epoch": 39}
{"loss": 0.2567466199398041, "acc": 0.8904593586921692, "length": 4.0, "mode": "test", "epoch": 39}
{"loss": 0.16391655802726746, "acc": 0.9326992034912109, "length": 3.9991793632507324, "mode": "train", "epoch": 40}
{"loss": 0.27295511960983276, "acc": 0.8941696882247925, "length": 4.0, "mode": "test", "epoch": 40}
{"loss": 0.16486303508281708, "acc": 0.9370085597038269, "length": 3.9998178482055664, "mode": "train", "epoch": 41}
{"loss": 0.25232452154159546, "acc": 0.8982332348823547, "length": 4.0, "mode": "test", "epoch": 41}
{"loss": 0.15428315103054047, "acc": 0.9392516016960144, "length": 3.999812602996826, "mode": "train", "epoch": 42}
{"loss": 0.23850642144680023, "acc": 0.9141343235969543, "length": 4.0, "mode": "test", "epoch": 42}
{"loss": 0.15561111271381378, "acc": 0.9407192468643188, "length": 3.9995291233062744, "mode": "train", "epoch": 43}
{"loss": 0.2413303405046463, "acc": 0.9091871380805969, "length": 4.0, "mode": "test", "epoch": 43}
{"loss": 0.1491486132144928, "acc": 0.943854808807373, "length": 3.999782085418701, "mode": "train", "epoch": 44}
{"loss": 0.24637958407402039, "acc": 0.9123675227165222, "length": 4.0, "mode": "test", "epoch": 44}
{"loss": 0.1465064138174057, "acc": 0.9453328251838684, "length": 3.9998443126678467, "mode": "train", "epoch": 45}
{"loss": 0.2355196177959442, "acc": 0.9107772707939148, "length": 4.0, "mode": "test", "epoch": 45}
{"loss": 0.14568239450454712, "acc": 0.9453913569450378, "length": 3.99923038482666, "mode": "train", "epoch": 46}
{"loss": 0.2501868009567261, "acc": 0.9148410558700562, "length": 4.0, "mode": "test", "epoch": 46}
{"loss": 0.14018283784389496, "acc": 0.9478080868721008, "length": 3.999340772628784, "mode": "train", "epoch": 47}
{"loss": 0.2342456728219986, "acc": 0.916784405708313, "length": 4.0, "mode": "test", "epoch": 47}
{"loss": 0.144765242934227, "acc": 0.9462854862213135, "length": 3.998309373855591, "mode": "train", "epoch": 48}
{"loss": 0.2529412508010864, "acc": 0.912720799446106, "length": 4.0, "mode": "test", "epoch": 48}
{"loss": 0.14375519752502441, "acc": 0.9455024003982544, "length": 3.999737024307251, "mode": "train", "epoch": 49}
{"loss": 0.22369477152824402, "acc": 0.9183745384216309, "length": 4.0, "mode": "test", "epoch": 49}
{"loss": 0.139069065451622, "acc": 0.9450375437736511, "length": 3.999844551086426, "mode": "train", "epoch": 50}
{"loss": 0.22118297219276428, "acc": 0.9166078567504883, "length": 4.0, "mode": "test", "epoch": 50}
{"loss": 0.13153806328773499, "acc": 0.9482224583625793, "length": 3.9998064041137695, "mode": "train", "epoch": 51}
{"loss": 0.2337139993906021, "acc": 0.9144877195358276, "length": 4.0, "mode": "test", "epoch": 51}
{"loss": 0.12936118245124817, "acc": 0.9540116190910339, "length": 3.999910354614258, "mode": "train", "epoch": 52}
{"loss": 0.24085171520709991, "acc": 0.9157243371009827, "length": 4.0, "mode": "test", "epoch": 52}
{"loss": 0.1334228366613388, "acc": 0.9491084814071655, "length": 3.9997830390930176, "mode": "train", "epoch": 53}
{"loss": 0.21783342957496643, "acc": 0.920141339302063, "length": 4.0, "mode": "test", "epoch": 53}
{"loss": 0.13192282617092133, "acc": 0.950057864189148, "length": 3.9999542236328125, "mode": "train", "epoch": 54}
{"loss": 0.2591513693332672, "acc": 0.9098939895629883, "length": 4.0, "mode": "test", "epoch": 54}
{"loss": 0.13199099898338318, "acc": 0.9463241100311279, "length": 3.9996132850646973, "mode": "train", "epoch": 55}
{"loss": 0.22366595268249512, "acc": 0.9196112155914307, "length": 4.0, "mode": "test", "epoch": 55}
{"loss": 0.12741243839263916, "acc": 0.9515336155891418, "length": 3.999959945678711, "mode": "train", "epoch": 56}
{"loss": 0.2146230787038803, "acc": 0.9199646711349487, "length": 4.0, "mode": "test", "epoch": 56}
{"loss": 0.12863676249980927, "acc": 0.9495259523391724, "length": 3.99990177154541, "mode": "train", "epoch": 57}
{"loss": 0.21961037814617157, "acc": 0.9174910187721252, "length": 4.0, "mode": "test", "epoch": 57}
{"loss": 0.1308339685201645, "acc": 0.949998676776886, "length": 3.999966859817505, "mode": "train", "epoch": 58}
{"loss": 0.19758066534996033, "acc": 0.9279152154922485, "length": 4.0, "mode": "test", "epoch": 58}
{"loss": 0.12948697805404663, "acc": 0.9534133672714233, "length": 3.999739646911621, "mode": "train", "epoch": 59}
{"loss": 0.26526883244514465, "acc": 0.9185512661933899, "length": 4.0, "mode": "test", "epoch": 59}
{"loss": 0.12638404965400696, "acc": 0.9519469141960144, "length": 3.999957799911499, "mode": "train", "epoch": 60}
{"loss": 0.22337694466114044, "acc": 0.9215548634529114, "length": 4.0, "mode": "test", "epoch": 60}
test accuracy: 0.751129150390625
