# ["--attributes=3", "--values=16", "--game_size=10", "--vocab_size_factor=3", "--n_epochs=60", "--batch_size=32", "--learning_rate=0.0005", "--hidden_size=128", "--temp_update=0.99", "--temperature=1.5"]
Creating train_ds and val_ds...

Creating test_ds...
{"loss": 0.6938170790672302, "acc": 0.5311744809150696, "length": 3.520181894302368, "mode": "train", "epoch": 1}
{"loss": 0.6897124648094177, "acc": 0.5534364581108093, "length": 1.2817869186401367, "mode": "test", "epoch": 1}
{"loss": 0.6832768321037292, "acc": 0.5818719267845154, "length": 3.3425698280334473, "mode": "train", "epoch": 2}
{"loss": 0.6610762476921082, "acc": 0.6573202610015869, "length": 3.2886598110198975, "mode": "test", "epoch": 2}
{"loss": 0.6084796190261841, "acc": 0.704647958278656, "length": 3.5925374031066895, "mode": "train", "epoch": 3}
{"loss": 0.553396463394165, "acc": 0.7474226951599121, "length": 4.0, "mode": "test", "epoch": 3}
{"loss": 0.48664164543151855, "acc": 0.7825606465339661, "length": 3.888296365737915, "mode": "train", "epoch": 4}
{"loss": 0.532425045967102, "acc": 0.7750858664512634, "length": 4.0, "mode": "test", "epoch": 4}
{"loss": 0.45333147048950195, "acc": 0.7976376414299011, "length": 3.9609975814819336, "mode": "train", "epoch": 5}
{"loss": 0.512294590473175, "acc": 0.7823023796081543, "length": 4.0, "mode": "test", "epoch": 5}
{"loss": 0.4369345009326935, "acc": 0.8045935034751892, "length": 3.9747259616851807, "mode": "train", "epoch": 6}
{"loss": 0.5053727626800537, "acc": 0.7917526364326477, "length": 4.0, "mode": "test", "epoch": 6}
{"loss": 0.420059472322464, "acc": 0.801578164100647, "length": 3.9793012142181396, "mode": "train", "epoch": 7}
{"loss": 0.49294939637184143, "acc": 0.7915807962417603, "length": 4.0, "mode": "test", "epoch": 7}
{"loss": 0.40572065114974976, "acc": 0.8143581748008728, "length": 3.980881452560425, "mode": "train", "epoch": 8}
{"loss": 0.5026698708534241, "acc": 0.7926116585731506, "length": 4.0, "mode": "test", "epoch": 8}
{"loss": 0.3954962491989136, "acc": 0.8197157979011536, "length": 3.9870967864990234, "mode": "train", "epoch": 9}
{"loss": 0.48770514130592346, "acc": 0.8029208779335022, "length": 4.0, "mode": "test", "epoch": 9}
{"loss": 0.3794003129005432, "acc": 0.8388657569885254, "length": 3.9904024600982666, "mode": "train", "epoch": 10}
{"loss": 0.4910096228122711, "acc": 0.8024055361747742, "length": 4.0, "mode": "test", "epoch": 10}
{"loss": 0.3695768117904663, "acc": 0.8386108875274658, "length": 3.9895365238189697, "mode": "train", "epoch": 11}
{"loss": 0.4655620753765106, "acc": 0.8060137033462524, "length": 4.0, "mode": "test", "epoch": 11}
{"loss": 0.35148394107818604, "acc": 0.8465955257415771, "length": 3.991903781890869, "mode": "train", "epoch": 12}
{"loss": 0.4706375300884247, "acc": 0.811168372631073, "length": 4.0, "mode": "test", "epoch": 12}
{"loss": 0.34482720494270325, "acc": 0.8557546138763428, "length": 3.993206024169922, "mode": "train", "epoch": 13}
{"loss": 0.4769962728023529, "acc": 0.8080756068229675, "length": 4.0, "mode": "test", "epoch": 13}
{"loss": 0.3264469504356384, "acc": 0.8594604134559631, "length": 3.9933876991271973, "mode": "train", "epoch": 14}
{"loss": 0.45153331756591797, "acc": 0.8309277892112732, "length": 4.0, "mode": "test", "epoch": 14}
{"loss": 0.3221814036369324, "acc": 0.8611316680908203, "length": 3.995574951171875, "mode": "train", "epoch": 15}
{"loss": 0.4404922127723694, "acc": 0.8187285661697388, "length": 4.0, "mode": "test", "epoch": 15}
{"loss": 0.3127085566520691, "acc": 0.8699507713317871, "length": 3.9961650371551514, "mode": "train", "epoch": 16}
{"loss": 0.4036421477794647, "acc": 0.8508591055870056, "length": 4.0, "mode": "test", "epoch": 16}
{"loss": 0.3000522553920746, "acc": 0.8825394511222839, "length": 3.9965052604675293, "mode": "train", "epoch": 17}
{"loss": 0.38946816325187683, "acc": 0.8556700348854065, "length": 4.0, "mode": "test", "epoch": 17}
{"loss": 0.292242169380188, "acc": 0.883572518825531, "length": 3.9962682723999023, "mode": "train", "epoch": 18}
{"loss": 0.37328386306762695, "acc": 0.8634020090103149, "length": 4.0, "mode": "test", "epoch": 18}
{"loss": 0.28188201785087585, "acc": 0.8886870741844177, "length": 3.996797561645508, "mode": "train", "epoch": 19}
{"loss": 0.38558539748191833, "acc": 0.8692439198493958, "length": 4.0, "mode": "test", "epoch": 19}
{"loss": 0.2765604257583618, "acc": 0.8929121494293213, "length": 3.997002601623535, "mode": "train", "epoch": 20}
{"loss": 0.3768245279788971, "acc": 0.8723368644714355, "length": 4.0, "mode": "test", "epoch": 20}
{"loss": 0.27759480476379395, "acc": 0.891672670841217, "length": 3.9979381561279297, "mode": "train", "epoch": 21}
{"loss": 0.37561604380607605, "acc": 0.8682129979133606, "length": 4.0, "mode": "test", "epoch": 21}
{"loss": 0.2710488438606262, "acc": 0.8949885368347168, "length": 3.9972054958343506, "mode": "train", "epoch": 22}
{"loss": 0.367156982421875, "acc": 0.8754294514656067, "length": 4.0, "mode": "test", "epoch": 22}
{"loss": 0.25892138481140137, "acc": 0.8979412913322449, "length": 3.9976747035980225, "mode": "train", "epoch": 23}
{"loss": 0.35332998633384705, "acc": 0.8771478533744812, "length": 4.0, "mode": "test", "epoch": 23}
{"loss": 0.2542870044708252, "acc": 0.9020617604255676, "length": 3.9976747035980225, "mode": "train", "epoch": 24}
{"loss": 0.3589404225349426, "acc": 0.8728522658348083, "length": 4.0, "mode": "test", "epoch": 24}
{"loss": 0.253248006105423, "acc": 0.9019121527671814, "length": 3.998171091079712, "mode": "train", "epoch": 25}
{"loss": 0.3471502363681793, "acc": 0.8881442546844482, "length": 4.0, "mode": "test", "epoch": 25}
{"loss": 0.25075191259384155, "acc": 0.9012148380279541, "length": 3.998154401779175, "mode": "train", "epoch": 26}
{"loss": 0.35716891288757324, "acc": 0.8773196339607239, "length": 4.0, "mode": "test", "epoch": 26}
{"loss": 0.23855538666248322, "acc": 0.9054379463195801, "length": 3.9987778663635254, "mode": "train", "epoch": 27}
{"loss": 0.37152600288391113, "acc": 0.8738832473754883, "length": 4.0, "mode": "test", "epoch": 27}
{"loss": 0.23787930607795715, "acc": 0.9070965051651001, "length": 3.9980950355529785, "mode": "train", "epoch": 28}
{"loss": 0.3563069701194763, "acc": 0.8768042325973511, "length": 4.0, "mode": "test", "epoch": 28}
{"loss": 0.23440711200237274, "acc": 0.9049084782600403, "length": 3.998358964920044, "mode": "train", "epoch": 29}
{"loss": 0.35131412744522095, "acc": 0.8706185221672058, "length": 4.0, "mode": "test", "epoch": 29}
{"loss": 0.2296411246061325, "acc": 0.904387354850769, "length": 3.99843430519104, "mode": "train", "epoch": 30}
{"loss": 0.34110918641090393, "acc": 0.874742329120636, "length": 4.0, "mode": "test", "epoch": 30}
{"loss": 0.23076359927654266, "acc": 0.9104416966438293, "length": 3.9986143112182617, "mode": "train", "epoch": 31}
{"loss": 0.3406353294849396, "acc": 0.8769760131835938, "length": 4.0, "mode": "test", "epoch": 31}
{"loss": 0.22477175295352936, "acc": 0.9117041826248169, "length": 3.9989535808563232, "mode": "train", "epoch": 32}
{"loss": 0.35199984908103943, "acc": 0.8745704889297485, "length": 4.0, "mode": "test", "epoch": 32}
{"loss": 0.2114519476890564, "acc": 0.9156132936477661, "length": 3.9979681968688965, "mode": "train", "epoch": 33}
{"loss": 0.33053913712501526, "acc": 0.8793813586235046, "length": 4.0, "mode": "test", "epoch": 33}
{"loss": 0.2092745453119278, "acc": 0.9133166074752808, "length": 3.998615026473999, "mode": "train", "epoch": 34}
{"loss": 0.3403610289096832, "acc": 0.8807560801506042, "length": 4.0, "mode": "test", "epoch": 34}
{"loss": 0.21563343703746796, "acc": 0.9160653948783875, "length": 3.9987540245056152, "mode": "train", "epoch": 35}
{"loss": 0.325460284948349, "acc": 0.8878006935119629, "length": 4.0, "mode": "test", "epoch": 35}
{"loss": 0.20029181241989136, "acc": 0.9181534647941589, "length": 3.998081684112549, "mode": "train", "epoch": 36}
{"loss": 0.3249641954898834, "acc": 0.8841924071311951, "length": 4.0, "mode": "test", "epoch": 36}
{"loss": 0.191885307431221, "acc": 0.9200838208198547, "length": 3.9986464977264404, "mode": "train", "epoch": 37}
{"loss": 0.31969884037971497, "acc": 0.8905497789382935, "length": 4.0, "mode": "test", "epoch": 37}
{"loss": 0.18872205913066864, "acc": 0.9219947457313538, "length": 3.998778820037842, "mode": "train", "epoch": 38}
{"loss": 0.30966684222221375, "acc": 0.8878006935119629, "length": 4.0, "mode": "test", "epoch": 38}
{"loss": 0.1894952803850174, "acc": 0.925377368927002, "length": 3.9989352226257324, "mode": "train", "epoch": 39}
{"loss": 0.3011126220226288, "acc": 0.8970789909362793, "length": 4.0, "mode": "test", "epoch": 39}
{"loss": 0.18862397968769073, "acc": 0.9260826110839844, "length": 3.9991543292999268, "mode": "train", "epoch": 40}
{"loss": 0.29569628834724426, "acc": 0.907216489315033, "length": 4.0, "mode": "test", "epoch": 40}
{"loss": 0.1872347742319107, "acc": 0.9248855710029602, "length": 3.999269485473633, "mode": "train", "epoch": 41}
{"loss": 0.30309635400772095, "acc": 0.9054982662200928, "length": 4.0, "mode": "test", "epoch": 41}
{"loss": 0.1762203425168991, "acc": 0.9302324056625366, "length": 3.999385356903076, "mode": "train", "epoch": 42}
{"loss": 0.30490952730178833, "acc": 0.9085910320281982, "length": 4.0, "mode": "test", "epoch": 42}
{"loss": 0.16795714199543, "acc": 0.9372876286506653, "length": 3.9982895851135254, "mode": "train", "epoch": 43}
{"loss": 0.3146679103374481, "acc": 0.8967353105545044, "length": 4.0, "mode": "test", "epoch": 43}
{"loss": 0.16360512375831604, "acc": 0.9375109672546387, "length": 3.998811721801758, "mode": "train", "epoch": 44}
{"loss": 0.2822062075138092, "acc": 0.9199312925338745, "length": 4.0, "mode": "test", "epoch": 44}
{"loss": 0.16164302825927734, "acc": 0.9376039505004883, "length": 3.9993021488189697, "mode": "train", "epoch": 45}
{"loss": 0.3157992362976074, "acc": 0.9085910320281982, "length": 4.0, "mode": "test", "epoch": 45}
{"loss": 0.16013450920581818, "acc": 0.9362371563911438, "length": 3.998790979385376, "mode": "train", "epoch": 46}
{"loss": 0.297351598739624, "acc": 0.9022336602210999, "length": 4.0, "mode": "test", "epoch": 46}
{"loss": 0.15853972733020782, "acc": 0.9412968158721924, "length": 3.999669075012207, "mode": "train", "epoch": 47}
{"loss": 0.30398091673851013, "acc": 0.9151203632354736, "length": 4.0, "mode": "test", "epoch": 47}
{"loss": 0.152328759431839, "acc": 0.9418782591819763, "length": 3.9998011589050293, "mode": "train", "epoch": 48}
{"loss": 0.28353339433670044, "acc": 0.9228522181510925, "length": 4.0, "mode": "test", "epoch": 48}
{"loss": 0.15283380448818207, "acc": 0.939673125743866, "length": 3.9994421005249023, "mode": "train", "epoch": 49}
{"loss": 0.2855015695095062, "acc": 0.9218212962150574, "length": 4.0, "mode": "test", "epoch": 49}
{"loss": 0.15319423377513885, "acc": 0.9411712288856506, "length": 3.999417781829834, "mode": "train", "epoch": 50}
{"loss": 0.28328078985214233, "acc": 0.9226804375648499, "length": 4.0, "mode": "test", "epoch": 50}
{"loss": 0.14173388481140137, "acc": 0.9488419890403748, "length": 3.9998373985290527, "mode": "train", "epoch": 51}
{"loss": 0.31918808817863464, "acc": 0.9187285304069519, "length": 4.0, "mode": "test", "epoch": 51}
{"loss": 0.14600048959255219, "acc": 0.9438171982765198, "length": 3.998497247695923, "mode": "train", "epoch": 52}
{"loss": 0.2992565333843231, "acc": 0.9185567498207092, "length": 4.0, "mode": "test", "epoch": 52}
{"loss": 0.13727779686450958, "acc": 0.9500413537025452, "length": 3.9997904300689697, "mode": "train", "epoch": 53}
{"loss": 0.3241134583950043, "acc": 0.9242267608642578, "length": 4.0, "mode": "test", "epoch": 53}
{"loss": 0.14564549922943115, "acc": 0.9471668601036072, "length": 3.9997494220733643, "mode": "train", "epoch": 54}
{"loss": 0.28740474581718445, "acc": 0.9087628126144409, "length": 4.0, "mode": "test", "epoch": 54}
{"loss": 0.14806845784187317, "acc": 0.9445877075195312, "length": 3.9999258518218994, "mode": "train", "epoch": 55}
{"loss": 0.31216922402381897, "acc": 0.9273195862770081, "length": 4.0, "mode": "test", "epoch": 55}
{"loss": 0.14003455638885498, "acc": 0.9484959244728088, "length": 3.9998104572296143, "mode": "train", "epoch": 56}
{"loss": 0.2949345111846924, "acc": 0.9058419466018677, "length": 4.0, "mode": "test", "epoch": 56}
{"loss": 0.14428360760211945, "acc": 0.9453937411308289, "length": 3.999941349029541, "mode": "train", "epoch": 57}
{"loss": 0.3424898087978363, "acc": 0.915463924407959, "length": 4.0, "mode": "test", "epoch": 57}
{"loss": 0.13755649328231812, "acc": 0.9477778077125549, "length": 3.998971700668335, "mode": "train", "epoch": 58}
{"loss": 0.33568406105041504, "acc": 0.9166666865348816, "length": 4.0, "mode": "test", "epoch": 58}
{"loss": 0.1358567625284195, "acc": 0.9447581171989441, "length": 3.999830961227417, "mode": "train", "epoch": 59}
{"loss": 0.3349590301513672, "acc": 0.9223368763923645, "length": 4.0, "mode": "test", "epoch": 59}
{"loss": 0.13185158371925354, "acc": 0.953330934047699, "length": 3.999870538711548, "mode": "train", "epoch": 60}
{"loss": 0.23618237674236298, "acc": 0.9292097091674805, "length": 4.0, "mode": "test", "epoch": 60}
test accuracy: 0.6635714769363403
