# ["--attributes=3", "--values=16", "--game_size=10", "--vocab_size_factor=3", "--n_epochs=60", "--batch_size=32", "--learning_rate=0.0005", "--hidden_size=128", "--temp_update=0.99", "--temperature=2"]
Creating train_ds and val_ds...

Creating test_ds...
{"loss": 0.6945937275886536, "acc": 0.5219876766204834, "length": 3.5655317306518555, "mode": "train", "epoch": 1}
{"loss": 0.6750575304031372, "acc": 0.5702205896377563, "length": 3.4712231159210205, "mode": "test", "epoch": 1}
{"loss": 0.6866561770439148, "acc": 0.5543683171272278, "length": 3.511342763900757, "mode": "train", "epoch": 2}
{"loss": 0.652776300907135, "acc": 0.6485723853111267, "length": 3.9136691093444824, "mode": "test", "epoch": 2}
{"loss": 0.6386511921882629, "acc": 0.6584051847457886, "length": 3.713804006576538, "mode": "train", "epoch": 3}
{"loss": 0.5679662227630615, "acc": 0.7384892106056213, "length": 4.0, "mode": "test", "epoch": 3}
{"loss": 0.5313254594802856, "acc": 0.7509737014770508, "length": 3.8988664150238037, "mode": "train", "epoch": 4}
{"loss": 0.4944261908531189, "acc": 0.7935251593589783, "length": 4.0, "mode": "test", "epoch": 4}
{"loss": 0.4342023432254791, "acc": 0.8159659504890442, "length": 3.9436264038085938, "mode": "train", "epoch": 5}
{"loss": 0.47060108184814453, "acc": 0.8030575513839722, "length": 4.0, "mode": "test", "epoch": 5}
{"loss": 0.3960981070995331, "acc": 0.8249533176422119, "length": 3.9604105949401855, "mode": "train", "epoch": 6}
{"loss": 0.45003727078437805, "acc": 0.8017986416816711, "length": 4.0, "mode": "test", "epoch": 6}
{"loss": 0.37635985016822815, "acc": 0.8268977403640747, "length": 3.9675405025482178, "mode": "train", "epoch": 7}
{"loss": 0.4459880292415619, "acc": 0.8030575513839722, "length": 4.0, "mode": "test", "epoch": 7}
{"loss": 0.3628215193748474, "acc": 0.8380671739578247, "length": 3.975120782852173, "mode": "train", "epoch": 8}
{"loss": 0.4524732828140259, "acc": 0.7982014417648315, "length": 4.0, "mode": "test", "epoch": 8}
{"loss": 0.35129398107528687, "acc": 0.8431409001350403, "length": 3.9769818782806396, "mode": "train", "epoch": 9}
{"loss": 0.41074907779693604, "acc": 0.8127698302268982, "length": 4.0, "mode": "test", "epoch": 9}
{"loss": 0.32685956358909607, "acc": 0.8604363799095154, "length": 3.98295259475708, "mode": "train", "epoch": 10}
{"loss": 0.4052315354347229, "acc": 0.8327339291572571, "length": 4.0, "mode": "test", "epoch": 10}
{"loss": 0.3045206069946289, "acc": 0.8781995177268982, "length": 3.9862513542175293, "mode": "train", "epoch": 11}
{"loss": 0.39949536323547363, "acc": 0.8446043729782104, "length": 4.0, "mode": "test", "epoch": 11}
{"loss": 0.28433117270469666, "acc": 0.8798438310623169, "length": 3.9871373176574707, "mode": "train", "epoch": 12}
{"loss": 0.4026472866535187, "acc": 0.8476619124412537, "length": 4.0, "mode": "test", "epoch": 12}
{"loss": 0.27624431252479553, "acc": 0.8879804611206055, "length": 3.990039587020874, "mode": "train", "epoch": 13}
{"loss": 0.4071332514286041, "acc": 0.8449639081954956, "length": 4.0, "mode": "test", "epoch": 13}
{"loss": 0.25849539041519165, "acc": 0.8999691009521484, "length": 3.9917972087860107, "mode": "train", "epoch": 14}
{"loss": 0.39175358414649963, "acc": 0.8532373905181885, "length": 4.0, "mode": "test", "epoch": 14}
{"loss": 0.2447298765182495, "acc": 0.9029883146286011, "length": 3.992422342300415, "mode": "train", "epoch": 15}
{"loss": 0.3997943699359894, "acc": 0.8422662615776062, "length": 4.0, "mode": "test", "epoch": 15}
{"loss": 0.2377156764268875, "acc": 0.9054272770881653, "length": 3.994326114654541, "mode": "train", "epoch": 16}
{"loss": 0.39395979046821594, "acc": 0.8507194519042969, "length": 4.0, "mode": "test", "epoch": 16}
{"loss": 0.2346198707818985, "acc": 0.9074286818504333, "length": 3.9950990676879883, "mode": "train", "epoch": 17}
{"loss": 0.3718205690383911, "acc": 0.8647482991218567, "length": 4.0, "mode": "test", "epoch": 17}
{"loss": 0.22405248880386353, "acc": 0.9132066369056702, "length": 3.9958255290985107, "mode": "train", "epoch": 18}
{"loss": 0.3926509916782379, "acc": 0.8539568781852722, "length": 4.0, "mode": "test", "epoch": 18}
{"loss": 0.2172120213508606, "acc": 0.9144188761711121, "length": 3.9963748455047607, "mode": "train", "epoch": 19}
{"loss": 0.3839731514453888, "acc": 0.8548563122749329, "length": 4.0, "mode": "test", "epoch": 19}
{"loss": 0.21644388139247894, "acc": 0.9156702756881714, "length": 3.995938301086426, "mode": "train", "epoch": 20}
{"loss": 0.3821766674518585, "acc": 0.8525180220603943, "length": 4.0, "mode": "test", "epoch": 20}
{"loss": 0.2079310268163681, "acc": 0.9192374348640442, "length": 3.9970309734344482, "mode": "train", "epoch": 21}
{"loss": 0.372066468000412, "acc": 0.8557554483413696, "length": 4.0, "mode": "test", "epoch": 21}
{"loss": 0.20846052467823029, "acc": 0.9167799353599548, "length": 3.997567892074585, "mode": "train", "epoch": 22}
{"loss": 0.34021031856536865, "acc": 0.8758993148803711, "length": 4.0, "mode": "test", "epoch": 22}
{"loss": 0.20298932492733002, "acc": 0.9206198453903198, "length": 3.9973092079162598, "mode": "train", "epoch": 23}
{"loss": 0.3507099151611328, "acc": 0.8767985701560974, "length": 4.0, "mode": "test", "epoch": 23}
{"loss": 0.2015150636434555, "acc": 0.9222466349601746, "length": 3.9973859786987305, "mode": "train", "epoch": 24}
{"loss": 0.33270081877708435, "acc": 0.8712230324745178, "length": 4.0, "mode": "test", "epoch": 24}
{"loss": 0.19832105934619904, "acc": 0.9227961301803589, "length": 3.9981114864349365, "mode": "train", "epoch": 25}
{"loss": 0.32881489396095276, "acc": 0.8803957104682922, "length": 4.0, "mode": "test", "epoch": 25}
{"loss": 0.19721685349941254, "acc": 0.9212404489517212, "length": 3.99806547164917, "mode": "train", "epoch": 26}
{"loss": 0.33161646127700806, "acc": 0.8746404051780701, "length": 4.0, "mode": "test", "epoch": 26}
{"loss": 0.19217470288276672, "acc": 0.924125075340271, "length": 3.9982810020446777, "mode": "train", "epoch": 27}
{"loss": 0.31621888279914856, "acc": 0.8823741674423218, "length": 4.0, "mode": "test", "epoch": 27}
{"loss": 0.18855229020118713, "acc": 0.9258164763450623, "length": 3.998438835144043, "mode": "train", "epoch": 28}
{"loss": 0.35456928610801697, "acc": 0.8690646886825562, "length": 4.0, "mode": "test", "epoch": 28}
{"loss": 0.18716293573379517, "acc": 0.9274948835372925, "length": 3.9984540939331055, "mode": "train", "epoch": 29}
{"loss": 0.307278573513031, "acc": 0.8836332559585571, "length": 4.0, "mode": "test", "epoch": 29}
{"loss": 0.18402749300003052, "acc": 0.9290040135383606, "length": 3.998879909515381, "mode": "train", "epoch": 30}
{"loss": 0.3113527297973633, "acc": 0.8755396604537964, "length": 4.0, "mode": "test", "epoch": 30}
{"loss": 0.1810324490070343, "acc": 0.9274445176124573, "length": 3.998795747756958, "mode": "train", "epoch": 31}
{"loss": 0.31746336817741394, "acc": 0.8836329579353333, "length": 4.0, "mode": "test", "epoch": 31}
{"loss": 0.18496738374233246, "acc": 0.9255160093307495, "length": 3.9986631870269775, "mode": "train", "epoch": 32}
{"loss": 0.33487480878829956, "acc": 0.8778777718544006, "length": 4.0, "mode": "test", "epoch": 32}
{"loss": 0.17512676119804382, "acc": 0.9306317567825317, "length": 3.9989407062530518, "mode": "train", "epoch": 33}
{"loss": 0.31379857659339905, "acc": 0.8836331963539124, "length": 4.0, "mode": "test", "epoch": 33}
{"loss": 0.17454294860363007, "acc": 0.9326136112213135, "length": 3.9990525245666504, "mode": "train", "epoch": 34}
{"loss": 0.3160049319267273, "acc": 0.887050211429596, "length": 4.0, "mode": "test", "epoch": 34}
{"loss": 0.16983447968959808, "acc": 0.9348977208137512, "length": 3.999175548553467, "mode": "train", "epoch": 35}
{"loss": 0.31111282110214233, "acc": 0.8863310217857361, "length": 4.0, "mode": "test", "epoch": 35}
{"loss": 0.17001847922801971, "acc": 0.9359208345413208, "length": 3.9992406368255615, "mode": "train", "epoch": 36}
{"loss": 0.29784655570983887, "acc": 0.8913668990135193, "length": 4.0, "mode": "test", "epoch": 36}
{"loss": 0.16977496445178986, "acc": 0.9332773685455322, "length": 3.9991466999053955, "mode": "train", "epoch": 37}
{"loss": 0.31199195981025696, "acc": 0.8832733035087585, "length": 4.0, "mode": "test", "epoch": 37}
{"loss": 0.1688012331724167, "acc": 0.9335199594497681, "length": 3.9992635250091553, "mode": "train", "epoch": 38}
{"loss": 0.26972368359565735, "acc": 0.8985611200332642, "length": 4.0, "mode": "test", "epoch": 38}
{"loss": 0.16055910289287567, "acc": 0.9362866878509521, "length": 3.999378204345703, "mode": "train", "epoch": 39}
{"loss": 0.2699888050556183, "acc": 0.9039566516876221, "length": 4.0, "mode": "test", "epoch": 39}
{"loss": 0.15275244414806366, "acc": 0.9424105882644653, "length": 3.9992029666900635, "mode": "train", "epoch": 40}
{"loss": 0.25706571340560913, "acc": 0.9052159190177917, "length": 4.0, "mode": "test", "epoch": 40}
{"loss": 0.14914512634277344, "acc": 0.9439167380332947, "length": 3.99930477142334, "mode": "train", "epoch": 41}
{"loss": 0.26096636056900024, "acc": 0.8992805480957031, "length": 4.0, "mode": "test", "epoch": 41}
{"loss": 0.14718317985534668, "acc": 0.9407329559326172, "length": 3.9993832111358643, "mode": "train", "epoch": 42}
{"loss": 0.26609691977500916, "acc": 0.8895683288574219, "length": 4.0, "mode": "test", "epoch": 42}
{"loss": 0.14413833618164062, "acc": 0.9437377452850342, "length": 3.999413013458252, "mode": "train", "epoch": 43}
{"loss": 0.27279138565063477, "acc": 0.8938848972320557, "length": 4.0, "mode": "test", "epoch": 43}
{"loss": 0.14614185690879822, "acc": 0.941757082939148, "length": 3.999459743499756, "mode": "train", "epoch": 44}
{"loss": 0.2661745250225067, "acc": 0.8974819779396057, "length": 4.0, "mode": "test", "epoch": 44}
{"loss": 0.1364486664533615, "acc": 0.9471029043197632, "length": 3.999429225921631, "mode": "train", "epoch": 45}
{"loss": 0.26735642552375793, "acc": 0.896582841873169, "length": 4.0, "mode": "test", "epoch": 45}
{"loss": 0.1358238309621811, "acc": 0.9468641877174377, "length": 3.9994680881500244, "mode": "train", "epoch": 46}
{"loss": 0.23817412555217743, "acc": 0.9057552218437195, "length": 4.0, "mode": "test", "epoch": 46}
{"loss": 0.1374291330575943, "acc": 0.9465020895004272, "length": 3.999480724334717, "mode": "train", "epoch": 47}
{"loss": 0.22750629484653473, "acc": 0.9111511707305908, "length": 4.0, "mode": "test", "epoch": 47}
{"loss": 0.13298535346984863, "acc": 0.9512501955032349, "length": 3.9994125366210938, "mode": "train", "epoch": 48}
{"loss": 0.23391371965408325, "acc": 0.904496431350708, "length": 4.0, "mode": "test", "epoch": 48}
{"loss": 0.13324910402297974, "acc": 0.9487869739532471, "length": 3.9993972778320312, "mode": "train", "epoch": 49}
{"loss": 0.21164529025554657, "acc": 0.913129448890686, "length": 4.0, "mode": "test", "epoch": 49}
{"loss": 0.1317090541124344, "acc": 0.9479440450668335, "length": 3.9993467330932617, "mode": "train", "epoch": 50}
{"loss": 0.2285771667957306, "acc": 0.9134893417358398, "length": 4.0, "mode": "test", "epoch": 50}
{"loss": 0.1250421702861786, "acc": 0.9516707062721252, "length": 3.9992735385894775, "mode": "train", "epoch": 51}
{"loss": 0.2238534539937973, "acc": 0.9097121953964233, "length": 4.0, "mode": "test", "epoch": 51}
{"loss": 0.12140417844057083, "acc": 0.9529324769973755, "length": 3.9993185997009277, "mode": "train", "epoch": 52}
{"loss": 0.20671741664409637, "acc": 0.9190648198127747, "length": 4.0, "mode": "test", "epoch": 52}
{"loss": 0.12258314341306686, "acc": 0.9530516266822815, "length": 3.9993233680725098, "mode": "train", "epoch": 53}
{"loss": 0.21406696736812592, "acc": 0.9165467023849487, "length": 4.0, "mode": "test", "epoch": 53}
{"loss": 0.11933919787406921, "acc": 0.9543597102165222, "length": 3.9989285469055176, "mode": "train", "epoch": 54}
{"loss": 0.2154368907213211, "acc": 0.912050187587738, "length": 4.0, "mode": "test", "epoch": 54}
{"loss": 0.11534787714481354, "acc": 0.9563623070716858, "length": 3.9995970726013184, "mode": "train", "epoch": 55}
{"loss": 0.20681916177272797, "acc": 0.9102518558502197, "length": 4.0, "mode": "test", "epoch": 55}
{"loss": 0.11665275692939758, "acc": 0.9554617404937744, "length": 3.999608039855957, "mode": "train", "epoch": 56}
{"loss": 0.20795764029026031, "acc": 0.9271583557128906, "length": 4.0, "mode": "test", "epoch": 56}
{"loss": 0.11170057207345963, "acc": 0.9593688249588013, "length": 3.999704122543335, "mode": "train", "epoch": 57}
{"loss": 0.21236294507980347, "acc": 0.9190647602081299, "length": 4.0, "mode": "test", "epoch": 57}
{"loss": 0.11746782809495926, "acc": 0.9561843872070312, "length": 3.999656915664673, "mode": "train", "epoch": 58}
{"loss": 0.2184104472398758, "acc": 0.9199639558792114, "length": 4.0, "mode": "test", "epoch": 58}
{"loss": 0.11455661803483963, "acc": 0.9542613625526428, "length": 3.9997129440307617, "mode": "train", "epoch": 59}
{"loss": 0.21840032935142517, "acc": 0.9224820733070374, "length": 4.0, "mode": "test", "epoch": 59}
{"loss": 0.11257611215114594, "acc": 0.9566649794578552, "length": 3.9997658729553223, "mode": "train", "epoch": 60}
{"loss": 0.21323756873607635, "acc": 0.9228417873382568, "length": 4.0, "mode": "test", "epoch": 60}
test accuracy: 0.8663637042045593
