# ["--attributes=3", "--values=16", "--game_size=10", "--vocab_size_factor=3", "--n_epochs=60", "--batch_size=32", "--learning_rate=0.0005", "--hidden_size=256", "--temp_update=0.97", "--temperature=1"]
Creating train_ds and val_ds...

Creating test_ds...
{"loss": 0.7006269693374634, "acc": 0.5024006366729736, "length": 2.6296615600585938, "mode": "train", "epoch": 1}
{"loss": 0.6991955637931824, "acc": 0.5058303475379944, "length": 1.0, "mode": "test", "epoch": 1}
{"loss": 0.6286658644676208, "acc": 0.6626675724983215, "length": 2.4456160068511963, "mode": "train", "epoch": 2}
{"loss": 0.5391456484794617, "acc": 0.7208881378173828, "length": 3.406360387802124, "mode": "test", "epoch": 2}
{"loss": 0.5058104395866394, "acc": 0.7601059675216675, "length": 3.2445590496063232, "mode": "train", "epoch": 3}
{"loss": 0.49474409222602844, "acc": 0.7800619602203369, "length": 3.3992931842803955, "mode": "test", "epoch": 3}
{"loss": 0.47370871901512146, "acc": 0.7903550267219543, "length": 3.3208422660827637, "mode": "train", "epoch": 4}
{"loss": 0.4577023684978485, "acc": 0.8192468881607056, "length": 3.4593639373779297, "mode": "test", "epoch": 4}
{"loss": 0.42753157019615173, "acc": 0.8195950388908386, "length": 3.408374547958374, "mode": "train", "epoch": 5}
{"loss": 0.4060079753398895, "acc": 0.8345988988876343, "length": 3.522968292236328, "mode": "test", "epoch": 5}
{"loss": 0.398430198431015, "acc": 0.8354482054710388, "length": 3.527162551879883, "mode": "train", "epoch": 6}
{"loss": 0.411511093378067, "acc": 0.8218451738357544, "length": 3.639575958251953, "mode": "test", "epoch": 6}
{"loss": 0.37845420837402344, "acc": 0.8400379419326782, "length": 3.602809429168701, "mode": "train", "epoch": 7}
{"loss": 0.3954378366470337, "acc": 0.830353319644928, "length": 3.5971732139587402, "mode": "test", "epoch": 7}
{"loss": 0.372241735458374, "acc": 0.8438663482666016, "length": 3.58949613571167, "mode": "train", "epoch": 8}
{"loss": 0.3892720341682434, "acc": 0.8375234007835388, "length": 3.5901060104370117, "mode": "test", "epoch": 8}
{"loss": 0.3631119430065155, "acc": 0.8473522067070007, "length": 3.622702121734619, "mode": "train", "epoch": 9}
{"loss": 0.39048969745635986, "acc": 0.8407671451568604, "length": 3.579505205154419, "mode": "test", "epoch": 9}
{"loss": 0.35744181275367737, "acc": 0.8465434312820435, "length": 3.650245428085327, "mode": "train", "epoch": 10}
{"loss": 0.3872608244419098, "acc": 0.8432119488716125, "length": 3.6325087547302246, "mode": "test", "epoch": 10}
{"loss": 0.35049545764923096, "acc": 0.8482614159584045, "length": 3.661285400390625, "mode": "train", "epoch": 11}
{"loss": 0.3731798827648163, "acc": 0.8446725010871887, "length": 3.593639612197876, "mode": "test", "epoch": 11}
{"loss": 0.3497768044471741, "acc": 0.8486415147781372, "length": 3.713482141494751, "mode": "train", "epoch": 12}
{"loss": 0.3708246052265167, "acc": 0.8469271659851074, "length": 3.625441789627075, "mode": "test", "epoch": 12}
{"loss": 0.34051835536956787, "acc": 0.8529046177864075, "length": 3.7740869522094727, "mode": "train", "epoch": 13}
{"loss": 0.36956819891929626, "acc": 0.8460226655006409, "length": 3.7067136764526367, "mode": "test", "epoch": 13}
{"loss": 0.33310166001319885, "acc": 0.8602609038352966, "length": 3.7828826904296875, "mode": "train", "epoch": 14}
{"loss": 0.3529072701931, "acc": 0.8496327996253967, "length": 3.7455830574035645, "mode": "test", "epoch": 14}
{"loss": 0.3231022357940674, "acc": 0.8612784147262573, "length": 3.796006441116333, "mode": "train", "epoch": 15}
{"loss": 0.33976542949676514, "acc": 0.8604215979576111, "length": 3.7455830574035645, "mode": "test", "epoch": 15}
{"loss": 0.3139936923980713, "acc": 0.8649325370788574, "length": 3.8121554851531982, "mode": "train", "epoch": 16}
{"loss": 0.32982337474823, "acc": 0.8688132762908936, "length": 3.7632508277893066, "mode": "test", "epoch": 16}
{"loss": 0.295941561460495, "acc": 0.8712252378463745, "length": 3.8240954875946045, "mode": "train", "epoch": 17}
{"loss": 0.31286799907684326, "acc": 0.8747554421424866, "length": 3.7597172260284424, "mode": "test", "epoch": 17}
{"loss": 0.28405532240867615, "acc": 0.8796719908714294, "length": 3.835909843444824, "mode": "train", "epoch": 18}
{"loss": 0.30931583046913147, "acc": 0.8691005110740662, "length": 3.8657243251800537, "mode": "test", "epoch": 18}
{"loss": 0.2704235315322876, "acc": 0.887687087059021, "length": 3.8666062355041504, "mode": "train", "epoch": 19}
{"loss": 0.3235935866832733, "acc": 0.8760882019996643, "length": 3.8586573600769043, "mode": "test", "epoch": 19}
{"loss": 0.25319528579711914, "acc": 0.8966932892799377, "length": 3.90165638923645, "mode": "train", "epoch": 20}
{"loss": 0.287579745054245, "acc": 0.8895046710968018, "length": 3.8798587322235107, "mode": "test", "epoch": 20}
{"loss": 0.24535171687602997, "acc": 0.8981379270553589, "length": 3.893831729888916, "mode": "train", "epoch": 21}
{"loss": 0.31016531586647034, "acc": 0.8829726576805115, "length": 3.9328622817993164, "mode": "test", "epoch": 21}
{"loss": 0.24425864219665527, "acc": 0.9003074169158936, "length": 3.938633441925049, "mode": "train", "epoch": 22}
{"loss": 0.2776874601840973, "acc": 0.8901381492614746, "length": 3.957597255706787, "mode": "test", "epoch": 22}
{"loss": 0.23290976881980896, "acc": 0.9061068892478943, "length": 3.932835102081299, "mode": "train", "epoch": 23}
{"loss": 0.2921161651611328, "acc": 0.888515830039978, "length": 4.0, "mode": "test", "epoch": 23}
{"loss": 0.22462251782417297, "acc": 0.9127560257911682, "length": 3.9823360443115234, "mode": "train", "epoch": 24}
{"loss": 0.28298884630203247, "acc": 0.8874557018280029, "length": 4.0, "mode": "test", "epoch": 24}
{"loss": 0.22677932679653168, "acc": 0.9111342430114746, "length": 3.983635663986206, "mode": "train", "epoch": 25}
{"loss": 0.29026666283607483, "acc": 0.8846290707588196, "length": 4.0, "mode": "test", "epoch": 25}
{"loss": 0.23017539083957672, "acc": 0.9110806584358215, "length": 3.99298357963562, "mode": "train", "epoch": 26}
{"loss": 0.2664715349674225, "acc": 0.8955829739570618, "length": 4.0, "mode": "test", "epoch": 26}
{"loss": 0.20996351540088654, "acc": 0.9101134538650513, "length": 3.99477219581604, "mode": "train", "epoch": 27}
{"loss": 0.24941571056842804, "acc": 0.9030036330223083, "length": 4.0, "mode": "test", "epoch": 27}
{"loss": 0.2153376191854477, "acc": 0.9136513471603394, "length": 3.9815750122070312, "mode": "train", "epoch": 28}
{"loss": 0.2676871716976166, "acc": 0.8938162922859192, "length": 4.0, "mode": "test", "epoch": 28}
{"loss": 0.20957279205322266, "acc": 0.9167639017105103, "length": 3.989680051803589, "mode": "train", "epoch": 29}
{"loss": 0.2310144603252411, "acc": 0.9114840626716614, "length": 4.0, "mode": "test", "epoch": 29}
{"loss": 0.20931588113307953, "acc": 0.9159525036811829, "length": 3.996882200241089, "mode": "train", "epoch": 30}
{"loss": 0.25234946608543396, "acc": 0.8945230841636658, "length": 4.0, "mode": "test", "epoch": 30}
{"loss": 0.18927724659442902, "acc": 0.9220686554908752, "length": 3.996797561645508, "mode": "train", "epoch": 31}
{"loss": 0.23286740481853485, "acc": 0.912720799446106, "length": 4.0, "mode": "test", "epoch": 31}
{"loss": 0.1905602365732193, "acc": 0.9248771071434021, "length": 3.998445987701416, "mode": "train", "epoch": 32}
{"loss": 0.23363709449768066, "acc": 0.9121907949447632, "length": 4.0, "mode": "test", "epoch": 32}
{"loss": 0.193159282207489, "acc": 0.9255266785621643, "length": 3.998037338256836, "mode": "train", "epoch": 33}
{"loss": 0.2383800595998764, "acc": 0.9010599851608276, "length": 4.0, "mode": "test", "epoch": 33}
{"loss": 0.18685658276081085, "acc": 0.9246898889541626, "length": 3.9968361854553223, "mode": "train", "epoch": 34}
{"loss": 0.23979152739048004, "acc": 0.9083038568496704, "length": 4.0, "mode": "test", "epoch": 34}
{"loss": 0.18044865131378174, "acc": 0.9306732416152954, "length": 3.9962754249572754, "mode": "train", "epoch": 35}
{"loss": 0.23039023578166962, "acc": 0.9091873168945312, "length": 4.0, "mode": "test", "epoch": 35}
{"loss": 0.18024644255638123, "acc": 0.9293689131736755, "length": 3.9983320236206055, "mode": "train", "epoch": 36}
{"loss": 0.22789083421230316, "acc": 0.912897527217865, "length": 4.0, "mode": "test", "epoch": 36}
{"loss": 0.17807377874851227, "acc": 0.925603985786438, "length": 3.9993534088134766, "mode": "train", "epoch": 37}
{"loss": 0.2163795381784439, "acc": 0.9130743145942688, "length": 4.0, "mode": "test", "epoch": 37}
{"loss": 0.16818681359291077, "acc": 0.9301640391349792, "length": 3.997953176498413, "mode": "train", "epoch": 38}
{"loss": 0.21426895260810852, "acc": 0.9123674035072327, "length": 4.0, "mode": "test", "epoch": 38}
{"loss": 0.16503678262233734, "acc": 0.9348596930503845, "length": 3.996445894241333, "mode": "train", "epoch": 39}
{"loss": 0.21915066242218018, "acc": 0.9164310097694397, "length": 4.0, "mode": "test", "epoch": 39}
{"loss": 0.17318382859230042, "acc": 0.9317997097969055, "length": 3.995089530944824, "mode": "train", "epoch": 40}
{"loss": 0.22970035672187805, "acc": 0.9151943325996399, "length": 4.0, "mode": "test", "epoch": 40}
{"loss": 0.18520188331604004, "acc": 0.9252458214759827, "length": 3.999096632003784, "mode": "train", "epoch": 41}
{"loss": 0.22039519250392914, "acc": 0.9178445339202881, "length": 4.0, "mode": "test", "epoch": 41}
{"loss": 0.16700288653373718, "acc": 0.9336241483688354, "length": 3.997692823410034, "mode": "train", "epoch": 42}
{"loss": 0.2007303684949875, "acc": 0.9249115586280823, "length": 4.0, "mode": "test", "epoch": 42}
{"loss": 0.1655910462141037, "acc": 0.9345102906227112, "length": 3.9987807273864746, "mode": "train", "epoch": 43}
{"loss": 0.2313290387392044, "acc": 0.9107775092124939, "length": 4.0, "mode": "test", "epoch": 43}
{"loss": 0.16024255752563477, "acc": 0.9361388087272644, "length": 3.998958110809326, "mode": "train", "epoch": 44}
{"loss": 0.23123866319656372, "acc": 0.9208479523658752, "length": 4.0, "mode": "test", "epoch": 44}
{"loss": 0.16962802410125732, "acc": 0.930438756942749, "length": 3.998094320297241, "mode": "train", "epoch": 45}
{"loss": 0.2285023033618927, "acc": 0.9109539985656738, "length": 4.0, "mode": "test", "epoch": 45}
{"loss": 0.16347725689411163, "acc": 0.9374240636825562, "length": 3.999875545501709, "mode": "train", "epoch": 46}
{"loss": 0.21804609894752502, "acc": 0.9201414585113525, "length": 4.0, "mode": "test", "epoch": 46}
{"loss": 0.1597190797328949, "acc": 0.938303530216217, "length": 3.9995527267456055, "mode": "train", "epoch": 47}
{"loss": 0.2153080701828003, "acc": 0.9199645519256592, "length": 4.0, "mode": "test", "epoch": 47}
{"loss": 0.158072829246521, "acc": 0.9364812970161438, "length": 3.9999425411224365, "mode": "train", "epoch": 48}
{"loss": 0.2387457937002182, "acc": 0.9090105891227722, "length": 4.0, "mode": "test", "epoch": 48}
{"loss": 0.16170480847358704, "acc": 0.9378311634063721, "length": 3.9996657371520996, "mode": "train", "epoch": 49}
{"loss": 0.2150716632604599, "acc": 0.9268550872802734, "length": 4.0, "mode": "test", "epoch": 49}
{"loss": 0.1572256088256836, "acc": 0.9392313957214355, "length": 3.9976744651794434, "mode": "train", "epoch": 50}
{"loss": 0.23010417819023132, "acc": 0.9199645519256592, "length": 4.0, "mode": "test", "epoch": 50}
{"loss": 0.16794870793819427, "acc": 0.9348276257514954, "length": 3.9999706745147705, "mode": "train", "epoch": 51}
{"loss": 0.22967584431171417, "acc": 0.9190812706947327, "length": 4.0, "mode": "test", "epoch": 51}
{"loss": 0.1718255877494812, "acc": 0.9345888495445251, "length": 3.9999098777770996, "mode": "train", "epoch": 52}
{"loss": 0.24920527637004852, "acc": 0.9143109321594238, "length": 4.0, "mode": "test", "epoch": 52}
{"loss": 0.16100627183914185, "acc": 0.9368224740028381, "length": 3.999556064605713, "mode": "train", "epoch": 53}
{"loss": 0.233189657330513, "acc": 0.9144876003265381, "length": 4.0, "mode": "test", "epoch": 53}
{"loss": 0.16367273032665253, "acc": 0.9356558322906494, "length": 3.9990477561950684, "mode": "train", "epoch": 54}
{"loss": 0.22199419140815735, "acc": 0.9183744192123413, "length": 4.0, "mode": "test", "epoch": 54}
{"loss": 0.15587829053401947, "acc": 0.9358320832252502, "length": 3.999979257583618, "mode": "train", "epoch": 55}
{"loss": 0.25184106826782227, "acc": 0.9174910187721252, "length": 4.0, "mode": "test", "epoch": 55}
{"loss": 0.16367480158805847, "acc": 0.935654878616333, "length": 3.999974012374878, "mode": "train", "epoch": 56}
{"loss": 0.23408079147338867, "acc": 0.914310872554779, "length": 4.0, "mode": "test", "epoch": 56}
{"loss": 0.1773301362991333, "acc": 0.9304875731468201, "length": 3.998199462890625, "mode": "train", "epoch": 57}
{"loss": 0.24544617533683777, "acc": 0.9159010052680969, "length": 4.0, "mode": "test", "epoch": 57}
{"loss": 0.16226071119308472, "acc": 0.9353612661361694, "length": 3.998373508453369, "mode": "train", "epoch": 58}
{"loss": 0.2277970016002655, "acc": 0.9153710007667542, "length": 4.0, "mode": "test", "epoch": 58}
{"loss": 0.16105841100215912, "acc": 0.93452388048172, "length": 3.999709129333496, "mode": "train", "epoch": 59}
{"loss": 0.2285030484199524, "acc": 0.9130741953849792, "length": 4.0, "mode": "test", "epoch": 59}
{"loss": 0.1609167754650116, "acc": 0.936125636100769, "length": 3.999934196472168, "mode": "train", "epoch": 60}
{"loss": 0.20732517540454865, "acc": 0.9233214855194092, "length": 4.0, "mode": "test", "epoch": 60}
test accuracy: 0.8072579503059387
