# ["--attributes=3", "--values=16", "--game_size=10", "--vocab_size_factor=3", "--n_epochs=60", "--batch_size=32", "--learning_rate=0.0005", "--hidden_size=256", "--temp_update=0.97", "--temperature=1.5"]
Creating train_ds and val_ds...

Creating test_ds...
{"loss": 0.7046968936920166, "acc": 0.5011638402938843, "length": 2.554332971572876, "mode": "train", "epoch": 1}
{"loss": 0.6921877264976501, "acc": 0.5287986397743225, "length": 1.0, "mode": "test", "epoch": 1}
{"loss": 0.6728248000144958, "acc": 0.557441234588623, "length": 1.7855013608932495, "mode": "train", "epoch": 2}
{"loss": 0.6213878393173218, "acc": 0.6892454028129578, "length": 2.303886890411377, "mode": "test", "epoch": 2}
{"loss": 0.5845105051994324, "acc": 0.716998279094696, "length": 2.4295334815979004, "mode": "train", "epoch": 3}
{"loss": 0.5463919043540955, "acc": 0.7702168226242065, "length": 2.4310953617095947, "mode": "test", "epoch": 3}
{"loss": 0.4892258048057556, "acc": 0.7850228548049927, "length": 2.893808126449585, "mode": "train", "epoch": 4}
{"loss": 0.43300071358680725, "acc": 0.812036395072937, "length": 3.491166114807129, "mode": "test", "epoch": 4}
{"loss": 0.40248405933380127, "acc": 0.826572597026825, "length": 3.481567144393921, "mode": "train", "epoch": 5}
{"loss": 0.4125538170337677, "acc": 0.8361181020736694, "length": 3.406360387802124, "mode": "test", "epoch": 5}
{"loss": 0.3680223226547241, "acc": 0.8420960903167725, "length": 3.4551525115966797, "mode": "train", "epoch": 6}
{"loss": 0.38664039969444275, "acc": 0.837153971195221, "length": 3.5017666816711426, "mode": "test", "epoch": 6}
{"loss": 0.35139572620391846, "acc": 0.850908637046814, "length": 3.436525821685791, "mode": "train", "epoch": 7}
{"loss": 0.36129316687583923, "acc": 0.8511412143707275, "length": 3.5159010887145996, "mode": "test", "epoch": 7}
{"loss": 0.33448460698127747, "acc": 0.8601554036140442, "length": 3.4692234992980957, "mode": "train", "epoch": 8}
{"loss": 0.35595598816871643, "acc": 0.8559666275978088, "length": 3.5547702312469482, "mode": "test", "epoch": 8}
{"loss": 0.32299473881721497, "acc": 0.8617753982543945, "length": 3.5090138912200928, "mode": "train", "epoch": 9}
{"loss": 0.33051934838294983, "acc": 0.8639686703681946, "length": 3.4699647426605225, "mode": "test", "epoch": 9}
{"loss": 0.30367016792297363, "acc": 0.8733483552932739, "length": 3.531942844390869, "mode": "train", "epoch": 10}
{"loss": 0.32216307520866394, "acc": 0.8741768598556519, "length": 3.4310953617095947, "mode": "test", "epoch": 10}
{"loss": 0.3011678159236908, "acc": 0.8732879757881165, "length": 3.5254063606262207, "mode": "train", "epoch": 11}
{"loss": 0.30317747592926025, "acc": 0.878121554851532, "length": 3.4310953617095947, "mode": "test", "epoch": 11}
{"loss": 0.28944116830825806, "acc": 0.8756061792373657, "length": 3.560546398162842, "mode": "train", "epoch": 12}
{"loss": 0.3236096501350403, "acc": 0.8721578121185303, "length": 3.519434690475464, "mode": "test", "epoch": 12}
{"loss": 0.2986408770084381, "acc": 0.8717004060745239, "length": 3.515171766281128, "mode": "train", "epoch": 13}
{"loss": 0.30033057928085327, "acc": 0.8807637095451355, "length": 3.5265016555786133, "mode": "test", "epoch": 13}
{"loss": 0.2809651792049408, "acc": 0.8787152767181396, "length": 3.579024076461792, "mode": "train", "epoch": 14}
{"loss": 0.2904306948184967, "acc": 0.8875365853309631, "length": 3.477031707763672, "mode": "test", "epoch": 14}
{"loss": 0.27460604906082153, "acc": 0.8850167989730835, "length": 3.5637922286987305, "mode": "train", "epoch": 15}
{"loss": 0.3034401834011078, "acc": 0.8782128691673279, "length": 3.466431140899658, "mode": "test", "epoch": 15}
{"loss": 0.27233052253723145, "acc": 0.8841734528541565, "length": 3.5634560585021973, "mode": "train", "epoch": 16}
{"loss": 0.29362544417381287, "acc": 0.8817317485809326, "length": 3.4381625652313232, "mode": "test", "epoch": 16}
{"loss": 0.25291556119918823, "acc": 0.8892833590507507, "length": 3.5541300773620605, "mode": "train", "epoch": 17}
{"loss": 0.26959261298179626, "acc": 0.8934888243675232, "length": 3.4876325130462646, "mode": "test", "epoch": 17}
{"loss": 0.25612419843673706, "acc": 0.8911191821098328, "length": 3.592437982559204, "mode": "train", "epoch": 18}
{"loss": 0.26242002844810486, "acc": 0.89509516954422, "length": 3.462897539138794, "mode": "test", "epoch": 18}
{"loss": 0.25429680943489075, "acc": 0.8899229764938354, "length": 3.598666191101074, "mode": "train", "epoch": 19}
{"loss": 0.2989468574523926, "acc": 0.8736909031867981, "length": 3.795053005218506, "mode": "test", "epoch": 19}
{"loss": 0.24560387432575226, "acc": 0.8974733948707581, "length": 3.719860315322876, "mode": "train", "epoch": 20}
{"loss": 0.26101794838905334, "acc": 0.8999463319778442, "length": 3.625441789627075, "mode": "test", "epoch": 20}
{"loss": 0.2185143083333969, "acc": 0.9106956720352173, "length": 3.814318895339966, "mode": "train", "epoch": 21}
{"loss": 0.24034383893013, "acc": 0.9141342043876648, "length": 4.0, "mode": "test", "epoch": 21}
{"loss": 0.21841636300086975, "acc": 0.9045540690422058, "length": 3.9474542140960693, "mode": "train", "epoch": 22}
{"loss": 0.23947559297084808, "acc": 0.9098941087722778, "length": 4.0, "mode": "test", "epoch": 22}
{"loss": 0.20687253773212433, "acc": 0.9135635495185852, "length": 3.9552135467529297, "mode": "train", "epoch": 23}
{"loss": 0.2370261698961258, "acc": 0.905300498008728, "length": 4.0, "mode": "test", "epoch": 23}
{"loss": 0.2082596719264984, "acc": 0.916300356388092, "length": 3.9731833934783936, "mode": "train", "epoch": 24}
{"loss": 0.2580774128437042, "acc": 0.9001766443252563, "length": 4.0, "mode": "test", "epoch": 24}
{"loss": 0.19991081953048706, "acc": 0.9181736707687378, "length": 3.9825992584228516, "mode": "train", "epoch": 25}
{"loss": 0.2262841910123825, "acc": 0.9169610142707825, "length": 4.0, "mode": "test", "epoch": 25}
{"loss": 0.19631734490394592, "acc": 0.9197478294372559, "length": 3.989476203918457, "mode": "train", "epoch": 26}
{"loss": 0.24772877991199493, "acc": 0.9125441908836365, "length": 4.0, "mode": "test", "epoch": 26}
{"loss": 0.19345924258232117, "acc": 0.9227818250656128, "length": 3.99118971824646, "mode": "train", "epoch": 27}
{"loss": 0.2097797691822052, "acc": 0.9185513854026794, "length": 4.0, "mode": "test", "epoch": 27}
{"loss": 0.1907280832529068, "acc": 0.9229711294174194, "length": 3.9931998252868652, "mode": "train", "epoch": 28}
{"loss": 0.23369471728801727, "acc": 0.9093639850616455, "length": 4.0, "mode": "test", "epoch": 28}
{"loss": 0.19142256677150726, "acc": 0.9217473268508911, "length": 3.9938771724700928, "mode": "train", "epoch": 29}
{"loss": 0.20401619374752045, "acc": 0.9227914810180664, "length": 4.0, "mode": "test", "epoch": 29}
{"loss": 0.17882753908634186, "acc": 0.9291199445724487, "length": 3.9979004859924316, "mode": "train", "epoch": 30}
{"loss": 0.19052959978580475, "acc": 0.9337455630302429, "length": 4.0, "mode": "test", "epoch": 30}
{"loss": 0.1669379025697708, "acc": 0.9325282573699951, "length": 3.992569923400879, "mode": "train", "epoch": 31}
{"loss": 0.19928322732448578, "acc": 0.9245582818984985, "length": 4.0, "mode": "test", "epoch": 31}
{"loss": 0.17561526596546173, "acc": 0.9291759729385376, "length": 3.9980998039245605, "mode": "train", "epoch": 32}
{"loss": 0.22685213387012482, "acc": 0.91166090965271, "length": 4.0, "mode": "test", "epoch": 32}
{"loss": 0.16075126826763153, "acc": 0.9378182291984558, "length": 3.9992809295654297, "mode": "train", "epoch": 33}
{"loss": 0.18570740520954132, "acc": 0.9369257688522339, "length": 4.0, "mode": "test", "epoch": 33}
{"loss": 0.15267625451087952, "acc": 0.9380782842636108, "length": 3.996338129043579, "mode": "train", "epoch": 34}
{"loss": 0.19113381206989288, "acc": 0.9409893751144409, "length": 4.0, "mode": "test", "epoch": 34}
{"loss": 0.14785444736480713, "acc": 0.9471721649169922, "length": 3.9984869956970215, "mode": "train", "epoch": 35}
{"loss": 0.17251825332641602, "acc": 0.9492931365966797, "length": 4.0, "mode": "test", "epoch": 35}
{"loss": 0.14437685906887054, "acc": 0.9507217407226562, "length": 3.995262384414673, "mode": "train", "epoch": 36}
{"loss": 0.1856587678194046, "acc": 0.948233425617218, "length": 4.0, "mode": "test", "epoch": 36}
{"loss": 0.15792976319789886, "acc": 0.9383987188339233, "length": 3.998919725418091, "mode": "train", "epoch": 37}
{"loss": 0.2112465649843216, "acc": 0.9318021535873413, "length": 4.0, "mode": "test", "epoch": 37}
{"loss": 0.14972464740276337, "acc": 0.9438062906265259, "length": 3.9986939430236816, "mode": "train", "epoch": 38}
{"loss": 0.1959594041109085, "acc": 0.9356890320777893, "length": 4.0, "mode": "test", "epoch": 38}
{"loss": 0.15771561861038208, "acc": 0.9416665434837341, "length": 3.9996533393859863, "mode": "train", "epoch": 39}
{"loss": 0.18280227482318878, "acc": 0.9383390545845032, "length": 4.0, "mode": "test", "epoch": 39}
{"loss": 0.15799228847026825, "acc": 0.9416268467903137, "length": 3.996521234512329, "mode": "train", "epoch": 40}
{"loss": 0.22374029457569122, "acc": 0.9349822402000427, "length": 4.0, "mode": "test", "epoch": 40}
{"loss": 0.16133956611156464, "acc": 0.9441152811050415, "length": 3.9988300800323486, "mode": "train", "epoch": 41}
{"loss": 0.21891334652900696, "acc": 0.9282687306404114, "length": 4.0, "mode": "test", "epoch": 41}
{"loss": 0.16616089642047882, "acc": 0.932691752910614, "length": 3.999373435974121, "mode": "train", "epoch": 42}
{"loss": 0.19191309809684753, "acc": 0.9395758509635925, "length": 4.0, "mode": "test", "epoch": 42}
{"loss": 0.13295570015907288, "acc": 0.9522845149040222, "length": 3.9995381832122803, "mode": "train", "epoch": 43}
{"loss": 0.1600366085767746, "acc": 0.953003466129303, "length": 4.0, "mode": "test", "epoch": 43}
{"loss": 0.1227424219250679, "acc": 0.9559999704360962, "length": 3.9976770877838135, "mode": "train", "epoch": 44}
{"loss": 0.16014067828655243, "acc": 0.9524733424186707, "length": 4.0, "mode": "test", "epoch": 44}
{"loss": 0.119326151907444, "acc": 0.9552777409553528, "length": 3.999227523803711, "mode": "train", "epoch": 45}
{"loss": 0.1590775102376938, "acc": 0.9475264549255371, "length": 4.0, "mode": "test", "epoch": 45}
{"loss": 0.11901253461837769, "acc": 0.9566643238067627, "length": 3.9969711303710938, "mode": "train", "epoch": 46}
{"loss": 0.14733871817588806, "acc": 0.9533570408821106, "length": 4.0, "mode": "test", "epoch": 46}
{"loss": 0.13181482255458832, "acc": 0.9516412615776062, "length": 3.9998044967651367, "mode": "train", "epoch": 47}
{"loss": 0.1727437824010849, "acc": 0.9404595494270325, "length": 4.0, "mode": "test", "epoch": 47}
{"loss": 0.12263241410255432, "acc": 0.9505318999290466, "length": 3.9970242977142334, "mode": "train", "epoch": 48}
{"loss": 0.16492001712322235, "acc": 0.9466431736946106, "length": 4.0, "mode": "test", "epoch": 48}
{"loss": 0.1333385705947876, "acc": 0.9528630375862122, "length": 3.999194860458374, "mode": "train", "epoch": 49}
{"loss": 0.18681789934635162, "acc": 0.94452303647995, "length": 4.0, "mode": "test", "epoch": 49}
{"loss": 0.1173921525478363, "acc": 0.9595020413398743, "length": 3.9999382495880127, "mode": "train", "epoch": 50}
{"loss": 0.16067954897880554, "acc": 0.9528269171714783, "length": 4.0, "mode": "test", "epoch": 50}
{"loss": 0.10902082920074463, "acc": 0.9583801031112671, "length": 3.999936580657959, "mode": "train", "epoch": 51}
{"loss": 0.14233925938606262, "acc": 0.9560072422027588, "length": 4.0, "mode": "test", "epoch": 51}
{"loss": 0.09526986628770828, "acc": 0.9691247940063477, "length": 3.999967098236084, "mode": "train", "epoch": 52}
{"loss": 0.15776093304157257, "acc": 0.9588340520858765, "length": 4.0, "mode": "test", "epoch": 52}
{"loss": 0.09472859650850296, "acc": 0.9669982194900513, "length": 3.999934673309326, "mode": "train", "epoch": 53}
{"loss": 0.15481476485729218, "acc": 0.9588339328765869, "length": 4.0, "mode": "test", "epoch": 53}
{"loss": 0.0916757881641388, "acc": 0.9677020311355591, "length": 3.9996492862701416, "mode": "train", "epoch": 54}
{"loss": 0.1513797491788864, "acc": 0.9598938822746277, "length": 4.0, "mode": "test", "epoch": 54}
{"loss": 0.09497727453708649, "acc": 0.9653278589248657, "length": 3.9996912479400635, "mode": "train", "epoch": 55}
{"loss": 0.1697079986333847, "acc": 0.9574205279350281, "length": 4.0, "mode": "test", "epoch": 55}
{"loss": 0.09642157703638077, "acc": 0.9675828814506531, "length": 3.999732255935669, "mode": "train", "epoch": 56}
{"loss": 0.14854605495929718, "acc": 0.9588338136672974, "length": 4.0, "mode": "test", "epoch": 56}
{"loss": 0.08686087280511856, "acc": 0.9701268076896667, "length": 3.9998722076416016, "mode": "train", "epoch": 57}
{"loss": 0.1308615505695343, "acc": 0.9602473378181458, "length": 4.0, "mode": "test", "epoch": 57}
{"loss": 0.09577473253011703, "acc": 0.9649910926818848, "length": 3.9986648559570312, "mode": "train", "epoch": 58}
{"loss": 0.1618850976228714, "acc": 0.9556538462638855, "length": 4.0, "mode": "test", "epoch": 58}
{"loss": 0.10735421627759933, "acc": 0.9610386490821838, "length": 3.999894142150879, "mode": "train", "epoch": 59}
{"loss": 0.1369674950838089, "acc": 0.9540635943412781, "length": 4.0, "mode": "test", "epoch": 59}
{"loss": 0.11007846146821976, "acc": 0.9605518579483032, "length": 3.999652624130249, "mode": "train", "epoch": 60}
{"loss": 0.1299370974302292, "acc": 0.9644875526428223, "length": 4.0, "mode": "test", "epoch": 60}
test accuracy: 0.8974192142486572
