# ["--attributes=3", "--values=4", "--game_size=10", "--vocab_size_factor=3", "--n_epochs=60", "--batch_size=32", "--learning_rate=0.0005", "--hidden_size=256", "--temp_update=0.97", "--temperature=2"]
Creating train_ds and val_ds...

Creating test_ds...
{"loss": 0.6953389644622803, "acc": 0.5307770371437073, "length": 3.086620569229126, "mode": "train", "epoch": 1}
{"loss": 0.6984308362007141, "acc": 0.4983813166618347, "length": 1.0, "mode": "test", "epoch": 1}
{"loss": 0.639176607131958, "acc": 0.6500167846679688, "length": 2.4090559482574463, "mode": "train", "epoch": 2}
{"loss": 0.5532377362251282, "acc": 0.7474023103713989, "length": 3.0287768840789795, "mode": "test", "epoch": 2}
{"loss": 0.49865588545799255, "acc": 0.7765991687774658, "length": 3.048844814300537, "mode": "train", "epoch": 3}
{"loss": 0.49051931500434875, "acc": 0.7920301556587219, "length": 3.2661869525909424, "mode": "test", "epoch": 3}
{"loss": 0.44997334480285645, "acc": 0.8006251454353333, "length": 3.2121007442474365, "mode": "train", "epoch": 4}
{"loss": 0.4641946256160736, "acc": 0.8021429181098938, "length": 3.2446043491363525, "mode": "test", "epoch": 4}
{"loss": 0.424211710691452, "acc": 0.8108850121498108, "length": 3.258755922317505, "mode": "train", "epoch": 5}
{"loss": 0.4437536597251892, "acc": 0.8159060478210449, "length": 3.2697842121124268, "mode": "test", "epoch": 5}
{"loss": 0.4017261862754822, "acc": 0.8226122260093689, "length": 3.2943811416625977, "mode": "train", "epoch": 6}
{"loss": 0.4293392598628998, "acc": 0.8164543509483337, "length": 3.3093526363372803, "mode": "test", "epoch": 6}
{"loss": 0.37492600083351135, "acc": 0.831674337387085, "length": 3.4076151847839355, "mode": "train", "epoch": 7}
{"loss": 0.4340727925300598, "acc": 0.8148794770240784, "length": 3.521582841873169, "mode": "test", "epoch": 7}
{"loss": 0.34921661019325256, "acc": 0.848922610282898, "length": 3.4314751625061035, "mode": "train", "epoch": 8}
{"loss": 0.4281024634838104, "acc": 0.8219496011734009, "length": 3.4964029788970947, "mode": "test", "epoch": 8}
{"loss": 0.32212573289871216, "acc": 0.8586437702178955, "length": 3.578265905380249, "mode": "train", "epoch": 9}
{"loss": 0.4167276918888092, "acc": 0.825364351272583, "length": 3.6546761989593506, "mode": "test", "epoch": 9}
{"loss": 0.29429101943969727, "acc": 0.877088189125061, "length": 3.7205326557159424, "mode": "train", "epoch": 10}
{"loss": 0.3722839653491974, "acc": 0.855879008769989, "length": 3.9604315757751465, "mode": "test", "epoch": 10}
{"loss": 0.25864505767822266, "acc": 0.8950201869010925, "length": 3.8555409908294678, "mode": "train", "epoch": 11}
{"loss": 0.31933656334877014, "acc": 0.8834532499313354, "length": 4.0, "mode": "test", "epoch": 11}
{"loss": 0.23539170622825623, "acc": 0.9071164727210999, "length": 3.938018798828125, "mode": "train", "epoch": 12}
{"loss": 0.3152143657207489, "acc": 0.895503580570221, "length": 4.0, "mode": "test", "epoch": 12}
{"loss": 0.22197869420051575, "acc": 0.9137856960296631, "length": 3.9712846279144287, "mode": "train", "epoch": 13}
{"loss": 0.2795526087284088, "acc": 0.8906474113464355, "length": 4.0, "mode": "test", "epoch": 13}
{"loss": 0.20591221749782562, "acc": 0.9194605946540833, "length": 3.978217601776123, "mode": "train", "epoch": 14}
{"loss": 0.27047106623649597, "acc": 0.8976618051528931, "length": 4.0, "mode": "test", "epoch": 14}
{"loss": 0.1994371861219406, "acc": 0.9231282472610474, "length": 3.988450288772583, "mode": "train", "epoch": 15}
{"loss": 0.2640683948993683, "acc": 0.910251796245575, "length": 4.0, "mode": "test", "epoch": 15}
{"loss": 0.18794073164463043, "acc": 0.9292722940444946, "length": 3.9903361797332764, "mode": "train", "epoch": 16}
{"loss": 0.24603994190692902, "acc": 0.9134891629219055, "length": 4.0, "mode": "test", "epoch": 16}
{"loss": 0.18439887464046478, "acc": 0.9266666173934937, "length": 3.990978479385376, "mode": "train", "epoch": 17}
{"loss": 0.2717488408088684, "acc": 0.9089927673339844, "length": 4.0, "mode": "test", "epoch": 17}
{"loss": 0.184568852186203, "acc": 0.9269657731056213, "length": 3.991450309753418, "mode": "train", "epoch": 18}
{"loss": 0.2305728644132614, "acc": 0.9228417873382568, "length": 4.0, "mode": "test", "epoch": 18}
{"loss": 0.16532202064990997, "acc": 0.9349507093429565, "length": 3.9929606914520264, "mode": "train", "epoch": 19}
{"loss": 0.224504292011261, "acc": 0.9169065356254578, "length": 4.0, "mode": "test", "epoch": 19}
{"loss": 0.16314242780208588, "acc": 0.9337530732154846, "length": 3.9962053298950195, "mode": "train", "epoch": 20}
{"loss": 0.1989125907421112, "acc": 0.9296762943267822, "length": 4.0, "mode": "test", "epoch": 20}
{"loss": 0.1585005670785904, "acc": 0.9403985142707825, "length": 3.9973878860473633, "mode": "train", "epoch": 21}
{"loss": 0.22873751819133759, "acc": 0.9206834435462952, "length": 4.0, "mode": "test", "epoch": 21}
{"loss": 0.1533888280391693, "acc": 0.9409654140472412, "length": 3.9969875812530518, "mode": "train", "epoch": 22}
{"loss": 0.2090647965669632, "acc": 0.9241006970405579, "length": 4.0, "mode": "test", "epoch": 22}
{"loss": 0.1460426300764084, "acc": 0.940862774848938, "length": 3.9972357749938965, "mode": "train", "epoch": 23}
{"loss": 0.1936744600534439, "acc": 0.9330933690071106, "length": 4.0, "mode": "test", "epoch": 23}
{"loss": 0.14636287093162537, "acc": 0.9434818625450134, "length": 3.9987845420837402, "mode": "train", "epoch": 24}
{"loss": 0.23582275211811066, "acc": 0.9172661900520325, "length": 4.0, "mode": "test", "epoch": 24}
{"loss": 0.15113258361816406, "acc": 0.9398701190948486, "length": 3.9987268447875977, "mode": "train", "epoch": 25}
{"loss": 0.1943088173866272, "acc": 0.9291365146636963, "length": 4.0, "mode": "test", "epoch": 25}
{"loss": 0.1332053691148758, "acc": 0.9464846849441528, "length": 3.9987661838531494, "mode": "train", "epoch": 26}
{"loss": 0.18785424530506134, "acc": 0.930395781993866, "length": 4.0, "mode": "test", "epoch": 26}
{"loss": 0.13177476823329926, "acc": 0.9484819769859314, "length": 3.9993460178375244, "mode": "train", "epoch": 27}
{"loss": 0.1879231482744217, "acc": 0.9370503425598145, "length": 4.0, "mode": "test", "epoch": 27}
{"loss": 0.13459260761737823, "acc": 0.9482223987579346, "length": 3.9988415241241455, "mode": "train", "epoch": 28}
{"loss": 0.18587343394756317, "acc": 0.9357913732528687, "length": 4.0, "mode": "test", "epoch": 28}
{"loss": 0.12956519424915314, "acc": 0.9474055171012878, "length": 3.9975063800811768, "mode": "train", "epoch": 29}
{"loss": 0.18044337630271912, "acc": 0.9345323443412781, "length": 4.0, "mode": "test", "epoch": 29}
{"loss": 0.11546111851930618, "acc": 0.9522119164466858, "length": 3.9995362758636475, "mode": "train", "epoch": 30}
{"loss": 0.18415720760822296, "acc": 0.9293164610862732, "length": 4.0, "mode": "test", "epoch": 30}
{"loss": 0.11332473903894424, "acc": 0.953410804271698, "length": 3.999366521835327, "mode": "train", "epoch": 31}
{"loss": 0.17661958932876587, "acc": 0.9365106821060181, "length": 4.0, "mode": "test", "epoch": 31}
{"loss": 0.11642630398273468, "acc": 0.9537723064422607, "length": 3.9994897842407227, "mode": "train", "epoch": 32}
{"loss": 0.15545247495174408, "acc": 0.9444245100021362, "length": 4.0, "mode": "test", "epoch": 32}
{"loss": 0.10973406583070755, "acc": 0.953355073928833, "length": 3.9995651245117188, "mode": "train", "epoch": 33}
{"loss": 0.15464019775390625, "acc": 0.9381294250488281, "length": 4.0, "mode": "test", "epoch": 33}
{"loss": 0.11946488171815872, "acc": 0.9574292898178101, "length": 3.9993858337402344, "mode": "train", "epoch": 34}
{"loss": 0.24720044434070587, "acc": 0.9190648198127747, "length": 4.0, "mode": "test", "epoch": 34}
{"loss": 0.12643210589885712, "acc": 0.9514905214309692, "length": 3.999539375305176, "mode": "train", "epoch": 35}
{"loss": 0.160384401679039, "acc": 0.9384890794754028, "length": 4.0, "mode": "test", "epoch": 35}
{"loss": 0.10495487600564957, "acc": 0.9569050669670105, "length": 3.9997570514678955, "mode": "train", "epoch": 36}
{"loss": 0.17800720036029816, "acc": 0.9302159547805786, "length": 4.0, "mode": "test", "epoch": 36}
{"loss": 0.09702783823013306, "acc": 0.9606945514678955, "length": 3.9999289512634277, "mode": "train", "epoch": 37}
{"loss": 0.1522718220949173, "acc": 0.9359712600708008, "length": 4.0, "mode": "test", "epoch": 37}
{"loss": 0.11000695824623108, "acc": 0.957209050655365, "length": 3.9999234676361084, "mode": "train", "epoch": 38}
{"loss": 0.18777906894683838, "acc": 0.9232014417648315, "length": 4.0, "mode": "test", "epoch": 38}
{"loss": 0.12089474499225616, "acc": 0.9524454474449158, "length": 3.999631404876709, "mode": "train", "epoch": 39}
{"loss": 0.1375669687986374, "acc": 0.9492805600166321, "length": 4.0, "mode": "test", "epoch": 39}
{"loss": 0.09500646591186523, "acc": 0.9631588459014893, "length": 3.999886989593506, "mode": "train", "epoch": 40}
{"loss": 0.13468605279922485, "acc": 0.9492806792259216, "length": 4.0, "mode": "test", "epoch": 40}
{"loss": 0.08024659752845764, "acc": 0.969401478767395, "length": 3.999774694442749, "mode": "train", "epoch": 41}
{"loss": 0.1344176083803177, "acc": 0.9508991837501526, "length": 4.0, "mode": "test", "epoch": 41}
{"loss": 0.08758996427059174, "acc": 0.9676864147186279, "length": 3.9992690086364746, "mode": "train", "epoch": 42}
{"loss": 0.18385012447834015, "acc": 0.9512591361999512, "length": 4.0, "mode": "test", "epoch": 42}
{"loss": 0.09031958132982254, "acc": 0.9657485485076904, "length": 3.998859405517578, "mode": "train", "epoch": 43}
{"loss": 0.15620781481266022, "acc": 0.9492806792259216, "length": 4.0, "mode": "test", "epoch": 43}
{"loss": 0.08659378439188004, "acc": 0.9659249186515808, "length": 3.999983787536621, "mode": "train", "epoch": 44}
{"loss": 0.1390155404806137, "acc": 0.9437049627304077, "length": 4.0, "mode": "test", "epoch": 44}
{"loss": 0.09259873628616333, "acc": 0.9644209742546082, "length": 3.9999399185180664, "mode": "train", "epoch": 45}
{"loss": 0.14226539433002472, "acc": 0.954496443271637, "length": 4.0, "mode": "test", "epoch": 45}
{"loss": 0.08931604027748108, "acc": 0.9662244319915771, "length": 3.9999208450317383, "mode": "train", "epoch": 46}
{"loss": 0.146733358502388, "acc": 0.9548561573028564, "length": 4.0, "mode": "test", "epoch": 46}
{"loss": 0.09892041981220245, "acc": 0.9622166156768799, "length": 3.9991629123687744, "mode": "train", "epoch": 47}
{"loss": 0.1441788673400879, "acc": 0.9535970091819763, "length": 4.0, "mode": "test", "epoch": 47}
{"loss": 0.0758751854300499, "acc": 0.9683288931846619, "length": 3.9999876022338867, "mode": "train", "epoch": 48}
{"loss": 0.14314694702625275, "acc": 0.9597122669219971, "length": 4.0, "mode": "test", "epoch": 48}
{"loss": 0.06472386419773102, "acc": 0.9730157256126404, "length": 3.9999330043792725, "mode": "train", "epoch": 49}
{"loss": 0.1474456936120987, "acc": 0.9534171223640442, "length": 4.0, "mode": "test", "epoch": 49}
{"loss": 0.07472352683544159, "acc": 0.9728960394859314, "length": 3.999981164932251, "mode": "train", "epoch": 50}
{"loss": 0.12853389978408813, "acc": 0.9593525528907776, "length": 4.0, "mode": "test", "epoch": 50}
{"loss": 0.0917598232626915, "acc": 0.9668020009994507, "length": 3.9990615844726562, "mode": "train", "epoch": 51}
{"loss": 0.206549733877182, "acc": 0.9471222758293152, "length": 4.0, "mode": "test", "epoch": 51}
{"loss": 0.08855712413787842, "acc": 0.968327522277832, "length": 3.9999516010284424, "mode": "train", "epoch": 52}
{"loss": 0.15265683829784393, "acc": 0.953057587146759, "length": 4.0, "mode": "test", "epoch": 52}
{"loss": 0.06449681520462036, "acc": 0.9740946292877197, "length": 3.999910593032837, "mode": "train", "epoch": 53}
{"loss": 0.1268983632326126, "acc": 0.9631294012069702, "length": 4.0, "mode": "test", "epoch": 53}
{"loss": 0.05668916925787926, "acc": 0.9771538972854614, "length": 3.9997823238372803, "mode": "train", "epoch": 54}
{"loss": 0.11302804946899414, "acc": 0.963668942451477, "length": 4.0, "mode": "test", "epoch": 54}
{"loss": 0.0572441890835762, "acc": 0.9771012663841248, "length": 3.999931573867798, "mode": "train", "epoch": 55}
{"loss": 0.11939714848995209, "acc": 0.9606115818023682, "length": 4.0, "mode": "test", "epoch": 55}
{"loss": 0.06519909203052521, "acc": 0.9754163026809692, "length": 3.9999237060546875, "mode": "train", "epoch": 56}
{"loss": 0.12166820466518402, "acc": 0.958093523979187, "length": 4.0, "mode": "test", "epoch": 56}
{"loss": 0.09214475005865097, "acc": 0.9666964411735535, "length": 3.9995229244232178, "mode": "train", "epoch": 57}
{"loss": 0.11755026876926422, "acc": 0.9606115818023682, "length": 4.0, "mode": "test", "epoch": 57}
{"loss": 0.05786574259400368, "acc": 0.9804061055183411, "length": 3.999946355819702, "mode": "train", "epoch": 58}
{"loss": 0.13930530846118927, "acc": 0.9564749002456665, "length": 4.0, "mode": "test", "epoch": 58}
{"loss": 0.06141684204339981, "acc": 0.9768012762069702, "length": 3.9999277591705322, "mode": "train", "epoch": 59}
{"loss": 0.15847894549369812, "acc": 0.9589927196502686, "length": 4.0, "mode": "test", "epoch": 59}
{"loss": 0.07329646497964859, "acc": 0.9725955128669739, "length": 3.9999852180480957, "mode": "train", "epoch": 60}
{"loss": 0.13793331384658813, "acc": 0.9584531784057617, "length": 4.0, "mode": "test", "epoch": 60}
test accuracy: 0.7857575416564941
