# ["--attributes=3", "--values=16", "--game_size=10", "--vocab_size_factor=3", "--n_epochs=60", "--batch_size=32", "--learning_rate=0.0005", "--hidden_size=256", "--temp_update=0.97", "--temperature=2"]
Creating train_ds and val_ds...

Creating test_ds...
{"loss": 0.697615921497345, "acc": 0.5100296139717102, "length": 3.220311164855957, "mode": "train", "epoch": 1}
{"loss": 0.7022764682769775, "acc": 0.4600732922554016, "length": 1.0, "mode": "test", "epoch": 1}
{"loss": 0.6443982124328613, "acc": 0.6392654180526733, "length": 2.716366767883301, "mode": "train", "epoch": 2}
{"loss": 0.5674728155136108, "acc": 0.7393974661827087, "length": 2.9450550079345703, "mode": "test", "epoch": 2}
{"loss": 0.49179011583328247, "acc": 0.7788100838661194, "length": 3.2581253051757812, "mode": "train", "epoch": 3}
{"loss": 0.4600737392902374, "acc": 0.8014092445373535, "length": 3.5054945945739746, "mode": "test", "epoch": 3}
{"loss": 0.41786763072013855, "acc": 0.826561450958252, "length": 3.5614235401153564, "mode": "train", "epoch": 4}
{"loss": 0.4723224639892578, "acc": 0.8130397200584412, "length": 3.615384578704834, "mode": "test", "epoch": 4}
{"loss": 0.37883272767066956, "acc": 0.845524251461029, "length": 3.5856640338897705, "mode": "train", "epoch": 5}
{"loss": 0.4551610052585602, "acc": 0.8205445408821106, "length": 3.912087917327881, "mode": "test", "epoch": 5}
{"loss": 0.35506048798561096, "acc": 0.8540339469909668, "length": 3.629089832305908, "mode": "train", "epoch": 6}
{"loss": 0.4303460717201233, "acc": 0.8214256167411804, "length": 3.780219793319702, "mode": "test", "epoch": 6}
{"loss": 0.3397546708583832, "acc": 0.8620814681053162, "length": 3.672995090484619, "mode": "train", "epoch": 7}
{"loss": 0.40962687134742737, "acc": 0.8326117992401123, "length": 3.6703295707702637, "mode": "test", "epoch": 7}
{"loss": 0.3163383901119232, "acc": 0.8698256015777588, "length": 3.597594976425171, "mode": "train", "epoch": 8}
{"loss": 0.4323858320713043, "acc": 0.8292504549026489, "length": 3.8241758346557617, "mode": "test", "epoch": 8}
{"loss": 0.3071562647819519, "acc": 0.8731412291526794, "length": 3.6277501583099365, "mode": "train", "epoch": 9}
{"loss": 0.4184340536594391, "acc": 0.8401728272438049, "length": 3.65201473236084, "mode": "test", "epoch": 9}
{"loss": 0.30050545930862427, "acc": 0.8742947578430176, "length": 3.5967602729797363, "mode": "train", "epoch": 10}
{"loss": 0.39537298679351807, "acc": 0.8365125060081482, "length": 3.6373627185821533, "mode": "test", "epoch": 10}
{"loss": 0.2823844850063324, "acc": 0.8818311095237732, "length": 3.589526891708374, "mode": "train", "epoch": 11}
{"loss": 0.4020100235939026, "acc": 0.8521015048027039, "length": 3.5934066772460938, "mode": "test", "epoch": 11}
{"loss": 0.26444485783576965, "acc": 0.8889891505241394, "length": 3.601776361465454, "mode": "train", "epoch": 12}
{"loss": 0.34290042519569397, "acc": 0.8708360195159912, "length": 3.5531134605407715, "mode": "test", "epoch": 12}
{"loss": 0.2646847367286682, "acc": 0.8893890380859375, "length": 3.5867252349853516, "mode": "train", "epoch": 13}
{"loss": 0.40845394134521484, "acc": 0.8508599400520325, "length": 3.692307710647583, "mode": "test", "epoch": 13}
{"loss": 0.25787559151649475, "acc": 0.8929786086082458, "length": 3.6233561038970947, "mode": "train", "epoch": 14}
{"loss": 0.32438936829566956, "acc": 0.8753622174263, "length": 3.5824174880981445, "mode": "test", "epoch": 14}
{"loss": 0.2350529432296753, "acc": 0.9064064621925354, "length": 3.6468381881713867, "mode": "train", "epoch": 15}
{"loss": 0.29927751421928406, "acc": 0.8839187622070312, "length": 3.710622787475586, "mode": "test", "epoch": 15}
{"loss": 0.21440821886062622, "acc": 0.9145724177360535, "length": 3.677250385284424, "mode": "train", "epoch": 16}
{"loss": 0.3138386905193329, "acc": 0.88616544008255, "length": 3.710622787475586, "mode": "test", "epoch": 16}
{"loss": 0.20687595009803772, "acc": 0.9207150936126709, "length": 3.678576707839966, "mode": "train", "epoch": 17}
{"loss": 0.2902368903160095, "acc": 0.8893449306488037, "length": 3.6593406200408936, "mode": "test", "epoch": 17}
{"loss": 0.1956619918346405, "acc": 0.9226751327514648, "length": 3.705348253250122, "mode": "train", "epoch": 18}
{"loss": 0.26870524883270264, "acc": 0.8868936896324158, "length": 3.626373529434204, "mode": "test", "epoch": 18}
{"loss": 0.19164034724235535, "acc": 0.9254036545753479, "length": 3.688384771347046, "mode": "train", "epoch": 19}
{"loss": 0.2935052216053009, "acc": 0.8858234286308289, "length": 3.6593406200408936, "mode": "test", "epoch": 19}
{"loss": 0.18155163526535034, "acc": 0.9298560619354248, "length": 3.6881296634674072, "mode": "train", "epoch": 20}
{"loss": 0.2487156093120575, "acc": 0.8999859094619751, "length": 3.681318759918213, "mode": "test", "epoch": 20}
{"loss": 0.18241147696971893, "acc": 0.928224503993988, "length": 3.71164608001709, "mode": "train", "epoch": 21}
{"loss": 0.25083398818969727, "acc": 0.8995667099952698, "length": 3.6373627185821533, "mode": "test", "epoch": 21}
{"loss": 0.17487381398677826, "acc": 0.9314748048782349, "length": 3.677973985671997, "mode": "train", "epoch": 22}
{"loss": 0.25709834694862366, "acc": 0.896032989025116, "length": 3.622710704803467, "mode": "test", "epoch": 22}
{"loss": 0.16417302191257477, "acc": 0.9365208745002747, "length": 3.6813483238220215, "mode": "train", "epoch": 23}
{"loss": 0.24447928369045258, "acc": 0.9161350727081299, "length": 3.615384578704834, "mode": "test", "epoch": 23}
{"loss": 0.15700380504131317, "acc": 0.9398679137229919, "length": 3.712618112564087, "mode": "train", "epoch": 24}
{"loss": 0.2469254583120346, "acc": 0.9088794589042664, "length": 3.67399263381958, "mode": "test", "epoch": 24}
{"loss": 0.14919854700565338, "acc": 0.942082941532135, "length": 3.695338249206543, "mode": "train", "epoch": 25}
{"loss": 0.21465075016021729, "acc": 0.9201515316963196, "length": 3.6886446475982666, "mode": "test", "epoch": 25}
{"loss": 0.14583630859851837, "acc": 0.9424583911895752, "length": 3.735361099243164, "mode": "train", "epoch": 26}
{"loss": 0.25425902009010315, "acc": 0.9081013798713684, "length": 3.6886446475982666, "mode": "test", "epoch": 26}
{"loss": 0.14328733086585999, "acc": 0.9457865357398987, "length": 3.708853006362915, "mode": "train", "epoch": 27}
{"loss": 0.21229064464569092, "acc": 0.9272860884666443, "length": 3.68498158454895, "mode": "test", "epoch": 27}
{"loss": 0.13641366362571716, "acc": 0.9492989182472229, "length": 3.7418134212493896, "mode": "train", "epoch": 28}
{"loss": 0.20721235871315002, "acc": 0.9212899208068848, "length": 3.681318759918213, "mode": "test", "epoch": 28}
{"loss": 0.12202868610620499, "acc": 0.9540445804595947, "length": 3.7362256050109863, "mode": "train", "epoch": 29}
{"loss": 0.24483691155910492, "acc": 0.9157906770706177, "length": 3.7435896396636963, "mode": "test", "epoch": 29}
{"loss": 0.1264287233352661, "acc": 0.9527918100357056, "length": 3.765882968902588, "mode": "train", "epoch": 30}
{"loss": 0.23053203523159027, "acc": 0.9184325337409973, "length": 3.6886446475982666, "mode": "test", "epoch": 30}
{"loss": 0.11358390748500824, "acc": 0.9575719833374023, "length": 3.7503647804260254, "mode": "train", "epoch": 31}
{"loss": 0.19929221272468567, "acc": 0.9321438670158386, "length": 3.710622787475586, "mode": "test", "epoch": 31}
{"loss": 0.12447702139616013, "acc": 0.9543181657791138, "length": 3.759546995162964, "mode": "train", "epoch": 32}
{"loss": 0.20494344830513, "acc": 0.9306157231330872, "length": 3.758241653442383, "mode": "test", "epoch": 32}
{"loss": 0.1171703040599823, "acc": 0.9570701718330383, "length": 3.73124098777771, "mode": "train", "epoch": 33}
{"loss": 0.21372492611408234, "acc": 0.924899697303772, "length": 3.68498158454895, "mode": "test", "epoch": 33}
{"loss": 0.11039705574512482, "acc": 0.9565302729606628, "length": 3.753386974334717, "mode": "train", "epoch": 34}
{"loss": 0.20915044844150543, "acc": 0.934615433216095, "length": 3.7252748012542725, "mode": "test", "epoch": 34}
{"loss": 0.1120230183005333, "acc": 0.9575226902961731, "length": 3.766537666320801, "mode": "train", "epoch": 35}
{"loss": 0.17944689095020294, "acc": 0.9347676038742065, "length": 3.6886446475982666, "mode": "test", "epoch": 35}
{"loss": 0.11478351056575775, "acc": 0.9573218822479248, "length": 3.7453479766845703, "mode": "train", "epoch": 36}
{"loss": 0.1683640480041504, "acc": 0.9445152282714844, "length": 3.6776556968688965, "mode": "test", "epoch": 36}
{"loss": 0.10281459242105484, "acc": 0.9619047045707703, "length": 3.749204635620117, "mode": "train", "epoch": 37}
{"loss": 0.16116097569465637, "acc": 0.9444866180419922, "length": 3.7289376258850098, "mode": "test", "epoch": 37}
{"loss": 0.09820523113012314, "acc": 0.9614058136940002, "length": 3.757751941680908, "mode": "train", "epoch": 38}
{"loss": 0.21710601449012756, "acc": 0.9246235489845276, "length": 3.769230842590332, "mode": "test", "epoch": 38}
{"loss": 0.1087658703327179, "acc": 0.9553609490394592, "length": 3.79011607170105, "mode": "train", "epoch": 39}
{"loss": 0.20272155106067657, "acc": 0.93513423204422, "length": 3.6886446475982666, "mode": "test", "epoch": 39}
{"loss": 0.11373819410800934, "acc": 0.9573773741722107, "length": 3.742683172225952, "mode": "train", "epoch": 40}
{"loss": 0.22772879898548126, "acc": 0.9332401156425476, "length": 3.6483516693115234, "mode": "test", "epoch": 40}
{"loss": 0.10631955415010452, "acc": 0.9597389101982117, "length": 3.732229471206665, "mode": "train", "epoch": 41}
{"loss": 0.23867212235927582, "acc": 0.9366065263748169, "length": 3.6776556968688965, "mode": "test", "epoch": 41}
{"loss": 0.10576988011598587, "acc": 0.9617044925689697, "length": 3.731534957885742, "mode": "train", "epoch": 42}
{"loss": 0.20639456808567047, "acc": 0.9500795006752014, "length": 3.67399263381958, "mode": "test", "epoch": 42}
{"loss": 0.10355495661497116, "acc": 0.9618493914604187, "length": 3.7366929054260254, "mode": "train", "epoch": 43}
{"loss": 0.18419773876667023, "acc": 0.9488418102264404, "length": 3.703296661376953, "mode": "test", "epoch": 43}
{"loss": 0.11343241482973099, "acc": 0.9587706327438354, "length": 3.816751003265381, "mode": "train", "epoch": 44}
{"loss": 0.2446134090423584, "acc": 0.9367509484291077, "length": 3.7289376258850098, "mode": "test", "epoch": 44}
{"loss": 0.11384094506502151, "acc": 0.9557202458381653, "length": 3.7648115158081055, "mode": "train", "epoch": 45}
{"loss": 0.18645979464054108, "acc": 0.9460013508796692, "length": 3.68498158454895, "mode": "test", "epoch": 45}
{"loss": 0.10266006737947464, "acc": 0.9597105383872986, "length": 3.7490615844726562, "mode": "train", "epoch": 46}
{"loss": 0.17922478914260864, "acc": 0.9465433955192566, "length": 3.6996335983276367, "mode": "test", "epoch": 46}
{"loss": 0.10133492201566696, "acc": 0.9628546833992004, "length": 3.749746322631836, "mode": "train", "epoch": 47}
{"loss": 0.16434910893440247, "acc": 0.9524902701377869, "length": 3.6886446475982666, "mode": "test", "epoch": 47}
{"loss": 0.12060175836086273, "acc": 0.9575953483581543, "length": 3.7242889404296875, "mode": "train", "epoch": 48}
{"loss": 0.17283320426940918, "acc": 0.9459882378578186, "length": 3.6410255432128906, "mode": "test", "epoch": 48}
{"loss": 0.11962602287530899, "acc": 0.9580508470535278, "length": 3.7360646724700928, "mode": "train", "epoch": 49}
{"loss": 0.16324646770954132, "acc": 0.9548360109329224, "length": 3.66300368309021, "mode": "test", "epoch": 49}
{"loss": 0.09809472411870956, "acc": 0.9634091854095459, "length": 3.7276532649993896, "mode": "train", "epoch": 50}
{"loss": 0.1456066519021988, "acc": 0.9505007266998291, "length": 3.6996335983276367, "mode": "test", "epoch": 50}
{"loss": 0.09175024926662445, "acc": 0.9690462350845337, "length": 3.7338290214538574, "mode": "train", "epoch": 51}
{"loss": 0.15010951459407806, "acc": 0.9543992280960083, "length": 3.644688606262207, "mode": "test", "epoch": 51}
{"loss": 0.09396630525588989, "acc": 0.9644607901573181, "length": 3.7238616943359375, "mode": "train", "epoch": 52}
{"loss": 0.19932402670383453, "acc": 0.9389383792877197, "length": 3.816849708557129, "mode": "test", "epoch": 52}
{"loss": 0.09104660153388977, "acc": 0.9660459160804749, "length": 3.7313199043273926, "mode": "train", "epoch": 53}
{"loss": 0.17289529740810394, "acc": 0.9563008546829224, "length": 3.6117215156555176, "mode": "test", "epoch": 53}
{"loss": 0.09226085990667343, "acc": 0.9690677523612976, "length": 3.7311363220214844, "mode": "train", "epoch": 54}
{"loss": 0.20296519994735718, "acc": 0.9420232176780701, "length": 3.805860757827759, "mode": "test", "epoch": 54}
{"loss": 0.08966127783060074, "acc": 0.9661446809768677, "length": 3.756718397140503, "mode": "train", "epoch": 55}
{"loss": 0.16148608922958374, "acc": 0.9534943699836731, "length": 3.6703295707702637, "mode": "test", "epoch": 55}
{"loss": 0.0809173732995987, "acc": 0.969498872756958, "length": 3.7240920066833496, "mode": "train", "epoch": 56}
{"loss": 0.17381571233272552, "acc": 0.9478435516357422, "length": 3.67399263381958, "mode": "test", "epoch": 56}
{"loss": 0.08669018000364304, "acc": 0.9693832993507385, "length": 3.71754789352417, "mode": "train", "epoch": 57}
{"loss": 0.19211287796497345, "acc": 0.9436415433883667, "length": 3.5604395866394043, "mode": "test", "epoch": 57}
{"loss": 0.09648331999778748, "acc": 0.9659677743911743, "length": 3.682035446166992, "mode": "train", "epoch": 58}
{"loss": 0.17107407748699188, "acc": 0.9528195858001709, "length": 3.6886446475982666, "mode": "test", "epoch": 58}
{"loss": 0.08848251402378082, "acc": 0.9664280414581299, "length": 3.7812774181365967, "mode": "train", "epoch": 59}
{"loss": 0.17304575443267822, "acc": 0.9573149681091309, "length": 3.7179486751556396, "mode": "test", "epoch": 59}
{"loss": 0.09020821005105972, "acc": 0.9657565355300903, "length": 3.7376868724823, "mode": "train", "epoch": 60}
{"loss": 0.16239450871944427, "acc": 0.9321438670158386, "length": 3.6703295707702637, "mode": "test", "epoch": 60}
test accuracy: 0.8722053170204163
