# ["--attributes=3", "--values=16", "--game_size=10", "--vocab_size_factor=3", "--n_epochs=60", "--batch_size=32", "--learning_rate=0.0005", "--hidden_size=256", "--temp_update=0.99", "--temperature=1"]
Creating train_ds and val_ds...

Creating test_ds...
{"loss": 0.6922768950462341, "acc": 0.5376471281051636, "length": 3.2847747802734375, "mode": "train", "epoch": 1}
{"loss": 0.6889265179634094, "acc": 0.5151103734970093, "length": 1.2412587404251099, "mode": "test", "epoch": 1}
{"loss": 0.6096455454826355, "acc": 0.7011139988899231, "length": 2.9208569526672363, "mode": "train", "epoch": 2}
{"loss": 0.5122283697128296, "acc": 0.768236517906189, "length": 3.576923131942749, "mode": "test", "epoch": 2}
{"loss": 0.4348742663860321, "acc": 0.8130895495414734, "length": 3.5436036586761475, "mode": "train", "epoch": 3}
{"loss": 0.4181331992149353, "acc": 0.8170269131660461, "length": 3.744755268096924, "mode": "test", "epoch": 3}
{"loss": 0.35240668058395386, "acc": 0.8534908890724182, "length": 3.550088882446289, "mode": "train", "epoch": 4}
{"loss": 0.3825180232524872, "acc": 0.8365548849105835, "length": 3.7517483234405518, "mode": "test", "epoch": 4}
{"loss": 0.32246509194374084, "acc": 0.8698281645774841, "length": 3.600517511367798, "mode": "train", "epoch": 5}
{"loss": 0.3692224323749542, "acc": 0.8459258675575256, "length": 3.7272727489471436, "mode": "test", "epoch": 5}
{"loss": 0.3033650815486908, "acc": 0.8774019479751587, "length": 3.5828888416290283, "mode": "train", "epoch": 6}
{"loss": 0.3375876843929291, "acc": 0.8589078187942505, "length": 3.7132866382598877, "mode": "test", "epoch": 6}
{"loss": 0.28506094217300415, "acc": 0.8856744766235352, "length": 3.6119232177734375, "mode": "train", "epoch": 7}
{"loss": 0.3129734396934509, "acc": 0.871013343334198, "length": 3.755244731903076, "mode": "test", "epoch": 7}
{"loss": 0.25706714391708374, "acc": 0.9021546244621277, "length": 3.685826539993286, "mode": "train", "epoch": 8}
{"loss": 0.2731483578681946, "acc": 0.8952146768569946, "length": 3.8356642723083496, "mode": "test", "epoch": 8}
{"loss": 0.24094147980213165, "acc": 0.905571460723877, "length": 3.705578327178955, "mode": "train", "epoch": 9}
{"loss": 0.2529207766056061, "acc": 0.899101734161377, "length": 3.7727272510528564, "mode": "test", "epoch": 9}
{"loss": 0.21535873413085938, "acc": 0.9171817898750305, "length": 3.7623939514160156, "mode": "train", "epoch": 10}
{"loss": 0.27355659008026123, "acc": 0.8891826868057251, "length": 3.7587411403656006, "mode": "test", "epoch": 10}
{"loss": 0.20775927603244781, "acc": 0.9181352853775024, "length": 3.6932387351989746, "mode": "train", "epoch": 11}
{"loss": 0.2293902188539505, "acc": 0.9154993891716003, "length": 3.8181817531585693, "mode": "test", "epoch": 11}
{"loss": 0.18228057026863098, "acc": 0.9332591891288757, "length": 3.761225938796997, "mode": "train", "epoch": 12}
{"loss": 0.1995377093553543, "acc": 0.9347988963127136, "length": 3.8741259574890137, "mode": "test", "epoch": 12}
{"loss": 0.17107585072517395, "acc": 0.9354945421218872, "length": 3.8165690898895264, "mode": "train", "epoch": 13}
{"loss": 0.19792750477790833, "acc": 0.9324038028717041, "length": 3.8881118297576904, "mode": "test", "epoch": 13}
{"loss": 0.15371018648147583, "acc": 0.9431697726249695, "length": 3.854675054550171, "mode": "train", "epoch": 14}
{"loss": 0.19241730868816376, "acc": 0.9286823272705078, "length": 3.947552442550659, "mode": "test", "epoch": 14}
{"loss": 0.1557019054889679, "acc": 0.9424613118171692, "length": 3.8785858154296875, "mode": "train", "epoch": 15}
{"loss": 0.18529149889945984, "acc": 0.9303584694862366, "length": 3.9335663318634033, "mode": "test", "epoch": 15}
{"loss": 0.14248022437095642, "acc": 0.9456067681312561, "length": 3.8925719261169434, "mode": "train", "epoch": 16}
{"loss": 0.1653164178133011, "acc": 0.9493468999862671, "length": 3.923076868057251, "mode": "test", "epoch": 16}
{"loss": 0.12807528674602509, "acc": 0.9527028203010559, "length": 3.8797812461853027, "mode": "train", "epoch": 17}
{"loss": 0.182804137468338, "acc": 0.9325557351112366, "length": 3.9020979404449463, "mode": "test", "epoch": 17}
{"loss": 0.12373779714107513, "acc": 0.9520114064216614, "length": 3.877135992050171, "mode": "train", "epoch": 18}
{"loss": 0.16590304672718048, "acc": 0.9457809329032898, "length": 3.9195804595947266, "mode": "test", "epoch": 18}
{"loss": 0.11854491382837296, "acc": 0.9582735300064087, "length": 3.919067621231079, "mode": "train", "epoch": 19}
{"loss": 0.15163365006446838, "acc": 0.948853075504303, "length": 3.9440560340881348, "mode": "test", "epoch": 19}
{"loss": 0.11062345653772354, "acc": 0.9578836560249329, "length": 3.8973069190979004, "mode": "train", "epoch": 20}
{"loss": 0.1297553926706314, "acc": 0.9530054926872253, "length": 3.937062978744507, "mode": "test", "epoch": 20}
{"loss": 0.10749252885580063, "acc": 0.9618523120880127, "length": 3.8991756439208984, "mode": "train", "epoch": 21}
{"loss": 0.1334606260061264, "acc": 0.9467751979827881, "length": 3.9405593872070312, "mode": "test", "epoch": 21}
{"loss": 0.0927923172712326, "acc": 0.9678793549537659, "length": 3.905388593673706, "mode": "train", "epoch": 22}
{"loss": 0.15268638730049133, "acc": 0.9576537609100342, "length": 3.930069923400879, "mode": "test", "epoch": 22}
{"loss": 0.08194142580032349, "acc": 0.9714699387550354, "length": 3.8878345489501953, "mode": "train", "epoch": 23}
{"loss": 0.10099983960390091, "acc": 0.9625164270401001, "length": 3.9195804595947266, "mode": "test", "epoch": 23}
{"loss": 0.08657125383615494, "acc": 0.9696002006530762, "length": 3.890475273132324, "mode": "train", "epoch": 24}
{"loss": 0.12071621417999268, "acc": 0.9530569314956665, "length": 3.8951048851013184, "mode": "test", "epoch": 24}
{"loss": 0.0823000892996788, "acc": 0.973960280418396, "length": 3.86572003364563, "mode": "train", "epoch": 25}
{"loss": 0.13221049308776855, "acc": 0.9579014182090759, "length": 3.923076868057251, "mode": "test", "epoch": 25}
{"loss": 0.07174622267484665, "acc": 0.9745798707008362, "length": 3.869778633117676, "mode": "train", "epoch": 26}
{"loss": 0.11577942967414856, "acc": 0.9610905051231384, "length": 3.9265735149383545, "mode": "test", "epoch": 26}
{"loss": 0.07033945620059967, "acc": 0.9756365418434143, "length": 3.8849775791168213, "mode": "train", "epoch": 27}
{"loss": 0.11223263293504715, "acc": 0.9602429866790771, "length": 3.930069923400879, "mode": "test", "epoch": 27}
{"loss": 0.06919385492801666, "acc": 0.9752889275550842, "length": 3.8948919773101807, "mode": "train", "epoch": 28}
{"loss": 0.10129889100790024, "acc": 0.9712991714477539, "length": 3.9440560340881348, "mode": "test", "epoch": 28}
{"loss": 0.07396002113819122, "acc": 0.9731892943382263, "length": 3.848506450653076, "mode": "train", "epoch": 29}
{"loss": 0.1545639932155609, "acc": 0.9506609439849854, "length": 3.916083812713623, "mode": "test", "epoch": 29}
{"loss": 0.0702914372086525, "acc": 0.9745694994926453, "length": 3.9044973850250244, "mode": "train", "epoch": 30}
{"loss": 0.14478516578674316, "acc": 0.9589731693267822, "length": 3.9405593872070312, "mode": "test", "epoch": 30}
{"loss": 0.07022516429424286, "acc": 0.9771630764007568, "length": 3.846731185913086, "mode": "train", "epoch": 31}
{"loss": 0.13622446358203888, "acc": 0.9583555459976196, "length": 3.9405593872070312, "mode": "test", "epoch": 31}
{"loss": 0.07189992070198059, "acc": 0.9749156832695007, "length": 3.8992433547973633, "mode": "train", "epoch": 32}
{"loss": 0.15028740465641022, "acc": 0.9582546353340149, "length": 3.8986012935638428, "mode": "test", "epoch": 32}
{"loss": 0.06662329286336899, "acc": 0.9781180620193481, "length": 3.861473321914673, "mode": "train", "epoch": 33}
{"loss": 0.13349725306034088, "acc": 0.9599038362503052, "length": 3.937062978744507, "mode": "test", "epoch": 33}
{"loss": 0.07817438244819641, "acc": 0.9726825952529907, "length": 3.9178223609924316, "mode": "train", "epoch": 34}
{"loss": 0.12208705395460129, "acc": 0.9676373600959778, "length": 3.8426573276519775, "mode": "test", "epoch": 34}
{"loss": 0.06236490234732628, "acc": 0.9786384105682373, "length": 3.890887498855591, "mode": "train", "epoch": 35}
{"loss": 0.11561156809329987, "acc": 0.9600789546966553, "length": 3.947552442550659, "mode": "test", "epoch": 35}
{"loss": 0.04876699298620224, "acc": 0.9829504489898682, "length": 3.9388558864593506, "mode": "train", "epoch": 36}
{"loss": 0.1019684374332428, "acc": 0.9747322797775269, "length": 3.954545497894287, "mode": "test", "epoch": 36}
{"loss": 0.05007205158472061, "acc": 0.9825693368911743, "length": 3.9056737422943115, "mode": "train", "epoch": 37}
{"loss": 0.13658340275287628, "acc": 0.9628325700759888, "length": 3.937062978744507, "mode": "test", "epoch": 37}
{"loss": 0.05629195645451546, "acc": 0.9809035658836365, "length": 3.896686553955078, "mode": "train", "epoch": 38}
{"loss": 0.1542733758687973, "acc": 0.9615989923477173, "length": 3.937062978744507, "mode": "test", "epoch": 38}
{"loss": 0.07352539896965027, "acc": 0.975548505783081, "length": 3.9055092334747314, "mode": "train", "epoch": 39}
{"loss": 0.19289524853229523, "acc": 0.960595965385437, "length": 3.947552442550659, "mode": "test", "epoch": 39}
{"loss": 0.06640065461397171, "acc": 0.9796338677406311, "length": 3.9053404331207275, "mode": "train", "epoch": 40}
{"loss": 0.1706417351961136, "acc": 0.9569373726844788, "length": 3.916083812713623, "mode": "test", "epoch": 40}
{"loss": 0.04358702525496483, "acc": 0.9870901107788086, "length": 3.867428779602051, "mode": "train", "epoch": 41}
{"loss": 0.08112231642007828, "acc": 0.9786649346351624, "length": 3.9265735149383545, "mode": "test", "epoch": 41}
{"loss": 0.03592776507139206, "acc": 0.9902485013008118, "length": 3.9031622409820557, "mode": "train", "epoch": 42}
{"loss": 0.07400516420602798, "acc": 0.9792132377624512, "length": 3.930069923400879, "mode": "test", "epoch": 42}
{"loss": 0.033091094344854355, "acc": 0.9902897477149963, "length": 3.8971316814422607, "mode": "train", "epoch": 43}
{"loss": 0.07574238628149033, "acc": 0.9811775088310242, "length": 3.9020979404449463, "mode": "test", "epoch": 43}
{"loss": 0.023111756891012192, "acc": 0.9947850108146667, "length": 3.893470287322998, "mode": "train", "epoch": 44}
{"loss": 0.0689331591129303, "acc": 0.9857230186462402, "length": 3.9335663318634033, "mode": "test", "epoch": 44}
{"loss": 0.034249525517225266, "acc": 0.9900650382041931, "length": 3.9255547523498535, "mode": "train", "epoch": 45}
{"loss": 0.06646561622619629, "acc": 0.9833682179450989, "length": 3.9440560340881348, "mode": "test", "epoch": 45}
{"loss": 0.044050104916095734, "acc": 0.987232506275177, "length": 3.9009013175964355, "mode": "train", "epoch": 46}
{"loss": 0.09753280133008957, "acc": 0.9745021462440491, "length": 3.9125874042510986, "mode": "test", "epoch": 46}
{"loss": 0.04063649848103523, "acc": 0.9883134365081787, "length": 3.917356014251709, "mode": "train", "epoch": 47}
{"loss": 0.06335911899805069, "acc": 0.9833235144615173, "length": 3.9195804595947266, "mode": "test", "epoch": 47}
{"loss": 0.045899905264377594, "acc": 0.9862477779388428, "length": 3.9143266677856445, "mode": "train", "epoch": 48}
{"loss": 0.08190556615591049, "acc": 0.982611894607544, "length": 3.9335663318634033, "mode": "test", "epoch": 48}
{"loss": 0.028171749785542488, "acc": 0.9925931096076965, "length": 3.924928665161133, "mode": "train", "epoch": 49}
{"loss": 0.07445593923330307, "acc": 0.9843913316726685, "length": 3.9510488510131836, "mode": "test", "epoch": 49}
{"loss": 0.024029841646552086, "acc": 0.99309903383255, "length": 3.929307460784912, "mode": "train", "epoch": 50}
{"loss": 0.11309017241001129, "acc": 0.9731295108795166, "length": 3.937062978744507, "mode": "test", "epoch": 50}
{"loss": 0.022705502808094025, "acc": 0.9929981827735901, "length": 3.92294979095459, "mode": "train", "epoch": 51}
{"loss": 0.08957475423812866, "acc": 0.9808396697044373, "length": 3.937062978744507, "mode": "test", "epoch": 51}
{"loss": 0.03549144044518471, "acc": 0.9888817667961121, "length": 3.9250071048736572, "mode": "train", "epoch": 52}
{"loss": 0.1435515135526657, "acc": 0.9738364219665527, "length": 3.961538553237915, "mode": "test", "epoch": 52}
{"loss": 0.03449179232120514, "acc": 0.988364577293396, "length": 3.941016674041748, "mode": "train", "epoch": 53}
{"loss": 0.08137974888086319, "acc": 0.985243558883667, "length": 3.9510488510131836, "mode": "test", "epoch": 53}
{"loss": 0.01650523580610752, "acc": 0.9955962300300598, "length": 3.9260685443878174, "mode": "train", "epoch": 54}
{"loss": 0.09225713461637497, "acc": 0.9825612306594849, "length": 3.9510488510131836, "mode": "test", "epoch": 54}
{"loss": 0.017740823328495026, "acc": 0.9957922101020813, "length": 3.926189422607422, "mode": "train", "epoch": 55}
{"loss": 0.07703189551830292, "acc": 0.9861811995506287, "length": 3.9265735149383545, "mode": "test", "epoch": 55}
{"loss": 0.019931092858314514, "acc": 0.9945833086967468, "length": 3.897186517715454, "mode": "train", "epoch": 56}
{"loss": 0.1303981989622116, "acc": 0.9755572080612183, "length": 3.937062978744507, "mode": "test", "epoch": 56}
{"loss": 0.02765524573624134, "acc": 0.9926525354385376, "length": 3.91330623626709, "mode": "train", "epoch": 57}
{"loss": 0.09537927061319351, "acc": 0.9813203811645508, "length": 3.937062978744507, "mode": "test", "epoch": 57}
{"loss": 0.031972020864486694, "acc": 0.990200400352478, "length": 3.8849096298217773, "mode": "train", "epoch": 58}
{"loss": 0.1442352533340454, "acc": 0.9726008772850037, "length": 3.909090995788574, "mode": "test", "epoch": 58}
{"loss": 0.03780115395784378, "acc": 0.9897267818450928, "length": 3.8938796520233154, "mode": "train", "epoch": 59}
{"loss": 0.09979892522096634, "acc": 0.9786548614501953, "length": 3.9335663318634033, "mode": "test", "epoch": 59}
{"loss": 0.04196644574403763, "acc": 0.9912465214729309, "length": 3.890937089920044, "mode": "train", "epoch": 60}
{"loss": 0.08454180508852005, "acc": 0.9804844260215759, "length": 3.947552442550659, "mode": "test", "epoch": 60}
test accuracy: 0.8308801651000977
