# ["--attributes=3", "--values=16", "--game_size=10", "--vocab_size_factor=3", "--n_epochs=60", "--batch_size=32", "--learning_rate=0.0005", "--hidden_size=256", "--temp_update=0.99", "--temperature=1.5"]
Creating train_ds and val_ds...

Creating test_ds...
{"loss": 0.6978707313537598, "acc": 0.5321634411811829, "length": 2.675179958343506, "mode": "train", "epoch": 1}
{"loss": 0.7051621079444885, "acc": 0.479195773601532, "length": 1.0, "mode": "test", "epoch": 1}
{"loss": 0.6385391354560852, "acc": 0.6416071653366089, "length": 2.2105517387390137, "mode": "train", "epoch": 2}
{"loss": 0.5912379026412964, "acc": 0.6985613703727722, "length": 2.7097902297973633, "mode": "test", "epoch": 2}
{"loss": 0.5405325293540955, "acc": 0.7376833558082581, "length": 2.469712495803833, "mode": "train", "epoch": 3}
{"loss": 0.5347907543182373, "acc": 0.7490126490592957, "length": 2.730769157409668, "mode": "test", "epoch": 3}
{"loss": 0.46275994181632996, "acc": 0.7870518565177917, "length": 2.826188087463379, "mode": "train", "epoch": 4}
{"loss": 0.4790705144405365, "acc": 0.7802979350090027, "length": 3.2867133617401123, "mode": "test", "epoch": 4}
{"loss": 0.40828603506088257, "acc": 0.822635293006897, "length": 3.1358683109283447, "mode": "train", "epoch": 5}
{"loss": 0.47616448998451233, "acc": 0.7901268005371094, "length": 3.423076868057251, "mode": "test", "epoch": 5}
{"loss": 0.37798231840133667, "acc": 0.8401212096214294, "length": 3.2290256023406982, "mode": "train", "epoch": 6}
{"loss": 0.4748675525188446, "acc": 0.80955570936203, "length": 3.3181817531585693, "mode": "test", "epoch": 6}
{"loss": 0.36018434166908264, "acc": 0.840877115726471, "length": 3.296067714691162, "mode": "train", "epoch": 7}
{"loss": 0.45950883626937866, "acc": 0.8074719905853271, "length": 3.2867133617401123, "mode": "test", "epoch": 7}
{"loss": 0.34248653054237366, "acc": 0.8545762300491333, "length": 3.312345266342163, "mode": "train", "epoch": 8}
{"loss": 0.43632644414901733, "acc": 0.8215682506561279, "length": 3.3811187744140625, "mode": "test", "epoch": 8}
{"loss": 0.3265764117240906, "acc": 0.8630532026290894, "length": 3.3726017475128174, "mode": "train", "epoch": 9}
{"loss": 0.4090695381164551, "acc": 0.8303048014640808, "length": 3.4020979404449463, "mode": "test", "epoch": 9}
{"loss": 0.31784939765930176, "acc": 0.8670153021812439, "length": 3.4020462036132812, "mode": "train", "epoch": 10}
{"loss": 0.41279980540275574, "acc": 0.834721028804779, "length": 3.4965035915374756, "mode": "test", "epoch": 10}
{"loss": 0.2949451208114624, "acc": 0.8803236484527588, "length": 3.457858085632324, "mode": "train", "epoch": 11}
{"loss": 0.3986228406429291, "acc": 0.8445847630500793, "length": 3.5489511489868164, "mode": "test", "epoch": 11}
{"loss": 0.28443580865859985, "acc": 0.8848015069961548, "length": 3.4584248065948486, "mode": "train", "epoch": 12}
{"loss": 0.3597218096256256, "acc": 0.8506009578704834, "length": 3.506993055343628, "mode": "test", "epoch": 12}
{"loss": 0.27129635214805603, "acc": 0.888739824295044, "length": 3.4498229026794434, "mode": "train", "epoch": 13}
{"loss": 0.3406628966331482, "acc": 0.8563202619552612, "length": 3.5594406127929688, "mode": "test", "epoch": 13}
{"loss": 0.25709372758865356, "acc": 0.8942939043045044, "length": 3.4266510009765625, "mode": "train", "epoch": 14}
{"loss": 0.3405008614063263, "acc": 0.8624610304832458, "length": 3.538461446762085, "mode": "test", "epoch": 14}
{"loss": 0.2443397492170334, "acc": 0.8998013138771057, "length": 3.4382801055908203, "mode": "train", "epoch": 15}
{"loss": 0.31769779324531555, "acc": 0.8716815710067749, "length": 3.506993055343628, "mode": "test", "epoch": 15}
{"loss": 0.22789151966571808, "acc": 0.9053301215171814, "length": 3.477208375930786, "mode": "train", "epoch": 16}
{"loss": 0.32530951499938965, "acc": 0.8743047714233398, "length": 3.5489511489868164, "mode": "test", "epoch": 16}
{"loss": 0.21840447187423706, "acc": 0.911525309085846, "length": 3.520592451095581, "mode": "train", "epoch": 17}
{"loss": 0.30336928367614746, "acc": 0.877257764339447, "length": 3.5489511489868164, "mode": "test", "epoch": 17}
{"loss": 0.2073839008808136, "acc": 0.9151201248168945, "length": 3.5227713584899902, "mode": "train", "epoch": 18}
{"loss": 0.2920840382575989, "acc": 0.8837600946426392, "length": 3.6643357276916504, "mode": "test", "epoch": 18}
{"loss": 0.20266170799732208, "acc": 0.9166479110717773, "length": 3.587181329727173, "mode": "train", "epoch": 19}
{"loss": 0.2920742332935333, "acc": 0.8849020004272461, "length": 3.716783285140991, "mode": "test", "epoch": 19}
{"loss": 0.18516507744789124, "acc": 0.9263884425163269, "length": 3.6457877159118652, "mode": "train", "epoch": 20}
{"loss": 0.25754621624946594, "acc": 0.8953157663345337, "length": 3.6958041191101074, "mode": "test", "epoch": 20}
{"loss": 0.1772616058588028, "acc": 0.9333747029304504, "length": 3.6568429470062256, "mode": "train", "epoch": 21}
{"loss": 0.28965646028518677, "acc": 0.891200840473175, "length": 3.706293821334839, "mode": "test", "epoch": 21}
{"loss": 0.1696709543466568, "acc": 0.9336206316947937, "length": 3.7363290786743164, "mode": "train", "epoch": 22}
{"loss": 0.2564958930015564, "acc": 0.9028903841972351, "length": 3.8671329021453857, "mode": "test", "epoch": 22}
{"loss": 0.15000702440738678, "acc": 0.9399208426475525, "length": 3.8660526275634766, "mode": "train", "epoch": 23}
{"loss": 0.20228880643844604, "acc": 0.9267482161521912, "length": 4.0, "mode": "test", "epoch": 23}
{"loss": 0.13971136510372162, "acc": 0.9458062648773193, "length": 3.9688029289245605, "mode": "train", "epoch": 24}
{"loss": 0.21695859730243683, "acc": 0.919755220413208, "length": 4.0, "mode": "test", "epoch": 24}
{"loss": 0.13803252577781677, "acc": 0.9484227299690247, "length": 3.986640691757202, "mode": "train", "epoch": 25}
{"loss": 0.23034027218818665, "acc": 0.9120630621910095, "length": 4.0, "mode": "test", "epoch": 25}
{"loss": 0.12568284571170807, "acc": 0.9510343670845032, "length": 3.9900074005126953, "mode": "train", "epoch": 26}
{"loss": 0.22420750558376312, "acc": 0.9188811779022217, "length": 4.0, "mode": "test", "epoch": 26}
{"loss": 0.12023675441741943, "acc": 0.9522810578346252, "length": 3.9875454902648926, "mode": "train", "epoch": 27}
{"loss": 0.22014638781547546, "acc": 0.9232518076896667, "length": 4.0, "mode": "test", "epoch": 27}
{"loss": 0.13121773302555084, "acc": 0.9516726732254028, "length": 3.992838144302368, "mode": "train", "epoch": 28}
{"loss": 0.20170779526233673, "acc": 0.9272727966308594, "length": 4.0, "mode": "test", "epoch": 28}
{"loss": 0.11363544315099716, "acc": 0.9523499011993408, "length": 3.9953079223632812, "mode": "train", "epoch": 29}
{"loss": 0.19771717488765717, "acc": 0.9276223182678223, "length": 4.0, "mode": "test", "epoch": 29}
{"loss": 0.10861934721469879, "acc": 0.956183910369873, "length": 3.9947025775909424, "mode": "train", "epoch": 30}
{"loss": 0.214894101023674, "acc": 0.9250001907348633, "length": 4.0, "mode": "test", "epoch": 30}
{"loss": 0.12460161745548248, "acc": 0.9503834247589111, "length": 3.9922492504119873, "mode": "train", "epoch": 31}
{"loss": 0.2042432427406311, "acc": 0.9256991744041443, "length": 4.0, "mode": "test", "epoch": 31}
{"loss": 0.11960230767726898, "acc": 0.9529034495353699, "length": 3.9953417778015137, "mode": "train", "epoch": 32}
{"loss": 0.21514709293842316, "acc": 0.9291958212852478, "length": 4.0, "mode": "test", "epoch": 32}
{"loss": 0.1033860519528389, "acc": 0.9590073227882385, "length": 3.995845079421997, "mode": "train", "epoch": 33}
{"loss": 0.19493257999420166, "acc": 0.9319929480552673, "length": 4.0, "mode": "test", "epoch": 33}
{"loss": 0.10005639493465424, "acc": 0.9610535502433777, "length": 3.99758243560791, "mode": "train", "epoch": 34}
{"loss": 0.19238726794719696, "acc": 0.9328669905662537, "length": 4.0, "mode": "test", "epoch": 34}
{"loss": 0.09335330873727798, "acc": 0.9624044895172119, "length": 3.996426582336426, "mode": "train", "epoch": 35}
{"loss": 0.19033244252204895, "acc": 0.9356643557548523, "length": 4.0, "mode": "test", "epoch": 35}
{"loss": 0.09863071143627167, "acc": 0.963009238243103, "length": 3.99838924407959, "mode": "train", "epoch": 36}
{"loss": 0.20928367972373962, "acc": 0.9307692646980286, "length": 4.0, "mode": "test", "epoch": 36}
{"loss": 0.10225878655910492, "acc": 0.960218071937561, "length": 3.998955488204956, "mode": "train", "epoch": 37}
{"loss": 0.20656615495681763, "acc": 0.9279720187187195, "length": 4.0, "mode": "test", "epoch": 37}
{"loss": 0.10638729482889175, "acc": 0.9597597718238831, "length": 3.9978067874908447, "mode": "train", "epoch": 38}
{"loss": 0.19658567011356354, "acc": 0.9351397752761841, "length": 4.0, "mode": "test", "epoch": 38}
{"loss": 0.09881280362606049, "acc": 0.9609536528587341, "length": 3.998683214187622, "mode": "train", "epoch": 39}
{"loss": 0.2002881020307541, "acc": 0.9276223182678223, "length": 4.0, "mode": "test", "epoch": 39}
{"loss": 0.09954127669334412, "acc": 0.959973156452179, "length": 3.998790740966797, "mode": "train", "epoch": 40}
{"loss": 0.20896004140377045, "acc": 0.9276221990585327, "length": 4.0, "mode": "test", "epoch": 40}
{"loss": 0.09624975919723511, "acc": 0.9624954462051392, "length": 3.998814344406128, "mode": "train", "epoch": 41}
{"loss": 0.17345353960990906, "acc": 0.9393358826637268, "length": 4.0, "mode": "test", "epoch": 41}
{"loss": 0.08954306691884995, "acc": 0.9640823006629944, "length": 3.998859167098999, "mode": "train", "epoch": 42}
{"loss": 0.17516393959522247, "acc": 0.9335664510726929, "length": 4.0, "mode": "test", "epoch": 42}
{"loss": 0.08999329060316086, "acc": 0.963904082775116, "length": 3.999096393585205, "mode": "train", "epoch": 43}
{"loss": 0.19456781446933746, "acc": 0.9375876188278198, "length": 4.0, "mode": "test", "epoch": 43}
{"loss": 0.08249807357788086, "acc": 0.9647229909896851, "length": 3.999011993408203, "mode": "train", "epoch": 44}
{"loss": 0.15721924602985382, "acc": 0.9365384578704834, "length": 4.0, "mode": "test", "epoch": 44}
{"loss": 0.09003011137247086, "acc": 0.9644492268562317, "length": 3.9996092319488525, "mode": "train", "epoch": 45}
{"loss": 0.19051608443260193, "acc": 0.9410840272903442, "length": 4.0, "mode": "test", "epoch": 45}
{"loss": 0.0830506682395935, "acc": 0.9655158519744873, "length": 3.997844934463501, "mode": "train", "epoch": 46}
{"loss": 0.1689465343952179, "acc": 0.9437062740325928, "length": 4.0, "mode": "test", "epoch": 46}
{"loss": 0.08064337074756622, "acc": 0.9667696952819824, "length": 3.9991040229797363, "mode": "train", "epoch": 47}
{"loss": 0.16403013467788696, "acc": 0.9347902536392212, "length": 4.0, "mode": "test", "epoch": 47}
{"loss": 0.08947344869375229, "acc": 0.9655391573905945, "length": 3.9987428188323975, "mode": "train", "epoch": 48}
{"loss": 0.178070068359375, "acc": 0.93601393699646, "length": 4.0, "mode": "test", "epoch": 48}
{"loss": 0.08668670803308487, "acc": 0.9665441513061523, "length": 3.9992258548736572, "mode": "train", "epoch": 49}
{"loss": 0.18734394013881683, "acc": 0.938461422920227, "length": 4.0, "mode": "test", "epoch": 49}
{"loss": 0.0870060995221138, "acc": 0.9677267074584961, "length": 3.9996511936187744, "mode": "train", "epoch": 50}
{"loss": 0.14961715042591095, "acc": 0.9437062740325928, "length": 4.0, "mode": "test", "epoch": 50}
{"loss": 0.07820089161396027, "acc": 0.9658827185630798, "length": 3.9987735748291016, "mode": "train", "epoch": 51}
{"loss": 0.1485656499862671, "acc": 0.9477273225784302, "length": 4.0, "mode": "test", "epoch": 51}
{"loss": 0.0843549594283104, "acc": 0.9656726717948914, "length": 3.9993481636047363, "mode": "train", "epoch": 52}
{"loss": 0.15701518952846527, "acc": 0.9458041787147522, "length": 4.0, "mode": "test", "epoch": 52}
{"loss": 0.08514396101236343, "acc": 0.9652588963508606, "length": 3.999052047729492, "mode": "train", "epoch": 53}
{"loss": 0.16680754721164703, "acc": 0.9428320527076721, "length": 4.0, "mode": "test", "epoch": 53}
{"loss": 0.08220438659191132, "acc": 0.965914249420166, "length": 3.999715566635132, "mode": "train", "epoch": 54}
{"loss": 0.18864494562149048, "acc": 0.934440553188324, "length": 4.0, "mode": "test", "epoch": 54}
{"loss": 0.08426790684461594, "acc": 0.9675617218017578, "length": 3.9986445903778076, "mode": "train", "epoch": 55}
{"loss": 0.1855112761259079, "acc": 0.9328671097755432, "length": 4.0, "mode": "test", "epoch": 55}
{"loss": 0.07710342109203339, "acc": 0.9662158489227295, "length": 3.9999406337738037, "mode": "train", "epoch": 56}
{"loss": 0.14258040487766266, "acc": 0.9533215761184692, "length": 4.0, "mode": "test", "epoch": 56}
{"loss": 0.06702034175395966, "acc": 0.9735327363014221, "length": 3.9999122619628906, "mode": "train", "epoch": 57}
{"loss": 0.15688344836235046, "acc": 0.9486013650894165, "length": 4.0, "mode": "test", "epoch": 57}
{"loss": 0.075128473341465, "acc": 0.9692559838294983, "length": 3.999807834625244, "mode": "train", "epoch": 58}
{"loss": 0.15907664597034454, "acc": 0.947027862071991, "length": 4.0, "mode": "test", "epoch": 58}
{"loss": 0.08628355711698532, "acc": 0.9670159220695496, "length": 3.9993808269500732, "mode": "train", "epoch": 59}
{"loss": 0.15766599774360657, "acc": 0.9493007063865662, "length": 4.0, "mode": "test", "epoch": 59}
{"loss": 0.07719335705041885, "acc": 0.9697862267494202, "length": 3.999925136566162, "mode": "train", "epoch": 60}
{"loss": 0.14700770378112793, "acc": 0.9493007063865662, "length": 4.0, "mode": "test", "epoch": 60}
test accuracy: 0.7901666760444641
