# ["--attributes=3", "--values=16", "--game_size=10", "--vocab_size_factor=3", "--n_epochs=60", "--batch_size=32", "--learning_rate=0.0005", "--hidden_size=256", "--temp_update=0.99", "--temperature=2"]
Creating train_ds and val_ds...

Creating test_ds...
{"loss": 0.7046872973442078, "acc": 0.48716214299201965, "length": 2.7219133377075195, "mode": "train", "epoch": 1}
{"loss": 0.6968786120414734, "acc": 0.4920962154865265, "length": 1.0, "mode": "test", "epoch": 1}
{"loss": 0.6805077791213989, "acc": 0.5605737566947937, "length": 1.632743239402771, "mode": "train", "epoch": 2}
{"loss": 0.6405631899833679, "acc": 0.6256103515625, "length": 2.2439863681793213, "mode": "test", "epoch": 2}
{"loss": 0.5555486679077148, "acc": 0.7346116900444031, "length": 2.802917718887329, "mode": "train", "epoch": 3}
{"loss": 0.5527228713035583, "acc": 0.7543833255767822, "length": 2.84536075592041, "mode": "test", "epoch": 3}
{"loss": 0.44559982419013977, "acc": 0.8177904486656189, "length": 3.1925323009490967, "mode": "train", "epoch": 4}
{"loss": 0.4592170715332031, "acc": 0.8099279999732971, "length": 3.77319598197937, "mode": "test", "epoch": 4}
{"loss": 0.3605932593345642, "acc": 0.8526910543441772, "length": 3.520955801010132, "mode": "train", "epoch": 5}
{"loss": 0.4321881830692291, "acc": 0.818266749382019, "length": 3.8865978717803955, "mode": "test", "epoch": 5}
{"loss": 0.32371771335601807, "acc": 0.8708353638648987, "length": 3.5971872806549072, "mode": "train", "epoch": 6}
{"loss": 0.420989990234375, "acc": 0.8324939608573914, "length": 3.7113401889801025, "mode": "test", "epoch": 6}
{"loss": 0.3018436133861542, "acc": 0.8787000179290771, "length": 3.557389736175537, "mode": "train", "epoch": 7}
{"loss": 0.38335955142974854, "acc": 0.8493323922157288, "length": 3.621993064880371, "mode": "test", "epoch": 7}
{"loss": 0.278397798538208, "acc": 0.8885168433189392, "length": 3.5487332344055176, "mode": "train", "epoch": 8}
{"loss": 0.41151127219200134, "acc": 0.8430162668228149, "length": 3.7938144207000732, "mode": "test", "epoch": 8}
{"loss": 0.265145480632782, "acc": 0.897403359413147, "length": 3.5642690658569336, "mode": "train", "epoch": 9}
{"loss": 0.4157302975654602, "acc": 0.8362274765968323, "length": 3.6838488578796387, "mode": "test", "epoch": 9}
{"loss": 0.25517940521240234, "acc": 0.897168755531311, "length": 3.6100871562957764, "mode": "train", "epoch": 10}
{"loss": 0.36213237047195435, "acc": 0.8675454258918762, "length": 3.522336721420288, "mode": "test", "epoch": 10}
{"loss": 0.2485174685716629, "acc": 0.9084171056747437, "length": 3.578232765197754, "mode": "train", "epoch": 11}
{"loss": 0.3368518650531769, "acc": 0.879612386226654, "length": 3.604810953140259, "mode": "test", "epoch": 11}
{"loss": 0.22079864144325256, "acc": 0.9145010113716125, "length": 3.58514666557312, "mode": "train", "epoch": 12}
{"loss": 0.3224538266658783, "acc": 0.8735895752906799, "length": 3.5841925144195557, "mode": "test", "epoch": 12}
{"loss": 0.22162839770317078, "acc": 0.9178385734558105, "length": 3.5989885330200195, "mode": "train", "epoch": 13}
{"loss": 0.3472849130630493, "acc": 0.8765196204185486, "length": 3.5567009449005127, "mode": "test", "epoch": 13}
{"loss": 0.20742855966091156, "acc": 0.9193472266197205, "length": 3.6162097454071045, "mode": "train", "epoch": 14}
{"loss": 0.3133908212184906, "acc": 0.8835428357124329, "length": 3.5841925144195557, "mode": "test", "epoch": 14}
{"loss": 0.19331687688827515, "acc": 0.9267057776451111, "length": 3.650357484817505, "mode": "train", "epoch": 15}
{"loss": 0.2775309681892395, "acc": 0.8916667699813843, "length": 3.5635738372802734, "mode": "test", "epoch": 15}
{"loss": 0.17235484719276428, "acc": 0.9358326196670532, "length": 3.669166088104248, "mode": "train", "epoch": 16}
{"loss": 0.2916741967201233, "acc": 0.897895097732544, "length": 3.7903780937194824, "mode": "test", "epoch": 16}
{"loss": 0.16235096752643585, "acc": 0.9390149116516113, "length": 3.700850486755371, "mode": "train", "epoch": 17}
{"loss": 0.2576669156551361, "acc": 0.9045317769050598, "length": 3.725085973739624, "mode": "test", "epoch": 17}
{"loss": 0.15522265434265137, "acc": 0.9419243931770325, "length": 3.7121405601501465, "mode": "train", "epoch": 18}
{"loss": 0.24436478316783905, "acc": 0.9100300669670105, "length": 3.7079038619995117, "mode": "test", "epoch": 18}
{"loss": 0.14458465576171875, "acc": 0.9452565312385559, "length": 3.713928461074829, "mode": "train", "epoch": 19}
{"loss": 0.2613132894039154, "acc": 0.9055162072181702, "length": 3.821305751800537, "mode": "test", "epoch": 19}
{"loss": 0.13658255338668823, "acc": 0.9465770721435547, "length": 3.709821939468384, "mode": "train", "epoch": 20}
{"loss": 0.24681749939918518, "acc": 0.9128276109695435, "length": 3.7663230895996094, "mode": "test", "epoch": 20}
{"loss": 0.12706831097602844, "acc": 0.9526937007904053, "length": 3.712805986404419, "mode": "train", "epoch": 21}
{"loss": 0.2321094274520874, "acc": 0.913240909576416, "length": 3.6941580772399902, "mode": "test", "epoch": 21}
{"loss": 0.12884682416915894, "acc": 0.9487690925598145, "length": 3.7160239219665527, "mode": "train", "epoch": 22}
{"loss": 0.2842108905315399, "acc": 0.9183204770088196, "length": 3.852233648300171, "mode": "test", "epoch": 22}
{"loss": 0.12964889407157898, "acc": 0.9493410587310791, "length": 3.7198431491851807, "mode": "train", "epoch": 23}
{"loss": 0.24268792569637299, "acc": 0.917418360710144, "length": 3.6426117420196533, "mode": "test", "epoch": 23}
{"loss": 0.12760797142982483, "acc": 0.9511162638664246, "length": 3.6971821784973145, "mode": "train", "epoch": 24}
{"loss": 0.2530854046344757, "acc": 0.9172947406768799, "length": 3.6632301807403564, "mode": "test", "epoch": 24}
{"loss": 0.10758271813392639, "acc": 0.9592035412788391, "length": 3.701497793197632, "mode": "train", "epoch": 25}
{"loss": 0.22900286316871643, "acc": 0.9289321303367615, "length": 3.7388315200805664, "mode": "test", "epoch": 25}
{"loss": 0.1063983291387558, "acc": 0.9562051296234131, "length": 3.7076923847198486, "mode": "train", "epoch": 26}
{"loss": 0.26001060009002686, "acc": 0.9192439913749695, "length": 3.701030969619751, "mode": "test", "epoch": 26}
{"loss": 0.10003841668367386, "acc": 0.9639837741851807, "length": 3.7226243019104004, "mode": "train", "epoch": 27}
{"loss": 0.19996599853038788, "acc": 0.9397981762886047, "length": 3.6941580772399902, "mode": "test", "epoch": 27}
{"loss": 0.10573651641607285, "acc": 0.9590299129486084, "length": 3.7063350677490234, "mode": "train", "epoch": 28}
{"loss": 0.22011618316173553, "acc": 0.9244040846824646, "length": 3.7388315200805664, "mode": "test", "epoch": 28}
{"loss": 0.09598197788000107, "acc": 0.9619553089141846, "length": 3.7072694301605225, "mode": "train", "epoch": 29}
{"loss": 0.2050357609987259, "acc": 0.9333280324935913, "length": 3.670103073120117, "mode": "test", "epoch": 29}
{"loss": 0.09638481587171555, "acc": 0.9631065130233765, "length": 3.706770181655884, "mode": "train", "epoch": 30}
{"loss": 0.17811547219753265, "acc": 0.9459943771362305, "length": 3.749140977859497, "mode": "test", "epoch": 30}
{"loss": 0.0942167192697525, "acc": 0.9656835794448853, "length": 3.7071831226348877, "mode": "train", "epoch": 31}
{"loss": 0.16534698009490967, "acc": 0.9480615854263306, "length": 3.704467296600342, "mode": "test", "epoch": 31}
{"loss": 0.09247171133756638, "acc": 0.964226245880127, "length": 3.7155556678771973, "mode": "train", "epoch": 32}
{"loss": 0.1686009019613266, "acc": 0.9538927674293518, "length": 3.6838488578796387, "mode": "test", "epoch": 32}
{"loss": 0.08269031345844269, "acc": 0.9685431122779846, "length": 3.7304091453552246, "mode": "train", "epoch": 33}
{"loss": 0.1676425188779831, "acc": 0.9478307962417603, "length": 3.7903780937194824, "mode": "test", "epoch": 33}
{"loss": 0.08127234131097794, "acc": 0.9709059596061707, "length": 3.7275967597961426, "mode": "train", "epoch": 34}
{"loss": 0.16040083765983582, "acc": 0.948408842086792, "length": 3.749140977859497, "mode": "test", "epoch": 34}
{"loss": 0.08172796666622162, "acc": 0.9702873826026917, "length": 3.7455286979675293, "mode": "train", "epoch": 35}
{"loss": 0.17228145897388458, "acc": 0.9510578513145447, "length": 3.7182130813598633, "mode": "test", "epoch": 35}
{"loss": 0.07571694999933243, "acc": 0.9722999930381775, "length": 3.736121654510498, "mode": "train", "epoch": 36}
{"loss": 0.18712900578975677, "acc": 0.9409202933311462, "length": 3.676975965499878, "mode": "test", "epoch": 36}
{"loss": 0.08546892553567886, "acc": 0.9687992334365845, "length": 3.719148635864258, "mode": "train", "epoch": 37}
{"loss": 0.1469234824180603, "acc": 0.9509289860725403, "length": 3.728522300720215, "mode": "test", "epoch": 37}
{"loss": 0.08454633504152298, "acc": 0.9714698791503906, "length": 3.731147050857544, "mode": "train", "epoch": 38}
{"loss": 0.1760437935590744, "acc": 0.9442511200904846, "length": 3.752577304840088, "mode": "test", "epoch": 38}
{"loss": 0.07479258626699448, "acc": 0.973355233669281, "length": 3.7459564208984375, "mode": "train", "epoch": 39}
{"loss": 0.15189829468727112, "acc": 0.950706958770752, "length": 3.800687313079834, "mode": "test", "epoch": 39}
{"loss": 0.070319265127182, "acc": 0.973285973072052, "length": 3.7491295337677, "mode": "train", "epoch": 40}
{"loss": 0.148857980966568, "acc": 0.9504724740982056, "length": 3.704467296600342, "mode": "test", "epoch": 40}
{"loss": 0.05853314697742462, "acc": 0.97911536693573, "length": 3.7471396923065186, "mode": "train", "epoch": 41}
{"loss": 0.15741226077079773, "acc": 0.9518756866455078, "length": 3.7903780937194824, "mode": "test", "epoch": 41}
{"loss": 0.06278307735919952, "acc": 0.9773343801498413, "length": 3.7790603637695312, "mode": "train", "epoch": 42}
{"loss": 0.17242498695850372, "acc": 0.9530408978462219, "length": 3.7388315200805664, "mode": "test", "epoch": 42}
{"loss": 0.05891035869717598, "acc": 0.9784336686134338, "length": 3.766213893890381, "mode": "train", "epoch": 43}
{"loss": 0.17921094596385956, "acc": 0.9570446610450745, "length": 3.725085973739624, "mode": "test", "epoch": 43}
{"loss": 0.05760150030255318, "acc": 0.9797244668006897, "length": 3.7926323413848877, "mode": "train", "epoch": 44}
{"loss": 0.13799364864826202, "acc": 0.9640087485313416, "length": 3.7663230895996094, "mode": "test", "epoch": 44}
{"loss": 0.051247820258140564, "acc": 0.9819029569625854, "length": 3.7499279975891113, "mode": "train", "epoch": 45}
{"loss": 0.1128620132803917, "acc": 0.9707599878311157, "length": 3.7663230895996094, "mode": "test", "epoch": 45}
{"loss": 0.0500023253262043, "acc": 0.9833378195762634, "length": 3.7655086517333984, "mode": "train", "epoch": 46}
{"loss": 0.11244411766529083, "acc": 0.9672107100486755, "length": 3.721649408340454, "mode": "test", "epoch": 46}
{"loss": 0.04447038844227791, "acc": 0.9852113723754883, "length": 3.7495932579040527, "mode": "train", "epoch": 47}
{"loss": 0.14439807832241058, "acc": 0.966620147228241, "length": 3.8178694248199463, "mode": "test", "epoch": 47}
{"loss": 0.042626384645700455, "acc": 0.9860722422599792, "length": 3.7848410606384277, "mode": "train", "epoch": 48}
{"loss": 0.1341829150915146, "acc": 0.9689343571662903, "length": 3.7938144207000732, "mode": "test", "epoch": 48}
{"loss": 0.04161204397678375, "acc": 0.9863490462303162, "length": 3.7746706008911133, "mode": "train", "epoch": 49}
{"loss": 0.11419937759637833, "acc": 0.9708637595176697, "length": 3.7697594165802, "mode": "test", "epoch": 49}
{"loss": 0.050323374569416046, "acc": 0.9843306541442871, "length": 3.773467540740967, "mode": "train", "epoch": 50}
{"loss": 0.12715721130371094, "acc": 0.9713703393936157, "length": 3.7835052013397217, "mode": "test", "epoch": 50}
{"loss": 0.04252152517437935, "acc": 0.9864101409912109, "length": 3.781287431716919, "mode": "train", "epoch": 51}
{"loss": 0.13158836960792542, "acc": 0.9732889533042908, "length": 3.7869415283203125, "mode": "test", "epoch": 51}
{"loss": 0.040488239377737045, "acc": 0.9864218831062317, "length": 3.785461187362671, "mode": "train", "epoch": 52}
{"loss": 0.1427042931318283, "acc": 0.9630691409111023, "length": 3.7938144207000732, "mode": "test", "epoch": 52}
{"loss": 0.04794437065720558, "acc": 0.9853405952453613, "length": 3.7768959999084473, "mode": "train", "epoch": 53}
{"loss": 0.14582590758800507, "acc": 0.964894711971283, "length": 3.7869415283203125, "mode": "test", "epoch": 53}
{"loss": 0.04379970580339432, "acc": 0.9852004051208496, "length": 3.7800304889678955, "mode": "train", "epoch": 54}
{"loss": 0.156680166721344, "acc": 0.9643524289131165, "length": 3.7628865242004395, "mode": "test", "epoch": 54}
{"loss": 0.04455288499593735, "acc": 0.9871640205383301, "length": 3.7653636932373047, "mode": "train", "epoch": 55}
{"loss": 0.11321377754211426, "acc": 0.9684707522392273, "length": 3.7697594165802, "mode": "test", "epoch": 55}
{"loss": 0.04453875124454498, "acc": 0.9866301417350769, "length": 3.743464469909668, "mode": "train", "epoch": 56}
{"loss": 0.10595690459012985, "acc": 0.9713487029075623, "length": 3.776632308959961, "mode": "test", "epoch": 56}
{"loss": 0.0342256985604763, "acc": 0.9908324480056763, "length": 3.778329610824585, "mode": "train", "epoch": 57}
{"loss": 0.10124390572309494, "acc": 0.9796052575111389, "length": 3.7835052013397217, "mode": "test", "epoch": 57}
{"loss": 0.0559721440076828, "acc": 0.9837840795516968, "length": 3.780257225036621, "mode": "train", "epoch": 58}
{"loss": 0.16701491177082062, "acc": 0.9540897011756897, "length": 3.704467296600342, "mode": "test", "epoch": 58}
{"loss": 0.05252610519528389, "acc": 0.9838165044784546, "length": 3.7505133152008057, "mode": "train", "epoch": 59}
{"loss": 0.1590881198644638, "acc": 0.9709246158599854, "length": 3.6907217502593994, "mode": "test", "epoch": 59}
{"loss": 0.03884703665971756, "acc": 0.9885164499282837, "length": 3.76688289642334, "mode": "train", "epoch": 60}
{"loss": 0.1083998829126358, "acc": 0.9774323105812073, "length": 3.697594404220581, "mode": "test", "epoch": 60}
test accuracy: 0.7899665832519531
