# ["--attributes=3", "--values=16", "--game_size=10", "--vocab_size_factor=3", "--n_epochs=60", "--batch_size=32", "--learning_rate=0.001", "--hidden_size=128", "--temp_update=0.97", "--temperature=1"]
Creating train_ds and val_ds...

Creating test_ds...
{"loss": 0.6884771585464478, "acc": 0.5391619801521301, "length": 3.251005172729492, "mode": "train", "epoch": 1}
{"loss": 0.6388402581214905, "acc": 0.657909095287323, "length": 3.422680377960205, "mode": "test", "epoch": 1}
{"loss": 0.5805479288101196, "acc": 0.7186256051063538, "length": 3.7669448852539062, "mode": "train", "epoch": 2}
{"loss": 0.543584406375885, "acc": 0.7202749252319336, "length": 4.0, "mode": "test", "epoch": 2}
{"loss": 0.5062586069107056, "acc": 0.764724850654602, "length": 3.9386894702911377, "mode": "train", "epoch": 3}
{"loss": 0.47277864813804626, "acc": 0.7951890230178833, "length": 4.0, "mode": "test", "epoch": 3}
{"loss": 0.4316548705101013, "acc": 0.8168503046035767, "length": 3.98610258102417, "mode": "train", "epoch": 4}
{"loss": 0.403270959854126, "acc": 0.8264604806900024, "length": 4.0, "mode": "test", "epoch": 4}
{"loss": 0.38347572088241577, "acc": 0.8378974795341492, "length": 3.9894378185272217, "mode": "train", "epoch": 5}
{"loss": 0.40186426043510437, "acc": 0.8041236996650696, "length": 4.0, "mode": "test", "epoch": 5}
{"loss": 0.3711899220943451, "acc": 0.8449774384498596, "length": 3.9971747398376465, "mode": "train", "epoch": 6}
{"loss": 0.3935556709766388, "acc": 0.8274914026260376, "length": 4.0, "mode": "test", "epoch": 6}
{"loss": 0.3598319888114929, "acc": 0.8461300134658813, "length": 3.997688055038452, "mode": "train", "epoch": 7}
{"loss": 0.3758276402950287, "acc": 0.8329896330833435, "length": 4.0, "mode": "test", "epoch": 7}
{"loss": 0.34920963644981384, "acc": 0.8522291779518127, "length": 3.998196840286255, "mode": "train", "epoch": 8}
{"loss": 0.38286635279655457, "acc": 0.8298969864845276, "length": 4.0, "mode": "test", "epoch": 8}
{"loss": 0.3580714166164398, "acc": 0.8495128154754639, "length": 3.9981606006622314, "mode": "train", "epoch": 9}
{"loss": 0.36744752526283264, "acc": 0.8345361948013306, "length": 4.0, "mode": "test", "epoch": 9}
{"loss": 0.35101667046546936, "acc": 0.8538471460342407, "length": 3.9991211891174316, "mode": "train", "epoch": 10}
{"loss": 0.3894461989402771, "acc": 0.8388317227363586, "length": 4.0, "mode": "test", "epoch": 10}
{"loss": 0.35019734501838684, "acc": 0.8536558151245117, "length": 3.997939348220825, "mode": "train", "epoch": 11}
{"loss": 0.35763031244277954, "acc": 0.8496565222740173, "length": 4.0, "mode": "test", "epoch": 11}
{"loss": 0.3443116247653961, "acc": 0.8519381284713745, "length": 3.9985294342041016, "mode": "train", "epoch": 12}
{"loss": 0.33324602246284485, "acc": 0.8575602173805237, "length": 4.0, "mode": "test", "epoch": 12}
{"loss": 0.32948365807533264, "acc": 0.8620250821113586, "length": 3.996339797973633, "mode": "train", "epoch": 13}
{"loss": 0.33865368366241455, "acc": 0.8554983139038086, "length": 4.0, "mode": "test", "epoch": 13}
{"loss": 0.33619752526283264, "acc": 0.8606347441673279, "length": 3.999389886856079, "mode": "train", "epoch": 14}
{"loss": 0.33277758955955505, "acc": 0.8558419346809387, "length": 4.0, "mode": "test", "epoch": 14}
{"loss": 0.3251287639141083, "acc": 0.8624101281166077, "length": 3.9980578422546387, "mode": "train", "epoch": 15}
{"loss": 0.3359901010990143, "acc": 0.8621992468833923, "length": 4.0, "mode": "test", "epoch": 15}
{"loss": 0.3301163911819458, "acc": 0.8597791790962219, "length": 3.999664068222046, "mode": "train", "epoch": 16}
{"loss": 0.332473486661911, "acc": 0.8613402247428894, "length": 4.0, "mode": "test", "epoch": 16}
{"loss": 0.31619665026664734, "acc": 0.8635722398757935, "length": 3.9993226528167725, "mode": "train", "epoch": 17}
{"loss": 0.3220500946044922, "acc": 0.8642610907554626, "length": 4.0, "mode": "test", "epoch": 17}
{"loss": 0.32786494493484497, "acc": 0.86259925365448, "length": 3.9971821308135986, "mode": "train", "epoch": 18}
{"loss": 0.3230077922344208, "acc": 0.8635739088058472, "length": 4.0, "mode": "test", "epoch": 18}
{"loss": 0.32287460565567017, "acc": 0.8641696572303772, "length": 3.9960622787475586, "mode": "train", "epoch": 19}
{"loss": 0.31917962431907654, "acc": 0.8613401651382446, "length": 4.0, "mode": "test", "epoch": 19}
{"loss": 0.31849032640457153, "acc": 0.8633360266685486, "length": 3.9976799488067627, "mode": "train", "epoch": 20}
{"loss": 0.34061288833618164, "acc": 0.8597937822341919, "length": 4.0, "mode": "test", "epoch": 20}
{"loss": 0.31851503252983093, "acc": 0.8666855692863464, "length": 3.999983072280884, "mode": "train", "epoch": 21}
{"loss": 0.3200356662273407, "acc": 0.8596220016479492, "length": 4.0, "mode": "test", "epoch": 21}
{"loss": 0.316669762134552, "acc": 0.8667835593223572, "length": 3.998272657394409, "mode": "train", "epoch": 22}
{"loss": 0.32081449031829834, "acc": 0.8623711466789246, "length": 4.0, "mode": "test", "epoch": 22}
{"loss": 0.3104707598686218, "acc": 0.864844024181366, "length": 3.9999492168426514, "mode": "train", "epoch": 23}
{"loss": 0.32184505462646484, "acc": 0.8637456297874451, "length": 4.0, "mode": "test", "epoch": 23}
{"loss": 0.31378173828125, "acc": 0.864209771156311, "length": 3.998147487640381, "mode": "train", "epoch": 24}
{"loss": 0.3292616009712219, "acc": 0.8604810237884521, "length": 4.0, "mode": "test", "epoch": 24}
{"loss": 0.31431108713150024, "acc": 0.8634055256843567, "length": 3.9999561309814453, "mode": "train", "epoch": 25}
{"loss": 0.32310160994529724, "acc": 0.8625429272651672, "length": 4.0, "mode": "test", "epoch": 25}
{"loss": 0.30887570977211, "acc": 0.8658540844917297, "length": 3.997514486312866, "mode": "train", "epoch": 26}
{"loss": 0.3145723044872284, "acc": 0.8640893697738647, "length": 4.0, "mode": "test", "epoch": 26}
{"loss": 0.3078445792198181, "acc": 0.8640968203544617, "length": 3.999875068664551, "mode": "train", "epoch": 27}
{"loss": 0.3198105990886688, "acc": 0.8656357526779175, "length": 4.0, "mode": "test", "epoch": 27}
{"loss": 0.3190085291862488, "acc": 0.8685836791992188, "length": 3.9998764991760254, "mode": "train", "epoch": 28}
{"loss": 0.3186948001384735, "acc": 0.8634020686149597, "length": 4.0, "mode": "test", "epoch": 28}
{"loss": 0.315005898475647, "acc": 0.8672027587890625, "length": 3.999960422515869, "mode": "train", "epoch": 29}
{"loss": 0.3203180730342865, "acc": 0.864948570728302, "length": 4.0, "mode": "test", "epoch": 29}
{"loss": 0.31539714336395264, "acc": 0.8662829995155334, "length": 3.999983310699463, "mode": "train", "epoch": 30}
{"loss": 0.31854620575904846, "acc": 0.8616838455200195, "length": 4.0, "mode": "test", "epoch": 30}
{"loss": 0.308682918548584, "acc": 0.8630629777908325, "length": 3.9987633228302, "mode": "train", "epoch": 31}
{"loss": 0.331252783536911, "acc": 0.8544672727584839, "length": 4.0, "mode": "test", "epoch": 31}
{"loss": 0.312635600566864, "acc": 0.8669159412384033, "length": 3.999995231628418, "mode": "train", "epoch": 32}
{"loss": 0.3176175653934479, "acc": 0.8615120649337769, "length": 4.0, "mode": "test", "epoch": 32}
{"loss": 0.3113335072994232, "acc": 0.8647871017456055, "length": 3.999990463256836, "mode": "train", "epoch": 33}
{"loss": 0.317818820476532, "acc": 0.859622061252594, "length": 4.0, "mode": "test", "epoch": 33}
{"loss": 0.3144131898880005, "acc": 0.863231897354126, "length": 3.9998371601104736, "mode": "train", "epoch": 34}
{"loss": 0.31425851583480835, "acc": 0.8646048307418823, "length": 4.0, "mode": "test", "epoch": 34}
{"loss": 0.306532621383667, "acc": 0.8647286295890808, "length": 3.999911308288574, "mode": "train", "epoch": 35}
{"loss": 0.3209346532821655, "acc": 0.8565292358398438, "length": 4.0, "mode": "test", "epoch": 35}
{"loss": 0.30740711092948914, "acc": 0.8639804720878601, "length": 3.9998979568481445, "mode": "train", "epoch": 36}
{"loss": 0.3144317865371704, "acc": 0.8649485111236572, "length": 4.0, "mode": "test", "epoch": 36}
{"loss": 0.31707963347435, "acc": 0.8620230555534363, "length": 3.99985671043396, "mode": "train", "epoch": 37}
{"loss": 0.3194445073604584, "acc": 0.8530927300453186, "length": 4.0, "mode": "test", "epoch": 37}
{"loss": 0.3105931878089905, "acc": 0.8640972971916199, "length": 3.9996790885925293, "mode": "train", "epoch": 38}
{"loss": 0.3166162669658661, "acc": 0.8659793734550476, "length": 4.0, "mode": "test", "epoch": 38}
{"loss": 0.31069836020469666, "acc": 0.8655348420143127, "length": 3.999918222427368, "mode": "train", "epoch": 39}
{"loss": 0.31277820467948914, "acc": 0.8640894293785095, "length": 4.0, "mode": "test", "epoch": 39}
{"loss": 0.29918384552001953, "acc": 0.8668003678321838, "length": 3.9999470710754395, "mode": "train", "epoch": 40}
{"loss": 0.32186684012413025, "acc": 0.8515463471412659, "length": 4.0, "mode": "test", "epoch": 40}
{"loss": 0.30506858229637146, "acc": 0.8659162521362305, "length": 3.998443603515625, "mode": "train", "epoch": 41}
{"loss": 0.318604439496994, "acc": 0.8580756783485413, "length": 4.0, "mode": "test", "epoch": 41}
{"loss": 0.30802595615386963, "acc": 0.8626036047935486, "length": 3.999358892440796, "mode": "train", "epoch": 42}
{"loss": 0.3102108836174011, "acc": 0.8647766709327698, "length": 4.0, "mode": "test", "epoch": 42}
{"loss": 0.3082892596721649, "acc": 0.8669151067733765, "length": 3.999943256378174, "mode": "train", "epoch": 43}
{"loss": 0.3143572509288788, "acc": 0.8651202917098999, "length": 4.0, "mode": "test", "epoch": 43}
{"loss": 0.30855122208595276, "acc": 0.8672049641609192, "length": 3.9995758533477783, "mode": "train", "epoch": 44}
{"loss": 0.30808064341545105, "acc": 0.8621992468833923, "length": 4.0, "mode": "test", "epoch": 44}
{"loss": 0.30307236313819885, "acc": 0.8682307004928589, "length": 3.999380350112915, "mode": "train", "epoch": 45}
{"loss": 0.30562248826026917, "acc": 0.8634020686149597, "length": 4.0, "mode": "test", "epoch": 45}
{"loss": 0.30401283502578735, "acc": 0.865362286567688, "length": 3.9998600482940674, "mode": "train", "epoch": 46}
{"loss": 0.3155803680419922, "acc": 0.8621992468833923, "length": 4.0, "mode": "test", "epoch": 46}
{"loss": 0.3074888586997986, "acc": 0.8642692565917969, "length": 3.9999754428863525, "mode": "train", "epoch": 47}
{"loss": 0.30661541223526, "acc": 0.8646048903465271, "length": 4.0, "mode": "test", "epoch": 47}
{"loss": 0.3006209433078766, "acc": 0.8663978576660156, "length": 3.999891757965088, "mode": "train", "epoch": 48}
{"loss": 0.30425286293029785, "acc": 0.8635739684104919, "length": 4.0, "mode": "test", "epoch": 48}
{"loss": 0.29733726382255554, "acc": 0.8681240081787109, "length": 3.9999728202819824, "mode": "train", "epoch": 49}
{"loss": 0.3075896203517914, "acc": 0.8615121841430664, "length": 4.0, "mode": "test", "epoch": 49}
{"loss": 0.29747360944747925, "acc": 0.8650043606758118, "length": 3.998950958251953, "mode": "train", "epoch": 50}
{"loss": 0.3195821940898895, "acc": 0.858762800693512, "length": 4.0, "mode": "test", "epoch": 50}
{"loss": 0.3044570982456207, "acc": 0.8658226132392883, "length": 3.999983072280884, "mode": "train", "epoch": 51}
{"loss": 0.3089251220226288, "acc": 0.8623711466789246, "length": 4.0, "mode": "test", "epoch": 51}
{"loss": 0.29278528690338135, "acc": 0.8664553761482239, "length": 3.9998769760131836, "mode": "train", "epoch": 52}
{"loss": 0.30636391043663025, "acc": 0.8623711466789246, "length": 4.0, "mode": "test", "epoch": 52}
{"loss": 0.2969732880592346, "acc": 0.8662829399108887, "length": 3.999986410140991, "mode": "train", "epoch": 53}
{"loss": 0.31148383021354675, "acc": 0.8591065406799316, "length": 4.0, "mode": "test", "epoch": 53}
{"loss": 0.3039633631706238, "acc": 0.8670889139175415, "length": 3.9999356269836426, "mode": "train", "epoch": 54}
{"loss": 0.31838610768318176, "acc": 0.8544672727584839, "length": 4.0, "mode": "test", "epoch": 54}
{"loss": 0.32022055983543396, "acc": 0.8573073744773865, "length": 3.9999427795410156, "mode": "train", "epoch": 55}
{"loss": 0.33284223079681396, "acc": 0.84742271900177, "length": 4.0, "mode": "test", "epoch": 55}
{"loss": 0.32019734382629395, "acc": 0.863636314868927, "length": 3.9999918937683105, "mode": "train", "epoch": 56}
{"loss": 0.3272880017757416, "acc": 0.8618557453155518, "length": 4.0, "mode": "test", "epoch": 56}
{"loss": 0.32644498348236084, "acc": 0.8585688471794128, "length": 3.9994008541107178, "mode": "train", "epoch": 57}
{"loss": 0.32638102769851685, "acc": 0.8567010164260864, "length": 4.0, "mode": "test", "epoch": 57}
{"loss": 0.3121901750564575, "acc": 0.8632327914237976, "length": 3.9998438358306885, "mode": "train", "epoch": 58}
{"loss": 0.3083670735359192, "acc": 0.8637457489967346, "length": 4.0, "mode": "test", "epoch": 58}
{"loss": 0.29708680510520935, "acc": 0.8635072708129883, "length": 3.997749090194702, "mode": "train", "epoch": 59}
{"loss": 0.30553311109542847, "acc": 0.8644329905509949, "length": 4.0, "mode": "test", "epoch": 59}
{"loss": 0.2908470630645752, "acc": 0.8681778311729431, "length": 3.9997544288635254, "mode": "train", "epoch": 60}
{"loss": 0.32291707396507263, "acc": 0.858762800693512, "length": 4.0, "mode": "test", "epoch": 60}
test accuracy: 0.6351785659790039
