# ["--attributes=3", "--values=16", "--game_size=10", "--vocab_size_factor=3", "--n_epochs=60", "--batch_size=32", "--learning_rate=0.001", "--hidden_size=128", "--temp_update=0.97", "--temperature=1.5"]
Creating train_ds and val_ds...

Creating test_ds...
{"loss": 0.6957516670227051, "acc": 0.5338568091392517, "length": 3.177727460861206, "mode": "train", "epoch": 1}
{"loss": 0.6862840056419373, "acc": 0.5560498833656311, "length": 1.0, "mode": "test", "epoch": 1}
{"loss": 0.6358385682106018, "acc": 0.6347436308860779, "length": 3.150237560272217, "mode": "train", "epoch": 2}
{"loss": 0.5685130953788757, "acc": 0.713189423084259, "length": 3.989323854446411, "mode": "test", "epoch": 2}
{"loss": 0.5127771496772766, "acc": 0.7508994340896606, "length": 3.897421360015869, "mode": "train", "epoch": 3}
{"loss": 0.46353965997695923, "acc": 0.810676097869873, "length": 4.0, "mode": "test", "epoch": 3}
{"loss": 0.4158773720264435, "acc": 0.8239043354988098, "length": 3.962125062942505, "mode": "train", "epoch": 4}
{"loss": 0.4336944818496704, "acc": 0.8240213394165039, "length": 4.0, "mode": "test", "epoch": 4}
{"loss": 0.3694382905960083, "acc": 0.8384786248207092, "length": 3.9701342582702637, "mode": "train", "epoch": 5}
{"loss": 0.3782529830932617, "acc": 0.8336300253868103, "length": 4.0, "mode": "test", "epoch": 5}
{"loss": 0.33482545614242554, "acc": 0.8626318573951721, "length": 3.977473497390747, "mode": "train", "epoch": 6}
{"loss": 0.3283732235431671, "acc": 0.8669040203094482, "length": 4.0, "mode": "test", "epoch": 6}
{"loss": 0.3135547339916229, "acc": 0.8705440759658813, "length": 3.988682270050049, "mode": "train", "epoch": 7}
{"loss": 0.3456325829029083, "acc": 0.8676156997680664, "length": 4.0, "mode": "test", "epoch": 7}
{"loss": 0.30077773332595825, "acc": 0.8777289986610413, "length": 3.988058090209961, "mode": "train", "epoch": 8}
{"loss": 0.3166409134864807, "acc": 0.8758007884025574, "length": 4.0, "mode": "test", "epoch": 8}
{"loss": 0.2926405966281891, "acc": 0.8819841742515564, "length": 3.992905616760254, "mode": "train", "epoch": 9}
{"loss": 0.308687686920166, "acc": 0.876334547996521, "length": 4.0, "mode": "test", "epoch": 9}
{"loss": 0.28873419761657715, "acc": 0.8814124464988708, "length": 3.994985342025757, "mode": "train", "epoch": 10}
{"loss": 0.3091565668582916, "acc": 0.8759785890579224, "length": 4.0, "mode": "test", "epoch": 10}
{"loss": 0.28650256991386414, "acc": 0.8836867213249207, "length": 3.9965860843658447, "mode": "train", "epoch": 11}
{"loss": 0.30831578373908997, "acc": 0.8879004120826721, "length": 4.0, "mode": "test", "epoch": 11}
{"loss": 0.28119051456451416, "acc": 0.8832130432128906, "length": 3.9971024990081787, "mode": "train", "epoch": 12}
{"loss": 0.2955641746520996, "acc": 0.8862989544868469, "length": 4.0, "mode": "test", "epoch": 12}
{"loss": 0.2638196051120758, "acc": 0.8894062042236328, "length": 3.9978065490722656, "mode": "train", "epoch": 13}
{"loss": 0.29651832580566406, "acc": 0.8868327140808105, "length": 4.0, "mode": "test", "epoch": 13}
{"loss": 0.2618311047554016, "acc": 0.8914842009544373, "length": 3.9975264072418213, "mode": "train", "epoch": 14}
{"loss": 0.28841328620910645, "acc": 0.8857651352882385, "length": 4.0, "mode": "test", "epoch": 14}
{"loss": 0.26309290528297424, "acc": 0.8933541774749756, "length": 3.9987642765045166, "mode": "train", "epoch": 15}
{"loss": 0.2877727746963501, "acc": 0.8891459703445435, "length": 4.0, "mode": "test", "epoch": 15}
{"loss": 0.24907918274402618, "acc": 0.8943490982055664, "length": 3.996628522872925, "mode": "train", "epoch": 16}
{"loss": 0.27969688177108765, "acc": 0.8930604457855225, "length": 4.0, "mode": "test", "epoch": 16}
{"loss": 0.246088907122612, "acc": 0.8991317749023438, "length": 3.9989209175109863, "mode": "train", "epoch": 17}
{"loss": 0.28150007128715515, "acc": 0.8989325761795044, "length": 4.0, "mode": "test", "epoch": 17}
{"loss": 0.24420373141765594, "acc": 0.8997308611869812, "length": 3.99922776222229, "mode": "train", "epoch": 18}
{"loss": 0.27484479546546936, "acc": 0.8989325165748596, "length": 4.0, "mode": "test", "epoch": 18}
{"loss": 0.24562577903270721, "acc": 0.892841637134552, "length": 3.99973464012146, "mode": "train", "epoch": 19}
{"loss": 0.28702035546302795, "acc": 0.8930605053901672, "length": 4.0, "mode": "test", "epoch": 19}
{"loss": 0.24356386065483093, "acc": 0.8959994316101074, "length": 3.9996790885925293, "mode": "train", "epoch": 20}
{"loss": 0.26857423782348633, "acc": 0.8999999761581421, "length": 4.0, "mode": "test", "epoch": 20}
{"loss": 0.23764526844024658, "acc": 0.9003963470458984, "length": 3.999267101287842, "mode": "train", "epoch": 21}
{"loss": 0.2699219286441803, "acc": 0.9064055681228638, "length": 4.0, "mode": "test", "epoch": 21}
{"loss": 0.2342395931482315, "acc": 0.8988056182861328, "length": 3.99983549118042, "mode": "train", "epoch": 22}
{"loss": 0.2762369215488434, "acc": 0.9032028317451477, "length": 4.0, "mode": "test", "epoch": 22}
{"loss": 0.2331162542104721, "acc": 0.8989843726158142, "length": 3.999875068664551, "mode": "train", "epoch": 23}
{"loss": 0.264697402715683, "acc": 0.9030248522758484, "length": 4.0, "mode": "test", "epoch": 23}
{"loss": 0.23596706986427307, "acc": 0.8960660099983215, "length": 3.999965190887451, "mode": "train", "epoch": 24}
{"loss": 0.286567360162735, "acc": 0.895195722579956, "length": 4.0, "mode": "test", "epoch": 24}
{"loss": 0.23370777070522308, "acc": 0.9014272689819336, "length": 3.9998745918273926, "mode": "train", "epoch": 25}
{"loss": 0.26241180300712585, "acc": 0.8992883563041687, "length": 4.0, "mode": "test", "epoch": 25}
{"loss": 0.23746252059936523, "acc": 0.897555410861969, "length": 3.999955177307129, "mode": "train", "epoch": 26}
{"loss": 0.29047131538391113, "acc": 0.8983985781669617, "length": 4.0, "mode": "test", "epoch": 26}
{"loss": 0.23341798782348633, "acc": 0.8982664942741394, "length": 3.9998128414154053, "mode": "train", "epoch": 27}
{"loss": 0.26747870445251465, "acc": 0.9081851243972778, "length": 4.0, "mode": "test", "epoch": 27}
{"loss": 0.21975800395011902, "acc": 0.8994632959365845, "length": 3.999981641769409, "mode": "train", "epoch": 28}
{"loss": 0.2758027911186218, "acc": 0.9016014337539673, "length": 4.0, "mode": "test", "epoch": 28}
{"loss": 0.23101109266281128, "acc": 0.8962447643280029, "length": 3.9998250007629395, "mode": "train", "epoch": 29}
{"loss": 0.2804003655910492, "acc": 0.9035586714744568, "length": 4.0, "mode": "test", "epoch": 29}
{"loss": 0.22628732025623322, "acc": 0.9026809334754944, "length": 3.9999840259552, "mode": "train", "epoch": 30}
{"loss": 0.27070292830467224, "acc": 0.9078292846679688, "length": 4.0, "mode": "test", "epoch": 30}
{"loss": 0.22646906971931458, "acc": 0.9001787900924683, "length": 3.999974012374878, "mode": "train", "epoch": 31}
{"loss": 0.24920256435871124, "acc": 0.909964382648468, "length": 4.0, "mode": "test", "epoch": 31}
{"loss": 0.22933001816272736, "acc": 0.9003573060035706, "length": 3.9999916553497314, "mode": "train", "epoch": 32}
{"loss": 0.24819691479206085, "acc": 0.903380811214447, "length": 4.0, "mode": "test", "epoch": 32}
{"loss": 0.22181253135204315, "acc": 0.8999009132385254, "length": 3.9988484382629395, "mode": "train", "epoch": 33}
{"loss": 0.250484436750412, "acc": 0.9042704701423645, "length": 4.0, "mode": "test", "epoch": 33}
{"loss": 0.21941806375980377, "acc": 0.906197190284729, "length": 3.9999523162841797, "mode": "train", "epoch": 34}
{"loss": 0.2826743423938751, "acc": 0.9028469920158386, "length": 4.0, "mode": "test", "epoch": 34}
{"loss": 0.22199276089668274, "acc": 0.9032725095748901, "length": 3.9998767375946045, "mode": "train", "epoch": 35}
{"loss": 0.24866311252117157, "acc": 0.9078292846679688, "length": 4.0, "mode": "test", "epoch": 35}
{"loss": 0.22414301335811615, "acc": 0.9047078490257263, "length": 3.9999945163726807, "mode": "train", "epoch": 36}
{"loss": 0.24524900317192078, "acc": 0.9110320210456848, "length": 4.0, "mode": "test", "epoch": 36}
{"loss": 0.2193271368741989, "acc": 0.9020847082138062, "length": 3.9999680519104004, "mode": "train", "epoch": 37}
{"loss": 0.2597273886203766, "acc": 0.9080071449279785, "length": 4.0, "mode": "test", "epoch": 37}
{"loss": 0.21628119051456451, "acc": 0.9058998823165894, "length": 3.999999523162842, "mode": "train", "epoch": 38}
{"loss": 0.2503693401813507, "acc": 0.9081850647926331, "length": 4.0, "mode": "test", "epoch": 38}
{"loss": 0.21865271031856537, "acc": 0.9059587717056274, "length": 3.999959945678711, "mode": "train", "epoch": 39}
{"loss": 0.24238385260105133, "acc": 0.908896803855896, "length": 4.0, "mode": "test", "epoch": 39}
{"loss": 0.21417471766471863, "acc": 0.9069725871086121, "length": 4.0, "mode": "train", "epoch": 40}
{"loss": 0.262595534324646, "acc": 0.9078291058540344, "length": 4.0, "mode": "test", "epoch": 40}
{"loss": 0.2108909785747528, "acc": 0.9084615707397461, "length": 3.9999775886535645, "mode": "train", "epoch": 41}
{"loss": 0.25630733370780945, "acc": 0.9124554991722107, "length": 4.0, "mode": "test", "epoch": 41}
{"loss": 0.2214297205209732, "acc": 0.9048867225646973, "length": 3.999999523162842, "mode": "train", "epoch": 42}
{"loss": 0.2534095346927643, "acc": 0.9056938290596008, "length": 4.0, "mode": "test", "epoch": 42}
{"loss": 0.21162739396095276, "acc": 0.9075683951377869, "length": 3.9999990463256836, "mode": "train", "epoch": 43}
{"loss": 0.30141517519950867, "acc": 0.9088967442512512, "length": 4.0, "mode": "test", "epoch": 43}
{"loss": 0.22633354365825653, "acc": 0.9045292139053345, "length": 3.999999523162842, "mode": "train", "epoch": 44}
{"loss": 0.2537590563297272, "acc": 0.9090749025344849, "length": 4.0, "mode": "test", "epoch": 44}
{"loss": 0.2470257729291916, "acc": 0.8965433239936829, "length": 3.999990940093994, "mode": "train", "epoch": 45}
{"loss": 0.2712567150592804, "acc": 0.8873664140701294, "length": 4.0, "mode": "test", "epoch": 45}
{"loss": 0.23027221858501434, "acc": 0.9024432897567749, "length": 3.9999969005584717, "mode": "train", "epoch": 46}
{"loss": 0.250316321849823, "acc": 0.9069395661354065, "length": 4.0, "mode": "test", "epoch": 46}
{"loss": 0.21768784523010254, "acc": 0.9069722294807434, "length": 3.999993085861206, "mode": "train", "epoch": 47}
{"loss": 0.26946860551834106, "acc": 0.8955515623092651, "length": 4.0, "mode": "test", "epoch": 47}
{"loss": 0.21484375, "acc": 0.9030988812446594, "length": 3.999999523162842, "mode": "train", "epoch": 48}
{"loss": 0.26148125529289246, "acc": 0.9097864627838135, "length": 4.0, "mode": "test", "epoch": 48}
{"loss": 0.2541257441043854, "acc": 0.8803337216377258, "length": 3.999999761581421, "mode": "train", "epoch": 49}
{"loss": 0.27986323833465576, "acc": 0.8736656308174133, "length": 4.0, "mode": "test", "epoch": 49}
{"loss": 0.25293025374412537, "acc": 0.8745515942573547, "length": 3.9999470710754395, "mode": "train", "epoch": 50}
{"loss": 0.29048338532447815, "acc": 0.886654794216156, "length": 4.0, "mode": "test", "epoch": 50}
{"loss": 0.2488313913345337, "acc": 0.883253812789917, "length": 3.9999990463256836, "mode": "train", "epoch": 51}
{"loss": 0.28169503808021545, "acc": 0.8841636776924133, "length": 4.0, "mode": "test", "epoch": 51}
{"loss": 0.26156944036483765, "acc": 0.8759236931800842, "length": 3.999997854232788, "mode": "train", "epoch": 52}
{"loss": 0.2921070158481598, "acc": 0.8889679312705994, "length": 4.0, "mode": "test", "epoch": 52}
{"loss": 0.23521354794502258, "acc": 0.8967223167419434, "length": 4.0, "mode": "train", "epoch": 53}
{"loss": 0.28863364458084106, "acc": 0.8895017504692078, "length": 4.0, "mode": "test", "epoch": 53}
{"loss": 0.2408229559659958, "acc": 0.8970796465873718, "length": 3.99999737739563, "mode": "train", "epoch": 54}
{"loss": 0.26148679852485657, "acc": 0.8996441960334778, "length": 4.0, "mode": "test", "epoch": 54}
{"loss": 0.22109556198120117, "acc": 0.9014898538589478, "length": 3.999999523162842, "mode": "train", "epoch": 55}
{"loss": 0.2704541087150574, "acc": 0.8994660973548889, "length": 4.0, "mode": "test", "epoch": 55}
{"loss": 0.21771423518657684, "acc": 0.9044693112373352, "length": 3.9999918937683105, "mode": "train", "epoch": 56}
{"loss": 0.2532137632369995, "acc": 0.9096086025238037, "length": 4.0, "mode": "test", "epoch": 56}
{"loss": 0.21954332292079926, "acc": 0.9041118621826172, "length": 3.99999737739563, "mode": "train", "epoch": 57}
{"loss": 0.2631221115589142, "acc": 0.906405508518219, "length": 4.0, "mode": "test", "epoch": 57}
{"loss": 0.2134314626455307, "acc": 0.8998807668685913, "length": 3.999999523162842, "mode": "train", "epoch": 58}
{"loss": 0.2581202983856201, "acc": 0.8880783319473267, "length": 4.0, "mode": "test", "epoch": 58}
{"loss": 0.20873136818408966, "acc": 0.905423104763031, "length": 4.0, "mode": "train", "epoch": 59}
{"loss": 0.2250537872314453, "acc": 0.9112099409103394, "length": 4.0, "mode": "test", "epoch": 59}
{"loss": 0.2047654688358307, "acc": 0.9077468514442444, "length": 3.999903440475464, "mode": "train", "epoch": 60}
{"loss": 0.22843077778816223, "acc": 0.9124556183815002, "length": 4.0, "mode": "test", "epoch": 60}
test accuracy: 0.7145313024520874
