# ["--attributes=3", "--values=16", "--game_size=10", "--vocab_size_factor=3", "--n_epochs=60", "--batch_size=32", "--learning_rate=0.001", "--hidden_size=128", "--temp_update=0.97", "--temperature=2"]
Creating train_ds and val_ds...

Creating test_ds...
{"loss": 0.6926926374435425, "acc": 0.5407662391662598, "length": 3.280895709991455, "mode": "train", "epoch": 1}
{"loss": 0.6909385323524475, "acc": 0.5095406770706177, "length": 1.0, "mode": "test", "epoch": 1}
{"loss": 0.6556885838508606, "acc": 0.6148518919944763, "length": 2.649406671524048, "mode": "train", "epoch": 2}
{"loss": 0.5650324821472168, "acc": 0.7622419595718384, "length": 3.2438161373138428, "mode": "test", "epoch": 2}
{"loss": 0.5090147852897644, "acc": 0.7744221091270447, "length": 3.321741819381714, "mode": "train", "epoch": 3}
{"loss": 0.4647519886493683, "acc": 0.7969140410423279, "length": 3.4028267860412598, "mode": "test", "epoch": 3}
{"loss": 0.4394296109676361, "acc": 0.8004007935523987, "length": 3.4486818313598633, "mode": "train", "epoch": 4}
{"loss": 0.4348103106021881, "acc": 0.8275244832038879, "length": 3.65371036529541, "mode": "test", "epoch": 4}
{"loss": 0.3957303464412689, "acc": 0.8285807967185974, "length": 3.5654749870300293, "mode": "train", "epoch": 5}
{"loss": 0.40637481212615967, "acc": 0.8404986262321472, "length": 3.6607773303985596, "mode": "test", "epoch": 5}
{"loss": 0.36229681968688965, "acc": 0.8493866324424744, "length": 3.6046535968780518, "mode": "train", "epoch": 6}
{"loss": 0.40951889753341675, "acc": 0.8268592357635498, "length": 3.6289751529693604, "mode": "test", "epoch": 6}
{"loss": 0.3417116701602936, "acc": 0.8616150617599487, "length": 3.7089641094207764, "mode": "train", "epoch": 7}
{"loss": 0.3662060797214508, "acc": 0.8592492341995239, "length": 3.8621907234191895, "mode": "test", "epoch": 7}
{"loss": 0.3169160485267639, "acc": 0.8668675422668457, "length": 3.837909460067749, "mode": "train", "epoch": 8}
{"loss": 0.34660282731056213, "acc": 0.858303964138031, "length": 4.0, "mode": "test", "epoch": 8}
{"loss": 0.2955615222454071, "acc": 0.8778671622276306, "length": 3.932206153869629, "mode": "train", "epoch": 9}
{"loss": 0.3453473150730133, "acc": 0.8616607189178467, "length": 4.0, "mode": "test", "epoch": 9}
{"loss": 0.2725737690925598, "acc": 0.8865691423416138, "length": 3.956251621246338, "mode": "train", "epoch": 10}
{"loss": 0.34204426407814026, "acc": 0.8734982013702393, "length": 4.0, "mode": "test", "epoch": 10}
{"loss": 0.25964605808258057, "acc": 0.8962787985801697, "length": 3.963989496231079, "mode": "train", "epoch": 11}
{"loss": 0.3341183066368103, "acc": 0.873144805431366, "length": 4.0, "mode": "test", "epoch": 11}
{"loss": 0.2442101240158081, "acc": 0.9058290719985962, "length": 3.9682674407958984, "mode": "train", "epoch": 12}
{"loss": 0.34731581807136536, "acc": 0.8787984848022461, "length": 4.0, "mode": "test", "epoch": 12}
{"loss": 0.23832717537879944, "acc": 0.9065614938735962, "length": 3.9720332622528076, "mode": "train", "epoch": 13}
{"loss": 0.2996523380279541, "acc": 0.879858672618866, "length": 4.0, "mode": "test", "epoch": 13}
{"loss": 0.22316864132881165, "acc": 0.9141610860824585, "length": 3.9753506183624268, "mode": "train", "epoch": 14}
{"loss": 0.30164599418640137, "acc": 0.8818022608757019, "length": 4.0, "mode": "test", "epoch": 14}
{"loss": 0.22092586755752563, "acc": 0.9150755405426025, "length": 3.988193988800049, "mode": "train", "epoch": 15}
{"loss": 0.28805720806121826, "acc": 0.8881624341011047, "length": 4.0, "mode": "test", "epoch": 15}
{"loss": 0.19907160103321075, "acc": 0.9260205030441284, "length": 3.9882442951202393, "mode": "train", "epoch": 16}
{"loss": 0.27025818824768066, "acc": 0.9040635228157043, "length": 4.0, "mode": "test", "epoch": 16}
{"loss": 0.20896871387958527, "acc": 0.9195752739906311, "length": 3.9937596321105957, "mode": "train", "epoch": 17}
{"loss": 0.2526978850364685, "acc": 0.9137808084487915, "length": 4.0, "mode": "test", "epoch": 17}
{"loss": 0.18769395351409912, "acc": 0.9291664958000183, "length": 3.995197057723999, "mode": "train", "epoch": 18}
{"loss": 0.25137263536453247, "acc": 0.9173145890235901, "length": 4.0, "mode": "test", "epoch": 18}
{"loss": 0.1761975884437561, "acc": 0.9338697195053101, "length": 3.9970080852508545, "mode": "train", "epoch": 19}
{"loss": 0.2488701045513153, "acc": 0.9035336375236511, "length": 4.0, "mode": "test", "epoch": 19}
{"loss": 0.17433999478816986, "acc": 0.9323256015777588, "length": 3.996652603149414, "mode": "train", "epoch": 20}
{"loss": 0.2421404868364334, "acc": 0.9219080209732056, "length": 4.0, "mode": "test", "epoch": 20}
{"loss": 0.1787254512310028, "acc": 0.9312094449996948, "length": 3.997328758239746, "mode": "train", "epoch": 21}
{"loss": 0.22829000651836395, "acc": 0.9155476093292236, "length": 4.0, "mode": "test", "epoch": 21}
{"loss": 0.1586872786283493, "acc": 0.9390674829483032, "length": 3.997361660003662, "mode": "train", "epoch": 22}
{"loss": 0.22251462936401367, "acc": 0.9224380254745483, "length": 4.0, "mode": "test", "epoch": 22}
{"loss": 0.1551009714603424, "acc": 0.9432268738746643, "length": 3.9984982013702393, "mode": "train", "epoch": 23}
{"loss": 0.23430132865905762, "acc": 0.9181979298591614, "length": 4.0, "mode": "test", "epoch": 23}
{"loss": 0.14821292459964752, "acc": 0.9431749582290649, "length": 3.9962410926818848, "mode": "train", "epoch": 24}
{"loss": 0.2048623114824295, "acc": 0.9305654168128967, "length": 4.0, "mode": "test", "epoch": 24}
{"loss": 0.15055020153522491, "acc": 0.9423510432243347, "length": 3.996825933456421, "mode": "train", "epoch": 25}
{"loss": 0.22806406021118164, "acc": 0.9242050051689148, "length": 4.0, "mode": "test", "epoch": 25}
{"loss": 0.1522328406572342, "acc": 0.9391879439353943, "length": 3.9996471405029297, "mode": "train", "epoch": 26}
{"loss": 0.2066282331943512, "acc": 0.9287986159324646, "length": 4.0, "mode": "test", "epoch": 26}
{"loss": 0.14091037213802338, "acc": 0.9490270018577576, "length": 3.9988949298858643, "mode": "train", "epoch": 27}
{"loss": 0.21011798083782196, "acc": 0.9259718060493469, "length": 4.0, "mode": "test", "epoch": 27}
{"loss": 0.14079605042934418, "acc": 0.9458555579185486, "length": 3.999572515487671, "mode": "train", "epoch": 28}
{"loss": 0.20924009382724762, "acc": 0.9286218881607056, "length": 4.0, "mode": "test", "epoch": 28}
{"loss": 0.1381428837776184, "acc": 0.946864128112793, "length": 3.999701738357544, "mode": "train", "epoch": 29}
{"loss": 0.20367097854614258, "acc": 0.927738606929779, "length": 4.0, "mode": "test", "epoch": 29}
{"loss": 0.13447315990924835, "acc": 0.9491680264472961, "length": 3.9997684955596924, "mode": "train", "epoch": 30}
{"loss": 0.19701170921325684, "acc": 0.9328621625900269, "length": 4.0, "mode": "test", "epoch": 30}
{"loss": 0.12675297260284424, "acc": 0.9505797624588013, "length": 3.999574661254883, "mode": "train", "epoch": 31}
{"loss": 0.18695156276226044, "acc": 0.9381625652313232, "length": 4.0, "mode": "test", "epoch": 31}
{"loss": 0.11976589262485504, "acc": 0.9537091255187988, "length": 3.9996414184570312, "mode": "train", "epoch": 32}
{"loss": 0.20103222131729126, "acc": 0.9409893751144409, "length": 4.0, "mode": "test", "epoch": 32}
{"loss": 0.12797436118125916, "acc": 0.9484617710113525, "length": 3.999889850616455, "mode": "train", "epoch": 33}
{"loss": 0.21335618197917938, "acc": 0.932155430316925, "length": 4.0, "mode": "test", "epoch": 33}
{"loss": 0.12828415632247925, "acc": 0.9496923089027405, "length": 3.9994466304779053, "mode": "train", "epoch": 34}
{"loss": 0.20425203442573547, "acc": 0.9332155585289001, "length": 4.0, "mode": "test", "epoch": 34}
{"loss": 0.1245395764708519, "acc": 0.9537053108215332, "length": 3.9991798400878906, "mode": "train", "epoch": 35}
{"loss": 0.22265924513339996, "acc": 0.9284452199935913, "length": 4.0, "mode": "test", "epoch": 35}
{"loss": 0.12591181695461273, "acc": 0.9515876770019531, "length": 3.999563694000244, "mode": "train", "epoch": 36}
{"loss": 0.18538138270378113, "acc": 0.9340989589691162, "length": 4.0, "mode": "test", "epoch": 36}
{"loss": 0.1126483678817749, "acc": 0.9585563540458679, "length": 3.999884605407715, "mode": "train", "epoch": 37}
{"loss": 0.17510153353214264, "acc": 0.9399293065071106, "length": 4.0, "mode": "test", "epoch": 37}
{"loss": 0.10608766227960587, "acc": 0.9606699347496033, "length": 3.9996120929718018, "mode": "train", "epoch": 38}
{"loss": 0.1700572520494461, "acc": 0.9445229172706604, "length": 4.0, "mode": "test", "epoch": 38}
{"loss": 0.11045026034116745, "acc": 0.9595618844032288, "length": 3.999969482421875, "mode": "train", "epoch": 39}
{"loss": 0.17539358139038086, "acc": 0.9406359791755676, "length": 4.0, "mode": "test", "epoch": 39}
{"loss": 0.10392819344997406, "acc": 0.963270366191864, "length": 3.9987525939941406, "mode": "train", "epoch": 40}
{"loss": 0.18515051901340485, "acc": 0.9439930319786072, "length": 4.0, "mode": "test", "epoch": 40}
{"loss": 0.10115998238325119, "acc": 0.9639902710914612, "length": 3.999986171722412, "mode": "train", "epoch": 41}
{"loss": 0.165564626455307, "acc": 0.9450530409812927, "length": 4.0, "mode": "test", "epoch": 41}
{"loss": 0.09645888954401016, "acc": 0.9603272080421448, "length": 3.9998791217803955, "mode": "train", "epoch": 42}
{"loss": 0.16551707684993744, "acc": 0.9473499655723572, "length": 4.0, "mode": "test", "epoch": 42}
{"loss": 0.0989776998758316, "acc": 0.9631631374359131, "length": 3.9999711513519287, "mode": "train", "epoch": 43}
{"loss": 0.1867666393518448, "acc": 0.9501766562461853, "length": 4.0, "mode": "test", "epoch": 43}
{"loss": 0.10157635807991028, "acc": 0.9591482281684875, "length": 3.9999630451202393, "mode": "train", "epoch": 44}
{"loss": 0.1799929141998291, "acc": 0.9508833885192871, "length": 4.0, "mode": "test", "epoch": 44}
{"loss": 0.09751418232917786, "acc": 0.9616291522979736, "length": 3.9999964237213135, "mode": "train", "epoch": 45}
{"loss": 0.18165993690490723, "acc": 0.9538869857788086, "length": 4.0, "mode": "test", "epoch": 45}
{"loss": 0.08255401998758316, "acc": 0.9700708389282227, "length": 3.999997615814209, "mode": "train", "epoch": 46}
{"loss": 0.21425926685333252, "acc": 0.9503535032272339, "length": 4.0, "mode": "test", "epoch": 46}
{"loss": 0.0925263836979866, "acc": 0.9649274945259094, "length": 3.9998016357421875, "mode": "train", "epoch": 47}
{"loss": 0.21934719383716583, "acc": 0.9408127069473267, "length": 4.0, "mode": "test", "epoch": 47}
{"loss": 0.10376247018575668, "acc": 0.9629867672920227, "length": 3.9999899864196777, "mode": "train", "epoch": 48}
{"loss": 0.19315968453884125, "acc": 0.9422261118888855, "length": 4.0, "mode": "test", "epoch": 48}
{"loss": 0.09944075345993042, "acc": 0.9658201932907104, "length": 3.999983787536621, "mode": "train", "epoch": 49}
{"loss": 0.19034282863140106, "acc": 0.9510602355003357, "length": 4.0, "mode": "test", "epoch": 49}
{"loss": 0.09278414398431778, "acc": 0.9679440855979919, "length": 3.9999613761901855, "mode": "train", "epoch": 50}
{"loss": 0.15657560527324677, "acc": 0.9544168710708618, "length": 4.0, "mode": "test", "epoch": 50}
{"loss": 0.07850414514541626, "acc": 0.9696572422981262, "length": 3.999988555908203, "mode": "train", "epoch": 51}
{"loss": 0.16338616609573364, "acc": 0.9517666697502136, "length": 4.0, "mode": "test", "epoch": 51}
{"loss": 0.08412349969148636, "acc": 0.9668803215026855, "length": 3.999943971633911, "mode": "train", "epoch": 52}
{"loss": 0.1401161402463913, "acc": 0.9554771184921265, "length": 4.0, "mode": "test", "epoch": 52}
{"loss": 0.11167731136083603, "acc": 0.9609678983688354, "length": 3.999298334121704, "mode": "train", "epoch": 53}
{"loss": 0.2019060105085373, "acc": 0.9436396360397339, "length": 4.0, "mode": "test", "epoch": 53}
{"loss": 0.09061755985021591, "acc": 0.9659383296966553, "length": 3.9999921321868896, "mode": "train", "epoch": 54}
{"loss": 0.1912507712841034, "acc": 0.9501765370368958, "length": 4.0, "mode": "test", "epoch": 54}
{"loss": 0.1166762113571167, "acc": 0.9590315818786621, "length": 3.999993085861206, "mode": "train", "epoch": 55}
{"loss": 0.23176558315753937, "acc": 0.9307421445846558, "length": 4.0, "mode": "test", "epoch": 55}
{"loss": 0.147722065448761, "acc": 0.9474605917930603, "length": 3.9999618530273438, "mode": "train", "epoch": 56}
{"loss": 0.18372149765491486, "acc": 0.9469965696334839, "length": 4.0, "mode": "test", "epoch": 56}
{"loss": 0.100514255464077, "acc": 0.961329996585846, "length": 3.9998929500579834, "mode": "train", "epoch": 57}
{"loss": 0.20401409268379211, "acc": 0.9478797316551208, "length": 4.0, "mode": "test", "epoch": 57}
{"loss": 0.08720909804105759, "acc": 0.9661672711372375, "length": 3.9998066425323486, "mode": "train", "epoch": 58}
{"loss": 0.17062422633171082, "acc": 0.9537101984024048, "length": 4.0, "mode": "test", "epoch": 58}
{"loss": 0.08038531988859177, "acc": 0.9716640710830688, "length": 3.9999804496765137, "mode": "train", "epoch": 59}
{"loss": 0.1475255787372589, "acc": 0.963074266910553, "length": 4.0, "mode": "test", "epoch": 59}
{"loss": 0.07354659587144852, "acc": 0.9718416929244995, "length": 3.9999935626983643, "mode": "train", "epoch": 60}
{"loss": 0.16082729399204254, "acc": 0.9561837911605835, "length": 4.0, "mode": "test", "epoch": 60}
test accuracy: 0.8435484766960144
