# ["--attributes=3", "--values=16", "--game_size=10", "--vocab_size_factor=3", "--n_epochs=60", "--batch_size=32", "--learning_rate=0.001", "--hidden_size=128", "--temp_update=0.99", "--temperature=1"]
Creating train_ds and val_ds...

Creating test_ds...
{"loss": 0.6912258267402649, "acc": 0.5363284349441528, "length": 3.501192569732666, "mode": "train", "epoch": 1}
{"loss": 0.6551251411437988, "acc": 0.6637477874755859, "length": 3.7951388359069824, "mode": "test", "epoch": 1}
{"loss": 0.5978569984436035, "acc": 0.6801189184188843, "length": 3.819782018661499, "mode": "train", "epoch": 2}
{"loss": 0.532203197479248, "acc": 0.7342013120651245, "length": 4.0, "mode": "test", "epoch": 2}
{"loss": 0.5098862051963806, "acc": 0.755129337310791, "length": 3.9810872077941895, "mode": "train", "epoch": 3}
{"loss": 0.47468921542167664, "acc": 0.7744792699813843, "length": 4.0, "mode": "test", "epoch": 3}
{"loss": 0.4681338965892792, "acc": 0.7753058671951294, "length": 3.988379716873169, "mode": "train", "epoch": 4}
{"loss": 0.4676450192928314, "acc": 0.7866320013999939, "length": 4.0, "mode": "test", "epoch": 4}
{"loss": 0.45014017820358276, "acc": 0.7820102572441101, "length": 3.9891610145568848, "mode": "train", "epoch": 5}
{"loss": 0.4590323269367218, "acc": 0.7902777194976807, "length": 4.0, "mode": "test", "epoch": 5}
{"loss": 0.4284500181674957, "acc": 0.804963231086731, "length": 3.9879798889160156, "mode": "train", "epoch": 6}
{"loss": 0.4207950234413147, "acc": 0.8302083611488342, "length": 4.0, "mode": "test", "epoch": 6}
{"loss": 0.3754425644874573, "acc": 0.8368726968765259, "length": 3.992422342300415, "mode": "train", "epoch": 7}
{"loss": 0.38636764883995056, "acc": 0.8486111164093018, "length": 4.0, "mode": "test", "epoch": 7}
{"loss": 0.33759814500808716, "acc": 0.8620674014091492, "length": 3.9947149753570557, "mode": "train", "epoch": 8}
{"loss": 0.3649379312992096, "acc": 0.8697917461395264, "length": 4.0, "mode": "test", "epoch": 8}
{"loss": 0.3096197247505188, "acc": 0.8791999816894531, "length": 3.997011423110962, "mode": "train", "epoch": 9}
{"loss": 0.34037184715270996, "acc": 0.8713541030883789, "length": 4.0, "mode": "test", "epoch": 9}
{"loss": 0.2893328368663788, "acc": 0.8820338845252991, "length": 3.997234582901001, "mode": "train", "epoch": 10}
{"loss": 0.32040587067604065, "acc": 0.8739582896232605, "length": 4.0, "mode": "test", "epoch": 10}
{"loss": 0.27489742636680603, "acc": 0.8887563943862915, "length": 3.9973199367523193, "mode": "train", "epoch": 11}
{"loss": 0.3071921765804291, "acc": 0.8770833015441895, "length": 4.0, "mode": "test", "epoch": 11}
{"loss": 0.2644188404083252, "acc": 0.8915371298789978, "length": 3.9973926544189453, "mode": "train", "epoch": 12}
{"loss": 0.28321367502212524, "acc": 0.8954861164093018, "length": 4.0, "mode": "test", "epoch": 12}
{"loss": 0.23835614323616028, "acc": 0.9054219126701355, "length": 3.9982666969299316, "mode": "train", "epoch": 13}
{"loss": 0.2546581029891968, "acc": 0.9076389670372009, "length": 4.0, "mode": "test", "epoch": 13}
{"loss": 0.21867458522319794, "acc": 0.9147081971168518, "length": 3.995596170425415, "mode": "train", "epoch": 14}
{"loss": 0.22680844366550446, "acc": 0.9211806058883667, "length": 4.0, "mode": "test", "epoch": 14}
{"loss": 0.2087126076221466, "acc": 0.9182436466217041, "length": 3.998814105987549, "mode": "train", "epoch": 15}
{"loss": 0.21665796637535095, "acc": 0.9234374165534973, "length": 4.0, "mode": "test", "epoch": 15}
{"loss": 0.19864144921302795, "acc": 0.926436185836792, "length": 3.9989748001098633, "mode": "train", "epoch": 16}
{"loss": 0.2145961970090866, "acc": 0.9249999523162842, "length": 4.0, "mode": "test", "epoch": 16}
{"loss": 0.1897677332162857, "acc": 0.9290978908538818, "length": 3.998715400695801, "mode": "train", "epoch": 17}
{"loss": 0.21574650704860687, "acc": 0.9262152910232544, "length": 4.0, "mode": "test", "epoch": 17}
{"loss": 0.17896167933940887, "acc": 0.9329217672348022, "length": 3.998556137084961, "mode": "train", "epoch": 18}
{"loss": 0.2046496570110321, "acc": 0.9286457896232605, "length": 4.0, "mode": "test", "epoch": 18}
{"loss": 0.17254658043384552, "acc": 0.9373832941055298, "length": 3.998593330383301, "mode": "train", "epoch": 19}
{"loss": 0.1875217854976654, "acc": 0.9380209445953369, "length": 4.0, "mode": "test", "epoch": 19}
{"loss": 0.16319866478443146, "acc": 0.9399446845054626, "length": 3.9993770122528076, "mode": "train", "epoch": 20}
{"loss": 0.20476055145263672, "acc": 0.9307292103767395, "length": 4.0, "mode": "test", "epoch": 20}
{"loss": 0.16338007152080536, "acc": 0.939666748046875, "length": 3.999413251876831, "mode": "train", "epoch": 21}
{"loss": 0.17677372694015503, "acc": 0.9420139789581299, "length": 4.0, "mode": "test", "epoch": 21}
{"loss": 0.14889542758464813, "acc": 0.9441578388214111, "length": 3.998029947280884, "mode": "train", "epoch": 22}
{"loss": 0.20060832798480988, "acc": 0.9309027791023254, "length": 4.0, "mode": "test", "epoch": 22}
{"loss": 0.14753518998622894, "acc": 0.9464960098266602, "length": 3.998605728149414, "mode": "train", "epoch": 23}
{"loss": 0.17429454624652863, "acc": 0.9366319179534912, "length": 4.0, "mode": "test", "epoch": 23}
{"loss": 0.13823001086711884, "acc": 0.950452983379364, "length": 3.9994020462036133, "mode": "train", "epoch": 24}
{"loss": 0.1601087599992752, "acc": 0.9487847089767456, "length": 4.0, "mode": "test", "epoch": 24}
{"loss": 0.13384589552879333, "acc": 0.954386293888092, "length": 3.999190092086792, "mode": "train", "epoch": 25}
{"loss": 0.1650259792804718, "acc": 0.9467013478279114, "length": 4.0, "mode": "test", "epoch": 25}
{"loss": 0.13059669733047485, "acc": 0.9499415159225464, "length": 3.9961342811584473, "mode": "train", "epoch": 26}
{"loss": 0.15564438700675964, "acc": 0.9473958611488342, "length": 4.0, "mode": "test", "epoch": 26}
{"loss": 0.12072872370481491, "acc": 0.9578138589859009, "length": 3.999500274658203, "mode": "train", "epoch": 27}
{"loss": 0.1846242994070053, "acc": 0.9416666030883789, "length": 4.0, "mode": "test", "epoch": 27}
{"loss": 0.12662072479724884, "acc": 0.9554951190948486, "length": 3.9985501766204834, "mode": "train", "epoch": 28}
{"loss": 0.15483622252941132, "acc": 0.9506945013999939, "length": 4.0, "mode": "test", "epoch": 28}
{"loss": 0.11425846815109253, "acc": 0.958925724029541, "length": 3.9996755123138428, "mode": "train", "epoch": 29}
{"loss": 0.14185871183872223, "acc": 0.9513888955116272, "length": 4.0, "mode": "test", "epoch": 29}
{"loss": 0.10927977412939072, "acc": 0.9614206552505493, "length": 3.9995133876800537, "mode": "train", "epoch": 30}
{"loss": 0.14262889325618744, "acc": 0.9524306058883667, "length": 4.0, "mode": "test", "epoch": 30}
{"loss": 0.11399330198764801, "acc": 0.9578770995140076, "length": 3.99920916557312, "mode": "train", "epoch": 31}
{"loss": 0.15230509638786316, "acc": 0.9435763955116272, "length": 4.0, "mode": "test", "epoch": 31}
{"loss": 0.11069195717573166, "acc": 0.9620108604431152, "length": 3.9967734813690186, "mode": "train", "epoch": 32}
{"loss": 0.14510516822338104, "acc": 0.9548611044883728, "length": 4.0, "mode": "test", "epoch": 32}
{"loss": 0.10078368335962296, "acc": 0.9629538059234619, "length": 3.9983484745025635, "mode": "train", "epoch": 33}
{"loss": 0.14453253149986267, "acc": 0.9557291865348816, "length": 4.0, "mode": "test", "epoch": 33}
{"loss": 0.10642290860414505, "acc": 0.9608933925628662, "length": 3.999603509902954, "mode": "train", "epoch": 34}
{"loss": 0.13935191929340363, "acc": 0.9600694179534912, "length": 4.0, "mode": "test", "epoch": 34}
{"loss": 0.10678724944591522, "acc": 0.9610047936439514, "length": 3.998547315597534, "mode": "train", "epoch": 35}
{"loss": 0.17006617784500122, "acc": 0.9470484852790833, "length": 4.0, "mode": "test", "epoch": 35}
{"loss": 0.11602476984262466, "acc": 0.9579805731773376, "length": 3.9994101524353027, "mode": "train", "epoch": 36}
{"loss": 0.15009458363056183, "acc": 0.9576389789581299, "length": 4.0, "mode": "test", "epoch": 36}
{"loss": 0.1126147210597992, "acc": 0.963509202003479, "length": 3.9998207092285156, "mode": "train", "epoch": 37}
{"loss": 0.15019822120666504, "acc": 0.9552083611488342, "length": 4.0, "mode": "test", "epoch": 37}
{"loss": 0.10873746126890182, "acc": 0.9632160663604736, "length": 3.999629259109497, "mode": "train", "epoch": 38}
{"loss": 0.1474313586950302, "acc": 0.9494791030883789, "length": 4.0, "mode": "test", "epoch": 38}
{"loss": 0.09746533632278442, "acc": 0.9655416011810303, "length": 3.9999172687530518, "mode": "train", "epoch": 39}
{"loss": 0.12713974714279175, "acc": 0.9657986760139465, "length": 4.0, "mode": "test", "epoch": 39}
{"loss": 0.09256459772586823, "acc": 0.9680361747741699, "length": 3.999850273132324, "mode": "train", "epoch": 40}
{"loss": 0.12723535299301147, "acc": 0.9666666388511658, "length": 4.0, "mode": "test", "epoch": 40}
{"loss": 0.09479615837335587, "acc": 0.9674569368362427, "length": 3.999886989593506, "mode": "train", "epoch": 41}
{"loss": 0.11419498920440674, "acc": 0.9666667580604553, "length": 4.0, "mode": "test", "epoch": 41}
{"loss": 0.10235035419464111, "acc": 0.9641396999359131, "length": 3.9997341632843018, "mode": "train", "epoch": 42}
{"loss": 0.13021151721477509, "acc": 0.9619792103767395, "length": 4.0, "mode": "test", "epoch": 42}
{"loss": 0.09022244811058044, "acc": 0.966530978679657, "length": 3.999990463256836, "mode": "train", "epoch": 43}
{"loss": 0.1378673017024994, "acc": 0.9607638120651245, "length": 4.0, "mode": "test", "epoch": 43}
{"loss": 0.0875648781657219, "acc": 0.9695366621017456, "length": 3.999606132507324, "mode": "train", "epoch": 44}
{"loss": 0.12359540909528732, "acc": 0.9640625715255737, "length": 4.0, "mode": "test", "epoch": 44}
{"loss": 0.09669574350118637, "acc": 0.9671618342399597, "length": 3.999868869781494, "mode": "train", "epoch": 45}
{"loss": 0.12326763570308685, "acc": 0.9585070013999939, "length": 4.0, "mode": "test", "epoch": 45}
{"loss": 0.08957084268331528, "acc": 0.9699536561965942, "length": 3.999997138977051, "mode": "train", "epoch": 46}
{"loss": 0.11970456689596176, "acc": 0.9630208611488342, "length": 4.0, "mode": "test", "epoch": 46}
{"loss": 0.07361281663179398, "acc": 0.9761019945144653, "length": 3.999993085861206, "mode": "train", "epoch": 47}
{"loss": 0.1165839433670044, "acc": 0.9630208611488342, "length": 4.0, "mode": "test", "epoch": 47}
{"loss": 0.07855100929737091, "acc": 0.9729115962982178, "length": 3.999990463256836, "mode": "train", "epoch": 48}
{"loss": 0.11775471270084381, "acc": 0.9640624523162842, "length": 4.0, "mode": "test", "epoch": 48}
{"loss": 0.07170950621366501, "acc": 0.9759258031845093, "length": 3.999955415725708, "mode": "train", "epoch": 49}
{"loss": 0.11143755912780762, "acc": 0.9624999165534973, "length": 4.0, "mode": "test", "epoch": 49}
{"loss": 0.06961869448423386, "acc": 0.9734874963760376, "length": 3.9998700618743896, "mode": "train", "epoch": 50}
{"loss": 0.11459798365831375, "acc": 0.9645833969116211, "length": 4.0, "mode": "test", "epoch": 50}
{"loss": 0.07268739491701126, "acc": 0.9729675054550171, "length": 3.999904155731201, "mode": "train", "epoch": 51}
{"loss": 0.11431065946817398, "acc": 0.9696180820465088, "length": 4.0, "mode": "test", "epoch": 51}
{"loss": 0.09357024729251862, "acc": 0.9713451862335205, "length": 3.999990463256836, "mode": "train", "epoch": 52}
{"loss": 0.16695769131183624, "acc": 0.9541667103767395, "length": 4.0, "mode": "test", "epoch": 52}
{"loss": 0.09898096323013306, "acc": 0.9625000357627869, "length": 3.9980151653289795, "mode": "train", "epoch": 53}
{"loss": 0.17677250504493713, "acc": 0.9512152075767517, "length": 4.0, "mode": "test", "epoch": 53}
{"loss": 0.09821992367506027, "acc": 0.9640364050865173, "length": 3.99998140335083, "mode": "train", "epoch": 54}
{"loss": 0.1667793095111847, "acc": 0.9531251192092896, "length": 4.0, "mode": "test", "epoch": 54}
{"loss": 0.07611345499753952, "acc": 0.9715124368667603, "length": 3.999399185180664, "mode": "train", "epoch": 55}
{"loss": 0.1468021273612976, "acc": 0.9581596851348877, "length": 4.0, "mode": "test", "epoch": 55}
{"loss": 0.0925886258482933, "acc": 0.9698941111564636, "length": 3.9999775886535645, "mode": "train", "epoch": 56}
{"loss": 0.16956256330013275, "acc": 0.9546874165534973, "length": 4.0, "mode": "test", "epoch": 56}
{"loss": 0.08555961400270462, "acc": 0.968156635761261, "length": 3.999222993850708, "mode": "train", "epoch": 57}
{"loss": 0.16258880496025085, "acc": 0.9513890147209167, "length": 4.0, "mode": "test", "epoch": 57}
{"loss": 0.07297920435667038, "acc": 0.9747072458267212, "length": 3.9999451637268066, "mode": "train", "epoch": 58}
{"loss": 0.1381986290216446, "acc": 0.9661458134651184, "length": 4.0, "mode": "test", "epoch": 58}
{"loss": 0.07825781404972076, "acc": 0.9740702509880066, "length": 3.9999775886535645, "mode": "train", "epoch": 59}
{"loss": 0.13513942062854767, "acc": 0.9564235210418701, "length": 4.0, "mode": "test", "epoch": 59}
{"loss": 0.06894557178020477, "acc": 0.9770817756652832, "length": 3.999910831451416, "mode": "train", "epoch": 60}
{"loss": 0.14016534388065338, "acc": 0.963541567325592, "length": 4.0, "mode": "test", "epoch": 60}
test accuracy: 0.7794827222824097
