# ["--attributes=3", "--values=16", "--game_size=10", "--vocab_size_factor=3", "--n_epochs=60", "--batch_size=32", "--learning_rate=0.001", "--hidden_size=128", "--temp_update=0.99", "--temperature=1.5"]
Creating train_ds and val_ds...

Creating test_ds...
{"loss": 0.6966665983200073, "acc": 0.5253140926361084, "length": 2.861053228378296, "mode": "train", "epoch": 1}
{"loss": 0.6874265074729919, "acc": 0.5325087904930115, "length": 1.0, "mode": "test", "epoch": 1}
{"loss": 0.6736248731613159, "acc": 0.5927602648735046, "length": 2.1729466915130615, "mode": "train", "epoch": 2}
{"loss": 0.6289317607879639, "acc": 0.6954307556152344, "length": 2.4028267860412598, "mode": "test", "epoch": 2}
{"loss": 0.5623793005943298, "acc": 0.7253996133804321, "length": 3.0242223739624023, "mode": "train", "epoch": 3}
{"loss": 0.504317581653595, "acc": 0.7577424049377441, "length": 3.3992931842803955, "mode": "test", "epoch": 3}
{"loss": 0.45728039741516113, "acc": 0.7953605651855469, "length": 3.2845067977905273, "mode": "train", "epoch": 4}
{"loss": 0.4558527171611786, "acc": 0.7957947254180908, "length": 3.34628963470459, "mode": "test", "epoch": 4}
{"loss": 0.3857199251651764, "acc": 0.8381722569465637, "length": 3.4551494121551514, "mode": "train", "epoch": 5}
{"loss": 0.3924781382083893, "acc": 0.8277526497840881, "length": 3.593639612197876, "mode": "test", "epoch": 5}
{"loss": 0.3274080157279968, "acc": 0.8622080087661743, "length": 3.588050603866577, "mode": "train", "epoch": 6}
{"loss": 0.3596116006374359, "acc": 0.8487041592597961, "length": 3.6713781356811523, "mode": "test", "epoch": 6}
{"loss": 0.29466837644577026, "acc": 0.8764561414718628, "length": 3.681563377380371, "mode": "train", "epoch": 7}
{"loss": 0.3576388657093048, "acc": 0.855434775352478, "length": 3.7491166591644287, "mode": "test", "epoch": 7}
{"loss": 0.26865658164024353, "acc": 0.8913642764091492, "length": 3.692999839782715, "mode": "train", "epoch": 8}
{"loss": 0.32309451699256897, "acc": 0.8752540349960327, "length": 3.7879858016967773, "mode": "test", "epoch": 8}
{"loss": 0.24706439673900604, "acc": 0.9039525985717773, "length": 3.705230951309204, "mode": "train", "epoch": 9}
{"loss": 0.3133833706378937, "acc": 0.8920693397521973, "length": 3.812720775604248, "mode": "test", "epoch": 9}
{"loss": 0.22990931570529938, "acc": 0.9123496413230896, "length": 3.774231433868408, "mode": "train", "epoch": 10}
{"loss": 0.3170497417449951, "acc": 0.8879936933517456, "length": 3.7561838626861572, "mode": "test", "epoch": 10}
{"loss": 0.22224406898021698, "acc": 0.9152964353561401, "length": 3.7792420387268066, "mode": "train", "epoch": 11}
{"loss": 0.31070366501808167, "acc": 0.8871521353721619, "length": 3.925795078277588, "mode": "test", "epoch": 11}
{"loss": 0.20536981523036957, "acc": 0.9221433997154236, "length": 3.810959815979004, "mode": "train", "epoch": 12}
{"loss": 0.2901628911495209, "acc": 0.8963670134544373, "length": 3.8727915287017822, "mode": "test", "epoch": 12}
{"loss": 0.20331622660160065, "acc": 0.9230012893676758, "length": 3.8270559310913086, "mode": "train", "epoch": 13}
{"loss": 0.27773356437683105, "acc": 0.9004033207893372, "length": 3.8657243251800537, "mode": "test", "epoch": 13}
{"loss": 0.1911984086036682, "acc": 0.926785409450531, "length": 3.836362361907959, "mode": "train", "epoch": 14}
{"loss": 0.2719593048095703, "acc": 0.9029207229614258, "length": 3.88692569732666, "mode": "test", "epoch": 14}
{"loss": 0.18387432396411896, "acc": 0.9281163811683655, "length": 3.851942777633667, "mode": "train", "epoch": 15}
{"loss": 0.27603694796562195, "acc": 0.9065923690795898, "length": 3.929328680038452, "mode": "test", "epoch": 15}
{"loss": 0.1794905662536621, "acc": 0.9355797171592712, "length": 3.87056303024292, "mode": "train", "epoch": 16}
{"loss": 0.2970946729183197, "acc": 0.8834197521209717, "length": 3.9222614765167236, "mode": "test", "epoch": 16}
{"loss": 0.17593763768672943, "acc": 0.9326660633087158, "length": 3.8552396297454834, "mode": "train", "epoch": 17}
{"loss": 0.2438916712999344, "acc": 0.9161199927330017, "length": 3.8657243251800537, "mode": "test", "epoch": 17}
{"loss": 0.16260862350463867, "acc": 0.9381317496299744, "length": 3.857715368270874, "mode": "train", "epoch": 18}
{"loss": 0.23633405566215515, "acc": 0.9233866333961487, "length": 3.901060104370117, "mode": "test", "epoch": 18}
{"loss": 0.15024210512638092, "acc": 0.9468111991882324, "length": 3.8843159675598145, "mode": "train", "epoch": 19}
{"loss": 0.22993117570877075, "acc": 0.9253859519958496, "length": 3.929328680038452, "mode": "test", "epoch": 19}
{"loss": 0.14849853515625, "acc": 0.945119321346283, "length": 3.883650064468384, "mode": "train", "epoch": 20}
{"loss": 0.20815777778625488, "acc": 0.9313824772834778, "length": 3.9045937061309814, "mode": "test", "epoch": 20}
{"loss": 0.13418957591056824, "acc": 0.9532174468040466, "length": 3.8924455642700195, "mode": "train", "epoch": 21}
{"loss": 0.2034163475036621, "acc": 0.9335448145866394, "length": 3.929328680038452, "mode": "test", "epoch": 21}
{"loss": 0.12848444283008575, "acc": 0.9531435966491699, "length": 3.901104211807251, "mode": "train", "epoch": 22}
{"loss": 0.18095362186431885, "acc": 0.9453675150871277, "length": 3.897526502609253, "mode": "test", "epoch": 22}
{"loss": 0.11973341554403305, "acc": 0.9552395939826965, "length": 3.907764434814453, "mode": "train", "epoch": 23}
{"loss": 0.20035311579704285, "acc": 0.9329372644424438, "length": 3.9222614765167236, "mode": "test", "epoch": 23}
{"loss": 0.11709960550069809, "acc": 0.9559653997421265, "length": 3.915910243988037, "mode": "train", "epoch": 24}
{"loss": 0.16513678431510925, "acc": 0.944955050945282, "length": 3.88692569732666, "mode": "test", "epoch": 24}
{"loss": 0.11237352341413498, "acc": 0.9591892957687378, "length": 3.9021120071411133, "mode": "train", "epoch": 25}
{"loss": 0.16094298660755157, "acc": 0.9450482726097107, "length": 3.9187278747558594, "mode": "test", "epoch": 25}
{"loss": 0.11057005077600479, "acc": 0.958365797996521, "length": 3.907823324203491, "mode": "train", "epoch": 26}
{"loss": 0.17810744047164917, "acc": 0.937741756439209, "length": 3.8445229530334473, "mode": "test", "epoch": 26}
{"loss": 0.10284934937953949, "acc": 0.9643843173980713, "length": 3.8844268321990967, "mode": "train", "epoch": 27}
{"loss": 0.16584822535514832, "acc": 0.9478086829185486, "length": 3.8727915287017822, "mode": "test", "epoch": 27}
{"loss": 0.09525845944881439, "acc": 0.9653340578079224, "length": 3.8894248008728027, "mode": "train", "epoch": 28}
{"loss": 0.14537553489208221, "acc": 0.9483558535575867, "length": 3.8621907234191895, "mode": "test", "epoch": 28}
{"loss": 0.09356225281953812, "acc": 0.9649531841278076, "length": 3.901749610900879, "mode": "train", "epoch": 29}
{"loss": 0.1480804681777954, "acc": 0.9431500434875488, "length": 3.869257926940918, "mode": "test", "epoch": 29}
{"loss": 0.09542179107666016, "acc": 0.9634612798690796, "length": 3.8985161781311035, "mode": "train", "epoch": 30}
{"loss": 0.147365540266037, "acc": 0.943199872970581, "length": 3.8586573600769043, "mode": "test", "epoch": 30}
{"loss": 0.09045291692018509, "acc": 0.9658734202384949, "length": 3.862954616546631, "mode": "train", "epoch": 31}
{"loss": 0.11806143820285797, "acc": 0.950284481048584, "length": 3.85512375831604, "mode": "test", "epoch": 31}
{"loss": 0.07795742154121399, "acc": 0.9714032411575317, "length": 3.8842318058013916, "mode": "train", "epoch": 32}
{"loss": 0.12786085903644562, "acc": 0.9492207765579224, "length": 3.8763251304626465, "mode": "test", "epoch": 32}
{"loss": 0.08293100446462631, "acc": 0.970714807510376, "length": 3.9027721881866455, "mode": "train", "epoch": 33}
{"loss": 0.1668815165758133, "acc": 0.9375476837158203, "length": 3.9081273078918457, "mode": "test", "epoch": 33}
{"loss": 0.07549995183944702, "acc": 0.974474310874939, "length": 3.902064561843872, "mode": "train", "epoch": 34}
{"loss": 0.14728809893131256, "acc": 0.9498819708824158, "length": 3.883392333984375, "mode": "test", "epoch": 34}
{"loss": 0.06646151095628738, "acc": 0.9775683879852295, "length": 3.8905889987945557, "mode": "train", "epoch": 35}
{"loss": 0.10890180617570877, "acc": 0.959141731262207, "length": 3.8939929008483887, "mode": "test", "epoch": 35}
{"loss": 0.060708895325660706, "acc": 0.9788853526115417, "length": 3.897979259490967, "mode": "train", "epoch": 36}
{"loss": 0.10429786890745163, "acc": 0.959921658039093, "length": 3.915194272994995, "mode": "test", "epoch": 36}
{"loss": 0.07224160432815552, "acc": 0.974219799041748, "length": 3.9192793369293213, "mode": "train", "epoch": 37}
{"loss": 0.112137570977211, "acc": 0.9533527493476868, "length": 3.869257926940918, "mode": "test", "epoch": 37}
{"loss": 0.05771647021174431, "acc": 0.9798702597618103, "length": 3.8992786407470703, "mode": "train", "epoch": 38}
{"loss": 0.1243685632944107, "acc": 0.9525970220565796, "length": 3.869257926940918, "mode": "test", "epoch": 38}
{"loss": 0.06515568494796753, "acc": 0.9766203761100769, "length": 3.89725399017334, "mode": "train", "epoch": 39}
{"loss": 0.12755197286605835, "acc": 0.952917218208313, "length": 3.8904592990875244, "mode": "test", "epoch": 39}
{"loss": 0.0543612465262413, "acc": 0.981734037399292, "length": 3.9113173484802246, "mode": "train", "epoch": 40}
{"loss": 0.11628067493438721, "acc": 0.9596492052078247, "length": 3.88692569732666, "mode": "test", "epoch": 40}
{"loss": 0.04260957986116409, "acc": 0.9870445728302002, "length": 3.915884494781494, "mode": "train", "epoch": 41}
{"loss": 0.11608515679836273, "acc": 0.9498655796051025, "length": 3.88692569732666, "mode": "test", "epoch": 41}
{"loss": 0.041460808366537094, "acc": 0.9868550896644592, "length": 3.9133987426757812, "mode": "train", "epoch": 42}
{"loss": 0.0742742121219635, "acc": 0.9727127552032471, "length": 3.901060104370117, "mode": "test", "epoch": 42}
{"loss": 0.03679782897233963, "acc": 0.9887205362319946, "length": 3.923525810241699, "mode": "train", "epoch": 43}
{"loss": 0.07887189835309982, "acc": 0.9728391170501709, "length": 3.9045937061309814, "mode": "test", "epoch": 43}
{"loss": 0.04585633799433708, "acc": 0.9852898120880127, "length": 3.912935733795166, "mode": "train", "epoch": 44}
{"loss": 0.05809195339679718, "acc": 0.983181893825531, "length": 3.901060104370117, "mode": "test", "epoch": 44}
{"loss": 0.04468864947557449, "acc": 0.9867678880691528, "length": 3.9169881343841553, "mode": "train", "epoch": 45}
{"loss": 0.06255822628736496, "acc": 0.9816488027572632, "length": 3.9222614765167236, "mode": "test", "epoch": 45}
{"loss": 0.03756305202841759, "acc": 0.988449215888977, "length": 3.9199302196502686, "mode": "train", "epoch": 46}
{"loss": 0.06769866496324539, "acc": 0.9826717376708984, "length": 3.9222614765167236, "mode": "test", "epoch": 46}
{"loss": 0.037979964166879654, "acc": 0.9884029030799866, "length": 3.932539939880371, "mode": "train", "epoch": 47}
{"loss": 0.062036216259002686, "acc": 0.9800602793693542, "length": 3.9328622817993164, "mode": "test", "epoch": 47}
{"loss": 0.052226822823286057, "acc": 0.9843667149543762, "length": 3.9424970149993896, "mode": "train", "epoch": 48}
{"loss": 0.09043584018945694, "acc": 0.9758888483047485, "length": 3.9187278747558594, "mode": "test", "epoch": 48}
{"loss": 0.04038216173648834, "acc": 0.9874382019042969, "length": 3.915168523788452, "mode": "train", "epoch": 49}
{"loss": 0.06423579901456833, "acc": 0.9774984121322632, "length": 3.8904592990875244, "mode": "test", "epoch": 49}
{"loss": 0.044233981519937515, "acc": 0.9869299530982971, "length": 3.9200360774993896, "mode": "train", "epoch": 50}
{"loss": 0.07819747179746628, "acc": 0.9714183211326599, "length": 3.9187278747558594, "mode": "test", "epoch": 50}
{"loss": 0.03820888698101044, "acc": 0.9891155362129211, "length": 3.927234172821045, "mode": "train", "epoch": 51}
{"loss": 0.049610547721385956, "acc": 0.9826468229293823, "length": 3.883392333984375, "mode": "test", "epoch": 51}
{"loss": 0.03626256808638573, "acc": 0.9898813962936401, "length": 3.9432902336120605, "mode": "train", "epoch": 52}
{"loss": 0.05949325114488602, "acc": 0.9830570220947266, "length": 3.8904592990875244, "mode": "test", "epoch": 52}
{"loss": 0.028858933597803116, "acc": 0.9931567907333374, "length": 3.9394590854644775, "mode": "train", "epoch": 53}
{"loss": 0.040108855813741684, "acc": 0.9880977272987366, "length": 3.9045937061309814, "mode": "test", "epoch": 53}
{"loss": 0.02232786826789379, "acc": 0.9955573081970215, "length": 3.9379963874816895, "mode": "train", "epoch": 54}
{"loss": 0.03701223433017731, "acc": 0.9910798072814941, "length": 3.911660671234131, "mode": "test", "epoch": 54}
{"loss": 0.01832503080368042, "acc": 0.9966155886650085, "length": 3.9396514892578125, "mode": "train", "epoch": 55}
{"loss": 0.052605099976062775, "acc": 0.9860473275184631, "length": 3.915194272994995, "mode": "test", "epoch": 55}
{"loss": 0.02274661883711815, "acc": 0.993328332901001, "length": 3.9418845176696777, "mode": "train", "epoch": 56}
{"loss": 0.04853515699505806, "acc": 0.9873191118240356, "length": 3.901060104370117, "mode": "test", "epoch": 56}
{"loss": 0.02922847867012024, "acc": 0.9925975203514099, "length": 3.937879800796509, "mode": "train", "epoch": 57}
{"loss": 0.08374065905809402, "acc": 0.9782717823982239, "length": 3.925795078277588, "mode": "test", "epoch": 57}
{"loss": 0.04182370379567146, "acc": 0.9867033958435059, "length": 3.936951160430908, "mode": "train", "epoch": 58}
{"loss": 0.06208156794309616, "acc": 0.9817978143692017, "length": 3.897526502609253, "mode": "test", "epoch": 58}
{"loss": 0.03316090628504753, "acc": 0.9900698065757751, "length": 3.9308547973632812, "mode": "train", "epoch": 59}
{"loss": 0.03693987801671028, "acc": 0.9907443523406982, "length": 3.8939929008483887, "mode": "test", "epoch": 59}
{"loss": 0.02489316463470459, "acc": 0.99443519115448, "length": 3.9331796169281006, "mode": "train", "epoch": 60}
{"loss": 0.05669580027461052, "acc": 0.984123945236206, "length": 3.8939929008483887, "mode": "test", "epoch": 60}
test accuracy: 0.7909526228904724
