# ["--attributes=3", "--values=16", "--game_size=10", "--vocab_size_factor=3", "--n_epochs=60", "--batch_size=32", "--learning_rate=0.001", "--hidden_size=128", "--temp_update=0.99", "--temperature=2"]
Creating train_ds and val_ds...

Creating test_ds...
{"loss": 0.694267749786377, "acc": 0.5216765403747559, "length": 3.319117546081543, "mode": "train", "epoch": 1}
{"loss": 0.6833834052085876, "acc": 0.5474773645401001, "length": 1.5424354076385498, "mode": "test", "epoch": 1}
{"loss": 0.6454243659973145, "acc": 0.6338241696357727, "length": 3.071232557296753, "mode": "train", "epoch": 2}
{"loss": 0.5689096450805664, "acc": 0.7523524165153503, "length": 2.92988920211792, "mode": "test", "epoch": 2}
{"loss": 0.5281164646148682, "acc": 0.7618892788887024, "length": 3.387788772583008, "mode": "train", "epoch": 3}
{"loss": 0.47633489966392517, "acc": 0.806820809841156, "length": 3.1586716175079346, "mode": "test", "epoch": 3}
{"loss": 0.45221924781799316, "acc": 0.8058332204818726, "length": 3.3527262210845947, "mode": "train", "epoch": 4}
{"loss": 0.4633130133152008, "acc": 0.7989356517791748, "length": 3.243542432785034, "mode": "test", "epoch": 4}
{"loss": 0.40704408288002014, "acc": 0.8172559142112732, "length": 3.495203733444214, "mode": "train", "epoch": 5}
{"loss": 0.40760529041290283, "acc": 0.8259859681129456, "length": 3.6199262142181396, "mode": "test", "epoch": 5}
{"loss": 0.3720649778842926, "acc": 0.8342841267585754, "length": 3.7530930042266846, "mode": "train", "epoch": 6}
{"loss": 0.3850655257701874, "acc": 0.8189114928245544, "length": 3.9889299869537354, "mode": "test", "epoch": 6}
{"loss": 0.33353736996650696, "acc": 0.8543434739112854, "length": 3.9188218116760254, "mode": "train", "epoch": 7}
{"loss": 0.3961869180202484, "acc": 0.8428045511245728, "length": 4.0, "mode": "test", "epoch": 7}
{"loss": 0.3150341510772705, "acc": 0.8645714521408081, "length": 3.954066514968872, "mode": "train", "epoch": 8}
{"loss": 0.3697482943534851, "acc": 0.8594096899032593, "length": 4.0, "mode": "test", "epoch": 8}
{"loss": 0.29774171113967896, "acc": 0.8691511154174805, "length": 3.9595303535461426, "mode": "train", "epoch": 9}
{"loss": 0.37678590416908264, "acc": 0.8656826615333557, "length": 4.0, "mode": "test", "epoch": 9}
{"loss": 0.29102078080177307, "acc": 0.8789693117141724, "length": 3.9654762744903564, "mode": "train", "epoch": 10}
{"loss": 0.36825093626976013, "acc": 0.8721402883529663, "length": 4.0, "mode": "test", "epoch": 10}
{"loss": 0.27814051508903503, "acc": 0.8832012414932251, "length": 3.9755189418792725, "mode": "train", "epoch": 11}
{"loss": 0.3545224368572235, "acc": 0.8841328024864197, "length": 4.0, "mode": "test", "epoch": 11}
{"loss": 0.2663128972053528, "acc": 0.8909931778907776, "length": 3.979741096496582, "mode": "train", "epoch": 12}
{"loss": 0.34504905343055725, "acc": 0.8815498352050781, "length": 4.0, "mode": "test", "epoch": 12}
{"loss": 0.25984641909599304, "acc": 0.8977251648902893, "length": 3.9833385944366455, "mode": "train", "epoch": 13}
{"loss": 0.32804638147354126, "acc": 0.8929890394210815, "length": 4.0, "mode": "test", "epoch": 13}
{"loss": 0.25703102350234985, "acc": 0.897282063961029, "length": 3.9869730472564697, "mode": "train", "epoch": 14}
{"loss": 0.3216663897037506, "acc": 0.8728781938552856, "length": 4.0, "mode": "test", "epoch": 14}
{"loss": 0.264698326587677, "acc": 0.9025578498840332, "length": 3.9887139797210693, "mode": "train", "epoch": 15}
{"loss": 0.30291786789894104, "acc": 0.8992621302604675, "length": 4.0, "mode": "test", "epoch": 15}
{"loss": 0.24977292120456696, "acc": 0.8966920971870422, "length": 3.988149642944336, "mode": "train", "epoch": 16}
{"loss": 0.29888975620269775, "acc": 0.9025830030441284, "length": 4.0, "mode": "test", "epoch": 16}
{"loss": 0.23879030346870422, "acc": 0.9034004211425781, "length": 3.9906725883483887, "mode": "train", "epoch": 17}
{"loss": 0.2819427251815796, "acc": 0.9090406894683838, "length": 4.0, "mode": "test", "epoch": 17}
{"loss": 0.235202357172966, "acc": 0.9066246747970581, "length": 3.991053342819214, "mode": "train", "epoch": 18}
{"loss": 0.29036545753479004, "acc": 0.9075646996498108, "length": 4.0, "mode": "test", "epoch": 18}
{"loss": 0.2281179130077362, "acc": 0.9081951379776001, "length": 3.9930403232574463, "mode": "train", "epoch": 19}
{"loss": 0.2885318398475647, "acc": 0.90129154920578, "length": 4.0, "mode": "test", "epoch": 19}
{"loss": 0.22477655112743378, "acc": 0.908572793006897, "length": 3.993523120880127, "mode": "train", "epoch": 20}
{"loss": 0.2780134379863739, "acc": 0.9022140502929688, "length": 4.0, "mode": "test", "epoch": 20}
{"loss": 0.22233135998249054, "acc": 0.9108893275260925, "length": 3.9931652545928955, "mode": "train", "epoch": 21}
{"loss": 0.3093454837799072, "acc": 0.894834041595459, "length": 4.0, "mode": "test", "epoch": 21}
{"loss": 0.2202109694480896, "acc": 0.910114049911499, "length": 3.99426007270813, "mode": "train", "epoch": 22}
{"loss": 0.2769125998020172, "acc": 0.9110701084136963, "length": 4.0, "mode": "test", "epoch": 22}
{"loss": 0.21650159358978271, "acc": 0.9110558032989502, "length": 3.995086193084717, "mode": "train", "epoch": 23}
{"loss": 0.2716118395328522, "acc": 0.9073801636695862, "length": 4.0, "mode": "test", "epoch": 23}
{"loss": 0.20595180988311768, "acc": 0.9176037311553955, "length": 3.99566650390625, "mode": "train", "epoch": 24}
{"loss": 0.2676224708557129, "acc": 0.9077490568161011, "length": 4.0, "mode": "test", "epoch": 24}
{"loss": 0.21224850416183472, "acc": 0.9138816595077515, "length": 3.994767189025879, "mode": "train", "epoch": 25}
{"loss": 0.26790717244148254, "acc": 0.9178967475891113, "length": 4.0, "mode": "test", "epoch": 25}
{"loss": 0.2065505087375641, "acc": 0.9201312065124512, "length": 3.9951605796813965, "mode": "train", "epoch": 26}
{"loss": 0.2525036931037903, "acc": 0.9167895317077637, "length": 4.0, "mode": "test", "epoch": 26}
{"loss": 0.20168860256671906, "acc": 0.9195075035095215, "length": 3.9954280853271484, "mode": "train", "epoch": 27}
{"loss": 0.26171743869781494, "acc": 0.9053505659103394, "length": 4.0, "mode": "test", "epoch": 27}
{"loss": 0.18925391137599945, "acc": 0.9266993403434753, "length": 3.994271993637085, "mode": "train", "epoch": 28}
{"loss": 0.2706488072872162, "acc": 0.9059040546417236, "length": 4.0, "mode": "test", "epoch": 28}
{"loss": 0.1704094409942627, "acc": 0.9325774908065796, "length": 3.9950170516967773, "mode": "train", "epoch": 29}
{"loss": 0.23467066884040833, "acc": 0.9147602915763855, "length": 4.0, "mode": "test", "epoch": 29}
{"loss": 0.16178090870380402, "acc": 0.9366753697395325, "length": 3.995558977127075, "mode": "train", "epoch": 30}
{"loss": 0.22691385447978973, "acc": 0.9154980778694153, "length": 4.0, "mode": "test", "epoch": 30}
{"loss": 0.1490815430879593, "acc": 0.9385066628456116, "length": 3.9974679946899414, "mode": "train", "epoch": 31}
{"loss": 0.22180669009685516, "acc": 0.9210332036018372, "length": 4.0, "mode": "test", "epoch": 31}
{"loss": 0.13320447504520416, "acc": 0.9482983350753784, "length": 3.9966681003570557, "mode": "train", "epoch": 32}
{"loss": 0.2042064070701599, "acc": 0.924169659614563, "length": 4.0, "mode": "test", "epoch": 32}
{"loss": 0.1196490228176117, "acc": 0.9522688388824463, "length": 3.9972896575927734, "mode": "train", "epoch": 33}
{"loss": 0.20891593396663666, "acc": 0.9221402406692505, "length": 4.0, "mode": "test", "epoch": 33}
{"loss": 0.12032963335514069, "acc": 0.9539412260055542, "length": 3.9973561763763428, "mode": "train", "epoch": 34}
{"loss": 0.2011059820652008, "acc": 0.928597629070282, "length": 4.0, "mode": "test", "epoch": 34}
{"loss": 0.10311196744441986, "acc": 0.9611471891403198, "length": 3.99682879447937, "mode": "train", "epoch": 35}
{"loss": 0.17643609642982483, "acc": 0.9317343235015869, "length": 4.0, "mode": "test", "epoch": 35}
{"loss": 0.09837052971124649, "acc": 0.9658531546592712, "length": 3.997429847717285, "mode": "train", "epoch": 36}
{"loss": 0.1983376294374466, "acc": 0.9276751279830933, "length": 4.0, "mode": "test", "epoch": 36}
{"loss": 0.09849025309085846, "acc": 0.962604820728302, "length": 3.99760365486145, "mode": "train", "epoch": 37}
{"loss": 0.17346782982349396, "acc": 0.9356088042259216, "length": 4.0, "mode": "test", "epoch": 37}
{"loss": 0.11062237620353699, "acc": 0.9578756093978882, "length": 3.9986324310302734, "mode": "train", "epoch": 38}
{"loss": 0.15522988140583038, "acc": 0.9442804455757141, "length": 4.0, "mode": "test", "epoch": 38}
{"loss": 0.08460743725299835, "acc": 0.9662107229232788, "length": 3.9985544681549072, "mode": "train", "epoch": 39}
{"loss": 0.16310358047485352, "acc": 0.945018470287323, "length": 4.0, "mode": "test", "epoch": 39}
{"loss": 0.0865689218044281, "acc": 0.9676364064216614, "length": 3.9986352920532227, "mode": "train", "epoch": 40}
{"loss": 0.15352682769298553, "acc": 0.9503690600395203, "length": 4.0, "mode": "test", "epoch": 40}
{"loss": 0.0676349550485611, "acc": 0.9766383767127991, "length": 3.9982731342315674, "mode": "train", "epoch": 41}
{"loss": 0.14352186024188995, "acc": 0.9499999284744263, "length": 4.0, "mode": "test", "epoch": 41}
{"loss": 0.07329640537500381, "acc": 0.9756720662117004, "length": 3.9988245964050293, "mode": "train", "epoch": 42}
{"loss": 0.15672720968723297, "acc": 0.9479705691337585, "length": 4.0, "mode": "test", "epoch": 42}
{"loss": 0.06700333952903748, "acc": 0.9781332015991211, "length": 3.998703956604004, "mode": "train", "epoch": 43}
{"loss": 0.11718058586120605, "acc": 0.9594095945358276, "length": 4.0, "mode": "test", "epoch": 43}
{"loss": 0.05830535292625427, "acc": 0.9780901074409485, "length": 3.9989871978759766, "mode": "train", "epoch": 44}
{"loss": 0.1225525438785553, "acc": 0.9594097137451172, "length": 4.0, "mode": "test", "epoch": 44}
{"loss": 0.05770142003893852, "acc": 0.9812843203544617, "length": 3.9987339973449707, "mode": "train", "epoch": 45}
{"loss": 0.13641174137592316, "acc": 0.9581180810928345, "length": 4.0, "mode": "test", "epoch": 45}
{"loss": 0.048484206199645996, "acc": 0.9839646816253662, "length": 3.9991586208343506, "mode": "train", "epoch": 46}
{"loss": 0.11844483762979507, "acc": 0.9605166912078857, "length": 4.0, "mode": "test", "epoch": 46}
{"loss": 0.050486043095588684, "acc": 0.9822363257408142, "length": 3.9992129802703857, "mode": "train", "epoch": 47}
{"loss": 0.09471002966165543, "acc": 0.9682656526565552, "length": 4.0, "mode": "test", "epoch": 47}
{"loss": 0.05927681550383568, "acc": 0.978581964969635, "length": 3.9974541664123535, "mode": "train", "epoch": 48}
{"loss": 0.12353982031345367, "acc": 0.9630996584892273, "length": 4.0, "mode": "test", "epoch": 48}
{"loss": 0.04782109335064888, "acc": 0.9839031100273132, "length": 3.999267578125, "mode": "train", "epoch": 49}
{"loss": 0.10841207206249237, "acc": 0.9653135538101196, "length": 4.0, "mode": "test", "epoch": 49}
{"loss": 0.047590505331754684, "acc": 0.9834132194519043, "length": 3.999370813369751, "mode": "train", "epoch": 50}
{"loss": 0.11604245752096176, "acc": 0.9627305865287781, "length": 4.0, "mode": "test", "epoch": 50}
{"loss": 0.044570595026016235, "acc": 0.9865067601203918, "length": 3.999408721923828, "mode": "train", "epoch": 51}
{"loss": 0.08927962929010391, "acc": 0.9741696119308472, "length": 4.0, "mode": "test", "epoch": 51}
{"loss": 0.0350593738257885, "acc": 0.9909571409225464, "length": 3.999494791030884, "mode": "train", "epoch": 52}
{"loss": 0.11224336177110672, "acc": 0.9630996584892273, "length": 4.0, "mode": "test", "epoch": 52}
{"loss": 0.03343207761645317, "acc": 0.9908381104469299, "length": 3.9996535778045654, "mode": "train", "epoch": 53}
{"loss": 0.13040921092033386, "acc": 0.9710332751274109, "length": 4.0, "mode": "test", "epoch": 53}
{"loss": 0.04129179194569588, "acc": 0.9871824383735657, "length": 3.9994382858276367, "mode": "train", "epoch": 54}
{"loss": 0.0894850492477417, "acc": 0.9723248481750488, "length": 4.0, "mode": "test", "epoch": 54}
{"loss": 0.033927105367183685, "acc": 0.9915837049484253, "length": 3.9997103214263916, "mode": "train", "epoch": 55}
{"loss": 0.08603788912296295, "acc": 0.9771218299865723, "length": 4.0, "mode": "test", "epoch": 55}
{"loss": 0.03226357698440552, "acc": 0.9897895455360413, "length": 3.99971866607666, "mode": "train", "epoch": 56}
{"loss": 0.10274303704500198, "acc": 0.965867280960083, "length": 4.0, "mode": "test", "epoch": 56}
{"loss": 0.039215102791786194, "acc": 0.9867008328437805, "length": 3.9997103214263916, "mode": "train", "epoch": 57}
{"loss": 0.0912928581237793, "acc": 0.9743543267250061, "length": 4.0, "mode": "test", "epoch": 57}
{"loss": 0.030025066807866096, "acc": 0.9923216700553894, "length": 3.9996800422668457, "mode": "train", "epoch": 58}
{"loss": 0.09039784967899323, "acc": 0.9717711210250854, "length": 4.0, "mode": "test", "epoch": 58}
{"loss": 0.03114093840122223, "acc": 0.9917095303535461, "length": 3.9997849464416504, "mode": "train", "epoch": 59}
{"loss": 0.1149640753865242, "acc": 0.969926118850708, "length": 4.0, "mode": "test", "epoch": 59}
{"loss": 0.03161558881402016, "acc": 0.9905999898910522, "length": 3.9998583793640137, "mode": "train", "epoch": 60}
{"loss": 0.07264013588428497, "acc": 0.9806272983551025, "length": 4.0, "mode": "test", "epoch": 60}
test accuracy: 0.902638852596283
