# ["--attributes=3", "--values=4", "--game_size=10", "--vocab_size_factor=3", "--n_epochs=60", "--batch_size=32", "--learning_rate=0.0005", "--hidden_size=256", "--temp_update=0.99", "--temperature=1"]
Creating train_ds and val_ds...

Creating test_ds...
{"loss": 0.6980063319206238, "acc": 0.5144448280334473, "length": 2.973144292831421, "mode": "train", "epoch": 1}
{"loss": 0.6942656636238098, "acc": 0.5144097805023193, "length": 1.0, "mode": "test", "epoch": 1}
{"loss": 0.6159340143203735, "acc": 0.6777129769325256, "length": 2.5746567249298096, "mode": "train", "epoch": 2}
{"loss": 0.5060184597969055, "acc": 0.8067003488540649, "length": 2.8854167461395264, "mode": "test", "epoch": 2}
{"loss": 0.45576438307762146, "acc": 0.8094426989555359, "length": 3.0339252948760986, "mode": "train", "epoch": 3}
{"loss": 0.4337887465953827, "acc": 0.844319760799408, "length": 2.9270832538604736, "mode": "test", "epoch": 3}
{"loss": 0.40883782505989075, "acc": 0.8317282199859619, "length": 3.114450454711914, "mode": "train", "epoch": 4}
{"loss": 0.4232267737388611, "acc": 0.8349066972732544, "length": 3.006944417953491, "mode": "test", "epoch": 4}
{"loss": 0.38240694999694824, "acc": 0.8407939672470093, "length": 3.1422817707061768, "mode": "train", "epoch": 5}
{"loss": 0.39678698778152466, "acc": 0.8475857973098755, "length": 3.03125, "mode": "test", "epoch": 5}
{"loss": 0.3725143373012543, "acc": 0.8442161679267883, "length": 3.178525686264038, "mode": "train", "epoch": 6}
{"loss": 0.39068445563316345, "acc": 0.8430555462837219, "length": 3.222222328186035, "mode": "test", "epoch": 6}
{"loss": 0.3438373804092407, "acc": 0.8571969270706177, "length": 3.28084397315979, "mode": "train", "epoch": 7}
{"loss": 0.33062684535980225, "acc": 0.8645454049110413, "length": 3.1423611640930176, "mode": "test", "epoch": 7}
{"loss": 0.3224923312664032, "acc": 0.8675687909126282, "length": 3.234328269958496, "mode": "train", "epoch": 8}
{"loss": 0.3224145472049713, "acc": 0.8621039986610413, "length": 3.1875, "mode": "test", "epoch": 8}
{"loss": 0.30871886014938354, "acc": 0.873191237449646, "length": 3.280893087387085, "mode": "train", "epoch": 9}
{"loss": 0.31011250615119934, "acc": 0.8735893368721008, "length": 3.3229167461395264, "mode": "test", "epoch": 9}
{"loss": 0.2949691116809845, "acc": 0.8778285980224609, "length": 3.283656597137451, "mode": "train", "epoch": 10}
{"loss": 0.3002663850784302, "acc": 0.8848089575767517, "length": 3.055555582046509, "mode": "test", "epoch": 10}
{"loss": 0.28599515557289124, "acc": 0.8862695097923279, "length": 3.2077126502990723, "mode": "train", "epoch": 11}
{"loss": 0.29982057213783264, "acc": 0.8866210579872131, "length": 3.0833332538604736, "mode": "test", "epoch": 11}
{"loss": 0.27722305059432983, "acc": 0.8883437514305115, "length": 3.2061057090759277, "mode": "train", "epoch": 12}
{"loss": 0.30565106868743896, "acc": 0.8791341185569763, "length": 3.1666667461395264, "mode": "test", "epoch": 12}
{"loss": 0.2720326781272888, "acc": 0.889502227306366, "length": 3.191101312637329, "mode": "train", "epoch": 13}
{"loss": 0.29282307624816895, "acc": 0.8880317211151123, "length": 3.0729167461395264, "mode": "test", "epoch": 13}
{"loss": 0.2639991044998169, "acc": 0.8951061367988586, "length": 3.1583220958709717, "mode": "train", "epoch": 14}
{"loss": 0.2786935269832611, "acc": 0.8881402015686035, "length": 3.1041667461395264, "mode": "test", "epoch": 14}
{"loss": 0.26506364345550537, "acc": 0.8910035490989685, "length": 3.2228026390075684, "mode": "train", "epoch": 15}
{"loss": 0.2770920395851135, "acc": 0.8900066018104553, "length": 3.0451388359069824, "mode": "test", "epoch": 15}
{"loss": 0.25294116139411926, "acc": 0.8940128684043884, "length": 3.2271366119384766, "mode": "train", "epoch": 16}
{"loss": 0.2779093384742737, "acc": 0.8889486789703369, "length": 2.9479167461395264, "mode": "test", "epoch": 16}
{"loss": 0.24776123464107513, "acc": 0.9024413824081421, "length": 3.2179698944091797, "mode": "train", "epoch": 17}
{"loss": 0.25751447677612305, "acc": 0.9011663794517517, "length": 3.0763888359069824, "mode": "test", "epoch": 17}
{"loss": 0.2372533679008484, "acc": 0.9056369662284851, "length": 3.256310224533081, "mode": "train", "epoch": 18}
{"loss": 0.25522419810295105, "acc": 0.8982855677604675, "length": 3.097222328186035, "mode": "test", "epoch": 18}
{"loss": 0.2428976148366928, "acc": 0.9015285968780518, "length": 3.244407892227173, "mode": "train", "epoch": 19}
{"loss": 0.2652958631515503, "acc": 0.8994303941726685, "length": 3.0625, "mode": "test", "epoch": 19}
{"loss": 0.24019268155097961, "acc": 0.9061012864112854, "length": 3.2429633140563965, "mode": "train", "epoch": 20}
{"loss": 0.25869810581207275, "acc": 0.9010416865348816, "length": 3.027777671813965, "mode": "test", "epoch": 20}
{"loss": 0.23383314907550812, "acc": 0.9102315902709961, "length": 3.2419347763061523, "mode": "train", "epoch": 21}
{"loss": 0.2492915838956833, "acc": 0.9104111790657043, "length": 3.0104167461395264, "mode": "test", "epoch": 21}
{"loss": 0.23048484325408936, "acc": 0.90895015001297, "length": 3.214853048324585, "mode": "train", "epoch": 22}
{"loss": 0.2609765827655792, "acc": 0.8993869423866272, "length": 3.027777671813965, "mode": "test", "epoch": 22}
{"loss": 0.22944630682468414, "acc": 0.9114682674407959, "length": 3.1818666458129883, "mode": "train", "epoch": 23}
{"loss": 0.2503279149532318, "acc": 0.9031197428703308, "length": 3.131944417953491, "mode": "test", "epoch": 23}
{"loss": 0.2304932326078415, "acc": 0.9068236947059631, "length": 3.264676809310913, "mode": "train", "epoch": 24}
{"loss": 0.2511375844478607, "acc": 0.9092719554901123, "length": 3.1458332538604736, "mode": "test", "epoch": 24}
{"loss": 0.23022039234638214, "acc": 0.9070425629615784, "length": 3.20346999168396, "mode": "train", "epoch": 25}
{"loss": 0.2441699206829071, "acc": 0.9042751789093018, "length": 2.961805582046509, "mode": "test", "epoch": 25}
{"loss": 0.21481890976428986, "acc": 0.9121876358985901, "length": 3.181316614151001, "mode": "train", "epoch": 26}
{"loss": 0.24202686548233032, "acc": 0.9109212160110474, "length": 3.024305582046509, "mode": "test", "epoch": 26}
{"loss": 0.2152847945690155, "acc": 0.9129952192306519, "length": 3.2028071880340576, "mode": "train", "epoch": 27}
{"loss": 0.24831993877887726, "acc": 0.9078829884529114, "length": 3.006944417953491, "mode": "test", "epoch": 27}
{"loss": 0.21269221603870392, "acc": 0.913489818572998, "length": 3.2157135009765625, "mode": "train", "epoch": 28}
{"loss": 0.2503732740879059, "acc": 0.8926758170127869, "length": 3.0763888359069824, "mode": "test", "epoch": 28}
{"loss": 0.21115191280841827, "acc": 0.9135757684707642, "length": 3.2366209030151367, "mode": "train", "epoch": 29}
{"loss": 0.24378402531147003, "acc": 0.9099663496017456, "length": 2.996527671813965, "mode": "test", "epoch": 29}
{"loss": 0.2068967968225479, "acc": 0.9168644547462463, "length": 3.2293293476104736, "mode": "train", "epoch": 30}
{"loss": 0.23840947449207306, "acc": 0.9048230648040771, "length": 3.0729167461395264, "mode": "test", "epoch": 30}
{"loss": 0.21239100396633148, "acc": 0.9125982522964478, "length": 3.2039241790771484, "mode": "train", "epoch": 31}
{"loss": 0.2394149899482727, "acc": 0.9077093601226807, "length": 3.03125, "mode": "test", "epoch": 31}
{"loss": 0.20849692821502686, "acc": 0.9146298170089722, "length": 3.1905839443206787, "mode": "train", "epoch": 32}
{"loss": 0.24751107394695282, "acc": 0.9040419459342957, "length": 3.03125, "mode": "test", "epoch": 32}
{"loss": 0.20606805384159088, "acc": 0.9141944646835327, "length": 3.183922529220581, "mode": "train", "epoch": 33}
{"loss": 0.2411862462759018, "acc": 0.9075738191604614, "length": 3.0416667461395264, "mode": "test", "epoch": 33}
{"loss": 0.20820751786231995, "acc": 0.9164739847183228, "length": 3.2496256828308105, "mode": "train", "epoch": 34}
{"loss": 0.27332738041877747, "acc": 0.8995225429534912, "length": 3.0798611640930176, "mode": "test", "epoch": 34}
{"loss": 0.2130136787891388, "acc": 0.9153061509132385, "length": 3.2514801025390625, "mode": "train", "epoch": 35}
{"loss": 0.23642028868198395, "acc": 0.9046820402145386, "length": 3.0625, "mode": "test", "epoch": 35}
{"loss": 0.20996443927288055, "acc": 0.9134638905525208, "length": 3.2075741291046143, "mode": "train", "epoch": 36}
{"loss": 0.23226550221443176, "acc": 0.9055935740470886, "length": 3.0625, "mode": "test", "epoch": 36}
{"loss": 0.19629408419132233, "acc": 0.9216248989105225, "length": 3.223231792449951, "mode": "train", "epoch": 37}
{"loss": 0.23120076954364777, "acc": 0.9104546308517456, "length": 3.0486111640930176, "mode": "test", "epoch": 37}
{"loss": 0.19718804955482483, "acc": 0.919835090637207, "length": 3.230198621749878, "mode": "train", "epoch": 38}
{"loss": 0.24484486877918243, "acc": 0.9034722447395325, "length": 3.006944417953491, "mode": "test", "epoch": 38}
{"loss": 0.19974108040332794, "acc": 0.9173683524131775, "length": 3.207371711730957, "mode": "train", "epoch": 39}
{"loss": 0.24115388095378876, "acc": 0.9069173336029053, "length": 3.0763888359069824, "mode": "test", "epoch": 39}
{"loss": 0.20117159187793732, "acc": 0.9187362194061279, "length": 3.1560544967651367, "mode": "train", "epoch": 40}
{"loss": 0.23175065219402313, "acc": 0.9092934727668762, "length": 2.996527671813965, "mode": "test", "epoch": 40}
{"loss": 0.1953464299440384, "acc": 0.9174624085426331, "length": 3.224015474319458, "mode": "train", "epoch": 41}
{"loss": 0.23199722170829773, "acc": 0.9071994423866272, "length": 3.0486111640930176, "mode": "test", "epoch": 41}
{"loss": 0.18850752711296082, "acc": 0.9224830269813538, "length": 3.2038116455078125, "mode": "train", "epoch": 42}
{"loss": 0.23260943591594696, "acc": 0.9112900495529175, "length": 3.1423611640930176, "mode": "test", "epoch": 42}
{"loss": 0.18471944332122803, "acc": 0.9247052073478699, "length": 3.2493927478790283, "mode": "train", "epoch": 43}
{"loss": 0.25333404541015625, "acc": 0.9017307758331299, "length": 3.222222328186035, "mode": "test", "epoch": 43}
{"loss": 0.22180163860321045, "acc": 0.9113567471504211, "length": 3.276900053024292, "mode": "train", "epoch": 44}
{"loss": 0.23790927231311798, "acc": 0.907872200012207, "length": 3.2048611640930176, "mode": "test", "epoch": 44}
{"loss": 0.2050216943025589, "acc": 0.920364260673523, "length": 3.3290855884552, "mode": "train", "epoch": 45}
{"loss": 0.22982729971408844, "acc": 0.9166233539581299, "length": 3.163194417953491, "mode": "test", "epoch": 45}
{"loss": 0.20156057178974152, "acc": 0.9198986291885376, "length": 3.306011199951172, "mode": "train", "epoch": 46}
{"loss": 0.2450864017009735, "acc": 0.9079263210296631, "length": 3.1666667461395264, "mode": "test", "epoch": 46}
{"loss": 0.20456428825855255, "acc": 0.9168534278869629, "length": 3.319209098815918, "mode": "train", "epoch": 47}
{"loss": 0.2326391041278839, "acc": 0.9107747673988342, "length": 3.0833332538604736, "mode": "test", "epoch": 47}
{"loss": 0.1989428699016571, "acc": 0.9186689257621765, "length": 3.2365047931671143, "mode": "train", "epoch": 48}
{"loss": 0.22251200675964355, "acc": 0.9154622554779053, "length": 3.194444417953491, "mode": "test", "epoch": 48}
{"loss": 0.18219782412052155, "acc": 0.9296736717224121, "length": 3.3033337593078613, "mode": "train", "epoch": 49}
{"loss": 0.21495994925498962, "acc": 0.9219130277633667, "length": 3.1076388359069824, "mode": "test", "epoch": 49}
{"loss": 0.17855291068553925, "acc": 0.9277806878089905, "length": 3.29172945022583, "mode": "train", "epoch": 50}
{"loss": 0.24336369335651398, "acc": 0.9183539152145386, "length": 3.1423611640930176, "mode": "test", "epoch": 50}
{"loss": 0.18573085963726044, "acc": 0.9293911457061768, "length": 3.318528413772583, "mode": "train", "epoch": 51}
{"loss": 0.2267851084470749, "acc": 0.9227646589279175, "length": 3.21875, "mode": "test", "epoch": 51}
{"loss": 0.1718108057975769, "acc": 0.9348563551902771, "length": 3.3298747539520264, "mode": "train", "epoch": 52}
{"loss": 0.20835693180561066, "acc": 0.9190809726715088, "length": 3.1701388359069824, "mode": "test", "epoch": 52}
{"loss": 0.1749410629272461, "acc": 0.9307341575622559, "length": 3.3277087211608887, "mode": "train", "epoch": 53}
{"loss": 0.2019287496805191, "acc": 0.9273436665534973, "length": 3.2013888359069824, "mode": "test", "epoch": 53}
{"loss": 0.17779038846492767, "acc": 0.9302394986152649, "length": 3.2905404567718506, "mode": "train", "epoch": 54}
{"loss": 0.21980471909046173, "acc": 0.9149306416511536, "length": 3.194444417953491, "mode": "test", "epoch": 54}
{"loss": 0.18091417849063873, "acc": 0.9298062324523926, "length": 3.3508358001708984, "mode": "train", "epoch": 55}
{"loss": 0.2058199942111969, "acc": 0.9248643517494202, "length": 3.21875, "mode": "test", "epoch": 55}
{"loss": 0.17936211824417114, "acc": 0.9319084286689758, "length": 3.353736639022827, "mode": "train", "epoch": 56}
{"loss": 0.2105453759431839, "acc": 0.9276854991912842, "length": 3.305555582046509, "mode": "test", "epoch": 56}
{"loss": 0.1794809103012085, "acc": 0.9334554076194763, "length": 3.3979644775390625, "mode": "train", "epoch": 57}
{"loss": 0.1852174550294876, "acc": 0.9335231781005859, "length": 3.319444417953491, "mode": "test", "epoch": 57}
{"loss": 0.167747363448143, "acc": 0.9366121292114258, "length": 3.416818857192993, "mode": "train", "epoch": 58}
{"loss": 0.18450498580932617, "acc": 0.9358181357383728, "length": 3.2986111640930176, "mode": "test", "epoch": 58}
{"loss": 0.15858976542949677, "acc": 0.9378229975700378, "length": 3.3688771724700928, "mode": "train", "epoch": 59}
{"loss": 0.19415529072284698, "acc": 0.9379178285598755, "length": 3.274305582046509, "mode": "test", "epoch": 59}
{"loss": 0.15301015973091125, "acc": 0.9430345296859741, "length": 3.37355375289917, "mode": "train", "epoch": 60}
{"loss": 0.17160677909851074, "acc": 0.9430122375488281, "length": 3.2708332538604736, "mode": "test", "epoch": 60}
test accuracy: 0.7508028745651245
