# ["--attributes=3", "--values=16", "--game_size=10", "--vocab_size_factor=3", "--n_epochs=60", "--batch_size=32", "--learning_rate=0.001", "--hidden_size=256", "--temp_update=0.97", "--temperature=1"]
Creating train_ds and val_ds...

Creating test_ds...
{"loss": 0.710024893283844, "acc": 0.4964366555213928, "length": 1.7602835893630981, "mode": "train", "epoch": 1}
{"loss": 0.6974075436592102, "acc": 0.48447102308273315, "length": 1.0, "mode": "test", "epoch": 1}
{"loss": 0.6986963152885437, "acc": 0.4879542887210846, "length": 1.0007617473602295, "mode": "train", "epoch": 2}
{"loss": 0.6954142451286316, "acc": 0.48549482226371765, "length": 1.0, "mode": "test", "epoch": 2}
{"loss": 0.6961343884468079, "acc": 0.503420889377594, "length": 1.000195026397705, "mode": "train", "epoch": 3}
{"loss": 0.6994098424911499, "acc": 0.5051194429397583, "length": 1.0, "mode": "test", "epoch": 3}
{"loss": 0.6986390352249146, "acc": 0.5082095265388489, "length": 1.0000885725021362, "mode": "train", "epoch": 4}
{"loss": 0.6976250410079956, "acc": 0.49351537227630615, "length": 1.0, "mode": "test", "epoch": 4}
{"loss": 0.6958433985710144, "acc": 0.5032493472099304, "length": 1.0001976490020752, "mode": "train", "epoch": 5}
{"loss": 0.6971744298934937, "acc": 0.4916382431983948, "length": 1.0, "mode": "test", "epoch": 5}
{"loss": 0.6974996328353882, "acc": 0.5026223659515381, "length": 1.0000466108322144, "mode": "train", "epoch": 6}
{"loss": 0.7009372711181641, "acc": 0.5095562934875488, "length": 1.0, "mode": "test", "epoch": 6}
{"loss": 0.6958065629005432, "acc": 0.5068983435630798, "length": 1.0000238418579102, "mode": "train", "epoch": 7}
{"loss": 0.6965161561965942, "acc": 0.49027305841445923, "length": 1.0, "mode": "test", "epoch": 7}
{"loss": 0.6946600079536438, "acc": 0.5127138495445251, "length": 1.000028133392334, "mode": "train", "epoch": 8}
{"loss": 0.6933751702308655, "acc": 0.5146758556365967, "length": 1.0, "mode": "test", "epoch": 8}
{"loss": 0.693771481513977, "acc": 0.5046181082725525, "length": 1.0000287294387817, "mode": "train", "epoch": 9}
{"loss": 0.699711799621582, "acc": 0.5051194429397583, "length": 1.0, "mode": "test", "epoch": 9}
{"loss": 0.6941514611244202, "acc": 0.5062145590782166, "length": 1.0000380277633667, "mode": "train", "epoch": 10}
{"loss": 0.6944036483764648, "acc": 0.502901017665863, "length": 1.0, "mode": "test", "epoch": 10}
{"loss": 0.6965428590774536, "acc": 0.5046179890632629, "length": 1.0000250339508057, "mode": "train", "epoch": 11}
{"loss": 0.7001323103904724, "acc": 0.5092149972915649, "length": 1.0, "mode": "test", "epoch": 11}
{"loss": 0.6946706175804138, "acc": 0.5167046785354614, "length": 1.0000154972076416, "mode": "train", "epoch": 12}
{"loss": 0.6943656206130981, "acc": 0.48481225967407227, "length": 1.0, "mode": "test", "epoch": 12}
{"loss": 0.6935216188430786, "acc": 0.5219420194625854, "length": 1.0012173652648926, "mode": "train", "epoch": 13}
{"loss": 0.6944336891174316, "acc": 0.4829351007938385, "length": 1.0, "mode": "test", "epoch": 13}
{"loss": 0.6936854124069214, "acc": 0.5048460364341736, "length": 1.0000077486038208, "mode": "train", "epoch": 14}
{"loss": 0.6955777406692505, "acc": 0.49744027853012085, "length": 1.0, "mode": "test", "epoch": 14}
{"loss": 0.6929455995559692, "acc": 0.5081529021263123, "length": 1.000002145767212, "mode": "train", "epoch": 15}
{"loss": 0.6936610341072083, "acc": 0.49863478541374207, "length": 1.0, "mode": "test", "epoch": 15}
{"loss": 0.6937865614891052, "acc": 0.51277095079422, "length": 1.0000030994415283, "mode": "train", "epoch": 16}
{"loss": 0.6950191855430603, "acc": 0.5201364755630493, "length": 1.0, "mode": "test", "epoch": 16}
{"loss": 0.6932790875434875, "acc": 0.5131699442863464, "length": 1.0000025033950806, "mode": "train", "epoch": 17}
{"loss": 0.6945631504058838, "acc": 0.5001707673072815, "length": 1.0, "mode": "test", "epoch": 17}
{"loss": 0.6927881836891174, "acc": 0.5132269263267517, "length": 1.0000005960464478, "mode": "train", "epoch": 18}
{"loss": 0.6948822736740112, "acc": 0.49744027853012085, "length": 1.0, "mode": "test", "epoch": 18}
{"loss": 0.693999171257019, "acc": 0.5154504776000977, "length": 1.000003695487976, "mode": "train", "epoch": 19}
{"loss": 0.6951877474784851, "acc": 0.4957337975502014, "length": 1.0, "mode": "test", "epoch": 19}
{"loss": 0.6930064558982849, "acc": 0.5193843245506287, "length": 1.0000003576278687, "mode": "train", "epoch": 20}
{"loss": 0.6958515048027039, "acc": 0.4953925311565399, "length": 1.0, "mode": "test", "epoch": 20}
{"loss": 0.6942468881607056, "acc": 0.5137399435043335, "length": 1.000000238418579, "mode": "train", "epoch": 21}
{"loss": 0.6968091726303101, "acc": 0.5117747187614441, "length": 1.0, "mode": "test", "epoch": 21}
{"loss": 0.6930022835731506, "acc": 0.5112885236740112, "length": 1.0000004768371582, "mode": "train", "epoch": 22}
{"loss": 0.6924253702163696, "acc": 0.5182593464851379, "length": 1.0, "mode": "test", "epoch": 22}
{"loss": 0.6915645003318787, "acc": 0.5196694135665894, "length": 1.0000594854354858, "mode": "train", "epoch": 23}
{"loss": 0.6961477398872375, "acc": 0.4941979646682739, "length": 1.0, "mode": "test", "epoch": 23}
{"loss": 0.6915847063064575, "acc": 0.5249902009963989, "length": 1.0009427070617676, "mode": "train", "epoch": 24}
{"loss": 0.6928779482841492, "acc": 0.49982935190200806, "length": 1.0, "mode": "test", "epoch": 24}
{"loss": 0.6911936402320862, "acc": 0.5121436715126038, "length": 1.0000001192092896, "mode": "train", "epoch": 25}
{"loss": 0.6937990188598633, "acc": 0.49948811531066895, "length": 1.0, "mode": "test", "epoch": 25}
{"loss": 0.6913349032402039, "acc": 0.5217218399047852, "length": 1.0000019073486328, "mode": "train", "epoch": 26}
{"loss": 0.695559024810791, "acc": 0.5003413558006287, "length": 1.0, "mode": "test", "epoch": 26}
{"loss": 0.6931842565536499, "acc": 0.5233751535415649, "length": 1.0000007152557373, "mode": "train", "epoch": 27}
{"loss": 0.6930829882621765, "acc": 0.5054607391357422, "length": 1.0, "mode": "test", "epoch": 27}
{"loss": 0.6918426156044006, "acc": 0.5250284671783447, "length": 1.000003457069397, "mode": "train", "epoch": 28}
{"loss": 0.6953315734863281, "acc": 0.49778154492378235, "length": 1.0, "mode": "test", "epoch": 28}
{"loss": 0.6912454962730408, "acc": 0.5202965140342712, "length": 1.000000238418579, "mode": "train", "epoch": 29}
{"loss": 0.6946005821228027, "acc": 0.49948811531066895, "length": 1.0, "mode": "test", "epoch": 29}
{"loss": 0.6899725794792175, "acc": 0.5273091197013855, "length": 1.0000003576278687, "mode": "train", "epoch": 30}
{"loss": 0.6943051218986511, "acc": 0.4991466999053955, "length": 1.0, "mode": "test", "epoch": 30}
{"loss": 0.692335307598114, "acc": 0.5264538526535034, "length": 1.0000008344650269, "mode": "train", "epoch": 31}
{"loss": 0.6935812830924988, "acc": 0.49948808550834656, "length": 1.0, "mode": "test", "epoch": 31}
{"loss": 0.6916767954826355, "acc": 0.5155643820762634, "length": 1.0000008344650269, "mode": "train", "epoch": 32}
{"loss": 0.6935995817184448, "acc": 0.5138225555419922, "length": 1.0, "mode": "test", "epoch": 32}
{"loss": 0.6908053159713745, "acc": 0.5309577584266663, "length": 1.0000005960464478, "mode": "train", "epoch": 33}
{"loss": 0.6952539086341858, "acc": 0.4967576265335083, "length": 1.0, "mode": "test", "epoch": 33}
{"loss": 0.6905580759048462, "acc": 0.5229191780090332, "length": 1.0000147819519043, "mode": "train", "epoch": 34}
{"loss": 0.6935678720474243, "acc": 0.5117747783660889, "length": 1.0, "mode": "test", "epoch": 34}
{"loss": 0.6910884976387024, "acc": 0.5196693539619446, "length": 1.0000007152557373, "mode": "train", "epoch": 35}
{"loss": 0.6937873959541321, "acc": 0.5003413558006287, "length": 1.0, "mode": "test", "epoch": 35}
{"loss": 0.6899091601371765, "acc": 0.5326681733131409, "length": 1.0000056028366089, "mode": "train", "epoch": 36}
{"loss": 0.6948050856590271, "acc": 0.5015358328819275, "length": 1.0, "mode": "test", "epoch": 36}
{"loss": 0.690339207649231, "acc": 0.5235461592674255, "length": 1.0000004768371582, "mode": "train", "epoch": 37}
{"loss": 0.6943700313568115, "acc": 0.515870213508606, "length": 1.0, "mode": "test", "epoch": 37}
{"loss": 0.6906607747077942, "acc": 0.5272519588470459, "length": 1.0000008344650269, "mode": "train", "epoch": 38}
{"loss": 0.6946088075637817, "acc": 0.5003413558006287, "length": 1.0, "mode": "test", "epoch": 38}
{"loss": 0.6899562478065491, "acc": 0.5277080535888672, "length": 1.000000238418579, "mode": "train", "epoch": 39}
{"loss": 0.6940113306045532, "acc": 0.5017064809799194, "length": 1.0, "mode": "test", "epoch": 39}
{"loss": 0.6921318173408508, "acc": 0.5169897079467773, "length": 1.0000004768371582, "mode": "train", "epoch": 40}
{"loss": 0.6933950781822205, "acc": 0.5023890733718872, "length": 1.0, "mode": "test", "epoch": 40}
{"loss": 0.6908851861953735, "acc": 0.5322120189666748, "length": 1.000000238418579, "mode": "train", "epoch": 41}
{"loss": 0.6929430365562439, "acc": 0.5174062848091125, "length": 1.0, "mode": "test", "epoch": 41}
{"loss": 0.6908381581306458, "acc": 0.5201829671859741, "length": 1.000022292137146, "mode": "train", "epoch": 42}
{"loss": 0.6946222186088562, "acc": 0.5049487352371216, "length": 1.0, "mode": "test", "epoch": 42}
{"loss": 0.6904391050338745, "acc": 0.532839298248291, "length": 1.000001072883606, "mode": "train", "epoch": 43}
{"loss": 0.694892406463623, "acc": 0.5116041302680969, "length": 1.0, "mode": "test", "epoch": 43}
{"loss": 0.6891568303108215, "acc": 0.5266818404197693, "length": 1.0000027418136597, "mode": "train", "epoch": 44}
{"loss": 0.6935504674911499, "acc": 0.5017064809799194, "length": 1.0, "mode": "test", "epoch": 44}
{"loss": 0.6896708607673645, "acc": 0.5334663391113281, "length": 1.0000039339065552, "mode": "train", "epoch": 45}
{"loss": 0.6943355798721313, "acc": 0.5069965720176697, "length": 1.0, "mode": "test", "epoch": 45}
{"loss": 0.6902725696563721, "acc": 0.5295895338058472, "length": 1.0000001192092896, "mode": "train", "epoch": 46}
{"loss": 0.6931338906288147, "acc": 0.5023890733718872, "length": 1.0, "mode": "test", "epoch": 46}
{"loss": 0.6894665956497192, "acc": 0.5322121381759644, "length": 1.0, "mode": "train", "epoch": 47}
{"loss": 0.6953217387199402, "acc": 0.5237201452255249, "length": 1.0, "mode": "test", "epoch": 47}
{"loss": 0.6903806924819946, "acc": 0.5341505408287048, "length": 1.0000005960464478, "mode": "train", "epoch": 48}
{"loss": 0.6939186453819275, "acc": 0.5174062848091125, "length": 1.0, "mode": "test", "epoch": 48}
{"loss": 0.689575731754303, "acc": 0.5297608971595764, "length": 1.000008225440979, "mode": "train", "epoch": 49}
{"loss": 0.6948344111442566, "acc": 0.5158702731132507, "length": 1.0, "mode": "test", "epoch": 49}
{"loss": 0.6905897855758667, "acc": 0.531365692615509, "length": 1.0001424551010132, "mode": "train", "epoch": 50}
{"loss": 0.6938359141349792, "acc": 0.5023890733718872, "length": 1.0, "mode": "test", "epoch": 50}
{"loss": 0.6905038356781006, "acc": 0.527080774307251, "length": 1.0000526905059814, "mode": "train", "epoch": 51}
{"loss": 0.695885181427002, "acc": 0.4967576265335083, "length": 1.0, "mode": "test", "epoch": 51}
{"loss": 0.6889457106590271, "acc": 0.5254835486412048, "length": 1.0001094341278076, "mode": "train", "epoch": 52}
{"loss": 0.694703996181488, "acc": 0.5034129619598389, "length": 1.0, "mode": "test", "epoch": 52}
{"loss": 0.6899244785308838, "acc": 0.5347206592559814, "length": 1.000002384185791, "mode": "train", "epoch": 53}
{"loss": 0.6935815811157227, "acc": 0.5220136642456055, "length": 1.0, "mode": "test", "epoch": 53}
{"loss": 0.6896284222602844, "acc": 0.5323261022567749, "length": 1.0000040531158447, "mode": "train", "epoch": 54}
{"loss": 0.695633590221405, "acc": 0.5023890733718872, "length": 1.0, "mode": "test", "epoch": 54}
{"loss": 0.6890237927436829, "acc": 0.5285634398460388, "length": 1.0000107288360596, "mode": "train", "epoch": 55}
{"loss": 0.6933760643005371, "acc": 0.5032423734664917, "length": 1.0, "mode": "test", "epoch": 55}
{"loss": 0.6892750859260559, "acc": 0.5336944460868835, "length": 1.0000022649765015, "mode": "train", "epoch": 56}
{"loss": 0.694636881351471, "acc": 0.5174062848091125, "length": 1.0, "mode": "test", "epoch": 56}
{"loss": 0.6902310848236084, "acc": 0.5248574614524841, "length": 1.0000026226043701, "mode": "train", "epoch": 57}
{"loss": 0.6964846849441528, "acc": 0.5023890733718872, "length": 1.0, "mode": "test", "epoch": 57}
{"loss": 0.6903361082077026, "acc": 0.5332382917404175, "length": 1.0000035762786865, "mode": "train", "epoch": 58}
{"loss": 0.6942163705825806, "acc": 0.4996586740016937, "length": 1.0, "mode": "test", "epoch": 58}
{"loss": 0.6885200142860413, "acc": 0.5327257513999939, "length": 1.0002285242080688, "mode": "train", "epoch": 59}
{"loss": 0.6945081353187561, "acc": 0.5032423734664917, "length": 1.0, "mode": "test", "epoch": 59}
{"loss": 0.6898217797279358, "acc": 0.5246584415435791, "length": 1.0011186599731445, "mode": "train", "epoch": 60}
{"loss": 0.6942005157470703, "acc": 0.5023890733718872, "length": 1.0, "mode": "test", "epoch": 60}
test accuracy: 0.38203704357147217
