# ["--attributes=3", "--values=16", "--game_size=10", "--vocab_size_factor=3", "--n_epochs=60", "--batch_size=32", "--learning_rate=0.001", "--hidden_size=256", "--temp_update=0.97", "--temperature=1.5"]
Creating train_ds and val_ds...

Creating test_ds...
{"loss": 0.7059957385063171, "acc": 0.4914793372154236, "length": 1.656117558479309, "mode": "train", "epoch": 1}
{"loss": 0.6907617449760437, "acc": 0.5328179001808167, "length": 1.0, "mode": "test", "epoch": 1}
{"loss": 0.6969301104545593, "acc": 0.4924951195716858, "length": 1.011539340019226, "mode": "train", "epoch": 2}
{"loss": 0.6993811130523682, "acc": 0.5017182230949402, "length": 1.0, "mode": "test", "epoch": 2}
{"loss": 0.6457345485687256, "acc": 0.6139102578163147, "length": 1.8648295402526855, "mode": "train", "epoch": 3}
{"loss": 0.5849470496177673, "acc": 0.7077588438987732, "length": 2.673539400100708, "mode": "test", "epoch": 3}
{"loss": 0.526911735534668, "acc": 0.748091459274292, "length": 2.7647457122802734, "mode": "train", "epoch": 4}
{"loss": 0.4993102550506592, "acc": 0.7829145193099976, "length": 3.103092670440674, "mode": "test", "epoch": 4}
{"loss": 0.4369836151599884, "acc": 0.7985596060752869, "length": 3.1574087142944336, "mode": "train", "epoch": 5}
{"loss": 0.45929914712905884, "acc": 0.8113885521888733, "length": 3.4329895973205566, "mode": "test", "epoch": 5}
{"loss": 0.3574168384075165, "acc": 0.8496708273887634, "length": 3.399334669113159, "mode": "train", "epoch": 6}
{"loss": 0.4390075206756592, "acc": 0.8269598484039307, "length": 3.505154609680176, "mode": "test", "epoch": 6}
{"loss": 0.34753409028053284, "acc": 0.8595072031021118, "length": 3.411454200744629, "mode": "train", "epoch": 7}
{"loss": 0.4015209674835205, "acc": 0.8331078886985779, "length": 3.546391725540161, "mode": "test", "epoch": 7}
{"loss": 0.3257445991039276, "acc": 0.8674734830856323, "length": 3.3942620754241943, "mode": "train", "epoch": 8}
{"loss": 0.4018147885799408, "acc": 0.8419780731201172, "length": 3.422680377960205, "mode": "test", "epoch": 8}
{"loss": 0.3109407424926758, "acc": 0.8683069944381714, "length": 3.3478846549987793, "mode": "train", "epoch": 9}
{"loss": 0.40390297770500183, "acc": 0.8206186294555664, "length": 3.474226713180542, "mode": "test", "epoch": 9}
{"loss": 0.3020542860031128, "acc": 0.8761345148086548, "length": 3.3375184535980225, "mode": "train", "epoch": 10}
{"loss": 0.36641204357147217, "acc": 0.8514711856842041, "length": 3.4810996055603027, "mode": "test", "epoch": 10}
{"loss": 0.29012393951416016, "acc": 0.8807336688041687, "length": 3.392097234725952, "mode": "train", "epoch": 11}
{"loss": 0.3881523311138153, "acc": 0.8579413890838623, "length": 3.4673540592193604, "mode": "test", "epoch": 11}
{"loss": 0.2832312285900116, "acc": 0.8818315863609314, "length": 3.410879135131836, "mode": "train", "epoch": 12}
{"loss": 0.3303685188293457, "acc": 0.8778082728385925, "length": 3.453608274459839, "mode": "test", "epoch": 12}
{"loss": 0.266028493642807, "acc": 0.8842855095863342, "length": 3.5780160427093506, "mode": "train", "epoch": 13}
{"loss": 0.32920756936073303, "acc": 0.8742429614067078, "length": 3.6357388496398926, "mode": "test", "epoch": 13}
{"loss": 0.262332946062088, "acc": 0.8924529552459717, "length": 3.6461169719696045, "mode": "train", "epoch": 14}
{"loss": 0.31147730350494385, "acc": 0.8804017305374146, "length": 3.8625428676605225, "mode": "test", "epoch": 14}
{"loss": 0.2558317482471466, "acc": 0.8931490182876587, "length": 3.8545517921447754, "mode": "train", "epoch": 15}
{"loss": 0.31427210569381714, "acc": 0.8869684338569641, "length": 3.9862542152404785, "mode": "test", "epoch": 15}
{"loss": 0.2402675896883011, "acc": 0.9000306725502014, "length": 3.929309844970703, "mode": "train", "epoch": 16}
{"loss": 0.27883949875831604, "acc": 0.8837038278579712, "length": 3.996563673019409, "mode": "test", "epoch": 16}
{"loss": 0.23487289249897003, "acc": 0.9030865430831909, "length": 3.968334436416626, "mode": "train", "epoch": 17}
{"loss": 0.2617050111293793, "acc": 0.9080756902694702, "length": 4.0, "mode": "test", "epoch": 17}
{"loss": 0.23110896348953247, "acc": 0.908286988735199, "length": 3.9699716567993164, "mode": "train", "epoch": 18}
{"loss": 0.29452893137931824, "acc": 0.902061939239502, "length": 4.0, "mode": "test", "epoch": 18}
{"loss": 0.23487378656864166, "acc": 0.9095733761787415, "length": 3.974120616912842, "mode": "train", "epoch": 19}
{"loss": 0.2661462724208832, "acc": 0.907216489315033, "length": 4.0, "mode": "test", "epoch": 19}
{"loss": 0.21689696609973907, "acc": 0.9157381653785706, "length": 3.983201026916504, "mode": "train", "epoch": 20}
{"loss": 0.25981032848358154, "acc": 0.9127147793769836, "length": 4.0, "mode": "test", "epoch": 20}
{"loss": 0.20912936329841614, "acc": 0.9204687476158142, "length": 3.985337972640991, "mode": "train", "epoch": 21}
{"loss": 0.24605150520801544, "acc": 0.9164947867393494, "length": 4.0, "mode": "test", "epoch": 21}
{"loss": 0.20664553344249725, "acc": 0.9232749342918396, "length": 3.99516224861145, "mode": "train", "epoch": 22}
{"loss": 0.24271662533283234, "acc": 0.9175257682800293, "length": 4.0, "mode": "test", "epoch": 22}
{"loss": 0.19051115214824677, "acc": 0.9319929480552673, "length": 3.995051383972168, "mode": "train", "epoch": 23}
{"loss": 0.23884069919586182, "acc": 0.916151225566864, "length": 4.0, "mode": "test", "epoch": 23}
{"loss": 0.19703049957752228, "acc": 0.9274576306343079, "length": 3.996378183364868, "mode": "train", "epoch": 24}
{"loss": 0.24285010993480682, "acc": 0.9231958389282227, "length": 4.0, "mode": "test", "epoch": 24}
{"loss": 0.19101305305957794, "acc": 0.9275903701782227, "length": 3.9953017234802246, "mode": "train", "epoch": 25}
{"loss": 0.23586483299732208, "acc": 0.9286941289901733, "length": 4.0, "mode": "test", "epoch": 25}
{"loss": 0.18196983635425568, "acc": 0.9332621693611145, "length": 3.9959380626678467, "mode": "train", "epoch": 26}
{"loss": 0.20975613594055176, "acc": 0.9340205788612366, "length": 4.0, "mode": "test", "epoch": 26}
{"loss": 0.17232662439346313, "acc": 0.9400713443756104, "length": 3.998730182647705, "mode": "train", "epoch": 27}
{"loss": 0.2146017849445343, "acc": 0.9405497908592224, "length": 4.0, "mode": "test", "epoch": 27}
{"loss": 0.1724950522184372, "acc": 0.9342961311340332, "length": 3.9972362518310547, "mode": "train", "epoch": 28}
{"loss": 0.2091474086046219, "acc": 0.9293814897537231, "length": 4.0, "mode": "test", "epoch": 28}
{"loss": 0.18318335711956024, "acc": 0.9310405850410461, "length": 3.997011661529541, "mode": "train", "epoch": 29}
{"loss": 0.24071116745471954, "acc": 0.9283505082130432, "length": 4.0, "mode": "test", "epoch": 29}
{"loss": 0.1615927666425705, "acc": 0.9398206472396851, "length": 3.9979469776153564, "mode": "train", "epoch": 30}
{"loss": 0.23260989785194397, "acc": 0.9328179359436035, "length": 4.0, "mode": "test", "epoch": 30}
{"loss": 0.16603586077690125, "acc": 0.9420310854911804, "length": 3.998655319213867, "mode": "train", "epoch": 31}
{"loss": 0.19878506660461426, "acc": 0.9403780102729797, "length": 4.0, "mode": "test", "epoch": 31}
{"loss": 0.18612460792064667, "acc": 0.933599591255188, "length": 3.9998867511749268, "mode": "train", "epoch": 32}
{"loss": 0.2544417977333069, "acc": 0.9192439913749695, "length": 4.0, "mode": "test", "epoch": 32}
{"loss": 0.22007468342781067, "acc": 0.9152343273162842, "length": 3.998063564300537, "mode": "train", "epoch": 33}
{"loss": 0.25373348593711853, "acc": 0.9209622144699097, "length": 4.0, "mode": "test", "epoch": 33}
{"loss": 0.17483361065387726, "acc": 0.9368070960044861, "length": 3.995079517364502, "mode": "train", "epoch": 34}
{"loss": 0.22637362778186798, "acc": 0.9348796606063843, "length": 4.0, "mode": "test", "epoch": 34}
{"loss": 0.17774657905101776, "acc": 0.9373003244400024, "length": 3.998109817504883, "mode": "train", "epoch": 35}
{"loss": 0.2629968822002411, "acc": 0.920790433883667, "length": 4.0, "mode": "test", "epoch": 35}
{"loss": 0.18784421682357788, "acc": 0.9310657978057861, "length": 3.9998116493225098, "mode": "train", "epoch": 36}
{"loss": 0.22190988063812256, "acc": 0.9326461553573608, "length": 4.0, "mode": "test", "epoch": 36}
{"loss": 0.1728728860616684, "acc": 0.9408810138702393, "length": 3.997856855392456, "mode": "train", "epoch": 37}
{"loss": 0.17877015471458435, "acc": 0.9304123520851135, "length": 4.0, "mode": "test", "epoch": 37}
{"loss": 0.172808438539505, "acc": 0.9397516250610352, "length": 3.999687671661377, "mode": "train", "epoch": 38}
{"loss": 0.18972226977348328, "acc": 0.9362543225288391, "length": 4.0, "mode": "test", "epoch": 38}
{"loss": 0.15667831897735596, "acc": 0.9438426494598389, "length": 3.9992480278015137, "mode": "train", "epoch": 39}
{"loss": 0.19108946621418, "acc": 0.9374570846557617, "length": 4.0, "mode": "test", "epoch": 39}
{"loss": 0.14336998760700226, "acc": 0.9470022320747375, "length": 3.9996538162231445, "mode": "train", "epoch": 40}
{"loss": 0.22664184868335724, "acc": 0.9249141812324524, "length": 4.0, "mode": "test", "epoch": 40}
{"loss": 0.16081419587135315, "acc": 0.9417048096656799, "length": 3.9996769428253174, "mode": "train", "epoch": 41}
{"loss": 0.19414477050304413, "acc": 0.942783534526825, "length": 4.0, "mode": "test", "epoch": 41}
{"loss": 0.1414143145084381, "acc": 0.9505456686019897, "length": 3.9993762969970703, "mode": "train", "epoch": 42}
{"loss": 0.1778099536895752, "acc": 0.9443299770355225, "length": 4.0, "mode": "test", "epoch": 42}
{"loss": 0.14521412551403046, "acc": 0.9491285681724548, "length": 3.9976987838745117, "mode": "train", "epoch": 43}
{"loss": 0.17941376566886902, "acc": 0.9438143968582153, "length": 4.0, "mode": "test", "epoch": 43}
{"loss": 0.1403338462114334, "acc": 0.9514753222465515, "length": 3.9989876747131348, "mode": "train", "epoch": 44}
{"loss": 0.19880490005016327, "acc": 0.9453608393669128, "length": 4.0, "mode": "test", "epoch": 44}
{"loss": 0.15685389935970306, "acc": 0.9454506039619446, "length": 3.999911308288574, "mode": "train", "epoch": 45}
{"loss": 0.1880490630865097, "acc": 0.9453609585762024, "length": 4.0, "mode": "test", "epoch": 45}
{"loss": 0.14015087485313416, "acc": 0.9493069648742676, "length": 3.9999217987060547, "mode": "train", "epoch": 46}
{"loss": 0.186073899269104, "acc": 0.9419243931770325, "length": 4.0, "mode": "test", "epoch": 46}
{"loss": 0.11848323047161102, "acc": 0.958859384059906, "length": 3.996814489364624, "mode": "train", "epoch": 47}
{"loss": 0.15958160161972046, "acc": 0.9491408467292786, "length": 4.0, "mode": "test", "epoch": 47}
{"loss": 0.12230846285820007, "acc": 0.9559261798858643, "length": 3.9999938011169434, "mode": "train", "epoch": 48}
{"loss": 0.16071641445159912, "acc": 0.9487974047660828, "length": 4.0, "mode": "test", "epoch": 48}
{"loss": 0.11726114898920059, "acc": 0.9599490165710449, "length": 3.9998812675476074, "mode": "train", "epoch": 49}
{"loss": 0.16789542138576508, "acc": 0.9446735978126526, "length": 4.0, "mode": "test", "epoch": 49}
{"loss": 0.1279362291097641, "acc": 0.9566115140914917, "length": 3.999807596206665, "mode": "train", "epoch": 50}
{"loss": 0.16866827011108398, "acc": 0.9391753077507019, "length": 4.0, "mode": "test", "epoch": 50}
{"loss": 0.12570855021476746, "acc": 0.9525243639945984, "length": 3.999861001968384, "mode": "train", "epoch": 51}
{"loss": 0.17382441461086273, "acc": 0.9438143968582153, "length": 4.0, "mode": "test", "epoch": 51}
{"loss": 0.1259308159351349, "acc": 0.9537392854690552, "length": 3.999971389770508, "mode": "train", "epoch": 52}
{"loss": 0.16186819970607758, "acc": 0.949312686920166, "length": 4.0, "mode": "test", "epoch": 52}
{"loss": 0.11207138001918793, "acc": 0.9593045115470886, "length": 3.9993395805358887, "mode": "train", "epoch": 53}
{"loss": 0.15731053054332733, "acc": 0.945532500743866, "length": 4.0, "mode": "test", "epoch": 53}
{"loss": 0.12595267593860626, "acc": 0.9557523727416992, "length": 3.999976873397827, "mode": "train", "epoch": 54}
{"loss": 0.1913962960243225, "acc": 0.9374570846557617, "length": 4.0, "mode": "test", "epoch": 54}
{"loss": 0.1572340428829193, "acc": 0.9448765516281128, "length": 3.999903917312622, "mode": "train", "epoch": 55}
{"loss": 0.16021166741847992, "acc": 0.9529209136962891, "length": 4.0, "mode": "test", "epoch": 55}
{"loss": 0.1350070685148239, "acc": 0.9527842402458191, "length": 3.998995304107666, "mode": "train", "epoch": 56}
{"loss": 0.18341903388500214, "acc": 0.9340206980705261, "length": 4.0, "mode": "test", "epoch": 56}
{"loss": 0.1383623629808426, "acc": 0.9498259425163269, "length": 3.999948024749756, "mode": "train", "epoch": 57}
{"loss": 0.1901439130306244, "acc": 0.9367697834968567, "length": 4.0, "mode": "test", "epoch": 57}
{"loss": 0.1298859715461731, "acc": 0.9543721675872803, "length": 3.999937057495117, "mode": "train", "epoch": 58}
{"loss": 0.17159204185009003, "acc": 0.9467353820800781, "length": 4.0, "mode": "test", "epoch": 58}
{"loss": 0.14048251509666443, "acc": 0.9507912397384644, "length": 3.9996073246002197, "mode": "train", "epoch": 59}
{"loss": 0.21008546650409698, "acc": 0.9353952407836914, "length": 4.0, "mode": "test", "epoch": 59}
{"loss": 0.13435077667236328, "acc": 0.9466043710708618, "length": 3.9999401569366455, "mode": "train", "epoch": 60}
{"loss": 0.21311047673225403, "acc": 0.9273195862770081, "length": 4.0, "mode": "test", "epoch": 60}
test accuracy: 0.8558929562568665
