# ["--attributes=3", "--values=16", "--game_size=10", "--vocab_size_factor=3", "--n_epochs=60", "--batch_size=32", "--learning_rate=0.001", "--hidden_size=256", "--temp_update=0.97", "--temperature=2"]
Creating train_ds and val_ds...

Creating test_ds...
{"loss": 0.7135258316993713, "acc": 0.499056339263916, "length": 1.9349148273468018, "mode": "train", "epoch": 1}
{"loss": 0.7011886239051819, "acc": 0.5152097940444946, "length": 1.0, "mode": "test", "epoch": 1}
{"loss": 0.6944950819015503, "acc": 0.5191762447357178, "length": 1.0063843727111816, "mode": "train", "epoch": 2}
{"loss": 0.6896726489067078, "acc": 0.5258740782737732, "length": 1.0, "mode": "test", "epoch": 2}
{"loss": 0.695300281047821, "acc": 0.5166524052619934, "length": 1.0039067268371582, "mode": "train", "epoch": 3}
{"loss": 0.6989009380340576, "acc": 0.5061189532279968, "length": 1.0, "mode": "test", "epoch": 3}
{"loss": 0.695956289768219, "acc": 0.5210251808166504, "length": 1.0036051273345947, "mode": "train", "epoch": 4}
{"loss": 0.6910772919654846, "acc": 0.5236013531684875, "length": 1.0, "mode": "test", "epoch": 4}
{"loss": 0.6945645213127136, "acc": 0.5168211460113525, "length": 1.0032621622085571, "mode": "train", "epoch": 5}
{"loss": 0.6877540946006775, "acc": 0.5393357276916504, "length": 1.0, "mode": "test", "epoch": 5}
{"loss": 0.6961512565612793, "acc": 0.5019943714141846, "length": 1.0033663511276245, "mode": "train", "epoch": 6}
{"loss": 0.6918447017669678, "acc": 0.5237762331962585, "length": 1.0, "mode": "test", "epoch": 6}
{"loss": 0.6937961578369141, "acc": 0.5233298540115356, "length": 1.0444154739379883, "mode": "train", "epoch": 7}
{"loss": 0.6629095077514648, "acc": 0.5974698662757874, "length": 2.0349650382995605, "mode": "test", "epoch": 7}
{"loss": 0.6205902099609375, "acc": 0.6504643559455872, "length": 2.3644556999206543, "mode": "train", "epoch": 8}
{"loss": 0.6038705110549927, "acc": 0.6830987334251404, "length": 3.024475574493408, "mode": "test", "epoch": 8}
{"loss": 0.5795851349830627, "acc": 0.6925763487815857, "length": 2.755012035369873, "mode": "train", "epoch": 9}
{"loss": 0.5828160047531128, "acc": 0.6854651570320129, "length": 2.846153736114502, "mode": "test", "epoch": 9}
{"loss": 0.5288469791412354, "acc": 0.7426000237464905, "length": 3.0762884616851807, "mode": "train", "epoch": 10}
{"loss": 0.5085883736610413, "acc": 0.7701700925827026, "length": 3.12937068939209, "mode": "test", "epoch": 10}
{"loss": 0.474597305059433, "acc": 0.7798688411712646, "length": 3.19055438041687, "mode": "train", "epoch": 11}
{"loss": 0.5177922248840332, "acc": 0.7607440948486328, "length": 3.139860153198242, "mode": "test", "epoch": 11}
{"loss": 0.43853914737701416, "acc": 0.8024416565895081, "length": 3.3510351181030273, "mode": "train", "epoch": 12}
{"loss": 0.5462817549705505, "acc": 0.794460654258728, "length": 3.5489511489868164, "mode": "test", "epoch": 12}
{"loss": 0.39468932151794434, "acc": 0.8285120129585266, "length": 3.5325376987457275, "mode": "train", "epoch": 13}
{"loss": 0.42638683319091797, "acc": 0.8217584490776062, "length": 3.569930076599121, "mode": "test", "epoch": 13}
{"loss": 0.3754625916481018, "acc": 0.8394923806190491, "length": 3.575042486190796, "mode": "train", "epoch": 14}
{"loss": 0.4074562191963196, "acc": 0.8294927477836609, "length": 3.590909004211426, "mode": "test", "epoch": 14}
{"loss": 0.34833672642707825, "acc": 0.855593740940094, "length": 3.659039258956909, "mode": "train", "epoch": 15}
{"loss": 0.38922542333602905, "acc": 0.8475328087806702, "length": 3.7517483234405518, "mode": "test", "epoch": 15}
{"loss": 0.33596083521842957, "acc": 0.858338475227356, "length": 3.7482166290283203, "mode": "train", "epoch": 16}
{"loss": 0.362527459859848, "acc": 0.8520214557647705, "length": 3.8286712169647217, "mode": "test", "epoch": 16}
{"loss": 0.31318041682243347, "acc": 0.868898868560791, "length": 3.8435146808624268, "mode": "train", "epoch": 17}
{"loss": 0.3449459671974182, "acc": 0.8565012216567993, "length": 3.8951048851013184, "mode": "test", "epoch": 17}
{"loss": 0.29074159264564514, "acc": 0.8729201555252075, "length": 3.9059135913848877, "mode": "train", "epoch": 18}
{"loss": 0.3199806213378906, "acc": 0.8669580817222595, "length": 4.0, "mode": "test", "epoch": 18}
{"loss": 0.2796156108379364, "acc": 0.8826698660850525, "length": 3.9690463542938232, "mode": "train", "epoch": 19}
{"loss": 0.31057602167129517, "acc": 0.8715034127235413, "length": 4.0, "mode": "test", "epoch": 19}
{"loss": 0.2796158194541931, "acc": 0.874008059501648, "length": 3.983635663986206, "mode": "train", "epoch": 20}
{"loss": 0.32399019598960876, "acc": 0.8725525140762329, "length": 4.0, "mode": "test", "epoch": 20}
{"loss": 0.26438629627227783, "acc": 0.8867709040641785, "length": 3.9927315711975098, "mode": "train", "epoch": 21}
{"loss": 0.30316150188446045, "acc": 0.8711540102958679, "length": 4.0, "mode": "test", "epoch": 21}
{"loss": 0.26162436604499817, "acc": 0.8899561166763306, "length": 3.9944355487823486, "mode": "train", "epoch": 22}
{"loss": 0.2857309877872467, "acc": 0.8832167387008667, "length": 4.0, "mode": "test", "epoch": 22}
{"loss": 0.25199609994888306, "acc": 0.8923736214637756, "length": 3.997750759124756, "mode": "train", "epoch": 23}
{"loss": 0.27883556485176086, "acc": 0.8763986825942993, "length": 4.0, "mode": "test", "epoch": 23}
{"loss": 0.2539076507091522, "acc": 0.8879250884056091, "length": 3.997185468673706, "mode": "train", "epoch": 24}
{"loss": 0.2674197256565094, "acc": 0.8884614109992981, "length": 4.0, "mode": "test", "epoch": 24}
{"loss": 0.24537217617034912, "acc": 0.8988726735115051, "length": 3.9987001419067383, "mode": "train", "epoch": 25}
{"loss": 0.2871911823749542, "acc": 0.8793706893920898, "length": 4.0, "mode": "test", "epoch": 25}
{"loss": 0.24522218108177185, "acc": 0.8955419659614563, "length": 3.9987261295318604, "mode": "train", "epoch": 26}
{"loss": 0.2844681739807129, "acc": 0.8819929361343384, "length": 4.0, "mode": "test", "epoch": 26}
{"loss": 0.244142547249794, "acc": 0.8994112014770508, "length": 3.999544858932495, "mode": "train", "epoch": 27}
{"loss": 0.27943748235702515, "acc": 0.8896851539611816, "length": 4.0, "mode": "test", "epoch": 27}
{"loss": 0.2388918548822403, "acc": 0.8995837569236755, "length": 3.999476909637451, "mode": "train", "epoch": 28}
{"loss": 0.27872833609580994, "acc": 0.8972029089927673, "length": 4.0, "mode": "test", "epoch": 28}
{"loss": 0.24056489765644073, "acc": 0.8977722525596619, "length": 3.9997079372406006, "mode": "train", "epoch": 29}
{"loss": 0.2572494149208069, "acc": 0.8972029089927673, "length": 4.0, "mode": "test", "epoch": 29}
{"loss": 0.23684647679328918, "acc": 0.9034500122070312, "length": 3.999704360961914, "mode": "train", "epoch": 30}
{"loss": 0.26775601506233215, "acc": 0.895629346370697, "length": 4.0, "mode": "test", "epoch": 30}
{"loss": 0.2370762974023819, "acc": 0.9006977081298828, "length": 3.9989981651306152, "mode": "train", "epoch": 31}
{"loss": 0.26994091272354126, "acc": 0.8973777294158936, "length": 4.0, "mode": "test", "epoch": 31}
{"loss": 0.2334579974412918, "acc": 0.9046797156333923, "length": 3.9996964931488037, "mode": "train", "epoch": 32}
{"loss": 0.27347052097320557, "acc": 0.8923076391220093, "length": 4.0, "mode": "test", "epoch": 32}
{"loss": 0.24187789857387543, "acc": 0.9010509252548218, "length": 3.99948787689209, "mode": "train", "epoch": 33}
{"loss": 0.26899775862693787, "acc": 0.892307698726654, "length": 4.0, "mode": "test", "epoch": 33}
{"loss": 0.23100998997688293, "acc": 0.9042677879333496, "length": 3.999514579772949, "mode": "train", "epoch": 34}
{"loss": 0.26959630846977234, "acc": 0.8972029089927673, "length": 4.0, "mode": "test", "epoch": 34}
{"loss": 0.2347078174352646, "acc": 0.9018629193305969, "length": 3.9992735385894775, "mode": "train", "epoch": 35}
{"loss": 0.2502787113189697, "acc": 0.8989509344100952, "length": 4.0, "mode": "test", "epoch": 35}
{"loss": 0.22061213850975037, "acc": 0.9101586937904358, "length": 3.99845814704895, "mode": "train", "epoch": 36}
{"loss": 0.23940947651863098, "acc": 0.8979020714759827, "length": 4.0, "mode": "test", "epoch": 36}
{"loss": 0.21633964776992798, "acc": 0.909885823726654, "length": 3.9991402626037598, "mode": "train", "epoch": 37}
{"loss": 0.2625240385532379, "acc": 0.8923078179359436, "length": 4.0, "mode": "test", "epoch": 37}
{"loss": 0.21899127960205078, "acc": 0.9073634743690491, "length": 3.999340534210205, "mode": "train", "epoch": 38}
{"loss": 0.23467035591602325, "acc": 0.8999999761581421, "length": 4.0, "mode": "test", "epoch": 38}
{"loss": 0.2128261774778366, "acc": 0.9108281135559082, "length": 3.9998679161071777, "mode": "train", "epoch": 39}
{"loss": 0.2423538863658905, "acc": 0.901049017906189, "length": 4.0, "mode": "test", "epoch": 39}
{"loss": 0.2212703377008438, "acc": 0.9114149212837219, "length": 3.9999091625213623, "mode": "train", "epoch": 40}
{"loss": 0.25745901465415955, "acc": 0.8874127268791199, "length": 4.0, "mode": "test", "epoch": 40}
{"loss": 0.2131054550409317, "acc": 0.9101862907409668, "length": 3.9999523162841797, "mode": "train", "epoch": 41}
{"loss": 0.21485784649848938, "acc": 0.9085665345191956, "length": 4.0, "mode": "test", "epoch": 41}
{"loss": 0.24479889869689941, "acc": 0.9066122174263, "length": 3.999783992767334, "mode": "train", "epoch": 42}
{"loss": 0.2709469199180603, "acc": 0.8797202110290527, "length": 4.0, "mode": "test", "epoch": 42}
{"loss": 0.2069096863269806, "acc": 0.9127038717269897, "length": 3.999940872192383, "mode": "train", "epoch": 43}
{"loss": 0.23526594042778015, "acc": 0.9073426723480225, "length": 4.0, "mode": "test", "epoch": 43}
{"loss": 0.20288732647895813, "acc": 0.9163371920585632, "length": 3.9995687007904053, "mode": "train", "epoch": 44}
{"loss": 0.21445545554161072, "acc": 0.9155594706535339, "length": 4.0, "mode": "test", "epoch": 44}
{"loss": 0.20493142306804657, "acc": 0.9146943688392639, "length": 3.9998888969421387, "mode": "train", "epoch": 45}
{"loss": 0.23956076800823212, "acc": 0.8895103335380554, "length": 4.0, "mode": "test", "epoch": 45}
{"loss": 0.19671763479709625, "acc": 0.9169756770133972, "length": 3.9997692108154297, "mode": "train", "epoch": 46}
{"loss": 0.22641883790493011, "acc": 0.9127622842788696, "length": 4.0, "mode": "test", "epoch": 46}
{"loss": 0.18262027204036713, "acc": 0.9255861639976501, "length": 3.9999284744262695, "mode": "train", "epoch": 47}
{"loss": 0.21067242324352264, "acc": 0.9176572561264038, "length": 4.0, "mode": "test", "epoch": 47}
{"loss": 0.18650740385055542, "acc": 0.9252336621284485, "length": 3.999962329864502, "mode": "train", "epoch": 48}
{"loss": 0.22775636613368988, "acc": 0.9164336919784546, "length": 4.0, "mode": "test", "epoch": 48}
{"loss": 0.1699536293745041, "acc": 0.9305029511451721, "length": 3.999964475631714, "mode": "train", "epoch": 49}
{"loss": 0.20335300266742706, "acc": 0.9283216595649719, "length": 4.0, "mode": "test", "epoch": 49}
{"loss": 0.17249584197998047, "acc": 0.9242384433746338, "length": 3.9999566078186035, "mode": "train", "epoch": 50}
{"loss": 0.21401353180408478, "acc": 0.9241257309913635, "length": 4.0, "mode": "test", "epoch": 50}
{"loss": 0.16615724563598633, "acc": 0.936416506767273, "length": 3.99998140335083, "mode": "train", "epoch": 51}
{"loss": 0.18921919167041779, "acc": 0.9351397752761841, "length": 4.0, "mode": "test", "epoch": 51}
{"loss": 0.1623200625181198, "acc": 0.9326106309890747, "length": 3.9999759197235107, "mode": "train", "epoch": 52}
{"loss": 0.19667325913906097, "acc": 0.9318181872367859, "length": 4.0, "mode": "test", "epoch": 52}
{"loss": 0.16631057858467102, "acc": 0.9324248433113098, "length": 3.9991228580474854, "mode": "train", "epoch": 53}
{"loss": 0.2110811024904251, "acc": 0.9215033650398254, "length": 4.0, "mode": "test", "epoch": 53}
{"loss": 0.19548851251602173, "acc": 0.9245312213897705, "length": 3.99996280670166, "mode": "train", "epoch": 54}
{"loss": 0.20806628465652466, "acc": 0.9284964799880981, "length": 4.0, "mode": "test", "epoch": 54}
{"loss": 0.1711403727531433, "acc": 0.9311456084251404, "length": 3.9999256134033203, "mode": "train", "epoch": 55}
{"loss": 0.21669407188892365, "acc": 0.9204544425010681, "length": 4.0, "mode": "test", "epoch": 55}
{"loss": 0.17255963385105133, "acc": 0.9305492639541626, "length": 3.9990267753601074, "mode": "train", "epoch": 56}
{"loss": 0.19163593649864197, "acc": 0.921853244304657, "length": 4.0, "mode": "test", "epoch": 56}
{"loss": 0.157389834523201, "acc": 0.9385191798210144, "length": 3.9997150897979736, "mode": "train", "epoch": 57}
{"loss": 0.1730739176273346, "acc": 0.9372377991676331, "length": 4.0, "mode": "test", "epoch": 57}
{"loss": 0.13945461809635162, "acc": 0.9469197392463684, "length": 3.998603582382202, "mode": "train", "epoch": 58}
{"loss": 0.19644096493721008, "acc": 0.9325175285339355, "length": 4.0, "mode": "test", "epoch": 58}
{"loss": 0.1339641958475113, "acc": 0.9477056860923767, "length": 3.999654769897461, "mode": "train", "epoch": 59}
{"loss": 0.15566089749336243, "acc": 0.9449301958084106, "length": 4.0, "mode": "test", "epoch": 59}
{"loss": 0.13736386597156525, "acc": 0.9485361576080322, "length": 3.9999897480010986, "mode": "train", "epoch": 60}
{"loss": 0.15159381926059723, "acc": 0.9465035200119019, "length": 4.0, "mode": "test", "epoch": 60}
test accuracy: 0.8088332414627075
