# ["--attributes=3", "--values=16", "--game_size=10", "--vocab_size_factor=3", "--n_epochs=60", "--batch_size=32", "--learning_rate=0.001", "--hidden_size=256", "--temp_update=0.99", "--temperature=1"]
Creating train_ds and val_ds...

Creating test_ds...
{"loss": 0.705001711845398, "acc": 0.5306390523910522, "length": 1.666666030883789, "mode": "train", "epoch": 1}
{"loss": 0.7052876949310303, "acc": 0.5204545855522156, "length": 1.0, "mode": "test", "epoch": 1}
{"loss": 0.6921630501747131, "acc": 0.5406330823898315, "length": 1.000183343887329, "mode": "train", "epoch": 2}
{"loss": 0.6909786462783813, "acc": 0.5281469225883484, "length": 1.0, "mode": "test", "epoch": 2}
{"loss": 0.6922499537467957, "acc": 0.5338397026062012, "length": 1.0002087354660034, "mode": "train", "epoch": 3}
{"loss": 0.6932121515274048, "acc": 0.5400348901748657, "length": 1.0, "mode": "test", "epoch": 3}
{"loss": 0.6919582486152649, "acc": 0.5343684554100037, "length": 1.0001271963119507, "mode": "train", "epoch": 4}
{"loss": 0.6951502561569214, "acc": 0.520629346370697, "length": 1.0, "mode": "test", "epoch": 4}
{"loss": 0.6890396475791931, "acc": 0.5309138298034668, "length": 1.0000914335250854, "mode": "train", "epoch": 5}
{"loss": 0.6947993040084839, "acc": 0.5054196119308472, "length": 1.0, "mode": "test", "epoch": 5}
{"loss": 0.6917338371276855, "acc": 0.5358898043632507, "length": 1.0001909732818604, "mode": "train", "epoch": 6}
{"loss": 0.6911323666572571, "acc": 0.5442306995391846, "length": 1.0, "mode": "test", "epoch": 6}
{"loss": 0.6901599764823914, "acc": 0.5433837175369263, "length": 1.000229001045227, "mode": "train", "epoch": 7}
{"loss": 0.6890748143196106, "acc": 0.5398601293563843, "length": 1.0, "mode": "test", "epoch": 7}
{"loss": 0.6879833340644836, "acc": 0.5427408218383789, "length": 1.0000877380371094, "mode": "train", "epoch": 8}
{"loss": 0.6893863677978516, "acc": 0.5344405770301819, "length": 1.0, "mode": "test", "epoch": 8}
{"loss": 0.6901088356971741, "acc": 0.5327245593070984, "length": 1.000284194946289, "mode": "train", "epoch": 9}
{"loss": 0.6917232871055603, "acc": 0.5400348901748657, "length": 1.0, "mode": "test", "epoch": 9}
{"loss": 0.6883670687675476, "acc": 0.5505853295326233, "length": 1.0000801086425781, "mode": "train", "epoch": 10}
{"loss": 0.6895402669906616, "acc": 0.5286713242530823, "length": 1.0, "mode": "test", "epoch": 10}
{"loss": 0.6892265677452087, "acc": 0.538875937461853, "length": 1.0001330375671387, "mode": "train", "epoch": 11}
{"loss": 0.6895975470542908, "acc": 0.5398601293563843, "length": 1.0, "mode": "test", "epoch": 11}
{"loss": 0.6870090365409851, "acc": 0.5514641404151917, "length": 1.0001587867736816, "mode": "train", "epoch": 12}
{"loss": 0.6877639889717102, "acc": 0.5215034484863281, "length": 1.0, "mode": "test", "epoch": 12}
{"loss": 0.6896212697029114, "acc": 0.5485358238220215, "length": 1.0000615119934082, "mode": "train", "epoch": 13}
{"loss": 0.6870149374008179, "acc": 0.5400348901748657, "length": 1.0, "mode": "test", "epoch": 13}
{"loss": 0.6882333159446716, "acc": 0.5387587547302246, "length": 1.0000267028808594, "mode": "train", "epoch": 14}
{"loss": 0.6901878714561462, "acc": 0.5309440493583679, "length": 1.0, "mode": "test", "epoch": 14}
{"loss": 0.6871451735496521, "acc": 0.5450240969657898, "length": 1.000086784362793, "mode": "train", "epoch": 15}
{"loss": 0.6884716749191284, "acc": 0.5307692289352417, "length": 1.0, "mode": "test", "epoch": 15}
{"loss": 0.6893792152404785, "acc": 0.5399297475814819, "length": 1.0000277757644653, "mode": "train", "epoch": 16}
{"loss": 0.6880326867103577, "acc": 0.5309440493583679, "length": 1.0, "mode": "test", "epoch": 16}
{"loss": 0.6873103976249695, "acc": 0.5493554472923279, "length": 1.0000743865966797, "mode": "train", "epoch": 17}
{"loss": 0.6889448165893555, "acc": 0.5398601293563843, "length": 1.0, "mode": "test", "epoch": 17}
{"loss": 0.6867271065711975, "acc": 0.5496487617492676, "length": 1.0000325441360474, "mode": "train", "epoch": 18}
{"loss": 0.6884961128234863, "acc": 0.5281469225883484, "length": 1.0, "mode": "test", "epoch": 18}
{"loss": 0.6879417896270752, "acc": 0.5435011386871338, "length": 1.0000200271606445, "mode": "train", "epoch": 19}
{"loss": 0.6884439587593079, "acc": 0.5125874280929565, "length": 1.0, "mode": "test", "epoch": 19}
{"loss": 0.6878193616867065, "acc": 0.5409836173057556, "length": 1.0000536441802979, "mode": "train", "epoch": 20}
{"loss": 0.6897627115249634, "acc": 0.5426573157310486, "length": 1.0, "mode": "test", "epoch": 20}
{"loss": 0.6876449584960938, "acc": 0.543501079082489, "length": 1.0000282526016235, "mode": "train", "epoch": 21}
{"loss": 0.6870489120483398, "acc": 0.5398601293563843, "length": 1.0, "mode": "test", "epoch": 21}
{"loss": 0.6861668229103088, "acc": 0.5497658252716064, "length": 1.0000182390213013, "mode": "train", "epoch": 22}
{"loss": 0.6869272589683533, "acc": 0.537237823009491, "length": 1.0, "mode": "test", "epoch": 22}
{"loss": 0.6860173344612122, "acc": 0.549765944480896, "length": 1.0000147819519043, "mode": "train", "epoch": 23}
{"loss": 0.6877779364585876, "acc": 0.5375874638557434, "length": 1.0, "mode": "test", "epoch": 23}
{"loss": 0.6861807703971863, "acc": 0.5502928495407104, "length": 1.0000171661376953, "mode": "train", "epoch": 24}
{"loss": 0.6863390803337097, "acc": 0.5398601293563843, "length": 1.0, "mode": "test", "epoch": 24}
{"loss": 0.6881309151649475, "acc": 0.5436768531799316, "length": 1.0000110864639282, "mode": "train", "epoch": 25}
{"loss": 0.6875604391098022, "acc": 0.5465034246444702, "length": 1.0, "mode": "test", "epoch": 25}
{"loss": 0.686517059803009, "acc": 0.5430326461791992, "length": 1.000035047531128, "mode": "train", "epoch": 26}
{"loss": 0.6878231763839722, "acc": 0.5398601293563843, "length": 1.0, "mode": "test", "epoch": 26}
{"loss": 0.6857104301452637, "acc": 0.5540398359298706, "length": 1.0000089406967163, "mode": "train", "epoch": 27}
{"loss": 0.6882420778274536, "acc": 0.5365384221076965, "length": 1.0, "mode": "test", "epoch": 27}
{"loss": 0.6853554248809814, "acc": 0.5489461421966553, "length": 1.0000104904174805, "mode": "train", "epoch": 28}
{"loss": 0.6870917081832886, "acc": 0.5309440493583679, "length": 1.0, "mode": "test", "epoch": 28}
{"loss": 0.6847232580184937, "acc": 0.5487707257270813, "length": 1.0000252723693848, "mode": "train", "epoch": 29}
{"loss": 0.6849706768989563, "acc": 0.5409091114997864, "length": 1.0, "mode": "test", "epoch": 29}
{"loss": 0.6855406165122986, "acc": 0.5518735647201538, "length": 1.0000104904174805, "mode": "train", "epoch": 30}
{"loss": 0.6886831521987915, "acc": 0.5398601293563843, "length": 1.0, "mode": "test", "epoch": 30}
{"loss": 0.6850460171699524, "acc": 0.5495317578315735, "length": 1.000030279159546, "mode": "train", "epoch": 31}
{"loss": 0.6860171556472778, "acc": 0.5451048612594604, "length": 1.0, "mode": "test", "epoch": 31}
{"loss": 0.6853172183036804, "acc": 0.5531615018844604, "length": 1.000028133392334, "mode": "train", "epoch": 32}
{"loss": 0.6870924234390259, "acc": 0.5297203063964844, "length": 1.0, "mode": "test", "epoch": 32}
{"loss": 0.6865966320037842, "acc": 0.5418615341186523, "length": 1.0002206563949585, "mode": "train", "epoch": 33}
{"loss": 0.6876166462898254, "acc": 0.5262237191200256, "length": 1.0, "mode": "test", "epoch": 33}
{"loss": 0.6868213415145874, "acc": 0.5467220544815063, "length": 1.0000556707382202, "mode": "train", "epoch": 34}
{"loss": 0.6852940917015076, "acc": 0.541433572769165, "length": 1.0, "mode": "test", "epoch": 34}
{"loss": 0.6863071322441101, "acc": 0.5419201850891113, "length": 1.0002819299697876, "mode": "train", "epoch": 35}
{"loss": 0.6856683492660522, "acc": 0.5409091114997864, "length": 1.0, "mode": "test", "epoch": 35}
{"loss": 0.6846588253974915, "acc": 0.5467798709869385, "length": 1.000000238418579, "mode": "train", "epoch": 36}
{"loss": 0.686051607131958, "acc": 0.5398601293563843, "length": 1.0, "mode": "test", "epoch": 36}
{"loss": 0.6865368485450745, "acc": 0.5480679869651794, "length": 1.0000005960464478, "mode": "train", "epoch": 37}
{"loss": 0.684147298336029, "acc": 0.5451048612594604, "length": 1.0, "mode": "test", "epoch": 37}
{"loss": 0.684968888759613, "acc": 0.5525175929069519, "length": 1.000001311302185, "mode": "train", "epoch": 38}
{"loss": 0.684572696685791, "acc": 0.5540209412574768, "length": 1.0, "mode": "test", "epoch": 38}
{"loss": 0.6840523481369019, "acc": 0.5520491003990173, "length": 1.000000238418579, "mode": "train", "epoch": 39}
{"loss": 0.6846907734870911, "acc": 0.5398601293563843, "length": 1.0, "mode": "test", "epoch": 39}
{"loss": 0.6836174726486206, "acc": 0.5530444383621216, "length": 1.0000001192092896, "mode": "train", "epoch": 40}
{"loss": 0.6838135123252869, "acc": 0.5398601293563843, "length": 1.0, "mode": "test", "epoch": 40}
{"loss": 0.6849459409713745, "acc": 0.5508781671524048, "length": 1.0000001192092896, "mode": "train", "epoch": 41}
{"loss": 0.6830042004585266, "acc": 0.5410839319229126, "length": 1.0, "mode": "test", "epoch": 41}
{"loss": 0.6840689778327942, "acc": 0.5517563819885254, "length": 1.0000008344650269, "mode": "train", "epoch": 42}
{"loss": 0.6851572394371033, "acc": 0.5125874280929565, "length": 1.0, "mode": "test", "epoch": 42}
{"loss": 0.6844311356544495, "acc": 0.5519320964813232, "length": 1.0, "mode": "train", "epoch": 43}
{"loss": 0.6843337416648865, "acc": 0.5253496766090393, "length": 1.0, "mode": "test", "epoch": 43}
{"loss": 0.6839568614959717, "acc": 0.5445550084114075, "length": 1.0, "mode": "train", "epoch": 44}
{"loss": 0.6833993196487427, "acc": 0.5319929718971252, "length": 1.0, "mode": "test", "epoch": 44}
{"loss": 0.6841235160827637, "acc": 0.548243522644043, "length": 1.0000001192092896, "mode": "train", "epoch": 45}
{"loss": 0.6838088631629944, "acc": 0.5363636612892151, "length": 1.0, "mode": "test", "epoch": 45}
{"loss": 0.6840178370475769, "acc": 0.5518149733543396, "length": 1.0, "mode": "train", "epoch": 46}
{"loss": 0.6830078363418579, "acc": 0.5309440493583679, "length": 1.0, "mode": "test", "epoch": 46}
{"loss": 0.685013473033905, "acc": 0.5497658252716064, "length": 1.0, "mode": "train", "epoch": 47}
{"loss": 0.682515025138855, "acc": 0.550000011920929, "length": 1.0, "mode": "test", "epoch": 47}
{"loss": 0.6837096810340881, "acc": 0.5577868819236755, "length": 1.0, "mode": "train", "epoch": 48}
{"loss": 0.6847062706947327, "acc": 0.5540209412574768, "length": 1.0, "mode": "test", "epoch": 48}
{"loss": 0.6845729947090149, "acc": 0.5538641214370728, "length": 1.0000001192092896, "mode": "train", "epoch": 49}
{"loss": 0.6829471588134766, "acc": 0.5465034246444702, "length": 1.0, "mode": "test", "epoch": 49}
{"loss": 0.6836893558502197, "acc": 0.548711895942688, "length": 1.0, "mode": "train", "epoch": 50}
{"loss": 0.682833194732666, "acc": 0.5505245327949524, "length": 1.0, "mode": "test", "epoch": 50}
{"loss": 0.6832026839256287, "acc": 0.5463114380836487, "length": 1.0000016689300537, "mode": "train", "epoch": 51}
{"loss": 0.6833398938179016, "acc": 0.5297203063964844, "length": 1.0, "mode": "test", "epoch": 51}
{"loss": 0.6834129095077515, "acc": 0.5467799305915833, "length": 1.0000001192092896, "mode": "train", "epoch": 52}
{"loss": 0.6829245686531067, "acc": 0.5309440493583679, "length": 1.0, "mode": "test", "epoch": 52}
{"loss": 0.6835430264472961, "acc": 0.5497072339057922, "length": 1.0, "mode": "train", "epoch": 53}
{"loss": 0.683032751083374, "acc": 0.5309440493583679, "length": 1.0, "mode": "test", "epoch": 53}
{"loss": 0.6834178566932678, "acc": 0.5469554662704468, "length": 1.0, "mode": "train", "epoch": 54}
{"loss": 0.682559072971344, "acc": 0.5465034246444702, "length": 1.0, "mode": "test", "epoch": 54}
{"loss": 0.6832478642463684, "acc": 0.5535715222358704, "length": 1.0, "mode": "train", "epoch": 55}
{"loss": 0.6837766766548157, "acc": 0.5561189651489258, "length": 1.0, "mode": "test", "epoch": 55}
{"loss": 0.6832025647163391, "acc": 0.5549180507659912, "length": 1.0, "mode": "train", "epoch": 56}
{"loss": 0.6852151155471802, "acc": 0.5363636612892151, "length": 1.0, "mode": "test", "epoch": 56}
{"loss": 0.6833493113517761, "acc": 0.5581382513046265, "length": 1.0, "mode": "train", "epoch": 57}
{"loss": 0.6824818253517151, "acc": 0.5398601293563843, "length": 1.0, "mode": "test", "epoch": 57}
{"loss": 0.6826565265655518, "acc": 0.5555620193481445, "length": 1.0, "mode": "train", "epoch": 58}
{"loss": 0.6821684837341309, "acc": 0.5375874638557434, "length": 1.0, "mode": "test", "epoch": 58}
{"loss": 0.6834441423416138, "acc": 0.5483607053756714, "length": 1.0, "mode": "train", "epoch": 59}
{"loss": 0.6829032897949219, "acc": 0.5465034246444702, "length": 1.0, "mode": "test", "epoch": 59}
{"loss": 0.6836064457893372, "acc": 0.5473653674125671, "length": 1.0, "mode": "train", "epoch": 60}
{"loss": 0.6825729012489319, "acc": 0.5386363863945007, "length": 1.0, "mode": "test", "epoch": 60}
test accuracy: 0.3386666774749756
