# ["--attributes=3", "--values=16", "--game_size=10", "--vocab_size_factor=3", "--n_epochs=60", "--batch_size=32", "--learning_rate=0.001", "--hidden_size=256", "--temp_update=0.99", "--temperature=1.5"]
Creating train_ds and val_ds...

Creating test_ds...
{"loss": 0.7081663012504578, "acc": 0.5133784413337708, "length": 1.8781510591506958, "mode": "train", "epoch": 1}
{"loss": 0.6966789960861206, "acc": 0.5348121523857117, "length": 1.0, "mode": "test", "epoch": 1}
{"loss": 0.7014662623405457, "acc": 0.5113351345062256, "length": 1.0032529830932617, "mode": "train", "epoch": 2}
{"loss": 0.6947862505912781, "acc": 0.5291808247566223, "length": 1.0, "mode": "test", "epoch": 2}
{"loss": 0.6945916414260864, "acc": 0.5139594674110413, "length": 1.0019161701202393, "mode": "train", "epoch": 3}
{"loss": 0.6952657103538513, "acc": 0.48088735342025757, "length": 1.0, "mode": "test", "epoch": 3}
{"loss": 0.6956985592842102, "acc": 0.5240519046783447, "length": 1.001793622970581, "mode": "train", "epoch": 4}
{"loss": 0.6973111033439636, "acc": 0.5090444087982178, "length": 1.0, "mode": "test", "epoch": 4}
{"loss": 0.6939230561256409, "acc": 0.5262655019760132, "length": 1.0299519300460815, "mode": "train", "epoch": 5}
{"loss": 0.6678373217582703, "acc": 0.5995041131973267, "length": 1.7269624471664429, "mode": "test", "epoch": 5}
{"loss": 0.611404538154602, "acc": 0.66539067029953, "length": 1.9500198364257812, "mode": "train", "epoch": 6}
{"loss": 0.5822300314903259, "acc": 0.6941297054290771, "length": 1.9419795274734497, "mode": "test", "epoch": 6}
{"loss": 0.5727570056915283, "acc": 0.6845816373825073, "length": 1.8529804944992065, "mode": "train", "epoch": 7}
{"loss": 0.5601272583007812, "acc": 0.696262776851654, "length": 1.972696304321289, "mode": "test", "epoch": 7}
{"loss": 0.5174843072891235, "acc": 0.7450494766235352, "length": 2.499398946762085, "mode": "train", "epoch": 8}
{"loss": 0.5334295630455017, "acc": 0.7475777864456177, "length": 2.7508533000946045, "mode": "test", "epoch": 8}
{"loss": 0.47187545895576477, "acc": 0.7813007235527039, "length": 2.7688846588134766, "mode": "train", "epoch": 9}
{"loss": 0.4610191881656647, "acc": 0.7938801646232605, "length": 2.9863481521606445, "mode": "test", "epoch": 9}
{"loss": 0.420061320066452, "acc": 0.8075857758522034, "length": 3.161327838897705, "mode": "train", "epoch": 10}
{"loss": 0.44024142622947693, "acc": 0.8097482919692993, "length": 3.211604118347168, "mode": "test", "epoch": 10}
{"loss": 0.3762897253036499, "acc": 0.8346400856971741, "length": 3.4812490940093994, "mode": "train", "epoch": 11}
{"loss": 0.38382014632225037, "acc": 0.8283916711807251, "length": 3.76450514793396, "mode": "test", "epoch": 11}
{"loss": 0.34048646688461304, "acc": 0.8498811721801758, "length": 3.703932285308838, "mode": "train", "epoch": 12}
{"loss": 0.38264864683151245, "acc": 0.8385505676269531, "length": 3.819112539291382, "mode": "test", "epoch": 12}
{"loss": 0.3042864203453064, "acc": 0.8714163899421692, "length": 3.790241241455078, "mode": "train", "epoch": 13}
{"loss": 0.33202674984931946, "acc": 0.8549275398254395, "length": 3.972696304321289, "mode": "test", "epoch": 13}
{"loss": 0.25251007080078125, "acc": 0.8955583572387695, "length": 3.9686551094055176, "mode": "train", "epoch": 14}
{"loss": 0.3004831075668335, "acc": 0.8957338333129883, "length": 4.0, "mode": "test", "epoch": 14}
{"loss": 0.21251913905143738, "acc": 0.9205896854400635, "length": 3.9911625385284424, "mode": "train", "epoch": 15}
{"loss": 0.2372366040945053, "acc": 0.9097270369529724, "length": 4.0, "mode": "test", "epoch": 15}
{"loss": 0.18879537284374237, "acc": 0.9305863380432129, "length": 3.9929635524749756, "mode": "train", "epoch": 16}
{"loss": 0.22662226855754852, "acc": 0.9206483364105225, "length": 4.0, "mode": "test", "epoch": 16}
{"loss": 0.17340387403964996, "acc": 0.9403976798057556, "length": 3.9942471981048584, "mode": "train", "epoch": 17}
{"loss": 0.2056954950094223, "acc": 0.9288395643234253, "length": 4.0, "mode": "test", "epoch": 17}
{"loss": 0.16835103929042816, "acc": 0.940555989742279, "length": 3.9957072734832764, "mode": "train", "epoch": 18}
{"loss": 0.18305233120918274, "acc": 0.9354950189590454, "length": 4.0, "mode": "test", "epoch": 18}
{"loss": 0.1514851599931717, "acc": 0.9504427313804626, "length": 3.996987819671631, "mode": "train", "epoch": 19}
{"loss": 0.20046328008174896, "acc": 0.9245733618736267, "length": 4.0, "mode": "test", "epoch": 19}
{"loss": 0.1396150290966034, "acc": 0.9524632096290588, "length": 3.9977755546569824, "mode": "train", "epoch": 20}
{"loss": 0.17280066013336182, "acc": 0.9390784502029419, "length": 4.0, "mode": "test", "epoch": 20}
{"loss": 0.1447785347700119, "acc": 0.949417769908905, "length": 3.996730327606201, "mode": "train", "epoch": 21}
{"loss": 0.16830407083034515, "acc": 0.9520478248596191, "length": 4.0, "mode": "test", "epoch": 21}
{"loss": 0.1267734169960022, "acc": 0.96089768409729, "length": 3.9979794025421143, "mode": "train", "epoch": 22}
{"loss": 0.1545812338590622, "acc": 0.9455630779266357, "length": 4.0, "mode": "test", "epoch": 22}
{"loss": 0.11643417924642563, "acc": 0.9603469967842102, "length": 3.998598337173462, "mode": "train", "epoch": 23}
{"loss": 0.1516302227973938, "acc": 0.9537543058395386, "length": 4.0, "mode": "test", "epoch": 23}
{"loss": 0.10681641846895218, "acc": 0.959832489490509, "length": 3.998605251312256, "mode": "train", "epoch": 24}
{"loss": 0.1429634988307953, "acc": 0.9529010653495789, "length": 4.0, "mode": "test", "epoch": 24}
{"loss": 0.11035288870334625, "acc": 0.9657766819000244, "length": 3.9992454051971436, "mode": "train", "epoch": 25}
{"loss": 0.1262386292219162, "acc": 0.9629693627357483, "length": 4.0, "mode": "test", "epoch": 25}
{"loss": 0.1019090935587883, "acc": 0.9655596613883972, "length": 3.997908353805542, "mode": "train", "epoch": 26}
{"loss": 0.17169661819934845, "acc": 0.9520478248596191, "length": 4.0, "mode": "test", "epoch": 26}
{"loss": 0.09308191388845444, "acc": 0.9682859778404236, "length": 3.9993951320648193, "mode": "train", "epoch": 27}
{"loss": 0.14210651814937592, "acc": 0.9600683450698853, "length": 4.0, "mode": "test", "epoch": 27}
{"loss": 0.10380768030881882, "acc": 0.9643009305000305, "length": 3.999516725540161, "mode": "train", "epoch": 28}
{"loss": 0.13584387302398682, "acc": 0.9604095220565796, "length": 4.0, "mode": "test", "epoch": 28}
{"loss": 0.08627860993146896, "acc": 0.9703978896141052, "length": 3.9992737770080566, "mode": "train", "epoch": 29}
{"loss": 0.11781423538923264, "acc": 0.9674062132835388, "length": 4.0, "mode": "test", "epoch": 29}
{"loss": 0.08168758451938629, "acc": 0.9745608568191528, "length": 3.9994304180145264, "mode": "train", "epoch": 30}
{"loss": 0.14728227257728577, "acc": 0.9597269892692566, "length": 4.0, "mode": "test", "epoch": 30}
{"loss": 0.09658448398113251, "acc": 0.9654898047447205, "length": 3.9991250038146973, "mode": "train", "epoch": 31}
{"loss": 0.15105466544628143, "acc": 0.9631399512290955, "length": 4.0, "mode": "test", "epoch": 31}
{"loss": 0.08445010334253311, "acc": 0.9729132056236267, "length": 3.9997379779815674, "mode": "train", "epoch": 32}
{"loss": 0.10570047050714493, "acc": 0.9715017676353455, "length": 4.0, "mode": "test", "epoch": 32}
{"loss": 0.05339162051677704, "acc": 0.9848858714103699, "length": 3.999781847000122, "mode": "train", "epoch": 33}
{"loss": 0.09254751354455948, "acc": 0.9798635244369507, "length": 4.0, "mode": "test", "epoch": 33}
{"loss": 0.052963148802518845, "acc": 0.9839724898338318, "length": 3.9997141361236572, "mode": "train", "epoch": 34}
{"loss": 0.1402105838060379, "acc": 0.9656996130943298, "length": 4.0, "mode": "test", "epoch": 34}
{"loss": 0.05972149223089218, "acc": 0.9808362126350403, "length": 3.999749183654785, "mode": "train", "epoch": 35}
{"loss": 0.12116088718175888, "acc": 0.97713303565979, "length": 4.0, "mode": "test", "epoch": 35}
{"loss": 0.0502806082367897, "acc": 0.9853985905647278, "length": 3.999821901321411, "mode": "train", "epoch": 36}
{"loss": 0.13655047118663788, "acc": 0.9600683450698853, "length": 4.0, "mode": "test", "epoch": 36}
{"loss": 0.05174873769283295, "acc": 0.9811198711395264, "length": 3.999804973602295, "mode": "train", "epoch": 37}
{"loss": 0.15300226211547852, "acc": 0.9725256562232971, "length": 4.0, "mode": "test", "epoch": 37}
{"loss": 0.03866242617368698, "acc": 0.9892197251319885, "length": 3.9997994899749756, "mode": "train", "epoch": 38}
{"loss": 0.0795869529247284, "acc": 0.9829351305961609, "length": 4.0, "mode": "test", "epoch": 38}
{"loss": 0.0362938717007637, "acc": 0.9909325838088989, "length": 3.9999141693115234, "mode": "train", "epoch": 39}
{"loss": 0.06212775781750679, "acc": 0.9858362078666687, "length": 4.0, "mode": "test", "epoch": 39}
{"loss": 0.03502705693244934, "acc": 0.9889945983886719, "length": 3.9999330043792725, "mode": "train", "epoch": 40}
{"loss": 0.07035081833600998, "acc": 0.986348032951355, "length": 4.0, "mode": "test", "epoch": 40}
{"loss": 0.04317609220743179, "acc": 0.9852306842803955, "length": 3.999910354614258, "mode": "train", "epoch": 41}
{"loss": 0.0748511552810669, "acc": 0.9803754091262817, "length": 4.0, "mode": "test", "epoch": 41}
{"loss": 0.03953595459461212, "acc": 0.9883667826652527, "length": 3.9999070167541504, "mode": "train", "epoch": 42}
{"loss": 0.1489599496126175, "acc": 0.9592151045799255, "length": 4.0, "mode": "test", "epoch": 42}
{"loss": 0.042002759873867035, "acc": 0.9862584471702576, "length": 3.9999566078186035, "mode": "train", "epoch": 43}
{"loss": 0.12365316599607468, "acc": 0.9759384989738464, "length": 4.0, "mode": "test", "epoch": 43}
{"loss": 0.04567951709032059, "acc": 0.9859738945960999, "length": 3.999939203262329, "mode": "train", "epoch": 44}
{"loss": 0.09889420121908188, "acc": 0.9848122596740723, "length": 4.0, "mode": "test", "epoch": 44}
{"loss": 0.040922872722148895, "acc": 0.9877392649650574, "length": 3.9999098777770996, "mode": "train", "epoch": 45}
{"loss": 0.09071702510118484, "acc": 0.9781569242477417, "length": 4.0, "mode": "test", "epoch": 45}
{"loss": 0.035312552005052567, "acc": 0.9881967902183533, "length": 3.9999473094940186, "mode": "train", "epoch": 46}
{"loss": 0.1284579038619995, "acc": 0.9696245789527893, "length": 4.0, "mode": "test", "epoch": 46}
{"loss": 0.056197572499513626, "acc": 0.9843176007270813, "length": 3.9998157024383545, "mode": "train", "epoch": 47}
{"loss": 0.19955261051654816, "acc": 0.9641637206077576, "length": 4.0, "mode": "test", "epoch": 47}
{"loss": 0.07838044315576553, "acc": 0.9763913154602051, "length": 3.9998056888580322, "mode": "train", "epoch": 48}
{"loss": 0.09833718091249466, "acc": 0.9737200736999512, "length": 4.0, "mode": "test", "epoch": 48}
{"loss": 0.044650427997112274, "acc": 0.9852327108383179, "length": 3.999938488006592, "mode": "train", "epoch": 49}
{"loss": 0.07320565730333328, "acc": 0.983958899974823, "length": 4.0, "mode": "test", "epoch": 49}
{"loss": 0.03299177810549736, "acc": 0.9885967373847961, "length": 3.999964714050293, "mode": "train", "epoch": 50}
{"loss": 0.03983214125037193, "acc": 0.9872013926506042, "length": 4.0, "mode": "test", "epoch": 50}
{"loss": 0.019929615780711174, "acc": 0.9927584528923035, "length": 3.9999704360961914, "mode": "train", "epoch": 51}
{"loss": 0.04275909811258316, "acc": 0.9873718619346619, "length": 4.0, "mode": "test", "epoch": 51}
{"loss": 0.02426997385919094, "acc": 0.9917876124382019, "length": 3.999864101409912, "mode": "train", "epoch": 52}
{"loss": 0.05825810506939888, "acc": 0.9870306253433228, "length": 4.0, "mode": "test", "epoch": 52}
{"loss": 0.023738648742437363, "acc": 0.9922456741333008, "length": 3.9999780654907227, "mode": "train", "epoch": 53}
{"loss": 0.10972883552312851, "acc": 0.9740614295005798, "length": 4.0, "mode": "test", "epoch": 53}
{"loss": 0.025090975686907768, "acc": 0.9926973581314087, "length": 3.9997777938842773, "mode": "train", "epoch": 54}
{"loss": 0.0395536869764328, "acc": 0.9868600368499756, "length": 4.0, "mode": "test", "epoch": 54}
{"loss": 0.016653791069984436, "acc": 0.9938417673110962, "length": 3.9999682903289795, "mode": "train", "epoch": 55}
{"loss": 0.030163681134581566, "acc": 0.9930033683776855, "length": 4.0, "mode": "test", "epoch": 55}
{"loss": 0.013792798854410648, "acc": 0.993613064289093, "length": 3.9999070167541504, "mode": "train", "epoch": 56}
{"loss": 0.03387448191642761, "acc": 0.9919794797897339, "length": 4.0, "mode": "test", "epoch": 56}
{"loss": 0.01713685505092144, "acc": 0.9944042563438416, "length": 3.9997692108154297, "mode": "train", "epoch": 57}
{"loss": 0.05132144317030907, "acc": 0.9878839254379272, "length": 4.0, "mode": "test", "epoch": 57}
{"loss": 0.01893250085413456, "acc": 0.9932721853256226, "length": 3.999987840652466, "mode": "train", "epoch": 58}
{"loss": 0.05820168927311897, "acc": 0.9858362078666687, "length": 4.0, "mode": "test", "epoch": 58}
{"loss": 0.02571704052388668, "acc": 0.9909341335296631, "length": 3.9999752044677734, "mode": "train", "epoch": 59}
{"loss": 0.056454431265592575, "acc": 0.987372100353241, "length": 4.0, "mode": "test", "epoch": 59}
{"loss": 0.01281148660928011, "acc": 0.9948115944862366, "length": 3.999990224838257, "mode": "train", "epoch": 60}
{"loss": 0.03555494174361229, "acc": 0.9909555315971375, "length": 4.0, "mode": "test", "epoch": 60}
test accuracy: 0.7994444966316223
