# ["--attributes=3", "--values=16", "--game_size=10", "--vocab_size_factor=3", "--n_epochs=60", "--batch_size=32", "--learning_rate=0.001", "--hidden_size=256", "--temp_update=0.99", "--temperature=2"]
Creating train_ds and val_ds...

Creating test_ds...
{"loss": 0.7032364010810852, "acc": 0.5097638368606567, "length": 1.787336826324463, "mode": "train", "epoch": 1}
{"loss": 0.7013151049613953, "acc": 0.5064846277236938, "length": 1.0, "mode": "test", "epoch": 1}
{"loss": 0.6982194781303406, "acc": 0.5089234709739685, "length": 1.0257471799850464, "mode": "train", "epoch": 2}
{"loss": 0.6986767649650574, "acc": 0.47645053267478943, "length": 1.0, "mode": "test", "epoch": 2}
{"loss": 0.6701762676239014, "acc": 0.5739927291870117, "length": 1.3789067268371582, "mode": "train", "epoch": 3}
{"loss": 0.6025159955024719, "acc": 0.6739089488983154, "length": 2.023890733718872, "mode": "test", "epoch": 3}
{"loss": 0.5702504515647888, "acc": 0.702873945236206, "length": 1.9168473482131958, "mode": "train", "epoch": 4}
{"loss": 0.5687794089317322, "acc": 0.7126728296279907, "length": 2.372013568878174, "mode": "test", "epoch": 4}
{"loss": 0.519707202911377, "acc": 0.7457824945449829, "length": 2.4615182876586914, "mode": "train", "epoch": 5}
{"loss": 0.5024251937866211, "acc": 0.7701120376586914, "length": 2.8839590549468994, "mode": "test", "epoch": 5}
{"loss": 0.4768250286579132, "acc": 0.77964848279953, "length": 2.815356492996216, "mode": "train", "epoch": 6}
{"loss": 0.4867970943450928, "acc": 0.781372606754303, "length": 3.1399316787719727, "mode": "test", "epoch": 6}
{"loss": 0.43424421548843384, "acc": 0.8055338263511658, "length": 3.131744861602783, "mode": "train", "epoch": 7}
{"loss": 0.4527263641357422, "acc": 0.8105887174606323, "length": 2.9044368267059326, "mode": "test", "epoch": 7}
{"loss": 0.3769129514694214, "acc": 0.8397287130355835, "length": 3.1069889068603516, "mode": "train", "epoch": 8}
{"loss": 0.4265170991420746, "acc": 0.8348016142845154, "length": 3.3344709873199463, "mode": "test", "epoch": 8}
{"loss": 0.3395574986934662, "acc": 0.8558940887451172, "length": 3.270125389099121, "mode": "train", "epoch": 9}
{"loss": 0.42825397849082947, "acc": 0.831010103225708, "length": 3.426621198654175, "mode": "test", "epoch": 9}
{"loss": 0.29659396409988403, "acc": 0.8787406086921692, "length": 3.2730154991149902, "mode": "train", "epoch": 10}
{"loss": 0.3551621735095978, "acc": 0.858697772026062, "length": 3.4061434268951416, "mode": "test", "epoch": 10}
{"loss": 0.25538986921310425, "acc": 0.8975389003753662, "length": 3.3576323986053467, "mode": "train", "epoch": 11}
{"loss": 0.3347170054912567, "acc": 0.8722003698348999, "length": 3.477815628051758, "mode": "test", "epoch": 11}
{"loss": 0.22836442291736603, "acc": 0.9112908840179443, "length": 3.593064785003662, "mode": "train", "epoch": 12}
{"loss": 0.3252832293510437, "acc": 0.8964537382125854, "length": 3.6928327083587646, "mode": "test", "epoch": 12}
{"loss": 0.20966985821723938, "acc": 0.9195207357406616, "length": 3.770036220550537, "mode": "train", "epoch": 13}
{"loss": 0.28751710057258606, "acc": 0.9058820009231567, "length": 3.9283275604248047, "mode": "test", "epoch": 13}
{"loss": 0.17261244356632233, "acc": 0.9390059113502502, "length": 3.90716290473938, "mode": "train", "epoch": 14}
{"loss": 0.24719582498073578, "acc": 0.9254264831542969, "length": 4.0, "mode": "test", "epoch": 14}
{"loss": 0.14424923062324524, "acc": 0.9493018388748169, "length": 3.954076051712036, "mode": "train", "epoch": 15}
{"loss": 0.2107851803302765, "acc": 0.9276450872421265, "length": 4.0, "mode": "test", "epoch": 15}
{"loss": 0.11365897208452225, "acc": 0.9625365138053894, "length": 3.984017848968506, "mode": "train", "epoch": 16}
{"loss": 0.20747828483581543, "acc": 0.9269623756408691, "length": 4.0, "mode": "test", "epoch": 16}
{"loss": 0.11219646781682968, "acc": 0.9612278342247009, "length": 3.9905688762664795, "mode": "train", "epoch": 17}
{"loss": 0.19443364441394806, "acc": 0.927986204624176, "length": 4.0, "mode": "test", "epoch": 17}
{"loss": 0.10113976895809174, "acc": 0.964250385761261, "length": 3.99074387550354, "mode": "train", "epoch": 18}
{"loss": 0.18198975920677185, "acc": 0.9308874011039734, "length": 4.0, "mode": "test", "epoch": 18}
{"loss": 0.07851305603981018, "acc": 0.9717618823051453, "length": 3.9932432174682617, "mode": "train", "epoch": 19}
{"loss": 0.16053573787212372, "acc": 0.9327645897865295, "length": 4.0, "mode": "test", "epoch": 19}
{"loss": 0.07731959223747253, "acc": 0.9709405303001404, "length": 3.9959192276000977, "mode": "train", "epoch": 20}
{"loss": 0.2042689323425293, "acc": 0.9368600845336914, "length": 4.0, "mode": "test", "epoch": 20}
{"loss": 0.07173655182123184, "acc": 0.9757518768310547, "length": 3.996025800704956, "mode": "train", "epoch": 21}
{"loss": 0.16129986941814423, "acc": 0.9551194906234741, "length": 4.0, "mode": "test", "epoch": 21}
{"loss": 0.06449849158525467, "acc": 0.976863443851471, "length": 3.997187614440918, "mode": "train", "epoch": 22}
{"loss": 0.13764922320842743, "acc": 0.9619454145431519, "length": 4.0, "mode": "test", "epoch": 22}
{"loss": 0.061035603284835815, "acc": 0.9790313839912415, "length": 3.9973742961883545, "mode": "train", "epoch": 23}
{"loss": 0.12959662079811096, "acc": 0.9547781348228455, "length": 4.0, "mode": "test", "epoch": 23}
{"loss": 0.057189617305994034, "acc": 0.981935977935791, "length": 3.9973573684692383, "mode": "train", "epoch": 24}
{"loss": 0.13421398401260376, "acc": 0.9540955424308777, "length": 4.0, "mode": "test", "epoch": 24}
{"loss": 0.05077950283885002, "acc": 0.9836318492889404, "length": 3.9983158111572266, "mode": "train", "epoch": 25}
{"loss": 0.10780555009841919, "acc": 0.9590443968772888, "length": 4.0, "mode": "test", "epoch": 25}
{"loss": 0.05481092259287834, "acc": 0.9828968644142151, "length": 3.9984471797943115, "mode": "train", "epoch": 26}
{"loss": 0.1163114681839943, "acc": 0.9598976373672485, "length": 4.0, "mode": "test", "epoch": 26}
{"loss": 0.048019301146268845, "acc": 0.9851224422454834, "length": 3.9987049102783203, "mode": "train", "epoch": 27}
{"loss": 0.08255614340305328, "acc": 0.9740614295005798, "length": 4.0, "mode": "test", "epoch": 27}
{"loss": 0.046520426869392395, "acc": 0.9852455258369446, "length": 3.998971700668335, "mode": "train", "epoch": 28}
{"loss": 0.10191319137811661, "acc": 0.966894268989563, "length": 4.0, "mode": "test", "epoch": 28}
{"loss": 0.03557584434747696, "acc": 0.98861163854599, "length": 3.9990718364715576, "mode": "train", "epoch": 29}
{"loss": 0.11211424320936203, "acc": 0.9767918586730957, "length": 4.0, "mode": "test", "epoch": 29}
{"loss": 0.051941368728876114, "acc": 0.9876406192779541, "length": 3.9988021850585938, "mode": "train", "epoch": 30}
{"loss": 0.11808202415704727, "acc": 0.9691125750541687, "length": 4.0, "mode": "test", "epoch": 30}
{"loss": 0.08990231156349182, "acc": 0.9724813103675842, "length": 3.9990222454071045, "mode": "train", "epoch": 31}
{"loss": 0.12677700817584991, "acc": 0.9638224840164185, "length": 4.0, "mode": "test", "epoch": 31}
{"loss": 0.05216018110513687, "acc": 0.9834907650947571, "length": 3.9990615844726562, "mode": "train", "epoch": 32}
{"loss": 0.10799963772296906, "acc": 0.971842885017395, "length": 4.0, "mode": "test", "epoch": 32}
{"loss": 0.03358812257647514, "acc": 0.9900418519973755, "length": 3.999056100845337, "mode": "train", "epoch": 33}
{"loss": 0.06523913145065308, "acc": 0.9769623279571533, "length": 4.0, "mode": "test", "epoch": 33}
{"loss": 0.024888014420866966, "acc": 0.9938133955001831, "length": 3.999305486679077, "mode": "train", "epoch": 34}
{"loss": 0.05981697514653206, "acc": 0.9844711422920227, "length": 4.0, "mode": "test", "epoch": 34}
{"loss": 0.01919294334948063, "acc": 0.9944972395896912, "length": 3.9992847442626953, "mode": "train", "epoch": 35}
{"loss": 0.04218233376741409, "acc": 0.9892491698265076, "length": 4.0, "mode": "test", "epoch": 35}
{"loss": 0.017803754657506943, "acc": 0.9949622750282288, "length": 3.9995079040527344, "mode": "train", "epoch": 36}
{"loss": 0.07795663177967072, "acc": 0.9860067963600159, "length": 4.0, "mode": "test", "epoch": 36}
{"loss": 0.01602420024573803, "acc": 0.9955912828445435, "length": 3.9995532035827637, "mode": "train", "epoch": 37}
{"loss": 0.06015179678797722, "acc": 0.986177384853363, "length": 4.0, "mode": "test", "epoch": 37}
{"loss": 0.014101704582571983, "acc": 0.9950790405273438, "length": 3.9995460510253906, "mode": "train", "epoch": 38}
{"loss": 0.0971149429678917, "acc": 0.9843003153800964, "length": 4.0, "mode": "test", "epoch": 38}
{"loss": 0.02146773971617222, "acc": 0.9921751618385315, "length": 3.999631881713867, "mode": "train", "epoch": 39}
{"loss": 0.07621186226606369, "acc": 0.9858362078666687, "length": 4.0, "mode": "test", "epoch": 39}
{"loss": 0.02564089186489582, "acc": 0.9921148419380188, "length": 3.999556303024292, "mode": "train", "epoch": 40}
{"loss": 0.07428043335676193, "acc": 0.982593834400177, "length": 4.0, "mode": "test", "epoch": 40}
{"loss": 0.024405376985669136, "acc": 0.9933704733848572, "length": 3.999631643295288, "mode": "train", "epoch": 41}
{"loss": 0.10678297281265259, "acc": 0.980375349521637, "length": 4.0, "mode": "test", "epoch": 41}
{"loss": 0.03540165722370148, "acc": 0.9886340498924255, "length": 3.999406576156616, "mode": "train", "epoch": 42}
{"loss": 0.06532137840986252, "acc": 0.988737165927887, "length": 4.0, "mode": "test", "epoch": 42}
{"loss": 0.022857237607240677, "acc": 0.9934870004653931, "length": 3.9996683597564697, "mode": "train", "epoch": 43}
{"loss": 0.08534834533929825, "acc": 0.9815700054168701, "length": 4.0, "mode": "test", "epoch": 43}
{"loss": 0.015729231759905815, "acc": 0.994976818561554, "length": 3.9998366832733154, "mode": "train", "epoch": 44}
{"loss": 0.17754392325878143, "acc": 0.9730375409126282, "length": 4.0, "mode": "test", "epoch": 44}
{"loss": 0.026974670588970184, "acc": 0.9912142157554626, "length": 3.9998552799224854, "mode": "train", "epoch": 45}
{"loss": 0.05183540657162666, "acc": 0.9906143546104431, "length": 4.0, "mode": "test", "epoch": 45}
{"loss": 0.022684890776872635, "acc": 0.9942926168441772, "length": 3.9998369216918945, "mode": "train", "epoch": 46}
{"loss": 0.055037178099155426, "acc": 0.988566517829895, "length": 4.0, "mode": "test", "epoch": 46}
{"loss": 0.021514812484383583, "acc": 0.9936105608940125, "length": 3.9998888969421387, "mode": "train", "epoch": 47}
{"loss": 0.061105240136384964, "acc": 0.9863481521606445, "length": 4.0, "mode": "test", "epoch": 47}
{"loss": 0.008675745688378811, "acc": 0.9981701970100403, "length": 3.9998650550842285, "mode": "train", "epoch": 48}
{"loss": 0.03727821260690689, "acc": 0.9916383028030396, "length": 4.0, "mode": "test", "epoch": 48}
{"loss": 0.006959008984267712, "acc": 0.9986274838447571, "length": 3.999889850616455, "mode": "train", "epoch": 49}
{"loss": 0.0487997904419899, "acc": 0.9904436469078064, "length": 4.0, "mode": "test", "epoch": 49}
{"loss": 0.007189010735601187, "acc": 0.9986267685890198, "length": 3.999859094619751, "mode": "train", "epoch": 50}
{"loss": 0.06286873668432236, "acc": 0.9882253408432007, "length": 4.0, "mode": "test", "epoch": 50}
{"loss": 0.004538539331406355, "acc": 0.9993676543235779, "length": 3.9998276233673096, "mode": "train", "epoch": 51}
{"loss": 0.03332161158323288, "acc": 0.9930033683776855, "length": 4.0, "mode": "test", "epoch": 51}
{"loss": 0.0047816624864935875, "acc": 0.999255895614624, "length": 3.9998834133148193, "mode": "train", "epoch": 52}
{"loss": 0.027696464210748672, "acc": 0.994027316570282, "length": 4.0, "mode": "test", "epoch": 52}
{"loss": 0.01107338909059763, "acc": 0.9964033961296082, "length": 3.9998607635498047, "mode": "train", "epoch": 53}
{"loss": 0.03688308596611023, "acc": 0.9931740760803223, "length": 4.0, "mode": "test", "epoch": 53}
{"loss": 0.009820444509387016, "acc": 0.9972038865089417, "length": 3.999918222427368, "mode": "train", "epoch": 54}
{"loss": 0.07694683223962784, "acc": 0.9863481521606445, "length": 4.0, "mode": "test", "epoch": 54}
{"loss": 0.013620049692690372, "acc": 0.9969748258590698, "length": 3.999871015548706, "mode": "train", "epoch": 55}
{"loss": 0.0678451657295227, "acc": 0.9894197583198547, "length": 4.0, "mode": "test", "epoch": 55}
{"loss": 0.009631218388676643, "acc": 0.9969751834869385, "length": 3.9999186992645264, "mode": "train", "epoch": 56}
{"loss": 0.08883225172758102, "acc": 0.9858360886573792, "length": 4.0, "mode": "test", "epoch": 56}
{"loss": 0.008372903801500797, "acc": 0.9984002113342285, "length": 3.9999101161956787, "mode": "train", "epoch": 57}
{"loss": 0.06846409291028976, "acc": 0.9872013926506042, "length": 4.0, "mode": "test", "epoch": 57}
{"loss": 0.00449915137141943, "acc": 0.999256432056427, "length": 3.999943494796753, "mode": "train", "epoch": 58}
{"loss": 0.08279259502887726, "acc": 0.987883985042572, "length": 4.0, "mode": "test", "epoch": 58}
{"loss": 0.003345837350934744, "acc": 0.9995424151420593, "length": 3.9999616146087646, "mode": "train", "epoch": 59}
{"loss": 0.0714511126279831, "acc": 0.9882253408432007, "length": 4.0, "mode": "test", "epoch": 59}
{"loss": 0.00498726312071085, "acc": 0.9986857175827026, "length": 3.999807596206665, "mode": "train", "epoch": 60}
{"loss": 0.0787619948387146, "acc": 0.9890784621238708, "length": 4.0, "mode": "test", "epoch": 60}
test accuracy: 0.8437036871910095
