# ["--attributes=3", "--values=16", "--game_size=10", "--vocab_size_factor=3", "--n_epochs=60", "--batch_size=64", "--learning_rate=0.0005", "--hidden_size=128", "--temp_update=0.97", "--temperature=1"]
Creating train_ds and val_ds...

Creating test_ds...
{"loss": 0.6987446546554565, "acc": 0.5037006735801697, "length": 3.520799160003662, "mode": "train", "epoch": 1}
{"loss": 0.6892468333244324, "acc": 0.5418919324874878, "length": 1.3487544059753418, "mode": "test", "epoch": 1}
{"loss": 0.693078875541687, "acc": 0.521989643573761, "length": 3.4266679286956787, "mode": "train", "epoch": 2}
{"loss": 0.680461585521698, "acc": 0.5624266266822815, "length": 2.1103203296661377, "mode": "test", "epoch": 2}
{"loss": 0.6842434406280518, "acc": 0.5612038373947144, "length": 3.293079137802124, "mode": "train", "epoch": 3}
{"loss": 0.6680551171302795, "acc": 0.6221166253089905, "length": 2.572953701019287, "mode": "test", "epoch": 3}
{"loss": 0.6609758138656616, "acc": 0.6213616132736206, "length": 3.349266529083252, "mode": "train", "epoch": 4}
{"loss": 0.6217218041419983, "acc": 0.6989815831184387, "length": 3.754448413848877, "mode": "test", "epoch": 4}
{"loss": 0.6021451354026794, "acc": 0.6993184089660645, "length": 3.6380455493927, "mode": "train", "epoch": 5}
{"loss": 0.5673343539237976, "acc": 0.7469751834869385, "length": 4.0, "mode": "test", "epoch": 5}
{"loss": 0.5398486256599426, "acc": 0.7408674359321594, "length": 3.8978123664855957, "mode": "train", "epoch": 6}
{"loss": 0.5221671462059021, "acc": 0.7580071091651917, "length": 4.0, "mode": "test", "epoch": 6}
{"loss": 0.4823812246322632, "acc": 0.7677040696144104, "length": 3.948889970779419, "mode": "train", "epoch": 7}
{"loss": 0.49879270792007446, "acc": 0.7775800824165344, "length": 4.0, "mode": "test", "epoch": 7}
{"loss": 0.46132153272628784, "acc": 0.7887433767318726, "length": 3.9589715003967285, "mode": "train", "epoch": 8}
{"loss": 0.497345894575119, "acc": 0.7832740545272827, "length": 4.0, "mode": "test", "epoch": 8}
{"loss": 0.46404775977134705, "acc": 0.8006709814071655, "length": 3.9632179737091064, "mode": "train", "epoch": 9}
{"loss": 0.4818197786808014, "acc": 0.7884341478347778, "length": 4.0, "mode": "test", "epoch": 9}
{"loss": 0.44336599111557007, "acc": 0.7984444499015808, "length": 3.9806325435638428, "mode": "train", "epoch": 10}
{"loss": 0.4807306230068207, "acc": 0.7893238067626953, "length": 4.0, "mode": "test", "epoch": 10}
{"loss": 0.42787760496139526, "acc": 0.8040472269058228, "length": 3.9776973724365234, "mode": "train", "epoch": 11}
{"loss": 0.480910062789917, "acc": 0.7814946174621582, "length": 4.0, "mode": "test", "epoch": 11}
{"loss": 0.4281906485557556, "acc": 0.8059791922569275, "length": 3.990999937057495, "mode": "train", "epoch": 12}
{"loss": 0.4713997542858124, "acc": 0.796619176864624, "length": 4.0, "mode": "test", "epoch": 12}
{"loss": 0.4126637876033783, "acc": 0.8093198537826538, "length": 3.992384672164917, "mode": "train", "epoch": 13}
{"loss": 0.44604966044425964, "acc": 0.793772280216217, "length": 4.0, "mode": "test", "epoch": 13}
{"loss": 0.41926175355911255, "acc": 0.8114778995513916, "length": 3.994478464126587, "mode": "train", "epoch": 14}
{"loss": 0.43867912888526917, "acc": 0.8062277436256409, "length": 4.0, "mode": "test", "epoch": 14}
{"loss": 0.40784308314323425, "acc": 0.8182522654533386, "length": 3.992642641067505, "mode": "train", "epoch": 15}
{"loss": 0.4376850128173828, "acc": 0.791103184223175, "length": 4.0, "mode": "test", "epoch": 15}
{"loss": 0.39103296399116516, "acc": 0.8205077648162842, "length": 3.9912514686584473, "mode": "train", "epoch": 16}
{"loss": 0.4105866849422455, "acc": 0.8085408806800842, "length": 4.0, "mode": "test", "epoch": 16}
{"loss": 0.36716875433921814, "acc": 0.8385907411575317, "length": 3.995321750640869, "mode": "train", "epoch": 17}
{"loss": 0.38528719544410706, "acc": 0.8309609293937683, "length": 4.0, "mode": "test", "epoch": 17}
{"loss": 0.3427529036998749, "acc": 0.8472943305969238, "length": 3.9955337047576904, "mode": "train", "epoch": 18}
{"loss": 0.36401239037513733, "acc": 0.8423488736152649, "length": 4.0, "mode": "test", "epoch": 18}
{"loss": 0.33821895718574524, "acc": 0.8527231812477112, "length": 3.9987354278564453, "mode": "train", "epoch": 19}
{"loss": 0.3682209849357605, "acc": 0.8371885418891907, "length": 4.0, "mode": "test", "epoch": 19}
{"loss": 0.3214467763900757, "acc": 0.8626559376716614, "length": 3.997323989868164, "mode": "train", "epoch": 20}
{"loss": 0.347048819065094, "acc": 0.8608540892601013, "length": 4.0, "mode": "test", "epoch": 20}
{"loss": 0.3099431097507477, "acc": 0.871549665927887, "length": 3.9985287189483643, "mode": "train", "epoch": 21}
{"loss": 0.3385785222053528, "acc": 0.8638790845870972, "length": 4.0, "mode": "test", "epoch": 21}
{"loss": 0.30959460139274597, "acc": 0.8677094578742981, "length": 3.9976861476898193, "mode": "train", "epoch": 22}
{"loss": 0.33844056725502014, "acc": 0.8596085906028748, "length": 4.0, "mode": "test", "epoch": 22}
{"loss": 0.3098779320716858, "acc": 0.8716782331466675, "length": 3.998464822769165, "mode": "train", "epoch": 23}
{"loss": 0.33059924840927124, "acc": 0.8727758526802063, "length": 4.0, "mode": "test", "epoch": 23}
{"loss": 0.2902262210845947, "acc": 0.8778455853462219, "length": 3.9971601963043213, "mode": "train", "epoch": 24}
{"loss": 0.3187606930732727, "acc": 0.874555230140686, "length": 4.0, "mode": "test", "epoch": 24}
{"loss": 0.30110713839530945, "acc": 0.8732947111129761, "length": 3.998387336730957, "mode": "train", "epoch": 25}
{"loss": 0.3156392276287079, "acc": 0.8752670288085938, "length": 4.0, "mode": "test", "epoch": 25}
{"loss": 0.30528926849365234, "acc": 0.8687887191772461, "length": 3.9974279403686523, "mode": "train", "epoch": 26}
{"loss": 0.3231576085090637, "acc": 0.8731316924095154, "length": 4.0, "mode": "test", "epoch": 26}
{"loss": 0.2998817563056946, "acc": 0.8789375424385071, "length": 3.995764970779419, "mode": "train", "epoch": 27}
{"loss": 0.3154348134994507, "acc": 0.8793594241142273, "length": 4.0, "mode": "test", "epoch": 27}
{"loss": 0.2858647108078003, "acc": 0.8869460821151733, "length": 3.9998605251312256, "mode": "train", "epoch": 28}
{"loss": 0.3097899854183197, "acc": 0.882206380367279, "length": 4.0, "mode": "test", "epoch": 28}
{"loss": 0.282488077878952, "acc": 0.8883700370788574, "length": 3.998241901397705, "mode": "train", "epoch": 29}
{"loss": 0.31077685952186584, "acc": 0.8834519982337952, "length": 4.0, "mode": "test", "epoch": 29}
{"loss": 0.26210373640060425, "acc": 0.8883771896362305, "length": 3.9998373985290527, "mode": "train", "epoch": 30}
{"loss": 0.2975853681564331, "acc": 0.8864769339561462, "length": 4.0, "mode": "test", "epoch": 30}
{"loss": 0.262798935174942, "acc": 0.891237735748291, "length": 3.999905824661255, "mode": "train", "epoch": 31}
{"loss": 0.2892245948314667, "acc": 0.8923487663269043, "length": 4.0, "mode": "test", "epoch": 31}
{"loss": 0.2665364444255829, "acc": 0.8946901559829712, "length": 3.999406337738037, "mode": "train", "epoch": 32}
{"loss": 0.2842198610305786, "acc": 0.8927047848701477, "length": 4.0, "mode": "test", "epoch": 32}
{"loss": 0.25974857807159424, "acc": 0.8955286741256714, "length": 3.999858856201172, "mode": "train", "epoch": 33}
{"loss": 0.27724286913871765, "acc": 0.8959074020385742, "length": 4.0, "mode": "test", "epoch": 33}
{"loss": 0.2541109323501587, "acc": 0.8975490927696228, "length": 3.999692440032959, "mode": "train", "epoch": 34}
{"loss": 0.2896813452243805, "acc": 0.8950178027153015, "length": 4.0, "mode": "test", "epoch": 34}
{"loss": 0.2471705675125122, "acc": 0.9019068479537964, "length": 3.997745990753174, "mode": "train", "epoch": 35}
{"loss": 0.2755674719810486, "acc": 0.8994662165641785, "length": 4.0, "mode": "test", "epoch": 35}
{"loss": 0.26054084300994873, "acc": 0.9012500643730164, "length": 3.9998576641082764, "mode": "train", "epoch": 36}
{"loss": 0.27067774534225464, "acc": 0.9026691317558289, "length": 4.0, "mode": "test", "epoch": 36}
{"loss": 0.2463395893573761, "acc": 0.9040492177009583, "length": 3.999849796295166, "mode": "train", "epoch": 37}
{"loss": 0.2681114375591278, "acc": 0.90249103307724, "length": 4.0, "mode": "test", "epoch": 37}
{"loss": 0.2487235963344574, "acc": 0.9017829298973083, "length": 3.9996769428253174, "mode": "train", "epoch": 38}
{"loss": 0.2646164000034332, "acc": 0.9035586714744568, "length": 4.0, "mode": "test", "epoch": 38}
{"loss": 0.23691430687904358, "acc": 0.9022635221481323, "length": 3.9974420070648193, "mode": "train", "epoch": 39}
{"loss": 0.2587524354457855, "acc": 0.9080071449279785, "length": 4.0, "mode": "test", "epoch": 39}
{"loss": 0.2335539311170578, "acc": 0.9086735248565674, "length": 3.998495101928711, "mode": "train", "epoch": 40}
{"loss": 0.2577705383300781, "acc": 0.9067615866661072, "length": 4.0, "mode": "test", "epoch": 40}
{"loss": 0.23981358110904694, "acc": 0.9085705876350403, "length": 3.9995956420898438, "mode": "train", "epoch": 41}
{"loss": 0.2639991044998169, "acc": 0.9081851243972778, "length": 4.0, "mode": "test", "epoch": 41}
{"loss": 0.23195283114910126, "acc": 0.9078044891357422, "length": 3.999706745147705, "mode": "train", "epoch": 42}
{"loss": 0.262177437543869, "acc": 0.9094306826591492, "length": 4.0, "mode": "test", "epoch": 42}
{"loss": 0.22579054534435272, "acc": 0.9082780480384827, "length": 3.9991416931152344, "mode": "train", "epoch": 43}
{"loss": 0.25988179445266724, "acc": 0.9124556183815002, "length": 4.0, "mode": "test", "epoch": 43}
{"loss": 0.21937419474124908, "acc": 0.911257803440094, "length": 3.999826192855835, "mode": "train", "epoch": 44}
{"loss": 0.25499001145362854, "acc": 0.9124556183815002, "length": 4.0, "mode": "test", "epoch": 44}
{"loss": 0.22356919944286346, "acc": 0.9108387231826782, "length": 3.9993536472320557, "mode": "train", "epoch": 45}
{"loss": 0.26196929812431335, "acc": 0.9103202223777771, "length": 4.0, "mode": "test", "epoch": 45}
{"loss": 0.21944977343082428, "acc": 0.9117986559867859, "length": 3.999943494796753, "mode": "train", "epoch": 46}
{"loss": 0.25301289558410645, "acc": 0.9115657210350037, "length": 4.0, "mode": "test", "epoch": 46}
{"loss": 0.21326178312301636, "acc": 0.909887433052063, "length": 3.9994044303894043, "mode": "train", "epoch": 47}
{"loss": 0.2541476786136627, "acc": 0.9122775793075562, "length": 4.0, "mode": "test", "epoch": 47}
{"loss": 0.22067980468273163, "acc": 0.9142394661903381, "length": 3.9997501373291016, "mode": "train", "epoch": 48}
{"loss": 0.2547133266925812, "acc": 0.9167258739471436, "length": 4.0, "mode": "test", "epoch": 48}
{"loss": 0.2059279978275299, "acc": 0.915791928768158, "length": 3.999937057495117, "mode": "train", "epoch": 49}
{"loss": 0.2502205967903137, "acc": 0.9151246547698975, "length": 4.0, "mode": "test", "epoch": 49}
{"loss": 0.22063440084457397, "acc": 0.9187714457511902, "length": 3.9999470710754395, "mode": "train", "epoch": 50}
{"loss": 0.250434935092926, "acc": 0.918149471282959, "length": 4.0, "mode": "test", "epoch": 50}
{"loss": 0.2216058224439621, "acc": 0.9154564738273621, "length": 3.99735689163208, "mode": "train", "epoch": 51}
{"loss": 0.244278222322464, "acc": 0.9206407070159912, "length": 4.0, "mode": "test", "epoch": 51}
{"loss": 0.20641477406024933, "acc": 0.9182946681976318, "length": 3.9999563694000244, "mode": "train", "epoch": 52}
{"loss": 0.24824464321136475, "acc": 0.9177936911582947, "length": 4.0, "mode": "test", "epoch": 52}
{"loss": 0.20647135376930237, "acc": 0.9214478135108948, "length": 3.9997541904449463, "mode": "train", "epoch": 53}
{"loss": 0.2455795258283615, "acc": 0.9225978851318359, "length": 4.0, "mode": "test", "epoch": 53}
{"loss": 0.2116384655237198, "acc": 0.9183531999588013, "length": 3.99980092048645, "mode": "train", "epoch": 54}
{"loss": 0.25700294971466064, "acc": 0.9185052514076233, "length": 4.0, "mode": "test", "epoch": 54}
{"loss": 0.20937992632389069, "acc": 0.9180707931518555, "length": 3.997044086456299, "mode": "train", "epoch": 55}
{"loss": 0.2500041127204895, "acc": 0.9193951487541199, "length": 4.0, "mode": "test", "epoch": 55}
{"loss": 0.21265870332717896, "acc": 0.919724702835083, "length": 3.9998536109924316, "mode": "train", "epoch": 56}
{"loss": 0.24887147545814514, "acc": 0.9172598123550415, "length": 4.0, "mode": "test", "epoch": 56}
{"loss": 0.21371573209762573, "acc": 0.9169126152992249, "length": 3.997742176055908, "mode": "train", "epoch": 57}
{"loss": 0.24836932122707367, "acc": 0.9195729494094849, "length": 4.0, "mode": "test", "epoch": 57}
{"loss": 0.21005754172801971, "acc": 0.9200218319892883, "length": 3.9998438358306885, "mode": "train", "epoch": 58}
{"loss": 0.2390143871307373, "acc": 0.9186833500862122, "length": 4.0, "mode": "test", "epoch": 58}
{"loss": 0.19310477375984192, "acc": 0.9234189987182617, "length": 3.9999377727508545, "mode": "train", "epoch": 59}
{"loss": 0.23228268325328827, "acc": 0.9215303063392639, "length": 4.0, "mode": "test", "epoch": 59}
{"loss": 0.1973831057548523, "acc": 0.9247855544090271, "length": 3.9995925426483154, "mode": "train", "epoch": 60}
{"loss": 0.23636649549007416, "acc": 0.9265122413635254, "length": 4.0, "mode": "test", "epoch": 60}
test accuracy: 0.8265625238418579
