# ["--attributes=3", "--values=16", "--game_size=10", "--vocab_size_factor=3", "--n_epochs=60", "--batch_size=64", "--learning_rate=0.0005", "--hidden_size=128", "--temp_update=0.97", "--temperature=1.5"]
Creating train_ds and val_ds...

Creating test_ds...
{"loss": 0.6950260400772095, "acc": 0.5192607641220093, "length": 3.5794217586517334, "mode": "train", "epoch": 1}
{"loss": 0.6871556639671326, "acc": 0.531628429889679, "length": 2.9044368267059326, "mode": "test", "epoch": 1}
{"loss": 0.6915158033370972, "acc": 0.5357837080955505, "length": 3.5178489685058594, "mode": "train", "epoch": 2}
{"loss": 0.6761969923973083, "acc": 0.5642881989479065, "length": 2.426621198654175, "mode": "test", "epoch": 2}
{"loss": 0.6870207190513611, "acc": 0.5331278443336487, "length": 3.398224353790283, "mode": "train", "epoch": 3}
{"loss": 0.6681210398674011, "acc": 0.6204412579536438, "length": 2.5153584480285645, "mode": "test", "epoch": 3}
{"loss": 0.6624501943588257, "acc": 0.6228764653205872, "length": 3.2985196113586426, "mode": "train", "epoch": 4}
{"loss": 0.6290029287338257, "acc": 0.7385099530220032, "length": 3.522184371948242, "mode": "test", "epoch": 4}
{"loss": 0.60551917552948, "acc": 0.7175204753875732, "length": 3.4762074947357178, "mode": "train", "epoch": 5}
{"loss": 0.5460125803947449, "acc": 0.7766211032867432, "length": 4.0, "mode": "test", "epoch": 5}
{"loss": 0.5337529182434082, "acc": 0.7453837394714355, "length": 3.848081350326538, "mode": "train", "epoch": 6}
{"loss": 0.5103192925453186, "acc": 0.7926621437072754, "length": 4.0, "mode": "test", "epoch": 6}
{"loss": 0.4792082905769348, "acc": 0.7890279293060303, "length": 3.956979990005493, "mode": "train", "epoch": 7}
{"loss": 0.4700181186199188, "acc": 0.8013652563095093, "length": 4.0, "mode": "test", "epoch": 7}
{"loss": 0.45023345947265625, "acc": 0.809088945388794, "length": 3.9616777896881104, "mode": "train", "epoch": 8}
{"loss": 0.44624730944633484, "acc": 0.8139930963516235, "length": 4.0, "mode": "test", "epoch": 8}
{"loss": 0.4244493544101715, "acc": 0.8181390166282654, "length": 3.973217248916626, "mode": "train", "epoch": 9}
{"loss": 0.42397651076316833, "acc": 0.8276451230049133, "length": 4.0, "mode": "test", "epoch": 9}
{"loss": 0.3965373933315277, "acc": 0.831305205821991, "length": 3.981309652328491, "mode": "train", "epoch": 10}
{"loss": 0.4121800363063812, "acc": 0.8300340175628662, "length": 4.0, "mode": "test", "epoch": 10}
{"loss": 0.3807693123817444, "acc": 0.8397603631019592, "length": 3.9881701469421387, "mode": "train", "epoch": 11}
{"loss": 0.3934238851070404, "acc": 0.8397610783576965, "length": 4.0, "mode": "test", "epoch": 11}
{"loss": 0.3633909523487091, "acc": 0.8425794839859009, "length": 3.9902217388153076, "mode": "train", "epoch": 12}
{"loss": 0.3879002034664154, "acc": 0.8296929001808167, "length": 4.0, "mode": "test", "epoch": 12}
{"loss": 0.3486606478691101, "acc": 0.8481140732765198, "length": 3.990809679031372, "mode": "train", "epoch": 13}
{"loss": 0.3657170236110687, "acc": 0.8472696542739868, "length": 4.0, "mode": "test", "epoch": 13}
{"loss": 0.33414801955223083, "acc": 0.8598920106887817, "length": 3.9960453510284424, "mode": "train", "epoch": 14}
{"loss": 0.3695518672466278, "acc": 0.8464164733886719, "length": 4.0, "mode": "test", "epoch": 14}
{"loss": 0.3282105326652527, "acc": 0.8571200966835022, "length": 3.995588541030884, "mode": "train", "epoch": 15}
{"loss": 0.3612748682498932, "acc": 0.8573379516601562, "length": 4.0, "mode": "test", "epoch": 15}
{"loss": 0.31767913699150085, "acc": 0.8678517937660217, "length": 3.995847702026367, "mode": "train", "epoch": 16}
{"loss": 0.3489692211151123, "acc": 0.8612627387046814, "length": 4.0, "mode": "test", "epoch": 16}
{"loss": 0.30876386165618896, "acc": 0.870966374874115, "length": 3.9970319271087646, "mode": "train", "epoch": 17}
{"loss": 0.3582776188850403, "acc": 0.8551194667816162, "length": 4.0, "mode": "test", "epoch": 17}
{"loss": 0.30331695079803467, "acc": 0.8691373467445374, "length": 3.995922565460205, "mode": "train", "epoch": 18}
{"loss": 0.3364054560661316, "acc": 0.8626279830932617, "length": 4.0, "mode": "test", "epoch": 18}
{"loss": 0.30076611042022705, "acc": 0.8718469142913818, "length": 3.997325897216797, "mode": "train", "epoch": 19}
{"loss": 0.3325025141239166, "acc": 0.8650171160697937, "length": 4.0, "mode": "test", "epoch": 19}
{"loss": 0.2928680181503296, "acc": 0.8807068467140198, "length": 3.9981961250305176, "mode": "train", "epoch": 20}
{"loss": 0.32612496614456177, "acc": 0.870819091796875, "length": 4.0, "mode": "test", "epoch": 20}
{"loss": 0.29393136501312256, "acc": 0.8737785220146179, "length": 3.9986088275909424, "mode": "train", "epoch": 21}
{"loss": 0.3319205343723297, "acc": 0.8627986311912537, "length": 4.0, "mode": "test", "epoch": 21}
{"loss": 0.2873411774635315, "acc": 0.8788847923278809, "length": 3.9991796016693115, "mode": "train", "epoch": 22}
{"loss": 0.31049883365631104, "acc": 0.8742319345474243, "length": 4.0, "mode": "test", "epoch": 22}
{"loss": 0.28972068428993225, "acc": 0.8770792484283447, "length": 3.9976727962493896, "mode": "train", "epoch": 23}
{"loss": 0.32060134410858154, "acc": 0.8769624829292297, "length": 4.0, "mode": "test", "epoch": 23}
{"loss": 0.27830687165260315, "acc": 0.8867562413215637, "length": 3.9993786811828613, "mode": "train", "epoch": 24}
{"loss": 0.30351296067237854, "acc": 0.8796928524971008, "length": 4.0, "mode": "test", "epoch": 24}
{"loss": 0.27027902007102966, "acc": 0.8862442374229431, "length": 3.9990763664245605, "mode": "train", "epoch": 25}
{"loss": 0.2955666780471802, "acc": 0.8779863715171814, "length": 4.0, "mode": "test", "epoch": 25}
{"loss": 0.2650894522666931, "acc": 0.8900694251060486, "length": 3.9995903968811035, "mode": "train", "epoch": 26}
{"loss": 0.284715861082077, "acc": 0.8757679462432861, "length": 4.0, "mode": "test", "epoch": 26}
{"loss": 0.2624664604663849, "acc": 0.8975365161895752, "length": 3.9980568885803223, "mode": "train", "epoch": 27}
{"loss": 0.27943703532218933, "acc": 0.885153591632843, "length": 4.0, "mode": "test", "epoch": 27}
{"loss": 0.25770705938339233, "acc": 0.8936456441879272, "length": 3.999298095703125, "mode": "train", "epoch": 28}
{"loss": 0.2805010676383972, "acc": 0.890443742275238, "length": 4.0, "mode": "test", "epoch": 28}
{"loss": 0.2546176314353943, "acc": 0.8990941047668457, "length": 3.9982025623321533, "mode": "train", "epoch": 29}
{"loss": 0.2642522156238556, "acc": 0.8965869545936584, "length": 4.0, "mode": "test", "epoch": 29}
{"loss": 0.252491295337677, "acc": 0.8983392715454102, "length": 3.999833583831787, "mode": "train", "epoch": 30}
{"loss": 0.26098570227622986, "acc": 0.8955631256103516, "length": 4.0, "mode": "test", "epoch": 30}
{"loss": 0.2524760067462921, "acc": 0.8991851806640625, "length": 3.999399185180664, "mode": "train", "epoch": 31}
{"loss": 0.25565606355667114, "acc": 0.8981229662895203, "length": 4.0, "mode": "test", "epoch": 31}
{"loss": 0.24351581931114197, "acc": 0.9020906090736389, "length": 3.999535083770752, "mode": "train", "epoch": 32}
{"loss": 0.25432395935058594, "acc": 0.8964164853096008, "length": 4.0, "mode": "test", "epoch": 32}
{"loss": 0.2419547736644745, "acc": 0.9005188345909119, "length": 3.9974987506866455, "mode": "train", "epoch": 33}
{"loss": 0.25692111253738403, "acc": 0.8916382193565369, "length": 4.0, "mode": "test", "epoch": 33}
{"loss": 0.24872608482837677, "acc": 0.9013643264770508, "length": 3.999891996383667, "mode": "train", "epoch": 34}
{"loss": 0.2602066397666931, "acc": 0.8960751295089722, "length": 4.0, "mode": "test", "epoch": 34}
{"loss": 0.24504704773426056, "acc": 0.8978102803230286, "length": 3.9980945587158203, "mode": "train", "epoch": 35}
{"loss": 0.25607889890670776, "acc": 0.8943686485290527, "length": 4.0, "mode": "test", "epoch": 35}
{"loss": 0.2437804490327835, "acc": 0.9013543725013733, "length": 3.9997313022613525, "mode": "train", "epoch": 36}
{"loss": 0.2518366575241089, "acc": 0.9013651013374329, "length": 4.0, "mode": "test", "epoch": 36}
{"loss": 0.2354690432548523, "acc": 0.9054664373397827, "length": 3.9984169006347656, "mode": "train", "epoch": 37}
{"loss": 0.24719920754432678, "acc": 0.9037542343139648, "length": 4.0, "mode": "test", "epoch": 37}
{"loss": 0.22765395045280457, "acc": 0.9087187051773071, "length": 3.9998652935028076, "mode": "train", "epoch": 38}
{"loss": 0.2539590001106262, "acc": 0.8960750699043274, "length": 4.0, "mode": "test", "epoch": 38}
{"loss": 0.2269604206085205, "acc": 0.9059268236160278, "length": 3.9993057250976562, "mode": "train", "epoch": 39}
{"loss": 0.2543233335018158, "acc": 0.901023805141449, "length": 4.0, "mode": "test", "epoch": 39}
{"loss": 0.22752776741981506, "acc": 0.9110126495361328, "length": 3.9976754188537598, "mode": "train", "epoch": 40}
{"loss": 0.2469119131565094, "acc": 0.9037542343139648, "length": 4.0, "mode": "test", "epoch": 40}
{"loss": 0.22330039739608765, "acc": 0.9125419855117798, "length": 3.9999537467956543, "mode": "train", "epoch": 41}
{"loss": 0.23747919499874115, "acc": 0.9034128189086914, "length": 4.0, "mode": "test", "epoch": 41}
{"loss": 0.22533929347991943, "acc": 0.9123133420944214, "length": 3.999972105026245, "mode": "train", "epoch": 42}
{"loss": 0.24433450400829315, "acc": 0.9075086116790771, "length": 4.0, "mode": "test", "epoch": 42}
{"loss": 0.2246495485305786, "acc": 0.910966157913208, "length": 3.999405860900879, "mode": "train", "epoch": 43}
{"loss": 0.2375943958759308, "acc": 0.9083616733551025, "length": 4.0, "mode": "test", "epoch": 43}
{"loss": 0.22184211015701294, "acc": 0.9170375466346741, "length": 3.999788761138916, "mode": "train", "epoch": 44}
{"loss": 0.23419256508350372, "acc": 0.9046075940132141, "length": 4.0, "mode": "test", "epoch": 44}
{"loss": 0.2135573923587799, "acc": 0.9179577827453613, "length": 3.9999730587005615, "mode": "train", "epoch": 45}
{"loss": 0.22225995361804962, "acc": 0.90733802318573, "length": 4.0, "mode": "test", "epoch": 45}
{"loss": 0.21206969022750854, "acc": 0.9173136949539185, "length": 3.9996514320373535, "mode": "train", "epoch": 46}
{"loss": 0.24314187467098236, "acc": 0.904948890209198, "length": 4.0, "mode": "test", "epoch": 46}
{"loss": 0.20836356282234192, "acc": 0.9175537824630737, "length": 3.996622323989868, "mode": "train", "epoch": 47}
{"loss": 0.23699049651622772, "acc": 0.9081910252571106, "length": 4.0, "mode": "test", "epoch": 47}
{"loss": 0.2144140601158142, "acc": 0.9158398509025574, "length": 3.9998674392700195, "mode": "train", "epoch": 48}
{"loss": 0.22219370305538177, "acc": 0.911604106426239, "length": 4.0, "mode": "test", "epoch": 48}
{"loss": 0.2052452713251114, "acc": 0.921546220779419, "length": 3.999927282333374, "mode": "train", "epoch": 49}
{"loss": 0.2225423902273178, "acc": 0.910921573638916, "length": 4.0, "mode": "test", "epoch": 49}
{"loss": 0.20682913064956665, "acc": 0.9199510216712952, "length": 3.9999232292175293, "mode": "train", "epoch": 50}
{"loss": 0.2226235419511795, "acc": 0.9126279950141907, "length": 4.0, "mode": "test", "epoch": 50}
{"loss": 0.20062841475009918, "acc": 0.9230605363845825, "length": 3.9995148181915283, "mode": "train", "epoch": 51}
{"loss": 0.22289155423641205, "acc": 0.9095562100410461, "length": 4.0, "mode": "test", "epoch": 51}
{"loss": 0.1953425258398056, "acc": 0.9227250218391418, "length": 3.999668836593628, "mode": "train", "epoch": 52}
{"loss": 0.2237166464328766, "acc": 0.9109214544296265, "length": 4.0, "mode": "test", "epoch": 52}
{"loss": 0.19159294664859772, "acc": 0.9256272315979004, "length": 3.9994711875915527, "mode": "train", "epoch": 53}
{"loss": 0.22016847133636475, "acc": 0.9150170683860779, "length": 4.0, "mode": "test", "epoch": 53}
{"loss": 0.19401797652244568, "acc": 0.9255404472351074, "length": 3.9999265670776367, "mode": "train", "epoch": 54}
{"loss": 0.23244257271289825, "acc": 0.9121159315109253, "length": 4.0, "mode": "test", "epoch": 54}
{"loss": 0.1895517259836197, "acc": 0.9263856410980225, "length": 3.9994752407073975, "mode": "train", "epoch": 55}
{"loss": 0.22333458065986633, "acc": 0.9145050644874573, "length": 4.0, "mode": "test", "epoch": 55}
{"loss": 0.18750889599323273, "acc": 0.9282670021057129, "length": 3.9983365535736084, "mode": "train", "epoch": 56}
{"loss": 0.2064787894487381, "acc": 0.9162116646766663, "length": 4.0, "mode": "test", "epoch": 56}
{"loss": 0.19020584225654602, "acc": 0.9250823259353638, "length": 3.999964952468872, "mode": "train", "epoch": 57}
{"loss": 0.2315937578678131, "acc": 0.9177473187446594, "length": 4.0, "mode": "test", "epoch": 57}
{"loss": 0.1824229657649994, "acc": 0.9314129948616028, "length": 3.9999682903289795, "mode": "train", "epoch": 58}
{"loss": 0.208017498254776, "acc": 0.9208191633224487, "length": 4.0, "mode": "test", "epoch": 58}
{"loss": 0.18867723643779755, "acc": 0.9297004342079163, "length": 3.999927520751953, "mode": "train", "epoch": 59}
{"loss": 0.22099366784095764, "acc": 0.9196246266365051, "length": 4.0, "mode": "test", "epoch": 59}
{"loss": 0.18595407903194427, "acc": 0.9302706122398376, "length": 3.9998936653137207, "mode": "train", "epoch": 60}
{"loss": 0.20999594032764435, "acc": 0.921330988407135, "length": 4.0, "mode": "test", "epoch": 60}
test accuracy: 0.8124074935913086
