# ["--attributes=3", "--values=16", "--game_size=10", "--vocab_size_factor=3", "--n_epochs=60", "--batch_size=64", "--learning_rate=0.0005", "--hidden_size=128", "--temp_update=0.97", "--temperature=2"]
Creating train_ds and val_ds...

Creating test_ds...
{"loss": 0.7000144124031067, "acc": 0.49908387660980225, "length": 3.5251855850219727, "mode": "train", "epoch": 1}
{"loss": 0.6935423612594604, "acc": 0.5074715614318848, "length": 1.0103092193603516, "mode": "test", "epoch": 1}
{"loss": 0.6928855180740356, "acc": 0.5314702391624451, "length": 3.450331211090088, "mode": "train", "epoch": 2}
{"loss": 0.6887432336807251, "acc": 0.5531840920448303, "length": 1.2061855792999268, "mode": "test", "epoch": 2}
{"loss": 0.687913179397583, "acc": 0.5419578552246094, "length": 3.3006885051727295, "mode": "train", "epoch": 3}
{"loss": 0.6681113839149475, "acc": 0.6434279680252075, "length": 2.329896926879883, "mode": "test", "epoch": 3}
{"loss": 0.6727980375289917, "acc": 0.6247905492782593, "length": 3.193080425262451, "mode": "train", "epoch": 4}
{"loss": 0.6329349279403687, "acc": 0.7323508262634277, "length": 2.8865978717803955, "mode": "test", "epoch": 4}
{"loss": 0.6304132342338562, "acc": 0.7203371524810791, "length": 3.352600574493408, "mode": "train", "epoch": 5}
{"loss": 0.5686723589897156, "acc": 0.7606613636016846, "length": 3.474226713180542, "mode": "test", "epoch": 5}
{"loss": 0.5546810030937195, "acc": 0.7405551671981812, "length": 3.597537040710449, "mode": "train", "epoch": 6}
{"loss": 0.5039335489273071, "acc": 0.7761406898498535, "length": 3.6082475185394287, "mode": "test", "epoch": 6}
{"loss": 0.49900946021080017, "acc": 0.7585717439651489, "length": 3.5874176025390625, "mode": "train", "epoch": 7}
{"loss": 0.47527527809143066, "acc": 0.7989532947540283, "length": 3.7319588661193848, "mode": "test", "epoch": 7}
{"loss": 0.4541745185852051, "acc": 0.7987233996391296, "length": 3.6972107887268066, "mode": "train", "epoch": 8}
{"loss": 0.4484824240207672, "acc": 0.8243609666824341, "length": 3.9896907806396484, "mode": "test", "epoch": 8}
{"loss": 0.40770968794822693, "acc": 0.820155143737793, "length": 3.8710594177246094, "mode": "train", "epoch": 9}
{"loss": 0.39584261178970337, "acc": 0.8367696404457092, "length": 4.0, "mode": "test", "epoch": 9}
{"loss": 0.3611624836921692, "acc": 0.8480721712112427, "length": 3.9398186206817627, "mode": "train", "epoch": 10}
{"loss": 0.3725908696651459, "acc": 0.8422681093215942, "length": 4.0, "mode": "test", "epoch": 10}
{"loss": 0.32506150007247925, "acc": 0.8615550398826599, "length": 3.961165428161621, "mode": "train", "epoch": 11}
{"loss": 0.36425504088401794, "acc": 0.8458763360977173, "length": 4.0, "mode": "test", "epoch": 11}
{"loss": 0.3050367534160614, "acc": 0.8682050704956055, "length": 3.9742870330810547, "mode": "train", "epoch": 12}
{"loss": 0.36572790145874023, "acc": 0.8432989716529846, "length": 4.0, "mode": "test", "epoch": 12}
{"loss": 0.2912314534187317, "acc": 0.8711000084877014, "length": 3.9837288856506348, "mode": "train", "epoch": 13}
{"loss": 0.3438297212123871, "acc": 0.8599657416343689, "length": 4.0, "mode": "test", "epoch": 13}
{"loss": 0.280821830034256, "acc": 0.8772928714752197, "length": 3.9852726459503174, "mode": "train", "epoch": 14}
{"loss": 0.3404238224029541, "acc": 0.8651202917098999, "length": 4.0, "mode": "test", "epoch": 14}
{"loss": 0.26794546842575073, "acc": 0.8844561576843262, "length": 3.9845008850097656, "mode": "train", "epoch": 15}
{"loss": 0.3349520266056061, "acc": 0.86408931016922, "length": 4.0, "mode": "test", "epoch": 15}
{"loss": 0.251991331577301, "acc": 0.8978723883628845, "length": 3.984825372695923, "mode": "train", "epoch": 16}
{"loss": 0.31786906719207764, "acc": 0.8769760131835938, "length": 4.0, "mode": "test", "epoch": 16}
{"loss": 0.24286508560180664, "acc": 0.9004972577095032, "length": 3.986846685409546, "mode": "train", "epoch": 17}
{"loss": 0.29588842391967773, "acc": 0.886769711971283, "length": 4.0, "mode": "test", "epoch": 17}
{"loss": 0.22595959901809692, "acc": 0.911080002784729, "length": 3.9875423908233643, "mode": "train", "epoch": 18}
{"loss": 0.2886546552181244, "acc": 0.8850514888763428, "length": 4.0, "mode": "test", "epoch": 18}
{"loss": 0.21635374426841736, "acc": 0.9125414490699768, "length": 3.989150047302246, "mode": "train", "epoch": 19}
{"loss": 0.2642340362071991, "acc": 0.8979381918907166, "length": 4.0, "mode": "test", "epoch": 19}
{"loss": 0.20736795663833618, "acc": 0.9160321950912476, "length": 3.9887959957122803, "mode": "train", "epoch": 20}
{"loss": 0.2646665573120117, "acc": 0.8946735858917236, "length": 4.0, "mode": "test", "epoch": 20}
{"loss": 0.20979085564613342, "acc": 0.9134435057640076, "length": 3.9908881187438965, "mode": "train", "epoch": 21}
{"loss": 0.24312102794647217, "acc": 0.896391749382019, "length": 4.0, "mode": "test", "epoch": 21}
{"loss": 0.1991942673921585, "acc": 0.9191935062408447, "length": 3.9944350719451904, "mode": "train", "epoch": 22}
{"loss": 0.25088661909103394, "acc": 0.8872852921485901, "length": 4.0, "mode": "test", "epoch": 22}
{"loss": 0.1964060217142105, "acc": 0.9223421812057495, "length": 3.9939560890197754, "mode": "train", "epoch": 23}
{"loss": 0.24183955788612366, "acc": 0.8977663516998291, "length": 4.0, "mode": "test", "epoch": 23}
{"loss": 0.18839652836322784, "acc": 0.9222791194915771, "length": 3.9961647987365723, "mode": "train", "epoch": 24}
{"loss": 0.2194766104221344, "acc": 0.913058340549469, "length": 4.0, "mode": "test", "epoch": 24}
{"loss": 0.18453200161457062, "acc": 0.9262737035751343, "length": 3.992722988128662, "mode": "train", "epoch": 25}
{"loss": 0.2185267060995102, "acc": 0.9106529355049133, "length": 4.0, "mode": "test", "epoch": 25}
{"loss": 0.18424668908119202, "acc": 0.9253060221672058, "length": 3.995363235473633, "mode": "train", "epoch": 26}
{"loss": 0.2054576426744461, "acc": 0.9190720915794373, "length": 4.0, "mode": "test", "epoch": 26}
{"loss": 0.17603297531604767, "acc": 0.9276315569877625, "length": 3.997305393218994, "mode": "train", "epoch": 27}
{"loss": 0.20713631808757782, "acc": 0.9166666865348816, "length": 4.0, "mode": "test", "epoch": 27}
{"loss": 0.18222686648368835, "acc": 0.9257128834724426, "length": 3.9962589740753174, "mode": "train", "epoch": 28}
{"loss": 0.21467486023902893, "acc": 0.9156357049942017, "length": 4.0, "mode": "test", "epoch": 28}
{"loss": 0.17964808642864227, "acc": 0.9276959300041199, "length": 3.997819423675537, "mode": "train", "epoch": 29}
{"loss": 0.1932854950428009, "acc": 0.9278348684310913, "length": 4.0, "mode": "test", "epoch": 29}
{"loss": 0.17099027335643768, "acc": 0.9330341219902039, "length": 3.998237371444702, "mode": "train", "epoch": 30}
{"loss": 0.1896827667951584, "acc": 0.9268040657043457, "length": 4.0, "mode": "test", "epoch": 30}
{"loss": 0.16504889726638794, "acc": 0.9336232542991638, "length": 3.9984378814697266, "mode": "train", "epoch": 31}
{"loss": 0.17436407506465912, "acc": 0.9323022365570068, "length": 4.0, "mode": "test", "epoch": 31}
{"loss": 0.16229772567749023, "acc": 0.9399120211601257, "length": 3.99908185005188, "mode": "train", "epoch": 32}
{"loss": 0.175205260515213, "acc": 0.9333333373069763, "length": 4.0, "mode": "test", "epoch": 32}
{"loss": 0.1564362645149231, "acc": 0.9394002556800842, "length": 3.998788595199585, "mode": "train", "epoch": 33}
{"loss": 0.1727452129125595, "acc": 0.925944983959198, "length": 4.0, "mode": "test", "epoch": 33}
{"loss": 0.15307918190956116, "acc": 0.9389535784721375, "length": 3.9964540004730225, "mode": "train", "epoch": 34}
{"loss": 0.15958377718925476, "acc": 0.937285304069519, "length": 4.0, "mode": "test", "epoch": 34}
{"loss": 0.15071897208690643, "acc": 0.9408345818519592, "length": 3.997969150543213, "mode": "train", "epoch": 35}
{"loss": 0.1538696587085724, "acc": 0.9415807723999023, "length": 4.0, "mode": "test", "epoch": 35}
{"loss": 0.1475122570991516, "acc": 0.9400718808174133, "length": 3.9983229637145996, "mode": "train", "epoch": 36}
{"loss": 0.13950587809085846, "acc": 0.9391754269599915, "length": 4.0, "mode": "test", "epoch": 36}
{"loss": 0.1401180922985077, "acc": 0.9461856484413147, "length": 3.999281883239746, "mode": "train", "epoch": 37}
{"loss": 0.12981541454792023, "acc": 0.9496563673019409, "length": 4.0, "mode": "test", "epoch": 37}
{"loss": 0.1379392445087433, "acc": 0.9459879398345947, "length": 3.9981913566589355, "mode": "train", "epoch": 38}
{"loss": 0.12345290184020996, "acc": 0.9537800550460815, "length": 4.0, "mode": "test", "epoch": 38}
{"loss": 0.1347338706254959, "acc": 0.9493749737739563, "length": 3.998535633087158, "mode": "train", "epoch": 39}
{"loss": 0.13762368261814117, "acc": 0.9436427354812622, "length": 4.0, "mode": "test", "epoch": 39}
{"loss": 0.12906759977340698, "acc": 0.9509134888648987, "length": 3.9994075298309326, "mode": "train", "epoch": 40}
{"loss": 0.11163151264190674, "acc": 0.9546391367912292, "length": 4.0, "mode": "test", "epoch": 40}
{"loss": 0.12133903801441193, "acc": 0.9511332511901855, "length": 3.9966557025909424, "mode": "train", "epoch": 41}
{"loss": 0.12728141248226166, "acc": 0.9534363746643066, "length": 4.0, "mode": "test", "epoch": 41}
{"loss": 0.11983686685562134, "acc": 0.9515707492828369, "length": 3.9977900981903076, "mode": "train", "epoch": 42}
{"loss": 0.114244244992733, "acc": 0.9548110365867615, "length": 4.0, "mode": "test", "epoch": 42}
{"loss": 0.12349415570497513, "acc": 0.9514847993850708, "length": 3.999037742614746, "mode": "train", "epoch": 43}
{"loss": 0.12026920169591904, "acc": 0.9556702375411987, "length": 4.0, "mode": "test", "epoch": 43}
{"loss": 0.12117686867713928, "acc": 0.9502849578857422, "length": 3.9998867511749268, "mode": "train", "epoch": 44}
{"loss": 0.11154947429895401, "acc": 0.9603090882301331, "length": 4.0, "mode": "test", "epoch": 44}
{"loss": 0.12296291440725327, "acc": 0.9514259696006775, "length": 3.9992287158966064, "mode": "train", "epoch": 45}
{"loss": 0.11072506755590439, "acc": 0.9630584120750427, "length": 4.0, "mode": "test", "epoch": 45}
{"loss": 0.11294090747833252, "acc": 0.9571623802185059, "length": 3.998657464981079, "mode": "train", "epoch": 46}
{"loss": 0.1073421835899353, "acc": 0.9649485349655151, "length": 4.0, "mode": "test", "epoch": 46}
{"loss": 0.10857874155044556, "acc": 0.9595323801040649, "length": 3.999300003051758, "mode": "train", "epoch": 47}
{"loss": 0.10729043930768967, "acc": 0.959278404712677, "length": 4.0, "mode": "test", "epoch": 47}
{"loss": 0.11682319641113281, "acc": 0.9577085375785828, "length": 3.9999139308929443, "mode": "train", "epoch": 48}
{"loss": 0.11944377422332764, "acc": 0.9567009806632996, "length": 4.0, "mode": "test", "epoch": 48}
{"loss": 0.12172754108905792, "acc": 0.9560967683792114, "length": 3.9998703002929688, "mode": "train", "epoch": 49}
{"loss": 0.1089102253317833, "acc": 0.9625429511070251, "length": 4.0, "mode": "test", "epoch": 49}
{"loss": 0.10824477672576904, "acc": 0.9605817794799805, "length": 3.999608278274536, "mode": "train", "epoch": 50}
{"loss": 0.11322994530200958, "acc": 0.9556699991226196, "length": 4.0, "mode": "test", "epoch": 50}
{"loss": 0.10487207770347595, "acc": 0.9594841599464417, "length": 3.9995036125183105, "mode": "train", "epoch": 51}
{"loss": 0.10263673216104507, "acc": 0.9656356573104858, "length": 4.0, "mode": "test", "epoch": 51}
{"loss": 0.09871896356344223, "acc": 0.9661641120910645, "length": 3.99955153465271, "mode": "train", "epoch": 52}
{"loss": 0.09438740462064743, "acc": 0.9699311852455139, "length": 4.0, "mode": "test", "epoch": 52}
{"loss": 0.08948559314012527, "acc": 0.970540463924408, "length": 3.9999752044677734, "mode": "train", "epoch": 53}
{"loss": 0.09997235983610153, "acc": 0.9627147316932678, "length": 4.0, "mode": "test", "epoch": 53}
{"loss": 0.0887274295091629, "acc": 0.9685258269309998, "length": 3.9999523162841797, "mode": "train", "epoch": 54}
{"loss": 0.08959760516881943, "acc": 0.9707905054092407, "length": 4.0, "mode": "test", "epoch": 54}
{"loss": 0.08303342759609222, "acc": 0.971730649471283, "length": 3.9970157146453857, "mode": "train", "epoch": 55}
{"loss": 0.08536280691623688, "acc": 0.9699314832687378, "length": 4.0, "mode": "test", "epoch": 55}
{"loss": 0.08571067452430725, "acc": 0.9697329998016357, "length": 3.999905586242676, "mode": "train", "epoch": 56}
{"loss": 0.09454473108053207, "acc": 0.9690724015235901, "length": 4.0, "mode": "test", "epoch": 56}
{"loss": 0.08652082830667496, "acc": 0.9715176820755005, "length": 3.9999465942382812, "mode": "train", "epoch": 57}
{"loss": 0.10391818732023239, "acc": 0.9668384194374084, "length": 4.0, "mode": "test", "epoch": 57}
{"loss": 0.08484753966331482, "acc": 0.9692921042442322, "length": 3.998244047164917, "mode": "train", "epoch": 58}
{"loss": 0.08247596025466919, "acc": 0.9692439436912537, "length": 4.0, "mode": "test", "epoch": 58}
{"loss": 0.08277162164449692, "acc": 0.9706518650054932, "length": 3.9998114109039307, "mode": "train", "epoch": 59}
{"loss": 0.08963122218847275, "acc": 0.9716495871543884, "length": 4.0, "mode": "test", "epoch": 59}
{"loss": 0.08409514278173447, "acc": 0.9718625545501709, "length": 3.9999303817749023, "mode": "train", "epoch": 60}
{"loss": 0.09482240676879883, "acc": 0.9642610549926758, "length": 4.0, "mode": "test", "epoch": 60}
test accuracy: 0.8017856478691101
