# ["--attributes=3", "--values=16", "--game_size=10", "--vocab_size_factor=3", "--n_epochs=60", "--batch_size=64", "--learning_rate=0.0005", "--hidden_size=128", "--temp_update=0.99", "--temperature=1"]
Creating train_ds and val_ds...

Creating test_ds...
{"loss": 0.6963410377502441, "acc": 0.49337026476860046, "length": 3.4740376472473145, "mode": "train", "epoch": 1}
{"loss": 0.6937205195426941, "acc": 0.5035971999168396, "length": 1.0, "mode": "test", "epoch": 1}
{"loss": 0.6930360794067383, "acc": 0.5102587938308716, "length": 3.3070485591888428, "mode": "train", "epoch": 2}
{"loss": 0.6923098564147949, "acc": 0.4731648862361908, "length": 1.107913613319397, "mode": "test", "epoch": 2}
{"loss": 0.6892836689949036, "acc": 0.5403803586959839, "length": 2.9250237941741943, "mode": "train", "epoch": 3}
{"loss": 0.685814380645752, "acc": 0.5342406034469604, "length": 1.5179855823516846, "mode": "test", "epoch": 3}
{"loss": 0.6755662560462952, "acc": 0.6222286820411682, "length": 2.549238920211792, "mode": "train", "epoch": 4}
{"loss": 0.6647359132766724, "acc": 0.654034435749054, "length": 2.1546761989593506, "mode": "test", "epoch": 4}
{"loss": 0.6472387313842773, "acc": 0.6788309812545776, "length": 2.674288749694824, "mode": "train", "epoch": 5}
{"loss": 0.6186528205871582, "acc": 0.7385826706886292, "length": 2.658273458480835, "mode": "test", "epoch": 5}
{"loss": 0.5987014174461365, "acc": 0.7379679083824158, "length": 2.945279359817505, "mode": "train", "epoch": 6}
{"loss": 0.5645795464515686, "acc": 0.7943418622016907, "length": 3.100719451904297, "mode": "test", "epoch": 6}
{"loss": 0.5241782069206238, "acc": 0.7952389121055603, "length": 3.465466022491455, "mode": "train", "epoch": 7}
{"loss": 0.49985262751579285, "acc": 0.7897073030471802, "length": 3.9820144176483154, "mode": "test", "epoch": 7}
{"loss": 0.459358274936676, "acc": 0.8000277876853943, "length": 3.8825154304504395, "mode": "train", "epoch": 8}
{"loss": 0.45465731620788574, "acc": 0.8075567483901978, "length": 3.989208698272705, "mode": "test", "epoch": 8}
{"loss": 0.42605358362197876, "acc": 0.8121342062950134, "length": 3.893127918243408, "mode": "train", "epoch": 9}
{"loss": 0.43948569893836975, "acc": 0.8118927478790283, "length": 3.978417158126831, "mode": "test", "epoch": 9}
{"loss": 0.40675264596939087, "acc": 0.8212889432907104, "length": 3.8715579509735107, "mode": "train", "epoch": 10}
{"loss": 0.4265937805175781, "acc": 0.8249013423919678, "length": 3.9604315757751465, "mode": "test", "epoch": 10}
{"loss": 0.3964248597621918, "acc": 0.8236026167869568, "length": 3.8467657566070557, "mode": "train", "epoch": 11}
{"loss": 0.40290242433547974, "acc": 0.8310292363166809, "length": 3.9604315757751465, "mode": "test", "epoch": 11}
{"loss": 0.3827057480812073, "acc": 0.8330348134040833, "length": 3.832118034362793, "mode": "train", "epoch": 12}
{"loss": 0.3959592282772064, "acc": 0.8376143574714661, "length": 3.784172773361206, "mode": "test", "epoch": 12}
{"loss": 0.3738030195236206, "acc": 0.8453500270843506, "length": 3.734722137451172, "mode": "train", "epoch": 13}
{"loss": 0.38208717107772827, "acc": 0.8459102511405945, "length": 3.7769784927368164, "mode": "test", "epoch": 13}
{"loss": 0.362151563167572, "acc": 0.8513752222061157, "length": 3.725189208984375, "mode": "train", "epoch": 14}
{"loss": 0.38293248414993286, "acc": 0.8501294851303101, "length": 3.7122302055358887, "mode": "test", "epoch": 14}
{"loss": 0.3517226278781891, "acc": 0.8617477416992188, "length": 3.659363269805908, "mode": "train", "epoch": 15}
{"loss": 0.363155722618103, "acc": 0.8651519417762756, "length": 3.6187050342559814, "mode": "test", "epoch": 15}
{"loss": 0.34166526794433594, "acc": 0.8692814111709595, "length": 3.6278345584869385, "mode": "train", "epoch": 16}
{"loss": 0.35284075140953064, "acc": 0.8712925314903259, "length": 3.5755395889282227, "mode": "test", "epoch": 16}
{"loss": 0.329047828912735, "acc": 0.8778066635131836, "length": 3.6003336906433105, "mode": "train", "epoch": 17}
{"loss": 0.3301559388637543, "acc": 0.8829399943351746, "length": 3.6438848972320557, "mode": "test", "epoch": 17}
{"loss": 0.31417587399482727, "acc": 0.8804998993873596, "length": 3.606309413909912, "mode": "train", "epoch": 18}
{"loss": 0.3259764611721039, "acc": 0.8862913846969604, "length": 3.66906476020813, "mode": "test", "epoch": 18}
{"loss": 0.30580049753189087, "acc": 0.8830251693725586, "length": 3.6057727336883545, "mode": "train", "epoch": 19}
{"loss": 0.3166116178035736, "acc": 0.8858148455619812, "length": 3.636690616607666, "mode": "test", "epoch": 19}
{"loss": 0.2977401912212372, "acc": 0.8856040239334106, "length": 3.6214535236358643, "mode": "train", "epoch": 20}
{"loss": 0.30552926659584045, "acc": 0.8955916166305542, "length": 3.625899314880371, "mode": "test", "epoch": 20}
{"loss": 0.28754690289497375, "acc": 0.8886893391609192, "length": 3.599722146987915, "mode": "train", "epoch": 21}
{"loss": 0.29977214336395264, "acc": 0.8923386931419373, "length": 3.6402878761291504, "mode": "test", "epoch": 21}
{"loss": 0.28038647770881653, "acc": 0.8933619260787964, "length": 3.592604637145996, "mode": "train", "epoch": 22}
{"loss": 0.28980517387390137, "acc": 0.9069957733154297, "length": 3.6402878761291504, "mode": "test", "epoch": 22}
{"loss": 0.27603691816329956, "acc": 0.8956025838851929, "length": 3.622938632965088, "mode": "train", "epoch": 23}
{"loss": 0.288342148065567, "acc": 0.9026413559913635, "length": 3.6546761989593506, "mode": "test", "epoch": 23}
{"loss": 0.2723163664340973, "acc": 0.8968779444694519, "length": 3.6065526008605957, "mode": "train", "epoch": 24}
{"loss": 0.26858553290367126, "acc": 0.9058524966239929, "length": 3.6510791778564453, "mode": "test", "epoch": 24}
{"loss": 0.2691269516944885, "acc": 0.8984953761100769, "length": 3.6465351581573486, "mode": "train", "epoch": 25}
{"loss": 0.2758372724056244, "acc": 0.9043284058570862, "length": 3.6510791778564453, "mode": "test", "epoch": 25}
{"loss": 0.2669709622859955, "acc": 0.8982887864112854, "length": 3.6198348999023438, "mode": "train", "epoch": 26}
{"loss": 0.2551696002483368, "acc": 0.911383330821991, "length": 3.658273458480835, "mode": "test", "epoch": 26}
{"loss": 0.2607237994670868, "acc": 0.8998948335647583, "length": 3.634172201156616, "mode": "train", "epoch": 27}
{"loss": 0.25868526101112366, "acc": 0.9130958318710327, "length": 3.636690616607666, "mode": "test", "epoch": 27}
{"loss": 0.2577447295188904, "acc": 0.9034186601638794, "length": 3.6401097774505615, "mode": "train", "epoch": 28}
{"loss": 0.24937136471271515, "acc": 0.9155711531639099, "length": 3.6654677391052246, "mode": "test", "epoch": 28}
{"loss": 0.25120386481285095, "acc": 0.9050313234329224, "length": 3.6364247798919678, "mode": "train", "epoch": 29}
{"loss": 0.24217377603054047, "acc": 0.918496310710907, "length": 3.6762590408325195, "mode": "test", "epoch": 29}
{"loss": 0.2476898580789566, "acc": 0.9020487070083618, "length": 3.6491570472717285, "mode": "train", "epoch": 30}
{"loss": 0.2425154745578766, "acc": 0.9140479564666748, "length": 3.658273458480835, "mode": "test", "epoch": 30}
{"loss": 0.2455565482378006, "acc": 0.9056392312049866, "length": 3.6646580696105957, "mode": "train", "epoch": 31}
{"loss": 0.24369798600673676, "acc": 0.9156553149223328, "length": 3.66906476020813, "mode": "test", "epoch": 31}
{"loss": 0.24603918194770813, "acc": 0.90309077501297, "length": 3.66552472114563, "mode": "train", "epoch": 32}
{"loss": 0.24102674424648285, "acc": 0.9159615635871887, "length": 3.683453321456909, "mode": "test", "epoch": 32}
{"loss": 0.24631573259830475, "acc": 0.9044809937477112, "length": 3.685020685195923, "mode": "train", "epoch": 33}
{"loss": 0.24159927666187286, "acc": 0.9159793853759766, "length": 3.672661781311035, "mode": "test", "epoch": 33}
{"loss": 0.24223779141902924, "acc": 0.9095960855484009, "length": 3.6439223289489746, "mode": "train", "epoch": 34}
{"loss": 0.23375585675239563, "acc": 0.9160715341567993, "length": 3.6654677391052246, "mode": "test", "epoch": 34}
{"loss": 0.23940859735012054, "acc": 0.9090887308120728, "length": 3.6939892768859863, "mode": "train", "epoch": 35}
{"loss": 0.24158421158790588, "acc": 0.9089566469192505, "length": 3.6618704795837402, "mode": "test", "epoch": 35}
{"loss": 0.24025624990463257, "acc": 0.9061200022697449, "length": 3.6667723655700684, "mode": "train", "epoch": 36}
{"loss": 0.23629780113697052, "acc": 0.9144794344902039, "length": 3.66906476020813, "mode": "test", "epoch": 36}
{"loss": 0.23654426634311676, "acc": 0.9055729508399963, "length": 3.6630353927612305, "mode": "train", "epoch": 37}
{"loss": 0.24039705097675323, "acc": 0.9161249995231628, "length": 3.672661781311035, "mode": "test", "epoch": 37}
{"loss": 0.23159675300121307, "acc": 0.9102553129196167, "length": 3.662262439727783, "mode": "train", "epoch": 38}
{"loss": 0.24004411697387695, "acc": 0.9110961556434631, "length": 3.705035924911499, "mode": "test", "epoch": 38}
{"loss": 0.22912755608558655, "acc": 0.9115895628929138, "length": 3.65596604347229, "mode": "train", "epoch": 39}
{"loss": 0.23172207176685333, "acc": 0.9186174273490906, "length": 3.66906476020813, "mode": "test", "epoch": 39}
{"loss": 0.22807817161083221, "acc": 0.9110816717147827, "length": 3.707061529159546, "mode": "train", "epoch": 40}
{"loss": 0.24209509789943695, "acc": 0.915389358997345, "length": 3.6762590408325195, "mode": "test", "epoch": 40}
{"loss": 0.22723029553890228, "acc": 0.911304235458374, "length": 3.638810396194458, "mode": "train", "epoch": 41}
{"loss": 0.2337021380662918, "acc": 0.9126960039138794, "length": 3.672661781311035, "mode": "test", "epoch": 41}
{"loss": 0.22596856951713562, "acc": 0.9132295846939087, "length": 3.686514377593994, "mode": "train", "epoch": 42}
{"loss": 0.2435334175825119, "acc": 0.9148411154747009, "length": 3.741007089614868, "mode": "test", "epoch": 42}
{"loss": 0.22919324040412903, "acc": 0.9109001159667969, "length": 3.6627888679504395, "mode": "train", "epoch": 43}
{"loss": 0.23897437751293182, "acc": 0.912711501121521, "length": 3.6762590408325195, "mode": "test", "epoch": 43}
{"loss": 0.22535312175750732, "acc": 0.9127890467643738, "length": 3.6858596801757812, "mode": "train", "epoch": 44}
{"loss": 0.23711811006069183, "acc": 0.917578399181366, "length": 3.7194244861602783, "mode": "test", "epoch": 44}
{"loss": 0.22193187475204468, "acc": 0.9104163646697998, "length": 3.6876487731933594, "mode": "train", "epoch": 45}
{"loss": 0.23227155208587646, "acc": 0.9152100086212158, "length": 3.6762590408325195, "mode": "test", "epoch": 45}
{"loss": 0.22090111672878265, "acc": 0.9117852449417114, "length": 3.6605100631713867, "mode": "train", "epoch": 46}
{"loss": 0.23660388588905334, "acc": 0.9148764610290527, "length": 3.7194244861602783, "mode": "test", "epoch": 46}
{"loss": 0.22202131152153015, "acc": 0.9112063050270081, "length": 3.694023609161377, "mode": "train", "epoch": 47}
{"loss": 0.2293982058763504, "acc": 0.9181725382804871, "length": 3.7086331844329834, "mode": "test", "epoch": 47}
{"loss": 0.22230765223503113, "acc": 0.916069746017456, "length": 3.6719553470611572, "mode": "train", "epoch": 48}
{"loss": 0.22126908600330353, "acc": 0.9192965030670166, "length": 3.6870503425598145, "mode": "test", "epoch": 48}
{"loss": 0.22014868259429932, "acc": 0.9155285954475403, "length": 3.6446444988250732, "mode": "train", "epoch": 49}
{"loss": 0.2339201420545578, "acc": 0.9155818819999695, "length": 3.7553956508636475, "mode": "test", "epoch": 49}
{"loss": 0.2144317328929901, "acc": 0.914677083492279, "length": 3.7132277488708496, "mode": "train", "epoch": 50}
{"loss": 0.22815966606140137, "acc": 0.9173744320869446, "length": 3.7302157878875732, "mode": "test", "epoch": 50}
{"loss": 0.2154884785413742, "acc": 0.9136584997177124, "length": 3.6737022399902344, "mode": "train", "epoch": 51}
{"loss": 0.22650550305843353, "acc": 0.9141963720321655, "length": 3.694244623184204, "mode": "test", "epoch": 51}
{"loss": 0.20795363187789917, "acc": 0.9207934737205505, "length": 3.674126148223877, "mode": "train", "epoch": 52}
{"loss": 0.2253822535276413, "acc": 0.9158350229263306, "length": 3.7302157878875732, "mode": "test", "epoch": 52}
{"loss": 0.2095862478017807, "acc": 0.9164552688598633, "length": 3.695255756378174, "mode": "train", "epoch": 53}
{"loss": 0.2237856388092041, "acc": 0.9160408973693848, "length": 3.7086331844329834, "mode": "test", "epoch": 53}
{"loss": 0.2155756801366806, "acc": 0.9153852462768555, "length": 3.6850790977478027, "mode": "train", "epoch": 54}
{"loss": 0.2151801884174347, "acc": 0.9113135933876038, "length": 3.694244623184204, "mode": "test", "epoch": 54}
{"loss": 0.20681250095367432, "acc": 0.9198717474937439, "length": 3.68101167678833, "mode": "train", "epoch": 55}
{"loss": 0.2191096544265747, "acc": 0.9151746034622192, "length": 3.7230215072631836, "mode": "test", "epoch": 55}
{"loss": 0.20596635341644287, "acc": 0.9179448485374451, "length": 3.705023765563965, "mode": "train", "epoch": 56}
{"loss": 0.21576137840747833, "acc": 0.910361647605896, "length": 3.7302157878875732, "mode": "test", "epoch": 56}
{"loss": 0.20234496891498566, "acc": 0.921080470085144, "length": 3.685516357421875, "mode": "train", "epoch": 57}
{"loss": 0.20998390018939972, "acc": 0.9212004542350769, "length": 3.7086331844329834, "mode": "test", "epoch": 57}
{"loss": 0.20091649889945984, "acc": 0.9209359288215637, "length": 3.696582794189453, "mode": "train", "epoch": 58}
{"loss": 0.21451909840106964, "acc": 0.9241936802864075, "length": 3.737410068511963, "mode": "test", "epoch": 58}
{"loss": 0.2073487639427185, "acc": 0.9194398522377014, "length": 3.705685615539551, "mode": "train", "epoch": 59}
{"loss": 0.21262048184871674, "acc": 0.9190033674240112, "length": 3.7338130474090576, "mode": "test", "epoch": 59}
{"loss": 0.2023141235113144, "acc": 0.9208338260650635, "length": 3.6811118125915527, "mode": "train", "epoch": 60}
{"loss": 0.21032337844371796, "acc": 0.9180155396461487, "length": 3.683453321456909, "mode": "test", "epoch": 60}
test accuracy: 0.8561670184135437
